
================================================================================
          _____________ ________ _______________ ________     _________         
         / ___________// ______ \\_____   _____// ______ \   / ________)        
        / /_________  / /      \ \     | |     / /      \ \ | (_______          
       |  __________|| |        | |    | |    | |        | | \________ \        
        \ \_________ | |        | |    | |     \ \______/ /___________) |       
         \__________||_|        |_|    |_|      \________//____________/        
                                                                                
====================================[ Qcore ]===================================

 Git hash:   15a3e7daff0cda5fa9af010ccd19a80288182ecf
 Git date:   Fri, 16 Apr 2021 15:57:16 +0100
 Compiler:   GNU 9.1.0
 Build type: Release
 Version:    1.1.0

 Start time: Tue Apr 27 11:51:00 2021

 Data directory: /work/zw18965/.local/qcore/share/entos/1.1.0/data
 Number of threads: 12
 Number of threads was determined by: command line argument
  - More threads can be used by running 'qcore -n 24'

 --------------------------------------------------------------------------------
                                command: optimize                                
 --------------------------------------------------------------------------------
 Using coordinate system:                tric
 Hessian update scheme:                  bfgs

 ------------------------------------------------------------------------------------------------------------
                   energy      change    grad rms    grad max    step rms    step max       trust    time (s)
 ------------------------------------------------------------------------------------------------------------
   1       -56.610061018                4.28e-03    8.41e-03                            2.00e-01        2.39
   2       -56.610363699   -3.03e-04    7.65e-04    1.31e-03    2.06e-02    1.44e-02    2.00e-01        1.68
   3       -56.610386693   -2.30e-05    5.34e-04    1.45e-03    7.71e-03    7.16e-03    2.00e-01        1.61
   4       -56.610390971   -4.28e-06    3.41e-04    8.07e-04    2.75e-03    3.26e-03    2.00e-01        1.57
   5       -56.610392473   -1.50e-06    8.20e-05    1.42e-04    1.81e-03    2.49e-03    2.00e-01        1.73
   6       -56.610392499   -2.58e-08    3.36e-05    7.55e-05    2.56e-04    3.42e-04    2.00e-01        1.59
 Geometry optimization stopped:          thresholds achieved

 Final energy:                         -56.610392499

 -----------
  Final XYZ 
 -----------
4
Final structure: -56.6104 hartree
N           -0.002426342         -0.000506052          0.277288617
H           -0.513535350         -0.775300354         -0.098306452
H           -0.413606466          0.833325020         -0.094606324
H            0.929568158         -0.057518614         -0.084375840

 Structure in entos input format:

  structure(
    xyz = [
      ['N'  ,         -0.002426342,         -0.000506052,          0.277288617],
      ['H'  ,         -0.513535350,         -0.775300354,         -0.098306452],
      ['H'  ,         -0.413606466,          0.833325020,         -0.094606324],
      ['H'  ,          0.929568158,         -0.057518614,         -0.084375840]
    ]
  )

 --------------------------------
  Geometry optimization finished 
 --------------------------------
 Saving results in set 'opt'

 --------------------------------------------------------------------------------
                                 command: hessian                                
 --------------------------------------------------------------------------------

WARNING: semianalytic method is specified for dft hessian, which is not efficient. Try switching to 'method = analytic'


 -------------------------------
  Numerical Geometrical Hessian 
 -------------------------------

 Compute hessian using two-point central differentiation.
 Step size (bohr):                       0.0100

 Frequencies (including translational and rotational modes):
 mode    frequency (cm-1)
    0              136.81 i (imaginary)
    1               71.93 i (imaginary)
    2               24.97 i (imaginary)
    3               60.30
    4               84.62
    5              170.65
    6             1048.12
    7             1688.93
    8             1701.54
    9             3602.75
   10             3722.55
   11             3723.36

 Project out translational and rotational motions 

 Degrees of freedom for translational and rotational motions: 6

 Vibrational frequencies:
 mode    frequency (cm-1)
    0             1047.20
    1             1688.87
    2             1701.50
    3             3602.68
    4             3722.53
    5             3723.33

 --------------------------------------------------------------------------------

 End time:                               Tue Apr 27 11:51:49 2021
 Total wall-clock time:                 49.220 seconds
==================================================================================
