
================================================================================
          _____________ ________ _______________ ________     _________         
         / ___________// ______ \\_____   _____// ______ \   / ________)        
        / /_________  / /      \ \     | |     / /      \ \ | (_______          
       |  __________|| |        | |    | |    | |        | | \________ \        
        \ \_________ | |        | |    | |     \ \______/ /___________) |       
         \__________||_|        |_|    |_|      \________//____________/        
                                                                                
====================================[ Qcore ]===================================

 Git hash:   15a3e7daff0cda5fa9af010ccd19a80288182ecf
 Git date:   Fri, 16 Apr 2021 15:57:16 +0100
 Compiler:   GNU 9.1.0
 Build type: Release
 Version:    1.1.0

 Start time: Tue Apr 27 11:52:20 2021

 Data directory: /work/zw18965/.local/qcore/share/entos/1.1.0/data
 Number of threads: 12
 Number of threads was determined by: command line argument
  - More threads can be used by running 'qcore -n 24'

 --------------------------------------------------------------------------------
                                command: optimize                                
 --------------------------------------------------------------------------------
 Using coordinate system:                tric
 Hessian update scheme:                  bfgs

 ------------------------------------------------------------------------------------------------------------
                   energy      change    grad rms    grad max    step rms    step max       trust    time (s)
 ------------------------------------------------------------------------------------------------------------
   1      -549.034847557                1.85e-02    3.20e-02                            2.00e-01       23.75
   2      -549.035944418   -1.10e-03    9.90e-03    1.75e-02    1.68e-02    2.22e-02    2.00e-01       16.91
   3      -549.036335399   -3.91e-04    7.59e-04    1.59e-03    1.82e-02    2.48e-02    2.00e-01       18.68
   4      -549.036339604   -4.20e-06    3.39e-04    7.97e-04    1.88e-03    1.90e-03    2.00e-01       16.12
   5      -549.036340617   -1.01e-06    3.00e-04    7.34e-04    8.88e-04    1.06e-03    2.00e-01       15.02
   6      -549.036341450   -8.33e-07    5.11e-05    1.02e-04    1.65e-03    2.21e-03    2.00e-01       16.05
   7      -549.036341475   -2.56e-08    2.02e-05    4.07e-05    1.38e-04    8.92e-04    2.00e-01       14.79
 Geometry optimization stopped:          thresholds achieved

 Final energy:                        -549.036341475

 -----------
  Final XYZ 
 -----------
3
Final structure: -549.036 hartree
S           -0.001714070          0.476578898         -0.000000236
O            1.221145645         -0.233905094          0.000000942
O           -1.219431575         -0.242673804         -0.000000706

 Structure in entos input format:

  structure(
    xyz = [
      ['S'  ,         -0.001714070,          0.476578898,         -0.000000236],
      ['O'  ,          1.221145645,         -0.233905094,          0.000000942],
      ['O'  ,         -1.219431575,         -0.242673804,         -0.000000706]
    ]
  )

 --------------------------------
  Geometry optimization finished 
 --------------------------------
 Saving results in set 'opt'

 --------------------------------------------------------------------------------
                                 command: hessian                                
 --------------------------------------------------------------------------------

WARNING: semianalytic method is specified for dft hessian, which is not efficient. Try switching to 'method = analytic'


 -------------------------------
  Numerical Geometrical Hessian 
 -------------------------------

 Compute hessian using two-point central differentiation.
 Step size (bohr):                       0.0100

 Frequencies (including translational and rotational modes):
 mode    frequency (cm-1)
    0               48.96 i (imaginary)
    1                7.02 i (imaginary)
    2                3.10 i (imaginary)
    3                1.48 i (imaginary)
    4                9.81
    5               30.70
    6              539.03
    7             1262.91
    8             1479.71

 Project out translational and rotational motions 

 Degrees of freedom for translational and rotational motions: 6

 Vibrational frequencies:
 mode    frequency (cm-1)
    0              539.00
    1             1262.90
    2             1479.71

 --------------------------------------------------------------------------------

 End time:                               Tue Apr 27 11:59:50 2021
 Total wall-clock time:                449.428 seconds
==================================================================================
