
================================================================================
          _____________ ________ _______________ ________     _________         
         / ___________// ______ \\_____   _____// ______ \   / ________)        
        / /_________  / /      \ \     | |     / /      \ \ | (_______          
       |  __________|| |        | |    | |    | |        | | \________ \        
        \ \_________ | |        | |    | |     \ \______/ /___________) |       
         \__________||_|        |_|    |_|      \________//____________/        
                                                                                
====================================[ Qcore ]===================================

 Git hash:   15a3e7daff0cda5fa9af010ccd19a80288182ecf
 Git date:   Fri, 16 Apr 2021 15:57:16 +0100
 Compiler:   GNU 9.1.0
 Build type: Release
 Version:    1.1.0

 Start time: Tue Apr 27 14:02:04 2021

 Data directory: /work/zw18965/.local/qcore/share/entos/1.1.0/data
 Number of threads: 24
 Number of threads was determined by: command line argument
  - More threads can be used by running 'qcore -n 32'

 --------------------------------------------------------------------------------
                                command: optimize                                
 --------------------------------------------------------------------------------
 Using coordinate system:                tric
 Hessian update scheme:                  bfgs

 ------------------------------------------------------------------------------------------------------------
                   energy      change    grad rms    grad max    step rms    step max       trust    time (s)
 ------------------------------------------------------------------------------------------------------------
   1      -958.928169915                1.23e-02    2.86e-02                            2.00e-01       24.15
   2      -958.932405925   -4.24e-03    4.97e-03    1.04e-02    1.35e-01    1.44e-01    2.00e-01       21.31
   3      -958.932573831   -1.68e-04    3.01e-03    5.52e-03    1.25e-02    1.48e-02    2.00e-01       18.92
   4      -958.932669592   -9.58e-05    3.87e-04    7.63e-04    1.09e-02    1.72e-02    2.00e-01       19.59
   5      -958.932671565   -1.97e-06    1.87e-05    3.26e-05    2.33e-03    2.46e-03    2.00e-01       18.45
   6      -958.932671612   -4.70e-08    1.90e-05    4.17e-05    4.81e-05    8.95e-04    2.00e-01       15.56
 Geometry optimization stopped:          thresholds achieved

 Final energy:                        -958.932671612

 -----------
  Final XYZ 
 -----------
3
Final structure: -958.933 hartree
C           -0.000000043         -0.020403517         -0.002027626
Cl          -0.000000479          1.004934706         -1.342983827
Cl           0.000000522          0.898789399          1.413740892

 Structure in entos input format:

  structure(
    xyz = [
      ['C'  ,         -0.000000043,         -0.020403517,         -0.002027626],
      ['Cl' ,         -0.000000479,          1.004934706,         -1.342983827],
      ['Cl' ,          0.000000522,          0.898789399,          1.413740892]
    ]
  )

 --------------------------------
  Geometry optimization finished 
 --------------------------------
 Saving results in set 'opt'

 --------------------------------------------------------------------------------
                                 command: hessian                                
 --------------------------------------------------------------------------------

WARNING: semianalytic method is specified for dft hessian, which is not efficient. Try switching to 'method = analytic'


 -------------------------------
  Numerical Geometrical Hessian 
 -------------------------------

 Compute hessian using two-point central differentiation.
 Step size (bohr):                       0.0100

 Frequencies (including translational and rotational modes):
 mode    frequency (cm-1)
    0               31.72 i (imaginary)
    1               10.96 i (imaginary)
    2                2.17 i (imaginary)
    3                6.79
    4               22.74
    5               48.56
    6              352.06
    7              771.09
    8              834.36

 Project out translational and rotational motions 

 Degrees of freedom for translational and rotational motions: 6

 Vibrational frequencies:
 mode    frequency (cm-1)
    0              351.99
    1              771.04
    2              834.31

 --------------------------------------------------------------------------------

 End time:                               Tue Apr 27 14:10:10 2021
 Total wall-clock time:                485.910 seconds
==================================================================================
