
================================================================================
          _____________ ________ _______________ ________     _________         
         / ___________// ______ \\_____   _____// ______ \   / ________)        
        / /_________  / /      \ \     | |     / /      \ \ | (_______          
       |  __________|| |        | |    | |    | |        | | \________ \        
        \ \_________ | |        | |    | |     \ \______/ /___________) |       
         \__________||_|        |_|    |_|      \________//____________/        
                                                                                
====================================[ Qcore ]===================================

 Git hash:   15a3e7daff0cda5fa9af010ccd19a80288182ecf
 Git date:   Fri, 16 Apr 2021 15:57:16 +0100
 Compiler:   GNU 9.1.0
 Build type: Release
 Version:    1.1.0

 Start time: Tue Apr 27 14:10:10 2021

 Data directory: /work/zw18965/.local/qcore/share/entos/1.1.0/data
 Number of threads: 24
 Number of threads was determined by: command line argument
  - More threads can be used by running 'qcore -n 32'

 --------------------------------------------------------------------------------
                                command: optimize                                
 --------------------------------------------------------------------------------
 Using coordinate system:                tric
 Hessian update scheme:                  bfgs

 ------------------------------------------------------------------------------------------------------------
                   energy      change    grad rms    grad max    step rms    step max       trust    time (s)
 ------------------------------------------------------------------------------------------------------------
   1      -237.880466635                5.27e-03    1.12e-02                            2.00e-01        5.91
   2      -237.880811448   -3.45e-04    9.96e-04    2.44e-03    2.90e-02    3.24e-02    2.00e-01        4.39
   3      -237.880817756   -6.31e-06    4.27e-04    9.43e-04    2.62e-03    3.78e-03    2.00e-01        4.48
   4      -237.880818689   -9.33e-07    8.30e-05    1.49e-04    7.65e-04    1.07e-03    2.00e-01        4.08
 Geometry optimization stopped:          thresholds achieved

 Final energy:                        -237.880818689

 -----------
  Final XYZ 
 -----------
3
Final structure: -237.881 hartree
C           -0.000000073          0.138603138          0.000062163
F           -0.000000167          0.930588353         -1.018691013
F            0.000000240          0.930808505          1.018628850

 Structure in entos input format:

  structure(
    xyz = [
      ['C'  ,         -0.000000073,          0.138603138,          0.000062163],
      ['F'  ,         -0.000000167,          0.930588353,         -1.018691013],
      ['F'  ,          0.000000240,          0.930808505,          1.018628850]
    ]
  )

 --------------------------------
  Geometry optimization finished 
 --------------------------------
 Saving results in set 'opt'

 --------------------------------------------------------------------------------
                                 command: hessian                                
 --------------------------------------------------------------------------------

WARNING: semianalytic method is specified for dft hessian, which is not efficient. Try switching to 'method = analytic'


 -------------------------------
  Numerical Geometrical Hessian 
 -------------------------------

 Compute hessian using two-point central differentiation.
 Step size (bohr):                       0.0100

 Frequencies (including translational and rotational modes):
 mode    frequency (cm-1)
    0               21.10 i (imaginary)
    1                3.29 i (imaginary)
    2                0.70 i (imaginary)
    3               27.68
    4               45.09
    5               68.62
    6              690.95
    7             1167.36
    8             1273.23

 Project out translational and rotational motions 

 Degrees of freedom for translational and rotational motions: 6

 Vibrational frequencies:
 mode    frequency (cm-1)
    0              690.93
    1             1167.36
    2             1273.23

 --------------------------------------------------------------------------------

 End time:                               Tue Apr 27 14:11:57 2021
 Total wall-clock time:                106.941 seconds
==================================================================================
