
================================================================================
          _____________ ________ _______________ ________     _________         
         / ___________// ______ \\_____   _____// ______ \   / ________)        
        / /_________  / /      \ \     | |     / /      \ \ | (_______          
       |  __________|| |        | |    | |    | |        | | \________ \        
        \ \_________ | |        | |    | |     \ \______/ /___________) |       
         \__________||_|        |_|    |_|      \________//____________/        
                                                                                
====================================[ Qcore ]===================================

 Git hash:   15a3e7daff0cda5fa9af010ccd19a80288182ecf
 Git date:   Fri, 16 Apr 2021 15:57:16 +0100
 Compiler:   GNU 9.1.0
 Build type: Release
 Version:    1.1.0

 Start time: Tue Apr 27 14:11:57 2021

 Data directory: /work/zw18965/.local/qcore/share/entos/1.1.0/data
 Number of threads: 24
 Number of threads was determined by: command line argument
  - More threads can be used by running 'qcore -n 32'

 --------------------------------------------------------------------------------
                                command: optimize                                
 --------------------------------------------------------------------------------
 Using coordinate system:                tric
 Hessian update scheme:                  bfgs

 ------------------------------------------------------------------------------------------------------------
                   energy      change    grad rms    grad max    step rms    step max       trust    time (s)
 ------------------------------------------------------------------------------------------------------------
   1       -40.529361244                4.23e-04    6.82e-04                            2.00e-01        1.98
   2       -40.529364582   -3.34e-06    9.68e-05    1.53e-04    1.51e-03    1.75e-03    2.00e-01        1.26
   3       -40.529364767   -1.85e-07    9.21e-06    2.50e-05    4.84e-04    5.27e-04    2.00e-01        1.29
 Geometry optimization stopped:          thresholds achieved

 Final energy:                         -40.529364767

 -----------
  Final XYZ 
 -----------
5
Final structure: -40.5294 hartree
C           -0.000025190          0.000036579         -0.000017015
H            0.549809146          0.794389290          0.493419619
H            0.679122804         -0.807490668         -0.251952177
H           -0.772788124         -0.371575483          0.664492042
H           -0.456218634          0.384740282         -0.905942564

 Structure in entos input format:

  structure(
    xyz = [
      ['C'  ,         -0.000025190,          0.000036579,         -0.000017015],
      ['H'  ,          0.549809146,          0.794389290,          0.493419619],
      ['H'  ,          0.679122804,         -0.807490668,         -0.251952177],
      ['H'  ,         -0.772788124,         -0.371575483,          0.664492042],
      ['H'  ,         -0.456218634,          0.384740282,         -0.905942564]
    ]
  )

 --------------------------------
  Geometry optimization finished 
 --------------------------------
 Saving results in set 'opt'

 --------------------------------------------------------------------------------
                                 command: hessian                                
 --------------------------------------------------------------------------------

WARNING: semianalytic method is specified for dft hessian, which is not efficient. Try switching to 'method = analytic'


 -------------------------------
  Numerical Geometrical Hessian 
 -------------------------------

 Compute hessian using two-point central differentiation.
 Step size (bohr):                       0.0100

 Frequencies (including translational and rotational modes):
 mode    frequency (cm-1)
    0               86.43 i (imaginary)
    1               46.32 i (imaginary)
    2               13.16 i (imaginary)
    3               40.85
    4              139.34
    5              162.60
    6             1309.73
    7             1322.30
    8             1327.12
    9             1543.74
   10             1554.94
   11             3131.28
   12             3255.38
   13             3262.54
   14             3266.15

 Project out translational and rotational motions 

 Degrees of freedom for translational and rotational motions: 6

 Vibrational frequencies:
 mode    frequency (cm-1)
    0             1309.55
    1             1322.26
    2             1327.07
    3             1543.73
    4             1554.93
    5             3131.26
    6             3255.37
    7             3262.52
    8             3266.14

 --------------------------------------------------------------------------------

 End time:                               Tue Apr 27 14:12:44 2021
 Total wall-clock time:                 47.551 seconds
==================================================================================
