
================================================================================
          _____________ ________ _______________ ________     _________         
         / ___________// ______ \\_____   _____// ______ \   / ________)        
        / /_________  / /      \ \     | |     / /      \ \ | (_______          
       |  __________|| |        | |    | |    | |        | | \________ \        
        \ \_________ | |        | |    | |     \ \______/ /___________) |       
         \__________||_|        |_|    |_|      \________//____________/        
                                                                                
====================================[ Qcore ]===================================

 Git hash:   15a3e7daff0cda5fa9af010ccd19a80288182ecf
 Git date:   Fri, 16 Apr 2021 15:57:16 +0100
 Compiler:   GNU 9.1.0
 Build type: Release
 Version:    1.1.0

 Start time: Sat May  8 10:10:16 2021

 Data directory: /work/zw18965/.local/qcore/share/entos/1.1.0/data
 Number of threads: 24
 Number of threads was determined by: command line argument

 --------------------------------------------------------------------------------
                                command: optimize                                
 --------------------------------------------------------------------------------
 Using coordinate system:                tric
 Hessian update scheme:                  bfgs

 ------------------------------------------------------------------------------------------------------------
                   energy      change    grad rms    grad max    step rms    step max       trust    time (s)
 ------------------------------------------------------------------------------------------------------------
   1      -399.615870062                5.32e-03    1.18e-02                            2.00e-01        3.10
   2      -399.616053570   -1.84e-04    1.94e-03    4.15e-03    1.19e-02    1.56e-02    2.00e-01        1.69
   3      -399.616081841   -2.83e-05    7.12e-05    1.40e-04    5.72e-03    9.59e-03    2.00e-01        1.72
   4      -399.616081886   -4.51e-08    9.92e-07    1.68e-06    3.26e-04    3.83e-04    2.00e-01        1.40
 Geometry optimization stopped:          thresholds achieved

 Final energy:                        -399.616081886

 -----------
  Final XYZ 
 -----------
3
Final structure: -399.616 hartree
S           -0.001423102          0.617269379          0.000000004
H            0.961832057         -0.306418272          0.000000017
H           -0.960408955         -0.310851101         -0.000000021

 Structure in entos input format:

  structure(
    xyz = [
      ['S'  ,         -0.001423102,          0.617269379,          0.000000004],
      ['H'  ,          0.961832057,         -0.306418272,          0.000000017],
      ['H'  ,         -0.960408955,         -0.310851101,         -0.000000021]
    ]
  )

 --------------------------------
  Geometry optimization finished 
 --------------------------------
 Saving results in set 'opt'

 --------------------------------------------------------------------------------
                                 command: hessian                                
 --------------------------------------------------------------------------------

WARNING: semianalytic method is specified for dft hessian, which is not efficient. Try switching to 'method = analytic'


 -------------------------------
  Numerical Geometrical Hessian 
 -------------------------------

 Compute hessian using two-point central differentiation.
 Step size (bohr):                       0.0100

 Frequencies (including translational and rotational modes):
 mode    frequency (cm-1)
    0                0.27 i (imaginary)
    1                0.05 i (imaginary)
    2                0.04 i (imaginary)
    3               44.58
    4               66.60
    5               67.92
    6             1212.33
    7             2791.48
    8             2810.06

 Project out translational and rotational motions 

 Degrees of freedom for translational and rotational motions: 6

 Vibrational frequencies:
 mode    frequency (cm-1)
    0             1212.33
    1             2791.48
    2             2810.06

 --------------------------------------------------------------------------------

 End time:                               Sat May  8 10:10:55 2021
 Total wall-clock time:                 39.215 seconds
==================================================================================
