
================================================================================
          _____________ ________ _______________ ________     _________         
         / ___________// ______ \\_____   _____// ______ \   / ________)        
        / /_________  / /      \ \     | |     / /      \ \ | (_______          
       |  __________|| |        | |    | |    | |        | | \________ \        
        \ \_________ | |        | |    | |     \ \______/ /___________) |       
         \__________||_|        |_|    |_|      \________//____________/        
                                                                                
====================================[ Qcore ]===================================

 Git hash:   15a3e7daff0cda5fa9af010ccd19a80288182ecf
 Git date:   Fri, 16 Apr 2021 15:57:16 +0100
 Compiler:   GNU 9.1.0
 Build type: Release
 Version:    1.1.0

 Start time: Tue Apr 27 14:33:10 2021

 Data directory: /work/zw18965/.local/qcore/share/entos/1.1.0/data
 Number of threads: 24
 Number of threads was determined by: command line argument
  - More threads can be used by running 'qcore -n 32'

 --------------------------------------------------------------------------------
                                command: optimize                                
 --------------------------------------------------------------------------------
 Using coordinate system:                tric
 Hessian update scheme:                  bfgs

 ------------------------------------------------------------------------------------------------------------
                   energy      change    grad rms    grad max    step rms    step max       trust    time (s)
 ------------------------------------------------------------------------------------------------------------
   1      -461.056631137                3.84e-03    6.66e-03                            2.00e-01        2.29
   2      -461.056681939   -5.08e-05    1.56e-03    2.71e-03    5.41e-03    1.08e-02    2.00e-01        1.03
   3      -461.056692667   -1.07e-05    8.73e-05    1.51e-04    3.71e-03    7.42e-03    2.00e-01        1.04
   4      -461.056692698   -3.09e-08    6.43e-07    1.11e-06    2.19e-04    4.39e-04    2.00e-01        0.93
 Geometry optimization stopped:          thresholds achieved

 Final energy:                        -461.056692698

 -----------
  Final XYZ 
 -----------
2
Final structure: -461.057 hartree
Cl           0.637503735         -0.000000008         -0.000000007
H           -0.637503735          0.000000008          0.000000007

 Structure in entos input format:

  structure(
    xyz = [
      ['Cl' ,          0.637503735,         -0.000000008,         -0.000000007],
      ['H'  ,         -0.637503735,          0.000000008,          0.000000007]
    ]
  )

 --------------------------------
  Geometry optimization finished 
 --------------------------------
 Saving results in set 'opt'

 --------------------------------------------------------------------------------
                                 command: hessian                                
 --------------------------------------------------------------------------------

WARNING: semianalytic method is specified for dft hessian, which is not efficient. Try switching to 'method = analytic'


 -------------------------------
  Numerical Geometrical Hessian 
 -------------------------------

 Compute hessian using two-point central differentiation.
 Step size (bohr):                       0.0100

 Frequencies (including translational and rotational modes):
 mode    frequency (cm-1)
    0               17.31 i (imaginary)
    1                8.05 i (imaginary)
    2                0.13 i (imaginary)
    3                0.64
    4                0.75
    5             3057.71

 Project out translational and rotational motions 

 The molecule is linear

 Degrees of freedom for translational and rotational motions: 5

 Vibrational frequencies:
 mode    frequency (cm-1)
    0             3057.68

 --------------------------------------------------------------------------------

 End time:                               Tue Apr 27 14:33:30 2021
 Total wall-clock time:                 20.046 seconds
==================================================================================
