
================================================================================
          _____________ ________ _______________ ________     _________         
         / ___________// ______ \\_____   _____// ______ \   / ________)        
        / /_________  / /      \ \     | |     / /      \ \ | (_______          
       |  __________|| |        | |    | |    | |        | | \________ \        
        \ \_________ | |        | |    | |     \ \______/ /___________) |       
         \__________||_|        |_|    |_|      \________//____________/        
                                                                                
====================================[ Qcore ]===================================

 Git hash:   15a3e7daff0cda5fa9af010ccd19a80288182ecf
 Git date:   Fri, 16 Apr 2021 15:57:16 +0100
 Compiler:   GNU 9.1.0
 Build type: Release
 Version:    1.1.0

 Start time: Sat May  8 10:17:43 2021

 Data directory: /work/zw18965/.local/qcore/share/entos/1.1.0/data
 Number of threads: 24
 Number of threads was determined by: command line argument

 --------------------------------------------------------------------------------
                                command: optimize                                
 --------------------------------------------------------------------------------
 Using coordinate system:                tric
 Hessian update scheme:                  bfgs

 ------------------------------------------------------------------------------------------------------------
                   energy      change    grad rms    grad max    step rms    step max       trust    time (s)
 ------------------------------------------------------------------------------------------------------------
   1      -511.860359023                9.41e-03    2.29e-02                            2.00e-01       13.85
   2      -511.860509109   -1.50e-04    2.96e-03    7.00e-03    4.86e-03    1.15e-02    2.00e-01       10.06
   3      -511.860533593   -2.45e-05    6.20e-04    1.47e-03    2.89e-03    7.07e-03    2.00e-01        9.44
   4      -511.860535833   -2.24e-06    1.69e-04    4.13e-04    1.20e-03    2.28e-03    2.00e-01        8.72
   5      -511.860535932   -9.91e-08    1.55e-05    3.51e-05    2.68e-04    3.37e-04    2.00e-01        8.89
 Geometry optimization stopped:          thresholds achieved

 Final energy:                        -511.860535932

 -----------
  Final XYZ 
 -----------
3
Final structure: -511.861 hartree
O           -0.000000143          0.000000042         -1.263962861
C            0.000000001         -0.000000009         -0.113231468
S            0.000000142         -0.000000033          1.436194329

 Structure in entos input format:

  structure(
    xyz = [
      ['O'  ,         -0.000000143,          0.000000042,         -1.263962861],
      ['C'  ,          0.000000001,         -0.000000009,         -0.113231468],
      ['S'  ,          0.000000142,         -0.000000033,          1.436194329]
    ]
  )

 --------------------------------
  Geometry optimization finished 
 --------------------------------
 Saving results in set 'opt'

 --------------------------------------------------------------------------------
                                 command: hessian                                
 --------------------------------------------------------------------------------

WARNING: semianalytic method is specified for dft hessian, which is not efficient. Try switching to 'method = analytic'


 -------------------------------
  Numerical Geometrical Hessian 
 -------------------------------

 Compute hessian using two-point central differentiation.
 Step size (bohr):                       0.0100

 Frequencies (including translational and rotational modes):
 mode    frequency (cm-1)
    0                6.28 i (imaginary)
    1                6.28 i (imaginary)
    2                0.01 i (imaginary)
    3                0.04
    4                0.04
    5              535.66
    6              535.66
    7              922.73
    8             2189.88

 Project out translational and rotational motions 

 Degrees of freedom for translational and rotational motions: 6

 Vibrational frequencies:
 mode    frequency (cm-1)
    0              535.66
    1              922.73
    2             2189.88

 --------------------------------------------------------------------------------

 End time:                               Sat May  8 10:21:45 2021
 Total wall-clock time:                241.962 seconds
==================================================================================
