
================================================================================
          _____________ ________ _______________ ________     _________         
         / ___________// ______ \\_____   _____// ______ \   / ________)        
        / /_________  / /      \ \     | |     / /      \ \ | (_______          
       |  __________|| |        | |    | |    | |        | | \________ \        
        \ \_________ | |        | |    | |     \ \______/ /___________) |       
         \__________||_|        |_|    |_|      \________//____________/        
                                                                                
====================================[ Qcore ]===================================

 Git hash:   15a3e7daff0cda5fa9af010ccd19a80288182ecf
 Git date:   Fri, 16 Apr 2021 15:57:16 +0100
 Compiler:   GNU 9.1.0
 Build type: Release
 Version:    1.1.0

 Start time: Tue Apr 27 14:54:53 2021

 Data directory: /work/zw18965/.local/qcore/share/entos/1.1.0/data
 Number of threads: 24
 Number of threads was determined by: command line argument
  - More threads can be used by running 'qcore -n 32'

 --------------------------------------------------------------------------------
                                command: optimize                                
 --------------------------------------------------------------------------------
 Using coordinate system:                tric
 Hessian update scheme:                  bfgs

 ------------------------------------------------------------------------------------------------------------
                   energy      change    grad rms    grad max    step rms    step max       trust    time (s)
 ------------------------------------------------------------------------------------------------------------
   1       -78.553921701                5.97e-03    1.03e-02                            2.00e-01        2.17
   2       -78.554731238   -8.10e-04    1.33e-03    2.39e-03    2.29e-02    2.28e-02    2.00e-01        1.71
   3       -78.554786856   -5.56e-05    2.95e-04    7.15e-04    8.24e-03    8.79e-03    2.00e-01        1.58
   4       -78.554789901   -3.04e-06    1.59e-04    3.77e-04    2.50e-03    3.08e-03    2.00e-01        1.63
   5       -78.554790489   -5.88e-07    3.50e-05    8.29e-05    1.39e-03    1.79e-03    2.00e-01        1.58
   6       -78.554790512   -2.25e-08    2.16e-05    5.00e-05    2.39e-04    2.76e-04    2.00e-01        1.57
 Geometry optimization stopped:          thresholds achieved

 Final energy:                         -78.554790512

 -----------
  Final XYZ 
 -----------
6
Final structure: -78.5548 hartree
C           -0.664949280         -0.052696329          0.000134994
C            0.664886216          0.052686286         -0.000080050
H           -1.244468273          0.003077049         -0.929024076
H           -1.228202874         -0.199020136          0.929443058
H            1.228078476          0.198968237         -0.929429051
H            1.244448318         -0.003031702          0.929056784

 Structure in entos input format:

  structure(
    xyz = [
      ['C'  ,         -0.664949280,         -0.052696329,          0.000134994],
      ['C'  ,          0.664886216,          0.052686286,         -0.000080050],
      ['H'  ,         -1.244468273,          0.003077049,         -0.929024076],
      ['H'  ,         -1.228202874,         -0.199020136,          0.929443058],
      ['H'  ,          1.228078476,          0.198968237,         -0.929429051],
      ['H'  ,          1.244448318,         -0.003031702,          0.929056784]
    ]
  )

 --------------------------------
  Geometry optimization finished 
 --------------------------------
 Saving results in set 'opt'

 --------------------------------------------------------------------------------
                                 command: hessian                                
 --------------------------------------------------------------------------------

WARNING: semianalytic method is specified for dft hessian, which is not efficient. Try switching to 'method = analytic'


 -------------------------------
  Numerical Geometrical Hessian 
 -------------------------------

 Compute hessian using two-point central differentiation.
 Step size (bohr):                       0.0100

 Frequencies (including translational and rotational modes):
 mode    frequency (cm-1)
    0               85.86 i (imaginary)
    1               44.86 i (imaginary)
    2               28.29 i (imaginary)
    3                8.66
    4               34.08
    5               89.55
    6              813.98
    7              970.35
    8              972.73
    9             1058.54
   10             1221.26
   11             1367.44
   12             1440.76
   13             1710.84
   14             3129.67
   15             3152.11
   16             3225.92
   17             3250.60

 Project out translational and rotational motions 

 Degrees of freedom for translational and rotational motions: 6

 Vibrational frequencies:
 mode    frequency (cm-1)
    0              813.95
    1              970.33
    2              972.71
    3             1058.53
    4             1221.23
    5             1367.39
    6             1440.73
    7             1710.83
    8             3129.67
    9             3152.10
   10             3225.91
   11             3250.59

 --------------------------------------------------------------------------------

 End time:                               Tue Apr 27 14:56:03 2021
 Total wall-clock time:                 70.600 seconds
==================================================================================
