
================================================================================
          _____________ ________ _______________ ________     _________         
         / ___________// ______ \\_____   _____// ______ \   / ________)        
        / /_________  / /      \ \     | |     / /      \ \ | (_______          
       |  __________|| |        | |    | |    | |        | | \________ \        
        \ \_________ | |        | |    | |     \ \______/ /___________) |       
         \__________||_|        |_|    |_|      \________//____________/        
                                                                                
====================================[ Qcore ]===================================

 Git hash:   15a3e7daff0cda5fa9af010ccd19a80288182ecf
 Git date:   Fri, 16 Apr 2021 15:57:16 +0100
 Compiler:   GNU 9.1.0
 Build type: Release
 Version:    1.1.0

 Start time: Sat May  8 09:59:52 2021

 Data directory: /work/zw18965/.local/qcore/share/entos/1.1.0/data
 Number of threads: 24
 Number of threads was determined by: command line argument
  - More threads can be used by running 'qcore -n 32'

 --------------------------------------------------------------------------------
                                command: optimize                                
 --------------------------------------------------------------------------------
 Using coordinate system:                tric
 Hessian update scheme:                  bfgs

 ------------------------------------------------------------------------------------------------------------
                   energy      change    grad rms    grad max    step rms    step max       trust    time (s)
 ------------------------------------------------------------------------------------------------------------
   1      -920.353097359                9.68e-04    1.68e-03                            2.00e-01        2.00
   2      -920.353103840   -6.48e-06    4.90e-05    8.49e-05    3.71e-03    7.41e-03    2.00e-01        1.46
   3      -920.353103847   -7.41e-09    5.24e-07    9.08e-07    1.98e-04    3.95e-04    2.00e-01        1.36
 Geometry optimization stopped:          thresholds achieved

 Final energy:                        -920.353103847

 -----------
  Final XYZ 
 -----------
2
Final structure: -920.353 hartree
Cl          -1.003236314          0.000000000          0.000000000
Cl           1.003236314         -0.000000000         -0.000000000

 Structure in entos input format:

  structure(
    xyz = [
      ['Cl' ,         -1.003236314,          0.000000000,          0.000000000],
      ['Cl' ,          1.003236314,         -0.000000000,         -0.000000000]
    ]
  )

 --------------------------------
  Geometry optimization finished 
 --------------------------------
 Saving results in set 'opt'

 --------------------------------------------------------------------------------
                                 command: hessian                                
 --------------------------------------------------------------------------------

WARNING: semianalytic method is specified for dft hessian, which is not efficient. Try switching to 'method = analytic'


 -------------------------------
  Numerical Geometrical Hessian 
 -------------------------------

 Compute hessian using two-point central differentiation.
 Step size (bohr):                       0.0100

 Frequencies (including translational and rotational modes):
 mode    frequency (cm-1)
    0                0.02 i (imaginary)
    1                0.00 i (imaginary)
    2                0.02
    3                2.66
    4                2.68
    5              568.52

 Project out translational and rotational motions 

 The molecule is linear

 Degrees of freedom for translational and rotational motions: 5

 Vibrational frequencies:
 mode    frequency (cm-1)
    0              568.52

 --------------------------------------------------------------------------------

 End time:                               Sat May  8 10:00:16 2021
 Total wall-clock time:                 23.994 seconds
==================================================================================
