
================================================================================
          _____________ ________ _______________ ________     _________         
         / ___________// ______ \\_____   _____// ______ \   / ________)        
        / /_________  / /      \ \     | |     / /      \ \ | (_______          
       |  __________|| |        | |    | |    | |        | | \________ \        
        \ \_________ | |        | |    | |     \ \______/ /___________) |       
         \__________||_|        |_|    |_|      \________//____________/        
                                                                                
====================================[ Qcore ]===================================

 Git hash:   15a3e7daff0cda5fa9af010ccd19a80288182ecf
 Git date:   Fri, 16 Apr 2021 15:57:16 +0100
 Compiler:   GNU 9.1.0
 Build type: Release
 Version:    1.1.0

 Start time: Sat May  8 10:02:09 2021

 Data directory: /work/zw18965/.local/qcore/share/entos/1.1.0/data
 Number of threads: 24
 Number of threads was determined by: command line argument
  - More threads can be used by running 'qcore -n 32'

 --------------------------------------------------------------------------------
                                command: optimize                                
 --------------------------------------------------------------------------------
 Using coordinate system:                tric
 Hessian update scheme:                  bfgs

 ------------------------------------------------------------------------------------------------------------
                   energy      change    grad rms    grad max    step rms    step max       trust    time (s)
 ------------------------------------------------------------------------------------------------------------
   1      -834.458802727                2.38e-03    5.04e-03                            2.00e-01        3.87
   2      -834.458836994   -3.43e-05    1.07e-03    2.26e-03    3.83e-03    4.69e-03    2.00e-01        2.96
   3      -834.458845739   -8.75e-06    1.27e-05    2.69e-05    3.11e-03    3.81e-03    2.00e-01        3.06
   4      -834.458845746   -7.21e-09    2.92e-07    7.10e-07    3.75e-05    4.59e-05    2.00e-01        2.81
 Geometry optimization stopped:          thresholds achieved

 Final energy:                        -834.458845746

 -----------
  Final XYZ 
 -----------
3
Final structure: -834.459 hartree
S            1.558037375          0.000501477         -0.000000100
C            0.000000084         -0.000004106          0.000000130
S           -1.558037206         -0.000497376         -0.000000030

 Structure in entos input format:

  structure(
    xyz = [
      ['S'  ,          1.558037375,          0.000501477,         -0.000000100],
      ['C'  ,          0.000000084,         -0.000004106,          0.000000130],
      ['S'  ,         -1.558037206,         -0.000497376,         -0.000000030]
    ]
  )

 --------------------------------
  Geometry optimization finished 
 --------------------------------
 Saving results in set 'opt'

 --------------------------------------------------------------------------------
                                 command: hessian                                
 --------------------------------------------------------------------------------

WARNING: semianalytic method is specified for dft hessian, which is not efficient. Try switching to 'method = analytic'


 -------------------------------
  Numerical Geometrical Hessian 
 -------------------------------

 Compute hessian using two-point central differentiation.
 Step size (bohr):                       0.0100

 Frequencies (including translational and rotational modes):
 mode    frequency (cm-1)
    0                0.04 i (imaginary)
    1                0.03 i (imaginary)
    2                0.01 i (imaginary)
    3                7.22
    4                7.25
    5              406.52
    6              406.55
    7              693.23
    8             1588.76

 Project out translational and rotational motions 

 Degrees of freedom for translational and rotational motions: 6

 Vibrational frequencies:
 mode    frequency (cm-1)
    0              406.55
    1              693.23
    2             1588.76

 --------------------------------------------------------------------------------

 End time:                               Sat May  8 10:03:21 2021
 Total wall-clock time:                 71.829 seconds
==================================================================================
