
================================================================================
          _____________ ________ _______________ ________     _________         
         / ___________// ______ \\_____   _____// ______ \   / ________)        
        / /_________  / /      \ \     | |     / /      \ \ | (_______          
       |  __________|| |        | |    | |    | |        | | \________ \        
        \ \_________ | |        | |    | |     \ \______/ /___________) |       
         \__________||_|        |_|    |_|      \________//____________/        
                                                                                
====================================[ Qcore ]===================================

 Git hash:   15a3e7daff0cda5fa9af010ccd19a80288182ecf
 Git date:   Fri, 16 Apr 2021 15:57:16 +0100
 Compiler:   GNU 9.1.0
 Build type: Release
 Version:    1.1.0

 Start time: Sat May  8 10:03:21 2021

 Data directory: /work/zw18965/.local/qcore/share/entos/1.1.0/data
 Number of threads: 24
 Number of threads was determined by: command line argument
  - More threads can be used by running 'qcore -n 32'

 --------------------------------------------------------------------------------
                                command: optimize                                
 --------------------------------------------------------------------------------
 Using coordinate system:                tric
 Hessian update scheme:                  bfgs

 ------------------------------------------------------------------------------------------------------------
                   energy      change    grad rms    grad max    step rms    step max       trust    time (s)
 ------------------------------------------------------------------------------------------------------------
   1      -436.193708221                1.44e-02    2.49e-02                            2.00e-01        1.67
   2      -436.194089245   -3.81e-04    6.42e-03    1.11e-02    1.06e-02    2.12e-02    2.00e-01        0.97
   3      -436.194188938   -9.97e-05    3.43e-04    5.94e-04    8.57e-03    1.71e-02    2.00e-01        0.99
   4      -436.194189233   -2.95e-07    8.80e-06    1.52e-05    4.84e-04    9.68e-04    2.00e-01        0.97
 Geometry optimization stopped:          thresholds achieved

 Final energy:                        -436.194189233

 -----------
  Final XYZ 
 -----------
2
Final structure: -436.194 hartree
C           -0.000000013         -0.000000007          0.000895585
S            0.000000013          0.000000007          1.538804413

 Structure in entos input format:

  structure(
    xyz = [
      ['C'  ,         -0.000000013,         -0.000000007,          0.000895585],
      ['S'  ,          0.000000013,          0.000000007,          1.538804413]
    ]
  )

 --------------------------------
  Geometry optimization finished 
 --------------------------------
 Saving results in set 'opt'

 --------------------------------------------------------------------------------
                                 command: hessian                                
 --------------------------------------------------------------------------------

WARNING: semianalytic method is specified for dft hessian, which is not efficient. Try switching to 'method = analytic'


 -------------------------------
  Numerical Geometrical Hessian 
 -------------------------------

 Compute hessian using two-point central differentiation.
 Step size (bohr):                       0.0100

 Frequencies (including translational and rotational modes):
 mode    frequency (cm-1)
    0               20.51 i (imaginary)
    1               20.50 i (imaginary)
    2                0.02 i (imaginary)
    3                0.00 i (imaginary)
    4                0.00
    5             1344.21

 Project out translational and rotational motions 

 The molecule is linear

 Degrees of freedom for translational and rotational motions: 5

 Vibrational frequencies:
 mode    frequency (cm-1)
    0             1344.21

 --------------------------------------------------------------------------------

 End time:                               Sat May  8 10:03:39 2021
 Total wall-clock time:                 18.046 seconds
==================================================================================
