
================================================================================
          _____________ ________ _______________ ________     _________         
         / ___________// ______ \\_____   _____// ______ \   / ________)        
        / /_________  / /      \ \     | |     / /      \ \ | (_______          
       |  __________|| |        | |    | |    | |        | | \________ \        
        \ \_________ | |        | |    | |     \ \______/ /___________) |       
         \__________||_|        |_|    |_|      \________//____________/        
                                                                                
====================================[ Qcore ]===================================

 Git hash:   15a3e7daff0cda5fa9af010ccd19a80288182ecf
 Git date:   Fri, 16 Apr 2021 15:57:16 +0100
 Compiler:   GNU 9.1.0
 Build type: Release
 Version:    1.1.0

 Start time: Tue Apr 27 15:46:12 2021

 Data directory: /work/zw18965/.local/qcore/share/entos/1.1.0/data
 Number of threads: 24
 Number of threads was determined by: command line argument

 --------------------------------------------------------------------------------
                                command: optimize                                
 --------------------------------------------------------------------------------
 Using coordinate system:                tric
 Hessian update scheme:                  bfgs

 ------------------------------------------------------------------------------------------------------------
                   energy      change    grad rms    grad max    step rms    step max       trust    time (s)
 ------------------------------------------------------------------------------------------------------------
   1       -76.392696453                8.27e-03    1.48e-02                            2.00e-01        0.70
   2       -76.393118964   -4.23e-04    4.00e-03    7.26e-03    1.53e-02    3.12e-02    2.00e-01        0.42
   3       -76.393316975   -1.98e-04    4.54e-04    7.52e-04    2.35e-02    4.56e-02    2.00e-01        0.39
   4       -76.393318604   -1.63e-06    1.54e-04    2.44e-04    1.58e-03    1.99e-03    2.00e-01        0.39
   5       -76.393318753   -1.50e-07    7.24e-06    1.16e-05    4.93e-04    5.08e-04    2.00e-01        0.36
 Geometry optimization stopped:          thresholds achieved

 Final energy:                         -76.393318753

 -----------
  Final XYZ 
 -----------
3
Final structure: -76.3933 hartree
O           -0.004516513         -0.003233305          0.002157348
H            0.281098153          0.888950281          0.248416572
H            0.607618355         -0.231116976         -0.713073919

 Structure in entos input format:

  structure(
    xyz = [
      ['O'  ,         -0.004516513,         -0.003233305,          0.002157348],
      ['H'  ,          0.281098153,          0.888950281,          0.248416572],
      ['H'  ,          0.607618355,         -0.231116976,         -0.713073919]
    ]
  )

 --------------------------------
  Geometry optimization finished 
 --------------------------------
 Saving results in set 'opt'

 --------------------------------------------------------------------------------
                                 command: hessian                                
 --------------------------------------------------------------------------------

WARNING: semianalytic method is specified for dft hessian, which is not efficient. Try switching to 'method = analytic'


 -------------------------------
  Numerical Geometrical Hessian 
 -------------------------------

 Compute hessian using two-point central differentiation.
 Step size (bohr):                       0.0100

 Frequencies (including translational and rotational modes):
 mode    frequency (cm-1)
    0               75.76 i (imaginary)
    1               56.56 i (imaginary)
    2                4.55 i (imaginary)
    3               25.47
    4               39.08
    5               88.12
    6             1658.22
    7             3784.83
    8             3885.62

 Project out translational and rotational motions 

 Degrees of freedom for translational and rotational motions: 6

 Vibrational frequencies:
 mode    frequency (cm-1)
    0             1658.22
    1             3784.82
    2             3885.62

 --------------------------------------------------------------------------------

 End time:                               Tue Apr 27 15:46:22 2021
 Total wall-clock time:                  9.936 seconds
==================================================================================
