
================================================================================
          _____________ ________ _______________ ________     _________         
         / ___________// ______ \\_____   _____// ______ \   / ________)        
        / /_________  / /      \ \     | |     / /      \ \ | (_______          
       |  __________|| |        | |    | |    | |        | | \________ \        
        \ \_________ | |        | |    | |     \ \______/ /___________) |       
         \__________||_|        |_|    |_|      \________//____________/        
                                                                                
====================================[ Qcore ]===================================

 Git hash:   15a3e7daff0cda5fa9af010ccd19a80288182ecf
 Git date:   Fri, 16 Apr 2021 15:57:16 +0100
 Compiler:   GNU 9.1.0
 Build type: Release
 Version:    1.1.0

 Start time: Sat May  8 10:06:16 2021

 Data directory: /work/zw18965/.local/qcore/share/entos/1.1.0/data
 Number of threads: 24
 Number of threads was determined by: command line argument
  - More threads can be used by running 'qcore -n 32'

 --------------------------------------------------------------------------------
                                command: optimize                                
 --------------------------------------------------------------------------------
 Using coordinate system:                tric
 Hessian update scheme:                  bfgs

 ------------------------------------------------------------------------------------------------------------
                   energy      change    grad rms    grad max    step rms    step max       trust    time (s)
 ------------------------------------------------------------------------------------------------------------
   1      -130.438130122                5.34e-03    1.19e-02                            2.00e-01        1.20
   2      -130.438340625   -2.11e-04    1.74e-03    3.93e-03    1.47e-02    2.43e-02    2.00e-01        0.73
   3      -130.438359623   -1.90e-05    1.94e-04    4.14e-04    4.47e-03    7.34e-03    2.00e-01        0.76
   4      -130.438359999   -3.76e-07    9.69e-05    2.11e-04    6.22e-04    1.06e-03    2.00e-01        0.70
 Geometry optimization stopped:          thresholds achieved

 Final energy:                        -130.438359999

 -----------
  Final XYZ 
 -----------
3
Final structure: -130.438 hartree
N           -0.066876074          0.442586991          0.000000005
O            0.954742491         -0.193841315         -0.000000012
H           -0.887866411         -0.248745676          0.000000007

 Structure in entos input format:

  structure(
    xyz = [
      ['N'  ,         -0.066876074,          0.442586991,          0.000000005],
      ['O'  ,          0.954742491,         -0.193841315,         -0.000000012],
      ['H'  ,         -0.887866411,         -0.248745676,          0.000000007]
    ]
  )

 --------------------------------
  Geometry optimization finished 
 --------------------------------
 Saving results in set 'opt'

 --------------------------------------------------------------------------------
                                 command: hessian                                
 --------------------------------------------------------------------------------

WARNING: semianalytic method is specified for dft hessian, which is not efficient. Try switching to 'method = analytic'


 -------------------------------
  Numerical Geometrical Hessian 
 -------------------------------

 Compute hessian using two-point central differentiation.
 Step size (bohr):                       0.0100

 Frequencies (including translational and rotational modes):
 mode    frequency (cm-1)
    0               23.14 i (imaginary)
    1                6.99 i (imaginary)
    2                0.01 i (imaginary)
    3                0.49
    4                0.73
    5               27.95
    6             1565.01
    7             1706.83
    8             2844.58

 Project out translational and rotational motions 

 Degrees of freedom for translational and rotational motions: 6

 Vibrational frequencies:
 mode    frequency (cm-1)
    0             1565.01
    1             1706.83
    2             2844.58

 --------------------------------------------------------------------------------

 End time:                               Sat May  8 10:06:33 2021
 Total wall-clock time:                 17.486 seconds
==================================================================================
