
================================================================================
          _____________ ________ _______________ ________     _________         
         / ___________// ______ \\_____   _____// ______ \   / ________)        
        / /_________  / /      \ \     | |     / /      \ \ | (_______          
       |  __________|| |        | |    | |    | |        | | \________ \        
        \ \_________ | |        | |    | |     \ \______/ /___________) |       
         \__________||_|        |_|    |_|      \________//____________/        
                                                                                
====================================[ Qcore ]===================================

 Git hash:   15a3e7daff0cda5fa9af010ccd19a80288182ecf
 Git date:   Fri, 16 Apr 2021 15:57:16 +0100
 Compiler:   GNU 9.1.0
 Build type: Release
 Version:    1.1.0

 Start time: Tue Apr 27 15:46:46 2021

 Data directory: /work/zw18965/.local/qcore/share/entos/1.1.0/data
 Number of threads: 24
 Number of threads was determined by: command line argument

 --------------------------------------------------------------------------------
                                command: optimize                                
 --------------------------------------------------------------------------------
 Using coordinate system:                tric
 Hessian update scheme:                  bfgs

 ------------------------------------------------------------------------------------------------------------
                   energy      change    grad rms    grad max    step rms    step max       trust    time (s)
 ------------------------------------------------------------------------------------------------------------
   1       -56.529225999                8.22e-03    2.13e-02                            2.00e-01        0.86
   2       -56.530039244   -8.13e-04    4.25e-03    1.22e-02    2.13e-02    2.55e-02    2.00e-01        0.54
   3       -56.530510315   -4.71e-04    5.31e-04    9.75e-04    3.68e-02    4.56e-02    2.00e-01        0.57
   4       -56.530516983   -6.67e-06    2.11e-04    3.52e-04    4.32e-03    4.51e-03    2.00e-01        0.54
   5       -56.530517412   -4.29e-07    3.21e-05    6.17e-05    9.53e-04    8.16e-04    2.00e-01        0.52
 Geometry optimization stopped:          thresholds achieved

 Final energy:                         -56.530517412

 -----------
  Final XYZ 
 -----------
4
Final structure: -56.5305 hartree
N           -0.002782501         -0.000509120          0.315028698
H           -0.517214988         -0.778871575         -0.110799183
H           -0.414707867          0.838441813         -0.107353438
H            0.934705357         -0.059061118         -0.096876077

 Structure in entos input format:

  structure(
    xyz = [
      ['N'  ,         -0.002782501,         -0.000509120,          0.315028698],
      ['H'  ,         -0.517214988,         -0.778871575,         -0.110799183],
      ['H'  ,         -0.414707867,          0.838441813,         -0.107353438],
      ['H'  ,          0.934705357,         -0.059061118,         -0.096876077]
    ]
  )

 --------------------------------
  Geometry optimization finished 
 --------------------------------
 Saving results in set 'opt'

 --------------------------------------------------------------------------------
                                 command: hessian                                
 --------------------------------------------------------------------------------

WARNING: semianalytic method is specified for dft hessian, which is not efficient. Try switching to 'method = analytic'


 -------------------------------
  Numerical Geometrical Hessian 
 -------------------------------

 Compute hessian using two-point central differentiation.
 Step size (bohr):                       0.0100

 Frequencies (including translational and rotational modes):
 mode    frequency (cm-1)
    0              195.06 i (imaginary)
    1              122.28 i (imaginary)
    2                6.13 i (imaginary)
    3               61.25
    4               92.80
    5              132.51
    6             1128.67
    7             1660.95
    8             1687.05
    9             3444.91
   10             3556.35
   11             3561.23

 Project out translational and rotational motions 

 Degrees of freedom for translational and rotational motions: 6

 Vibrational frequencies:
 mode    frequency (cm-1)
    0             1127.85
    1             1660.86
    2             1687.01
    3             3444.85
    4             3556.34
    5             3561.20

 --------------------------------------------------------------------------------

 End time:                               Tue Apr 27 15:47:03 2021
 Total wall-clock time:                 16.820 seconds
==================================================================================
