
================================================================================
          _____________ ________ _______________ ________     _________         
         / ___________// ______ \\_____   _____// ______ \   / ________)        
        / /_________  / /      \ \     | |     / /      \ \ | (_______          
       |  __________|| |        | |    | |    | |        | | \________ \        
        \ \_________ | |        | |    | |     \ \______/ /___________) |       
         \__________||_|        |_|    |_|      \________//____________/        
                                                                                
====================================[ Qcore ]===================================

 Git hash:   15a3e7daff0cda5fa9af010ccd19a80288182ecf
 Git date:   Fri, 16 Apr 2021 15:57:16 +0100
 Compiler:   GNU 9.1.0
 Build type: Release
 Version:    1.1.0

 Start time: Sat May  8 10:07:42 2021

 Data directory: /work/zw18965/.local/qcore/share/entos/1.1.0/data
 Number of threads: 24
 Number of threads was determined by: command line argument
  - More threads can be used by running 'qcore -n 32'

 --------------------------------------------------------------------------------
                                command: optimize                                
 --------------------------------------------------------------------------------
 Using coordinate system:                tric
 Hessian update scheme:                  bfgs

 ------------------------------------------------------------------------------------------------------------
                   energy      change    grad rms    grad max    step rms    step max       trust    time (s)
 ------------------------------------------------------------------------------------------------------------
   1      -184.614025537                3.51e-02    8.44e-02                            2.00e-01        1.84
   2      -184.617709279   -3.68e-03    5.73e-03    1.40e-02    4.37e-02    6.11e-02    2.00e-01        1.35
   3      -184.617758257   -4.90e-05    1.58e-03    3.87e-03    2.71e-03    6.54e-03    2.00e-01        1.35
   4      -184.617762420   -4.16e-06    2.28e-05    5.41e-05    1.08e-03    2.62e-03    2.00e-01        1.32
   5      -184.617762423   -2.52e-09    2.42e-06    5.89e-06    3.38e-05    5.82e-05    2.00e-01        1.24
 Geometry optimization stopped:          thresholds achieved

 Final energy:                        -184.617762423

 -----------
  Final XYZ 
 -----------
3
Final structure: -184.618 hartree
N            0.000000084         -0.000000089         -1.131448167
N           -0.000000072          0.000000064          0.001600366
O           -0.000000012          0.000000024          1.188847805

 Structure in entos input format:

  structure(
    xyz = [
      ['N'  ,          0.000000084,         -0.000000089,         -1.131448167],
      ['N'  ,         -0.000000072,          0.000000064,          0.001600366],
      ['O'  ,         -0.000000012,          0.000000024,          1.188847805]
    ]
  )

 --------------------------------
  Geometry optimization finished 
 --------------------------------
 Saving results in set 'opt'

 --------------------------------------------------------------------------------
                                 command: hessian                                
 --------------------------------------------------------------------------------

WARNING: semianalytic method is specified for dft hessian, which is not efficient. Try switching to 'method = analytic'


 -------------------------------
  Numerical Geometrical Hessian 
 -------------------------------

 Compute hessian using two-point central differentiation.
 Step size (bohr):                       0.0100

 Frequencies (including translational and rotational modes):
 mode    frequency (cm-1)
    0               11.66 i (imaginary)
    1               11.62 i (imaginary)
    2                0.01 i (imaginary)
    3                0.30
    4                0.33
    5              605.19
    6              605.19
    7             1361.66
    8             2379.62

 Project out translational and rotational motions 

 Degrees of freedom for translational and rotational motions: 6

 Vibrational frequencies:
 mode    frequency (cm-1)
    0              605.19
    1             1361.66
    2             2379.62

 --------------------------------------------------------------------------------

 End time:                               Sat May  8 10:08:15 2021
 Total wall-clock time:                 32.969 seconds
==================================================================================
