
================================================================================
          _____________ ________ _______________ ________     _________         
         / ___________// ______ \\_____   _____// ______ \   / ________)        
        / /_________  / /      \ \     | |     / /      \ \ | (_______          
       |  __________|| |        | |    | |    | |        | | \________ \        
        \ \_________ | |        | |    | |     \ \______/ /___________) |       
         \__________||_|        |_|    |_|      \________//____________/        
                                                                                
====================================[ Qcore ]===================================

 Git hash:   15a3e7daff0cda5fa9af010ccd19a80288182ecf
 Git date:   Fri, 16 Apr 2021 15:57:16 +0100
 Compiler:   GNU 9.1.0
 Build type: Release
 Version:    1.1.0

 Start time: Tue Apr 27 15:47:08 2021

 Data directory: /work/zw18965/.local/qcore/share/entos/1.1.0/data
 Number of threads: 24
 Number of threads was determined by: command line argument

 --------------------------------------------------------------------------------
                                command: optimize                                
 --------------------------------------------------------------------------------
 Using coordinate system:                tric
 Hessian update scheme:                  bfgs

 ------------------------------------------------------------------------------------------------------------
                   energy      change    grad rms    grad max    step rms    step max       trust    time (s)
 ------------------------------------------------------------------------------------------------------------
   1      -364.677864733                2.16e-03    3.74e-03                            2.00e-01        1.78
   2      -364.677873510   -8.78e-06    1.04e-03    1.79e-03    1.58e-03    3.16e-03    2.00e-01        1.05
   3      -364.677876188   -2.68e-06    6.84e-06    1.18e-05    1.46e-03    2.92e-03    2.00e-01        1.09
   4      -364.677876188   -5.54e-10    5.61e-07    9.72e-07    9.70e-06    1.94e-05    2.00e-01        0.98
 Geometry optimization stopped:          thresholds achieved

 Final energy:                        -364.677876188

 -----------
  Final XYZ 
 -----------
2
Final structure: -364.678 hartree
Si          -0.000000003          0.000000003         -0.758543063
O            0.000000003         -0.000000003          0.758543063

 Structure in entos input format:

  structure(
    xyz = [
      ['Si' ,         -0.000000003,          0.000000003,         -0.758543063],
      ['O'  ,          0.000000003,         -0.000000003,          0.758543063]
    ]
  )

 --------------------------------
  Geometry optimization finished 
 --------------------------------
 Saving results in set 'opt'

 --------------------------------------------------------------------------------
                                 command: hessian                                
 --------------------------------------------------------------------------------

WARNING: semianalytic method is specified for dft hessian, which is not efficient. Try switching to 'method = analytic'


 -------------------------------
  Numerical Geometrical Hessian 
 -------------------------------

 Compute hessian using two-point central differentiation.
 Step size (bohr):                       0.0100

 Frequencies (including translational and rotational modes):
 mode    frequency (cm-1)
    0                0.35 i (imaginary)
    1                0.03 i (imaginary)
    2                0.01 i (imaginary)
    3               18.12
    4               18.15
    5             1254.90

 Project out translational and rotational motions 

 The molecule is linear

 Degrees of freedom for translational and rotational motions: 5

 Vibrational frequencies:
 mode    frequency (cm-1)
    0             1254.90

 --------------------------------------------------------------------------------

 End time:                               Tue Apr 27 15:47:27 2021
 Total wall-clock time:                 19.116 seconds
==================================================================================
