
================================================================================
          _____________ ________ _______________ ________     _________         
         / ___________// ______ \\_____   _____// ______ \   / ________)        
        / /_________  / /      \ \     | |     / /      \ \ | (_______          
       |  __________|| |        | |    | |    | |        | | \________ \        
        \ \_________ | |        | |    | |     \ \______/ /___________) |       
         \__________||_|        |_|    |_|      \________//____________/        
                                                                                
====================================[ Qcore ]===================================

 Git hash:   15a3e7daff0cda5fa9af010ccd19a80288182ecf
 Git date:   Fri, 16 Apr 2021 15:57:16 +0100
 Compiler:   GNU 9.1.0
 Build type: Release
 Version:    1.1.0

 Start time: Sat May  8 10:10:52 2021

 Data directory: /work/zw18965/.local/qcore/share/entos/1.1.0/data
 Number of threads: 24
 Number of threads was determined by: command line argument
  - More threads can be used by running 'qcore -n 32'

 --------------------------------------------------------------------------------
                                command: optimize                                
 --------------------------------------------------------------------------------
 Using coordinate system:                tric
 Hessian update scheme:                  bfgs

 ------------------------------------------------------------------------------------------------------------
                   energy      change    grad rms    grad max    step rms    step max       trust    time (s)
 ------------------------------------------------------------------------------------------------------------
   1      -115.678561906                5.01e-03    8.75e-03                            2.00e-01        2.30
   2      -115.679079773   -5.18e-04    1.46e-03    2.44e-03    1.93e-02    2.72e-02    2.00e-01        1.69
   3      -115.679140796   -6.10e-05    2.45e-04    5.39e-04    9.53e-03    1.71e-02    2.00e-01        1.61
   4      -115.679143782   -2.99e-06    1.54e-04    4.66e-04    3.21e-03    3.97e-03    2.00e-01        1.56
   5      -115.679144202   -4.20e-07    6.68e-05    2.22e-04    1.10e-03    1.21e-03    2.00e-01        1.49
   6      -115.679144254   -5.24e-08    2.01e-05    6.51e-05    1.61e-04    3.44e-04    2.00e-01        1.54
 Geometry optimization stopped:          thresholds achieved

 Final energy:                        -115.679144254

 -----------
  Final XYZ 
 -----------
6
Final structure: -115.679 hartree
C           -0.350603777         -0.043452824         -0.017544194
O            1.006658544         -0.352700078         -0.270491135
H           -0.530373182          1.046107337          0.098098413
H           -0.622230462         -0.532998949          0.932708609
H           -1.034075705         -0.426268021         -0.804401510
H            1.247181743          0.075487673         -1.104175127

 Structure in entos input format:

  structure(
    xyz = [
      ['C'  ,         -0.350603777,         -0.043452824,         -0.017544194],
      ['O'  ,          1.006658544,         -0.352700078,         -0.270491135],
      ['H'  ,         -0.530373182,          1.046107337,          0.098098413],
      ['H'  ,         -0.622230462,         -0.532998949,          0.932708609],
      ['H'  ,         -1.034075705,         -0.426268021,         -0.804401510],
      ['H'  ,          1.247181743,          0.075487673,         -1.104175127]
    ]
  )

 --------------------------------
  Geometry optimization finished 
 --------------------------------
 Saving results in set 'opt'

 --------------------------------------------------------------------------------
                                 command: hessian                                
 --------------------------------------------------------------------------------

WARNING: semianalytic method is specified for dft hessian, which is not efficient. Try switching to 'method = analytic'


 -------------------------------
  Numerical Geometrical Hessian 
 -------------------------------

 Compute hessian using two-point central differentiation.
 Step size (bohr):                       0.0100

 Frequencies (including translational and rotational modes):
 mode    frequency (cm-1)
    0               12.39 i (imaginary)
    1                2.04 i (imaginary)
    2                0.96 i (imaginary)
    3                0.24
    4                5.25
    5                9.78
    6              333.66
    7             1070.35
    8             1109.58
    9             1160.67
   10             1381.69
   11             1470.52
   12             1471.78
   13             1489.36
   14             2982.23
   15             3033.67
   16             3117.51
   17             3816.53

 Project out translational and rotational motions 

 Degrees of freedom for translational and rotational motions: 6

 Vibrational frequencies:
 mode    frequency (cm-1)
    0              333.66
    1             1070.35
    2             1109.58
    3             1160.67
    4             1381.69
    5             1470.52
    6             1471.78
    7             1489.36
    8             2982.23
    9             3033.67
   10             3117.51
   11             3816.53

 --------------------------------------------------------------------------------

 End time:                               Sat May  8 10:12:03 2021
 Total wall-clock time:                 71.064 seconds
==================================================================================
