
================================================================================
          _____________ ________ _______________ ________     _________         
         / ___________// ______ \\_____   _____// ______ \   / ________)        
        / /_________  / /      \ \     | |     / /      \ \ | (_______          
       |  __________|| |        | |    | |    | |        | | \________ \        
        \ \_________ | |        | |    | |     \ \______/ /___________) |       
         \__________||_|        |_|    |_|      \________//____________/        
                                                                                
====================================[ Qcore ]===================================

 Git hash:   15a3e7daff0cda5fa9af010ccd19a80288182ecf
 Git date:   Fri, 16 Apr 2021 15:57:16 +0100
 Compiler:   GNU 9.1.0
 Build type: Release
 Version:    1.1.0

 Start time: Fri Apr 23 10:38:37 2021

 Data directory: /work/zw18965/.local/qcore/share/entos/1.1.0/data
 Number of threads: 24
 Number of threads was determined by: command line argument
  - More threads can be used by running 'qcore -n 32'

 --------------------------------------------------------------------------------
                                command: optimize                                
 --------------------------------------------------------------------------------
 Using coordinate system:                tric
 Hessian update scheme:                  bfgs

 ------------------------------------------------------------------------------------------------------------
                   energy      change    grad rms    grad max    step rms    step max       trust    time (s)
 ------------------------------------------------------------------------------------------------------------
   1       -78.659394115                4.19e-03    6.08e-03                            2.00e-01       16.20
   2       -78.659989693   -5.96e-04    1.25e-03    2.19e-03    2.64e-02    2.14e-02    2.00e-01       12.77
   3       -78.660026226   -3.65e-05    5.05e-04    1.50e-03    8.16e-03    6.78e-03    2.00e-01       12.67
   4       -78.660028434   -2.21e-06    1.67e-04    5.07e-04    1.53e-03    2.39e-03    2.00e-01       12.86
   5       -78.660028808   -3.74e-07    7.89e-05    1.69e-04    5.11e-04    7.42e-04    2.00e-01       12.24
 Geometry optimization stopped:          thresholds achieved

 Final energy:                         -78.660028808

 -----------
  Final XYZ 
 -----------
6
Final structure: -78.66 hartree
C           -0.651785589         -0.051893230          0.000245103
C            0.651696372          0.051954142         -0.000422276
H           -1.219446387          0.002294496         -0.906472967
H           -1.202190752         -0.195288065          0.907767421
H            1.202877436          0.195283076         -0.907674489
H            1.218641504         -0.002367014          0.906658868

 Structure in entos input format:

  structure(
    xyz = [
      ['C'  ,         -0.651785589,         -0.051893230,          0.000245103],
      ['C'  ,          0.651696372,          0.051954142,         -0.000422276],
      ['H'  ,         -1.219446387,          0.002294496,         -0.906472967],
      ['H'  ,         -1.202190752,         -0.195288065,          0.907767421],
      ['H'  ,          1.202877436,          0.195283076,         -0.907674489],
      ['H'  ,          1.218641504,         -0.002367014,          0.906658868]
    ]
  )

 --------------------------------
  Geometry optimization finished 
 --------------------------------
 Saving results in set 'opt'

 --------------------------------------------------------------------------------
                                 command: hessian                                
 --------------------------------------------------------------------------------

WARNING: semianalytic method is specified for dft hessian, which is not efficient. Try switching to 'method = analytic'


 -------------------------------
  Numerical Geometrical Hessian 
 -------------------------------

 Compute hessian using two-point central differentiation.
 Step size (bohr):                       0.0100

 Frequencies (including translational and rotational modes):
 mode    frequency (cm-1)
    0              175.53 i (imaginary)
    1              102.34 i (imaginary)
    2               42.82 i (imaginary)
    3               17.87 i (imaginary)
    4               65.25
    5              206.37
    6              795.07
    7             1003.98
    8             1012.55
    9             1089.91
   10             1280.32
   11             1357.79
   12             1498.77
   13             1754.47
   14             3225.56
   15             3250.12
   16             3324.83
   17             3336.83

 Project out translational and rotational motions 

 Degrees of freedom for translational and rotational motions: 6

 Vibrational frequencies:
 mode    frequency (cm-1)
    0              792.03
    1             1003.68
    2             1012.29
    3             1089.77
    4             1279.48
    5             1357.13
    6             1498.42
    7             1754.38
    8             3225.51
    9             3250.10
   10             3324.81
   11             3336.74

 --------------------------------------------------------------------------------

 End time:                               Fri Apr 23 10:47:54 2021
 Total wall-clock time:                556.436 seconds
==================================================================================
