
================================================================================
          _____________ ________ _______________ ________     _________         
         / ___________// ______ \\_____   _____// ______ \   / ________)        
        / /_________  / /      \ \     | |     / /      \ \ | (_______          
       |  __________|| |        | |    | |    | |        | | \________ \        
        \ \_________ | |        | |    | |     \ \______/ /___________) |       
         \__________||_|        |_|    |_|      \________//____________/        
                                                                                
====================================[ Qcore ]===================================

 Git hash:   15a3e7daff0cda5fa9af010ccd19a80288182ecf
 Git date:   Fri, 16 Apr 2021 15:57:16 +0100
 Compiler:   GNU 9.1.0
 Build type: Release
 Version:    1.1.0

 Start time: Fri Apr 23 10:41:33 2021

 Data directory: /work/zw18965/.local/qcore/share/entos/1.1.0/data
 Number of threads: 24
 Number of threads was determined by: command line argument

 --------------------------------------------------------------------------------
                                command: optimize                                
 --------------------------------------------------------------------------------
 Using coordinate system:                tric
 Hessian update scheme:                  bfgs

 ------------------------------------------------------------------------------------------------------------
                   energy      change    grad rms    grad max    step rms    step max       trust    time (s)
 ------------------------------------------------------------------------------------------------------------
   1       -40.549166632                3.61e-03    5.82e-03                            2.00e-01        6.68
   2       -40.549421043   -2.54e-04    9.60e-04    1.53e-03    1.29e-02    1.45e-02    2.00e-01        4.55
   3       -40.549439141   -1.81e-05    3.63e-05    7.64e-05    4.65e-03    5.36e-03    2.00e-01        4.69
   4       -40.549439177   -3.58e-08    5.89e-05    1.52e-04    2.07e-04    3.84e-04    2.00e-01        4.39
 Geometry optimization stopped:          thresholds achieved

 Final energy:                         -40.549439177

 -----------
  Final XYZ 
 -----------
5
Final structure: -40.5494 hartree
C           -0.000012035          0.000058057         -0.000035872
H            0.545423457          0.787103815          0.489913228
H            0.673213051         -0.800764543         -0.250073646
H           -0.766643409         -0.368387655          0.658473928
H           -0.452081062          0.382090325         -0.898277733

 Structure in entos input format:

  structure(
    xyz = [
      ['C'  ,         -0.000012035,          0.000058057,         -0.000035872],
      ['H'  ,          0.545423457,          0.787103815,          0.489913228],
      ['H'  ,          0.673213051,         -0.800764543,         -0.250073646],
      ['H'  ,         -0.766643409,         -0.368387655,          0.658473928],
      ['H'  ,         -0.452081062,          0.382090325,         -0.898277733]
    ]
  )

 --------------------------------
  Geometry optimization finished 
 --------------------------------
 Saving results in set 'opt'

 --------------------------------------------------------------------------------
                                 command: hessian                                
 --------------------------------------------------------------------------------

WARNING: semianalytic method is specified for dft hessian, which is not efficient. Try switching to 'method = analytic'


 -------------------------------
  Numerical Geometrical Hessian 
 -------------------------------

 Compute hessian using two-point central differentiation.
 Step size (bohr):                       0.0100

 Frequencies (including translational and rotational modes):
 mode    frequency (cm-1)
    0              126.29 i (imaginary)
    1               65.31 i (imaginary)
    2               19.46 i (imaginary)
    3               14.71
    4              146.01
    5              219.55
    6             1344.50
    7             1356.56
    8             1375.44
    9             1554.87
   10             1614.07
   11             3115.48
   12             3235.32
   13             3256.27
   14             3279.37

 Project out translational and rotational motions 

 Degrees of freedom for translational and rotational motions: 6

 Vibrational frequencies:
 mode    frequency (cm-1)
    0             1344.28
    1             1356.25
    2             1374.53
    3             1554.60
    4             1613.97
    5             3115.36
    6             3235.23
    7             3256.21
    8             3279.26

 --------------------------------------------------------------------------------

 End time:                               Fri Apr 23 10:44:21 2021
 Total wall-clock time:                168.203 seconds
==================================================================================
