
================================================================================
          _____________ ________ _______________ ________     _________         
         / ___________// ______ \\_____   _____// ______ \   / ________)        
        / /_________  / /      \ \     | |     / /      \ \ | (_______          
       |  __________|| |        | |    | |    | |        | | \________ \        
        \ \_________ | |        | |    | |     \ \______/ /___________) |       
         \__________||_|        |_|    |_|      \________//____________/        
                                                                                
====================================[ Qcore ]===================================

 Git hash:   15a3e7daff0cda5fa9af010ccd19a80288182ecf
 Git date:   Fri, 16 Apr 2021 15:57:16 +0100
 Compiler:   GNU 9.1.0
 Build type: Release
 Version:    1.1.0

 Start time: Sat May  8 11:34:30 2021

 Data directory: /work/zw18965/.local/qcore/share/entos/1.1.0/data
 Number of threads: 24
 Number of threads was determined by: command line argument
  - More threads can be used by running 'qcore -n 32'

 --------------------------------------------------------------------------------
                                command: optimize                                
 --------------------------------------------------------------------------------
 Using coordinate system:                tric
 Hessian update scheme:                  bfgs

 ------------------------------------------------------------------------------------------------------------
                   energy      change    grad rms    grad max    step rms    step max       trust    time (s)
 ------------------------------------------------------------------------------------------------------------
   1      -114.620919890                6.57e-03    1.87e-02                            2.00e-01       11.45
   2      -114.621435614   -5.16e-04    1.87e-03    5.20e-03    2.25e-02    2.93e-02    2.00e-01        7.09
   3      -114.621482564   -4.70e-05    1.06e-03    2.93e-03    8.57e-03    1.48e-02    2.00e-01        7.33
   4      -114.621487567   -5.00e-06    2.54e-04    6.12e-04    2.38e-03    4.83e-03    2.00e-01        6.75
   5      -114.621487831   -2.64e-07    1.38e-05    3.23e-05    4.17e-04    7.02e-04    2.00e-01        6.24
 Geometry optimization stopped:          thresholds achieved

 Final energy:                        -114.621487831

 -----------
  Final XYZ 
 -----------
4
Final structure: -114.621 hartree
C           -0.006628495          0.000856096          0.000424245
O            1.164590540         -0.154175839         -0.074613863
H           -0.474415132          0.973006789         -0.182949636
H           -0.683555300         -0.819754272          0.257147202

 Structure in entos input format:

  structure(
    xyz = [
      ['C'  ,         -0.006628495,          0.000856096,          0.000424245],
      ['O'  ,          1.164590540,         -0.154175839,         -0.074613863],
      ['H'  ,         -0.474415132,          0.973006789,         -0.182949636],
      ['H'  ,         -0.683555300,         -0.819754272,          0.257147202]
    ]
  )

 --------------------------------
  Geometry optimization finished 
 --------------------------------
 Saving results in set 'opt'

 --------------------------------------------------------------------------------
                                 command: hessian                                
 --------------------------------------------------------------------------------

WARNING: semianalytic method is specified for dft hessian, which is not efficient. Try switching to 'method = analytic'


 -------------------------------
  Numerical Geometrical Hessian 
 -------------------------------

 Compute hessian using two-point central differentiation.
 Step size (bohr):                       0.0100

 Frequencies (including translational and rotational modes):
 mode    frequency (cm-1)
    0               14.57 i (imaginary)
    1                8.37 i (imaginary)
    2                1.30 i (imaginary)
    3                0.10
    4                1.08
    5                5.50
    6             1236.06
    7             1297.85
    8             1566.03
    9             1897.13
   10             2982.87
   11             3049.32

 Project out translational and rotational motions 

 Degrees of freedom for translational and rotational motions: 6

 Vibrational frequencies:
 mode    frequency (cm-1)
    0             1236.06
    1             1297.85
    2             1566.03
    3             1897.13
    4             2982.87
    5             3049.32

 --------------------------------------------------------------------------------

 End time:                               Sat May  8 11:38:08 2021
 Total wall-clock time:                218.304 seconds
==================================================================================
