
================================================================================
          _____________ ________ _______________ ________     _________         
         / ___________// ______ \\_____   _____// ______ \   / ________)        
        / /_________  / /      \ \     | |     / /      \ \ | (_______          
       |  __________|| |        | |    | |    | |        | | \________ \        
        \ \_________ | |        | |    | |     \ \______/ /___________) |       
         \__________||_|        |_|    |_|      \________//____________/        
                                                                                
====================================[ Qcore ]===================================

 Git hash:   15a3e7daff0cda5fa9af010ccd19a80288182ecf
 Git date:   Fri, 16 Apr 2021 15:57:16 +0100
 Compiler:   GNU 9.1.0
 Build type: Release
 Version:    1.1.0

 Start time: Sat May  8 11:48:00 2021

 Data directory: /work/zw18965/.local/qcore/share/entos/1.1.0/data
 Number of threads: 24
 Number of threads was determined by: command line argument
  - More threads can be used by running 'qcore -n 32'

 --------------------------------------------------------------------------------
                                command: optimize                                
 --------------------------------------------------------------------------------
 Using coordinate system:                tric
 Hessian update scheme:                  bfgs

 ------------------------------------------------------------------------------------------------------------
                   energy      change    grad rms    grad max    step rms    step max       trust    time (s)
 ------------------------------------------------------------------------------------------------------------
   1       -93.516984443                1.05e-02    2.44e-02                            2.00e-01        7.70
   2       -93.517248716   -2.64e-04    1.28e-03    3.10e-03    1.20e-02    1.94e-02    2.00e-01        4.19
   3       -93.517253510   -4.79e-06    2.50e-04    6.00e-04    1.60e-03    3.67e-03    2.00e-01        3.99
   4       -93.517253727   -2.17e-07    2.09e-06    3.86e-06    4.38e-04    9.86e-04    2.00e-01        3.64
 Geometry optimization stopped:          thresholds achieved

 Final energy:                         -93.517253727

 -----------
  Final XYZ 
 -----------
3
Final structure: -93.5173 hartree
C           -0.025812146         -0.000007536         -0.000000084
N            1.108362762         -0.000589623          0.000000049
H           -1.082550616          0.000597164          0.000000034

 Structure in entos input format:

  structure(
    xyz = [
      ['C'  ,         -0.025812146,         -0.000007536,         -0.000000084],
      ['N'  ,          1.108362762,         -0.000589623,          0.000000049],
      ['H'  ,         -1.082550616,          0.000597164,          0.000000034]
    ]
  )

 --------------------------------
  Geometry optimization finished 
 --------------------------------
 Saving results in set 'opt'

 --------------------------------------------------------------------------------
                                 command: hessian                                
 --------------------------------------------------------------------------------

WARNING: semianalytic method is specified for dft hessian, which is not efficient. Try switching to 'method = analytic'


 -------------------------------
  Numerical Geometrical Hessian 
 -------------------------------

 Compute hessian using two-point central differentiation.
 Step size (bohr):                       0.0100

 Frequencies (including translational and rotational modes):
 mode    frequency (cm-1)
    0                2.15 i (imaginary)
    1                2.12 i (imaginary)
    2                0.00 i (imaginary)
    3                4.38
    4                4.39
    5              784.06
    6              784.06
    7             2266.84
    8             3528.98

 Project out translational and rotational motions 

 Degrees of freedom for translational and rotational motions: 6

 Vibrational frequencies:
 mode    frequency (cm-1)
    0              784.06
    1             2266.84
    2             3528.98

 --------------------------------------------------------------------------------

 End time:                               Sat May  8 11:49:41 2021
 Total wall-clock time:                101.385 seconds
==================================================================================
