
================================================================================
          _____________ ________ _______________ ________     _________         
         / ___________// ______ \\_____   _____// ______ \   / ________)        
        / /_________  / /      \ \     | |     / /      \ \ | (_______          
       |  __________|| |        | |    | |    | |        | | \________ \        
        \ \_________ | |        | |    | |     \ \______/ /___________) |       
         \__________||_|        |_|    |_|      \________//____________/        
                                                                                
====================================[ Qcore ]===================================

 Git hash:   15a3e7daff0cda5fa9af010ccd19a80288182ecf
 Git date:   Fri, 16 Apr 2021 15:57:16 +0100
 Compiler:   GNU 9.1.0
 Build type: Release
 Version:    1.1.0

 Start time: Sat May  8 11:51:58 2021

 Data directory: /work/zw18965/.local/qcore/share/entos/1.1.0/data
 Number of threads: 24
 Number of threads was determined by: command line argument
  - More threads can be used by running 'qcore -n 32'

 --------------------------------------------------------------------------------
                                command: optimize                                
 --------------------------------------------------------------------------------
 Using coordinate system:                tric
 Hessian update scheme:                  bfgs

 ------------------------------------------------------------------------------------------------------------
                   energy      change    grad rms    grad max    step rms    step max       trust    time (s)
 ------------------------------------------------------------------------------------------------------------
   1      -536.313216495                1.09e-02    2.57e-02                            2.00e-01       17.64
   2      -536.314497493   -1.28e-03    5.77e-03    1.30e-02    4.42e-02    4.40e-02    2.00e-01       10.68
   3      -536.314800525   -3.03e-04    1.26e-03    2.67e-03    3.01e-02    3.69e-02    2.00e-01       10.60
   4      -536.314818679   -1.82e-05    7.85e-04    1.60e-03    4.64e-03    6.96e-03    2.00e-01       10.26
   5      -536.314828890   -1.02e-05    8.24e-05    1.57e-04    5.86e-03    9.26e-03    2.00e-01       10.09
   6      -536.314829313   -4.23e-07    5.46e-05    1.31e-04    2.03e-04    3.12e-03    2.00e-01        9.42
   7      -536.314835847   -6.53e-06    7.61e-04    1.68e-03    2.46e-03    7.42e-02    2.00e-01       11.38
   8      -536.314839437   -3.59e-06    8.99e-04    1.99e-03    2.84e-04    5.27e-02    2.00e-01       11.88
   9      -536.314844292   -4.85e-06    4.69e-04    1.03e-03    1.73e-03    3.97e-02    2.00e-01       10.79
  10      -536.314845521   -1.23e-06    1.55e-05    2.75e-05    1.48e-03    2.35e-03    2.00e-01        9.14
Rejecting step due to low quality: Quality: -5.85189 New trust radius: 2.91077e-05
  11      -536.314845512    8.83e-09    1.55e-05    2.75e-05    5.82e-05    2.02e-04    2.91e-05        8.62
 Geometry optimization stopped:          thresholds achieved

 Final energy:                        -536.314845512

 -----------
  Final XYZ 
 -----------
3
Final structure: -536.315 hartree
O           -0.376665962          0.417612808          0.000005183
Cl           1.217813524         -0.001149436         -0.000015150
H           -0.841147564         -0.416463369          0.000009968

 Structure in entos input format:

  structure(
    xyz = [
      ['O'  ,         -0.376665962,          0.417612808,          0.000005183],
      ['Cl' ,          1.217813524,         -0.001149436,         -0.000015150],
      ['H'  ,         -0.841147564,         -0.416463369,          0.000009968]
    ]
  )

 --------------------------------
  Geometry optimization finished 
 --------------------------------
 Saving results in set 'opt'

 --------------------------------------------------------------------------------
                                 command: hessian                                
 --------------------------------------------------------------------------------

WARNING: semianalytic method is specified for dft hessian, which is not efficient. Try switching to 'method = analytic'


 -------------------------------
  Numerical Geometrical Hessian 
 -------------------------------

 Compute hessian using two-point central differentiation.
 Step size (bohr):                       0.0100

 Frequencies (including translational and rotational modes):
 mode    frequency (cm-1)
    0               25.71 i (imaginary)
    1                0.16 i (imaginary)
    2                0.02 i (imaginary)
    3                0.08
    4               33.76
    5               46.53
    6              822.88
    7             1296.32
    8             3911.74

 Project out translational and rotational motions 

 Degrees of freedom for translational and rotational motions: 6

 Vibrational frequencies:
 mode    frequency (cm-1)
    0              822.88
    1             1296.32
    2             3911.74

 --------------------------------------------------------------------------------

 End time:                               Sat May  8 11:57:15 2021
 Total wall-clock time:                316.589 seconds
==================================================================================
