
================================================================================
          _____________ ________ _______________ ________     _________         
         / ___________// ______ \\_____   _____// ______ \   / ________)        
        / /_________  / /      \ \     | |     / /      \ \ | (_______          
       |  __________|| |        | |    | |    | |        | | \________ \        
        \ \_________ | |        | |    | |     \ \______/ /___________) |       
         \__________||_|        |_|    |_|      \________//____________/        
                                                                                
====================================[ Qcore ]===================================

 Git hash:   15a3e7daff0cda5fa9af010ccd19a80288182ecf
 Git date:   Fri, 16 Apr 2021 15:57:16 +0100
 Compiler:   GNU 9.1.0
 Build type: Release
 Version:    1.1.0

 Start time: Fri Apr 23 10:46:38 2021

 Data directory: /work/zw18965/.local/qcore/share/entos/1.1.0/data
 Number of threads: 24
 Number of threads was determined by: command line argument
  - More threads can be used by running 'qcore -n 32'

 --------------------------------------------------------------------------------
                                command: optimize                                
 --------------------------------------------------------------------------------
 Using coordinate system:                tric
 Hessian update scheme:                  bfgs

 ------------------------------------------------------------------------------------------------------------
                   energy      change    grad rms    grad max    step rms    step max       trust    time (s)
 ------------------------------------------------------------------------------------------------------------
   1       -56.616421356                4.59e-03    8.74e-03                            2.00e-01        4.73
   2       -56.616719783   -2.98e-04    7.47e-04    1.47e-03    1.96e-02    1.43e-02    2.00e-01        2.90
   3       -56.616736184   -1.64e-05    3.82e-04    1.05e-03    6.34e-03    5.45e-03    2.00e-01        2.78
   4       -56.616738285   -2.10e-06    2.63e-04    6.32e-04    1.78e-03    2.19e-03    2.00e-01        2.78
   5       -56.616739201   -9.16e-07    3.66e-05    6.68e-05    1.57e-03    2.85e-03    2.00e-01        2.81
   6       -56.616739123    7.79e-08    7.28e-05    1.80e-04    4.94e-04    3.03e-03    2.47e-04        2.78
   7       -56.616739186   -6.25e-08    3.64e-05    8.79e-05    2.47e-04    3.08e-04    3.49e-04        2.71
 Geometry optimization stopped:          thresholds achieved

 Final energy:                         -56.616739186

 -----------
  Final XYZ 
 -----------
4
Final structure: -56.6167 hartree
N           -0.002087330         -0.000939557          0.273668227
H           -0.517169288         -0.773927929         -0.097746875
H           -0.410825010          0.835888356         -0.091565110
H            0.930081628         -0.061020871         -0.084356242

 Structure in entos input format:

  structure(
    xyz = [
      ['N'  ,         -0.002087330,         -0.000939557,          0.273668227],
      ['H'  ,         -0.517169288,         -0.773927929,         -0.097746875],
      ['H'  ,         -0.410825010,          0.835888356,         -0.091565110],
      ['H'  ,          0.930081628,         -0.061020871,         -0.084356242]
    ]
  )

 --------------------------------
  Geometry optimization finished 
 --------------------------------
 Saving results in set 'opt'

 --------------------------------------------------------------------------------
                                 command: hessian                                
 --------------------------------------------------------------------------------

WARNING: semianalytic method is specified for dft hessian, which is not efficient. Try switching to 'method = analytic'


 -------------------------------
  Numerical Geometrical Hessian 
 -------------------------------

 Compute hessian using two-point central differentiation.
 Step size (bohr):                       0.0100

 Frequencies (including translational and rotational modes):
 mode    frequency (cm-1)
    0              286.23 i (imaginary)
    1              183.27 i (imaginary)
    2               28.04 i (imaginary)
    3               12.91
    4              111.15
    5              197.41
    6             1034.90
    7             1671.30
    8             1710.82
    9             3588.46
   10             3734.58
   11             3741.16

 Project out translational and rotational motions 

 Degrees of freedom for translational and rotational motions: 6

 Vibrational frequencies:
 mode    frequency (cm-1)
    0             1034.74
    1             1671.05
    2             1710.58
    3             3588.43
    4             3734.56
    5             3741.13

 --------------------------------------------------------------------------------

 End time:                               Fri Apr 23 10:48:12 2021
 Total wall-clock time:                 94.037 seconds
==================================================================================
