
================================================================================
          _____________ ________ _______________ ________     _________         
         / ___________// ______ \\_____   _____// ______ \   / ________)        
        / /_________  / /      \ \     | |     / /      \ \ | (_______          
       |  __________|| |        | |    | |    | |        | | \________ \        
        \ \_________ | |        | |    | |     \ \______/ /___________) |       
         \__________||_|        |_|    |_|      \________//____________/        
                                                                                
====================================[ Qcore ]===================================

 Git hash:   15a3e7daff0cda5fa9af010ccd19a80288182ecf
 Git date:   Fri, 16 Apr 2021 15:57:16 +0100
 Compiler:   GNU 9.1.0
 Build type: Release
 Version:    1.1.0

 Start time: Fri Apr 23 10:49:50 2021

 Data directory: /work/zw18965/.local/qcore/share/entos/1.1.0/data
 Number of threads: 24
 Number of threads was determined by: command line argument
  - More threads can be used by running 'qcore -n 32'

 --------------------------------------------------------------------------------
                                command: optimize                                
 --------------------------------------------------------------------------------
 Using coordinate system:                tric
 Hessian update scheme:                  bfgs

 ------------------------------------------------------------------------------------------------------------
                   energy      change    grad rms    grad max    step rms    step max       trust    time (s)
 ------------------------------------------------------------------------------------------------------------
   1      -549.053475262                2.00e-02    3.40e-02                            2.00e-01       33.79
   2      -549.054768307   -1.29e-03    1.08e-02    1.89e-02    1.83e-02    2.40e-02    2.00e-01       24.39
   3      -549.055244302   -4.76e-04    9.84e-04    1.97e-03    2.07e-02    2.78e-02    2.00e-01       23.10
   4      -549.055250118   -5.82e-06    3.41e-04    8.22e-04    2.35e-03    2.53e-03    2.00e-01       21.55
   5      -549.055250859   -7.42e-07    2.33e-04    5.66e-04    5.95e-04    7.85e-04    2.00e-01       19.81
   6      -549.055251538   -6.78e-07    5.81e-05    1.15e-04    2.14e-03    4.39e-03    2.00e-01       21.51
   7      -549.055251672   -1.34e-07    4.53e-05    9.01e-05    5.53e-04    1.38e-03    2.00e-01       20.06
   8      -549.055251690   -1.83e-08    9.40e-05    1.72e-04    6.82e-05    8.06e-04    2.00e-01       19.79
 Geometry optimization stopped:          thresholds achieved

 Final energy:                        -549.055251690

 -----------
  Final XYZ 
 -----------
3
Final structure: -549.055 hartree
S           -0.003416640          0.476448156          0.000000086
O            1.219393381         -0.229426290          0.000000426
O           -1.215976741         -0.247021867         -0.000000511

 Structure in entos input format:

  structure(
    xyz = [
      ['S'  ,         -0.003416640,          0.476448156,          0.000000086],
      ['O'  ,          1.219393381,         -0.229426290,          0.000000426],
      ['O'  ,         -1.215976741,         -0.247021867,         -0.000000511]
    ]
  )

 --------------------------------
  Geometry optimization finished 
 --------------------------------
 Saving results in set 'opt'

 --------------------------------------------------------------------------------
                                 command: hessian                                
 --------------------------------------------------------------------------------

WARNING: semianalytic method is specified for dft hessian, which is not efficient. Try switching to 'method = analytic'


 -------------------------------
  Numerical Geometrical Hessian 
 -------------------------------

 Compute hessian using two-point central differentiation.
 Step size (bohr):                       0.0100

 Frequencies (including translational and rotational modes):
 mode    frequency (cm-1)
    0               97.48 i (imaginary)
    1               22.15 i (imaginary)
    2                2.41 i (imaginary)
    3               20.60
    4               30.72
    5               51.63
    6              543.30
    7             1260.32
    8             1474.50

 Project out translational and rotational motions 

 Degrees of freedom for translational and rotational motions: 6

 Vibrational frequencies:
 mode    frequency (cm-1)
    0              542.03
    1             1260.31
    2             1474.46

 --------------------------------------------------------------------------------

 End time:                               Fri Apr 23 11:00:21 2021
 Total wall-clock time:                630.595 seconds
==================================================================================
