
================================================================================
          _____________ ________ _______________ ________     _________         
         / ___________// ______ \\_____   _____// ______ \   / ________)        
        / /_________  / /      \ \     | |     / /      \ \ | (_______          
       |  __________|| |        | |    | |    | |        | | \________ \        
        \ \_________ | |        | |    | |     \ \______/ /___________) |       
         \__________||_|        |_|    |_|      \________//____________/        
                                                                                
====================================[ Qcore ]===================================

 Git hash:   15a3e7daff0cda5fa9af010ccd19a80288182ecf
 Git date:   Fri, 16 Apr 2021 15:57:16 +0100
 Compiler:   GNU 9.1.0
 Build type: Release
 Version:    1.1.0

 Start time: Mon May 10 14:45:51 2021

 Data directory: /work/zw18965/.local/qcore/share/entos/1.1.0/data
 Number of threads: 24
 Number of threads was determined by: command line argument
  - More threads can be used by running 'qcore -n 32'

 --------------------------------------------------------------------------------
                                 command: hessian                                
 --------------------------------------------------------------------------------

WARNING: numerical method is specified for dft hessian, which is not efficient. Try switching to 'method = analytic'


 -------------------------------
  Numerical Geometrical Hessian 
 -------------------------------

 Compute hessian using two-point central differentiation.
 Step size (bohr):                       0.0100

 Frequencies (including translational and rotational modes):
 mode    frequency (cm-1)
    0               41.39 i (imaginary)
    1               23.14 i (imaginary)
    2               16.22 i (imaginary)
    3                4.22 i (imaginary)
    4                2.69 i (imaginary)
    5                5.20
    6             1338.66
    7             1338.73
    8             1338.81
    9             1556.97
   10             1557.24
   11             3027.61
   12             3128.36
   13             3128.38
   14             3128.56

 Project out translational and rotational motions 

 Degrees of freedom for translational and rotational motions: 6

 Vibrational frequencies:
 mode    frequency (cm-1)
    0             1338.66
    1             1338.73
    2             1338.81
    3             1556.97
    4             1557.24
    5             3027.61
    6             3128.36
    7             3128.38
    8             3128.56

 --------------------------------------------------------------------------------

 End time:                               Mon May 10 14:47:50 2021
 Total wall-clock time:                119.538 seconds
==================================================================================
