
================================================================================
          _____________ ________ _______________ ________     _________         
         / ___________// ______ \\_____   _____// ______ \   / ________)        
        / /_________  / /      \ \     | |     / /      \ \ | (_______          
       |  __________|| |        | |    | |    | |        | | \________ \        
        \ \_________ | |        | |    | |     \ \______/ /___________) |       
         \__________||_|        |_|    |_|      \________//____________/        
                                                                                
====================================[ Qcore ]===================================

 Git hash:   15a3e7daff0cda5fa9af010ccd19a80288182ecf
 Git date:   Fri, 16 Apr 2021 15:57:16 +0100
 Compiler:   GNU 9.1.0
 Build type: Release
 Version:    1.1.0

 Start time: Mon May 10 14:49:06 2021

 Data directory: /work/zw18965/.local/qcore/share/entos/1.1.0/data
 Number of threads: 24
 Number of threads was determined by: command line argument
  - More threads can be used by running 'qcore -n 32'

 --------------------------------------------------------------------------------
                                 command: hessian                                
 --------------------------------------------------------------------------------

WARNING: numerical method is specified for dft hessian, which is not efficient. Try switching to 'method = analytic'


 -------------------------------
  Numerical Geometrical Hessian 
 -------------------------------

 Compute hessian using two-point central differentiation.
 Step size (bohr):                       0.0100

 Frequencies (including translational and rotational modes):
 mode    frequency (cm-1)
    0               38.35 i (imaginary)
    1                2.00
    2                2.46
    3                2.77
    4               14.73
    5               16.37
    6              285.05
    7             1039.14
    8             1075.85
    9             1169.94
   10             1365.24
   11             1476.52
   12             1497.88
   13             1508.47
   14             2994.17
   15             3039.38
   16             3108.69
   17             3827.50

 Project out translational and rotational motions 

 Degrees of freedom for translational and rotational motions: 6

 Vibrational frequencies:
 mode    frequency (cm-1)
    0              285.02
    1             1039.14
    2             1075.85
    3             1169.94
    4             1365.24
    5             1476.52
    6             1497.88
    7             1508.47
    8             2994.17
    9             3039.38
   10             3108.69
   11             3827.50

 --------------------------------------------------------------------------------

 End time:                               Mon May 10 14:54:35 2021
 Total wall-clock time:                328.971 seconds
==================================================================================
