
================================================================================
          _____________ ________ _______________ ________     _________         
         / ___________// ______ \\_____   _____// ______ \   / ________)        
        / /_________  / /      \ \     | |     / /      \ \ | (_______          
       |  __________|| |        | |    | |    | |        | | \________ \        
        \ \_________ | |        | |    | |     \ \______/ /___________) |       
         \__________||_|        |_|    |_|      \________//____________/        
                                                                                
====================================[ Qcore ]===================================

 Git hash:   15a3e7daff0cda5fa9af010ccd19a80288182ecf
 Git date:   Fri, 16 Apr 2021 15:57:16 +0100
 Compiler:   GNU 9.1.0
 Build type: Release
 Version:    1.1.0

 Start time: Fri Apr 23 14:42:04 2021

 Data directory: /work/zw18965/.local/qcore/share/entos/1.1.0/data
 Number of threads: 24
 Number of threads was determined by: command line argument
  - More threads can be used by running 'qcore -n 32'

 --------------------------------------------------------------------------------
                                command: optimize                                
 --------------------------------------------------------------------------------
 Using coordinate system:                tric
 Hessian update scheme:                  bfgs

 ------------------------------------------------------------------------------------------------------------
                   energy      change    grad rms    grad max    step rms    step max       trust    time (s)
 ------------------------------------------------------------------------------------------------------------
   1      -237.560993033                1.21e-02    2.57e-02                            2.00e-01        0.46
   2      -237.561609777   -6.17e-04    5.75e-03    1.23e-02    1.34e-02    2.13e-02    2.00e-01        0.27
   3      -237.561799842   -1.90e-04    3.96e-04    7.65e-04    1.21e-02    1.90e-02    2.00e-01        0.25
   4      -237.561800815   -9.73e-07    1.37e-05    2.95e-05    9.43e-04    1.48e-03    2.00e-01        0.25
   5      -237.561800817   -2.76e-09    8.90e-08    1.72e-07    3.18e-05    5.03e-05    2.00e-01        0.23
 Geometry optimization stopped:          thresholds achieved

 Final energy:                        -237.561800817

 -----------
  Final XYZ 
 -----------
3
Final structure: -237.562 hartree
C            0.000000060          0.127927323         -0.000000262
F            0.000000319          0.936036821         -1.042629169
F           -0.000000379          0.936035851          1.042629431

 Structure in entos input format:

  structure(
    xyz = [
      ['C'  ,          0.000000060,          0.127927323,         -0.000000262],
      ['F'  ,          0.000000319,          0.936036821,         -1.042629169],
      ['F'  ,         -0.000000379,          0.936035851,          1.042629431]
    ]
  )

 --------------------------------
  Geometry optimization finished 
 --------------------------------
 Saving results in set 'opt'

 --------------------------------------------------------------------------------
                                 command: hessian                                
 --------------------------------------------------------------------------------

WARNING: semianalytic method is specified for dft hessian, which is not efficient. Try switching to 'method = analytic'


 -------------------------------
  Numerical Geometrical Hessian 
 -------------------------------

 Compute hessian using two-point central differentiation.
 Step size (bohr):                       0.0100

 Frequencies (including translational and rotational modes):
 mode    frequency (cm-1)
    0               80.75 i (imaginary)
    1               39.78 i (imaginary)
    2               38.69 i (imaginary)
    3                0.02 i (imaginary)
    4                0.00 i (imaginary)
    5                0.04
    6              640.89
    7             1051.04
    8             1164.24

 Project out translational and rotational motions 

 Degrees of freedom for translational and rotational motions: 6

 Vibrational frequencies:
 mode    frequency (cm-1)
    0              640.89
    1             1051.03
    2             1164.24

 --------------------------------------------------------------------------------

 End time:                               Fri Apr 23 14:42:10 2021
 Total wall-clock time:                  6.585 seconds
==================================================================================
