
================================================================================
          _____________ ________ _______________ ________     _________         
         / ___________// ______ \\_____   _____// ______ \   / ________)        
        / /_________  / /      \ \     | |     / /      \ \ | (_______          
       |  __________|| |        | |    | |    | |        | | \________ \        
        \ \_________ | |        | |    | |     \ \______/ /___________) |       
         \__________||_|        |_|    |_|      \________//____________/        
                                                                                
====================================[ Qcore ]===================================

 Git hash:   15a3e7daff0cda5fa9af010ccd19a80288182ecf
 Git date:   Fri, 16 Apr 2021 15:57:16 +0100
 Compiler:   GNU 9.1.0
 Build type: Release
 Version:    1.1.0

 Start time: Fri Apr 23 14:42:49 2021

 Data directory: /work/zw18965/.local/qcore/share/entos/1.1.0/data
 Number of threads: 24
 Number of threads was determined by: command line argument
  - More threads can be used by running 'qcore -n 32'

 --------------------------------------------------------------------------------
                                command: optimize                                
 --------------------------------------------------------------------------------
 Using coordinate system:                tric
 Hessian update scheme:                  bfgs

 ------------------------------------------------------------------------------------------------------------
                   energy      change    grad rms    grad max    step rms    step max       trust    time (s)
 ------------------------------------------------------------------------------------------------------------
   1      -834.166214496                4.10e-03    8.70e-03                            2.00e-01        0.67
   2      -834.166319098   -1.05e-04    2.00e-03    4.25e-03    6.61e-03    8.09e-03    2.00e-01        0.38
   3      -834.166352428   -3.33e-05    4.51e-05    9.72e-05    6.29e-03    7.71e-03    2.00e-01        0.43
Rejecting step due to low quality: Quality: -1.62029 New trust radius: 7.24644e-05
   4      -834.166352401    2.75e-08    4.51e-05    9.72e-05    1.45e-04    1.79e-04    7.25e-05        0.39
 Geometry optimization stopped:          thresholds achieved

 Final energy:                        -834.166352401

 -----------
  Final XYZ 
 -----------
3
Final structure: -834.166 hartree
S            1.561878484          0.000503232         -0.000000241
C           -0.000001121         -0.000004955          0.000000362
S           -1.561877109         -0.000498282         -0.000000121

 Structure in entos input format:

  structure(
    xyz = [
      ['S'  ,          1.561878484,          0.000503232,         -0.000000241],
      ['C'  ,         -0.000001121,         -0.000004955,          0.000000362],
      ['S'  ,         -1.561877109,         -0.000498282,         -0.000000121]
    ]
  )

 --------------------------------
  Geometry optimization finished 
 --------------------------------
 Saving results in set 'opt'

 --------------------------------------------------------------------------------
                                 command: hessian                                
 --------------------------------------------------------------------------------

WARNING: semianalytic method is specified for dft hessian, which is not efficient. Try switching to 'method = analytic'


 -------------------------------
  Numerical Geometrical Hessian 
 -------------------------------

 Compute hessian using two-point central differentiation.
 Step size (bohr):                       0.0100

 Frequencies (including translational and rotational modes):
 mode    frequency (cm-1)
    0                0.06 i (imaginary)
    1                0.03 i (imaginary)
    2                0.01 i (imaginary)
    3                5.01
    4                5.05
    5              390.80
    6              390.81
    7              662.40
    8             1548.80

 Project out translational and rotational motions 

 Degrees of freedom for translational and rotational motions: 6

 Vibrational frequencies:
 mode    frequency (cm-1)
    0              390.81
    1              662.40
    2             1548.80

 --------------------------------------------------------------------------------

 End time:                               Fri Apr 23 14:42:58 2021
 Total wall-clock time:                  9.887 seconds
==================================================================================
