
================================================================================
          _____________ ________ _______________ ________     _________         
         / ___________// ______ \\_____   _____// ______ \   / ________)        
        / /_________  / /      \ \     | |     / /      \ \ | (_______          
       |  __________|| |        | |    | |    | |        | | \________ \        
        \ \_________ | |        | |    | |     \ \______/ /___________) |       
         \__________||_|        |_|    |_|      \________//____________/        
                                                                                
====================================[ Qcore ]===================================

 Git hash:   15a3e7daff0cda5fa9af010ccd19a80288182ecf
 Git date:   Fri, 16 Apr 2021 15:57:16 +0100
 Compiler:   GNU 9.1.0
 Build type: Release
 Version:    1.1.0

 Start time: Fri Apr 23 14:43:06 2021

 Data directory: /work/zw18965/.local/qcore/share/entos/1.1.0/data
 Number of threads: 24
 Number of threads was determined by: command line argument
  - More threads can be used by running 'qcore -n 32'

 --------------------------------------------------------------------------------
                                command: optimize                                
 --------------------------------------------------------------------------------
 Using coordinate system:                tric
 Hessian update scheme:                  bfgs

 ------------------------------------------------------------------------------------------------------------
                   energy      change    grad rms    grad max    step rms    step max       trust    time (s)
 ------------------------------------------------------------------------------------------------------------
   1      -114.414621766                1.07e-02    2.63e-02                            2.00e-01        0.57
   2      -114.415265518   -6.44e-04    2.27e-03    5.43e-03    2.04e-02    2.43e-02    2.00e-01        0.29
   3      -114.415317966   -5.24e-05    3.72e-04    9.83e-04    9.45e-03    1.38e-02    2.00e-01        0.29
   4      -114.415321299   -3.33e-06    1.57e-04    2.90e-04    2.74e-03    4.72e-03    2.00e-01        0.28
   5      -114.415321772   -4.73e-07    4.45e-05    9.02e-05    9.72e-04    1.65e-03    2.00e-01        0.27
   6      -114.415321809   -3.65e-08    1.44e-05    3.14e-05    1.60e-04    3.22e-04    2.00e-01        0.26
 Geometry optimization stopped:          thresholds achieved

 Final energy:                        -114.415321809

 -----------
  Final XYZ 
 -----------
4
Final structure: -114.415 hartree
C           -0.003742674          0.000494134          0.000210715
O            1.191491111         -0.158690418         -0.075158735
H           -0.486496819          0.991977046         -0.186891649
H           -0.701260005         -0.833847989          0.261847617

 Structure in entos input format:

  structure(
    xyz = [
      ['C'  ,         -0.003742674,          0.000494134,          0.000210715],
      ['O'  ,          1.191491111,         -0.158690418,         -0.075158735],
      ['H'  ,         -0.486496819,          0.991977046,         -0.186891649],
      ['H'  ,         -0.701260005,         -0.833847989,          0.261847617]
    ]
  )

 --------------------------------
  Geometry optimization finished 
 --------------------------------
 Saving results in set 'opt'

 --------------------------------------------------------------------------------
                                 command: hessian                                
 --------------------------------------------------------------------------------

WARNING: semianalytic method is specified for dft hessian, which is not efficient. Try switching to 'method = analytic'


 -------------------------------
  Numerical Geometrical Hessian 
 -------------------------------

 Compute hessian using two-point central differentiation.
 Step size (bohr):                       0.0100

 Frequencies (including translational and rotational modes):
 mode    frequency (cm-1)
    0               18.48 i (imaginary)
    1                0.29 i (imaginary)
    2                0.02 i (imaginary)
    3                0.08
    4                8.01
    5               22.49
    6             1152.49
    7             1223.54
    8             1485.50
    9             1769.84
   10             2783.02
   11             2824.30

 Project out translational and rotational motions 

 Degrees of freedom for translational and rotational motions: 6

 Vibrational frequencies:
 mode    frequency (cm-1)
    0             1152.49
    1             1223.54
    2             1485.50
    3             1769.84
    4             2783.02
    5             2824.30

 --------------------------------------------------------------------------------

 End time:                               Fri Apr 23 14:43:16 2021
 Total wall-clock time:                  9.392 seconds
==================================================================================
