
================================================================================
          _____________ ________ _______________ ________     _________         
         / ___________// ______ \\_____   _____// ______ \   / ________)        
        / /_________  / /      \ \     | |     / /      \ \ | (_______          
       |  __________|| |        | |    | |    | |        | | \________ \        
        \ \_________ | |        | |    | |     \ \______/ /___________) |       
         \__________||_|        |_|    |_|      \________//____________/        
                                                                                
====================================[ Qcore ]===================================

 Git hash:   15a3e7daff0cda5fa9af010ccd19a80288182ecf
 Git date:   Fri, 16 Apr 2021 15:57:16 +0100
 Compiler:   GNU 9.1.0
 Build type: Release
 Version:    1.1.0

 Start time: Fri Apr 23 14:43:32 2021

 Data directory: /work/zw18965/.local/qcore/share/entos/1.1.0/data
 Number of threads: 24
 Number of threads was determined by: command line argument
  - More threads can be used by running 'qcore -n 32'

 --------------------------------------------------------------------------------
                                command: optimize                                
 --------------------------------------------------------------------------------
 Using coordinate system:                tric
 Hessian update scheme:                  bfgs

 ------------------------------------------------------------------------------------------------------------
                   energy      change    grad rms    grad max    step rms    step max       trust    time (s)
 ------------------------------------------------------------------------------------------------------------
   1      -399.233393789                1.09e-02    2.36e-02                            2.00e-01        0.44
   2      -399.234160154   -7.66e-04    4.40e-03    9.45e-03    1.98e-02    3.28e-02    2.00e-01        0.23
   3      -399.234321255   -1.61e-04    3.20e-04    6.64e-04    1.35e-02    2.29e-02    2.00e-01        0.24
   4      -399.234322189   -9.34e-07    1.07e-05    2.11e-05    1.22e-03    1.84e-03    2.00e-01        0.22
Rejecting step due to low quality: Quality: -3.50628 New trust radius: 2.63987e-05
   5      -399.234322184    4.29e-09    1.07e-05    2.11e-05    5.28e-05    6.52e-05    2.64e-05        0.21
 Geometry optimization stopped:          thresholds achieved

 Final energy:                        -399.234322184

 -----------
  Final XYZ 
 -----------
3
Final structure: -399.234 hartree
S           -0.001566721          0.627805801         -0.000000064
H            0.970172603         -0.311484783          0.000000083
H           -0.968605882         -0.316321013         -0.000000020

 Structure in entos input format:

  structure(
    xyz = [
      ['S'  ,         -0.001566721,          0.627805801,         -0.000000064],
      ['H'  ,          0.970172603,         -0.311484783,          0.000000083],
      ['H'  ,         -0.968605882,         -0.316321013,         -0.000000020]
    ]
  )

 --------------------------------
  Geometry optimization finished 
 --------------------------------
 Saving results in set 'opt'

 --------------------------------------------------------------------------------
                                 command: hessian                                
 --------------------------------------------------------------------------------

WARNING: semianalytic method is specified for dft hessian, which is not efficient. Try switching to 'method = analytic'


 -------------------------------
  Numerical Geometrical Hessian 
 -------------------------------

 Compute hessian using two-point central differentiation.
 Step size (bohr):                       0.0100

 Frequencies (including translational and rotational modes):
 mode    frequency (cm-1)
    0              102.20 i (imaginary)
    1               98.48 i (imaginary)
    2               67.39 i (imaginary)
    3                0.01 i (imaginary)
    4                0.01 i (imaginary)
    5                0.05
    6             1163.75
    7             2633.33
    8             2648.99

 Project out translational and rotational motions 

 Degrees of freedom for translational and rotational motions: 6

 Vibrational frequencies:
 mode    frequency (cm-1)
    0             1163.75
    1             2633.33
    2             2648.99

 --------------------------------------------------------------------------------

 End time:                               Fri Apr 23 14:43:38 2021
 Total wall-clock time:                  5.897 seconds
==================================================================================
