
================================================================================
          _____________ ________ _______________ ________     _________         
         / ___________// ______ \\_____   _____// ______ \   / ________)        
        / /_________  / /      \ \     | |     / /      \ \ | (_______          
       |  __________|| |        | |    | |    | |        | | \________ \        
        \ \_________ | |        | |    | |     \ \______/ /___________) |       
         \__________||_|        |_|    |_|      \________//____________/        
                                                                                
====================================[ Qcore ]===================================

 Git hash:   15a3e7daff0cda5fa9af010ccd19a80288182ecf
 Git date:   Fri, 16 Apr 2021 15:57:16 +0100
 Compiler:   GNU 9.1.0
 Build type: Release
 Version:    1.1.0

 Start time: Fri Apr 23 14:44:07 2021

 Data directory: /work/zw18965/.local/qcore/share/entos/1.1.0/data
 Number of threads: 24
 Number of threads was determined by: command line argument
  - More threads can be used by running 'qcore -n 32'

 --------------------------------------------------------------------------------
                                command: optimize                                
 --------------------------------------------------------------------------------
 Using coordinate system:                tric
 Hessian update scheme:                  bfgs

 ------------------------------------------------------------------------------------------------------------
                   energy      change    grad rms    grad max    step rms    step max       trust    time (s)
 ------------------------------------------------------------------------------------------------------------
   1      -109.447317189                7.77e-03    1.35e-02                            2.00e-01        0.28
   2      -109.447377180   -6.00e-05    6.41e-04    1.11e-03    4.89e-03    9.78e-03    2.00e-01        0.16
   3      -109.447377598   -4.18e-07    1.10e-05    1.91e-05    3.73e-04    7.45e-04    2.00e-01        0.14
 Geometry optimization stopped:          thresholds achieved

 Final energy:                        -109.447377598

 -----------
  Final XYZ 
 -----------
2
Final structure: -109.447 hartree
N            0.551660645         -0.000000068         -0.000000000
N           -0.551660645          0.000000068          0.000000000

 Structure in entos input format:

  structure(
    xyz = [
      ['N'  ,          0.551660645,         -0.000000068,         -0.000000000],
      ['N'  ,         -0.551660645,          0.000000068,          0.000000000]
    ]
  )

 --------------------------------
  Geometry optimization finished 
 --------------------------------
 Saving results in set 'opt'

 --------------------------------------------------------------------------------
                                 command: hessian                                
 --------------------------------------------------------------------------------

WARNING: semianalytic method is specified for dft hessian, which is not efficient. Try switching to 'method = analytic'


 -------------------------------
  Numerical Geometrical Hessian 
 -------------------------------

 Compute hessian using two-point central differentiation.
 Step size (bohr):                       0.0100

 Frequencies (including translational and rotational modes):
 mode    frequency (cm-1)
    0                0.00 i (imaginary)
    1                0.00 i (imaginary)
    2                0.00
    3               21.40
    4               21.41
    5             2352.37

 Project out translational and rotational motions 

 The molecule is linear

 Degrees of freedom for translational and rotational motions: 5

 Vibrational frequencies:
 mode    frequency (cm-1)
    0             2352.37

 --------------------------------------------------------------------------------

 End time:                               Fri Apr 23 14:44:10 2021
 Total wall-clock time:                  2.624 seconds
==================================================================================
