
================================================================================
          _____________ ________ _______________ ________     _________         
         / ___________// ______ \\_____   _____// ______ \   / ________)        
        / /_________  / /      \ \     | |     / /      \ \ | (_______          
       |  __________|| |        | |    | |    | |        | | \________ \        
        \ \_________ | |        | |    | |     \ \______/ /___________) |       
         \__________||_|        |_|    |_|      \________//____________/        
                                                                                
====================================[ Qcore ]===================================

 Git hash:   15a3e7daff0cda5fa9af010ccd19a80288182ecf
 Git date:   Fri, 16 Apr 2021 15:57:16 +0100
 Compiler:   GNU 9.1.0
 Build type: Release
 Version:    1.1.0

 Start time: Fri Apr 23 14:44:43 2021

 Data directory: /work/zw18965/.local/qcore/share/entos/1.1.0/data
 Number of threads: 24
 Number of threads was determined by: command line argument
  - More threads can be used by running 'qcore -n 32'

 --------------------------------------------------------------------------------
                                command: optimize                                
 --------------------------------------------------------------------------------
 Using coordinate system:                tric
 Hessian update scheme:                  bfgs

 ------------------------------------------------------------------------------------------------------------
                   energy      change    grad rms    grad max    step rms    step max       trust    time (s)
 ------------------------------------------------------------------------------------------------------------
   1      -364.545091664                8.22e-03    1.42e-02                            2.00e-01        0.54
   2      -364.545219820   -1.28e-04    4.11e-03    7.12e-03    6.02e-03    1.20e-02    2.00e-01        0.22
   3      -364.545263911   -4.41e-05    1.51e-04    2.62e-04    6.01e-03    1.20e-02    2.00e-01        0.22
   4      -364.545263974   -6.28e-08    2.95e-06    5.11e-06    2.30e-04    4.60e-04    2.00e-01        0.23
 Geometry optimization stopped:          thresholds achieved

 Final energy:                        -364.545263974

 -----------
  Final XYZ 
 -----------
2
Final structure: -364.545 hartree
Si          -0.000000012          0.000000005         -0.763417014
O            0.000000012         -0.000000005          0.763417014

 Structure in entos input format:

  structure(
    xyz = [
      ['Si' ,         -0.000000012,          0.000000005,         -0.763417014],
      ['O'  ,          0.000000012,         -0.000000005,          0.763417014]
    ]
  )

 --------------------------------
  Geometry optimization finished 
 --------------------------------
 Saving results in set 'opt'

 --------------------------------------------------------------------------------
                                 command: hessian                                
 --------------------------------------------------------------------------------

WARNING: semianalytic method is specified for dft hessian, which is not efficient. Try switching to 'method = analytic'


 -------------------------------
  Numerical Geometrical Hessian 
 -------------------------------

 Compute hessian using two-point central differentiation.
 Step size (bohr):                       0.0100

 Frequencies (including translational and rotational modes):
 mode    frequency (cm-1)
    0               39.11 i (imaginary)
    1               39.08 i (imaginary)
    2                0.01 i (imaginary)
    3                0.00 i (imaginary)
    4                0.01
    5             1203.17

 Project out translational and rotational motions 

 The molecule is linear

 Degrees of freedom for translational and rotational motions: 5

 Vibrational frequencies:
 mode    frequency (cm-1)
    0             1203.17

 --------------------------------------------------------------------------------

 End time:                               Fri Apr 23 14:44:47 2021
 Total wall-clock time:                  4.346 seconds
==================================================================================
