
================================================================================
          _____________ ________ _______________ ________     _________         
         / ___________// ______ \\_____   _____// ______ \   / ________)        
        / /_________  / /      \ \     | |     / /      \ \ | (_______          
       |  __________|| |        | |    | |    | |        | | \________ \        
        \ \_________ | |        | |    | |     \ \______/ /___________) |       
         \__________||_|        |_|    |_|      \________//____________/        
                                                                                
====================================[ Qcore ]===================================

 Git hash:   bfa4c3a672cc1ff01df8911b87991f8932a2a687
 Git date:   Fri, 12 Feb 2021 10:05:04 +0000
 Compiler:   GNU 9.1.0
 Build type: Release
 Version:    0.8.19

 Start time: Fri Apr 16 16:33:48 2021

 Data directory: /home/zw18965/.local/qcore/share/entos/0.8.19/data
 Number of threads: 24
 Number of threads was determined by: command line argument
  - More threads can be used by running 'qcore -n 32'

 --------------------------------------------------------------------------------
                                command: optimize                                
 --------------------------------------------------------------------------------
 Using coordinate system:                tric
 Hessian update scheme:                  bfgs

 ------------------------------------------------------------------------------------------------------------
                   energy      change    grad rms    grad max    step rms    step max       trust    time (s)
 ------------------------------------------------------------------------------------------------------------
   1      -553.047726589                6.24e-04    1.29e-03                            2.00e-01        2.14
   2      -553.047728332   -1.74e-06    3.70e-04    7.35e-04    7.69e-04    1.61e-03    2.00e-01        1.34
   3      -553.047729212   -8.80e-07    1.94e-05    3.80e-05    1.04e-03    2.21e-03    2.00e-01        1.35
   4      -553.047729222   -9.92e-09    1.72e-05    3.36e-05    4.23e-05    2.76e-04    2.00e-01        1.25
 Geometry optimization stopped:          thresholds achieved

 Final energy:                        -553.047729222

 -----------
  Final XYZ 
 -----------
3
Final structure: -553.048 hartree
Cl           1.403181247         -0.803604966         -0.000000164
C           -0.152632452         -0.329621510          0.000000370
N           -1.250548789          0.005289240         -0.000000206

 Structure in entos input format:

  structure(
    xyz = [
      ['Cl' ,          1.403181247,         -0.803604966,         -0.000000164],
      ['C'  ,         -0.152632452,         -0.329621510,          0.000000370],
      ['N'  ,         -1.250548789,          0.005289240,         -0.000000206]
    ]
  )

 --------------------------------
  Geometry optimization finished 
 --------------------------------
 Saving results in set 'opt'

 --------------------------------------------------------------------------------
                                 command: hessian                                
 --------------------------------------------------------------------------------

WARNING: semianalytic method is specified for dft hessian, which is not efficient. Try switching to 'method = analytic'


 -------------------------------
  Numerical Geometrical Hessian 
 -------------------------------

 Compute hessian using two-point central differentiation.
 Step size (bohr):                       0.0100

 Frequencies (including translational and rotational modes):
 mode    frequency (cm-1)
    0                0.06 i (imaginary)
    1                0.00 i (imaginary)
    2                0.01
    3               13.46
    4               21.81
    5              412.86
    6              414.50
    7              767.93
    8             2364.38

 Project out translational and rotational motions 

 Degrees of freedom for translational and rotational motions: 6

 Vibrational frequencies:
 mode    frequency (cm-1)
    0              412.85
    1              767.93
    2             2364.38

 --------------------------------------------------------------------------------

 End time:                               Fri Apr 16 16:34:21 2021
 Total wall-clock time:                 32.905 seconds
==================================================================================
