
================================================================================
          _____________ ________ _______________ ________     _________         
         / ___________// ______ \\_____   _____// ______ \   / ________)        
        / /_________  / /      \ \     | |     / /      \ \ | (_______          
       |  __________|| |        | |    | |    | |        | | \________ \        
        \ \_________ | |        | |    | |     \ \______/ /___________) |       
         \__________||_|        |_|    |_|      \________//____________/        
                                                                                
====================================[ Qcore ]===================================

 Git hash:   bfa4c3a672cc1ff01df8911b87991f8932a2a687
 Git date:   Fri, 12 Feb 2021 10:05:04 +0000
 Compiler:   GNU 9.1.0
 Build type: Release
 Version:    0.8.19

 Start time: Fri Apr 16 16:34:58 2021

 Data directory: /home/zw18965/.local/qcore/share/entos/0.8.19/data
 Number of threads: 24
 Number of threads was determined by: command line argument
  - More threads can be used by running 'qcore -n 32'

 --------------------------------------------------------------------------------
                                command: optimize                                
 --------------------------------------------------------------------------------
 Using coordinate system:                tric
 Hessian update scheme:                  bfgs

 ------------------------------------------------------------------------------------------------------------
                   energy      change    grad rms    grad max    step rms    step max       trust    time (s)
 ------------------------------------------------------------------------------------------------------------
   1      -113.331796191                3.15e-03    5.46e-03                            2.00e-01        0.87
   2      -113.331807687   -1.15e-05    2.44e-07    4.22e-07    2.10e-03    4.20e-03    2.00e-01        0.44
   3      -113.331807687   -6.44e-12    6.60e-09    1.14e-08    1.60e-07    3.25e-07    2.00e-01        0.40
 Geometry optimization stopped:          thresholds achieved

 Final energy:                        -113.331807687

 -----------
  Final XYZ 
 -----------
2
Final structure: -113.332 hartree
O            0.561131489         -0.000000061         -0.000000015
C           -0.561131489          0.000000061          0.000000015

 Structure in entos input format:

  structure(
    xyz = [
      ['O'  ,          0.561131489,         -0.000000061,         -0.000000015],
      ['C'  ,         -0.561131489,          0.000000061,          0.000000015]
    ]
  )

 --------------------------------
  Geometry optimization finished 
 --------------------------------
 Saving results in set 'opt'

 --------------------------------------------------------------------------------
                                 command: hessian                                
 --------------------------------------------------------------------------------

WARNING: semianalytic method is specified for dft hessian, which is not efficient. Try switching to 'method = analytic'


 -------------------------------
  Numerical Geometrical Hessian 
 -------------------------------

 Compute hessian using two-point central differentiation.
 Step size (bohr):                       0.0100

 Frequencies (including translational and rotational modes):
 mode    frequency (cm-1)
    0                0.01 i (imaginary)
    1                0.00 i (imaginary)
    2                0.00 i (imaginary)
    3               19.37
    4               19.39
    5             2247.15

 Project out translational and rotational motions 

 The molecule is linear

 Degrees of freedom for translational and rotational motions: 5

 Vibrational frequencies:
 mode    frequency (cm-1)
    0             2247.15

 --------------------------------------------------------------------------------

 End time:                               Fri Apr 16 16:35:06 2021
 Total wall-clock time:                  8.109 seconds
==================================================================================
