
================================================================================
          _____________ ________ _______________ ________     _________         
         / ___________// ______ \\_____   _____// ______ \   / ________)        
        / /_________  / /      \ \     | |     / /      \ \ | (_______          
       |  __________|| |        | |    | |    | |        | | \________ \        
        \ \_________ | |        | |    | |     \ \______/ /___________) |       
         \__________||_|        |_|    |_|      \________//____________/        
                                                                                
====================================[ Qcore ]===================================

 Git hash:   bfa4c3a672cc1ff01df8911b87991f8932a2a687
 Git date:   Fri, 12 Feb 2021 10:05:04 +0000
 Compiler:   GNU 9.1.0
 Build type: Release
 Version:    0.8.19

 Start time: Fri Apr 16 16:36:54 2021

 Data directory: /home/zw18965/.local/qcore/share/entos/0.8.19/data
 Number of threads: 24
 Number of threads was determined by: command line argument
  - More threads can be used by running 'qcore -n 32'

 --------------------------------------------------------------------------------
                                command: optimize                                
 --------------------------------------------------------------------------------
 Using coordinate system:                tric
 Hessian update scheme:                  bfgs

 ------------------------------------------------------------------------------------------------------------
                   energy      change    grad rms    grad max    step rms    step max       trust    time (s)
 ------------------------------------------------------------------------------------------------------------
   1      -437.484695170                5.40e-03    1.55e-02                            2.00e-01        2.05
   2      -437.485035912   -3.41e-04    2.18e-03    6.32e-03    1.92e-02    2.48e-02    2.00e-01        1.44
   3      -437.485104594   -6.87e-05    1.52e-04    3.45e-04    1.31e-02    1.68e-02    2.00e-01        1.44
   4      -437.485106702   -2.11e-06    1.02e-04    2.16e-04    1.53e-04    4.45e-03    2.00e-01        1.41
   5      -437.485070264    3.64e-05    1.26e-03    3.33e-03    3.73e-03    1.90e-01    1.86e-03        1.58
   6      -437.485112536   -4.23e-05    6.45e-04    1.68e-03    1.86e-03    6.83e-02    2.64e-03        1.54
   7      -437.485107458    5.08e-06    2.05e-04    4.97e-04    2.63e-03    1.22e-01    1.31e-03        1.49
   8      -437.485127219   -1.98e-05    1.65e-04    4.27e-04    1.05e-03    5.98e-02    1.86e-03        1.47
   9      -437.485128168   -9.49e-07    1.90e-04    4.92e-04    2.12e-04    1.41e-02    1.86e-03        1.40
  10      -437.485129026   -8.59e-07    1.25e-04    3.22e-04    3.00e-04    3.04e-03    1.86e-03        1.46
  11      -437.485133610   -4.58e-06    3.01e-04    7.75e-04    1.86e-03    2.29e-02    2.63e-03        1.45
  12      -437.485135508   -1.90e-06    5.32e-04    1.40e-03    9.15e-04    2.05e-02    2.63e-03        1.48
  13      -437.485137025   -1.52e-06    4.88e-04    1.29e-03    4.31e-04    9.53e-03    2.63e-03        1.46
  14      -437.485139794   -2.77e-06    1.12e-04    2.86e-04    2.08e-03    1.88e-02    2.63e-03        1.47
  15      -437.485139999   -2.05e-07    3.57e-05    8.51e-05    2.90e-04    2.55e-03    2.63e-03        1.47
  16      -437.485140143   -1.44e-07    4.96e-05    1.26e-04    2.60e-04    1.83e-03    2.63e-03        1.42
  17      -437.485140278   -1.35e-07    7.76e-05    2.03e-04    3.05e-04    3.24e-03    2.63e-03        1.36
  18      -437.485140398   -1.20e-07    7.51e-05    1.79e-04    2.25e-04    4.56e-03    2.63e-03        1.38
  19      -437.485140498   -9.98e-08    4.74e-05    9.11e-05    1.38e-04    4.85e-03    2.63e-03        1.41
  20      -437.485140549   -5.10e-08    1.86e-05    4.94e-05    2.24e-04    2.86e-03    2.63e-03        1.43
  21      -437.485140560   -1.16e-08    7.22e-06    1.61e-05    1.70e-04    3.50e-04    2.63e-03        1.34
 Geometry optimization stopped:          thresholds achieved

 Final energy:                        -437.485140560

 -----------
  Final XYZ 
 -----------
4
Final structure: -437.485 hartree
C           -0.109817003         -0.000023242          0.000014475
S            1.485087723          0.000245994         -0.000194408
H           -0.687518438          0.265990166          0.882146313
H           -0.687756446         -0.266275211         -0.881886977

 Structure in entos input format:

  structure(
    xyz = [
      ['C'  ,         -0.109817003,         -0.000023242,          0.000014475],
      ['S'  ,          1.485087723,          0.000245994,         -0.000194408],
      ['H'  ,         -0.687518438,          0.265990166,          0.882146313],
      ['H'  ,         -0.687756446,         -0.266275211,         -0.881886977]
    ]
  )

 --------------------------------
  Geometry optimization finished 
 --------------------------------
 Saving results in set 'opt'

 --------------------------------------------------------------------------------
                                 command: hessian                                
 --------------------------------------------------------------------------------

WARNING: semianalytic method is specified for dft hessian, which is not efficient. Try switching to 'method = analytic'


 -------------------------------
  Numerical Geometrical Hessian 
 -------------------------------

 Compute hessian using two-point central differentiation.
 Step size (bohr):                       0.0100

 Frequencies (including translational and rotational modes):
 mode    frequency (cm-1)
    0                0.15 i (imaginary)
    1                0.05 i (imaginary)
    2                0.03 i (imaginary)
    3               44.00
    4               75.04
    5              271.91
    6             1043.39
    7             1087.33
    8             1134.38
    9             1528.97
   10             3095.32
   11             3182.45

 Project out translational and rotational motions 

 Degrees of freedom for translational and rotational motions: 6

 Vibrational frequencies:
 mode    frequency (cm-1)
    0             1043.22
    1             1087.27
    2             1134.38
    3             1528.96
    4             3095.32
    5             3182.45

 --------------------------------------------------------------------------------

 End time:                               Fri Apr 16 16:38:00 2021
 Total wall-clock time:                 66.424 seconds
==================================================================================
