
================================================================================
          _____________ ________ _______________ ________     _________         
         / ___________// ______ \\_____   _____// ______ \   / ________)        
        / /_________  / /      \ \     | |     / /      \ \ | (_______          
       |  __________|| |        | |    | |    | |        | | \________ \        
        \ \_________ | |        | |    | |     \ \______/ /___________) |       
         \__________||_|        |_|    |_|      \________//____________/        
                                                                                
====================================[ Qcore ]===================================

 Git hash:   bfa4c3a672cc1ff01df8911b87991f8932a2a687
 Git date:   Fri, 12 Feb 2021 10:05:04 +0000
 Compiler:   GNU 9.1.0
 Build type: Release
 Version:    0.8.19

 Start time: Fri Apr 16 16:38:13 2021

 Data directory: /home/zw18965/.local/qcore/share/entos/0.8.19/data
 Number of threads: 24
 Number of threads was determined by: command line argument
  - More threads can be used by running 'qcore -n 32'

 --------------------------------------------------------------------------------
                                command: optimize                                
 --------------------------------------------------------------------------------
 Using coordinate system:                tric
 Hessian update scheme:                  bfgs

 ------------------------------------------------------------------------------------------------------------
                   energy      change    grad rms    grad max    step rms    step max       trust    time (s)
 ------------------------------------------------------------------------------------------------------------
   1      -399.414697192                5.53e-03    1.19e-02                            2.00e-01        1.17
   2      -399.414893644   -1.96e-04    2.13e-03    4.52e-03    9.91e-03    1.69e-02    2.00e-01        0.68
   3      -399.414929251   -3.56e-05    7.67e-05    1.65e-04    6.52e-03    1.08e-02    2.00e-01        0.67
   4      -399.414929298   -4.70e-08    1.21e-06    2.27e-06    2.36e-04    4.00e-04    2.00e-01        0.64
 Geometry optimization stopped:          thresholds achieved

 Final energy:                        -399.414929298

 -----------
  Final XYZ 
 -----------
3
Final structure: -399.415 hartree
S           -0.001548534          0.615433237         -0.000000006
H            0.966407861         -0.305291559          0.000000002
H           -0.964859327         -0.310141673          0.000000004

 Structure in entos input format:

  structure(
    xyz = [
      ['S'  ,         -0.001548534,          0.615433237,         -0.000000006],
      ['H'  ,          0.966407861,         -0.305291559,          0.000000002],
      ['H'  ,         -0.964859327,         -0.310141673,          0.000000004]
    ]
  )

 --------------------------------
  Geometry optimization finished 
 --------------------------------
 Saving results in set 'opt'

 --------------------------------------------------------------------------------
                                 command: hessian                                
 --------------------------------------------------------------------------------

WARNING: semianalytic method is specified for dft hessian, which is not efficient. Try switching to 'method = analytic'


 -------------------------------
  Numerical Geometrical Hessian 
 -------------------------------

 Compute hessian using two-point central differentiation.
 Step size (bohr):                       0.0100

 Frequencies (including translational and rotational modes):
 mode    frequency (cm-1)
    0              202.42 i (imaginary)
    1              195.19 i (imaginary)
    2               62.31 i (imaginary)
    3                0.01 i (imaginary)
    4                0.06
    5                0.12
    6             1220.51
    7             2756.63
    8             2768.68

 Project out translational and rotational motions 

 Degrees of freedom for translational and rotational motions: 6

 Vibrational frequencies:
 mode    frequency (cm-1)
    0             1220.50
    1             2756.63
    2             2768.68

 --------------------------------------------------------------------------------

 End time:                               Fri Apr 16 16:38:29 2021
 Total wall-clock time:                 16.376 seconds
==================================================================================
