
================================================================================
          _____________ ________ _______________ ________     _________         
         / ___________// ______ \\_____   _____// ______ \   / ________)        
        / /_________  / /      \ \     | |     / /      \ \ | (_______          
       |  __________|| |        | |    | |    | |        | | \________ \        
        \ \_________ | |        | |    | |     \ \______/ /___________) |       
         \__________||_|        |_|    |_|      \________//____________/        
                                                                                
====================================[ Qcore ]===================================

 Git hash:   15a3e7daff0cda5fa9af010ccd19a80288182ecf
 Git date:   Fri, 16 Apr 2021 15:57:16 +0100
 Compiler:   GNU 9.1.0
 Build type: Release
 Version:    1.1.0

 Start time: Sat May  8 09:45:42 2021

 Data directory: /work/zw18965/.local/qcore/share/entos/1.1.0/data
 Number of threads: 24
 Number of threads was determined by: command line argument

 --------------------------------------------------------------------------------
                                command: optimize                                
 --------------------------------------------------------------------------------
 Using coordinate system:                tric
 Hessian update scheme:                  bfgs

 ------------------------------------------------------------------------------------------------------------
                   energy      change    grad rms    grad max    step rms    step max       trust    time (s)
 ------------------------------------------------------------------------------------------------------------
   1      -399.076833855                8.00e-03    1.70e-02                            2.00e-01        1.56
   2      -399.077242734   -4.09e-04    3.00e-03    6.39e-03    1.50e-02    2.49e-02    2.00e-01        0.94
   3      -399.077311774   -6.90e-05    1.55e-04    3.25e-04    8.94e-03    1.49e-02    2.00e-01        0.98
   4      -399.077311914   -1.40e-07    3.36e-06    7.27e-06    5.32e-04    8.25e-04    2.00e-01        0.88
 Geometry optimization stopped:          thresholds achieved

 Final energy:                        -399.077311914

 -----------
  Final XYZ 
 -----------
3
Final structure: -399.077 hartree
S           -0.001428791          0.618150534         -0.000000009
H            0.971615217         -0.306830597          0.000000029
H           -0.970186426         -0.311319931         -0.000000019

 Structure in entos input format:

  structure(
    xyz = [
      ['S'  ,         -0.001428791,          0.618150534,         -0.000000009],
      ['H'  ,          0.971615217,         -0.306830597,          0.000000029],
      ['H'  ,         -0.970186426,         -0.311319931,         -0.000000019]
    ]
  )

 --------------------------------
  Geometry optimization finished 
 --------------------------------
 Saving results in set 'opt'

 --------------------------------------------------------------------------------
                                 command: hessian                                
 --------------------------------------------------------------------------------

WARNING: semianalytic method is specified for dft hessian, which is not efficient. Try switching to 'method = analytic'


 -------------------------------
  Numerical Geometrical Hessian 
 -------------------------------

 Compute hessian using two-point central differentiation.
 Step size (bohr):                       0.0100

 Frequencies (including translational and rotational modes):
 mode    frequency (cm-1)
    0                0.38 i (imaginary)
    1                0.14 i (imaginary)
    2                0.01 i (imaginary)
    3               41.56
    4               62.01
    5               63.20
    6             1220.66
    7             2751.62
    8             2768.46

 Project out translational and rotational motions 

 Degrees of freedom for translational and rotational motions: 6

 Vibrational frequencies:
 mode    frequency (cm-1)
    0             1220.66
    1             2751.62
    2             2768.46

 --------------------------------------------------------------------------------

 End time:                               Sat May  8 09:46:04 2021
 Total wall-clock time:                 22.241 seconds
==================================================================================
