
================================================================================
          _____________ ________ _______________ ________     _________         
         / ___________// ______ \\_____   _____// ______ \   / ________)        
        / /_________  / /      \ \     | |     / /      \ \ | (_______          
       |  __________|| |        | |    | |    | |        | | \________ \        
        \ \_________ | |        | |    | |     \ \______/ /___________) |       
         \__________||_|        |_|    |_|      \________//____________/        
                                                                                
====================================[ Qcore ]===================================

 Git hash:   15a3e7daff0cda5fa9af010ccd19a80288182ecf
 Git date:   Fri, 16 Apr 2021 15:57:16 +0100
 Compiler:   GNU 9.1.0
 Build type: Release
 Version:    1.1.0

 Start time: Sat May  8 09:46:47 2021

 Data directory: /work/zw18965/.local/qcore/share/entos/1.1.0/data
 Number of threads: 24
 Number of threads was determined by: command line argument

 --------------------------------------------------------------------------------
                                command: optimize                                
 --------------------------------------------------------------------------------
 Using coordinate system:                tric
 Hessian update scheme:                  bfgs

 ------------------------------------------------------------------------------------------------------------
                   energy      change    grad rms    grad max    step rms    step max       trust    time (s)
 ------------------------------------------------------------------------------------------------------------
   1      -130.325638210                5.54e-03    1.30e-02                            2.00e-01        1.60
   2      -130.325828820   -1.91e-04    4.98e-04    1.06e-03    1.76e-02    1.97e-02    2.00e-01        1.06
   3      -130.325831167   -2.35e-06    2.73e-04    6.19e-04    1.84e-03    2.31e-03    2.00e-01        1.05
   4      -130.325831497   -3.30e-07    5.80e-05    1.20e-04    6.15e-04    1.17e-03    2.00e-01        1.02
 Geometry optimization stopped:          thresholds achieved

 Final energy:                        -130.325831497

 -----------
  Final XYZ 
 -----------
3
Final structure: -130.326 hartree
N           -0.070189126          0.434665023          0.000000006
O            0.949533043         -0.191496304          0.000000006
H           -0.879343912         -0.243168719         -0.000000012

 Structure in entos input format:

  structure(
    xyz = [
      ['N'  ,         -0.070189126,          0.434665023,          0.000000006],
      ['O'  ,          0.949533043,         -0.191496304,          0.000000006],
      ['H'  ,         -0.879343912,         -0.243168719,         -0.000000012]
    ]
  )

 --------------------------------
  Geometry optimization finished 
 --------------------------------
 Saving results in set 'opt'

 --------------------------------------------------------------------------------
                                 command: hessian                                
 --------------------------------------------------------------------------------

WARNING: semianalytic method is specified for dft hessian, which is not efficient. Try switching to 'method = analytic'


 -------------------------------
  Numerical Geometrical Hessian 
 -------------------------------

 Compute hessian using two-point central differentiation.
 Step size (bohr):                       0.0100

 Frequencies (including translational and rotational modes):
 mode    frequency (cm-1)
    0               18.97 i (imaginary)
    1                6.73 i (imaginary)
    2                0.01 i (imaginary)
    3                0.13
    4                1.01
    5               27.71
    6             1585.67
    7             1732.87
    8             3002.67

 Project out translational and rotational motions 

 Degrees of freedom for translational and rotational motions: 6

 Vibrational frequencies:
 mode    frequency (cm-1)
    0             1585.67
    1             1732.87
    2             3002.67

 --------------------------------------------------------------------------------

 End time:                               Sat May  8 09:47:11 2021
 Total wall-clock time:                 24.379 seconds
==================================================================================
