
================================================================================
          _____________ ________ _______________ ________     _________         
         / ___________// ______ \\_____   _____// ______ \   / ________)        
        / /_________  / /      \ \     | |     / /      \ \ | (_______          
       |  __________|| |        | |    | |    | |        | | \________ \        
        \ \_________ | |        | |    | |     \ \______/ /___________) |       
         \__________||_|        |_|    |_|      \________//____________/        
                                                                                
====================================[ Qcore ]===================================

 Git hash:   15a3e7daff0cda5fa9af010ccd19a80288182ecf
 Git date:   Fri, 16 Apr 2021 15:57:16 +0100
 Compiler:   GNU 9.1.0
 Build type: Release
 Version:    1.1.0

 Start time: Sat May  8 09:51:19 2021

 Data directory: /work/zw18965/.local/qcore/share/entos/1.1.0/data
 Number of threads: 24
 Number of threads was determined by: command line argument

 --------------------------------------------------------------------------------
                                command: optimize                                
 --------------------------------------------------------------------------------
 Using coordinate system:                tric
 Hessian update scheme:                  bfgs

 ------------------------------------------------------------------------------------------------------------
                   energy      change    grad rms    grad max    step rms    step max       trust    time (s)
 ------------------------------------------------------------------------------------------------------------
   1      -364.362009191                2.45e-03    4.24e-03                            2.00e-01        2.11
   2      -364.362020674   -1.15e-05    1.19e-03    2.07e-03    1.79e-03    3.59e-03    2.00e-01        1.30
   3      -364.362024400   -3.73e-06    1.23e-05    2.13e-05    1.70e-03    3.40e-03    2.00e-01        1.28
   4      -364.362024408   -8.23e-09    4.82e-08    8.34e-08    1.77e-05    3.54e-05    2.00e-01        1.19
 Geometry optimization stopped:          thresholds achieved

 Final energy:                        -364.362024408

 -----------
  Final XYZ 
 -----------
2
Final structure: -364.362 hartree
Si           0.000000031          0.000000020         -0.758788364
O           -0.000000031         -0.000000020          0.758788364

 Structure in entos input format:

  structure(
    xyz = [
      ['Si' ,          0.000000031,          0.000000020,         -0.758788364],
      ['O'  ,         -0.000000031,         -0.000000020,          0.758788364]
    ]
  )

 --------------------------------
  Geometry optimization finished 
 --------------------------------
 Saving results in set 'opt'

 --------------------------------------------------------------------------------
                                 command: hessian                                
 --------------------------------------------------------------------------------

WARNING: semianalytic method is specified for dft hessian, which is not efficient. Try switching to 'method = analytic'


 -------------------------------
  Numerical Geometrical Hessian 
 -------------------------------

 Compute hessian using two-point central differentiation.
 Step size (bohr):                       0.0100

 Frequencies (including translational and rotational modes):
 mode    frequency (cm-1)
    0                0.01 i (imaginary)
    1                0.00 i (imaginary)
    2                0.00 i (imaginary)
    3               20.80
    4               20.80
    5             1245.27

 Project out translational and rotational motions 

 The molecule is linear

 Degrees of freedom for translational and rotational motions: 5

 Vibrational frequencies:
 mode    frequency (cm-1)
    0             1245.27

 --------------------------------------------------------------------------------

 End time:                               Sat May  8 09:51:42 2021
 Total wall-clock time:                 22.738 seconds
==================================================================================
