
================================================================================
          _____________ ________ _______________ ________     _________         
         / ___________// ______ \\_____   _____// ______ \   / ________)        
        / /_________  / /      \ \     | |     / /      \ \ | (_______          
       |  __________|| |        | |    | |    | |        | | \________ \        
        \ \_________ | |        | |    | |     \ \______/ /___________) |       
         \__________||_|        |_|    |_|      \________//____________/        
                                                                                
====================================[ Qcore ]===================================

 Git hash:   15a3e7daff0cda5fa9af010ccd19a80288182ecf
 Git date:   Fri, 16 Apr 2021 15:57:16 +0100
 Compiler:   GNU 9.1.0
 Build type: Release
 Version:    1.1.0

 Start time: Tue Apr 27 14:17:50 2021

 Data directory: /work/zw18965/.local/qcore/share/entos/1.1.0/data
 Number of threads: 24
 Number of threads was determined by: command line argument
  - More threads can be used by running 'qcore -n 32'

 --------------------------------------------------------------------------------
                                command: optimize                                
 --------------------------------------------------------------------------------
 Using coordinate system:                tric
 Hessian update scheme:                  bfgs

 ------------------------------------------------------------------------------------------------------------
                   energy      change    grad rms    grad max    step rms    step max       trust    time (s)
 ------------------------------------------------------------------------------------------------------------
   1      -472.984100193                2.33e-03    4.04e-03                            2.00e-01        2.83
   2      -472.984110201   -1.00e-05    1.29e-03    2.24e-03    1.57e-03    3.15e-03    2.00e-01        1.74
   3      -472.984114803   -4.60e-06    1.66e-05    2.87e-05    1.96e-03    3.92e-03    2.00e-01        1.77
   4      -472.984114808   -5.73e-09    1.15e-06    1.99e-06    2.54e-05    5.08e-05    2.00e-01        1.48
 Geometry optimization stopped:          thresholds achieved

 Final energy:                        -472.984114808

 -----------
  Final XYZ 
 -----------
2
Final structure: -472.984 hartree
S            0.000000009          0.000000456         -0.001882118
O           -0.000000009         -0.000000456          1.488096668

 Structure in entos input format:

  structure(
    xyz = [
      ['S'  ,          0.000000009,          0.000000456,         -0.001882118],
      ['O'  ,         -0.000000009,         -0.000000456,          1.488096668]
    ]
  )

 --------------------------------
  Geometry optimization finished 
 --------------------------------
 Saving results in set 'opt'

 --------------------------------------------------------------------------------
                                 command: hessian                                
 --------------------------------------------------------------------------------

WARNING: semianalytic method is specified for dft hessian, which is not efficient. Try switching to 'method = analytic'


 -------------------------------
  Numerical Geometrical Hessian 
 -------------------------------

 Compute hessian using two-point central differentiation.
 Step size (bohr):                       0.0100

 Frequencies (including translational and rotational modes):
 mode    frequency (cm-1)
    0                0.23 i (imaginary)
    1                0.04 i (imaginary)
    2                0.00 i (imaginary)
    3               28.03
    4               28.14
    5             1178.69

 Project out translational and rotational motions 

 The molecule is linear

 Degrees of freedom for translational and rotational motions: 5

 Vibrational frequencies:
 mode    frequency (cm-1)
    0             1178.69

 --------------------------------------------------------------------------------

 End time:                               Tue Apr 27 14:18:22 2021
 Total wall-clock time:                 31.978 seconds
==================================================================================
