
================================================================================
          _____________ ________ _______________ ________     _________         
         / ___________// ______ \\_____   _____// ______ \   / ________)        
        / /_________  / /      \ \     | |     / /      \ \ | (_______          
       |  __________|| |        | |    | |    | |        | | \________ \        
        \ \_________ | |        | |    | |     \ \______/ /___________) |       
         \__________||_|        |_|    |_|      \________//____________/        
                                                                                
====================================[ Qcore ]===================================

 Git hash:   15a3e7daff0cda5fa9af010ccd19a80288182ecf
 Git date:   Fri, 16 Apr 2021 15:57:16 +0100
 Compiler:   GNU 9.1.0
 Build type: Release
 Version:    1.1.0

 Start time: Fri Apr 23 14:40:22 2021

 Data directory: /work/zw18965/.local/qcore/share/entos/1.1.0/data
 Number of threads: 24
 Number of threads was determined by: command line argument

 --------------------------------------------------------------------------------
                                command: optimize                                
 --------------------------------------------------------------------------------
 Using coordinate system:                tric
 Hessian update scheme:                  bfgs

 ------------------------------------------------------------------------------------------------------------
                   energy      change    grad rms    grad max    step rms    step max       trust    time (s)
 ------------------------------------------------------------------------------------------------------------
   1       -77.334152931                5.31e-03    1.11e-02                            2.00e-01        0.45
   2       -77.334399202   -2.46e-04    1.04e-03    2.36e-03    1.42e-02    1.86e-02    2.00e-01        0.26
   3       -77.334413971   -1.48e-05    2.87e-04    6.32e-04    4.31e-03    6.04e-03    2.00e-01        0.25
   4       -77.334414261   -2.90e-07    3.50e-05    8.47e-05    4.50e-04    7.42e-04    2.00e-01        0.25
 Geometry optimization stopped:          thresholds achieved

 Final energy:                         -77.334414261

 -----------
  Final XYZ 
 -----------
4
Final structure: -77.3344 hartree
C           -0.602631447          0.000000111         -0.000012236
C            0.602631072         -0.000000124          0.000012239
H           -1.669326280         -0.000000073         -0.000095822
H            1.669326655          0.000000086          0.000095819

 Structure in entos input format:

  structure(
    xyz = [
      ['C'  ,         -0.602631447,          0.000000111,         -0.000012236],
      ['C'  ,          0.602631072,         -0.000000124,          0.000012239],
      ['H'  ,         -1.669326280,         -0.000000073,         -0.000095822],
      ['H'  ,          1.669326655,          0.000000086,          0.000095819]
    ]
  )

 --------------------------------
  Geometry optimization finished 
 --------------------------------
 Saving results in set 'opt'

 --------------------------------------------------------------------------------
                                 command: hessian                                
 --------------------------------------------------------------------------------

WARNING: semianalytic method is specified for dft hessian, which is not efficient. Try switching to 'method = analytic'


 -------------------------------
  Numerical Geometrical Hessian 
 -------------------------------

 Compute hessian using two-point central differentiation.
 Step size (bohr):                       0.0100

 Frequencies (including translational and rotational modes):
 mode    frequency (cm-1)
    0                0.02 i (imaginary)
    1                0.01 i (imaginary)
    2                0.01 i (imaginary)
    3               13.38
    4               13.39
    5              586.09
    6              586.09
    7              734.99
    8              734.99
    9             2008.77
   10             3350.17
   11             3447.53

 Project out translational and rotational motions 

 Degrees of freedom for translational and rotational motions: 6

 Vibrational frequencies:
 mode    frequency (cm-1)
    0              586.09
    1              734.99
    2              734.99
    3             2008.77
    4             3350.17
    5             3447.53

 --------------------------------------------------------------------------------

 End time:                               Fri Apr 23 14:40:30 2021
 Total wall-clock time:                  8.011 seconds
==================================================================================
