
================================================================================
          _____________ ________ _______________ ________     _________         
         / ___________// ______ \\_____   _____// ______ \   / ________)        
        / /_________  / /      \ \     | |     / /      \ \ | (_______          
       |  __________|| |        | |    | |    | |        | | \________ \        
        \ \_________ | |        | |    | |     \ \______/ /___________) |       
         \__________||_|        |_|    |_|      \________//____________/        
                                                                                
====================================[ Qcore ]===================================

 Git hash:   15a3e7daff0cda5fa9af010ccd19a80288182ecf
 Git date:   Fri, 16 Apr 2021 15:57:16 +0100
 Compiler:   GNU 9.1.0
 Build type: Release
 Version:    1.1.0

 Start time: Fri Apr 23 14:41:09 2021

 Data directory: /work/zw18965/.local/qcore/share/entos/1.1.0/data
 Number of threads: 24
 Number of threads was determined by: command line argument

 --------------------------------------------------------------------------------
                                command: optimize                                
 --------------------------------------------------------------------------------
 Using coordinate system:                tric
 Hessian update scheme:                  bfgs

 ------------------------------------------------------------------------------------------------------------
                   energy      change    grad rms    grad max    step rms    step max       trust    time (s)
 ------------------------------------------------------------------------------------------------------------
   1       -40.503072319                2.80e-03    4.52e-03                            2.00e-01        0.47
   2       -40.503227409   -1.55e-04    8.11e-04    1.31e-03    9.96e-03    1.11e-02    2.00e-01        0.27
   3       -40.503241965   -1.46e-05    1.88e-05    3.00e-05    4.06e-03    4.54e-03    2.00e-01        0.27
   4       -40.503241971   -5.62e-09    5.09e-07    1.06e-06    9.63e-05    1.08e-04    2.00e-01        0.25
 Geometry optimization stopped:          thresholds achieved

 Final energy:                         -40.503241971

 -----------
  Final XYZ 
 -----------
5
Final structure: -40.5032 hartree
C           -0.000021732          0.000011806          0.000007316
H            0.555301589          0.801093203          0.497422370
H            0.684585921         -0.814976127         -0.254209245
H           -0.779669157         -0.374224175          0.670549132
H           -0.460296620          0.388195291         -0.913769668

 Structure in entos input format:

  structure(
    xyz = [
      ['C'  ,         -0.000021732,          0.000011806,          0.000007316],
      ['H'  ,          0.555301589,          0.801093203,          0.497422370],
      ['H'  ,          0.684585921,         -0.814976127,         -0.254209245],
      ['H'  ,         -0.779669157,         -0.374224175,          0.670549132],
      ['H'  ,         -0.460296620,          0.388195291,         -0.913769668]
    ]
  )

 --------------------------------
  Geometry optimization finished 
 --------------------------------
 Saving results in set 'opt'

 --------------------------------------------------------------------------------
                                 command: hessian                                
 --------------------------------------------------------------------------------

WARNING: semianalytic method is specified for dft hessian, which is not efficient. Try switching to 'method = analytic'


 -------------------------------
  Numerical Geometrical Hessian 
 -------------------------------

 Compute hessian using two-point central differentiation.
 Step size (bohr):                       0.0100

 Frequencies (including translational and rotational modes):
 mode    frequency (cm-1)
    0               35.43 i (imaginary)
    1               16.47 i (imaginary)
    2                4.38 i (imaginary)
    3                0.01 i (imaginary)
    4                0.32
    5                1.27
    6             1311.21
    7             1311.32
    8             1311.43
    9             1526.43
   10             1526.62
   11             2964.87
   12             3059.46
   13             3059.56
   14             3059.83

 Project out translational and rotational motions 

 Degrees of freedom for translational and rotational motions: 6

 Vibrational frequencies:
 mode    frequency (cm-1)
    0             1311.21
    1             1311.32
    2             1311.43
    3             1526.43
    4             1526.62
    5             2964.87
    6             3059.46
    7             3059.56
    8             3059.83

 --------------------------------------------------------------------------------

 End time:                               Fri Apr 23 14:41:18 2021
 Total wall-clock time:                  9.712 seconds
==================================================================================
