
================================================================================
          _____________ ________ _______________ ________     _________         
         / ___________// ______ \\_____   _____// ______ \   / ________)        
        / /_________  / /      \ \     | |     / /      \ \ | (_______          
       |  __________|| |        | |    | |    | |        | | \________ \        
        \ \_________ | |        | |    | |     \ \______/ /___________) |       
         \__________||_|        |_|    |_|      \________//____________/        
                                                                                
====================================[ Qcore ]===================================

 Git hash:   15a3e7daff0cda5fa9af010ccd19a80288182ecf
 Git date:   Fri, 16 Apr 2021 15:57:16 +0100
 Compiler:   GNU 9.1.0
 Build type: Release
 Version:    1.1.0

 Start time: Fri Apr 23 14:41:23 2021

 Data directory: /work/zw18965/.local/qcore/share/entos/1.1.0/data
 Number of threads: 24
 Number of threads was determined by: command line argument

 --------------------------------------------------------------------------------
                                command: optimize                                
 --------------------------------------------------------------------------------
 Using coordinate system:                tric
 Hessian update scheme:                  bfgs

 ------------------------------------------------------------------------------------------------------------
                   energy      change    grad rms    grad max    step rms    step max       trust    time (s)
 ------------------------------------------------------------------------------------------------------------
   1      -553.058598355                1.82e-02    4.06e-02                            2.00e-01        0.70
   2      -553.059420936   -8.23e-04    2.23e-03    5.18e-03    1.90e-02    3.40e-02    2.00e-01        0.34
   3      -553.059453174   -3.22e-05    1.65e-03    3.66e-03    4.11e-03    7.21e-03    2.00e-01        0.33
   4      -553.059467905   -1.47e-05    5.97e-04    1.36e-03    4.04e-03    8.52e-03    2.00e-01        0.35
   5      -553.059468599   -6.94e-07    1.20e-04    2.50e-04    5.54e-04    1.35e-03    2.00e-01        0.33
   6      -553.059468627   -2.81e-08    8.51e-06    1.72e-05    1.39e-04    3.13e-04    2.00e-01        0.32
 Geometry optimization stopped:          thresholds achieved

 Final energy:                        -553.059468627

 -----------
  Final XYZ 
 -----------
3
Final structure: -553.059 hartree
Cl           1.419693638         -0.809221171          0.000049745
C           -0.151905653         -0.329707685         -0.000119358
N           -1.267787979          0.010991620          0.000069613

 Structure in entos input format:

  structure(
    xyz = [
      ['Cl' ,          1.419693638,         -0.809221171,          0.000049745],
      ['C'  ,         -0.151905653,         -0.329707685,         -0.000119358],
      ['N'  ,         -1.267787979,          0.010991620,          0.000069613]
    ]
  )

 --------------------------------
  Geometry optimization finished 
 --------------------------------
 Saving results in set 'opt'

 --------------------------------------------------------------------------------
                                 command: hessian                                
 --------------------------------------------------------------------------------

WARNING: semianalytic method is specified for dft hessian, which is not efficient. Try switching to 'method = analytic'


 -------------------------------
  Numerical Geometrical Hessian 
 -------------------------------

 Compute hessian using two-point central differentiation.
 Step size (bohr):                       0.0100

 Frequencies (including translational and rotational modes):
 mode    frequency (cm-1)
    0                0.09 i (imaginary)
    1                0.03 i (imaginary)
    2                0.01
    3                4.22
    4                9.90
    5              386.37
    6              386.52
    7              708.96
    8             2201.19

 Project out translational and rotational motions 

 Degrees of freedom for translational and rotational motions: 6

 Vibrational frequencies:
 mode    frequency (cm-1)
    0              386.47
    1              708.96
    2             2201.19

 --------------------------------------------------------------------------------

 End time:                               Fri Apr 23 14:41:32 2021
 Total wall-clock time:                  9.263 seconds
==================================================================================
