
================================================================================
          _____________ ________ _______________ ________     _________         
         / ___________// ______ \\_____   _____// ______ \   / ________)        
        / /_________  / /      \ \     | |     / /      \ \ | (_______          
       |  __________|| |        | |    | |    | |        | | \________ \        
        \ \_________ | |        | |    | |     \ \______/ /___________) |       
         \__________||_|        |_|    |_|      \________//____________/        
                                                                                
====================================[ Qcore ]===================================

 Git hash:   15a3e7daff0cda5fa9af010ccd19a80288182ecf
 Git date:   Fri, 16 Apr 2021 15:57:16 +0100
 Compiler:   GNU 9.1.0
 Build type: Release
 Version:    1.1.0

 Start time: Fri Apr 23 14:41:43 2021

 Data directory: /work/zw18965/.local/qcore/share/entos/1.1.0/data
 Number of threads: 24
 Number of threads was determined by: command line argument

 --------------------------------------------------------------------------------
                                command: optimize                                
 --------------------------------------------------------------------------------
 Using coordinate system:                tric
 Hessian update scheme:                  bfgs

 ------------------------------------------------------------------------------------------------------------
                   energy      change    grad rms    grad max    step rms    step max       trust    time (s)
 ------------------------------------------------------------------------------------------------------------
   1      -113.344283990                1.78e-02    3.08e-02                            2.00e-01        0.39
   2      -113.344664412   -3.80e-04    1.06e-03    1.84e-03    1.18e-02    2.37e-02    2.00e-01        0.16
   3      -113.344665855   -1.44e-06    4.97e-05    8.61e-05    7.51e-04    1.50e-03    2.00e-01        0.15
   4      -113.344665858   -3.44e-09    1.44e-07    2.49e-07    3.70e-05    7.39e-05    2.00e-01        0.14
 Geometry optimization stopped:          thresholds achieved

 Final energy:                        -113.344665858

 -----------
  Final XYZ 
 -----------
2
Final structure: -113.345 hartree
O            0.568917348          0.000000014          0.000000058
C           -0.568917348         -0.000000014         -0.000000058

 Structure in entos input format:

  structure(
    xyz = [
      ['O'  ,          0.568917348,          0.000000014,          0.000000058],
      ['C'  ,         -0.568917348,         -0.000000014,         -0.000000058]
    ]
  )

 --------------------------------
  Geometry optimization finished 
 --------------------------------
 Saving results in set 'opt'

 --------------------------------------------------------------------------------
                                 command: hessian                                
 --------------------------------------------------------------------------------

WARNING: semianalytic method is specified for dft hessian, which is not efficient. Try switching to 'method = analytic'


 -------------------------------
  Numerical Geometrical Hessian 
 -------------------------------

 Compute hessian using two-point central differentiation.
 Step size (bohr):                       0.0100

 Frequencies (including translational and rotational modes):
 mode    frequency (cm-1)
    0                0.01 i (imaginary)
    1                0.00 i (imaginary)
    2                0.00 i (imaginary)
    3               20.53
    4               20.55
    5             2115.76

 Project out translational and rotational motions 

 The molecule is linear

 Degrees of freedom for translational and rotational motions: 5

 Vibrational frequencies:
 mode    frequency (cm-1)
    0             2115.76

 --------------------------------------------------------------------------------

 End time:                               Fri Apr 23 14:41:46 2021
 Total wall-clock time:                  3.041 seconds
==================================================================================
