
================================================================================
          _____________ ________ _______________ ________     _________         
         / ___________// ______ \\_____   _____// ______ \   / ________)        
        / /_________  / /      \ \     | |     / /      \ \ | (_______          
       |  __________|| |        | |    | |    | |        | | \________ \        
        \ \_________ | |        | |    | |     \ \______/ /___________) |       
         \__________||_|        |_|    |_|      \________//____________/        
                                                                                
====================================[ Qcore ]===================================

 Git hash:   15a3e7daff0cda5fa9af010ccd19a80288182ecf
 Git date:   Fri, 16 Apr 2021 15:57:16 +0100
 Compiler:   GNU 9.1.0
 Build type: Release
 Version:    1.1.0

 Start time: Fri Apr 23 14:42:13 2021

 Data directory: /work/zw18965/.local/qcore/share/entos/1.1.0/data
 Number of threads: 24
 Number of threads was determined by: command line argument

 --------------------------------------------------------------------------------
                                command: optimize                                
 --------------------------------------------------------------------------------
 Using coordinate system:                tric
 Hessian update scheme:                  bfgs

 ------------------------------------------------------------------------------------------------------------
                   energy      change    grad rms    grad max    step rms    step max       trust    time (s)
 ------------------------------------------------------------------------------------------------------------
   1      -437.482978313                3.34e-03    6.49e-03                            2.00e-01        0.67
   2      -437.483142734   -1.64e-04    1.85e-03    4.62e-03    1.30e-02    1.64e-02    2.00e-01        0.37
   3      -437.483186062   -4.33e-05    7.24e-04    2.07e-03    9.50e-03    1.47e-02    2.00e-01        0.37
   4      -437.483189236   -3.17e-06    3.19e-04    8.61e-04    1.39e-03    2.94e-03    2.00e-01        0.36
   5      -437.483190056   -8.20e-07    2.14e-05    4.49e-05    7.76e-04    1.27e-03    2.00e-01        0.35
   6      -437.483190052    4.09e-09    3.35e-06    6.28e-06    1.14e-04    1.48e-04    5.69e-05        0.33
 Geometry optimization stopped:          thresholds achieved

 Final energy:                        -437.483190052

 -----------
  Final XYZ 
 -----------
4
Final structure: -437.483 hartree
C           -0.112638021          0.008933623          0.001244845
S            1.502742050         -0.119476615         -0.016410980
H           -0.667783429          0.274582801          0.906400992
H           -0.722324738         -0.164102103         -0.891155454

 Structure in entos input format:

  structure(
    xyz = [
      ['C'  ,         -0.112638021,          0.008933623,          0.001244845],
      ['S'  ,          1.502742050,         -0.119476615,         -0.016410980],
      ['H'  ,         -0.667783429,          0.274582801,          0.906400992],
      ['H'  ,         -0.722324738,         -0.164102103,         -0.891155454]
    ]
  )

 --------------------------------
  Geometry optimization finished 
 --------------------------------
 Saving results in set 'opt'

 --------------------------------------------------------------------------------
                                 command: hessian                                
 --------------------------------------------------------------------------------

WARNING: semianalytic method is specified for dft hessian, which is not efficient. Try switching to 'method = analytic'


 -------------------------------
  Numerical Geometrical Hessian 
 -------------------------------

 Compute hessian using two-point central differentiation.
 Step size (bohr):                       0.0100

 Frequencies (including translational and rotational modes):
 mode    frequency (cm-1)
    0               25.56 i (imaginary)
    1                9.12 i (imaginary)
    2                0.25 i (imaginary)
    3                0.01
    4                0.20
    5                8.71
    6              980.05
    7              988.70
    8             1043.79
    9             1455.23
   10             2976.36
   11             3049.01

 Project out translational and rotational motions 

 Degrees of freedom for translational and rotational motions: 6

 Vibrational frequencies:
 mode    frequency (cm-1)
    0              980.05
    1              988.70
    2             1043.79
    3             1455.23
    4             2976.36
    5             3049.01

 --------------------------------------------------------------------------------

 End time:                               Fri Apr 23 14:42:25 2021
 Total wall-clock time:                 11.399 seconds
==================================================================================
