
================================================================================
          _____________ ________ _______________ ________     _________         
         / ___________// ______ \\_____   _____// ______ \   / ________)        
        / /_________  / /      \ \     | |     / /      \ \ | (_______          
       |  __________|| |        | |    | |    | |        | | \________ \        
        \ \_________ | |        | |    | |     \ \______/ /___________) |       
         \__________||_|        |_|    |_|      \________//____________/        
                                                                                
====================================[ Qcore ]===================================

 Git hash:   15a3e7daff0cda5fa9af010ccd19a80288182ecf
 Git date:   Fri, 16 Apr 2021 15:57:16 +0100
 Compiler:   GNU 9.1.0
 Build type: Release
 Version:    1.1.0

 Start time: Fri Apr 23 14:42:29 2021

 Data directory: /work/zw18965/.local/qcore/share/entos/1.1.0/data
 Number of threads: 24
 Number of threads was determined by: command line argument

 --------------------------------------------------------------------------------
                                command: optimize                                
 --------------------------------------------------------------------------------
 Using coordinate system:                tric
 Hessian update scheme:                  bfgs

 ------------------------------------------------------------------------------------------------------------
                   energy      change    grad rms    grad max    step rms    step max       trust    time (s)
 ------------------------------------------------------------------------------------------------------------
   1      -399.405722771                1.05e-02    2.26e-02                            2.00e-01        0.46
   2      -399.406444040   -7.21e-04    4.39e-03    9.38e-03    1.88e-02    3.21e-02    2.00e-01        0.24
   3      -399.406608738   -1.65e-04    3.20e-04    6.74e-04    1.40e-02    2.34e-02    2.00e-01        0.23
   4      -399.406609674   -9.36e-07    1.11e-05    2.31e-05    1.18e-03    1.87e-03    2.00e-01        0.23
   5      -399.406609681   -6.20e-09    7.21e-07    1.30e-06    4.44e-05    7.72e-05    2.00e-01        0.22
 Geometry optimization stopped:          thresholds achieved

 Final energy:                        -399.406609681

 -----------
  Final XYZ 
 -----------
3
Final structure: -399.407 hartree
S           -0.001610536          0.625524193          0.000000122
H            0.973503024         -0.310259127         -0.000000086
H           -0.971892488         -0.315265061         -0.000000035

 Structure in entos input format:

  structure(
    xyz = [
      ['S'  ,         -0.001610536,          0.625524193,          0.000000122],
      ['H'  ,          0.973503024,         -0.310259127,         -0.000000086],
      ['H'  ,         -0.971892488,         -0.315265061,         -0.000000035]
    ]
  )

 --------------------------------
  Geometry optimization finished 
 --------------------------------
 Saving results in set 'opt'

 --------------------------------------------------------------------------------
                                 command: hessian                                
 --------------------------------------------------------------------------------

WARNING: semianalytic method is specified for dft hessian, which is not efficient. Try switching to 'method = analytic'


 -------------------------------
  Numerical Geometrical Hessian 
 -------------------------------

 Compute hessian using two-point central differentiation.
 Step size (bohr):                       0.0100

 Frequencies (including translational and rotational modes):
 mode    frequency (cm-1)
    0              109.86 i (imaginary)
    1              105.54 i (imaginary)
    2               73.75 i (imaginary)
    3                0.01 i (imaginary)
    4                0.02
    5                0.04
    6             1179.63
    7             2601.39
    8             2615.05

 Project out translational and rotational motions 

 Degrees of freedom for translational and rotational motions: 6

 Vibrational frequencies:
 mode    frequency (cm-1)
    0             1179.63
    1             2601.39
    2             2615.05

 --------------------------------------------------------------------------------

 End time:                               Fri Apr 23 14:42:35 2021
 Total wall-clock time:                  5.888 seconds
==================================================================================
