
================================================================================
          _____________ ________ _______________ ________     _________         
         / ___________// ______ \\_____   _____// ______ \   / ________)        
        / /_________  / /      \ \     | |     / /      \ \ | (_______          
       |  __________|| |        | |    | |    | |        | | \________ \        
        \ \_________ | |        | |    | |     \ \______/ /___________) |       
         \__________||_|        |_|    |_|      \________//____________/        
                                                                                
====================================[ Qcore ]===================================

 Git hash:   15a3e7daff0cda5fa9af010ccd19a80288182ecf
 Git date:   Fri, 16 Apr 2021 15:57:16 +0100
 Compiler:   GNU 9.1.0
 Build type: Release
 Version:    1.1.0

 Start time: Fri Apr 23 14:42:35 2021

 Data directory: /work/zw18965/.local/qcore/share/entos/1.1.0/data
 Number of threads: 24
 Number of threads was determined by: command line argument

 --------------------------------------------------------------------------------
                                command: optimize                                
 --------------------------------------------------------------------------------
 Using coordinate system:                tric
 Hessian update scheme:                  bfgs

 ------------------------------------------------------------------------------------------------------------
                   energy      change    grad rms    grad max    step rms    step max       trust    time (s)
 ------------------------------------------------------------------------------------------------------------
   1      -460.821459478                8.90e-03    1.54e-02                            2.00e-01        0.39
   2      -460.821739207   -2.80e-04    4.05e-03    7.01e-03    1.25e-02    2.51e-02    2.00e-01        0.18
   3      -460.821816608   -7.74e-05    2.65e-04    4.58e-04    1.05e-02    2.09e-02    2.00e-01        0.18
   4      -460.821816968   -3.61e-07    8.53e-06    1.48e-05    7.32e-04    1.46e-03    2.00e-01        0.18
   5      -460.821816969   -3.61e-10    8.51e-09    1.17e-08    2.44e-05    4.88e-05    2.00e-01        0.17
 Geometry optimization stopped:          thresholds achieved

 Final energy:                        -460.821816969

 -----------
  Final XYZ 
 -----------
2
Final structure: -460.822 hartree
Cl           0.645126632         -0.000000004         -0.000000025
H           -0.645126632          0.000000004          0.000000025

 Structure in entos input format:

  structure(
    xyz = [
      ['Cl' ,          0.645126632,         -0.000000004,         -0.000000025],
      ['H'  ,         -0.645126632,          0.000000004,          0.000000025]
    ]
  )

 --------------------------------
  Geometry optimization finished 
 --------------------------------
 Saving results in set 'opt'

 --------------------------------------------------------------------------------
                                 command: hessian                                
 --------------------------------------------------------------------------------

WARNING: semianalytic method is specified for dft hessian, which is not efficient. Try switching to 'method = analytic'


 -------------------------------
  Numerical Geometrical Hessian 
 -------------------------------

 Compute hessian using two-point central differentiation.
 Step size (bohr):                       0.0100

 Frequencies (including translational and rotational modes):
 mode    frequency (cm-1)
    0                0.02 i (imaginary)
    1                0.01 i (imaginary)
    2                0.00 i (imaginary)
    3               31.65
    4               31.66
    5             2855.42

 Project out translational and rotational motions 

 The molecule is linear

 Degrees of freedom for translational and rotational motions: 5

 Vibrational frequencies:
 mode    frequency (cm-1)
    0             2855.42

 --------------------------------------------------------------------------------

 End time:                               Fri Apr 23 14:42:38 2021
 Total wall-clock time:                  3.599 seconds
==================================================================================
