
================================================================================
          _____________ ________ _______________ ________     _________         
         / ___________// ______ \\_____   _____// ______ \   / ________)        
        / /_________  / /      \ \     | |     / /      \ \ | (_______          
       |  __________|| |        | |    | |    | |        | | \________ \        
        \ \_________ | |        | |    | |     \ \______/ /___________) |       
         \__________||_|        |_|    |_|      \________//____________/        
                                                                                
====================================[ Qcore ]===================================

 Git hash:   15a3e7daff0cda5fa9af010ccd19a80288182ecf
 Git date:   Fri, 16 Apr 2021 15:57:16 +0100
 Compiler:   GNU 9.1.0
 Build type: Release
 Version:    1.1.0

 Start time: Sun May  9 17:56:39 2021

 Data directory: /work/zw18965/.local/qcore/share/entos/1.1.0/data
 Number of threads: 24
 Number of threads was determined by: command line argument

 --------------------------------------------------------------------------------
                                command: optimize                                
 --------------------------------------------------------------------------------
 Using coordinate system:                tric
 Hessian update scheme:                  bfgs

 ------------------------------------------------------------------------------------------------------------
                   energy      change    grad rms    grad max    step rms    step max       trust    time (s)
 ------------------------------------------------------------------------------------------------------------
   1       -77.397720724                8.52e-03    2.05e-02                            2.00e-01        6.46
   2       -77.398010585   -2.90e-04    8.74e-04    1.55e-03    1.36e-02    2.12e-02    2.00e-01        4.53
   3       -77.398015911   -5.33e-06    2.50e-04    5.17e-04    2.11e-03    2.97e-03    2.00e-01        4.29
   4       -77.398016174   -2.62e-07    2.47e-06    4.65e-06    4.89e-04    7.64e-04    2.00e-01        4.52
   5       -77.398016176   -2.34e-09    1.30e-06    3.01e-06    3.45e-06    5.38e-06    2.00e-01        3.72
 Geometry optimization stopped:          thresholds achieved

 Final energy:                         -77.398016176

 -----------
  Final XYZ 
 -----------
4
Final structure: -77.398 hartree
C           -0.592537073         -0.000000010         -0.000015652
C            0.592537103          0.000000009          0.000015647
H           -1.645480497         -0.000000017         -0.000093187
H            1.645480467          0.000000017          0.000093191

 Structure in entos input format:

  structure(
    xyz = [
      ['C'  ,         -0.592537073,         -0.000000010,         -0.000015652],
      ['C'  ,          0.592537103,          0.000000009,          0.000015647],
      ['H'  ,         -1.645480497,         -0.000000017,         -0.000093187],
      ['H'  ,          1.645480467,          0.000000017,          0.000093191]
    ]
  )

 --------------------------------
  Geometry optimization finished 
 --------------------------------
 Saving results in set 'opt'

 --------------------------------------------------------------------------------
                                 command: hessian                                
 --------------------------------------------------------------------------------

WARNING: semianalytic method is specified for dft hessian, which is not efficient. Try switching to 'method = analytic'


 -------------------------------
  Numerical Geometrical Hessian 
 -------------------------------

 Compute hessian using two-point central differentiation.
 Step size (bohr):                       0.0100

 Frequencies (including translational and rotational modes):
 mode    frequency (cm-1)
    0                0.05 i (imaginary)
    1                0.01 i (imaginary)
    2                0.00 i (imaginary)
    3                8.52
    4                8.53
    5              707.34
    6              707.34
    7              787.37
    8              787.37
    9             2125.85
   10             3499.47
   11             3609.32

 Project out translational and rotational motions 

 Degrees of freedom for translational and rotational motions: 6

 Vibrational frequencies:
 mode    frequency (cm-1)
    0              707.34
    1              787.37
    2              787.37
    3             2125.85
    4             3499.47
    5             3609.32

 --------------------------------------------------------------------------------

 End time:                               Sun May  9 17:59:02 2021
 Total wall-clock time:                142.942 seconds
==================================================================================
