
================================================================================
          _____________ ________ _______________ ________     _________         
         / ___________// ______ \\_____   _____// ______ \   / ________)        
        / /_________  / /      \ \     | |     / /      \ \ | (_______          
       |  __________|| |        | |    | |    | |        | | \________ \        
        \ \_________ | |        | |    | |     \ \______/ /___________) |       
         \__________||_|        |_|    |_|      \________//____________/        
                                                                                
====================================[ Qcore ]===================================

 Git hash:   15a3e7daff0cda5fa9af010ccd19a80288182ecf
 Git date:   Fri, 16 Apr 2021 15:57:16 +0100
 Compiler:   GNU 9.1.0
 Build type: Release
 Version:    1.1.0

 Start time: Sun May  9 18:55:38 2021

 Data directory: /work/zw18965/.local/qcore/share/entos/1.1.0/data
 Number of threads: 24
 Number of threads was determined by: command line argument

 --------------------------------------------------------------------------------
                                command: optimize                                
 --------------------------------------------------------------------------------
 Using coordinate system:                tric
 Hessian update scheme:                  bfgs

 ------------------------------------------------------------------------------------------------------------
                   energy      change    grad rms    grad max    step rms    step max       trust    time (s)
 ------------------------------------------------------------------------------------------------------------
   1      -237.947672441                1.07e-02    1.94e-02                            2.00e-01       13.13
   2      -237.948416906   -7.44e-04    3.95e-03    9.14e-03    3.35e-02    2.92e-02    2.00e-01        9.45
   3      -237.948491263   -7.44e-05    1.10e-03    2.67e-03    5.71e-03    8.26e-03    2.00e-01        9.05
   4      -237.948498788   -7.53e-06    1.67e-05    4.02e-05    3.01e-03    4.56e-03    2.00e-01        8.95
Rejecting step due to low quality: Quality: -2.47955 New trust radius: 2.11367e-05
   5      -237.948498784    4.08e-09    1.67e-05    4.02e-05    4.23e-05    6.37e-05    2.11e-05        7.65
   6      -237.948498791   -2.31e-09    8.35e-06    2.01e-05    2.11e-05    3.18e-05    2.99e-05        6.82
   7      -237.948498785    5.45e-09    1.02e-07    2.35e-07    2.14e-05    3.23e-05    1.07e-05        6.96
 Geometry optimization stopped:          thresholds achieved

 Final energy:                        -237.948498785

 -----------
  Final XYZ 
 -----------
3
Final structure: -237.948 hartree
C           -0.000000064          0.146734925         -0.000000145
F            0.000000092          0.926632808         -1.013513026
F           -0.000000028          0.926632262          1.013513170

 Structure in entos input format:

  structure(
    xyz = [
      ['C'  ,         -0.000000064,          0.146734925,         -0.000000145],
      ['F'  ,          0.000000092,          0.926632808,         -1.013513026],
      ['F'  ,         -0.000000028,          0.926632262,          1.013513170]
    ]
  )

 --------------------------------
  Geometry optimization finished 
 --------------------------------
 Saving results in set 'opt'

 --------------------------------------------------------------------------------
                                 command: hessian                                
 --------------------------------------------------------------------------------

WARNING: semianalytic method is specified for dft hessian, which is not efficient. Try switching to 'method = analytic'


 -------------------------------
  Numerical Geometrical Hessian 
 -------------------------------

 Compute hessian using two-point central differentiation.
 Step size (bohr):                       0.0100

 Frequencies (including translational and rotational modes):
 mode    frequency (cm-1)
    0               18.57 i (imaginary)
    1                0.04 i (imaginary)
    2                0.01 i (imaginary)
    3                0.05
    4               14.63
    5               25.08
    6              703.82
    7             1213.18
    8             1307.06

 Project out translational and rotational motions 

 Degrees of freedom for translational and rotational motions: 6

 Vibrational frequencies:
 mode    frequency (cm-1)
    0              703.82
    1             1213.18
    2             1307.06

 --------------------------------------------------------------------------------

 End time:                               Sun May  9 18:59:44 2021
 Total wall-clock time:                246.064 seconds
==================================================================================
