
================================================================================
          _____________ ________ _______________ ________     _________         
         / ___________// ______ \\_____   _____// ______ \   / ________)        
        / /_________  / /      \ \     | |     / /      \ \ | (_______          
       |  __________|| |        | |    | |    | |        | | \________ \        
        \ \_________ | |        | |    | |     \ \______/ /___________) |       
         \__________||_|        |_|    |_|      \________//____________/        
                                                                                
====================================[ Qcore ]===================================

 Git hash:   15a3e7daff0cda5fa9af010ccd19a80288182ecf
 Git date:   Fri, 16 Apr 2021 15:57:16 +0100
 Compiler:   GNU 9.1.0
 Build type: Release
 Version:    1.1.0

 Start time: Sun May  9 19:04:44 2021

 Data directory: /work/zw18965/.local/qcore/share/entos/1.1.0/data
 Number of threads: 24
 Number of threads was determined by: command line argument

 --------------------------------------------------------------------------------
                                command: optimize                                
 --------------------------------------------------------------------------------
 Using coordinate system:                tric
 Hessian update scheme:                  bfgs

 ------------------------------------------------------------------------------------------------------------
                   energy      change    grad rms    grad max    step rms    step max       trust    time (s)
 ------------------------------------------------------------------------------------------------------------
   1      -553.376601340                7.71e-03    1.62e-02                            2.00e-01       26.77
   2      -553.376964918   -3.64e-04    4.72e-03    9.75e-03    1.33e-02    1.99e-02    2.00e-01       18.20
   3      -553.377089928   -1.25e-04    2.00e-03    4.58e-03    1.11e-02    2.25e-02    2.00e-01       16.74
   4      -553.377097019   -7.09e-06    3.22e-04    6.52e-04    1.62e-03    3.97e-03    2.00e-01       16.93
   5      -553.377097210   -1.91e-07    7.89e-06    1.75e-05    2.34e-04    5.12e-04    2.00e-01       14.20
   6      -553.377097212   -1.96e-09    4.18e-06    7.80e-06    2.82e-05    1.37e-04    2.00e-01       14.10
Rejecting step due to low quality: Quality: -4.64261 New trust radius: 1.5778e-05
   7      -553.377097206    5.96e-09    4.18e-06    7.80e-06    3.16e-05    1.69e-04    1.58e-05       14.58
   8      -553.377097205    7.02e-09    5.89e-06    1.09e-05    7.40e-06    8.44e-05    3.70e-06       13.44
   9      -553.377097215   -1.03e-08    5.83e-06    1.10e-05    4.38e-07    2.54e-05    3.70e-06        9.46
 Geometry optimization stopped:          thresholds achieved

 Final energy:                        -553.377097215

 -----------
  Final XYZ 
 -----------
3
Final structure: -553.377 hartree
Cl           1.386724900         -0.798973308          0.000005239
C           -0.147361201         -0.331080227         -0.000012948
N           -1.239363694          0.002116299          0.000007709

 Structure in entos input format:

  structure(
    xyz = [
      ['Cl' ,          1.386724900,         -0.798973308,          0.000005239],
      ['C'  ,         -0.147361201,         -0.331080227,         -0.000012948],
      ['N'  ,         -1.239363694,          0.002116299,          0.000007709]
    ]
  )

 --------------------------------
  Geometry optimization finished 
 --------------------------------
 Saving results in set 'opt'

 --------------------------------------------------------------------------------
                                 command: hessian                                
 --------------------------------------------------------------------------------

WARNING: semianalytic method is specified for dft hessian, which is not efficient. Try switching to 'method = analytic'


 -------------------------------
  Numerical Geometrical Hessian 
 -------------------------------

 Compute hessian using two-point central differentiation.
 Step size (bohr):                       0.0100

 Frequencies (including translational and rotational modes):
 mode    frequency (cm-1)
    0                0.08 i (imaginary)
    1                0.00 i (imaginary)
    2                0.01
    3                7.44
    4               10.78
    5              423.74
    6              423.91
    7              792.94
    8             2388.78

 Project out translational and rotational motions 

 Degrees of freedom for translational and rotational motions: 6

 Vibrational frequencies:
 mode    frequency (cm-1)
    0              423.75
    1              792.94
    2             2388.78

 --------------------------------------------------------------------------------

 End time:                               Sun May  9 19:12:45 2021
 Total wall-clock time:                480.815 seconds
==================================================================================
