
================================================================================
          _____________ ________ _______________ ________     _________         
         / ___________// ______ \\_____   _____// ______ \   / ________)        
        / /_________  / /      \ \     | |     / /      \ \ | (_______          
       |  __________|| |        | |    | |    | |        | | \________ \        
        \ \_________ | |        | |    | |     \ \______/ /___________) |       
         \__________||_|        |_|    |_|      \________//____________/        
                                                                                
====================================[ Qcore ]===================================

 Git hash:   15a3e7daff0cda5fa9af010ccd19a80288182ecf
 Git date:   Fri, 16 Apr 2021 15:57:16 +0100
 Compiler:   GNU 9.1.0
 Build type: Release
 Version:    1.1.0

 Start time: Sun May  9 19:33:13 2021

 Data directory: /work/zw18965/.local/qcore/share/entos/1.1.0/data
 Number of threads: 24
 Number of threads was determined by: command line argument

 --------------------------------------------------------------------------------
                                command: optimize                                
 --------------------------------------------------------------------------------
 Using coordinate system:                tric
 Hessian update scheme:                  bfgs

 ------------------------------------------------------------------------------------------------------------
                   energy      change    grad rms    grad max    step rms    step max       trust    time (s)
 ------------------------------------------------------------------------------------------------------------
   1      -114.613566947                5.66e-03    1.51e-02                            2.00e-01        8.71
   2      -114.614029863   -4.63e-04    2.13e-03    6.08e-03    2.17e-02    3.01e-02    2.00e-01        5.51
   3      -114.614086158   -5.63e-05    1.07e-03    2.91e-03    9.69e-03    1.71e-02    2.00e-01        5.54
   4      -114.614091032   -4.87e-06    2.41e-04    5.91e-04    2.26e-03    4.61e-03    2.00e-01        5.38
   5      -114.614091278   -2.46e-07    1.16e-05    2.28e-05    4.06e-04    6.27e-04    2.00e-01        5.03
   6      -114.614091282   -4.38e-09    4.28e-06    1.01e-05    4.19e-05    1.82e-04    2.00e-01        4.67
   7      -114.614091293   -1.05e-08    1.19e-05    2.85e-05    4.55e-05    4.96e-04    2.00e-01        5.00
   8      -114.614091309   -1.59e-08    2.91e-05    6.00e-05    7.77e-05    1.64e-03    2.00e-01        5.17
   9      -114.614091352   -4.32e-08    5.49e-05    1.03e-04    1.16e-04    4.47e-03    2.00e-01        5.44
  10      -114.614091459   -1.07e-07    9.51e-05    1.81e-04    1.81e-04    1.22e-02    2.00e-01        5.79
  11      -114.614091666   -2.07e-07    1.39e-04    2.69e-04    1.98e-04    2.63e-02    2.00e-01        5.77
  12      -114.614091977   -3.11e-07    1.48e-04    2.90e-04    4.34e-05    3.78e-02    2.00e-01        6.19
  13      -114.614092267   -2.89e-07    9.09e-05    1.82e-04    2.49e-04    3.76e-02    2.00e-01        5.99
  14      -114.614092383   -1.17e-07    2.29e-05    4.65e-05    3.04e-04    4.40e-03    2.00e-01        5.52
  15      -114.614092392   -8.52e-09    6.44e-07    1.27e-06    1.04e-04    3.87e-03    2.00e-01        5.12
  16      -114.614092394   -2.49e-09    5.51e-07    1.20e-06    1.58e-06    2.70e-04    2.00e-01        4.77
  17      -114.614092395   -4.52e-10    9.07e-07    1.64e-06    3.06e-06    2.34e-04    2.00e-01        4.84
  18      -114.614092409   -1.40e-08    2.49e-05    5.10e-05    1.09e-04    1.53e-02    2.00e-01        5.81
  19      -114.614092416   -6.90e-09    1.66e-05    3.33e-05    3.32e-05    3.76e-03    2.00e-01        5.45
  20      -114.614092431   -1.52e-08    4.41e-06    6.96e-06    5.26e-05    1.05e-02    2.00e-01        5.46
Rejecting step due to low quality: Quality: -1.24629 New trust radius: 7.45932e-06
  21      -114.614092430    1.10e-09    4.41e-06    6.96e-06    1.49e-05    2.57e-03    7.46e-06        5.44
  22      -114.614092430    5.81e-10    3.13e-06    5.33e-06    7.46e-06    1.28e-03    3.73e-06        5.04
  23      -114.614092430    4.32e-10    2.50e-06    4.40e-06    3.73e-06    6.14e-04    1.86e-06        5.17
  24      -114.614092428    1.43e-09    2.21e-06    3.89e-06    1.87e-06    3.83e-04    1.00e-06        5.12
  25      -114.614092431   -2.20e-09    2.07e-06    3.64e-06    1.00e-06    1.98e-04    1.41e-06        4.54
  26      -114.614092431   -7.21e-10    1.83e-06    3.24e-06    1.41e-06    1.25e-04    2.00e-06        4.94
  27      -114.614092434   -2.69e-09    1.51e-06    2.69e-06    2.00e-06    3.45e-04    2.83e-06        4.88
  28      -114.614092432    1.54e-09    1.09e-06    1.97e-06    2.83e-06    3.50e-04    1.41e-06        4.79
  29      -114.614092430    2.57e-09    8.88e-07    1.67e-06    1.41e-06    6.38e-05    1.00e-06        4.23
  30      -114.614092430    2.15e-10    7.93e-07    1.40e-06    1.00e-06    4.90e-05    1.00e-06        4.57
 Geometry optimization stopped:          thresholds achieved

 Final energy:                        -114.614092430

 -----------
  Final XYZ 
 -----------
4
Final structure: -114.614 hartree
C           -0.007742826          0.001430137         -0.000017449
O            1.158084599         -0.216206521          0.002657767
H           -0.409935571          0.989557172         -0.243943016
H           -0.740414577         -0.774848020          0.241310647

 Structure in entos input format:

  structure(
    xyz = [
      ['C'  ,         -0.007742826,          0.001430137,         -0.000017449],
      ['O'  ,          1.158084599,         -0.216206521,          0.002657767],
      ['H'  ,         -0.409935571,          0.989557172,         -0.243943016],
      ['H'  ,         -0.740414577,         -0.774848020,          0.241310647]
    ]
  )

 --------------------------------
  Geometry optimization finished 
 --------------------------------
 Saving results in set 'opt'

 --------------------------------------------------------------------------------
                                 command: hessian                                
 --------------------------------------------------------------------------------

WARNING: semianalytic method is specified for dft hessian, which is not efficient. Try switching to 'method = analytic'


 -------------------------------
  Numerical Geometrical Hessian 
 -------------------------------

 Compute hessian using two-point central differentiation.
 Step size (bohr):                       0.0100

 Frequencies (including translational and rotational modes):
 mode    frequency (cm-1)
    0                0.92 i (imaginary)
    1                0.42 i (imaginary)
    2                0.09 i (imaginary)
    3                9.06
    4               17.70
    5               19.68
    6             1231.55
    7             1291.99
    8             1561.45
    9             1890.52
   10             2987.72
   11             3054.23

 Project out translational and rotational motions 

 Degrees of freedom for translational and rotational motions: 6

 Vibrational frequencies:
 mode    frequency (cm-1)
    0             1231.55
    1             1291.99
    2             1561.45
    3             1890.52
    4             2987.72
    5             3054.23

 --------------------------------------------------------------------------------

 End time:                               Sun May  9 19:38:14 2021
 Total wall-clock time:                300.715 seconds
==================================================================================
