
================================================================================
          _____________ ________ _______________ ________     _________         
         / ___________// ______ \\_____   _____// ______ \   / ________)        
        / /_________  / /      \ \     | |     / /      \ \ | (_______          
       |  __________|| |        | |    | |    | |        | | \________ \        
        \ \_________ | |        | |    | |     \ \______/ /___________) |       
         \__________||_|        |_|    |_|      \________//____________/        
                                                                                
====================================[ Qcore ]===================================

 Git hash:   15a3e7daff0cda5fa9af010ccd19a80288182ecf
 Git date:   Fri, 16 Apr 2021 15:57:16 +0100
 Compiler:   GNU 9.1.0
 Build type: Release
 Version:    1.1.0

 Start time: Sun May  9 19:46:23 2021

 Data directory: /work/zw18965/.local/qcore/share/entos/1.1.0/data
 Number of threads: 24
 Number of threads was determined by: command line argument

 --------------------------------------------------------------------------------
                                command: optimize                                
 --------------------------------------------------------------------------------
 Using coordinate system:                tric
 Hessian update scheme:                  bfgs

 ------------------------------------------------------------------------------------------------------------
                   energy      change    grad rms    grad max    step rms    step max       trust    time (s)
 ------------------------------------------------------------------------------------------------------------
   1      -461.071791548                4.39e-04    7.60e-04                            2.00e-01        5.16
   2      -461.071792208   -6.60e-07    1.89e-04    3.27e-04    6.18e-04    1.24e-03    2.00e-01        1.62
   3      -461.071792357   -1.49e-07    6.56e-07    1.14e-06    4.68e-04    9.35e-04    2.00e-01        1.61
   4      -461.071792358   -8.46e-10    5.23e-08    9.05e-08    1.63e-06    3.25e-06    2.00e-01        1.32
 Geometry optimization stopped:          thresholds achieved

 Final energy:                        -461.071792358

 -----------
  Final XYZ 
 -----------
2
Final structure: -461.072 hartree
Cl           0.633135051          0.000000015          0.000000012
H           -0.633135051         -0.000000015         -0.000000012

 Structure in entos input format:

  structure(
    xyz = [
      ['Cl' ,          0.633135051,          0.000000015,          0.000000012],
      ['H'  ,         -0.633135051,         -0.000000015,         -0.000000012]
    ]
  )

 --------------------------------
  Geometry optimization finished 
 --------------------------------
 Saving results in set 'opt'

 --------------------------------------------------------------------------------
                                 command: hessian                                
 --------------------------------------------------------------------------------

WARNING: semianalytic method is specified for dft hessian, which is not efficient. Try switching to 'method = analytic'


 -------------------------------
  Numerical Geometrical Hessian 
 -------------------------------

 Compute hessian using two-point central differentiation.
 Step size (bohr):                       0.0100

 Frequencies (including translational and rotational modes):
 mode    frequency (cm-1)
    0                0.01 i (imaginary)
    1                0.00 i (imaginary)
    2                0.00 i (imaginary)
    3               22.85
    4               22.87
    5             3065.47

 Project out translational and rotational motions 

 The molecule is linear

 Degrees of freedom for translational and rotational motions: 5

 Vibrational frequencies:
 mode    frequency (cm-1)
    0             3065.47

 --------------------------------------------------------------------------------

 End time:                               Sun May  9 19:46:58 2021
 Total wall-clock time:                 34.919 seconds
==================================================================================
