
================================================================================
          _____________ ________ _______________ ________     _________         
         / ___________// ______ \\_____   _____// ______ \   / ________)        
        / /_________  / /      \ \     | |     / /      \ \ | (_______          
       |  __________|| |        | |    | |    | |        | | \________ \        
        \ \_________ | |        | |    | |     \ \______/ /___________) |       
         \__________||_|        |_|    |_|      \________//____________/        
                                                                                
====================================[ Qcore ]===================================

 Git hash:   15a3e7daff0cda5fa9af010ccd19a80288182ecf
 Git date:   Fri, 16 Apr 2021 15:57:16 +0100
 Compiler:   GNU 9.1.0
 Build type: Release
 Version:    1.1.0

 Start time: Sun May  9 19:50:37 2021

 Data directory: /work/zw18965/.local/qcore/share/entos/1.1.0/data
 Number of threads: 24
 Number of threads was determined by: command line argument

 --------------------------------------------------------------------------------
                                command: optimize                                
 --------------------------------------------------------------------------------
 Using coordinate system:                tric
 Hessian update scheme:                  bfgs

 ------------------------------------------------------------------------------------------------------------
                   energy      change    grad rms    grad max    step rms    step max       trust    time (s)
 ------------------------------------------------------------------------------------------------------------
   1      -536.305474163                1.04e-02    2.48e-02                            2.00e-01       13.92
   2      -536.306655551   -1.18e-03    5.52e-03    1.25e-02    4.26e-02    4.29e-02    2.00e-01        8.76
   3      -536.306932742   -2.77e-04    1.17e-03    2.45e-03    2.89e-02    3.53e-02    2.00e-01        8.79
   4      -536.306948299   -1.56e-05    7.37e-04    1.50e-03    4.39e-03    6.59e-03    2.00e-01        8.47
   5      -536.306956524   -8.23e-06    5.88e-05    1.14e-04    5.35e-03    8.46e-03    2.00e-01        8.19
   6      -536.306956548   -2.32e-08    1.54e-05    3.37e-05    8.54e-05    6.94e-04    2.00e-01        7.08
   7      -536.306956624   -7.63e-08    6.09e-05    1.21e-04    1.29e-04    2.53e-03    2.00e-01        7.62
   8      -536.306956741   -1.17e-07    1.40e-04    2.69e-04    1.39e-04    5.61e-03    2.00e-01        8.44
   9      -536.306957114   -3.73e-07    3.04e-04    5.68e-04    2.85e-04    2.01e-02    2.00e-01        8.76
  10      -536.306957977   -8.64e-07    5.61e-04    1.02e-03    4.57e-04    5.30e-02    2.00e-01        8.95
  11      -536.306958525   -5.48e-07    6.78e-04    1.20e-03    2.28e-04    6.69e-02    2.00e-01        9.41
  12      -536.306959669   -1.14e-06    4.12e-04    7.33e-04    4.67e-04    1.74e-02    2.00e-01        8.79
  13      -536.306960433   -7.64e-07    8.54e-06    1.37e-05    6.94e-04    1.19e-02    2.00e-01        8.37
  14      -536.306960440   -6.69e-09    1.47e-07    2.82e-07    1.35e-05    1.43e-03    2.00e-01        7.74
  15      -536.306960444   -4.49e-09    7.24e-08    1.50e-07    2.12e-07    1.72e-04    2.00e-01        6.43
Rejecting step due to low quality: Quality: -53.0239 New trust radius: 1e-06
  16      -536.306960444    3.87e-10    7.24e-08    1.50e-07    5.61e-07    1.31e-04    1.00e-06        6.78
  17      -536.306960444    3.87e-10    9.21e-08    1.59e-07    5.61e-07    1.31e-04    1.00e-06        0.00
  18      -536.306960436    8.00e-09    5.99e-08    9.96e-08    6.66e-07    2.64e-04    1.00e-06        7.03
  19      -536.306960428    8.02e-09    5.98e-08    1.15e-07    3.98e-07    1.32e-04    1.00e-06        6.45
  20      -536.306960439   -1.10e-08    8.48e-08    1.64e-07    5.08e-07    1.32e-04    1.00e-06        6.51
  21      -536.306960442   -2.79e-09    5.50e-08    9.69e-08    6.29e-07    2.20e-04    1.00e-06        7.08
  22      -536.306960455   -1.37e-08    5.71e-08    9.70e-08    3.42e-07    1.48e-04    1.00e-06        6.55
  23      -536.306960447    8.93e-09    7.95e-08    1.42e-07    4.14e-07    1.53e-04    1.00e-06        6.69
  24      -536.306960425    2.17e-08    6.65e-08    1.11e-07    5.72e-07    2.31e-04    1.00e-06        7.27
  25      -536.306960437   -1.20e-08    7.25e-08    1.17e-07    3.77e-07    1.32e-04    1.00e-06        6.55
  26      -536.306960438   -1.35e-09    8.68e-08    1.65e-07    5.00e-07    1.23e-04    1.00e-06        6.50
  27      -536.306960438   -2.14e-10    5.08e-08    9.80e-08    7.17e-07    2.10e-04    1.00e-06        7.06
  28      -536.306960435    3.80e-09    5.63e-08    9.57e-08    3.77e-07    1.19e-04    1.00e-06        6.61
  29      -536.306960432    2.35e-09    7.20e-08    1.31e-07    3.00e-07    1.16e-04    1.00e-06        6.44
  30      -536.306960427    5.23e-09    5.18e-08    9.89e-08    5.50e-07    1.92e-04    1.00e-06        7.06
  31      -536.306960447   -1.97e-08    6.35e-08    1.23e-07    4.13e-07    1.15e-04    1.00e-06        5.94
  32      -536.306960436    1.11e-08    6.95e-08    1.33e-07    2.28e-07    3.45e-04    1.00e-06        7.08
  33      -536.306960446   -1.07e-08    5.42e-08    1.00e-07    2.09e-07    3.37e-04    1.00e-06        7.00
  34      -536.306960443    2.97e-09    4.80e-08    1.04e-07    3.28e-07    7.62e-05    1.00e-06        5.97
  35      -536.306960429    1.38e-08    4.93e-08    9.04e-08    1.24e-07    2.40e-04    1.00e-06        7.39
  36      -536.306960435   -5.58e-09    4.49e-08    8.10e-08    1.33e-07    2.11e-04    1.00e-06        7.34
  37      -536.306960449   -1.43e-08    1.75e-07    3.36e-07    2.75e-07    6.40e-05    1.00e-06        5.43
  38      -536.306960430    1.92e-08    1.90e-07    3.45e-07    9.96e-07    5.10e-04    1.00e-06        7.07
  39      -536.306960434   -3.57e-09    4.70e-08    7.89e-08    5.59e-07    2.50e-04    1.00e-06        7.00
  40      -536.306960453   -1.91e-08    5.94e-08    1.02e-07    4.87e-08    8.99e-05    1.00e-06        5.86
  41      -536.306960447    5.45e-09    1.10e-07    1.82e-07    6.65e-07    5.19e-05    1.00e-06        5.34
 Geometry optimization stopped:          thresholds achieved

 Final energy:                        -536.306960447

 -----------
  Final XYZ 
 -----------
3
Final structure: -536.307 hartree
O           -0.294763840          0.479254935         -0.000000705
Cl           1.199211533         -0.221957018          0.000004229
H           -0.904447637         -0.257297909         -0.000003524

 Structure in entos input format:

  structure(
    xyz = [
      ['O'  ,         -0.294763840,          0.479254935,         -0.000000705],
      ['Cl' ,          1.199211533,         -0.221957018,          0.000004229],
      ['H'  ,         -0.904447637,         -0.257297909,         -0.000003524]
    ]
  )

 --------------------------------
  Geometry optimization finished 
 --------------------------------
 Saving results in set 'opt'

 --------------------------------------------------------------------------------
                                 command: hessian                                
 --------------------------------------------------------------------------------

WARNING: semianalytic method is specified for dft hessian, which is not efficient. Try switching to 'method = analytic'


 -------------------------------
  Numerical Geometrical Hessian 
 -------------------------------

 Compute hessian using two-point central differentiation.
 Step size (bohr):                       0.0100

 Frequencies (including translational and rotational modes):
 mode    frequency (cm-1)
    0                0.30 i (imaginary)
    1                0.09 i (imaginary)
    2                0.01 i (imaginary)
    3               23.25
    4               34.13
    5               37.10
    6              825.64
    7             1292.71
    8             3903.46

 Project out translational and rotational motions 

 Degrees of freedom for translational and rotational motions: 6

 Vibrational frequencies:
 mode    frequency (cm-1)
    0              825.64
    1             1292.71
    2             3903.46

 --------------------------------------------------------------------------------

 End time:                               Sun May  9 19:58:14 2021
 Total wall-clock time:                457.019 seconds
==================================================================================
