
================================================================================
          _____________ ________ _______________ ________     _________         
         / ___________// ______ \\_____   _____// ______ \   / ________)        
        / /_________  / /      \ \     | |     / /      \ \ | (_______          
       |  __________|| |        | |    | |    | |        | | \________ \        
        \ \_________ | |        | |    | |     \ \______/ /___________) |       
         \__________||_|        |_|    |_|      \________//____________/        
                                                                                
====================================[ Qcore ]===================================

 Git hash:   15a3e7daff0cda5fa9af010ccd19a80288182ecf
 Git date:   Fri, 16 Apr 2021 15:57:16 +0100
 Compiler:   GNU 9.1.0
 Build type: Release
 Version:    1.1.0

 Start time: Sun May  9 19:58:14 2021

 Data directory: /work/zw18965/.local/qcore/share/entos/1.1.0/data
 Number of threads: 24
 Number of threads was determined by: command line argument

 --------------------------------------------------------------------------------
                                command: optimize                                
 --------------------------------------------------------------------------------
 Using coordinate system:                tric
 Hessian update scheme:                  bfgs

 ------------------------------------------------------------------------------------------------------------
                   energy      change    grad rms    grad max    step rms    step max       trust    time (s)
 ------------------------------------------------------------------------------------------------------------
   1      -109.635014683                2.94e-02    5.10e-02                            2.00e-01        3.05
   2      -109.635836356   -8.22e-04    4.64e-03    8.04e-03    1.85e-02    3.71e-02    2.00e-01        2.10
   3      -109.635855328   -1.90e-05    2.88e-04    4.98e-04    2.52e-03    5.05e-03    2.00e-01        2.00
   4      -109.635855401   -7.32e-08    2.36e-06    4.08e-06    1.47e-04    2.94e-04    2.00e-01        1.73
Rejecting step due to low quality: Quality: -377.429 New trust radius: 1e-06
   5      -109.635855399    1.87e-09    2.36e-06    4.08e-06    1.22e-06    2.43e-06    1.00e-06        1.58
 Geometry optimization stopped:          thresholds achieved

 Final energy:                        -109.635855399

 -----------
  Final XYZ 
 -----------
2
Final structure: -109.636 hartree
N            0.540722951          0.000000000          0.000000082
N           -0.540722951         -0.000000000         -0.000000082

 Structure in entos input format:

  structure(
    xyz = [
      ['N'  ,          0.540722951,          0.000000000,          0.000000082],
      ['N'  ,         -0.540722951,         -0.000000000,         -0.000000082]
    ]
  )

 --------------------------------
  Geometry optimization finished 
 --------------------------------
 Saving results in set 'opt'

 --------------------------------------------------------------------------------
                                 command: hessian                                
 --------------------------------------------------------------------------------

WARNING: semianalytic method is specified for dft hessian, which is not efficient. Try switching to 'method = analytic'


 -------------------------------
  Numerical Geometrical Hessian 
 -------------------------------

 Compute hessian using two-point central differentiation.
 Step size (bohr):                       0.0100

 Frequencies (including translational and rotational modes):
 mode    frequency (cm-1)
    0                0.01 i (imaginary)
    1                0.00 i (imaginary)
    2                0.00 i (imaginary)
    3               13.13
    4               13.14
    5             2516.42

 Project out translational and rotational motions 

 The molecule is linear

 Degrees of freedom for translational and rotational motions: 5

 Vibrational frequencies:
 mode    frequency (cm-1)
    0             2516.42

 --------------------------------------------------------------------------------

 End time:                               Sun May  9 19:58:52 2021
 Total wall-clock time:                 37.590 seconds
==================================================================================
