
================================================================================
          _____________ ________ _______________ ________     _________         
         / ___________// ______ \\_____   _____// ______ \   / ________)        
        / /_________  / /      \ \     | |     / /      \ \ | (_______          
       |  __________|| |        | |    | |    | |        | | \________ \        
        \ \_________ | |        | |    | |     \ \______/ /___________) |       
         \__________||_|        |_|    |_|      \________//____________/        
                                                                                
====================================[ Qcore ]===================================

 Git hash:   15a3e7daff0cda5fa9af010ccd19a80288182ecf
 Git date:   Fri, 16 Apr 2021 15:57:16 +0100
 Compiler:   GNU 9.1.0
 Build type: Release
 Version:    1.1.0

 Start time: Sun May  9 20:13:07 2021

 Data directory: /work/zw18965/.local/qcore/share/entos/1.1.0/data
 Number of threads: 24
 Number of threads was determined by: command line argument

 --------------------------------------------------------------------------------
                                command: optimize                                
 --------------------------------------------------------------------------------
 Using coordinate system:                tric
 Hessian update scheme:                  bfgs

 ------------------------------------------------------------------------------------------------------------
                   energy      change    grad rms    grad max    step rms    step max       trust    time (s)
 ------------------------------------------------------------------------------------------------------------
   1      -343.350914824                1.96e-03    3.87e-03                            2.00e-01        8.12
   2      -343.351077237   -1.62e-04    9.97e-04    2.99e-03    4.62e-02    3.67e-02    2.00e-01        4.55
   3      -343.351109317   -3.21e-05    3.07e-04    7.83e-04    1.25e-02    1.15e-02    2.00e-01        4.36
   4      -343.351110513   -1.20e-06    7.48e-05    1.68e-04    9.68e-04    1.37e-03    2.00e-01        4.28
   5      -343.351110609   -9.65e-08    4.41e-06    9.28e-06    3.82e-04    4.95e-04    2.00e-01        4.04
   6      -343.351110622   -1.23e-08    7.11e-06    1.41e-05    9.21e-05    3.66e-04    2.00e-01        3.74
   7      -343.351110697   -7.53e-08    3.19e-05    5.70e-05    2.86e-04    3.29e-03    2.00e-01        4.05
   8      -343.351110958   -2.61e-07    8.76e-05    1.48e-04    6.75e-04    1.32e-02    2.00e-01        4.16
   9      -343.351111672   -7.14e-07    2.49e-04    4.15e-04    1.91e-03    5.39e-02    2.00e-01        4.56
  10      -343.351112394   -7.23e-07    2.43e-04    4.03e-04    4.65e-05    1.68e-02    2.00e-01        4.35
  11      -343.351114620   -2.23e-06    9.67e-05    1.84e-04    3.77e-03    1.04e-01    2.00e-01        4.90
  12      -343.351115273   -6.52e-07    1.18e-05    1.88e-05    8.06e-04    4.15e-02    2.00e-01        4.55
  13      -343.351115292   -1.96e-08    5.88e-06    1.22e-05    1.86e-04    7.14e-04    2.00e-01        3.99
  14      -343.351115321   -2.89e-08    1.44e-05    2.24e-05    1.52e-04    3.10e-03    2.00e-01        3.94
  15      -343.351115493   -1.72e-07    4.58e-05    6.96e-05    4.49e-04    6.86e-03    2.00e-01        4.20
  16      -343.351115809   -3.16e-07    7.77e-05    1.14e-04    4.66e-04    1.52e-02    2.00e-01        4.42
  17      -343.351116344   -5.35e-07    1.02e-04    1.49e-04    3.55e-04    3.88e-02    2.00e-01        4.43
  18      -343.351116810   -4.66e-07    7.35e-05    1.14e-04    4.24e-04    3.63e-02    2.00e-01        4.47
  19      -343.351117031   -2.20e-07    1.81e-05    2.72e-05    8.17e-04    1.63e-02    2.00e-01        4.38
  20      -343.351117057   -2.60e-08    2.75e-06    4.66e-06    2.63e-04    3.19e-03    2.00e-01        3.91
Rejecting step due to low quality: Quality: -1.23784 New trust radius: 3.18177e-05
  21      -343.351117054    3.07e-09    2.75e-06    4.66e-06    6.36e-05    8.95e-04    3.18e-05        4.02
  22      -343.351117056    1.28e-09    2.80e-06    4.73e-06    3.18e-05    4.47e-04    1.59e-05        3.93
  23      -343.351117059   -3.51e-09    3.49e-06    4.95e-06    1.59e-05    5.98e-04    2.25e-05        4.04
  24      -343.351117065   -5.64e-09    4.71e-06    7.13e-06    2.25e-05    6.19e-04    3.18e-05        3.98
  25      -343.351117082   -1.72e-08    6.67e-06    1.13e-05    3.18e-05    1.11e-03    4.50e-05        3.99
  26      -343.351117100   -1.81e-08    9.66e-06    1.72e-05    4.50e-05    1.64e-03    6.36e-05        3.97
  27      -343.351117146   -4.64e-08    1.40e-05    2.56e-05    6.36e-05    3.57e-03    9.00e-05        3.92
  28      -343.351117210   -6.34e-08    2.01e-05    3.74e-05    9.00e-05    8.91e-03    1.27e-04        4.13
  29      -343.351117233   -2.35e-08    1.80e-05    3.35e-05    2.96e-05    7.29e-03    1.27e-04        4.14
  30      -343.351117249   -1.55e-08    1.22e-05    2.28e-05    7.90e-05    4.96e-03    1.27e-04        3.96
  31      -343.351117255   -6.15e-09    3.09e-06    5.90e-06    1.27e-04    2.26e-03    1.80e-04        4.06
  32      -343.351117260   -4.60e-09    3.25e-07    6.74e-07    4.13e-05    1.78e-03    1.80e-04        4.02
  33      -343.351117260   -7.78e-10    2.55e-07    5.00e-07    8.31e-06    4.24e-04    1.80e-04        4.06
  34      -343.351117256    4.62e-09    6.61e-08    1.73e-07    3.48e-06    5.38e-05    1.74e-06        3.44
 Geometry optimization stopped:          thresholds achieved

 Final energy:                        -343.351117256

 -----------
  Final XYZ 
 -----------
4
Final structure: -343.351 hartree
P            0.057208977         -0.000007283          0.567029102
H           -0.604226892         -1.018700218         -0.129973922
H           -0.604237829          1.018697197         -0.129946625
H            1.151255740          0.000010305         -0.307108510

 Structure in entos input format:

  structure(
    xyz = [
      ['P'  ,          0.057208977,         -0.000007283,          0.567029102],
      ['H'  ,         -0.604226892,         -1.018700218,         -0.129973922],
      ['H'  ,         -0.604237829,          1.018697197,         -0.129946625],
      ['H'  ,          1.151255740,          0.000010305,         -0.307108510]
    ]
  )

 --------------------------------
  Geometry optimization finished 
 --------------------------------
 Saving results in set 'opt'

 --------------------------------------------------------------------------------
                                 command: hessian                                
 --------------------------------------------------------------------------------

WARNING: semianalytic method is specified for dft hessian, which is not efficient. Try switching to 'method = analytic'


 -------------------------------
  Numerical Geometrical Hessian 
 -------------------------------

 Compute hessian using two-point central differentiation.
 Step size (bohr):                       0.0100

 Frequencies (including translational and rotational modes):
 mode    frequency (cm-1)
    0                0.24 i (imaginary)
    1                0.08 i (imaginary)
    2                0.02 i (imaginary)
    3               48.25
    4               55.77
    5               61.16
    6             1027.91
    7             1167.74
    8             1167.83
    9             2488.63
   10             2498.80
   11             2498.86

 Project out translational and rotational motions 

 Degrees of freedom for translational and rotational motions: 6

 Vibrational frequencies:
 mode    frequency (cm-1)
    0             1027.91
    1             1167.74
    2             1167.83
    3             2488.63
    4             2498.80
    5             2498.86

 --------------------------------------------------------------------------------

 End time:                               Sun May  9 20:17:25 2021
 Total wall-clock time:                258.157 seconds
==================================================================================
