
================================================================================
          _____________ ________ _______________ ________     _________         
         / ___________// ______ \\_____   _____// ______ \   / ________)        
        / /_________  / /      \ \     | |     / /      \ \ | (_______          
       |  __________|| |        | |    | |    | |        | | \________ \        
        \ \_________ | |        | |    | |     \ \______/ /___________) |       
         \__________||_|        |_|    |_|      \________//____________/        
                                                                                
====================================[ Qcore ]===================================

 Git hash:   15a3e7daff0cda5fa9af010ccd19a80288182ecf
 Git date:   Fri, 16 Apr 2021 15:57:16 +0100
 Compiler:   GNU 9.1.0
 Build type: Release
 Version:    1.1.0

 Start time: Sun May  9 20:31:15 2021

 Data directory: /work/zw18965/.local/qcore/share/entos/1.1.0/data
 Number of threads: 24
 Number of threads was determined by: command line argument

 --------------------------------------------------------------------------------
                                command: optimize                                
 --------------------------------------------------------------------------------
 Using coordinate system:                tric
 Hessian update scheme:                  bfgs

 ------------------------------------------------------------------------------------------------------------
                   energy      change    grad rms    grad max    step rms    step max       trust    time (s)
 ------------------------------------------------------------------------------------------------------------
   1      -115.838323331                6.60e-03    1.32e-02                            2.00e-01       16.40
   2      -115.839244682   -9.21e-04    1.76e-03    2.88e-03    2.65e-02    2.36e-02    2.00e-01       11.26
   3      -115.839306903   -6.22e-05    4.21e-04    1.25e-03    8.09e-03    8.38e-03    2.00e-01       11.25
   4      -115.839308762   -1.86e-06    2.26e-04    6.75e-04    9.36e-04    1.37e-03    2.00e-01        9.76
   5      -115.839309501   -7.40e-07    1.51e-05    3.08e-05    1.02e-03    1.61e-03    2.00e-01       10.04
   6      -115.839309521   -2.02e-08    6.98e-06    1.50e-05    1.02e-04    2.84e-04    2.00e-01        9.17
   7      -115.839309547   -2.61e-08    1.33e-05    2.60e-05    1.78e-04    9.59e-04    2.00e-01        9.89
   8      -115.839309564   -1.68e-08    2.68e-05    5.42e-05    1.80e-04    1.68e-03    2.00e-01       10.26
   9      -115.839309652   -8.78e-08    5.45e-05    1.09e-04    4.83e-04    6.09e-03    2.00e-01       11.02
  10      -115.839309820   -1.68e-07    8.76e-05    1.73e-04    8.75e-04    1.37e-02    2.00e-01       11.20
  11      -115.839310110   -2.90e-07    1.12e-04    2.16e-04    1.39e-03    2.60e-02    2.00e-01       11.12
  12      -115.839310378   -2.68e-07    8.82e-05    1.62e-04    7.38e-04    1.84e-02    2.00e-01       11.19
  13      -115.839310664   -2.86e-07    1.71e-05    4.38e-05    7.90e-04    1.08e-02    2.00e-01       11.67
  14      -115.839310714   -4.99e-08    1.66e-05    4.21e-05    6.30e-04    1.37e-03    2.00e-01       10.89
  15      -115.839310762   -4.83e-08    2.59e-05    6.27e-05    7.73e-04    1.67e-03    2.00e-01       10.37
  16      -115.839310828   -6.60e-08    2.57e-05    5.65e-05    1.34e-03    3.51e-03    2.00e-01       10.84
  17      -115.839310858   -2.95e-08    1.21e-05    2.43e-05    7.01e-04    3.87e-03    2.00e-01       10.50
  18      -115.839310858   -4.45e-10    1.98e-06    4.05e-06    1.31e-04    1.51e-03    6.53e-05       10.35
  19      -115.839310874   -1.61e-08    3.72e-06    9.05e-06    6.53e-05    4.90e-04    9.24e-05       10.06
  20      -115.839310874    3.18e-10    8.70e-06    1.72e-05    9.24e-05    8.02e-04    4.62e-05        9.86
  21      -115.839310873    6.24e-10    1.11e-05    2.18e-05    4.62e-05    5.23e-04    2.31e-05        9.36
  22      -115.839310884   -1.07e-08    1.22e-05    2.39e-05    2.31e-05    3.50e-04    3.27e-05        9.31
  23      -115.839310886   -1.91e-09    1.38e-05    2.70e-05    3.27e-05    6.63e-04    3.27e-05       10.04
  24      -115.839310902   -1.58e-08    1.55e-05    3.01e-05    3.27e-05    8.56e-04    4.62e-05        9.83
  25      -115.839310907   -5.65e-09    1.78e-05    3.46e-05    4.62e-05    1.50e-03    4.62e-05       10.06
  26      -115.839310925   -1.75e-08    1.99e-05    3.92e-05    4.62e-05    1.70e-03    6.53e-05       10.47
  27      -115.839310952   -2.69e-08    2.29e-05    4.56e-05    6.53e-05    2.83e-03    9.24e-05       10.78
  28      -115.839310997   -4.49e-08    2.71e-05    5.47e-05    9.24e-05    4.74e-03    1.31e-04       10.82
  29      -115.839311075   -7.81e-08    3.30e-05    6.72e-05    1.31e-04    7.75e-03    1.85e-04       11.27
  30      -115.839311166   -9.12e-08    4.05e-05    8.33e-05    1.85e-04    1.25e-02    2.61e-04       11.13
  31      -115.839311299   -1.33e-07    5.07e-05    1.05e-04    2.61e-04    2.15e-02    3.70e-04       11.12
  32      -115.839311469   -1.70e-07    6.27e-05    1.31e-04    3.70e-04    4.24e-02    5.23e-04       11.74
  33      -115.839311566   -9.66e-08    5.94e-05    1.25e-04    6.99e-05    3.13e-02    5.23e-04       11.09
  34      -115.839311783   -2.17e-07    5.14e-05    1.06e-04    5.23e-04    7.53e-02    7.39e-04       11.68
  35      -115.839311458    3.25e-07    3.81e-05    7.69e-05    7.39e-04    1.20e-01    3.69e-04       11.77
  36      -115.839311874   -4.16e-07    4.26e-05    8.47e-05    3.69e-04    8.98e-02    5.22e-04       12.07
  37      -115.839311909   -3.54e-08    3.50e-05    6.98e-05    1.60e-04    8.65e-03    5.22e-04       11.23
  38      -115.839311950   -4.09e-08    9.40e-06    1.81e-05    5.09e-04    1.65e-02    7.39e-04       11.15
  39      -115.839311955   -4.85e-09    3.30e-06    6.63e-06    1.11e-04    3.79e-03    7.39e-04       10.56
  40      -115.839311960   -5.23e-09    2.45e-06    5.32e-06    8.22e-05    6.37e-03    7.39e-04       10.54
  41      -115.839311961   -6.75e-10    2.84e-06    6.24e-06    6.86e-06    1.02e-03    7.39e-04        9.89
  42      -115.839311966   -5.20e-09    5.25e-06    1.19e-05    4.53e-05    3.30e-03    7.39e-04       10.49
  43      -115.839311985   -1.94e-08    9.96e-06    2.50e-05    6.53e-05    9.77e-03    7.39e-04       11.15
  44      -115.839312016   -3.10e-08    1.47e-05    3.75e-05    6.09e-05    1.40e-02    7.39e-04       11.31
  45      -115.839312138   -1.22e-07    2.58e-05    6.60e-05    1.37e-04    4.56e-02    7.39e-04       11.76
  46      -115.839312388   -2.49e-07    4.20e-05    1.06e-04    1.91e-04    1.19e-01    7.39e-04       12.24
  47      -115.839312504   -1.16e-07    3.02e-05    7.42e-05    1.91e-04    2.47e-02    7.39e-04       11.05
  48      -115.839312673   -1.69e-07    3.59e-06    7.42e-06    4.32e-04    2.17e-02    7.39e-04       11.43
  49      -115.839312757   -8.36e-08    1.38e-05    3.13e-05    1.36e-04    2.43e-02    7.39e-04       11.31
  50      -115.839312794   -3.70e-08    1.31e-05    3.02e-05    3.01e-05    4.08e-02    7.39e-04       12.08
  51      -115.839312801   -7.44e-09    2.81e-06    5.75e-06    9.72e-05    2.91e-02    7.39e-04       11.11
  52      -115.839312808   -6.50e-09    1.43e-06    2.81e-06    1.84e-05    6.07e-03    7.39e-04       10.51
  53      -115.839312803    4.33e-09    3.57e-07    7.42e-07    6.81e-06    5.94e-04    3.40e-06        9.67
  54      -115.839312798    4.98e-09    1.52e-07    4.28e-07    3.41e-06    3.14e-04    1.70e-06        9.08
  55      -115.839312803   -4.52e-09    4.83e-08    1.36e-07    4.26e-07    2.79e-04    1.70e-06        9.04
  56      -115.839312801    1.85e-09    8.40e-08    2.12e-07    1.40e-06    3.56e-04    1.00e-06        9.95
  57      -115.839312808   -6.52e-09    2.90e-08    6.99e-08    9.99e-07    3.43e-04    1.41e-06        9.17
  58      -115.839312804    3.79e-09    9.49e-08    2.35e-07    9.78e-07    6.31e-04    1.00e-06        9.87
  59      -115.839312801    2.62e-09    3.46e-08    7.46e-08    9.97e-07    4.35e-04    1.00e-06        9.05
  60      -115.839312799    2.24e-09    5.37e-08    1.27e-07    6.51e-07    1.77e-04    1.00e-06        7.98
  61      -115.839312803   -3.76e-09    7.04e-08    1.80e-07    1.00e-06    6.96e-04    1.41e-06        8.96
  62      -115.839312804   -8.64e-10    9.80e-08    2.29e-07    1.35e-06    7.54e-04    2.00e-06       10.04
  63      -115.839312806   -2.96e-09    7.74e-08    1.85e-07    1.53e-06    5.50e-04    2.00e-06        9.26
  64      -115.839312801    5.02e-09    1.00e-07    2.35e-07    1.42e-06    7.28e-04    1.00e-06        9.90
  65      -115.839312808   -6.13e-09    2.13e-08    4.21e-08    9.99e-07    3.91e-04    1.41e-06        8.63
  66      -115.839312797    1.06e-08    1.67e-07    3.87e-07    1.19e-06    1.12e-03    1.00e-06       10.08
  67      -115.839312805   -8.47e-09    3.56e-08    8.33e-08    9.99e-07    5.18e-04    1.41e-06        9.23
  68      -115.839312804    1.62e-09    4.84e-08    9.60e-08    3.69e-07    1.20e-04    1.00e-06        7.77
  69      -115.839312801    2.63e-09    1.24e-07    2.94e-07    9.98e-07    1.02e-03    1.00e-06        9.28
  70      -115.839312804   -2.82e-09    1.28e-08    2.60e-08    1.00e-06    7.07e-04    1.41e-06        9.96
  71      -115.839312805   -1.03e-09    9.83e-08    2.19e-07    1.10e-06    6.75e-04    1.41e-06        9.19
  72      -115.839312808   -2.55e-09    5.97e-08    1.25e-07    1.21e-06    3.77e-04    2.00e-06        9.31
  73      -115.839312796    1.18e-08    1.39e-07    2.91e-07    1.29e-06    9.27e-04    1.00e-06        9.27
  74      -115.839312800   -3.76e-09    3.93e-08    1.06e-07    1.00e-06    4.16e-04    1.41e-06        8.45
  75      -115.839312799    1.06e-09    1.08e-07    2.45e-07    1.42e-06    9.66e-04    1.00e-06        9.24
  76      -115.839312805   -6.34e-09    2.72e-08    8.17e-08    1.00e-06    3.97e-04    1.41e-06        9.39
  77      -115.839312800    4.55e-09    2.68e-08    7.41e-08    6.36e-07    1.47e-04    1.00e-06        9.24
  78      -115.839312802   -1.20e-09    4.94e-08    1.03e-07    9.39e-07    5.44e-04    1.41e-06        9.08
  79      -115.839312801    2.31e-10    7.27e-08    1.48e-07    8.05e-07    4.70e-04    1.00e-06        8.80
  80      -115.839312805   -3.32e-09    8.88e-08    2.13e-07    1.00e-06    7.51e-04    1.41e-06        9.05
  81      -115.839312803    1.25e-09    6.90e-08    1.49e-07    1.41e-06    6.93e-04    1.00e-06        9.22
  82      -115.839312809   -5.28e-09    5.74e-08    1.22e-07    9.98e-07    5.18e-04    1.41e-06        9.11
  83      -115.839312808    6.20e-10    7.78e-08    1.76e-07    1.13e-06    6.37e-04    1.00e-06        9.29
  84      -115.839312813   -5.08e-09    5.71e-08    1.20e-07    1.00e-06    4.08e-04    1.41e-06        9.34
  85      -115.839312807    5.62e-09    4.47e-08    1.01e-07    7.56e-07    3.23e-04    1.00e-06        8.51
  86      -115.839312810   -2.31e-09    9.74e-08    2.09e-07    1.00e-06    8.18e-04    1.41e-06        9.37
  87      -115.839312808    1.91e-09    9.82e-08    2.25e-07    1.41e-06    8.47e-04    1.00e-06        9.37
  88      -115.839312809   -1.40e-09    3.07e-08    5.62e-08    1.00e-06    5.30e-04    1.41e-06        9.16
  89      -115.839312812   -3.23e-09    6.87e-08    1.39e-07    7.46e-07    5.14e-04    1.41e-06        9.23
  90      -115.839312807    5.47e-09    1.12e-07    2.40e-07    1.36e-06    8.27e-04    1.00e-06        9.43
  91      -115.839312806    1.29e-09    2.71e-08    5.31e-08    9.99e-07    5.51e-04    1.00e-06        9.08
  92      -115.839312807   -9.99e-10    8.02e-08    1.71e-07    9.09e-07    5.81e-04    1.41e-06        9.07
  93      -115.839312801    5.74e-09    1.19e-07    2.34e-07    1.41e-06    7.59e-04    1.00e-06        9.17
  94      -115.839312801    4.07e-10    2.44e-08    6.08e-08    9.99e-07    4.95e-04    1.00e-06        9.19
  95      -115.839312799    1.15e-09    8.16e-08    1.74e-07    7.20e-07    4.88e-04    1.00e-06        9.17
  96      -115.839312803   -3.46e-09    5.32e-08    1.35e-07    1.00e-06    5.73e-04    1.41e-06        8.54
  97      -115.839312800    2.65e-09    1.38e-07    2.89e-07    1.41e-06    1.09e-03    1.00e-06        9.25
  98      -115.839312808   -8.09e-09    2.40e-08    8.28e-08    1.00e-06    5.85e-04    1.41e-06        9.05
  99      -115.839312799    8.87e-09    2.53e-08    7.27e-08    7.14e-07    2.25e-04    1.00e-06        9.11
 100      -115.839312808   -8.08e-09    5.80e-08    1.35e-07    1.00e-06    5.24e-04    1.41e-06        9.38
 101      -115.839312812   -4.74e-09    5.95e-08    1.25e-07    9.52e-07    5.43e-04    1.41e-06        9.34
 102      -115.839312809    3.63e-09    1.32e-07    2.65e-07    1.20e-06    8.70e-04    1.00e-06        9.45
 103      -115.839312808    5.98e-10    2.39e-08    5.25e-08    9.99e-07    5.35e-04    1.00e-06        9.55
 104      -115.839312799    9.54e-09    7.34e-08    1.77e-07    1.00e-06    6.58e-04    1.00e-06        9.54
 105      -115.839312808   -9.85e-09    5.14e-08    1.26e-07    1.00e-06    5.97e-04    1.41e-06        9.36
 106      -115.839312798    1.01e-08    1.06e-07    2.49e-07    1.27e-06    7.93e-04    1.00e-06        9.79
 107      -115.839312803   -4.91e-09    1.76e-08    3.82e-08    1.00e-06    4.18e-04    1.41e-06        9.10
 108      -115.839312807   -3.72e-09    4.68e-08    1.05e-07    4.16e-07    2.91e-04    1.41e-06        8.54
 109      -115.839312808   -9.59e-10    1.49e-07    3.07e-07    1.41e-06    1.21e-03    2.00e-06        9.34
 110      -115.839312804    3.51e-09    1.52e-07    3.07e-07    1.92e-06    1.12e-03    1.00e-06        9.17
 111      -115.839312799    5.64e-09    2.35e-08    6.13e-08    1.00e-06    5.29e-04    1.00e-06        8.54
 112      -115.839312798    4.96e-10    9.21e-08    1.87e-07    1.00e-06    7.76e-04    1.00e-06        9.26
 113      -115.839312797    9.39e-10    5.68e-08    1.11e-07    9.99e-07    5.63e-04    1.00e-06        9.42
 114      -115.839312806   -9.04e-09    5.53e-08    1.23e-07    7.73e-07    3.72e-04    1.00e-06        8.68
 115      -115.839312801    5.16e-09    3.68e-08    8.77e-08    1.00e-06    5.53e-04    1.00e-06        8.86
 116      -115.839312803   -1.97e-09    1.02e-07    1.96e-07    1.00e-06    8.37e-04    1.41e-06        9.38
 117      -115.839312804   -1.16e-09    9.75e-08    2.00e-07    1.42e-06    8.98e-04    2.00e-06       10.08
 118      -115.839312805   -8.02e-10    7.24e-08    2.17e-07    7.35e-07    9.05e-05    2.00e-06        8.14
 119      -115.839312801    3.77e-09    1.10e-07    2.30e-07    2.00e-06    1.03e-03    1.00e-06        9.87
 120      -115.839312807   -5.79e-09    4.23e-08    1.05e-07    1.00e-06    4.54e-04    1.41e-06        9.11
 121      -115.839312799    8.49e-09    2.47e-08    4.83e-08    5.09e-07    1.66e-04    1.00e-06        8.67
 122      -115.839312807   -7.99e-09    9.91e-08    2.30e-07    1.00e-06    5.66e-04    1.41e-06        9.11
 123      -115.839312809   -2.00e-09    1.11e-07    2.24e-07    1.41e-06    9.62e-04    2.00e-06        9.95
 124      -115.839312798    1.06e-08    3.17e-08    9.25e-08    8.46e-07    9.94e-05    1.00e-06        9.33
 125      -115.839312804   -5.79e-09    5.48e-08    1.34e-07    8.31e-07    2.11e-04    1.41e-06        9.36
 126      -115.839312803    4.64e-10    5.68e-08    1.38e-07    6.12e-07    2.14e-04    1.00e-06        9.24
 127      -115.839312798    5.56e-09    5.02e-08    1.31e-07    7.12e-07    2.78e-04    1.00e-06        8.59
 128      -115.839312806   -8.35e-09    7.35e-08    1.64e-07    1.00e-06    6.12e-04    1.41e-06        8.69
 129      -115.839312802    4.02e-09    9.34e-08    1.94e-07    1.41e-06    9.01e-04    1.00e-06        9.92
 130      -115.839312807   -5.25e-09    4.98e-08    1.40e-07    9.97e-07    3.91e-04    1.41e-06        9.30
 131      -115.839312800    7.61e-09    3.51e-08    9.81e-08    6.40e-07    2.08e-04    1.00e-06        9.31
 132      -115.839312802   -1.96e-09    2.96e-08    6.92e-08    9.68e-07    3.53e-04    1.41e-06        9.12
 133      -115.839312805   -3.21e-09    2.25e-08    5.51e-08    7.07e-07    2.44e-04    1.41e-06        9.33
 134      -115.839312798    6.85e-09    4.89e-08    1.05e-07    5.91e-07    4.64e-04    1.00e-06        8.77
 135      -115.839312808   -1.04e-08    8.75e-08    2.01e-07    9.99e-07    7.84e-04    1.41e-06       10.13
 136      -115.839312804    4.37e-09    7.75e-08    1.94e-07    1.29e-06    5.03e-04    1.00e-06        9.39
 137      -115.839312798    5.92e-09    5.50e-08    1.27e-07    1.00e-06    4.40e-04    1.00e-06        9.12
 138      -115.839312810   -1.18e-08    1.00e-07    2.29e-07    9.99e-07    6.62e-04    1.41e-06        9.37
 139      -115.839312802    7.97e-09    8.98e-08    2.00e-07    1.35e-06    6.18e-04    1.00e-06        9.28
 140      -115.839312799    2.84e-09    2.14e-08    5.61e-08    9.96e-07    3.61e-04    1.00e-06        9.75
 141      -115.839312805   -6.21e-09    4.87e-08    1.05e-07    5.40e-07    4.16e-04    1.00e-06        8.58
 142      -115.839312802    3.32e-09    8.95e-08    2.10e-07    9.99e-07    8.29e-04    1.00e-06        9.87
 143      -115.839312800    1.51e-09    4.39e-08    1.29e-07    9.97e-07    3.61e-04    1.00e-06        8.45
 144      -115.839312804   -3.35e-09    1.37e-07    3.02e-07    1.00e-06    9.83e-04    1.41e-06        9.28
 145      -115.839312801    2.66e-09    6.93e-08    1.48e-07    1.41e-06    8.97e-04    1.00e-06        9.90
 146      -115.839312801   -2.58e-10    1.92e-08    4.09e-08    5.00e-07    9.94e-05    1.00e-06        9.11
 147      -115.839312805   -3.89e-09    3.99e-08    8.13e-08    9.73e-08    2.85e-04    1.00e-06        8.61
 148      -115.839312804    1.49e-09    9.50e-08    2.00e-07    1.00e-06    7.75e-04    1.00e-06        9.97
 149      -115.839312800    3.63e-09    3.23e-08    9.15e-08    1.00e-06    3.81e-04    1.00e-06        9.37
 150      -115.839312798    1.74e-09    2.82e-08    7.09e-08    6.15e-07    1.58e-04    1.00e-06        9.20
 151      -115.839312804   -5.18e-09    4.93e-08    1.11e-07    5.01e-07    4.83e-04    1.00e-06        8.62
 152      -115.839312799    4.58e-09    9.49e-08    2.09e-07    1.00e-06    8.04e-04    1.00e-06        9.57
 153      -115.839312804   -5.32e-09    4.14e-08    1.09e-07    1.00e-06    6.88e-04    1.41e-06        9.98
 154      -115.839312802    1.82e-09    2.76e-08    7.27e-08    8.17e-07    5.48e-05    1.00e-06        7.92
 Geometry optimization stopped:          thresholds achieved

 Final energy:                        -115.839312802

 -----------
  Final XYZ 
 -----------
6
Final structure: -115.839 hartree
C           -0.335685392          0.014524967          0.005426345
O            0.905493713         -0.511948622         -0.342678881
H           -0.314456547          1.094132248          0.090013379
H           -0.593814551         -0.392227304          0.969161195
H           -1.111496642         -0.264627346         -0.696954359
H            1.166516664         -0.173678842         -1.190772640

 Structure in entos input format:

  structure(
    xyz = [
      ['C'  ,         -0.335685392,          0.014524967,          0.005426345],
      ['O'  ,          0.905493713,         -0.511948622,         -0.342678881],
      ['H'  ,         -0.314456547,          1.094132248,          0.090013379],
      ['H'  ,         -0.593814551,         -0.392227304,          0.969161195],
      ['H'  ,         -1.111496642,         -0.264627346,         -0.696954359],
      ['H'  ,          1.166516664,         -0.173678842,         -1.190772640]
    ]
  )

 --------------------------------
  Geometry optimization finished 
 --------------------------------
 Saving results in set 'opt'

 --------------------------------------------------------------------------------
                                 command: hessian                                
 --------------------------------------------------------------------------------

WARNING: semianalytic method is specified for dft hessian, which is not efficient. Try switching to 'method = analytic'


 -------------------------------
  Numerical Geometrical Hessian 
 -------------------------------

 Compute hessian using two-point central differentiation.
 Step size (bohr):                       0.0100

 Frequencies (including translational and rotational modes):
 mode    frequency (cm-1)
    0                0.59 i (imaginary)
    1                0.29 i (imaginary)
    2                0.06 i (imaginary)
    3                7.49
    4               15.23
    5               34.25
    6              299.92
    7             1091.02
    8             1145.91
    9             1205.80
   10             1389.48
   11             1510.07
   12             1528.92
   13             1541.29
   14             3090.95
   15             3147.79
   16             3213.17
   17             3978.41

 Project out translational and rotational motions 

 Degrees of freedom for translational and rotational motions: 6

 Vibrational frequencies:
 mode    frequency (cm-1)
    0              299.92
    1             1091.02
    2             1145.91
    3             1205.80
    4             1389.48
    5             1510.07
    6             1528.92
    7             1541.29
    8             3090.95
    9             3147.79
   10             3213.17
   11             3978.41

 --------------------------------------------------------------------------------

 End time:                               Sun May  9 21:03:15 2021
 Total wall-clock time:               1920.010 seconds
==================================================================================
