
================================================================================
          _____________ ________ _______________ ________     _________         
         / ___________// ______ \\_____   _____// ______ \   / ________)        
        / /_________  / /      \ \     | |     / /      \ \ | (_______          
       |  __________|| |        | |    | |    | |        | | \________ \        
        \ \_________ | |        | |    | |     \ \______/ /___________) |       
         \__________||_|        |_|    |_|      \________//____________/        
                                                                                
====================================[ Qcore ]===================================

 Git hash:   15a3e7daff0cda5fa9af010ccd19a80288182ecf
 Git date:   Fri, 16 Apr 2021 15:57:16 +0100
 Compiler:   GNU 9.1.0
 Build type: Release
 Version:    1.1.0

 Start time: Fri Apr 23 14:41:04 2021

 Data directory: /work/zw18965/.local/qcore/share/entos/1.1.0/data
 Number of threads: 24
 Number of threads was determined by: command line argument
  - More threads can be used by running 'qcore -n 32'

 --------------------------------------------------------------------------------
                                command: optimize                                
 --------------------------------------------------------------------------------
 Using coordinate system:                tric
 Hessian update scheme:                  bfgs

 ------------------------------------------------------------------------------------------------------------
                   energy      change    grad rms    grad max    step rms    step max       trust    time (s)
 ------------------------------------------------------------------------------------------------------------
   1       -26.566355984                3.17e-03    5.56e-03                            2.00e-01        0.42
   2       -26.566569897   -2.14e-04    8.99e-04    1.58e-03    1.52e-02    1.76e-02    2.00e-01        0.21
   3       -26.566589175   -1.93e-05    2.68e-05    4.97e-05    6.03e-03    7.01e-03    2.00e-01        0.21
   4       -26.566589196   -2.08e-08    2.62e-06    4.87e-06    1.84e-04    2.24e-04    2.00e-01        0.20
 Geometry optimization stopped:          thresholds achieved

 Final energy:                         -26.566589196

 -----------
  Final XYZ 
 -----------
4
Final structure: -26.5666 hartree
B            0.000012006         -0.000002697         -0.198438176
H           -0.404011342         -1.041281701          0.220282826
H           -0.173345323          1.001559444          0.425756740
H            0.577344675          0.039724950         -1.241473655

 Structure in entos input format:

  structure(
    xyz = [
      ['B'  ,          0.000012006,         -0.000002697,         -0.198438176],
      ['H'  ,         -0.404011342,         -1.041281701,          0.220282826],
      ['H'  ,         -0.173345323,          1.001559444,          0.425756740],
      ['H'  ,          0.577344675,          0.039724950,         -1.241473655]
    ]
  )

 --------------------------------
  Geometry optimization finished 
 --------------------------------
 Saving results in set 'opt'

 --------------------------------------------------------------------------------
                                 command: hessian                                
 --------------------------------------------------------------------------------

WARNING: semianalytic method is specified for dft hessian, which is not efficient. Try switching to 'method = analytic'


 -------------------------------
  Numerical Geometrical Hessian 
 -------------------------------

 Compute hessian using two-point central differentiation.
 Step size (bohr):                       0.0100

 Frequencies (including translational and rotational modes):
 mode    frequency (cm-1)
    0               27.06 i (imaginary)
    1                2.92 i (imaginary)
    2                0.21 i (imaginary)
    3                0.05
    4                3.50
    5               34.22
    6             1146.81
    7             1190.89
    8             1191.56
    9             2552.86
   10             2690.69
   11             2692.87

 Project out translational and rotational motions 

 Degrees of freedom for translational and rotational motions: 6

 Vibrational frequencies:
 mode    frequency (cm-1)
    0             1146.81
    1             1190.89
    2             1191.56
    3             2552.86
    4             2690.69
    5             2692.87

 --------------------------------------------------------------------------------

 End time:                               Fri Apr 23 14:41:10 2021
 Total wall-clock time:                  6.578 seconds
==================================================================================
