
================================================================================
          _____________ ________ _______________ ________     _________         
         / ___________// ______ \\_____   _____// ______ \   / ________)        
        / /_________  / /      \ \     | |     / /      \ \ | (_______          
       |  __________|| |        | |    | |    | |        | | \________ \        
        \ \_________ | |        | |    | |     \ \______/ /___________) |       
         \__________||_|        |_|    |_|      \________//____________/        
                                                                                
====================================[ Qcore ]===================================

 Git hash:   15a3e7daff0cda5fa9af010ccd19a80288182ecf
 Git date:   Fri, 16 Apr 2021 15:57:16 +0100
 Compiler:   GNU 9.1.0
 Build type: Release
 Version:    1.1.0

 Start time: Fri Apr 23 14:41:19 2021

 Data directory: /work/zw18965/.local/qcore/share/entos/1.1.0/data
 Number of threads: 24
 Number of threads was determined by: command line argument
  - More threads can be used by running 'qcore -n 32'

 --------------------------------------------------------------------------------
                                command: optimize                                
 --------------------------------------------------------------------------------
 Using coordinate system:                tric
 Hessian update scheme:                  bfgs

 ------------------------------------------------------------------------------------------------------------
                   energy      change    grad rms    grad max    step rms    step max       trust    time (s)
 ------------------------------------------------------------------------------------------------------------
   1       -78.513145636                1.70e-03    4.26e-03                            2.00e-01        0.65
   2       -78.513206977   -6.13e-05    8.28e-04    2.20e-03    7.60e-03    9.90e-03    2.00e-01        0.45
   3       -78.513224694   -1.77e-05    1.35e-04    2.77e-04    7.16e-03    9.47e-03    2.00e-01        0.45
   4       -78.513224985   -2.91e-07    4.09e-05    7.24e-05    5.99e-04    6.50e-04    2.00e-01        0.42
 Geometry optimization stopped:          thresholds achieved

 Final energy:                         -78.513224985

 -----------
  Final XYZ 
 -----------
6
Final structure: -78.5132 hartree
C           -0.659277513         -0.052223225          0.000123518
C            0.659208500          0.052219990         -0.000090656
H           -1.234585309          0.002753884         -0.917079825
H           -1.218417017         -0.197133279          0.917509261
H            1.218351024          0.197126249         -0.917475203
H            1.234512900         -0.002760215          0.917114565

 Structure in entos input format:

  structure(
    xyz = [
      ['C'  ,         -0.659277513,         -0.052223225,          0.000123518],
      ['C'  ,          0.659208500,          0.052219990,         -0.000090656],
      ['H'  ,         -1.234585309,          0.002753884,         -0.917079825],
      ['H'  ,         -1.218417017,         -0.197133279,          0.917509261],
      ['H'  ,          1.218351024,          0.197126249,         -0.917475203],
      ['H'  ,          1.234512900,         -0.002760215,          0.917114565]
    ]
  )

 --------------------------------
  Geometry optimization finished 
 --------------------------------
 Saving results in set 'opt'

 --------------------------------------------------------------------------------
                                 command: hessian                                
 --------------------------------------------------------------------------------

WARNING: semianalytic method is specified for dft hessian, which is not efficient. Try switching to 'method = analytic'


 -------------------------------
  Numerical Geometrical Hessian 
 -------------------------------

 Compute hessian using two-point central differentiation.
 Step size (bohr):                       0.0100

 Frequencies (including translational and rotational modes):
 mode    frequency (cm-1)
    0               17.87 i (imaginary)
    1                0.06 i (imaginary)
    2                0.01 i (imaginary)
    3                0.24
    4               29.77
    5               34.82
    6              827.27
    7              979.91
    8              985.11
    9             1071.08
   10             1238.94
   11             1381.05
   12             1466.59
   13             1705.27
   14             3142.66
   15             3158.50
   16             3219.18
   17             3246.91

 Project out translational and rotational motions 

 Degrees of freedom for translational and rotational motions: 6

 Vibrational frequencies:
 mode    frequency (cm-1)
    0              827.27
    1              979.91
    2              985.11
    3             1071.08
    4             1238.94
    5             1381.05
    6             1466.59
    7             1705.27
    8             3142.66
    9             3158.50
   10             3219.18
   11             3246.91

 --------------------------------------------------------------------------------

 End time:                               Fri Apr 23 14:41:38 2021
 Total wall-clock time:                 18.915 seconds
==================================================================================
