
================================================================================
          _____________ ________ _______________ ________     _________         
         / ___________// ______ \\_____   _____// ______ \   / ________)        
        / /_________  / /      \ \     | |     / /      \ \ | (_______          
       |  __________|| |        | |    | |    | |        | | \________ \        
        \ \_________ | |        | |    | |     \ \______/ /___________) |       
         \__________||_|        |_|    |_|      \________//____________/        
                                                                                
====================================[ Qcore ]===================================

 Git hash:   15a3e7daff0cda5fa9af010ccd19a80288182ecf
 Git date:   Fri, 16 Apr 2021 15:57:16 +0100
 Compiler:   GNU 9.1.0
 Build type: Release
 Version:    1.1.0

 Start time: Fri Apr 23 14:41:38 2021

 Data directory: /work/zw18965/.local/qcore/share/entos/1.1.0/data
 Number of threads: 24
 Number of threads was determined by: command line argument
  - More threads can be used by running 'qcore -n 32'

 --------------------------------------------------------------------------------
                                command: optimize                                
 --------------------------------------------------------------------------------
 Using coordinate system:                tric
 Hessian update scheme:                  bfgs

 ------------------------------------------------------------------------------------------------------------
                   energy      change    grad rms    grad max    step rms    step max       trust    time (s)
 ------------------------------------------------------------------------------------------------------------
   1      -958.098573325                1.51e-02    3.70e-02                            2.00e-01        0.71
   2      -958.102662695   -4.09e-03    8.59e-03    1.79e-02    1.19e-01    1.33e-01    2.00e-01        0.47
   3      -958.103225385   -5.63e-04    4.80e-03    8.10e-03    2.75e-02    3.23e-02    2.00e-01        0.48
   4      -958.103478169   -2.53e-04    1.02e-03    1.98e-03    1.70e-02    2.65e-02    2.00e-01        0.48
   5      -958.103495728   -1.76e-05    7.01e-05    1.52e-04    6.87e-03    6.51e-03    2.00e-01        0.49
   6      -958.103495964   -2.36e-07    1.54e-05    3.48e-05    8.11e-04    1.54e-03    2.00e-01        0.44
   7      -958.103496110   -1.46e-07    3.02e-05    6.23e-05    3.13e-04    2.39e-03    2.00e-01        0.41
   8      -958.103496716   -6.06e-07    9.44e-05    1.95e-04    8.62e-04    1.37e-02    2.00e-01        0.45
   9      -958.103497572   -8.56e-07    1.42e-04    2.96e-04    6.30e-04    2.48e-02    2.00e-01        0.43
  10      -958.103498559   -9.87e-07    1.32e-04    2.80e-04    1.04e-04    3.39e-02    2.00e-01        0.45
  11      -958.103499052   -4.93e-07    6.00e-05    1.31e-04    9.05e-04    1.39e-02    2.00e-01        0.43
  12      -958.103499178   -1.26e-07    6.63e-06    1.37e-05    7.01e-04    6.33e-04    2.00e-01        0.41
 Geometry optimization stopped:          thresholds achieved

 Final energy:                        -958.103499178

 -----------
  Final XYZ 
 -----------
3
Final structure: -958.103 hartree
C           -0.000001223         -0.030721489          0.023304942
Cl           0.000019908          0.956223967         -1.372958444
Cl          -0.000018686          0.957818152          1.418382935

 Structure in entos input format:

  structure(
    xyz = [
      ['C'  ,         -0.000001223,         -0.030721489,          0.023304942],
      ['Cl' ,          0.000019908,          0.956223967,         -1.372958444],
      ['Cl' ,         -0.000018686,          0.957818152,          1.418382935]
    ]
  )

 --------------------------------
  Geometry optimization finished 
 --------------------------------
 Saving results in set 'opt'

 --------------------------------------------------------------------------------
                                 command: hessian                                
 --------------------------------------------------------------------------------

WARNING: semianalytic method is specified for dft hessian, which is not efficient. Try switching to 'method = analytic'


 -------------------------------
  Numerical Geometrical Hessian 
 -------------------------------

 Compute hessian using two-point central differentiation.
 Step size (bohr):                       0.0100

 Frequencies (including translational and rotational modes):
 mode    frequency (cm-1)
    0                0.03 i (imaginary)
    1                0.03 i (imaginary)
    2                0.01 i (imaginary)
    3               15.36
    4               15.92
    5               41.00
    6              339.33
    7              740.17
    8              784.44

 Project out translational and rotational motions 

 Degrees of freedom for translational and rotational motions: 6

 Vibrational frequencies:
 mode    frequency (cm-1)
    0              339.33
    1              740.17
    2              784.44

 --------------------------------------------------------------------------------

 End time:                               Fri Apr 23 14:41:52 2021
 Total wall-clock time:                 14.272 seconds
==================================================================================
