
================================================================================
          _____________ ________ _______________ ________     _________         
         / ___________// ______ \\_____   _____// ______ \   / ________)        
        / /_________  / /      \ \     | |     / /      \ \ | (_______          
       |  __________|| |        | |    | |    | |        | | \________ \        
        \ \_________ | |        | |    | |     \ \______/ /___________) |       
         \__________||_|        |_|    |_|      \________//____________/        
                                                                                
====================================[ Qcore ]===================================

 Git hash:   15a3e7daff0cda5fa9af010ccd19a80288182ecf
 Git date:   Fri, 16 Apr 2021 15:57:16 +0100
 Compiler:   GNU 9.1.0
 Build type: Release
 Version:    1.1.0

 Start time: Fri Apr 23 14:41:59 2021

 Data directory: /work/zw18965/.local/qcore/share/entos/1.1.0/data
 Number of threads: 24
 Number of threads was determined by: command line argument
  - More threads can be used by running 'qcore -n 32'

 --------------------------------------------------------------------------------
                                command: optimize                                
 --------------------------------------------------------------------------------
 Using coordinate system:                tric
 Hessian update scheme:                  bfgs

 ------------------------------------------------------------------------------------------------------------
                   energy      change    grad rms    grad max    step rms    step max       trust    time (s)
 ------------------------------------------------------------------------------------------------------------
   1       -40.475371826                1.03e-03    1.67e-03                            2.00e-01        0.49
   2       -40.475392680   -2.09e-05    2.75e-04    4.44e-04    3.68e-03    4.12e-03    2.00e-01        0.28
   3       -40.475394278   -1.60e-06    2.24e-06    3.52e-06    1.33e-03    1.49e-03    2.00e-01        0.27
Rejecting step due to low quality: Quality: -4.46126 New trust radius: 5.47186e-06
   4       -40.475394277    5.82e-10    2.24e-06    3.52e-06    1.09e-05    2.43e-05    5.47e-06        0.26
 Geometry optimization stopped:          thresholds achieved

 Final energy:                         -40.475394277

 -----------
  Final XYZ 
 -----------
5
Final structure: -40.4754 hartree
C           -0.000021218          0.000015512          0.000003060
H            0.552503804          0.797176688          0.495009069
H            0.681241201         -0.810975539         -0.252865262
H           -0.775883488         -0.372370996          0.667191654
H           -0.457940298          0.386254334         -0.909338616

 Structure in entos input format:

  structure(
    xyz = [
      ['C'  ,         -0.000021218,          0.000015512,          0.000003060],
      ['H'  ,          0.552503804,          0.797176688,          0.495009069],
      ['H'  ,          0.681241201,         -0.810975539,         -0.252865262],
      ['H'  ,         -0.775883488,         -0.372370996,          0.667191654],
      ['H'  ,         -0.457940298,          0.386254334,         -0.909338616]
    ]
  )

 --------------------------------
  Geometry optimization finished 
 --------------------------------
 Saving results in set 'opt'

 --------------------------------------------------------------------------------
                                 command: hessian                                
 --------------------------------------------------------------------------------

WARNING: semianalytic method is specified for dft hessian, which is not efficient. Try switching to 'method = analytic'


 -------------------------------
  Numerical Geometrical Hessian 
 -------------------------------

 Compute hessian using two-point central differentiation.
 Step size (bohr):                       0.0100

 Frequencies (including translational and rotational modes):
 mode    frequency (cm-1)
    0               24.60 i (imaginary)
    1               17.33 i (imaginary)
    2               15.05 i (imaginary)
    3                0.04
    4                0.27
    5                0.40
    6             1327.34
    7             1327.36
    8             1327.42
    9             1553.43
   10             1553.47
   11             3045.18
   12             3165.27
   13             3165.35
   14             3165.55

 Project out translational and rotational motions 

 Degrees of freedom for translational and rotational motions: 6

 Vibrational frequencies:
 mode    frequency (cm-1)
    0             1327.34
    1             1327.36
    2             1327.42
    3             1553.43
    4             1553.47
    5             3045.18
    6             3165.27
    7             3165.35
    8             3165.55

 --------------------------------------------------------------------------------

 End time:                               Fri Apr 23 14:42:10 2021
 Total wall-clock time:                 10.462 seconds
==================================================================================
