
================================================================================
          _____________ ________ _______________ ________     _________         
         / ___________// ______ \\_____   _____// ______ \   / ________)        
        / /_________  / /      \ \     | |     / /      \ \ | (_______          
       |  __________|| |        | |    | |    | |        | | \________ \        
        \ \_________ | |        | |    | |     \ \______/ /___________) |       
         \__________||_|        |_|    |_|      \________//____________/        
                                                                                
====================================[ Qcore ]===================================

 Git hash:   15a3e7daff0cda5fa9af010ccd19a80288182ecf
 Git date:   Fri, 16 Apr 2021 15:57:16 +0100
 Compiler:   GNU 9.1.0
 Build type: Release
 Version:    1.1.0

 Start time: Fri Apr 23 14:42:39 2021

 Data directory: /work/zw18965/.local/qcore/share/entos/1.1.0/data
 Number of threads: 24
 Number of threads was determined by: command line argument
  - More threads can be used by running 'qcore -n 32'

 --------------------------------------------------------------------------------
                                command: optimize                                
 --------------------------------------------------------------------------------
 Using coordinate system:                tric
 Hessian update scheme:                  bfgs

 ------------------------------------------------------------------------------------------------------------
                   energy      change    grad rms    grad max    step rms    step max       trust    time (s)
 ------------------------------------------------------------------------------------------------------------
   1      -834.219573595                2.49e-03    5.27e-03                            2.00e-01        0.70
   2      -834.219611656   -3.81e-05    1.17e-03    2.48e-03    4.00e-03    4.90e-03    2.00e-01        0.43
   3      -834.219622388   -1.07e-05    1.57e-05    3.40e-05    3.57e-03    4.37e-03    2.00e-01        0.43
   4      -834.219622414   -2.53e-08    4.47e-07    8.01e-07    4.71e-05    5.84e-05    2.00e-01        0.40
 Geometry optimization stopped:          thresholds achieved

 Final energy:                        -834.219622414

 -----------
  Final XYZ 
 -----------
3
Final structure: -834.22 hartree
S            1.548642314          0.000498914         -0.000000004
C           -0.000000015         -0.000003998          0.000000122
S           -1.548642045         -0.000494921         -0.000000118

 Structure in entos input format:

  structure(
    xyz = [
      ['S'  ,          1.548642314,          0.000498914,         -0.000000004],
      ['C'  ,         -0.000000015,         -0.000003998,          0.000000122],
      ['S'  ,         -1.548642045,         -0.000494921,         -0.000000118]
    ]
  )

 --------------------------------
  Geometry optimization finished 
 --------------------------------
 Saving results in set 'opt'

 --------------------------------------------------------------------------------
                                 command: hessian                                
 --------------------------------------------------------------------------------

WARNING: semianalytic method is specified for dft hessian, which is not efficient. Try switching to 'method = analytic'


 -------------------------------
  Numerical Geometrical Hessian 
 -------------------------------

 Compute hessian using two-point central differentiation.
 Step size (bohr):                       0.0100

 Frequencies (including translational and rotational modes):
 mode    frequency (cm-1)
    0                0.07 i (imaginary)
    1                0.03 i (imaginary)
    2                0.01 i (imaginary)
    3                3.90
    4                3.92
    5              412.52
    6              412.53
    7              691.37
    8             1596.33

 Project out translational and rotational motions 

 Degrees of freedom for translational and rotational motions: 6

 Vibrational frequencies:
 mode    frequency (cm-1)
    0              412.52
    1              691.37
    2             1596.33

 --------------------------------------------------------------------------------

 End time:                               Fri Apr 23 14:42:49 2021
 Total wall-clock time:                 10.478 seconds
==================================================================================
