
================================================================================
          _____________ ________ _______________ ________     _________         
         / ___________// ______ \\_____   _____// ______ \   / ________)        
        / /_________  / /      \ \     | |     / /      \ \ | (_______          
       |  __________|| |        | |    | |    | |        | | \________ \        
        \ \_________ | |        | |    | |     \ \______/ /___________) |       
         \__________||_|        |_|    |_|      \________//____________/        
                                                                                
====================================[ Qcore ]===================================

 Git hash:   15a3e7daff0cda5fa9af010ccd19a80288182ecf
 Git date:   Fri, 16 Apr 2021 15:57:16 +0100
 Compiler:   GNU 9.1.0
 Build type: Release
 Version:    1.1.0

 Start time: Fri Apr 23 14:42:49 2021

 Data directory: /work/zw18965/.local/qcore/share/entos/1.1.0/data
 Number of threads: 24
 Number of threads was determined by: command line argument
  - More threads can be used by running 'qcore -n 32'

 --------------------------------------------------------------------------------
                                command: optimize                                
 --------------------------------------------------------------------------------
 Using coordinate system:                tric
 Hessian update scheme:                  bfgs

 ------------------------------------------------------------------------------------------------------------
                   energy      change    grad rms    grad max    step rms    step max       trust    time (s)
 ------------------------------------------------------------------------------------------------------------
   1      -436.052504024                8.85e-03    1.53e-02                            2.00e-01        0.51
   2      -436.052651656   -1.48e-04    4.20e-03    7.28e-03    6.54e-03    1.31e-02    2.00e-01        0.22
   3      -436.052695909   -4.43e-05    1.46e-04    2.53e-04    5.91e-03    1.18e-02    2.00e-01        0.23
   4      -436.052695973   -6.41e-08    2.40e-06    4.16e-06    2.13e-04    4.26e-04    2.00e-01        0.22
 Geometry optimization stopped:          thresholds achieved

 Final energy:                        -436.052695973

 -----------
  Final XYZ 
 -----------
2
Final structure: -436.053 hartree
C           -0.000000478         -0.000000467          0.004601227
S            0.000000478          0.000000467          1.535098771

 Structure in entos input format:

  structure(
    xyz = [
      ['C'  ,         -0.000000478,         -0.000000467,          0.004601227],
      ['S'  ,          0.000000478,          0.000000467,          1.535098771]
    ]
  )

 --------------------------------
  Geometry optimization finished 
 --------------------------------
 Saving results in set 'opt'

 --------------------------------------------------------------------------------
                                 command: hessian                                
 --------------------------------------------------------------------------------

WARNING: semianalytic method is specified for dft hessian, which is not efficient. Try switching to 'method = analytic'


 -------------------------------
  Numerical Geometrical Hessian 
 -------------------------------

 Compute hessian using two-point central differentiation.
 Step size (bohr):                       0.0100

 Frequencies (including translational and rotational modes):
 mode    frequency (cm-1)
    0               16.40 i (imaginary)
    1               16.40 i (imaginary)
    2                0.01 i (imaginary)
    3                0.01 i (imaginary)
    4                0.00
    5             1328.64

 Project out translational and rotational motions 

 The molecule is linear

 Degrees of freedom for translational and rotational motions: 5

 Vibrational frequencies:
 mode    frequency (cm-1)
    0             1328.64

 --------------------------------------------------------------------------------

 End time:                               Fri Apr 23 14:42:54 2021
 Total wall-clock time:                  4.377 seconds
==================================================================================
