
================================================================================
          _____________ ________ _______________ ________     _________         
         / ___________// ______ \\_____   _____// ______ \   / ________)        
        / /_________  / /      \ \     | |     / /      \ \ | (_______          
       |  __________|| |        | |    | |    | |        | | \________ \        
        \ \_________ | |        | |    | |     \ \______/ /___________) |       
         \__________||_|        |_|    |_|      \________//____________/        
                                                                                
====================================[ Qcore ]===================================

 Git hash:   15a3e7daff0cda5fa9af010ccd19a80288182ecf
 Git date:   Fri, 16 Apr 2021 15:57:16 +0100
 Compiler:   GNU 9.1.0
 Build type: Release
 Version:    1.1.0

 Start time: Fri Apr 23 14:43:47 2021

 Data directory: /work/zw18965/.local/qcore/share/entos/1.1.0/data
 Number of threads: 24
 Number of threads was determined by: command line argument
  - More threads can be used by running 'qcore -n 32'

 --------------------------------------------------------------------------------
                                command: optimize                                
 --------------------------------------------------------------------------------
 Using coordinate system:                tric
 Hessian update scheme:                  bfgs

 ------------------------------------------------------------------------------------------------------------
                   energy      change    grad rms    grad max    step rms    step max       trust    time (s)
 ------------------------------------------------------------------------------------------------------------
   1      -535.779088890                5.68e-03    1.28e-02                            2.00e-01        0.63
   2      -535.779733681   -6.45e-04    2.22e-03    5.06e-03    3.69e-02    4.61e-02    2.00e-01        0.31
   3      -535.779839604   -1.06e-04    9.86e-05    1.95e-04    2.30e-02    2.85e-02    2.00e-01        0.29
   4      -535.779839912   -3.08e-07    3.03e-05    6.58e-05    1.20e-03    1.52e-03    2.00e-01        0.29
   5      -535.779839927   -1.45e-08    1.89e-05    3.91e-05    4.19e-05    8.80e-05    2.00e-01        0.28
 Geometry optimization stopped:          thresholds achieved

 Final energy:                        -535.779839927

 -----------
  Final XYZ 
 -----------
3
Final structure: -535.78 hartree
O           -0.342741974          0.464701827         -0.000000364
Cl           1.225185731         -0.130990241          0.000000897
H           -0.882443757         -0.333711581         -0.000000532

 Structure in entos input format:

  structure(
    xyz = [
      ['O'  ,         -0.342741974,          0.464701827,         -0.000000364],
      ['Cl' ,          1.225185731,         -0.130990241,          0.000000897],
      ['H'  ,         -0.882443757,         -0.333711581,         -0.000000532]
    ]
  )

 --------------------------------
  Geometry optimization finished 
 --------------------------------
 Saving results in set 'opt'

 --------------------------------------------------------------------------------
                                 command: hessian                                
 --------------------------------------------------------------------------------

WARNING: semianalytic method is specified for dft hessian, which is not efficient. Try switching to 'method = analytic'


 -------------------------------
  Numerical Geometrical Hessian 
 -------------------------------

 Compute hessian using two-point central differentiation.
 Step size (bohr):                       0.0100

 Frequencies (including translational and rotational modes):
 mode    frequency (cm-1)
    0                0.13 i (imaginary)
    1                0.06 i (imaginary)
    2                0.02 i (imaginary)
    3               11.85
    4               14.00
    5               41.65
    6              785.96
    7             1284.73
    8             3831.79

 Project out translational and rotational motions 

 Degrees of freedom for translational and rotational motions: 6

 Vibrational frequencies:
 mode    frequency (cm-1)
    0              785.96
    1             1284.73
    2             3831.79

 --------------------------------------------------------------------------------

 End time:                               Fri Apr 23 14:43:54 2021
 Total wall-clock time:                  7.688 seconds
==================================================================================
