
================================================================================
          _____________ ________ _______________ ________     _________         
         / ___________// ______ \\_____   _____// ______ \   / ________)        
        / /_________  / /      \ \     | |     / /      \ \ | (_______          
       |  __________|| |        | |    | |    | |        | | \________ \        
        \ \_________ | |        | |    | |     \ \______/ /___________) |       
         \__________||_|        |_|    |_|      \________//____________/        
                                                                                
====================================[ Qcore ]===================================

 Git hash:   15a3e7daff0cda5fa9af010ccd19a80288182ecf
 Git date:   Fri, 16 Apr 2021 15:57:16 +0100
 Compiler:   GNU 9.1.0
 Build type: Release
 Version:    1.1.0

 Start time: Fri Apr 23 14:43:57 2021

 Data directory: /work/zw18965/.local/qcore/share/entos/1.1.0/data
 Number of threads: 24
 Number of threads was determined by: command line argument
  - More threads can be used by running 'qcore -n 32'

 --------------------------------------------------------------------------------
                                command: optimize                                
 --------------------------------------------------------------------------------
 Using coordinate system:                tric
 Hessian update scheme:                  bfgs

 ------------------------------------------------------------------------------------------------------------
                   energy      change    grad rms    grad max    step rms    step max       trust    time (s)
 ------------------------------------------------------------------------------------------------------------
   1       -56.512424836                2.54e-03    7.62e-03                            2.00e-01        0.43
   2       -56.512602745   -1.78e-04    1.85e-03    5.49e-03    1.45e-02    1.62e-02    2.00e-01        0.23
   3       -56.512720720   -1.18e-04    2.48e-04    4.33e-04    2.27e-02    2.68e-02    2.00e-01        0.23
   4       -56.512721356   -6.36e-07    6.00e-05    1.03e-04    7.29e-04    7.12e-04    2.00e-01        0.21
 Geometry optimization stopped:          thresholds achieved

 Final energy:                         -56.512721356

 -----------
  Final XYZ 
 -----------
4
Final structure: -56.5127 hartree
N           -0.002584719         -0.000658460          0.290434146
H           -0.516700892         -0.779084706         -0.103178037
H           -0.415240952          0.838117183         -0.098631061
H            0.934526563         -0.058374017         -0.088625048

 Structure in entos input format:

  structure(
    xyz = [
      ['N'  ,         -0.002584719,         -0.000658460,          0.290434146],
      ['H'  ,         -0.516700892,         -0.779084706,         -0.103178037],
      ['H'  ,         -0.415240952,          0.838117183,         -0.098631061],
      ['H'  ,          0.934526563,         -0.058374017,         -0.088625048]
    ]
  )

 --------------------------------
  Geometry optimization finished 
 --------------------------------
 Saving results in set 'opt'

 --------------------------------------------------------------------------------
                                 command: hessian                                
 --------------------------------------------------------------------------------

WARNING: semianalytic method is specified for dft hessian, which is not efficient. Try switching to 'method = analytic'


 -------------------------------
  Numerical Geometrical Hessian 
 -------------------------------

 Compute hessian using two-point central differentiation.
 Step size (bohr):                       0.0100

 Frequencies (including translational and rotational modes):
 mode    frequency (cm-1)
    0               61.36 i (imaginary)
    1               39.40 i (imaginary)
    2               22.74 i (imaginary)
    3                0.01 i (imaginary)
    4                0.28
    5                0.46
    6             1064.93
    7             1673.62
    8             1673.65
    9             3502.25
   10             3627.55
   11             3627.66

 Project out translational and rotational motions 

 Degrees of freedom for translational and rotational motions: 6

 Vibrational frequencies:
 mode    frequency (cm-1)
    0             1064.93
    1             1673.62
    2             1673.65
    3             3502.25
    4             3627.55
    5             3627.66

 --------------------------------------------------------------------------------

 End time:                               Fri Apr 23 14:44:04 2021
 Total wall-clock time:                  6.715 seconds
==================================================================================
