
================================================================================
          _____________ ________ _______________ ________     _________         
         / ___________// ______ \\_____   _____// ______ \   / ________)        
        / /_________  / /      \ \     | |     / /      \ \ | (_______          
       |  __________|| |        | |    | |    | |        | | \________ \        
        \ \_________ | |        | |    | |     \ \______/ /___________) |       
         \__________||_|        |_|    |_|      \________//____________/        
                                                                                
====================================[ Qcore ]===================================

 Git hash:   15a3e7daff0cda5fa9af010ccd19a80288182ecf
 Git date:   Fri, 16 Apr 2021 15:57:16 +0100
 Compiler:   GNU 9.1.0
 Build type: Release
 Version:    1.1.0

 Start time: Fri Apr 23 14:44:31 2021

 Data directory: /work/zw18965/.local/qcore/share/entos/1.1.0/data
 Number of threads: 24
 Number of threads was determined by: command line argument
  - More threads can be used by running 'qcore -n 32'

 --------------------------------------------------------------------------------
                                command: optimize                                
 --------------------------------------------------------------------------------
 Using coordinate system:                tric
 Hessian update scheme:                  bfgs

 ------------------------------------------------------------------------------------------------------------
                   energy      change    grad rms    grad max    step rms    step max       trust    time (s)
 ------------------------------------------------------------------------------------------------------------
   1      -364.559858788                5.16e-03    8.93e-03                            2.00e-01        0.55
   2      -364.559908803   -5.00e-05    2.48e-03    4.30e-03    3.77e-03    7.55e-03    2.00e-01        0.23
   3      -364.559923593   -1.48e-05    5.58e-05    9.66e-05    3.51e-03    7.01e-03    2.00e-01        0.23
   4      -364.559923601   -7.41e-09    5.91e-07    1.02e-06    7.70e-05    1.54e-04    2.00e-01        0.21
 Geometry optimization stopped:          thresholds achieved

 Final energy:                        -364.559923601

 -----------
  Final XYZ 
 -----------
2
Final structure: -364.56 hartree
Si           0.000000134          0.000000029         -0.753118491
O           -0.000000134         -0.000000029          0.753118491

 Structure in entos input format:

  structure(
    xyz = [
      ['Si' ,          0.000000134,          0.000000029,         -0.753118491],
      ['O'  ,         -0.000000134,         -0.000000029,          0.753118491]
    ]
  )

 --------------------------------
  Geometry optimization finished 
 --------------------------------
 Saving results in set 'opt'

 --------------------------------------------------------------------------------
                                 command: hessian                                
 --------------------------------------------------------------------------------

WARNING: semianalytic method is specified for dft hessian, which is not efficient. Try switching to 'method = analytic'


 -------------------------------
  Numerical Geometrical Hessian 
 -------------------------------

 Compute hessian using two-point central differentiation.
 Step size (bohr):                       0.0100

 Frequencies (including translational and rotational modes):
 mode    frequency (cm-1)
    0               50.22 i (imaginary)
    1               50.22 i (imaginary)
    2                0.01 i (imaginary)
    3                0.00
    4                0.00
    5             1281.70

 Project out translational and rotational motions 

 The molecule is linear

 Degrees of freedom for translational and rotational motions: 5

 Vibrational frequencies:
 mode    frequency (cm-1)
    0             1281.70

 --------------------------------------------------------------------------------

 End time:                               Fri Apr 23 14:44:35 2021
 Total wall-clock time:                  4.423 seconds
==================================================================================
