
================================================================================
          _____________ ________ _______________ ________     _________         
         / ___________// ______ \\_____   _____// ______ \   / ________)        
        / /_________  / /      \ \     | |     / /      \ \ | (_______          
       |  __________|| |        | |    | |    | |        | | \________ \        
        \ \_________ | |        | |    | |     \ \______/ /___________) |       
         \__________||_|        |_|    |_|      \________//____________/        
                                                                                
====================================[ Qcore ]===================================

 Git hash:   15a3e7daff0cda5fa9af010ccd19a80288182ecf
 Git date:   Fri, 16 Apr 2021 15:57:16 +0100
 Compiler:   GNU 9.1.0
 Build type: Release
 Version:    1.1.0

 Start time: Fri Apr 23 14:44:45 2021

 Data directory: /work/zw18965/.local/qcore/share/entos/1.1.0/data
 Number of threads: 24
 Number of threads was determined by: command line argument
  - More threads can be used by running 'qcore -n 32'

 --------------------------------------------------------------------------------
                                command: optimize                                
 --------------------------------------------------------------------------------
 Using coordinate system:                tric
 Hessian update scheme:                  bfgs

 ------------------------------------------------------------------------------------------------------------
                   energy      change    grad rms    grad max    step rms    step max       trust    time (s)
 ------------------------------------------------------------------------------------------------------------
   1      -115.634949319                3.04e-03    6.43e-03                            2.00e-01        0.73
   2      -115.635173460   -2.24e-04    6.12e-04    1.41e-03    1.59e-02    1.85e-02    2.00e-01        0.48
   3      -115.635188533   -1.51e-05    1.55e-04    2.86e-04    5.53e-03    8.37e-03    2.00e-01        0.49
   4      -115.635189771   -1.24e-06    8.91e-05    1.76e-04    2.11e-03    2.59e-03    2.00e-01        0.47
   5      -115.635189941   -1.69e-07    3.39e-05    1.06e-04    6.23e-04    7.66e-04    2.00e-01        0.45
 Geometry optimization stopped:          thresholds achieved

 Final energy:                        -115.635189941

 -----------
  Final XYZ 
 -----------
6
Final structure: -115.635 hartree
C           -0.354085988         -0.042295530         -0.017231448
O            0.996650143         -0.347286031         -0.274905469
H           -0.527877248          1.034320913          0.097835034
H           -0.618892807         -0.527403881          0.922289636
H           -1.027069252         -0.422540633         -0.795088841
H            1.247832312          0.071380300         -1.098703856

 Structure in entos input format:

  structure(
    xyz = [
      ['C'  ,         -0.354085988,         -0.042295530,         -0.017231448],
      ['O'  ,          0.996650143,         -0.347286031,         -0.274905469],
      ['H'  ,         -0.527877248,          1.034320913,          0.097835034],
      ['H'  ,         -0.618892807,         -0.527403881,          0.922289636],
      ['H'  ,         -1.027069252,         -0.422540633,         -0.795088841],
      ['H'  ,          1.247832312,          0.071380300,         -1.098703856]
    ]
  )

 --------------------------------
  Geometry optimization finished 
 --------------------------------
 Saving results in set 'opt'

 --------------------------------------------------------------------------------
                                 command: hessian                                
 --------------------------------------------------------------------------------

WARNING: semianalytic method is specified for dft hessian, which is not efficient. Try switching to 'method = analytic'


 -------------------------------
  Numerical Geometrical Hessian 
 -------------------------------

 Compute hessian using two-point central differentiation.
 Step size (bohr):                       0.0100

 Frequencies (including translational and rotational modes):
 mode    frequency (cm-1)
    0               28.67 i (imaginary)
    1                0.20 i (imaginary)
    2                0.05 i (imaginary)
    3                0.06
    4               14.21
    5               19.13
    6              301.16
    7             1066.41
    8             1110.76
    9             1174.28
   10             1379.73
   11             1477.55
   12             1491.09
   13             1507.66
   14             3000.88
   15             3051.32
   16             3124.71
   17             3893.14

 Project out translational and rotational motions 

 Degrees of freedom for translational and rotational motions: 6

 Vibrational frequencies:
 mode    frequency (cm-1)
    0              301.15
    1             1066.41
    2             1110.76
    3             1174.28
    4             1379.73
    5             1477.55
    6             1491.09
    7             1507.66
    8             3000.88
    9             3051.32
   10             3124.71
   11             3893.14

 --------------------------------------------------------------------------------

 End time:                               Fri Apr 23 14:45:06 2021
 Total wall-clock time:                 20.359 seconds
==================================================================================
