
================================================================================
          _____________ ________ _______________ ________     _________         
         / ___________// ______ \\_____   _____// ______ \   / ________)        
        / /_________  / /      \ \     | |     / /      \ \ | (_______          
       |  __________|| |        | |    | |    | |        | | \________ \        
        \ \_________ | |        | |    | |     \ \______/ /___________) |       
         \__________||_|        |_|    |_|      \________//____________/        
                                                                                
====================================[ Qcore ]===================================

 Git hash:   15a3e7daff0cda5fa9af010ccd19a80288182ecf
 Git date:   Fri, 16 Apr 2021 15:57:16 +0100
 Compiler:   GNU 9.1.0
 Build type: Release
 Version:    1.1.0

 Start time: Fri Apr 16 16:43:32 2021

 Data directory: /work/zw18965/.local/qcore/share/entos/1.1.0/data
 Number of threads: 24
 Number of threads was determined by: command line argument

 --------------------------------------------------------------------------------
                                command: optimize                                
 --------------------------------------------------------------------------------
 Using coordinate system:                tric
 Hessian update scheme:                  bfgs

 ------------------------------------------------------------------------------------------------------------
                   energy      change    grad rms    grad max    step rms    step max       trust    time (s)
 ------------------------------------------------------------------------------------------------------------
   1      -188.800748245                6.01e-03    1.28e-02                            2.00e-01       25.61
   2      -188.800877202   -1.29e-04    1.59e-04    3.75e-04    8.12e-03    9.96e-03    2.00e-01       17.56
   3      -188.800877263   -6.06e-08    1.10e-05    2.59e-05    2.15e-04    3.02e-04    2.00e-01       15.46
 Geometry optimization stopped:          thresholds achieved

 Final energy:                        -188.800877263

 -----------
  Final XYZ 
 -----------
3
Final structure: -188.801 hartree
O           -1.145854543          0.000000005          0.000000011
O            1.145864574          0.000000005         -0.000000017
C           -0.000010031         -0.000000010          0.000000005

 Structure in entos input format:

  structure(
    xyz = [
      ['O'  ,         -1.145854543,          0.000000005,          0.000000011],
      ['O'  ,          1.145864574,          0.000000005,         -0.000000017],
      ['C'  ,         -0.000010031,         -0.000000010,          0.000000005]
    ]
  )

 --------------------------------
  Geometry optimization finished 
 --------------------------------
 Saving results in set 'opt'

 --------------------------------------------------------------------------------
                                 command: hessian                                
 --------------------------------------------------------------------------------

WARNING: semianalytic method is specified for dft hessian, which is not efficient. Try switching to 'method = analytic'


 -------------------------------
  Numerical Geometrical Hessian 
 -------------------------------

 Compute hessian using two-point central differentiation.
 Step size (bohr):                       0.0100

 Frequencies (including translational and rotational modes):
 mode    frequency (cm-1)
    0               30.36 i (imaginary)
    1               20.93 i (imaginary)
    2               10.43 i (imaginary)
    3                1.44 i (imaginary)
    4               18.96
    5              698.73
    6              700.19
    7             1427.58
    8             2515.12

 Project out translational and rotational motions 

 Degrees of freedom for translational and rotational motions: 6

 Vibrational frequencies:
 mode    frequency (cm-1)
    0              699.90
    1             1427.47
    2             2515.04

 --------------------------------------------------------------------------------

 End time:                               Fri Apr 16 16:49:53 2021
 Total wall-clock time:                381.659 seconds
==================================================================================
