
================================================================================
          _____________ ________ _______________ ________     _________         
         / ___________// ______ \\_____   _____// ______ \   / ________)        
        / /_________  / /      \ \     | |     / /      \ \ | (_______          
       |  __________|| |        | |    | |    | |        | | \________ \        
        \ \_________ | |        | |    | |     \ \______/ /___________) |       
         \__________||_|        |_|    |_|      \________//____________/        
                                                                                
====================================[ Qcore ]===================================

 Git hash:   15a3e7daff0cda5fa9af010ccd19a80288182ecf
 Git date:   Fri, 16 Apr 2021 15:57:16 +0100
 Compiler:   GNU 9.1.0
 Build type: Release
 Version:    1.1.0

 Start time: Fri Apr 16 16:47:20 2021

 Data directory: /work/zw18965/.local/qcore/share/entos/1.1.0/data
 Number of threads: 24
 Number of threads was determined by: command line argument

 --------------------------------------------------------------------------------
                                command: optimize                                
 --------------------------------------------------------------------------------
 Using coordinate system:                tric
 Hessian update scheme:                  bfgs

 ------------------------------------------------------------------------------------------------------------
                   energy      change    grad rms    grad max    step rms    step max       trust    time (s)
 ------------------------------------------------------------------------------------------------------------
   1      -114.621658851                6.48e-03    1.83e-02                            2.00e-01       22.50
   2      -114.622180895   -5.22e-04    1.97e-03    5.53e-03    2.28e-02    3.03e-02    2.00e-01       13.73
   3      -114.622232700   -5.18e-05    1.03e-03    2.84e-03    9.04e-03    1.57e-02    2.00e-01       13.29
   4      -114.622238218   -5.52e-06    4.51e-04    1.18e-03    2.30e-03    4.67e-03    2.00e-01       12.77
   5      -114.622238495   -2.76e-07    2.05e-04    5.44e-04    1.02e-03    2.56e-03    5.12e-04       13.35
   6      -114.622238668   -1.73e-07    7.31e-05    1.23e-04    1.95e-04    8.38e-04    5.12e-04       11.91
 Geometry optimization stopped:          thresholds achieved

 Final energy:                        -114.622238668

 -----------
  Final XYZ 
 -----------
4
Final structure: -114.622 hartree
C           -0.007463102          0.000999270          0.000442888
O            1.163546239         -0.159660460         -0.073742497
H           -0.468893907          0.975886413         -0.182597524
H           -0.687197618         -0.817292451          0.255905080

 Structure in entos input format:

  structure(
    xyz = [
      ['C'  ,         -0.007463102,          0.000999270,          0.000442888],
      ['O'  ,          1.163546239,         -0.159660460,         -0.073742497],
      ['H'  ,         -0.468893907,          0.975886413,         -0.182597524],
      ['H'  ,         -0.687197618,         -0.817292451,          0.255905080]
    ]
  )

 --------------------------------
  Geometry optimization finished 
 --------------------------------
 Saving results in set 'opt'

 --------------------------------------------------------------------------------
                                 command: hessian                                
 --------------------------------------------------------------------------------

WARNING: semianalytic method is specified for dft hessian, which is not efficient. Try switching to 'method = analytic'


 -------------------------------
  Numerical Geometrical Hessian 
 -------------------------------

 Compute hessian using two-point central differentiation.
 Step size (bohr):                       0.0100

 Frequencies (including translational and rotational modes):
 mode    frequency (cm-1)
    0              252.38 i (imaginary)
    1              193.15 i (imaginary)
    2               27.13 i (imaginary)
    3               28.58
    4               74.35
    5              185.53
    6             1230.61
    7             1307.30
    8             1534.01
    9             1910.16
   10             3005.76
   11             3031.75

 Project out translational and rotational motions 

 Degrees of freedom for translational and rotational motions: 6

 Vibrational frequencies:
 mode    frequency (cm-1)
    0             1230.07
    1             1306.97
    2             1533.23
    3             1909.88
    4             3005.59
    5             3031.59

 --------------------------------------------------------------------------------

 End time:                               Fri Apr 16 16:54:32 2021
 Total wall-clock time:                431.284 seconds
==================================================================================
