
================================================================================
          _____________ ________ _______________ ________     _________         
         / ___________// ______ \\_____   _____// ______ \   / ________)        
        / /_________  / /      \ \     | |     / /      \ \ | (_______          
       |  __________|| |        | |    | |    | |        | | \________ \        
        \ \_________ | |        | |    | |     \ \______/ /___________) |       
         \__________||_|        |_|    |_|      \________//____________/        
                                                                                
====================================[ Qcore ]===================================

 Git hash:   15a3e7daff0cda5fa9af010ccd19a80288182ecf
 Git date:   Fri, 16 Apr 2021 15:57:16 +0100
 Compiler:   GNU 9.1.0
 Build type: Release
 Version:    1.1.0

 Start time: Sat May  8 09:42:19 2021

 Data directory: /work/zw18965/.local/qcore/share/entos/1.1.0/data
 Number of threads: 24
 Number of threads was determined by: command line argument

 --------------------------------------------------------------------------------
                                command: optimize                                
 --------------------------------------------------------------------------------
 Using coordinate system:                tric
 Hessian update scheme:                  bfgs

 ------------------------------------------------------------------------------------------------------------
                   energy      change    grad rms    grad max    step rms    step max       trust    time (s)
 ------------------------------------------------------------------------------------------------------------
   1       -78.659700810                4.13e-03    6.02e-03                            2.00e-01       29.05
   2       -78.660286830   -5.86e-04    1.24e-03    2.11e-03    2.61e-02    2.08e-02    2.00e-01       23.81
   3       -78.660323838   -3.70e-05    4.86e-04    1.41e-03    8.17e-03    6.72e-03    2.00e-01       22.80
   4       -78.660326062   -2.22e-06    1.69e-04    4.64e-04    1.38e-03    2.08e-03    2.00e-01       21.37
   5       -78.660326529   -4.67e-07    1.62e-05    3.61e-05    9.18e-04    1.34e-03    2.00e-01       19.92
   6       -78.660326543   -1.31e-08    5.08e-06    1.40e-05    6.77e-05    2.72e-04    2.00e-01       19.85
 Geometry optimization stopped:          thresholds achieved

 Final energy:                         -78.660326543

 -----------
  Final XYZ 
 -----------
6
Final structure: -78.6603 hartree
C           -0.651929422         -0.051644462          0.000158204
C            0.651860221          0.051639765         -0.000124579
H           -1.218814382          0.002968466         -0.907081249
H           -1.202727500         -0.194830496          0.907649368
H            1.202659209          0.194824307         -0.907615376
H            1.218744457         -0.002974175          0.907115292

 Structure in entos input format:

  structure(
    xyz = [
      ['C'  ,         -0.651929422,         -0.051644462,          0.000158204],
      ['C'  ,          0.651860221,          0.051639765,         -0.000124579],
      ['H'  ,         -1.218814382,          0.002968466,         -0.907081249],
      ['H'  ,         -1.202727500,         -0.194830496,          0.907649368],
      ['H'  ,          1.202659209,          0.194824307,         -0.907615376],
      ['H'  ,          1.218744457,         -0.002974175,          0.907115292]
    ]
  )

 --------------------------------
  Geometry optimization finished 
 --------------------------------
 Saving results in set 'opt'

 --------------------------------------------------------------------------------
                                 command: hessian                                
 --------------------------------------------------------------------------------

WARNING: semianalytic method is specified for dft hessian, which is not efficient. Try switching to 'method = analytic'


 -------------------------------
  Numerical Geometrical Hessian 
 -------------------------------

 Compute hessian using two-point central differentiation.
 Step size (bohr):                       0.0100

 Frequencies (including translational and rotational modes):
 mode    frequency (cm-1)
    0               16.15 i (imaginary)
    1                0.07 i (imaginary)
    2                0.03 i (imaginary)
    3                0.02
    4               16.22
    5               22.38
    6              850.43
    7             1003.19
    8             1019.16
    9             1098.09
   10             1268.97
   11             1411.49
   12             1501.32
   13             1747.48
   14             3224.49
   15             3239.15
   16             3306.42
   17             3332.54

 Project out translational and rotational motions 

 Degrees of freedom for translational and rotational motions: 6

 Vibrational frequencies:
 mode    frequency (cm-1)
    0              850.43
    1             1003.19
    2             1019.16
    3             1098.09
    4             1268.97
    5             1411.49
    6             1501.32
    7             1747.48
    8             3224.49
    9             3239.15
   10             3306.42
   11             3332.54

 --------------------------------------------------------------------------------

 End time:                               Sat May  8 09:59:09 2021
 Total wall-clock time:               1009.598 seconds
==================================================================================
