
================================================================================
          _____________ ________ _______________ ________     _________         
         / ___________// ______ \\_____   _____// ______ \   / ________)        
        / /_________  / /      \ \     | |     / /      \ \ | (_______          
       |  __________|| |        | |    | |    | |        | | \________ \        
        \ \_________ | |        | |    | |     \ \______/ /___________) |       
         \__________||_|        |_|    |_|      \________//____________/        
                                                                                
====================================[ Qcore ]===================================

 Git hash:   15a3e7daff0cda5fa9af010ccd19a80288182ecf
 Git date:   Fri, 16 Apr 2021 15:57:16 +0100
 Compiler:   GNU 9.1.0
 Build type: Release
 Version:    1.1.0

 Start time: Sat May  8 09:59:09 2021

 Data directory: /work/zw18965/.local/qcore/share/entos/1.1.0/data
 Number of threads: 24
 Number of threads was determined by: command line argument

 --------------------------------------------------------------------------------
                                command: optimize                                
 --------------------------------------------------------------------------------
 Using coordinate system:                tric
 Hessian update scheme:                  bfgs

 ------------------------------------------------------------------------------------------------------------
                   energy      change    grad rms    grad max    step rms    step max       trust    time (s)
 ------------------------------------------------------------------------------------------------------------
   1      -958.971832102                1.09e-02    2.20e-02                            2.00e-01       87.12
   2      -958.975941690   -4.11e-03    2.76e-03    6.29e-03    1.34e-01    1.41e-01    2.00e-01       69.51
   3      -958.976005033   -6.33e-05    1.75e-03    3.20e-03    1.20e-02    1.40e-02    2.00e-01       59.50
   4      -958.976032805   -2.78e-05    6.25e-04    1.11e-03    4.83e-03    7.37e-03    2.00e-01       64.48
   5      -958.976033920   -1.12e-06    3.67e-05    7.77e-05    3.04e-03    3.83e-03    1.52e-03       60.46
   6      -958.976033953   -3.26e-08    8.39e-06    1.95e-05    3.88e-04    7.47e-04    1.52e-03       55.10
 Geometry optimization stopped:          thresholds achieved

 Final energy:                        -958.976033953

 -----------
  Final XYZ 
 -----------
3
Final structure: -958.976 hartree
C           -0.000000056         -0.013005267         -0.001969289
Cl          -0.000000209          1.001419903         -1.336179156
Cl           0.000000265          0.894905957          1.406877886

 Structure in entos input format:

  structure(
    xyz = [
      ['C'  ,         -0.000000056,         -0.013005267,         -0.001969289],
      ['Cl' ,         -0.000000209,          1.001419903,         -1.336179156],
      ['Cl' ,          0.000000265,          0.894905957,          1.406877886]
    ]
  )

 --------------------------------
  Geometry optimization finished 
 --------------------------------
 Saving results in set 'opt'

 --------------------------------------------------------------------------------
                                 command: hessian                                
 --------------------------------------------------------------------------------

WARNING: semianalytic method is specified for dft hessian, which is not efficient. Try switching to 'method = analytic'


 -------------------------------
  Numerical Geometrical Hessian 
 -------------------------------

 Compute hessian using two-point central differentiation.
 Step size (bohr):                       0.0100

 Frequencies (including translational and rotational modes):
 mode    frequency (cm-1)
    0                0.23 i (imaginary)
    1                0.06 i (imaginary)
    2                0.02 i (imaginary)
    3                7.30
    4                9.44
    5               21.54
    6              356.10
    7              767.29
    8              843.39

 Project out translational and rotational motions 

 Degrees of freedom for translational and rotational motions: 6

 Vibrational frequencies:
 mode    frequency (cm-1)
    0              356.10
    1              767.29
    2              843.39

 --------------------------------------------------------------------------------

 End time:                               Sat May  8 10:25:40 2021
 Total wall-clock time:               1590.666 seconds
==================================================================================
