
================================================================================
          _____________ ________ _______________ ________     _________         
         / ___________// ______ \\_____   _____// ______ \   / ________)        
        / /_________  / /      \ \     | |     / /      \ \ | (_______          
       |  __________|| |        | |    | |    | |        | | \________ \        
        \ \_________ | |        | |    | |     \ \______/ /___________) |       
         \__________||_|        |_|    |_|      \________//____________/        
                                                                                
====================================[ Qcore ]===================================

 Git hash:   15a3e7daff0cda5fa9af010ccd19a80288182ecf
 Git date:   Fri, 16 Apr 2021 15:57:16 +0100
 Compiler:   GNU 9.1.0
 Build type: Release
 Version:    1.1.0

 Start time: Fri Apr 16 16:40:38 2021

 Data directory: /work/zw18965/.local/qcore/share/entos/1.1.0/data
 Number of threads: 24
 Number of threads was determined by: command line argument
  - More threads can be used by running 'qcore -n 32'

 --------------------------------------------------------------------------------
                                command: optimize                                
 --------------------------------------------------------------------------------
 Using coordinate system:                tric
 Hessian update scheme:                  bfgs

 ------------------------------------------------------------------------------------------------------------
                   energy      change    grad rms    grad max    step rms    step max       trust    time (s)
 ------------------------------------------------------------------------------------------------------------
   1      -920.906991713                1.30e-02    2.25e-02                            2.00e-01       27.59
   2      -920.908231346   -1.24e-03    8.97e-04    1.55e-03    4.97e-02    9.94e-02    2.00e-01       15.95
   3      -920.908236409   -5.06e-06    9.15e-05    1.58e-04    3.69e-03    7.38e-03    2.00e-01       14.80
   4      -920.908236524   -1.15e-07    5.52e-06    9.56e-06    3.41e-04    6.83e-04    2.00e-01       13.60
 Geometry optimization stopped:          thresholds achieved

 Final energy:                        -920.908236524

 -----------
  Final XYZ 
 -----------
2
Final structure: -920.908 hartree
Cl          -0.977215981          0.000000207         -0.000000454
Cl           0.977215982         -0.000000207          0.000000454

 Structure in entos input format:

  structure(
    xyz = [
      ['Cl' ,         -0.977215981,          0.000000207,         -0.000000454],
      ['Cl' ,          0.977215982,         -0.000000207,          0.000000454]
    ]
  )

 --------------------------------
  Geometry optimization finished 
 --------------------------------
 Saving results in set 'opt'

 --------------------------------------------------------------------------------
                                 command: hessian                                
 --------------------------------------------------------------------------------

WARNING: semianalytic method is specified for dft hessian, which is not efficient. Try switching to 'method = analytic'


 -------------------------------
  Numerical Geometrical Hessian 
 -------------------------------

 Compute hessian using two-point central differentiation.
 Step size (bohr):                       0.0100

 Frequencies (including translational and rotational modes):
 mode    frequency (cm-1)
    0               11.49 i (imaginary)
    1                9.52 i (imaginary)
    2                3.05 i (imaginary)
    3                0.19
    4                3.00
    5              597.69

 Project out translational and rotational motions 

 The molecule is linear

 Degrees of freedom for translational and rotational motions: 5

 Vibrational frequencies:
 mode    frequency (cm-1)
    0              597.68

 --------------------------------------------------------------------------------

 End time:                               Fri Apr 16 16:45:27 2021
 Total wall-clock time:                288.762 seconds
==================================================================================
