
================================================================================
          _____________ ________ _______________ ________     _________         
         / ___________// ______ \\_____   _____// ______ \   / ________)        
        / /_________  / /      \ \     | |     / /      \ \ | (_______          
       |  __________|| |        | |    | |    | |        | | \________ \        
        \ \_________ | |        | |    | |     \ \______/ /___________) |       
         \__________||_|        |_|    |_|      \________//____________/        
                                                                                
====================================[ Qcore ]===================================

 Git hash:   15a3e7daff0cda5fa9af010ccd19a80288182ecf
 Git date:   Fri, 16 Apr 2021 15:57:16 +0100
 Compiler:   GNU 9.1.0
 Build type: Release
 Version:    1.1.0

 Start time: Sat May  8 11:07:24 2021

 Data directory: /work/zw18965/.local/qcore/share/entos/1.1.0/data
 Number of threads: 24
 Number of threads was determined by: command line argument

 --------------------------------------------------------------------------------
                                command: optimize                                
 --------------------------------------------------------------------------------
 Using coordinate system:                tric
 Hessian update scheme:                  bfgs

 ------------------------------------------------------------------------------------------------------------
                   energy      change    grad rms    grad max    step rms    step max       trust    time (s)
 ------------------------------------------------------------------------------------------------------------
   1      -835.022198537                1.16e-02    2.46e-02                            2.00e-01       73.20
   2      -835.023030829   -8.32e-04    5.54e-03    1.18e-02    1.86e-02    2.28e-02    2.00e-01       56.20
   3      -835.023263842   -2.33e-04    3.71e-04    7.87e-04    1.71e-02    2.10e-02    2.00e-01       55.67
   4      -835.023264892   -1.05e-06    1.08e-05    2.30e-05    1.08e-03    1.32e-03    2.00e-01       46.79
Rejecting step due to low quality: Quality: -8.25335 New trust radius: 1.52578e-05
   5      -835.023264885    7.09e-09    1.08e-05    2.30e-05    3.05e-05    3.74e-05    1.53e-05       37.19
 Geometry optimization stopped:          thresholds achieved

 Final energy:                        -835.023264885

 -----------
  Final XYZ 
 -----------
3
Final structure: -835.023 hartree
S            1.531024579          0.000496332          0.000000102
C            0.000000113         -0.000003988         -0.000000212
S           -1.531024438         -0.000492349          0.000000110

 Structure in entos input format:

  structure(
    xyz = [
      ['S'  ,          1.531024579,          0.000496332,          0.000000102],
      ['C'  ,          0.000000113,         -0.000003988,         -0.000000212],
      ['S'  ,         -1.531024438,         -0.000492349,          0.000000110]
    ]
  )

 --------------------------------
  Geometry optimization finished 
 --------------------------------
 Saving results in set 'opt'

 --------------------------------------------------------------------------------
                                 command: hessian                                
 --------------------------------------------------------------------------------

WARNING: semianalytic method is specified for dft hessian, which is not efficient. Try switching to 'method = analytic'


 -------------------------------
  Numerical Geometrical Hessian 
 -------------------------------

 Compute hessian using two-point central differentiation.
 Step size (bohr):                       0.0100

 Frequencies (including translational and rotational modes):
 mode    frequency (cm-1)
    0                5.12 i (imaginary)
    1                5.09 i (imaginary)
    2                0.02
    3                0.02
    4                0.04
    5              422.80
    6              422.80
    7              711.34
    8             1637.18

 Project out translational and rotational motions 

 Degrees of freedom for translational and rotational motions: 6

 Vibrational frequencies:
 mode    frequency (cm-1)
    0              422.80
    1              711.34
    2             1637.18

 --------------------------------------------------------------------------------

 End time:                               Sat May  8 11:29:01 2021
 Total wall-clock time:               1296.638 seconds
==================================================================================
