
================================================================================
          _____________ ________ _______________ ________     _________         
         / ___________// ______ \\_____   _____// ______ \   / ________)        
        / /_________  / /      \ \     | |     / /      \ \ | (_______          
       |  __________|| |        | |    | |    | |        | | \________ \        
        \ \_________ | |        | |    | |     \ \______/ /___________) |       
         \__________||_|        |_|    |_|      \________//____________/        
                                                                                
====================================[ Qcore ]===================================

 Git hash:   15a3e7daff0cda5fa9af010ccd19a80288182ecf
 Git date:   Fri, 16 Apr 2021 15:57:16 +0100
 Compiler:   GNU 9.1.0
 Build type: Release
 Version:    1.1.0

 Start time: Sat May  8 11:31:46 2021

 Data directory: /work/zw18965/.local/qcore/share/entos/1.1.0/data
 Number of threads: 24
 Number of threads was determined by: command line argument

 --------------------------------------------------------------------------------
                                command: optimize                                
 --------------------------------------------------------------------------------
 Using coordinate system:                tric
 Hessian update scheme:                  bfgs

 ------------------------------------------------------------------------------------------------------------
                   energy      change    grad rms    grad max    step rms    step max       trust    time (s)
 ------------------------------------------------------------------------------------------------------------
   1      -199.721240642                1.13e-02    1.96e-02                            2.00e-01        7.97
Rejecting step due to low quality: Quality: -7.62583 New trust radius: 0.1
   2      -199.676618115    4.46e-02    1.13e-02    1.96e-02    2.00e-01    2.00e-01    1.00e-01        4.68
Rejecting step due to low quality: Quality: -1.87261 New trust radius: 0.05
   3      -199.714825548    6.42e-03    1.13e-02    1.96e-02    1.00e-01    1.00e-01    5.00e-02        4.77
   4      -199.720896195    3.44e-04    1.68e-02    2.91e-02    5.00e-02    5.00e-02    2.50e-02        4.33
   5      -199.721676636   -7.80e-04    1.62e-03    2.80e-03    2.50e-02    2.50e-02    3.54e-02        4.76
   6      -199.721684677   -8.04e-06    1.37e-04    2.38e-04    2.66e-03    2.66e-03    3.54e-02        4.20
   7      -199.721684736   -5.93e-08    1.21e-06    2.10e-06    2.47e-04    2.47e-04    3.54e-02        3.67
 Geometry optimization stopped:          thresholds achieved

 Final energy:                        -199.721684736

 -----------
  Final XYZ 
 -----------
2
Final structure: -199.722 hartree
F           -0.000000113          0.000000204         -0.678069772
F            0.000000113         -0.000000204          0.678069772

 Structure in entos input format:

  structure(
    xyz = [
      ['F'  ,         -0.000000113,          0.000000204,         -0.678069772],
      ['F'  ,          0.000000113,         -0.000000204,          0.678069772]
    ]
  )

 --------------------------------
  Geometry optimization finished 
 --------------------------------
 Saving results in set 'opt'

 --------------------------------------------------------------------------------
                                 command: hessian                                
 --------------------------------------------------------------------------------

WARNING: semianalytic method is specified for dft hessian, which is not efficient. Try switching to 'method = analytic'


 -------------------------------
  Numerical Geometrical Hessian 
 -------------------------------

 Compute hessian using two-point central differentiation.
 Step size (bohr):                       0.0100

 Frequencies (including translational and rotational modes):
 mode    frequency (cm-1)
    0                7.36 i (imaginary)
    1                7.31 i (imaginary)
    2                0.00 i (imaginary)
    3                0.01
    4                0.04
    5             1151.69

 Project out translational and rotational motions 

 The molecule is linear

 Degrees of freedom for translational and rotational motions: 5

 Vibrational frequencies:
 mode    frequency (cm-1)
    0             1151.69

 --------------------------------------------------------------------------------

 End time:                               Sat May  8 11:33:20 2021
 Total wall-clock time:                 94.162 seconds
==================================================================================
