
================================================================================
          _____________ ________ _______________ ________     _________         
         / ___________// ______ \\_____   _____// ______ \   / ________)        
        / /_________  / /      \ \     | |     / /      \ \ | (_______          
       |  __________|| |        | |    | |    | |        | | \________ \        
        \ \_________ | |        | |    | |     \ \______/ /___________) |       
         \__________||_|        |_|    |_|      \________//____________/        
                                                                                
====================================[ Qcore ]===================================

 Git hash:   15a3e7daff0cda5fa9af010ccd19a80288182ecf
 Git date:   Fri, 16 Apr 2021 15:57:16 +0100
 Compiler:   GNU 9.1.0
 Build type: Release
 Version:    1.1.0

 Start time: Sat May  8 11:50:55 2021

 Data directory: /work/zw18965/.local/qcore/share/entos/1.1.0/data
 Number of threads: 24
 Number of threads was determined by: command line argument

 --------------------------------------------------------------------------------
                                command: optimize                                
 --------------------------------------------------------------------------------
 Using coordinate system:                tric
 Hessian update scheme:                  bfgs

 ------------------------------------------------------------------------------------------------------------
                   energy      change    grad rms    grad max    step rms    step max       trust    time (s)
 ------------------------------------------------------------------------------------------------------------
   1       -76.514003212                5.57e-03    9.41e-03                            2.00e-01        6.59
   2       -76.514239136   -2.36e-04    1.05e-03    1.66e-03    1.62e-02    1.52e-02    2.00e-01        2.86
   3       -76.514258045   -1.89e-05    5.65e-04    1.02e-03    6.55e-03    8.88e-03    2.00e-01        2.74
   4       -76.514260372   -2.33e-06    3.37e-04    5.82e-04    1.77e-03    3.40e-03    2.00e-01        2.64
   5       -76.514261115   -7.43e-07    2.25e-05    3.54e-05    1.20e-03    2.45e-03    2.00e-01        2.70
   6       -76.514261118   -2.32e-09    1.74e-06    2.50e-06    5.21e-05    8.30e-05    2.00e-01        2.57
 Geometry optimization stopped:          thresholds achieved

 Final energy:                         -76.514261118

 -----------
  Final XYZ 
 -----------
3
Final structure: -76.5143 hartree
O            0.010755931          0.007791616         -0.005699637
H            0.273524878          0.882659213          0.252021752
H            0.599919186         -0.235850830         -0.708822115

 Structure in entos input format:

  structure(
    xyz = [
      ['O'  ,          0.010755931,          0.007791616,         -0.005699637],
      ['H'  ,          0.273524878,          0.882659213,          0.252021752],
      ['H'  ,          0.599919186,         -0.235850830,         -0.708822115]
    ]
  )

 --------------------------------
  Geometry optimization finished 
 --------------------------------
 Saving results in set 'opt'

 --------------------------------------------------------------------------------
                                 command: hessian                                
 --------------------------------------------------------------------------------

WARNING: semianalytic method is specified for dft hessian, which is not efficient. Try switching to 'method = analytic'


 -------------------------------
  Numerical Geometrical Hessian 
 -------------------------------

 Compute hessian using two-point central differentiation.
 Step size (bohr):                       0.0100

 Frequencies (including translational and rotational modes):
 mode    frequency (cm-1)
    0               34.50 i (imaginary)
    1               26.20 i (imaginary)
    2               13.91 i (imaginary)
    3                0.04
    4                0.24
    5                0.34
    6             1641.45
    7             3952.73
    8             4060.58

 Project out translational and rotational motions 

 Degrees of freedom for translational and rotational motions: 6

 Vibrational frequencies:
 mode    frequency (cm-1)
    0             1641.45
    1             3952.73
    2             4060.58

 --------------------------------------------------------------------------------

 End time:                               Sat May  8 11:52:13 2021
 Total wall-clock time:                 78.304 seconds
==================================================================================
