
================================================================================
          _____________ ________ _______________ ________     _________         
         / ___________// ______ \\_____   _____// ______ \   / ________)        
        / /_________  / /      \ \     | |     / /      \ \ | (_______          
       |  __________|| |        | |    | |    | |        | | \________ \        
        \ \_________ | |        | |    | |     \ \______/ /___________) |       
         \__________||_|        |_|    |_|      \________//____________/        
                                                                                
====================================[ Qcore ]===================================

 Git hash:   15a3e7daff0cda5fa9af010ccd19a80288182ecf
 Git date:   Fri, 16 Apr 2021 15:57:16 +0100
 Compiler:   GNU 9.1.0
 Build type: Release
 Version:    1.1.0

 Start time: Fri Apr 16 16:49:11 2021

 Data directory: /work/zw18965/.local/qcore/share/entos/1.1.0/data
 Number of threads: 24
 Number of threads was determined by: command line argument
  - More threads can be used by running 'qcore -n 32'

 --------------------------------------------------------------------------------
                                command: optimize                                
 --------------------------------------------------------------------------------
 Using coordinate system:                tric
 Hessian update scheme:                  bfgs

 ------------------------------------------------------------------------------------------------------------
                   energy      change    grad rms    grad max    step rms    step max       trust    time (s)
 ------------------------------------------------------------------------------------------------------------
   1      -399.634622912                1.77e-03    4.25e-03                            2.00e-01       16.18
   2      -399.634654375   -3.15e-05    5.91e-04    1.24e-03    1.12e-02    1.50e-02    2.00e-01        5.28
   3      -399.634657006   -2.63e-06    1.30e-04    2.43e-04    1.40e-03    2.43e-03    2.00e-01        5.57
   4      -399.634657179   -1.73e-07    2.19e-05    4.27e-05    6.67e-04    7.12e-04    2.00e-01        5.00
 Geometry optimization stopped:          thresholds achieved

 Final energy:                        -399.634657179

 -----------
  Final XYZ 
 -----------
3
Final structure: -399.635 hartree
S           -0.001377081          0.612011278          0.000000000
H            0.955992529         -0.303835649          0.000000088
H           -0.954615448         -0.308175624         -0.000000088

 Structure in entos input format:

  structure(
    xyz = [
      ['S'  ,         -0.001377081,          0.612011278,          0.000000000],
      ['H'  ,          0.955992529,         -0.303835649,          0.000000088],
      ['H'  ,         -0.954615448,         -0.308175624,         -0.000000088]
    ]
  )

 --------------------------------
  Geometry optimization finished 
 --------------------------------
 Saving results in set 'opt'

 --------------------------------------------------------------------------------
                                 command: hessian                                
 --------------------------------------------------------------------------------

WARNING: semianalytic method is specified for dft hessian, which is not efficient. Try switching to 'method = analytic'


 -------------------------------
  Numerical Geometrical Hessian 
 -------------------------------

 Compute hessian using two-point central differentiation.
 Step size (bohr):                       0.0100

 Frequencies (including translational and rotational modes):
 mode    frequency (cm-1)
    0              113.76 i (imaginary)
    1                4.55 i (imaginary)
    2                1.73 i (imaginary)
    3               18.83
    4               58.93
    5              226.70
    6             1235.25
    7             2791.66
    8             2824.08

 Project out translational and rotational motions 

 Degrees of freedom for translational and rotational motions: 6

 Vibrational frequencies:
 mode    frequency (cm-1)
    0             1234.82
    1             2791.58
    2             2824.05

 --------------------------------------------------------------------------------

 End time:                               Fri Apr 16 16:51:38 2021
 Total wall-clock time:                146.773 seconds
==================================================================================
