
================================================================================
          _____________ ________ _______________ ________     _________         
         / ___________// ______ \\_____   _____// ______ \   / ________)        
        / /_________  / /      \ \     | |     / /      \ \ | (_______          
       |  __________|| |        | |    | |    | |        | | \________ \        
        \ \_________ | |        | |    | |     \ \______/ /___________) |       
         \__________||_|        |_|    |_|      \________//____________/        
                                                                                
====================================[ Qcore ]===================================

 Git hash:   15a3e7daff0cda5fa9af010ccd19a80288182ecf
 Git date:   Fri, 16 Apr 2021 15:57:16 +0100
 Compiler:   GNU 9.1.0
 Build type: Release
 Version:    1.1.0

 Start time: Sat May  8 11:55:49 2021

 Data directory: /work/zw18965/.local/qcore/share/entos/1.1.0/data
 Number of threads: 24
 Number of threads was determined by: command line argument

 --------------------------------------------------------------------------------
                                command: optimize                                
 --------------------------------------------------------------------------------
 Using coordinate system:                tric
 Hessian update scheme:                  bfgs

 ------------------------------------------------------------------------------------------------------------
                   energy      change    grad rms    grad max    step rms    step max       trust    time (s)
 ------------------------------------------------------------------------------------------------------------
   1       -93.517252638                1.04e-02    2.43e-02                            2.00e-01       14.50
   2       -93.517513400   -2.61e-04    1.27e-03    3.07e-03    1.19e-02    1.92e-02    2.00e-01        7.12
   3       -93.517518120   -4.72e-06    2.49e-04    5.96e-04    1.59e-03    3.65e-03    2.00e-01        6.54
   4       -93.517518327   -2.07e-07    2.03e-06    3.85e-06    4.34e-04    9.77e-04    2.00e-01        6.13
 Geometry optimization stopped:          thresholds achieved

 Final energy:                         -93.517518327

 -----------
  Final XYZ 
 -----------
3
Final structure: -93.5175 hartree
C           -0.025819498         -0.000007604          0.000000019
N            1.108419232         -0.000589628          0.000000017
H           -1.082599734          0.000597237         -0.000000037

 Structure in entos input format:

  structure(
    xyz = [
      ['C'  ,         -0.025819498,         -0.000007604,          0.000000019],
      ['N'  ,          1.108419232,         -0.000589628,          0.000000017],
      ['H'  ,         -1.082599734,          0.000597237,         -0.000000037]
    ]
  )

 --------------------------------
  Geometry optimization finished 
 --------------------------------
 Saving results in set 'opt'

 --------------------------------------------------------------------------------
                                 command: hessian                                
 --------------------------------------------------------------------------------

WARNING: semianalytic method is specified for dft hessian, which is not efficient. Try switching to 'method = analytic'


 -------------------------------
  Numerical Geometrical Hessian 
 -------------------------------

 Compute hessian using two-point central differentiation.
 Step size (bohr):                       0.0100

 Frequencies (including translational and rotational modes):
 mode    frequency (cm-1)
    0                2.38 i (imaginary)
    1                2.20 i (imaginary)
    2                0.00 i (imaginary)
    3                2.03
    4                2.32
    5              781.42
    6              781.42
    7             2265.91
    8             3529.04

 Project out translational and rotational motions 

 Degrees of freedom for translational and rotational motions: 6

 Vibrational frequencies:
 mode    frequency (cm-1)
    0              781.42
    1             2265.91
    2             3529.04

 --------------------------------------------------------------------------------

 End time:                               Sat May  8 11:58:40 2021
 Total wall-clock time:                170.900 seconds
==================================================================================
