
================================================================================
          _____________ ________ _______________ ________     _________         
         / ___________// ______ \\_____   _____// ______ \   / ________)        
        / /_________  / /      \ \     | |     / /      \ \ | (_______          
       |  __________|| |        | |    | |    | |        | | \________ \        
        \ \_________ | |        | |    | |     \ \______/ /___________) |       
         \__________||_|        |_|    |_|      \________//____________/        
                                                                                
====================================[ Qcore ]===================================

 Git hash:   15a3e7daff0cda5fa9af010ccd19a80288182ecf
 Git date:   Fri, 16 Apr 2021 15:57:16 +0100
 Compiler:   GNU 9.1.0
 Build type: Release
 Version:    1.1.0

 Start time: Sat May  8 12:12:01 2021

 Data directory: /work/zw18965/.local/qcore/share/entos/1.1.0/data
 Number of threads: 24
 Number of threads was determined by: command line argument

 --------------------------------------------------------------------------------
                                command: optimize                                
 --------------------------------------------------------------------------------
 Using coordinate system:                tric
 Hessian update scheme:                  bfgs

 ------------------------------------------------------------------------------------------------------------
                   energy      change    grad rms    grad max    step rms    step max       trust    time (s)
 ------------------------------------------------------------------------------------------------------------
   1       -56.617921399                4.47e-03    8.38e-03                            2.00e-01        9.21
   2       -56.618174216   -2.53e-04    7.35e-04    1.46e-03    1.72e-02    1.38e-02    2.00e-01        4.95
   3       -56.618184811   -1.06e-05    2.01e-04    5.66e-04    4.81e-03    3.59e-03    2.00e-01        4.83
   4       -56.618185447   -6.36e-07    1.38e-04    3.70e-04    8.46e-04    1.00e-03    2.00e-01        4.59
   5       -56.618185836   -3.89e-07    2.65e-06    4.60e-06    1.17e-03    1.43e-03    2.00e-01        4.79
   6       -56.618185836   -5.62e-10    3.09e-07    6.05e-07    1.04e-05    1.89e-05    2.00e-01        4.15
 Geometry optimization stopped:          thresholds achieved

 Final energy:                         -56.618185836

 -----------
  Final XYZ 
 -----------
4
Final structure: -56.6182 hartree
N           -0.002469056         -0.000576440          0.269483927
H           -0.516069862         -0.777105704         -0.096216751
H           -0.413863761          0.836514646         -0.091837634
H            0.932402680         -0.058832502         -0.081429542

 Structure in entos input format:

  structure(
    xyz = [
      ['N'  ,         -0.002469056,         -0.000576440,          0.269483927],
      ['H'  ,         -0.516069862,         -0.777105704,         -0.096216751],
      ['H'  ,         -0.413863761,          0.836514646,         -0.091837634],
      ['H'  ,          0.932402680,         -0.058832502,         -0.081429542]
    ]
  )

 --------------------------------
  Geometry optimization finished 
 --------------------------------
 Saving results in set 'opt'

 --------------------------------------------------------------------------------
                                 command: hessian                                
 --------------------------------------------------------------------------------

WARNING: semianalytic method is specified for dft hessian, which is not efficient. Try switching to 'method = analytic'


 -------------------------------
  Numerical Geometrical Hessian 
 -------------------------------

 Compute hessian using two-point central differentiation.
 Step size (bohr):                       0.0100

 Frequencies (including translational and rotational modes):
 mode    frequency (cm-1)
    0               34.96 i (imaginary)
    1               21.02 i (imaginary)
    2               18.46 i (imaginary)
    3                0.02
    4                0.28
    5                0.41
    6             1006.92
    7             1683.41
    8             1683.54
    9             3602.29
   10             3737.47
   11             3737.63

 Project out translational and rotational motions 

 Degrees of freedom for translational and rotational motions: 6

 Vibrational frequencies:
 mode    frequency (cm-1)
    0             1006.92
    1             1683.41
    2             1683.54
    3             3602.29
    4             3737.47
    5             3737.63

 --------------------------------------------------------------------------------

 End time:                               Sat May  8 12:14:41 2021
 Total wall-clock time:                160.360 seconds
==================================================================================
