
================================================================================
          _____________ ________ _______________ ________     _________         
         / ___________// ______ \\_____   _____// ______ \   / ________)        
        / /_________  / /      \ \     | |     / /      \ \ | (_______          
       |  __________|| |        | |    | |    | |        | | \________ \        
        \ \_________ | |        | |    | |     \ \______/ /___________) |       
         \__________||_|        |_|    |_|      \________//____________/        
                                                                                
====================================[ Qcore ]===================================

 Git hash:   15a3e7daff0cda5fa9af010ccd19a80288182ecf
 Git date:   Fri, 16 Apr 2021 15:57:16 +0100
 Compiler:   GNU 9.1.0
 Build type: Release
 Version:    1.1.0

 Start time: Sat May  8 12:39:15 2021

 Data directory: /work/zw18965/.local/qcore/share/entos/1.1.0/data
 Number of threads: 24
 Number of threads was determined by: command line argument

 --------------------------------------------------------------------------------
                                command: optimize                                
 --------------------------------------------------------------------------------
 Using coordinate system:                tric
 Hessian update scheme:                  bfgs

 ------------------------------------------------------------------------------------------------------------
                   energy      change    grad rms    grad max    step rms    step max       trust    time (s)
 ------------------------------------------------------------------------------------------------------------
   1      -365.003485367                1.61e-02    2.79e-02                            2.00e-01       23.80
   2      -365.003976286   -4.91e-04    7.86e-03    1.36e-02    1.18e-02    2.36e-02    2.00e-01        7.74
   3      -365.004120189   -1.44e-04    5.71e-04    9.90e-04    1.12e-02    2.25e-02    2.00e-01        7.86
   4      -365.004120921   -7.32e-07    1.82e-05    3.16e-05    7.62e-04    1.52e-03    2.00e-01        7.47
Rejecting step due to low quality: Quality: -17.174 New trust radius: 1.17805e-05
   5      -365.004120908    1.28e-08    1.82e-05    3.16e-05    2.36e-05    4.71e-05    1.18e-05        6.36
 Geometry optimization stopped:          thresholds achieved

 Final energy:                        -365.004120908

 -----------
  Final XYZ 
 -----------
2
Final structure: -365.004 hartree
Si          -0.000000442         -0.000000514         -0.745146159
O            0.000000442          0.000000514          0.745146159

 Structure in entos input format:

  structure(
    xyz = [
      ['Si' ,         -0.000000442,         -0.000000514,         -0.745146159],
      ['O'  ,          0.000000442,          0.000000514,          0.745146159]
    ]
  )

 --------------------------------
  Geometry optimization finished 
 --------------------------------
 Saving results in set 'opt'

 --------------------------------------------------------------------------------
                                 command: hessian                                
 --------------------------------------------------------------------------------

WARNING: semianalytic method is specified for dft hessian, which is not efficient. Try switching to 'method = analytic'


 -------------------------------
  Numerical Geometrical Hessian 
 -------------------------------

 Compute hessian using two-point central differentiation.
 Step size (bohr):                       0.0100

 Frequencies (including translational and rotational modes):
 mode    frequency (cm-1)
    0                0.07 i (imaginary)
    1                0.00 i (imaginary)
    2                0.00 i (imaginary)
    3               16.30
    4               16.30
    5             1316.42

 Project out translational and rotational motions 

 The molecule is linear

 Degrees of freedom for translational and rotational motions: 5

 Vibrational frequencies:
 mode    frequency (cm-1)
    0             1316.42

 --------------------------------------------------------------------------------

 End time:                               Sat May  8 12:42:05 2021
 Total wall-clock time:                170.042 seconds
==================================================================================
