
================================================================================
          _____________ ________ _______________ ________     _________         
         / ___________// ______ \\_____   _____// ______ \   / ________)        
        / /_________  / /      \ \     | |     / /      \ \ | (_______          
       |  __________|| |        | |    | |    | |        | | \________ \        
        \ \_________ | |        | |    | |     \ \______/ /___________) |       
         \__________||_|        |_|    |_|      \________//____________/        
                                                                                
====================================[ Qcore ]===================================

 Git hash:   bfa4c3a672cc1ff01df8911b87991f8932a2a687
 Git date:   Fri, 12 Feb 2021 10:05:04 +0000
 Compiler:   GNU 9.1.0
 Build type: Release
 Version:    0.8.19

 Start time: Tue Apr 20 11:09:00 2021

 Data directory: /home/zw18965/.local/qcore/share/entos/0.8.19/data
 Number of threads: 24
 Number of threads was determined by: command line argument
  - More threads can be used by running 'qcore -n 32'

 --------------------------------------------------------------------------------
                                command: optimize                                
 --------------------------------------------------------------------------------
 Using coordinate system:                tric
 Hessian update scheme:                  bfgs

 ------------------------------------------------------------------------------------------------------------
                   energy      change    grad rms    grad max    step rms    step max       trust    time (s)
 ------------------------------------------------------------------------------------------------------------
 Fraction of exact exchange:             0.710000000
 Fraction of exact exchange:             0.710000000
 Fraction of exact exchange:             0.710000000
 Fraction of exact exchange:             0.710000000
 Fraction of exact exchange:             0.710000000
 Fraction of exact exchange:             0.710000000
 Fraction of exact exchange:             0.710000000
 Fraction of exact exchange:             0.710000000
 Fraction of exact exchange:             0.710000000
 Fraction of exact exchange:             0.710000000
 Fraction of exact exchange:             0.710000000
 Fraction of exact exchange:             0.710000000
 Fraction of exact exchange:             0.710000000
 Fraction of exact exchange:             0.710000000
 Fraction of exact exchange:             0.710000000
 Fraction of exact exchange:             0.710000000
 Fraction of exact exchange:             0.710000000
 Fraction of exact exchange:             0.710000000
 Fraction of exact exchange:             0.710000000
 Fraction of exact exchange:             0.710000000
 Fraction of exact exchange:             0.710000000
   1      -237.632886258                2.34e-03    4.05e-03                            2.00e-01        5.34
 Fraction of exact exchange:             0.710000000
 Fraction of exact exchange:             0.710000000
 Fraction of exact exchange:             0.710000000
 Fraction of exact exchange:             0.710000000
 Fraction of exact exchange:             0.710000000
 Fraction of exact exchange:             0.710000000
 Fraction of exact exchange:             0.710000000
 Fraction of exact exchange:             0.710000000
 Fraction of exact exchange:             0.710000000
 Fraction of exact exchange:             0.710000000
 Fraction of exact exchange:             0.710000000
 Fraction of exact exchange:             0.710000000
 Fraction of exact exchange:             0.710000000
 Fraction of exact exchange:             0.710000000
 Fraction of exact exchange:             0.710000000
 Fraction of exact exchange:             0.710000000
 Fraction of exact exchange:             0.710000000
 Fraction of exact exchange:             0.710000000
 Fraction of exact exchange:             0.710000000
   2      -237.632962397   -7.61e-05    4.35e-04    8.03e-04    1.40e-02    1.75e-02    2.00e-01        4.88
 Fraction of exact exchange:             0.710000000
 Fraction of exact exchange:             0.710000000
 Fraction of exact exchange:             0.710000000
 Fraction of exact exchange:             0.710000000
 Fraction of exact exchange:             0.710000000
 Fraction of exact exchange:             0.710000000
 Fraction of exact exchange:             0.710000000
 Fraction of exact exchange:             0.710000000
 Fraction of exact exchange:             0.710000000
 Fraction of exact exchange:             0.710000000
 Fraction of exact exchange:             0.710000000
 Fraction of exact exchange:             0.710000000
 Fraction of exact exchange:             0.710000000
 Fraction of exact exchange:             0.710000000
 Fraction of exact exchange:             0.710000000
 Fraction of exact exchange:             0.710000000
 Fraction of exact exchange:             0.710000000
 Fraction of exact exchange:             0.710000000
 Fraction of exact exchange:             0.710000000
   3      -237.632963625   -1.23e-06    1.73e-04    3.72e-04    1.27e-03    1.12e-03    2.00e-01        4.83
 Fraction of exact exchange:             0.710000000
 Fraction of exact exchange:             0.710000000
 Fraction of exact exchange:             0.710000000
 Fraction of exact exchange:             0.710000000
 Fraction of exact exchange:             0.710000000
 Fraction of exact exchange:             0.710000000
 Fraction of exact exchange:             0.710000000
 Fraction of exact exchange:             0.710000000
 Fraction of exact exchange:             0.710000000
 Fraction of exact exchange:             0.710000000
 Fraction of exact exchange:             0.710000000
 Fraction of exact exchange:             0.710000000
 Fraction of exact exchange:             0.710000000
 Fraction of exact exchange:             0.710000000
 Fraction of exact exchange:             0.710000000
 Fraction of exact exchange:             0.710000000
 Fraction of exact exchange:             0.710000000
 Fraction of exact exchange:             0.710000000
 Fraction of exact exchange:             0.710000000
   4      -237.632963759   -1.34e-07    4.34e-05    1.12e-04    2.76e-04    6.50e-04    2.00e-01        4.81
 Geometry optimization stopped:          thresholds achieved

 Final energy:                        -237.632963759

 -----------
  Final XYZ 
 -----------
3
Final structure: -237.633 hartree
C           -0.000001441          0.139002479          0.000000539
F           -0.000000579          0.929224075         -1.028047621
F           -0.000000582          0.929224317          1.028048509

 Structure in entos input format:

  structure(
    xyz = [
      ['C'  ,         -0.000001441,          0.139002479,          0.000000539],
      ['F'  ,         -0.000000579,          0.929224075,         -1.028047621],
      ['F'  ,         -0.000000582,          0.929224317,          1.028048509]
    ]
  )

 --------------------------------
  Geometry optimization finished 
 --------------------------------
 Saving results in set 'opt'

 --------------------------------------------------------------------------------
                                 command: hessian                                
 --------------------------------------------------------------------------------

WARNING: numerical method is specified for dft hessian, which is not efficient. Try switching to 'method = analytic'

 Fraction of exact exchange:             0.710000000
 Fraction of exact exchange:             0.710000000
 Fraction of exact exchange:             0.710000000
 Fraction of exact exchange:             0.710000000
 Fraction of exact exchange:             0.710000000
 Fraction of exact exchange:             0.710000000
 Fraction of exact exchange:             0.710000000
 Fraction of exact exchange:             0.710000000
 Fraction of exact exchange:             0.710000000
 Fraction of exact exchange:             0.710000000
 Fraction of exact exchange:             0.710000000
 Fraction of exact exchange:             0.710000000
 Fraction of exact exchange:             0.710000000
 Fraction of exact exchange:             0.710000000
 Fraction of exact exchange:             0.710000000
 Fraction of exact exchange:             0.710000000
 Fraction of exact exchange:             0.710000000
 Fraction of exact exchange:             0.710000000
 Fraction of exact exchange:             0.710000000
 Fraction of exact exchange:             0.710000000
 Fraction of exact exchange:             0.710000000

 -------------------------------
  Numerical Geometrical Hessian 
 -------------------------------

 Compute hessian using two-point central differentiation.
 Step size (bohr):                       0.0100
 Fraction of exact exchange:             0.710000000
 Fraction of exact exchange:             0.710000000
 Fraction of exact exchange:             0.710000000
 Fraction of exact exchange:             0.710000000
 Fraction of exact exchange:             0.710000000
 Fraction of exact exchange:             0.710000000
 Fraction of exact exchange:             0.710000000
 Fraction of exact exchange:             0.710000000
 Fraction of exact exchange:             0.710000000
 Fraction of exact exchange:             0.710000000
 Fraction of exact exchange:             0.710000000
 Fraction of exact exchange:             0.710000000
 Fraction of exact exchange:             0.710000000
 Fraction of exact exchange:             0.710000000
 Fraction of exact exchange:             0.710000000
 Fraction of exact exchange:             0.710000000
 Fraction of exact exchange:             0.710000000
 Fraction of exact exchange:             0.710000000
 Fraction of exact exchange:             0.710000000
 Fraction of exact exchange:             0.710000000
 Fraction of exact exchange:             0.710000000
 Fraction of exact exchange:             0.710000000
 Fraction of exact exchange:             0.710000000
 Fraction of exact exchange:             0.710000000
 Fraction of exact exchange:             0.710000000
 Fraction of exact exchange:             0.710000000
 Fraction of exact exchange:             0.710000000
 Fraction of exact exchange:             0.710000000
 Fraction of exact exchange:             0.710000000
 Fraction of exact exchange:             0.710000000
 Fraction of exact exchange:             0.710000000
 Fraction of exact exchange:             0.710000000
 Fraction of exact exchange:             0.710000000
 Fraction of exact exchange:             0.710000000
 Fraction of exact exchange:             0.710000000
 Fraction of exact exchange:             0.710000000
 Fraction of exact exchange:             0.710000000
 Fraction of exact exchange:             0.710000000
 Fraction of exact exchange:             0.710000000
 Fraction of exact exchange:             0.710000000
 Fraction of exact exchange:             0.710000000
 Fraction of exact exchange:             0.710000000
 Fraction of exact exchange:             0.710000000
 Fraction of exact exchange:             0.710000000
 Fraction of exact exchange:             0.710000000
 Fraction of exact exchange:             0.710000000
 Fraction of exact exchange:             0.710000000
 Fraction of exact exchange:             0.710000000
 Fraction of exact exchange:             0.710000000
 Fraction of exact exchange:             0.710000000
 Fraction of exact exchange:             0.710000000
 Fraction of exact exchange:             0.710000000
 Fraction of exact exchange:             0.710000000
 Fraction of exact exchange:             0.710000000
 Fraction of exact exchange:             0.710000000
 Fraction of exact exchange:             0.710000000
 Fraction of exact exchange:             0.710000000
 Fraction of exact exchange:             0.710000000
 Fraction of exact exchange:             0.710000000
 Fraction of exact exchange:             0.710000000
 Fraction of exact exchange:             0.710000000
 Fraction of exact exchange:             0.710000000
 Fraction of exact exchange:             0.710000000
 Fraction of exact exchange:             0.710000000
 Fraction of exact exchange:             0.710000000
 Fraction of exact exchange:             0.710000000
 Fraction of exact exchange:             0.710000000
 Fraction of exact exchange:             0.710000000
 Fraction of exact exchange:             0.710000000
 Fraction of exact exchange:             0.710000000
 Fraction of exact exchange:             0.710000000
 Fraction of exact exchange:             0.710000000
 Fraction of exact exchange:             0.710000000
 Fraction of exact exchange:             0.710000000
 Fraction of exact exchange:             0.710000000
 Fraction of exact exchange:             0.710000000
 Fraction of exact exchange:             0.710000000
 Fraction of exact exchange:             0.710000000
 Fraction of exact exchange:             0.710000000
 Fraction of exact exchange:             0.710000000
 Fraction of exact exchange:             0.710000000
 Fraction of exact exchange:             0.710000000
 Fraction of exact exchange:             0.710000000
 Fraction of exact exchange:             0.710000000
 Fraction of exact exchange:             0.710000000
 Fraction of exact exchange:             0.710000000
 Fraction of exact exchange:             0.710000000
 Fraction of exact exchange:             0.710000000
 Fraction of exact exchange:             0.710000000
 Fraction of exact exchange:             0.710000000
 Fraction of exact exchange:             0.710000000
 Fraction of exact exchange:             0.710000000
 Fraction of exact exchange:             0.710000000
 Fraction of exact exchange:             0.710000000
 Fraction of exact exchange:             0.710000000
 Fraction of exact exchange:             0.710000000
 Fraction of exact exchange:             0.710000000
 Fraction of exact exchange:             0.710000000
 Fraction of exact exchange:             0.710000000
 Fraction of exact exchange:             0.710000000
 Fraction of exact exchange:             0.710000000
 Fraction of exact exchange:             0.710000000
 Fraction of exact exchange:             0.710000000
 Fraction of exact exchange:             0.710000000
 Fraction of exact exchange:             0.710000000
 Fraction of exact exchange:             0.710000000
 Fraction of exact exchange:             0.710000000
 Fraction of exact exchange:             0.710000000
 Fraction of exact exchange:             0.710000000
 Fraction of exact exchange:             0.710000000
 Fraction of exact exchange:             0.710000000
 Fraction of exact exchange:             0.710000000
 Fraction of exact exchange:             0.710000000
 Fraction of exact exchange:             0.710000000
 Fraction of exact exchange:             0.710000000
 Fraction of exact exchange:             0.710000000
 Fraction of exact exchange:             0.710000000
 Fraction of exact exchange:             0.710000000
 Fraction of exact exchange:             0.710000000
 Fraction of exact exchange:             0.710000000
 Fraction of exact exchange:             0.710000000
 Fraction of exact exchange:             0.710000000
 Fraction of exact exchange:             0.710000000
 Fraction of exact exchange:             0.710000000
 Fraction of exact exchange:             0.710000000
 Fraction of exact exchange:             0.710000000
 Fraction of exact exchange:             0.710000000
 Fraction of exact exchange:             0.710000000
 Fraction of exact exchange:             0.710000000
 Fraction of exact exchange:             0.710000000
 Fraction of exact exchange:             0.710000000
 Fraction of exact exchange:             0.710000000
 Fraction of exact exchange:             0.710000000
 Fraction of exact exchange:             0.710000000
 Fraction of exact exchange:             0.710000000
 Fraction of exact exchange:             0.710000000
 Fraction of exact exchange:             0.710000000
 Fraction of exact exchange:             0.710000000
 Fraction of exact exchange:             0.710000000
 Fraction of exact exchange:             0.710000000
 Fraction of exact exchange:             0.710000000
 Fraction of exact exchange:             0.710000000
 Fraction of exact exchange:             0.710000000
 Fraction of exact exchange:             0.710000000
 Fraction of exact exchange:             0.710000000
 Fraction of exact exchange:             0.710000000
 Fraction of exact exchange:             0.710000000
 Fraction of exact exchange:             0.710000000
 Fraction of exact exchange:             0.710000000
 Fraction of exact exchange:             0.710000000
 Fraction of exact exchange:             0.710000000
 Fraction of exact exchange:             0.710000000
 Fraction of exact exchange:             0.710000000
 Fraction of exact exchange:             0.710000000
 Fraction of exact exchange:             0.710000000
 Fraction of exact exchange:             0.710000000
 Fraction of exact exchange:             0.710000000
 Fraction of exact exchange:             0.710000000
 Fraction of exact exchange:             0.710000000
 Fraction of exact exchange:             0.710000000
 Fraction of exact exchange:             0.710000000
 Fraction of exact exchange:             0.710000000
 Fraction of exact exchange:             0.710000000
 Fraction of exact exchange:             0.710000000
 Fraction of exact exchange:             0.710000000
 Fraction of exact exchange:             0.710000000
 Fraction of exact exchange:             0.710000000
 Fraction of exact exchange:             0.710000000
 Fraction of exact exchange:             0.710000000
 Fraction of exact exchange:             0.710000000
 Fraction of exact exchange:             0.710000000
 Fraction of exact exchange:             0.710000000
 Fraction of exact exchange:             0.710000000
 Fraction of exact exchange:             0.710000000
 Fraction of exact exchange:             0.710000000
 Fraction of exact exchange:             0.710000000
 Fraction of exact exchange:             0.710000000
 Fraction of exact exchange:             0.710000000
 Fraction of exact exchange:             0.710000000
 Fraction of exact exchange:             0.710000000
 Fraction of exact exchange:             0.710000000
 Fraction of exact exchange:             0.710000000
 Fraction of exact exchange:             0.710000000
 Fraction of exact exchange:             0.710000000
 Fraction of exact exchange:             0.710000000
 Fraction of exact exchange:             0.710000000
 Fraction of exact exchange:             0.710000000
 Fraction of exact exchange:             0.710000000
 Fraction of exact exchange:             0.710000000
 Fraction of exact exchange:             0.710000000
 Fraction of exact exchange:             0.710000000
 Fraction of exact exchange:             0.710000000
 Fraction of exact exchange:             0.710000000
 Fraction of exact exchange:             0.710000000
 Fraction of exact exchange:             0.710000000
 Fraction of exact exchange:             0.710000000
 Fraction of exact exchange:             0.710000000
 Fraction of exact exchange:             0.710000000
 Fraction of exact exchange:             0.710000000
 Fraction of exact exchange:             0.710000000
 Fraction of exact exchange:             0.710000000
 Fraction of exact exchange:             0.710000000
 Fraction of exact exchange:             0.710000000
 Fraction of exact exchange:             0.710000000
 Fraction of exact exchange:             0.710000000
 Fraction of exact exchange:             0.710000000
 Fraction of exact exchange:             0.710000000
 Fraction of exact exchange:             0.710000000
 Fraction of exact exchange:             0.710000000
 Fraction of exact exchange:             0.710000000
 Fraction of exact exchange:             0.710000000
 Fraction of exact exchange:             0.710000000
 Fraction of exact exchange:             0.710000000
 Fraction of exact exchange:             0.710000000
 Fraction of exact exchange:             0.710000000
 Fraction of exact exchange:             0.710000000
 Fraction of exact exchange:             0.710000000
 Fraction of exact exchange:             0.710000000
 Fraction of exact exchange:             0.710000000
 Fraction of exact exchange:             0.710000000
 Fraction of exact exchange:             0.710000000
 Fraction of exact exchange:             0.710000000
 Fraction of exact exchange:             0.710000000
 Fraction of exact exchange:             0.710000000
 Fraction of exact exchange:             0.710000000
 Fraction of exact exchange:             0.710000000
 Fraction of exact exchange:             0.710000000
 Fraction of exact exchange:             0.710000000
 Fraction of exact exchange:             0.710000000
 Fraction of exact exchange:             0.710000000
 Fraction of exact exchange:             0.710000000
 Fraction of exact exchange:             0.710000000
 Fraction of exact exchange:             0.710000000
 Fraction of exact exchange:             0.710000000
 Fraction of exact exchange:             0.710000000
 Fraction of exact exchange:             0.710000000
 Fraction of exact exchange:             0.710000000
 Fraction of exact exchange:             0.710000000
 Fraction of exact exchange:             0.710000000
 Fraction of exact exchange:             0.710000000
 Fraction of exact exchange:             0.710000000
 Fraction of exact exchange:             0.710000000
 Fraction of exact exchange:             0.710000000
 Fraction of exact exchange:             0.710000000
 Fraction of exact exchange:             0.710000000
 Fraction of exact exchange:             0.710000000
 Fraction of exact exchange:             0.710000000
 Fraction of exact exchange:             0.710000000
 Fraction of exact exchange:             0.710000000
 Fraction of exact exchange:             0.710000000
 Fraction of exact exchange:             0.710000000
 Fraction of exact exchange:             0.710000000
 Fraction of exact exchange:             0.710000000
 Fraction of exact exchange:             0.710000000
 Fraction of exact exchange:             0.710000000
 Fraction of exact exchange:             0.710000000
 Fraction of exact exchange:             0.710000000
 Fraction of exact exchange:             0.710000000
 Fraction of exact exchange:             0.710000000
 Fraction of exact exchange:             0.710000000
 Fraction of exact exchange:             0.710000000
 Fraction of exact exchange:             0.710000000
 Fraction of exact exchange:             0.710000000
 Fraction of exact exchange:             0.710000000
 Fraction of exact exchange:             0.710000000
 Fraction of exact exchange:             0.710000000
 Fraction of exact exchange:             0.710000000
 Fraction of exact exchange:             0.710000000
 Fraction of exact exchange:             0.710000000
 Fraction of exact exchange:             0.710000000
 Fraction of exact exchange:             0.710000000
 Fraction of exact exchange:             0.710000000
 Fraction of exact exchange:             0.710000000
 Fraction of exact exchange:             0.710000000
 Fraction of exact exchange:             0.710000000
 Fraction of exact exchange:             0.710000000
 Fraction of exact exchange:             0.710000000
 Fraction of exact exchange:             0.710000000
 Fraction of exact exchange:             0.710000000
 Fraction of exact exchange:             0.710000000
 Fraction of exact exchange:             0.710000000
 Fraction of exact exchange:             0.710000000
 Fraction of exact exchange:             0.710000000
 Fraction of exact exchange:             0.710000000
 Fraction of exact exchange:             0.710000000
 Fraction of exact exchange:             0.710000000
 Fraction of exact exchange:             0.710000000
 Fraction of exact exchange:             0.710000000
 Fraction of exact exchange:             0.710000000
 Fraction of exact exchange:             0.710000000
 Fraction of exact exchange:             0.710000000
 Fraction of exact exchange:             0.710000000
 Fraction of exact exchange:             0.710000000
 Fraction of exact exchange:             0.710000000
 Fraction of exact exchange:             0.710000000
 Fraction of exact exchange:             0.710000000
 Fraction of exact exchange:             0.710000000
 Fraction of exact exchange:             0.710000000
 Fraction of exact exchange:             0.710000000
 Fraction of exact exchange:             0.710000000
 Fraction of exact exchange:             0.710000000
 Fraction of exact exchange:             0.710000000
 Fraction of exact exchange:             0.710000000
 Fraction of exact exchange:             0.710000000
 Fraction of exact exchange:             0.710000000
 Fraction of exact exchange:             0.710000000
 Fraction of exact exchange:             0.710000000
 Fraction of exact exchange:             0.710000000
 Fraction of exact exchange:             0.710000000
 Fraction of exact exchange:             0.710000000
 Fraction of exact exchange:             0.710000000
 Fraction of exact exchange:             0.710000000
 Fraction of exact exchange:             0.710000000
 Fraction of exact exchange:             0.710000000
 Fraction of exact exchange:             0.710000000
 Fraction of exact exchange:             0.710000000
 Fraction of exact exchange:             0.710000000
 Fraction of exact exchange:             0.710000000
 Fraction of exact exchange:             0.710000000
 Fraction of exact exchange:             0.710000000
 Fraction of exact exchange:             0.710000000
 Fraction of exact exchange:             0.710000000
 Fraction of exact exchange:             0.710000000
 Fraction of exact exchange:             0.710000000
 Fraction of exact exchange:             0.710000000
 Fraction of exact exchange:             0.710000000
 Fraction of exact exchange:             0.710000000
 Fraction of exact exchange:             0.710000000
 Fraction of exact exchange:             0.710000000
 Fraction of exact exchange:             0.710000000
 Fraction of exact exchange:             0.710000000
 Fraction of exact exchange:             0.710000000
 Fraction of exact exchange:             0.710000000
 Fraction of exact exchange:             0.710000000
 Fraction of exact exchange:             0.710000000
 Fraction of exact exchange:             0.710000000
 Fraction of exact exchange:             0.710000000
 Fraction of exact exchange:             0.710000000
 Fraction of exact exchange:             0.710000000
 Fraction of exact exchange:             0.710000000
 Fraction of exact exchange:             0.710000000
 Fraction of exact exchange:             0.710000000

 Frequencies (including translational and rotational modes):
 mode    frequency (cm-1)
    0                0.42
    1                0.65
    2                1.61
    3               23.15
    4               27.85
    5               58.02
    6              680.99
    7             1136.60
    8             1250.33

 Project out translational and rotational motions 

 Degrees of freedom for translational and rotational motions: 6

 Vibrational frequencies:
 mode    frequency (cm-1)
    0              680.99
    1             1136.60
    2             1250.33

 --------------------------------------------------------------------------------

 End time:                               Tue Apr 20 11:11:02 2021
 Total wall-clock time:                121.103 seconds
==================================================================================
