
================================================================================
          _____________ ________ _______________ ________     _________         
         / ___________// ______ \\_____   _____// ______ \   / ________)        
        / /_________  / /      \ \     | |     / /      \ \ | (_______          
       |  __________|| |        | |    | |    | |        | | \________ \        
        \ \_________ | |        | |    | |     \ \______/ /___________) |       
         \__________||_|        |_|    |_|      \________//____________/        
                                                                                
====================================[ Qcore ]===================================

 Git hash:   15a3e7daff0cda5fa9af010ccd19a80288182ecf
 Git date:   Fri, 16 Apr 2021 15:57:16 +0100
 Compiler:   GNU 9.1.0
 Build type: Release
 Version:    1.1.0

 Start time: Tue Apr 20 11:37:50 2021

 Data directory: /work/zw18965/.local/qcore/share/entos/1.1.0/data
 Number of threads: 24
 Number of threads was determined by: command line argument
  - More threads can be used by running 'qcore -n 32'

 --------------------------------------------------------------------------------
                                command: optimize                                
 --------------------------------------------------------------------------------
 Using coordinate system:                tric
 Hessian update scheme:                  bfgs

 ------------------------------------------------------------------------------------------------------------
                   energy      change    grad rms    grad max    step rms    step max       trust    time (s)
 ------------------------------------------------------------------------------------------------------------
   1       -76.404353165                2.24e-03    3.74e-03                            2.00e-01        2.90
   2       -76.404448282   -9.51e-05    1.41e-03    2.35e-03    1.11e-02    1.76e-02    2.00e-01        2.47
   3       -76.404487799   -3.95e-05    5.56e-04    8.78e-04    1.19e-02    2.10e-02    2.00e-01        2.49
   4       -76.404489181   -1.38e-06    1.75e-04    2.58e-04    8.89e-04    1.70e-03    2.00e-01        2.48
   5       -76.404489329   -1.48e-07    1.88e-06    3.39e-06    3.26e-04    5.24e-04    2.00e-01        2.52
 Geometry optimization stopped:          thresholds achieved

 Final energy:                         -76.404489329

 -----------
  Final XYZ 
 -----------
3
Final structure: -76.4045 hartree
O            0.006333520          0.004649676         -0.003330720
H            0.275190001          0.886811762          0.252825456
H            0.602686498         -0.236713952         -0.711999962

 Structure in entos input format:

  structure(
    xyz = [
      ['O'  ,          0.006333520,          0.004649676,         -0.003330720],
      ['H'  ,          0.275190001,          0.886811762,          0.252825456],
      ['H'  ,          0.602686498,         -0.236713952,         -0.711999962]
    ]
  )

 --------------------------------
  Geometry optimization finished 
 --------------------------------
 Saving results in set 'opt'

 --------------------------------------------------------------------------------
                                 command: hessian                                
 --------------------------------------------------------------------------------

WARNING: numerical method is specified for dft hessian, which is not efficient. Try switching to 'method = analytic'


 -------------------------------
  Numerical Geometrical Hessian 
 -------------------------------

 Compute hessian using two-point central differentiation.
 Step size (bohr):                       0.0100

 Frequencies (including translational and rotational modes):
 mode    frequency (cm-1)
    0               40.19 i (imaginary)
    1               24.15 i (imaginary)
    2               21.20 i (imaginary)
    3                1.93 i (imaginary)
    4                1.35
    5                1.80
    6             1645.51
    7             3854.60
    8             3968.90

 Project out translational and rotational motions 

 Degrees of freedom for translational and rotational motions: 6

 Vibrational frequencies:
 mode    frequency (cm-1)
    0             1645.51
    1             3854.60
    2             3968.90

 --------------------------------------------------------------------------------

 End time:                               Tue Apr 20 11:38:55 2021
 Total wall-clock time:                 64.735 seconds
==================================================================================
