
================================================================================
          _____________ ________ _______________ ________     _________         
         / ___________// ______ \\_____   _____// ______ \   / ________)        
        / /_________  / /      \ \     | |     / /      \ \ | (_______          
       |  __________|| |        | |    | |    | |        | | \________ \        
        \ \_________ | |        | |    | |     \ \______/ /___________) |       
         \__________||_|        |_|    |_|      \________//____________/        
                                                                                
====================================[ Qcore ]===================================

 Git hash:   15a3e7daff0cda5fa9af010ccd19a80288182ecf
 Git date:   Fri, 16 Apr 2021 15:57:16 +0100
 Compiler:   GNU 9.1.0
 Build type: Release
 Version:    1.1.0

 Start time: Tue Apr 20 11:38:58 2021

 Data directory: /work/zw18965/.local/qcore/share/entos/1.1.0/data
 Number of threads: 24
 Number of threads was determined by: command line argument

 --------------------------------------------------------------------------------
                                command: optimize                                
 --------------------------------------------------------------------------------
 Using coordinate system:                tric
 Hessian update scheme:                  bfgs

 ------------------------------------------------------------------------------------------------------------
                   energy      change    grad rms    grad max    step rms    step max       trust    time (s)
 ------------------------------------------------------------------------------------------------------------
   1       -93.371220623                1.03e-02    2.24e-02                            2.00e-01        4.45
   2       -93.371402195   -1.82e-04    1.17e-04    2.92e-04    7.43e-03    1.69e-02    2.00e-01        3.77
   3       -93.371402253   -5.88e-08    1.52e-05    2.93e-05    1.79e-04    3.68e-04    2.00e-01        3.74
 Geometry optimization stopped:          thresholds achieved

 Final energy:                         -93.371402253

 -----------
  Final XYZ 
 -----------
3
Final structure: -93.3714 hartree
C           -0.029899135         -0.000000110         -0.000000572
N            1.123188698         -0.000585146          0.000000104
H           -1.092820460          0.000618176          0.000000222

 Structure in entos input format:

  structure(
    xyz = [
      ['C'  ,         -0.029899135,         -0.000000110,         -0.000000572],
      ['N'  ,          1.123188698,         -0.000585146,          0.000000104],
      ['H'  ,         -1.092820460,          0.000618176,          0.000000222]
    ]
  )

 --------------------------------
  Geometry optimization finished 
 --------------------------------
 Saving results in set 'opt'

 --------------------------------------------------------------------------------
                                 command: hessian                                
 --------------------------------------------------------------------------------

WARNING: numerical method is specified for dft hessian, which is not efficient. Try switching to 'method = analytic'


 -------------------------------
  Numerical Geometrical Hessian 
 -------------------------------

 Compute hessian using two-point central differentiation.
 Step size (bohr):                       0.0100

 Frequencies (including translational and rotational modes):
 mode    frequency (cm-1)
    0                8.49 i (imaginary)
    1                3.32 i (imaginary)
    2                1.37
    3                4.47
    4                7.26
    5              746.51
    6              746.57
    7             2123.57
    8             3476.21

 Project out translational and rotational motions 

 Degrees of freedom for translational and rotational motions: 6

 Vibrational frequencies:
 mode    frequency (cm-1)
    0              746.51
    1             2123.57
    2             3476.21

 --------------------------------------------------------------------------------

 End time:                               Tue Apr 20 11:40:33 2021
 Total wall-clock time:                 94.928 seconds
==================================================================================
