
================================================================================
          _____________ ________ _______________ ________     _________         
         / ___________// ______ \\_____   _____// ______ \   / ________)        
        / /_________  / /      \ \     | |     / /      \ \ | (_______          
       |  __________|| |        | |    | |    | |        | | \________ \        
        \ \_________ | |        | |    | |     \ \______/ /___________) |       
         \__________||_|        |_|    |_|      \________//____________/        
                                                                                
====================================[ Qcore ]===================================

 Git hash:   15a3e7daff0cda5fa9af010ccd19a80288182ecf
 Git date:   Fri, 16 Apr 2021 15:57:16 +0100
 Compiler:   GNU 9.1.0
 Build type: Release
 Version:    1.1.0

 Start time: Tue May 11 09:58:02 2021

 Data directory: /work/zw18965/.local/qcore/share/entos/1.1.0/data
 Number of threads: 24
 Number of threads was determined by: command line argument

 --------------------------------------------------------------------------------
                                 command: hessian                                
 --------------------------------------------------------------------------------

WARNING: semianalytic method is specified for dft hessian, which is not efficient. Try switching to 'method = analytic'


 -------------------------------
  Numerical Geometrical Hessian 
 -------------------------------

 Compute hessian using two-point central differentiation.
 Step size (bohr):                       0.0010

 Frequencies (including translational and rotational modes):
 mode    frequency (cm-1)
    0               18.00 i (imaginary)
    1                0.28 i (imaginary)
    2                0.13 i (imaginary)
    3                0.28
    4               16.78
    5               26.84
    6              845.92
    7             1001.37
    8             1008.21
    9             1083.15
   10             1268.32
   11             1405.67
   12             1505.19
   13             1728.61
   14             3190.52
   15             3206.75
   16             3265.71
   17             3292.32

 Project out translational and rotational motions 

 Degrees of freedom for translational and rotational motions: 6

 Vibrational frequencies:
 mode    frequency (cm-1)
    0              845.92
    1             1001.37
    2             1008.21
    3             1083.15
    4             1268.32
    5             1405.67
    6             1505.19
    7             1728.61
    8             3190.52
    9             3206.75
   10             3265.71
   11             3292.32

 --------------------------------------------------------------------------------

 End time:                               Tue May 11 10:01:54 2021
 Total wall-clock time:                232.230 seconds
==================================================================================
