
================================================================================
          _____________ ________ _______________ ________     _________         
         / ___________// ______ \\_____   _____// ______ \   / ________)        
        / /_________  / /      \ \     | |     / /      \ \ | (_______          
       |  __________|| |        | |    | |    | |        | | \________ \        
        \ \_________ | |        | |    | |     \ \______/ /___________) |       
         \__________||_|        |_|    |_|      \________//____________/        
                                                                                
====================================[ Qcore ]===================================

 Git hash:   15a3e7daff0cda5fa9af010ccd19a80288182ecf
 Git date:   Fri, 16 Apr 2021 15:57:16 +0100
 Compiler:   GNU 9.1.0
 Build type: Release
 Version:    1.1.0

 Start time: Tue May 11 09:58:02 2021

 Data directory: /work/zw18965/.local/qcore/share/entos/1.1.0/data
 Number of threads: 24
 Number of threads was determined by: command line argument

 --------------------------------------------------------------------------------
                                 command: hessian                                
 --------------------------------------------------------------------------------

WARNING: semianalytic method is specified for dft hessian, which is not efficient. Try switching to 'method = analytic'


 -------------------------------
  Numerical Geometrical Hessian 
 -------------------------------

 Compute hessian using two-point central differentiation.
 Step size (bohr):                       0.0010

 Frequencies (including translational and rotational modes):
 mode    frequency (cm-1)
    0               25.10 i (imaginary)
    1                0.83 i (imaginary)
    2                0.05 i (imaginary)
    3                0.32
    4                8.19
    5               13.62
    6             1367.54
    7             1367.60
    8             1367.71
    9             1590.20
   10             1590.34
   11             3085.49
   12             3194.64
   13             3194.67
   14             3194.76

 Project out translational and rotational motions 

 Degrees of freedom for translational and rotational motions: 6

 Vibrational frequencies:
 mode    frequency (cm-1)
    0             1367.54
    1             1367.60
    2             1367.71
    3             1590.20
    4             1590.34
    5             3085.49
    6             3194.64
    7             3194.67
    8             3194.76

 --------------------------------------------------------------------------------

 End time:                               Tue May 11 09:59:23 2021
 Total wall-clock time:                 80.728 seconds
==================================================================================
