
================================================================================
          _____________ ________ _______________ ________     _________         
         / ___________// ______ \\_____   _____// ______ \   / ________)        
        / /_________  / /      \ \     | |     / /      \ \ | (_______          
       |  __________|| |        | |    | |    | |        | | \________ \        
        \ \_________ | |        | |    | |     \ \______/ /___________) |       
         \__________||_|        |_|    |_|      \________//____________/        
                                                                                
====================================[ Qcore ]===================================

 Git hash:   15a3e7daff0cda5fa9af010ccd19a80288182ecf
 Git date:   Fri, 16 Apr 2021 15:57:16 +0100
 Compiler:   GNU 9.1.0
 Build type: Release
 Version:    1.1.0

 Start time: Fri Apr 16 16:34:26 2021

 Data directory: /work/zw18965/.local/qcore/share/entos/1.1.0/data
 Number of threads: 24
 Number of threads was determined by: command line argument
  - More threads can be used by running 'qcore -n 32'

 --------------------------------------------------------------------------------
                                command: optimize                                
 --------------------------------------------------------------------------------
 Using coordinate system:                tric
 Hessian update scheme:                  bfgs

 ------------------------------------------------------------------------------------------------------------
                   energy      change    grad rms    grad max    step rms    step max       trust    time (s)
 ------------------------------------------------------------------------------------------------------------
   1      -199.538252407                7.50e-03    1.30e-02                            2.00e-01        0.63
Rejecting step due to low quality: Quality: -5.69937 New trust radius: 0.1
   2      -199.520035870    1.82e-02    7.50e-03    1.30e-02    2.00e-01    2.00e-01    1.00e-01        0.40
Rejecting step due to low quality: Quality: -2.14263 New trust radius: 0.05
   3      -199.533756919    4.50e-03    7.50e-03    1.30e-02    1.00e-01    1.00e-01    5.00e-02        0.39
   4      -199.537592521    6.60e-04    1.40e-02    2.42e-02    5.00e-02    5.00e-02    2.50e-02        0.43
   5      -199.538386555   -7.94e-04    4.10e-03    7.09e-03    2.50e-02    2.50e-02    3.54e-02        0.38
   6      -199.538452202   -6.56e-05    4.88e-04    8.46e-04    1.04e-02    1.04e-02    3.54e-02        0.38
   7      -199.538453106   -9.05e-07    1.45e-05    2.51e-05    1.10e-03    1.10e-03    3.54e-02        0.37
 Geometry optimization stopped:          thresholds achieved

 Final energy:                        -199.538453106

 -----------
  Final XYZ 
 -----------
2
Final structure: -199.538 hartree
F           -0.000000015         -0.000000011         -0.698092678
F            0.000000015          0.000000011          0.698092678

 Structure in entos input format:

  structure(
    xyz = [
      ['F'  ,         -0.000000015,         -0.000000011,         -0.698092678],
      ['F'  ,          0.000000015,          0.000000011,          0.698092678]
    ]
  )

 --------------------------------
  Geometry optimization finished 
 --------------------------------
 Saving results in set 'opt'

 --------------------------------------------------------------------------------
                                 command: hessian                                
 --------------------------------------------------------------------------------

 -------------------------------
  Numerical Geometrical Hessian 
 -------------------------------

 Compute hessian using two-point central differentiation.
 Step size (bohr):                       0.0100

 Frequencies (including translational and rotational modes):
 mode    frequency (cm-1)
    0               12.93 i (imaginary)
    1               12.91 i (imaginary)
    2                0.00 i (imaginary)
    3                0.02
    4                0.04
    5             1045.80

 Project out translational and rotational motions 

 The molecule is linear

 Degrees of freedom for translational and rotational motions: 5

 Vibrational frequencies:
 mode    frequency (cm-1)
    0             1045.80

 --------------------------------------------------------------------------------

 End time:                               Fri Apr 16 16:34:34 2021
 Total wall-clock time:                  8.242 seconds
==================================================================================
