
================================================================================
          _____________ ________ _______________ ________     _________         
         / ___________// ______ \\_____   _____// ______ \   / ________)        
        / /_________  / /      \ \     | |     / /      \ \ | (_______          
       |  __________|| |        | |    | |    | |        | | \________ \        
        \ \_________ | |        | |    | |     \ \______/ /___________) |       
         \__________||_|        |_|    |_|      \________//____________/        
                                                                                
====================================[ Qcore ]===================================

 Git hash:   15a3e7daff0cda5fa9af010ccd19a80288182ecf
 Git date:   Fri, 16 Apr 2021 15:57:16 +0100
 Compiler:   GNU 9.1.0
 Build type: Release
 Version:    1.1.0

 Start time: Fri Apr 16 16:35:04 2021

 Data directory: /work/zw18965/.local/qcore/share/entos/1.1.0/data
 Number of threads: 24
 Number of threads was determined by: command line argument
  - More threads can be used by running 'qcore -n 32'

 --------------------------------------------------------------------------------
                                command: optimize                                
 --------------------------------------------------------------------------------
 Using coordinate system:                tric
 Hessian update scheme:                  bfgs

 ------------------------------------------------------------------------------------------------------------
                   energy      change    grad rms    grad max    step rms    step max       trust    time (s)
 ------------------------------------------------------------------------------------------------------------
   1      -437.435782920                2.15e-03    5.82e-03                            2.00e-01        1.87
   2      -437.435908961   -1.26e-04    8.74e-04    2.09e-03    1.35e-02    2.05e-02    2.00e-01        1.18
   3      -437.435938433   -2.95e-05    2.70e-04    7.66e-04    1.03e-02    1.62e-02    2.00e-01        1.13
   4      -437.435938791   -3.58e-07    1.48e-04    4.10e-04    3.38e-04    7.25e-04    2.00e-01        1.03
   5      -437.435938936   -1.44e-07    7.44e-06    1.37e-05    3.18e-04    7.04e-04    2.00e-01        1.04
 Geometry optimization stopped:          thresholds achieved

 Final energy:                        -437.435938936

 -----------
  Final XYZ 
 -----------
4
Final structure: -437.436 hartree
C           -0.111500178          0.008808349          0.001212223
S            1.488976928         -0.117983684         -0.015696136
H           -0.662023309          0.272981158          0.900772516
H           -0.715457580         -0.163868117         -0.886209201

 Structure in entos input format:

  structure(
    xyz = [
      ['C'  ,         -0.111500178,          0.008808349,          0.001212223],
      ['S'  ,          1.488976928,         -0.117983684,         -0.015696136],
      ['H'  ,         -0.662023309,          0.272981158,          0.900772516],
      ['H'  ,         -0.715457580,         -0.163868117,         -0.886209201]
    ]
  )

 --------------------------------
  Geometry optimization finished 
 --------------------------------
 Saving results in set 'opt'

 --------------------------------------------------------------------------------
                                 command: hessian                                
 --------------------------------------------------------------------------------

 -------------------------------
  Numerical Geometrical Hessian 
 -------------------------------

 Compute hessian using two-point central differentiation.
 Step size (bohr):                       0.0100

 Frequencies (including translational and rotational modes):
 mode    frequency (cm-1)
    0               25.00 i (imaginary)
    1               16.40 i (imaginary)
    2                0.33 i (imaginary)
    3                0.00 i (imaginary)
    4                0.39
    5               10.99
    6             1005.25
    7             1030.17
    8             1089.44
    9             1495.26
   10             3057.46
   11             3137.07

 Project out translational and rotational motions 

 Degrees of freedom for translational and rotational motions: 6

 Vibrational frequencies:
 mode    frequency (cm-1)
    0             1005.25
    1             1030.17
    2             1089.44
    3             1495.26
    4             3057.46
    5             3137.07

 --------------------------------------------------------------------------------

 End time:                               Fri Apr 16 16:35:40 2021
 Total wall-clock time:                 35.276 seconds
==================================================================================
