
================================================================================
          _____________ ________ _______________ ________     _________         
         / ___________// ______ \\_____   _____// ______ \   / ________)        
        / /_________  / /      \ \     | |     / /      \ \ | (_______          
       |  __________|| |        | |    | |    | |        | | \________ \        
        \ \_________ | |        | |    | |     \ \______/ /___________) |       
         \__________||_|        |_|    |_|      \________//____________/        
                                                                                
====================================[ Qcore ]===================================

 Git hash:   15a3e7daff0cda5fa9af010ccd19a80288182ecf
 Git date:   Fri, 16 Apr 2021 15:57:16 +0100
 Compiler:   GNU 9.1.0
 Build type: Release
 Version:    1.1.0

 Start time: Fri Apr 16 16:35:51 2021

 Data directory: /work/zw18965/.local/qcore/share/entos/1.1.0/data
 Number of threads: 24
 Number of threads was determined by: command line argument
  - More threads can be used by running 'qcore -n 32'

 --------------------------------------------------------------------------------
                                command: optimize                                
 --------------------------------------------------------------------------------
 Using coordinate system:                tric
 Hessian update scheme:                  bfgs

 ------------------------------------------------------------------------------------------------------------
                   energy      change    grad rms    grad max    step rms    step max       trust    time (s)
 ------------------------------------------------------------------------------------------------------------
   1      -399.370337429                7.21e-03    1.55e-02                            2.00e-01        0.96
   2      -399.370676886   -3.39e-04    2.92e-03    6.21e-03    1.30e-02    2.22e-02    2.00e-01        0.59
   3      -399.370746817   -6.99e-05    1.45e-04    3.08e-04    9.20e-03    1.53e-02    2.00e-01        0.62
   4      -399.370746995   -1.78e-07    3.16e-06    6.63e-06    4.89e-04    8.01e-04    2.00e-01        0.53
 Geometry optimization stopped:          thresholds achieved

 Final energy:                        -399.370746995

 -----------
  Final XYZ 
 -----------
3
Final structure: -399.371 hartree
S           -0.001424572          0.618271558          0.000000058
H            0.969745212         -0.306902875          0.000000010
H           -0.968320639         -0.311368678         -0.000000068

 Structure in entos input format:

  structure(
    xyz = [
      ['S'  ,         -0.001424572,          0.618271558,          0.000000058],
      ['H'  ,          0.969745212,         -0.306902875,          0.000000010],
      ['H'  ,         -0.968320639,         -0.311368678,         -0.000000068]
    ]
  )

 --------------------------------
  Geometry optimization finished 
 --------------------------------
 Saving results in set 'opt'

 --------------------------------------------------------------------------------
                                 command: hessian                                
 --------------------------------------------------------------------------------

 -------------------------------
  Numerical Geometrical Hessian 
 -------------------------------

 Compute hessian using two-point central differentiation.
 Step size (bohr):                       0.0100

 Frequencies (including translational and rotational modes):
 mode    frequency (cm-1)
    0                0.16 i (imaginary)
    1                0.05 i (imaginary)
    2                0.01 i (imaginary)
    3               40.03
    4               69.65
    5               72.53
    6             1212.34
    7             2685.08
    8             2697.77

 Project out translational and rotational motions 

 Degrees of freedom for translational and rotational motions: 6

 Vibrational frequencies:
 mode    frequency (cm-1)
    0             1212.34
    1             2685.08
    2             2697.77

 --------------------------------------------------------------------------------

 End time:                               Fri Apr 16 16:36:05 2021
 Total wall-clock time:                 13.890 seconds
==================================================================================
