
================================================================================
          _____________ ________ _______________ ________     _________         
         / ___________// ______ \\_____   _____// ______ \   / ________)        
        / /_________  / /      \ \     | |     / /      \ \ | (_______          
       |  __________|| |        | |    | |    | |        | | \________ \        
        \ \_________ | |        | |    | |     \ \______/ /___________) |       
         \__________||_|        |_|    |_|      \________//____________/        
                                                                                
====================================[ Qcore ]===================================

 Git hash:   15a3e7daff0cda5fa9af010ccd19a80288182ecf
 Git date:   Fri, 16 Apr 2021 15:57:16 +0100
 Compiler:   GNU 9.1.0
 Build type: Release
 Version:    1.1.0

 Start time: Thu Apr 22 11:07:28 2021

 Data directory: /work/zw18965/.local/qcore/share/entos/1.1.0/data
 Number of threads: 12
 Number of threads was determined by: command line argument
  - More threads can be used by running 'qcore -n 24'

 --------------------------------------------------------------------------------
                                command: optimize                                
 --------------------------------------------------------------------------------
 Using coordinate system:                tric
 Hessian update scheme:                  bfgs

 ------------------------------------------------------------------------------------------------------------
                   energy      change    grad rms    grad max    step rms    step max       trust    time (s)
 ------------------------------------------------------------------------------------------------------------
   1      -796.329625436                1.35e-03    2.34e-03                            2.00e-01        1.57
   2      -796.329634072   -8.64e-06    1.02e-04    1.77e-04    3.45e-03    6.90e-03    2.00e-01        1.05
   3      -796.329634123   -5.06e-08    6.30e-07    1.09e-06    2.84e-04    5.67e-04    2.00e-01        1.00
 Geometry optimization stopped:          thresholds achieved

 Final energy:                        -796.329634123

 -----------
  Final XYZ 
 -----------
2
Final structure: -796.33 hartree
S           -0.000000476         -0.000000479         -0.001976839
S            0.000000476          0.000000479          1.898861429

 Structure in entos input format:

  structure(
    xyz = [
      ['S'  ,         -0.000000476,         -0.000000479,         -0.001976839],
      ['S'  ,          0.000000476,          0.000000479,          1.898861429]
    ]
  )

 --------------------------------
  Geometry optimization finished 
 --------------------------------
 Saving results in set 'opt'

 --------------------------------------------------------------------------------
                                 command: hessian                                
 --------------------------------------------------------------------------------

WARNING: semianalytic method is specified for dft hessian, which is not efficient. Try switching to 'method = analytic'


 -------------------------------
  Numerical Geometrical Hessian 
 -------------------------------

 Compute hessian using two-point central differentiation.
 Step size (bohr):                       0.0100

 Frequencies (including translational and rotational modes):
 mode    frequency (cm-1)
    0                0.02 i (imaginary)
    1                0.01 i (imaginary)
    2                0.01
    3               10.84
    4               10.88
    5              714.56

 Project out translational and rotational motions 

 The molecule is linear

 Degrees of freedom for translational and rotational motions: 5

 Vibrational frequencies:
 mode    frequency (cm-1)
    0              714.56

 --------------------------------------------------------------------------------

 End time:                               Thu Apr 22 11:07:47 2021
 Total wall-clock time:                 19.351 seconds
==================================================================================
