
================================================================================
          _____________ ________ _______________ ________     _________         
         / ___________// ______ \\_____   _____// ______ \   / ________)        
        / /_________  / /      \ \     | |     / /      \ \ | (_______          
       |  __________|| |        | |    | |    | |        | | \________ \        
        \ \_________ | |        | |    | |     \ \______/ /___________) |       
         \__________||_|        |_|    |_|      \________//____________/        
                                                                                
====================================[ Qcore ]===================================

 Git hash:   15a3e7daff0cda5fa9af010ccd19a80288182ecf
 Git date:   Fri, 16 Apr 2021 15:57:16 +0100
 Compiler:   GNU 9.1.0
 Build type: Release
 Version:    1.1.0

 Start time: Thu Apr 22 11:07:28 2021

 Data directory: /work/zw18965/.local/qcore/share/entos/1.1.0/data
 Number of threads: 12
 Number of threads was determined by: command line argument
  - More threads can be used by running 'qcore -n 24'

 --------------------------------------------------------------------------------
                                command: optimize                                
 --------------------------------------------------------------------------------
 Using coordinate system:                tric
 Hessian update scheme:                  bfgs

 ------------------------------------------------------------------------------------------------------------
                   energy      change    grad rms    grad max    step rms    step max       trust    time (s)
 ------------------------------------------------------------------------------------------------------------
   1      -473.353525864                1.10e-04    1.90e-04                            2.00e-01        1.67
   2      -473.353525880   -1.63e-08    6.37e-05    1.10e-04    7.40e-05    1.48e-04    2.00e-01        0.91
 Geometry optimization stopped:          thresholds achieved

 Final energy:                        -473.353525880

 -----------
  Final XYZ 
 -----------
2
Final structure: -473.354 hartree
S            0.000000142          0.000000142         -0.000039165
O           -0.000000142         -0.000000142          1.486253715

 Structure in entos input format:

  structure(
    xyz = [
      ['S'  ,          0.000000142,          0.000000142,         -0.000039165],
      ['O'  ,         -0.000000142,         -0.000000142,          1.486253715]
    ]
  )

 --------------------------------
  Geometry optimization finished 
 --------------------------------
 Saving results in set 'opt'

 --------------------------------------------------------------------------------
                                 command: hessian                                
 --------------------------------------------------------------------------------

WARNING: semianalytic method is specified for dft hessian, which is not efficient. Try switching to 'method = analytic'


 -------------------------------
  Numerical Geometrical Hessian 
 -------------------------------

 Compute hessian using two-point central differentiation.
 Step size (bohr):                       0.0100

 Frequencies (including translational and rotational modes):
 mode    frequency (cm-1)
    0                0.02 i (imaginary)
    1                0.00 i (imaginary)
    2                0.01
    3               21.30
    4               21.32
    5             1153.17

 Project out translational and rotational motions 

 The molecule is linear

 Degrees of freedom for translational and rotational motions: 5

 Vibrational frequencies:
 mode    frequency (cm-1)
    0             1153.17

 --------------------------------------------------------------------------------

 End time:                               Thu Apr 22 11:07:43 2021
 Total wall-clock time:                 15.609 seconds
==================================================================================
