
================================================================================
          _____________ ________ _______________ ________     _________         
         / ___________// ______ \\_____   _____// ______ \   / ________)        
        / /_________  / /      \ \     | |     / /      \ \ | (_______          
       |  __________|| |        | |    | |    | |        | | \________ \        
        \ \_________ | |        | |    | |     \ \______/ /___________) |       
         \__________||_|        |_|    |_|      \________//____________/        
                                                                                
====================================[ Qcore ]===================================

 Git hash:   15a3e7daff0cda5fa9af010ccd19a80288182ecf
 Git date:   Fri, 16 Apr 2021 15:57:16 +0100
 Compiler:   GNU 9.1.0
 Build type: Release
 Version:    1.1.0

 Start time: Fri Apr 23 10:10:15 2021

 Data directory: /work/zw18965/.local/qcore/share/entos/1.1.0/data
 Number of threads: 24
 Number of threads was determined by: command line argument
  - More threads can be used by running 'qcore -n 32'

 --------------------------------------------------------------------------------
                                command: optimize                                
 --------------------------------------------------------------------------------
 Using coordinate system:                tric
 Hessian update scheme:                  bfgs

 ------------------------------------------------------------------------------------------------------------
                   energy      change    grad rms    grad max    step rms    step max       trust    time (s)
 ------------------------------------------------------------------------------------------------------------
   1      -237.628050682                2.40e-03    3.87e-03                            2.00e-01        3.51
   2      -237.628132040   -8.14e-05    3.79e-04    7.53e-04    1.46e-02    1.81e-02    2.00e-01        3.08
   3      -237.628133236   -1.20e-06    1.33e-04    2.85e-04    1.37e-03    1.36e-03    2.00e-01        3.05
   4      -237.628133291   -5.52e-08    4.45e-05    1.04e-04    1.79e-04    2.89e-04    2.00e-01        3.03
 Geometry optimization stopped:          thresholds achieved

 Final energy:                        -237.628133291

 -----------
  Final XYZ 
 -----------
3
Final structure: -237.628 hartree
C           -0.000000104          0.139785716         -0.000005954
F            0.000000703          0.929966925         -1.027633932
F           -0.000000267          0.929953126          1.027632340

 Structure in entos input format:

  structure(
    xyz = [
      ['C'  ,         -0.000000104,          0.139785716,         -0.000005954],
      ['F'  ,          0.000000703,          0.929966925,         -1.027633932],
      ['F'  ,         -0.000000267,          0.929953126,          1.027632340]
    ]
  )

 --------------------------------
  Geometry optimization finished 
 --------------------------------
 Saving results in set 'opt'

 --------------------------------------------------------------------------------
                                 command: hessian                                
 --------------------------------------------------------------------------------

WARNING: numerical method is specified for dft hessian, which is not efficient. Try switching to 'method = analytic'


 -------------------------------
  Numerical Geometrical Hessian 
 -------------------------------

 Compute hessian using two-point central differentiation.
 Step size (bohr):                       0.0100

 Frequencies (including translational and rotational modes):
 mode    frequency (cm-1)
    0                4.52 i (imaginary)
    1                0.92
    2                1.57
    3               23.08
    4               29.68
    5               58.65
    6              682.15
    7             1143.49
    8             1256.63

 Project out translational and rotational motions 

 Degrees of freedom for translational and rotational motions: 6

 Vibrational frequencies:
 mode    frequency (cm-1)
    0              682.15
    1             1143.49
    2             1256.63

 --------------------------------------------------------------------------------

 End time:                               Fri Apr 23 10:11:33 2021
 Total wall-clock time:                 77.692 seconds
==================================================================================
