
================================================================================
          _____________ ________ _______________ ________     _________         
         / ___________// ______ \\_____   _____// ______ \   / ________)        
        / /_________  / /      \ \     | |     / /      \ \ | (_______          
       |  __________|| |        | |    | |    | |        | | \________ \        
        \ \_________ | |        | |    | |     \ \______/ /___________) |       
         \__________||_|        |_|    |_|      \________//____________/        
                                                                                
====================================[ Qcore ]===================================

 Git hash:   15a3e7daff0cda5fa9af010ccd19a80288182ecf
 Git date:   Fri, 16 Apr 2021 15:57:16 +0100
 Compiler:   GNU 9.1.0
 Build type: Release
 Version:    1.1.0

 Start time: Fri Apr 23 10:09:34 2021

 Data directory: /work/zw18965/.local/qcore/share/entos/1.1.0/data
 Number of threads: 24
 Number of threads was determined by: command line argument
  - More threads can be used by running 'qcore -n 32'

 --------------------------------------------------------------------------------
                                command: optimize                                
 --------------------------------------------------------------------------------
 Using coordinate system:                tric
 Hessian update scheme:                  bfgs

 ------------------------------------------------------------------------------------------------------------
                   energy      change    grad rms    grad max    step rms    step max       trust    time (s)
 ------------------------------------------------------------------------------------------------------------
   1       -40.478204814                6.45e-04    1.04e-03                            2.00e-01        5.35
   2       -40.478212986   -8.17e-06    1.71e-04    2.77e-04    2.30e-03    2.57e-03    2.00e-01        4.93
   3       -40.478213612   -6.26e-07    1.02e-06    2.02e-06    8.30e-04    9.29e-04    2.00e-01        4.94
 Geometry optimization stopped:          thresholds achieved

 Final energy:                         -40.478213612

 -----------
  Final XYZ 
 -----------
5
Final structure: -40.4782 hartree
C           -0.000019195          0.000026966         -0.000000485
H            0.549984805          0.793718747          0.492799548
H            0.678296577         -0.807336225         -0.251720351
H           -0.772407253         -0.370765958          0.664255760
H           -0.455941228          0.384479042         -0.905339249

 Structure in entos input format:

  structure(
    xyz = [
      ['C'  ,         -0.000019195,          0.000026966,         -0.000000485],
      ['H'  ,          0.549984805,          0.793718747,          0.492799548],
      ['H'  ,          0.678296577,         -0.807336225,         -0.251720351],
      ['H'  ,         -0.772407253,         -0.370765958,          0.664255760],
      ['H'  ,         -0.455941228,          0.384479042,         -0.905339249]
    ]
  )

 --------------------------------
  Geometry optimization finished 
 --------------------------------
 Saving results in set 'opt'

 --------------------------------------------------------------------------------
                                 command: hessian                                
 --------------------------------------------------------------------------------

WARNING: numerical method is specified for dft hessian, which is not efficient. Try switching to 'method = analytic'


 -------------------------------
  Numerical Geometrical Hessian 
 -------------------------------

 Compute hessian using two-point central differentiation.
 Step size (bohr):                       0.0100

 Frequencies (including translational and rotational modes):
 mode    frequency (cm-1)
    0               26.69 i (imaginary)
    1               24.70 i (imaginary)
    2                3.13 i (imaginary)
    3                2.75
    4                3.05
    5                3.68
    6             1361.03
    7             1361.29
    8             1361.30
    9             1586.89
   10             1587.06
   11             3071.66
   12             3191.03
   13             3191.12
   14             3191.19

 Project out translational and rotational motions 

 Degrees of freedom for translational and rotational motions: 6

 Vibrational frequencies:
 mode    frequency (cm-1)
    0             1361.03
    1             1361.29
    2             1361.30
    3             1586.89
    4             1587.06
    5             3071.66
    6             3191.03
    7             3191.12
    8             3191.19

 --------------------------------------------------------------------------------

 End time:                               Fri Apr 23 10:12:42 2021
 Total wall-clock time:                187.840 seconds
==================================================================================
