
================================================================================
          _____________ ________ _______________ ________     _________         
         / ___________// ______ \\_____   _____// ______ \   / ________)        
        / /_________  / /      \ \     | |     / /      \ \ | (_______          
       |  __________|| |        | |    | |    | |        | | \________ \        
        \ \_________ | |        | |    | |     \ \______/ /___________) |       
         \__________||_|        |_|    |_|      \________//____________/        
                                                                                
====================================[ Qcore ]===================================

 Git hash:   15a3e7daff0cda5fa9af010ccd19a80288182ecf
 Git date:   Fri, 16 Apr 2021 15:57:16 +0100
 Compiler:   GNU 9.1.0
 Build type: Release
 Version:    1.1.0

 Start time: Fri Apr 23 10:11:50 2021

 Data directory: /work/zw18965/.local/qcore/share/entos/1.1.0/data
 Number of threads: 24
 Number of threads was determined by: command line argument
  - More threads can be used by running 'qcore -n 32'

 --------------------------------------------------------------------------------
                                command: optimize                                
 --------------------------------------------------------------------------------
 Using coordinate system:                tric
 Hessian update scheme:                  bfgs

 ------------------------------------------------------------------------------------------------------------
                   energy      change    grad rms    grad max    step rms    step max       trust    time (s)
 ------------------------------------------------------------------------------------------------------------
   1      -114.443567840                7.88e-03    2.27e-02                            2.00e-01        4.75
   2      -114.443862572   -2.95e-04    3.21e-03    9.47e-03    1.25e-02    2.54e-02    2.00e-01        4.26
   3      -114.443944630   -8.21e-05    9.89e-05    2.79e-04    1.22e-02    2.42e-02    2.00e-01        4.21
   4      -114.443944812   -1.82e-07    3.07e-05    8.47e-05    6.59e-04    1.12e-03    2.00e-01        4.13
 Geometry optimization stopped:          thresholds achieved

 Final energy:                        -114.443944812

 -----------
  Final XYZ 
 -----------
4
Final structure: -114.444 hartree
C           -0.010716781          0.001409444          0.001039462
O            1.178471853         -0.156437041         -0.074940561
H           -0.479834789          0.978525461         -0.183429824
H           -0.690713045         -0.823205978          0.258871830

 Structure in entos input format:

  structure(
    xyz = [
      ['C'  ,         -0.010716781,          0.001409444,          0.001039462],
      ['O'  ,          1.178471853,         -0.156437041,         -0.074940561],
      ['H'  ,         -0.479834789,          0.978525461,         -0.183429824],
      ['H'  ,         -0.690713045,         -0.823205978,          0.258871830]
    ]
  )

 --------------------------------
  Geometry optimization finished 
 --------------------------------
 Saving results in set 'opt'

 --------------------------------------------------------------------------------
                                 command: hessian                                
 --------------------------------------------------------------------------------

WARNING: numerical method is specified for dft hessian, which is not efficient. Try switching to 'method = analytic'


 -------------------------------
  Numerical Geometrical Hessian 
 -------------------------------

 Compute hessian using two-point central differentiation.
 Step size (bohr):                       0.0100

 Frequencies (including translational and rotational modes):
 mode    frequency (cm-1)
    0               16.84 i (imaginary)
    1                2.93 i (imaginary)
    2                1.42
    3                3.62
    4                5.12
    5               20.41
    6             1216.91
    7             1283.62
    8             1553.77
    9             1799.22
   10             2958.15
   11             3026.07

 Project out translational and rotational motions 

 Degrees of freedom for translational and rotational motions: 6

 Vibrational frequencies:
 mode    frequency (cm-1)
    0             1216.91
    1             1283.62
    2             1553.77
    3             1799.22
    4             2958.15
    5             3026.07

 --------------------------------------------------------------------------------

 End time:                               Fri Apr 23 10:14:10 2021
 Total wall-clock time:                139.682 seconds
==================================================================================
