
================================================================================
          _____________ ________ _______________ ________     _________         
         / ___________// ______ \\_____   _____// ______ \   / ________)        
        / /_________  / /      \ \     | |     / /      \ \ | (_______          
       |  __________|| |        | |    | |    | |        | | \________ \        
        \ \_________ | |        | |    | |     \ \______/ /___________) |       
         \__________||_|        |_|    |_|      \________//____________/        
                                                                                
====================================[ Qcore ]===================================

 Git hash:   15a3e7daff0cda5fa9af010ccd19a80288182ecf
 Git date:   Fri, 16 Apr 2021 15:57:16 +0100
 Compiler:   GNU 9.1.0
 Build type: Release
 Version:    1.1.0

 Start time: Fri Apr 23 10:11:27 2021

 Data directory: /work/zw18965/.local/qcore/share/entos/1.1.0/data
 Number of threads: 24
 Number of threads was determined by: command line argument
  - More threads can be used by running 'qcore -n 32'

 --------------------------------------------------------------------------------
                                command: optimize                                
 --------------------------------------------------------------------------------
 Using coordinate system:                tric
 Hessian update scheme:                  bfgs

 ------------------------------------------------------------------------------------------------------------
                   energy      change    grad rms    grad max    step rms    step max       trust    time (s)
 ------------------------------------------------------------------------------------------------------------
   1      -460.611416804                2.99e-03    5.19e-03                            2.00e-01        1.35
   2      -460.611448078   -3.13e-05    1.29e-03    2.23e-03    4.22e-03    8.44e-03    2.00e-01        1.06
   3      -460.611455346   -7.27e-06    2.70e-05    4.71e-05    3.19e-03    6.38e-03    2.00e-01        1.01
   4      -460.611455350   -3.31e-09    4.83e-07    1.06e-06    6.83e-05    1.37e-04    2.00e-01        1.03
 Geometry optimization stopped:          thresholds achieved

 Final energy:                        -460.611455350

 -----------
  Final XYZ 
 -----------
2
Final structure: -460.611 hartree
Cl           0.636508576         -0.000000393         -0.000000224
H           -0.636521109          0.000000454          0.000000233

 Structure in entos input format:

  structure(
    xyz = [
      ['Cl' ,          0.636508576,         -0.000000393,         -0.000000224],
      ['H'  ,         -0.636521109,          0.000000454,          0.000000233]
    ]
  )

 --------------------------------
  Geometry optimization finished 
 --------------------------------
 Saving results in set 'opt'

 --------------------------------------------------------------------------------
                                 command: hessian                                
 --------------------------------------------------------------------------------

WARNING: numerical method is specified for dft hessian, which is not efficient. Try switching to 'method = analytic'


 -------------------------------
  Numerical Geometrical Hessian 
 -------------------------------

 Compute hessian using two-point central differentiation.
 Step size (bohr):                       0.0100

 Frequencies (including translational and rotational modes):
 mode    frequency (cm-1)
    0                0.64 i (imaginary)
    1                0.19 i (imaginary)
    2                2.00
    3               10.33
    4               10.74
    5             3025.93

 Project out translational and rotational motions 

 The molecule is linear

 Degrees of freedom for translational and rotational motions: 5

 Vibrational frequencies:
 mode    frequency (cm-1)
    0             3025.93

 --------------------------------------------------------------------------------

 End time:                               Fri Apr 23 10:11:46 2021
 Total wall-clock time:                 18.894 seconds
==================================================================================
