
================================================================================
          _____________ ________ _______________ ________     _________         
         / ___________// ______ \\_____   _____// ______ \   / ________)        
        / /_________  / /      \ \     | |     / /      \ \ | (_______          
       |  __________|| |        | |    | |    | |        | | \________ \        
        \ \_________ | |        | |    | |     \ \______/ /___________) |       
         \__________||_|        |_|    |_|      \________//____________/        
                                                                                
====================================[ Qcore ]===================================

 Git hash:   15a3e7daff0cda5fa9af010ccd19a80288182ecf
 Git date:   Fri, 16 Apr 2021 15:57:16 +0100
 Compiler:   GNU 9.1.0
 Build type: Release
 Version:    1.1.0

 Start time: Fri Apr 23 10:12:58 2021

 Data directory: /work/zw18965/.local/qcore/share/entos/1.1.0/data
 Number of threads: 24
 Number of threads was determined by: command line argument
  - More threads can be used by running 'qcore -n 32'

 --------------------------------------------------------------------------------
                                command: optimize                                
 --------------------------------------------------------------------------------
 Using coordinate system:                tric
 Hessian update scheme:                  bfgs

 ------------------------------------------------------------------------------------------------------------
                   energy      change    grad rms    grad max    step rms    step max       trust    time (s)
 ------------------------------------------------------------------------------------------------------------
   1      -130.415225303                3.47e-03    7.37e-03                            2.00e-01        2.83
   2      -130.415371368   -1.46e-04    2.06e-03    4.57e-03    1.49e-02    1.87e-02    2.00e-01        2.40
   3      -130.415398159   -2.68e-05    5.60e-04    1.16e-03    7.05e-03    8.84e-03    2.00e-01        2.33
   4      -130.415399237   -1.08e-06    1.02e-04    2.19e-04    6.68e-04    1.26e-03    2.00e-01        2.32
   5      -130.415399307   -6.97e-08    9.36e-06    2.27e-05    2.47e-04    7.68e-04    2.00e-01        2.33
 Geometry optimization stopped:          thresholds achieved

 Final energy:                        -130.415399307

 -----------
  Final XYZ 
 -----------
3
Final structure: -130.415 hartree
N           -0.074317936          0.436435090         -0.000000605
O            0.952503248         -0.195936177          0.000000463
H           -0.877230163         -0.240220510         -0.000001540

 Structure in entos input format:

  structure(
    xyz = [
      ['N'  ,         -0.074317936,          0.436435090,         -0.000000605],
      ['O'  ,          0.952503248,         -0.195936177,          0.000000463],
      ['H'  ,         -0.877230163,         -0.240220510,         -0.000001540]
    ]
  )

 --------------------------------
  Geometry optimization finished 
 --------------------------------
 Saving results in set 'opt'

 --------------------------------------------------------------------------------
                                 command: hessian                                
 --------------------------------------------------------------------------------

WARNING: numerical method is specified for dft hessian, which is not efficient. Try switching to 'method = analytic'


 -------------------------------
  Numerical Geometrical Hessian 
 -------------------------------

 Compute hessian using two-point central differentiation.
 Step size (bohr):                       0.0100

 Frequencies (including translational and rotational modes):
 mode    frequency (cm-1)
    0               18.51 i (imaginary)
    1                1.50 i (imaginary)
    2                1.26 i (imaginary)
    3                1.95
    4                8.86
    5               19.33
    6             1556.66
    7             1617.89
    8             3002.68

 Project out translational and rotational motions 

 Degrees of freedom for translational and rotational motions: 6

 Vibrational frequencies:
 mode    frequency (cm-1)
    0             1556.66
    1             1617.89
    2             3002.68

 --------------------------------------------------------------------------------

 End time:                               Fri Apr 23 10:14:00 2021
 Total wall-clock time:                 62.386 seconds
==================================================================================
