
================================================================================
          _____________ ________ _______________ ________     _________         
         / ___________// ______ \\_____   _____// ______ \   / ________)        
        / /_________  / /      \ \     | |     / /      \ \ | (_______          
       |  __________|| |        | |    | |    | |        | | \________ \        
        \ \_________ | |        | |    | |     \ \______/ /___________) |       
         \__________||_|        |_|    |_|      \________//____________/        
                                                                                
====================================[ Qcore ]===================================

 Git hash:   15a3e7daff0cda5fa9af010ccd19a80288182ecf
 Git date:   Fri, 16 Apr 2021 15:57:16 +0100
 Compiler:   GNU 9.1.0
 Build type: Release
 Version:    1.1.0

 Start time: Fri Apr 23 10:13:30 2021

 Data directory: /work/zw18965/.local/qcore/share/entos/1.1.0/data
 Number of threads: 24
 Number of threads was determined by: command line argument
  - More threads can be used by running 'qcore -n 32'

 --------------------------------------------------------------------------------
                                command: optimize                                
 --------------------------------------------------------------------------------
 Using coordinate system:                tric
 Hessian update scheme:                  bfgs

 ------------------------------------------------------------------------------------------------------------
                   energy      change    grad rms    grad max    step rms    step max       trust    time (s)
 ------------------------------------------------------------------------------------------------------------
   1      -511.299183365                9.12e-03    2.04e-02                            2.00e-01        4.57
   2      -511.299465593   -2.82e-04    4.97e-03    1.08e-02    9.08e-03    1.84e-02    2.00e-01        4.02
   3      -511.299567407   -1.02e-04    4.78e-04    1.18e-03    8.63e-03    1.89e-02    2.00e-01        4.00
   4      -511.299567943   -5.36e-07    5.04e-05    1.19e-04    5.13e-04    1.25e-03    2.00e-01        4.00
   5      -511.299567983   -3.99e-08    4.42e-06    1.25e-05    3.75e-05    1.78e-04    2.00e-01        3.99
 Geometry optimization stopped:          thresholds achieved

 Final energy:                        -511.299567983

 -----------
  Final XYZ 
 -----------
3
Final structure: -511.3 hartree
O           -0.000000032          0.000001766         -1.272762350
C            0.000000783          0.000001588         -0.114826831
S            0.000001888          0.000000311          1.445480476

 Structure in entos input format:

  structure(
    xyz = [
      ['O'  ,         -0.000000032,          0.000001766,         -1.272762350],
      ['C'  ,          0.000000783,          0.000001588,         -0.114826831],
      ['S'  ,          0.000001888,          0.000000311,          1.445480476]
    ]
  )

 --------------------------------
  Geometry optimization finished 
 --------------------------------
 Saving results in set 'opt'

 --------------------------------------------------------------------------------
                                 command: hessian                                
 --------------------------------------------------------------------------------

WARNING: numerical method is specified for dft hessian, which is not efficient. Try switching to 'method = analytic'


 -------------------------------
  Numerical Geometrical Hessian 
 -------------------------------

 Compute hessian using two-point central differentiation.
 Step size (bohr):                       0.0100

 Frequencies (including translational and rotational modes):
 mode    frequency (cm-1)
    0                1.98
    1                7.22
    2                7.32
    3               11.81
    4               11.83
    5              530.71
    6              530.71
    7              886.28
    8             2103.30

 Project out translational and rotational motions 

 Degrees of freedom for translational and rotational motions: 6

 Vibrational frequencies:
 mode    frequency (cm-1)
    0              530.71
    1              886.28
    2             2103.30

 --------------------------------------------------------------------------------

 End time:                               Fri Apr 23 10:15:16 2021
 Total wall-clock time:                106.733 seconds
==================================================================================
