
================================================================================
          _____________ ________ _______________ ________     _________         
         / ___________// ______ \\_____   _____// ______ \   / ________)        
        / /_________  / /      \ \     | |     / /      \ \ | (_______          
       |  __________|| |        | |    | |    | |        | | \________ \        
        \ \_________ | |        | |    | |     \ \______/ /___________) |       
         \__________||_|        |_|    |_|      \________//____________/        
                                                                                
====================================[ Qcore ]===================================

 Git hash:   15a3e7daff0cda5fa9af010ccd19a80288182ecf
 Git date:   Fri, 16 Apr 2021 15:57:16 +0100
 Compiler:   GNU 9.1.0
 Build type: Release
 Version:    1.1.0

 Start time: Fri Apr 23 10:13:36 2021

 Data directory: /work/zw18965/.local/qcore/share/entos/1.1.0/data
 Number of threads: 24
 Number of threads was determined by: command line argument
  - More threads can be used by running 'qcore -n 32'

 --------------------------------------------------------------------------------
                                command: optimize                                
 --------------------------------------------------------------------------------
 Using coordinate system:                tric
 Hessian update scheme:                  bfgs

 ------------------------------------------------------------------------------------------------------------
                   energy      change    grad rms    grad max    step rms    step max       trust    time (s)
 ------------------------------------------------------------------------------------------------------------
   1      -364.516700927                1.32e-03    2.29e-03                            2.00e-01        1.92
   2      -364.516704236   -3.31e-06    6.63e-04    1.15e-03    9.68e-04    1.94e-03    2.00e-01        1.53
   3      -364.516705347   -1.11e-06    4.91e-06    9.89e-06    9.72e-04    1.94e-03    2.00e-01        1.46
Rejecting step due to low quality: Quality: -14.244 New trust radius: 3.61423e-06
   4      -364.516705346    1.54e-09    4.91e-06    9.89e-06    7.23e-06    3.84e-05    3.61e-06        1.46
 Geometry optimization stopped:          thresholds achieved

 Final energy:                        -364.516705346

 -----------
  Final XYZ 
 -----------
2
Final structure: -364.517 hartree
Si           0.000000530         -0.000000973         -0.757994915
O           -0.000000302          0.000000770          0.757918860

 Structure in entos input format:

  structure(
    xyz = [
      ['Si' ,          0.000000530,         -0.000000973,         -0.757994915],
      ['O'  ,         -0.000000302,          0.000000770,          0.757918860]
    ]
  )

 --------------------------------
  Geometry optimization finished 
 --------------------------------
 Saving results in set 'opt'

 --------------------------------------------------------------------------------
                                 command: hessian                                
 --------------------------------------------------------------------------------

WARNING: numerical method is specified for dft hessian, which is not efficient. Try switching to 'method = analytic'


 -------------------------------
  Numerical Geometrical Hessian 
 -------------------------------

 Compute hessian using two-point central differentiation.
 Step size (bohr):                       0.0100

 Frequencies (including translational and rotational modes):
 mode    frequency (cm-1)
    0                0.44 i (imaginary)
    1                0.51
    2                3.39
    3                9.97
    4                9.98
    5             1230.48

 Project out translational and rotational motions 

 The molecule is linear

 Degrees of freedom for translational and rotational motions: 5

 Vibrational frequencies:
 mode    frequency (cm-1)
    0             1230.48

 --------------------------------------------------------------------------------

 End time:                               Fri Apr 23 10:14:05 2021
 Total wall-clock time:                 28.503 seconds
==================================================================================
