
================================================================================
          _____________ ________ _______________ ________     _________         
         / ___________// ______ \\_____   _____// ______ \   / ________)        
        / /_________  / /      \ \     | |     / /      \ \ | (_______          
       |  __________|| |        | |    | |    | |        | | \________ \        
        \ \_________ | |        | |    | |     \ \______/ /___________) |       
         \__________||_|        |_|    |_|      \________//____________/        
                                                                                
====================================[ Qcore ]===================================

 Git hash:   15a3e7daff0cda5fa9af010ccd19a80288182ecf
 Git date:   Fri, 16 Apr 2021 15:57:16 +0100
 Compiler:   GNU 9.1.0
 Build type: Release
 Version:    1.1.0

 Start time: Fri Apr 23 10:14:48 2021

 Data directory: /work/zw18965/.local/qcore/share/entos/1.1.0/data
 Number of threads: 24
 Number of threads was determined by: command line argument
  - More threads can be used by running 'qcore -n 32'

 --------------------------------------------------------------------------------
                                command: optimize                                
 --------------------------------------------------------------------------------
 Using coordinate system:                tric
 Hessian update scheme:                  bfgs

 ------------------------------------------------------------------------------------------------------------
                   energy      change    grad rms    grad max    step rms    step max       trust    time (s)
 ------------------------------------------------------------------------------------------------------------
   1      -795.987560702                1.65e-03    2.86e-03                            2.00e-01        2.62
   2      -795.987573272   -1.26e-05    9.79e-05    1.71e-04    4.21e-03    8.43e-03    2.00e-01        2.22
   3      -795.987573325   -5.24e-08    2.36e-06    5.70e-06    2.66e-04    5.32e-04    2.00e-01        2.18
 Geometry optimization stopped:          thresholds achieved

 Final energy:                        -795.987573325

 -----------
  Final XYZ 
 -----------
2
Final structure: -795.988 hartree
S           -0.000000696         -0.000000092          0.002360584
S            0.000000716          0.000000129          1.894503355

 Structure in entos input format:

  structure(
    xyz = [
      ['S'  ,         -0.000000696,         -0.000000092,          0.002360584],
      ['S'  ,          0.000000716,          0.000000129,          1.894503355]
    ]
  )

 --------------------------------
  Geometry optimization finished 
 --------------------------------
 Saving results in set 'opt'

 --------------------------------------------------------------------------------
                                 command: hessian                                
 --------------------------------------------------------------------------------

WARNING: numerical method is specified for dft hessian, which is not efficient. Try switching to 'method = analytic'


 -------------------------------
  Numerical Geometrical Hessian 
 -------------------------------

 Compute hessian using two-point central differentiation.
 Step size (bohr):                       0.0100

 Frequencies (including translational and rotational modes):
 mode    frequency (cm-1)
    0                3.10 i (imaginary)
    1                0.59 i (imaginary)
    2                0.71
    3                5.91
    4                6.03
    5              729.43

 Project out translational and rotational motions 

 The molecule is linear

 Degrees of freedom for translational and rotational motions: 5

 Vibrational frequencies:
 mode    frequency (cm-1)
    0              729.43

 --------------------------------------------------------------------------------

 End time:                               Fri Apr 23 10:15:27 2021
 Total wall-clock time:                 39.646 seconds
==================================================================================
