
================================================================================
          _____________ ________ _______________ ________     _________         
         / ___________// ______ \\_____   _____// ______ \   / ________)        
        / /_________  / /      \ \     | |     / /      \ \ | (_______          
       |  __________|| |        | |    | |    | |        | | \________ \        
        \ \_________ | |        | |    | |     \ \______/ /___________) |       
         \__________||_|        |_|    |_|      \________//____________/        
                                                                                
====================================[ Qcore ]===================================

 Git hash:   15a3e7daff0cda5fa9af010ccd19a80288182ecf
 Git date:   Fri, 16 Apr 2021 15:57:16 +0100
 Compiler:   GNU 9.1.0
 Build type: Release
 Version:    1.1.0

 Start time: Fri Apr 23 10:14:45 2021

 Data directory: /work/zw18965/.local/qcore/share/entos/1.1.0/data
 Number of threads: 24
 Number of threads was determined by: command line argument
  - More threads can be used by running 'qcore -n 32'

 --------------------------------------------------------------------------------
                                command: optimize                                
 --------------------------------------------------------------------------------
 Using coordinate system:                tric
 Hessian update scheme:                  bfgs

 ------------------------------------------------------------------------------------------------------------
                   energy      change    grad rms    grad max    step rms    step max       trust    time (s)
 ------------------------------------------------------------------------------------------------------------
   1       -76.855025329                1.50e-02    3.65e-02                            2.00e-01        1.00
   2       -76.855686562   -6.61e-04    2.03e-03    4.71e-03    1.93e-02    3.48e-02    2.00e-01        0.88
   3       -76.855695615   -9.05e-06    2.02e-04    3.80e-04    1.35e-03    2.70e-03    2.00e-01        0.85
   4       -76.855695941   -3.26e-07    1.18e-05    2.36e-05    5.88e-04    8.31e-04    2.00e-01        0.84
 Geometry optimization stopped:          thresholds achieved

 Final energy:                         -76.855695941

 -----------
  Final XYZ 
 -----------
4
Final structure: -76.8557 hartree
C           -0.589621757          0.000000021         -0.000015257
C            0.589621700          0.000000020          0.000015183
H           -1.643605722          0.000000033         -0.000093348
H            1.643605672          0.000000005          0.000093282

 Structure in entos input format:

  structure(
    xyz = [
      ['C'  ,         -0.589621757,          0.000000021,         -0.000015257],
      ['C'  ,          0.589621700,          0.000000020,          0.000015183],
      ['H'  ,         -1.643605722,          0.000000033,         -0.000093348],
      ['H'  ,          1.643605672,          0.000000005,          0.000093282]
    ]
  )

 --------------------------------
  Geometry optimization finished 
 --------------------------------
 Saving results in set 'opt'

 --------------------------------------------------------------------------------
                                 command: hessian                                
 --------------------------------------------------------------------------------

WARNING: numerical method is specified for dft hessian, which is not efficient. Try switching to 'method = analytic'


 -------------------------------
  Numerical Geometrical Hessian 
 -------------------------------

 Compute hessian using two-point central differentiation.
 Step size (bohr):                       0.0100

 Frequencies (including translational and rotational modes):
 mode    frequency (cm-1)
    0                0.38 i (imaginary)
    1                0.22
    2                0.62
    3               13.24
    4               13.30
    5              810.89
    6              810.89
    7              867.53
    8              867.53
    9             2211.07
   10             3554.82
   11             3664.51

 Project out translational and rotational motions 

 Degrees of freedom for translational and rotational motions: 6

 Vibrational frequencies:
 mode    frequency (cm-1)
    0              810.89
    1              867.53
    2              867.53
    3             2211.07
    4             3554.82
    5             3664.51

 --------------------------------------------------------------------------------

 End time:                               Fri Apr 23 10:15:11 2021
 Total wall-clock time:                 26.117 seconds
==================================================================================
