
================================================================================
          _____________ ________ _______________ ________     _________         
         / ___________// ______ \\_____   _____// ______ \   / ________)        
        / /_________  / /      \ \     | |     / /      \ \ | (_______          
       |  __________|| |        | |    | |    | |        | | \________ \        
        \ \_________ | |        | |    | |     \ \______/ /___________) |       
         \__________||_|        |_|    |_|      \________//____________/        
                                                                                
====================================[ Qcore ]===================================

 Git hash:   15a3e7daff0cda5fa9af010ccd19a80288182ecf
 Git date:   Fri, 16 Apr 2021 15:57:16 +0100
 Compiler:   GNU 9.1.0
 Build type: Release
 Version:    1.1.0

 Start time: Fri Apr 23 10:14:51 2021

 Data directory: /work/zw18965/.local/qcore/share/entos/1.1.0/data
 Number of threads: 24
 Number of threads was determined by: command line argument
  - More threads can be used by running 'qcore -n 32'

 --------------------------------------------------------------------------------
                                command: optimize                                
 --------------------------------------------------------------------------------
 Using coordinate system:                tric
 Hessian update scheme:                  bfgs

 ------------------------------------------------------------------------------------------------------------
                   energy      change    grad rms    grad max    step rms    step max       trust    time (s)
 ------------------------------------------------------------------------------------------------------------
   1       -78.069378556                3.09e-03    4.99e-03                            2.00e-01        2.31
   2       -78.069696267   -3.18e-04    1.21e-03    2.84e-03    1.96e-02    1.27e-02    2.00e-01        2.12
   3       -78.069717639   -2.14e-05    3.27e-04    9.40e-04    5.82e-03    5.80e-03    2.00e-01        2.15
   4       -78.069718730   -1.09e-06    7.89e-05    1.94e-04    1.02e-03    1.55e-03    2.00e-01        2.09
   5       -78.069718851   -1.21e-07    7.63e-06    1.70e-05    4.29e-04    5.84e-04    2.00e-01        2.09
 Geometry optimization stopped:          thresholds achieved

 Final energy:                         -78.069718851

 -----------
  Final XYZ 
 -----------
6
Final structure: -78.0697 hartree
C           -0.654793841         -0.051815467         -0.000251767
C            0.654725358          0.051810657          0.000285286
H           -1.224041655          0.002763020         -0.909085394
H           -1.209109612         -0.195333662          0.908118765
H            1.209042415          0.195328639         -0.908084453
H            1.223972089         -0.002770469          0.909119476

 Structure in entos input format:

  structure(
    xyz = [
      ['C'  ,         -0.654793841,         -0.051815467,         -0.000251767],
      ['C'  ,          0.654725358,          0.051810657,          0.000285286],
      ['H'  ,         -1.224041655,          0.002763020,         -0.909085394],
      ['H'  ,         -1.209109612,         -0.195333662,          0.908118765],
      ['H'  ,          1.209042415,          0.195328639,         -0.908084453],
      ['H'  ,          1.223972089,         -0.002770469,          0.909119476]
    ]
  )

 --------------------------------
  Geometry optimization finished 
 --------------------------------
 Saving results in set 'opt'

 --------------------------------------------------------------------------------
                                 command: hessian                                
 --------------------------------------------------------------------------------

WARNING: numerical method is specified for dft hessian, which is not efficient. Try switching to 'method = analytic'


 -------------------------------
  Numerical Geometrical Hessian 
 -------------------------------

 Compute hessian using two-point central differentiation.
 Step size (bohr):                       0.0100

 Frequencies (including translational and rotational modes):
 mode    frequency (cm-1)
    0               11.89 i (imaginary)
    1                0.84 i (imaginary)
    2                0.27 i (imaginary)
    3                0.39
    4                3.48
    5                5.70
    6              890.89
    7             1085.37
    8             1106.79
    9             1141.39
   10             1343.93
   11             1474.45
   12             1590.61
   13             1817.04
   14             3269.83
   15             3290.14
   16             3342.11
   17             3370.47

 Project out translational and rotational motions 

 Degrees of freedom for translational and rotational motions: 6

 Vibrational frequencies:
 mode    frequency (cm-1)
    0              890.89
    1             1085.37
    2             1106.79
    3             1141.39
    4             1343.93
    5             1474.45
    6             1590.61
    7             1817.04
    8             3269.83
    9             3290.14
   10             3342.11
   11             3370.47

 --------------------------------------------------------------------------------

 End time:                               Fri Apr 23 10:16:27 2021
 Total wall-clock time:                 95.422 seconds
==================================================================================
