
================================================================================
          _____________ ________ _______________ ________     _________         
         / ___________// ______ \\_____   _____// ______ \   / ________)        
        / /_________  / /      \ \     | |     / /      \ \ | (_______          
       |  __________|| |        | |    | |    | |        | | \________ \        
        \ \_________ | |        | |    | |     \ \______/ /___________) |       
         \__________||_|        |_|    |_|      \________//____________/        
                                                                                
====================================[ Qcore ]===================================

 Git hash:   15a3e7daff0cda5fa9af010ccd19a80288182ecf
 Git date:   Fri, 16 Apr 2021 15:57:16 +0100
 Compiler:   GNU 9.1.0
 Build type: Release
 Version:    1.1.0

 Start time: Fri Apr 23 10:15:11 2021

 Data directory: /work/zw18965/.local/qcore/share/entos/1.1.0/data
 Number of threads: 24
 Number of threads was determined by: command line argument
  - More threads can be used by running 'qcore -n 32'

 --------------------------------------------------------------------------------
                                command: optimize                                
 --------------------------------------------------------------------------------
 Using coordinate system:                tric
 Hessian update scheme:                  bfgs

 ------------------------------------------------------------------------------------------------------------
                   energy      change    grad rms    grad max    step rms    step max       trust    time (s)
 ------------------------------------------------------------------------------------------------------------
   1       -40.216261185                1.64e-03    2.65e-03                            2.00e-01        0.97
   2       -40.216312188   -5.10e-05    3.83e-04    6.20e-04    5.82e-03    6.51e-03    2.00e-01        0.85
   3       -40.216315113   -2.93e-06    4.62e-06    7.48e-06    1.78e-03    1.99e-03    2.00e-01        0.81
   4       -40.216315113   -4.15e-10    2.41e-08    5.12e-08    2.12e-05    2.37e-05    2.00e-01        0.79
 Geometry optimization stopped:          thresholds achieved

 Final energy:                         -40.216315113

 -----------
  Final XYZ 
 -----------
5
Final structure: -40.2163 hartree
C           -0.000019904          0.000020031          0.000000334
H            0.548681078          0.791746279          0.491624662
H            0.676605305         -0.805413934         -0.251101648
H           -0.770570265         -0.369832571          0.662615542
H           -0.454795863          0.383580347         -0.903137623

 Structure in entos input format:

  structure(
    xyz = [
      ['C'  ,         -0.000019904,          0.000020031,          0.000000334],
      ['H'  ,          0.548681078,          0.791746279,          0.491624662],
      ['H'  ,          0.676605305,         -0.805413934,         -0.251101648],
      ['H'  ,         -0.770570265,         -0.369832571,          0.662615542],
      ['H'  ,         -0.454795863,          0.383580347,         -0.903137623]
    ]
  )

 --------------------------------
  Geometry optimization finished 
 --------------------------------
 Saving results in set 'opt'

 --------------------------------------------------------------------------------
                                 command: hessian                                
 --------------------------------------------------------------------------------

WARNING: numerical method is specified for dft hessian, which is not efficient. Try switching to 'method = analytic'


 -------------------------------
  Numerical Geometrical Hessian 
 -------------------------------

 Compute hessian using two-point central differentiation.
 Step size (bohr):                       0.0100

 Frequencies (including translational and rotational modes):
 mode    frequency (cm-1)
    0               21.46 i (imaginary)
    1               19.79 i (imaginary)
    2               14.78 i (imaginary)
    3                0.11
    4                0.54
    5                0.73
    6             1454.00
    7             1454.07
    8             1454.10
    9             1666.93
   10             1667.00
   11             3148.84
   12             3247.01
   13             3247.03
   14             3247.08

 Project out translational and rotational motions 

 Degrees of freedom for translational and rotational motions: 6

 Vibrational frequencies:
 mode    frequency (cm-1)
    0             1454.00
    1             1454.07
    2             1454.10
    3             1666.93
    4             1667.00
    5             3148.84
    6             3247.01
    7             3247.03
    8             3247.08

 --------------------------------------------------------------------------------

 End time:                               Fri Apr 23 10:15:42 2021
 Total wall-clock time:                 30.460 seconds
==================================================================================
