
================================================================================
          _____________ ________ _______________ ________     _________         
         / ___________// ______ \\_____   _____// ______ \   / ________)        
        / /_________  / /      \ \     | |     / /      \ \ | (_______          
       |  __________|| |        | |    | |    | |        | | \________ \        
        \ \_________ | |        | |    | |     \ \______/ /___________) |       
         \__________||_|        |_|    |_|      \________//____________/        
                                                                                
====================================[ Qcore ]===================================

 Git hash:   15a3e7daff0cda5fa9af010ccd19a80288182ecf
 Git date:   Fri, 16 Apr 2021 15:57:16 +0100
 Compiler:   GNU 9.1.0
 Build type: Release
 Version:    1.1.0

 Start time: Fri Apr 23 10:15:57 2021

 Data directory: /work/zw18965/.local/qcore/share/entos/1.1.0/data
 Number of threads: 24
 Number of threads was determined by: command line argument
  - More threads can be used by running 'qcore -n 32'

 --------------------------------------------------------------------------------
                                command: optimize                                
 --------------------------------------------------------------------------------
 Using coordinate system:                tric
 Hessian update scheme:                  bfgs

 ------------------------------------------------------------------------------------------------------------
                   energy      change    grad rms    grad max    step rms    step max       trust    time (s)
 ------------------------------------------------------------------------------------------------------------
   1      -187.724403763                7.15e-03    1.52e-02                            2.00e-01        1.05
   2      -187.724574000   -1.70e-04    4.26e-04    9.03e-04    9.67e-03    1.18e-02    2.00e-01        0.87
   3      -187.724574588   -5.88e-07    8.64e-06    1.83e-05    5.44e-04    6.66e-04    2.00e-01        0.84
 Geometry optimization stopped:          thresholds achieved

 Final energy:                        -187.724574588

 -----------
  Final XYZ 
 -----------
3
Final structure: -187.725 hartree
O           -1.134540671          0.000000202          0.000000074
O            1.134540687          0.000000009         -0.000000139
C            0.000000011          0.000000127         -0.000000020

 Structure in entos input format:

  structure(
    xyz = [
      ['O'  ,         -1.134540671,          0.000000202,          0.000000074],
      ['O'  ,          1.134540687,          0.000000009,         -0.000000139],
      ['C'  ,          0.000000011,          0.000000127,         -0.000000020]
    ]
  )

 --------------------------------
  Geometry optimization finished 
 --------------------------------
 Saving results in set 'opt'

 --------------------------------------------------------------------------------
                                 command: hessian                                
 --------------------------------------------------------------------------------

WARNING: numerical method is specified for dft hessian, which is not efficient. Try switching to 'method = analytic'


 -------------------------------
  Numerical Geometrical Hessian 
 -------------------------------

 Compute hessian using two-point central differentiation.
 Step size (bohr):                       0.0100

 Frequencies (including translational and rotational modes):
 mode    frequency (cm-1)
    0                0.19
    1                0.31
    2                0.55
    3                7.21
    4                7.30
    5              776.20
    6              776.20
    7             1511.34
    8             2555.05

 Project out translational and rotational motions 

 Degrees of freedom for translational and rotational motions: 6

 Vibrational frequencies:
 mode    frequency (cm-1)
    0              776.20
    1             1511.34
    2             2555.05

 --------------------------------------------------------------------------------

 End time:                               Fri Apr 23 10:16:17 2021
 Total wall-clock time:                 20.121 seconds
==================================================================================
