
================================================================================
          _____________ ________ _______________ ________     _________         
         / ___________// ______ \\_____   _____// ______ \   / ________)        
        / /_________  / /      \ \     | |     / /      \ \ | (_______          
       |  __________|| |        | |    | |    | |        | | \________ \        
        \ \_________ | |        | |    | |     \ \______/ /___________) |       
         \__________||_|        |_|    |_|      \________//____________/        
                                                                                
====================================[ Qcore ]===================================

 Git hash:   15a3e7daff0cda5fa9af010ccd19a80288182ecf
 Git date:   Fri, 16 Apr 2021 15:57:16 +0100
 Compiler:   GNU 9.1.0
 Build type: Release
 Version:    1.1.0

 Start time: Fri Apr 23 10:15:45 2021

 Data directory: /work/zw18965/.local/qcore/share/entos/1.1.0/data
 Number of threads: 24
 Number of threads was determined by: command line argument
  - More threads can be used by running 'qcore -n 32'

 --------------------------------------------------------------------------------
                                command: optimize                                
 --------------------------------------------------------------------------------
 Using coordinate system:                tric
 Hessian update scheme:                  bfgs

 ------------------------------------------------------------------------------------------------------------
                   energy      change    grad rms    grad max    step rms    step max       trust    time (s)
 ------------------------------------------------------------------------------------------------------------
   1      -112.789195103                3.47e-02    6.00e-02                            2.00e-01        0.51
   2      -112.790488259   -1.29e-03    3.37e-03    5.84e-03    2.31e-02    4.62e-02    2.00e-01        0.32
   3      -112.790499259   -1.10e-05    2.62e-04    4.53e-04    2.05e-03    4.09e-03    2.00e-01        0.31
   4      -112.790499326   -6.75e-08    1.78e-06    3.07e-06    1.47e-04    2.95e-04    2.00e-01        0.32
 Geometry optimization stopped:          thresholds achieved

 Final energy:                        -112.790499326

 -----------
  Final XYZ 
 -----------
2
Final structure: -112.79 hartree
O            0.551034530          0.000000053          0.000000009
C           -0.551034523         -0.000000051         -0.000000009

 Structure in entos input format:

  structure(
    xyz = [
      ['O'  ,          0.551034530,          0.000000053,          0.000000009],
      ['C'  ,         -0.551034523,         -0.000000051,         -0.000000009]
    ]
  )

 --------------------------------
  Geometry optimization finished 
 --------------------------------
 Saving results in set 'opt'

 --------------------------------------------------------------------------------
                                 command: hessian                                
 --------------------------------------------------------------------------------

WARNING: numerical method is specified for dft hessian, which is not efficient. Try switching to 'method = analytic'


 -------------------------------
  Numerical Geometrical Hessian 
 -------------------------------

 Compute hessian using two-point central differentiation.
 Step size (bohr):                       0.0100

 Frequencies (including translational and rotational modes):
 mode    frequency (cm-1)
    0                0.11 i (imaginary)
    1                0.03
    2                0.42
    3               11.94
    4               11.96
    5             2426.70

 Project out translational and rotational motions 

 The molecule is linear

 Degrees of freedom for translational and rotational motions: 5

 Vibrational frequencies:
 mode    frequency (cm-1)
    0             2426.70

 --------------------------------------------------------------------------------

 End time:                               Fri Apr 23 10:15:51 2021
 Total wall-clock time:                  5.779 seconds
==================================================================================
