
================================================================================
          _____________ ________ _______________ ________     _________         
         / ___________// ______ \\_____   _____// ______ \   / ________)        
        / /_________  / /      \ \     | |     / /      \ \ | (_______          
       |  __________|| |        | |    | |    | |        | | \________ \        
        \ \_________ | |        | |    | |     \ \______/ /___________) |       
         \__________||_|        |_|    |_|      \________//____________/        
                                                                                
====================================[ Qcore ]===================================

 Git hash:   15a3e7daff0cda5fa9af010ccd19a80288182ecf
 Git date:   Fri, 16 Apr 2021 15:57:16 +0100
 Compiler:   GNU 9.1.0
 Build type: Release
 Version:    1.1.0

 Start time: Fri Apr 23 10:16:09 2021

 Data directory: /work/zw18965/.local/qcore/share/entos/1.1.0/data
 Number of threads: 24
 Number of threads was determined by: command line argument
  - More threads can be used by running 'qcore -n 32'

 --------------------------------------------------------------------------------
                                command: optimize                                
 --------------------------------------------------------------------------------
 Using coordinate system:                tric
 Hessian update scheme:                  bfgs

 ------------------------------------------------------------------------------------------------------------
                   energy      change    grad rms    grad max    step rms    step max       trust    time (s)
 ------------------------------------------------------------------------------------------------------------
   1      -435.361426080                5.10e-03    8.84e-03                            2.00e-01        0.76
   2      -435.361474268   -4.82e-05    2.26e-03    3.92e-03    3.77e-03    7.54e-03    2.00e-01        0.52
   3      -435.361485853   -1.16e-05    4.33e-05    7.50e-05    3.00e-03    6.01e-03    2.00e-01        0.54
   4      -435.361485857   -4.16e-09    3.64e-07    6.30e-07    5.64e-05    1.13e-04    2.00e-01        0.51
 Geometry optimization stopped:          thresholds achieved

 Final energy:                        -435.361485857

 -----------
  Final XYZ 
 -----------
2
Final structure: -435.361 hartree
C           -0.000000186          0.000000801          0.014859937
S            0.000000186         -0.000000795          1.524840005

 Structure in entos input format:

  structure(
    xyz = [
      ['C'  ,         -0.000000186,          0.000000801,          0.014859937],
      ['S'  ,          0.000000186,         -0.000000795,          1.524840005]
    ]
  )

 --------------------------------
  Geometry optimization finished 
 --------------------------------
 Saving results in set 'opt'

 --------------------------------------------------------------------------------
                                 command: hessian                                
 --------------------------------------------------------------------------------

WARNING: numerical method is specified for dft hessian, which is not efficient. Try switching to 'method = analytic'


 -------------------------------
  Numerical Geometrical Hessian 
 -------------------------------

 Compute hessian using two-point central differentiation.
 Step size (bohr):                       0.0100

 Frequencies (including translational and rotational modes):
 mode    frequency (cm-1)
    0                0.42 i (imaginary)
    1                0.25 i (imaginary)
    2                0.56
    3                5.00
    4                5.08
    5             1423.69

 Project out translational and rotational motions 

 The molecule is linear

 Degrees of freedom for translational and rotational motions: 5

 Vibrational frequencies:
 mode    frequency (cm-1)
    0             1423.69

 --------------------------------------------------------------------------------

 End time:                               Fri Apr 23 10:16:19 2021
 Total wall-clock time:                  9.483 seconds
==================================================================================
