
================================================================================
          _____________ ________ _______________ ________     _________         
         / ___________// ______ \\_____   _____// ______ \   / ________)        
        / /_________  / /      \ \     | |     / /      \ \ | (_______          
       |  __________|| |        | |    | |    | |        | | \________ \        
        \ \_________ | |        | |    | |     \ \______/ /___________) |       
         \__________||_|        |_|    |_|      \________//____________/        
                                                                                
====================================[ Qcore ]===================================

 Git hash:   15a3e7daff0cda5fa9af010ccd19a80288182ecf
 Git date:   Fri, 16 Apr 2021 15:57:16 +0100
 Compiler:   GNU 9.1.0
 Build type: Release
 Version:    1.1.0

 Start time: Fri Apr 23 10:15:55 2021

 Data directory: /work/zw18965/.local/qcore/share/entos/1.1.0/data
 Number of threads: 24
 Number of threads was determined by: command line argument
  - More threads can be used by running 'qcore -n 32'

 --------------------------------------------------------------------------------
                                command: optimize                                
 --------------------------------------------------------------------------------
 Using coordinate system:                tric
 Hessian update scheme:                  bfgs

 ------------------------------------------------------------------------------------------------------------
                   energy      change    grad rms    grad max    step rms    step max       trust    time (s)
 ------------------------------------------------------------------------------------------------------------
   1      -198.771898784                2.79e-02    4.83e-02                            2.00e-01        0.45
Rejecting step due to low quality: Quality: -1.97677 New trust radius: 0.1
   2      -198.737654342    3.42e-02    2.79e-02    4.83e-02    2.00e-01    2.00e-01    1.00e-01        0.31
   3      -198.771085235    8.14e-04    3.98e-02    6.89e-02    1.00e-01    1.00e-01    5.00e-02        0.30
   4      -198.774400570   -3.32e-03    5.57e-04    9.65e-04    5.00e-02    5.00e-02    7.07e-02        0.31
   5      -198.774401360   -7.89e-07    8.48e-05    1.47e-04    7.10e-04    7.10e-04    7.07e-02        0.30
 Geometry optimization stopped:          thresholds achieved

 Final energy:                        -198.774401360

 -----------
  Final XYZ 
 -----------
2
Final structure: -198.774 hartree
F            0.000000020          0.000000064         -0.663679403
F           -0.000000018         -0.000000063          0.663679359

 Structure in entos input format:

  structure(
    xyz = [
      ['F'  ,          0.000000020,          0.000000064,         -0.663679403],
      ['F'  ,         -0.000000018,         -0.000000063,          0.663679359]
    ]
  )

 --------------------------------
  Geometry optimization finished 
 --------------------------------
 Saving results in set 'opt'

 --------------------------------------------------------------------------------
                                 command: hessian                                
 --------------------------------------------------------------------------------

WARNING: numerical method is specified for dft hessian, which is not efficient. Try switching to 'method = analytic'


 -------------------------------
  Numerical Geometrical Hessian 
 -------------------------------

 Compute hessian using two-point central differentiation.
 Step size (bohr):                       0.0100

 Frequencies (including translational and rotational modes):
 mode    frequency (cm-1)
    0               11.72 i (imaginary)
    1               11.71 i (imaginary)
    2                0.20 i (imaginary)
    3                0.02
    4                0.25
    5             1264.62

 Project out translational and rotational motions 

 The molecule is linear

 Degrees of freedom for translational and rotational motions: 5

 Vibrational frequencies:
 mode    frequency (cm-1)
    0             1264.62

 --------------------------------------------------------------------------------

 End time:                               Fri Apr 23 10:16:00 2021
 Total wall-clock time:                  5.846 seconds
==================================================================================
