
================================================================================
          _____________ ________ _______________ ________     _________         
         / ___________// ______ \\_____   _____// ______ \   / ________)        
        / /_________  / /      \ \     | |     / /      \ \ | (_______          
       |  __________|| |        | |    | |    | |        | | \________ \        
        \ \_________ | |        | |    | |     \ \______/ /___________) |       
         \__________||_|        |_|    |_|      \________//____________/        
                                                                                
====================================[ Qcore ]===================================

 Git hash:   15a3e7daff0cda5fa9af010ccd19a80288182ecf
 Git date:   Fri, 16 Apr 2021 15:57:16 +0100
 Compiler:   GNU 9.1.0
 Build type: Release
 Version:    1.1.0

 Start time: Fri Apr 23 10:16:27 2021

 Data directory: /work/zw18965/.local/qcore/share/entos/1.1.0/data
 Number of threads: 24
 Number of threads was determined by: command line argument
  - More threads can be used by running 'qcore -n 32'

 --------------------------------------------------------------------------------
                                command: optimize                                
 --------------------------------------------------------------------------------
 Using coordinate system:                tric
 Hessian update scheme:                  bfgs

 ------------------------------------------------------------------------------------------------------------
                   energy      change    grad rms    grad max    step rms    step max       trust    time (s)
 ------------------------------------------------------------------------------------------------------------
   1      -460.111892137                3.21e-04    5.56e-04                            2.00e-01        0.56
   2      -460.111892491   -3.54e-07    1.30e-04    2.26e-04    4.52e-04    9.04e-04    2.00e-01        0.34
 Geometry optimization stopped:          thresholds achieved

 Final energy:                        -460.111892491

 -----------
  Final XYZ 
 -----------
2
Final structure: -460.112 hartree
Cl           0.632320254          0.000000010          0.000000086
H           -0.632320258         -0.000000012         -0.000000091

 Structure in entos input format:

  structure(
    xyz = [
      ['Cl' ,          0.632320254,          0.000000010,          0.000000086],
      ['H'  ,         -0.632320258,         -0.000000012,         -0.000000091]
    ]
  )

 --------------------------------
  Geometry optimization finished 
 --------------------------------
 Saving results in set 'opt'

 --------------------------------------------------------------------------------
                                 command: hessian                                
 --------------------------------------------------------------------------------

WARNING: numerical method is specified for dft hessian, which is not efficient. Try switching to 'method = analytic'


 -------------------------------
  Numerical Geometrical Hessian 
 -------------------------------

 Compute hessian using two-point central differentiation.
 Step size (bohr):                       0.0100

 Frequencies (including translational and rotational modes):
 mode    frequency (cm-1)
    0                0.11 i (imaginary)
    1                0.05
    2                0.13
    3               52.11
    4               52.14
    5             3140.98

 Project out translational and rotational motions 

 The molecule is linear

 Degrees of freedom for translational and rotational motions: 5

 Vibrational frequencies:
 mode    frequency (cm-1)
    0             3140.98

 --------------------------------------------------------------------------------

 End time:                               Fri Apr 23 10:16:32 2021
 Total wall-clock time:                  5.791 seconds
==================================================================================
