
================================================================================
          _____________ ________ _______________ ________     _________         
         / ___________// ______ \\_____   _____// ______ \   / ________)        
        / /_________  / /      \ \     | |     / /      \ \ | (_______          
       |  __________|| |        | |    | |    | |        | | \________ \        
        \ \_________ | |        | |    | |     \ \______/ /___________) |       
         \__________||_|        |_|    |_|      \________//____________/        
                                                                                
====================================[ Qcore ]===================================

 Git hash:   15a3e7daff0cda5fa9af010ccd19a80288182ecf
 Git date:   Fri, 16 Apr 2021 15:57:16 +0100
 Compiler:   GNU 9.1.0
 Build type: Release
 Version:    1.1.0

 Start time: Fri Apr 23 10:16:55 2021

 Data directory: /work/zw18965/.local/qcore/share/entos/1.1.0/data
 Number of threads: 24
 Number of threads was determined by: command line argument
  - More threads can be used by running 'qcore -n 32'

 --------------------------------------------------------------------------------
                                command: optimize                                
 --------------------------------------------------------------------------------
 Using coordinate system:                tric
 Hessian update scheme:                  bfgs

 ------------------------------------------------------------------------------------------------------------
                   energy      change    grad rms    grad max    step rms    step max       trust    time (s)
 ------------------------------------------------------------------------------------------------------------
   1       -56.223199150                5.75e-03    1.07e-02                            2.00e-01        0.67
   2       -56.223588777   -3.90e-04    7.83e-04    1.49e-03    2.14e-02    1.76e-02    2.00e-01        0.52
   3       -56.223596955   -8.18e-06    8.11e-05    2.16e-04    3.84e-03    2.84e-03    2.00e-01        0.53
   4       -56.223597031   -7.61e-08    3.99e-05    1.13e-04    2.17e-04    2.73e-04    2.00e-01        0.51
 Geometry optimization stopped:          thresholds achieved

 Final energy:                         -56.223597031

 -----------
  Final XYZ 
 -----------
4
Final structure: -56.2236 hartree
N           -0.002433182         -0.000580228          0.267855214
H           -0.515130125         -0.775745848         -0.095656823
H           -0.413188234          0.835010716         -0.091238558
H            0.930749053         -0.058685238         -0.080963097

 Structure in entos input format:

  structure(
    xyz = [
      ['N'  ,         -0.002433182,         -0.000580228,          0.267855214],
      ['H'  ,         -0.515130125,         -0.775745848,         -0.095656823],
      ['H'  ,         -0.413188234,          0.835010716,         -0.091238558],
      ['H'  ,          0.930749053,         -0.058685238,         -0.080963097]
    ]
  )

 --------------------------------
  Geometry optimization finished 
 --------------------------------
 Saving results in set 'opt'

 --------------------------------------------------------------------------------
                                 command: hessian                                
 --------------------------------------------------------------------------------

WARNING: numerical method is specified for dft hessian, which is not efficient. Try switching to 'method = analytic'


 -------------------------------
  Numerical Geometrical Hessian 
 -------------------------------

 Compute hessian using two-point central differentiation.
 Step size (bohr):                       0.0100

 Frequencies (including translational and rotational modes):
 mode    frequency (cm-1)
    0               35.44 i (imaginary)
    1               31.46 i (imaginary)
    2               23.69 i (imaginary)
    3                0.33 i (imaginary)
    4                0.54
    5                0.71
    6             1110.91
    7             1789.81
    8             1790.03
    9             3689.42
   10             3812.11
   11             3812.32

 Project out translational and rotational motions 

 Degrees of freedom for translational and rotational motions: 6

 Vibrational frequencies:
 mode    frequency (cm-1)
    0             1110.91
    1             1789.81
    2             1790.03
    3             3689.42
    4             3812.11
    5             3812.32

 --------------------------------------------------------------------------------

 End time:                               Fri Apr 23 10:17:11 2021
 Total wall-clock time:                 15.907 seconds
==================================================================================
