
================================================================================
          _____________ ________ _______________ ________     _________         
         / ___________// ______ \\_____   _____// ______ \   / ________)        
        / /_________  / /      \ \     | |     / /      \ \ | (_______          
       |  __________|| |        | |    | |    | |        | | \________ \        
        \ \_________ | |        | |    | |     \ \______/ /___________) |       
         \__________||_|        |_|    |_|      \________//____________/        
                                                                                
====================================[ Qcore ]===================================

 Git hash:   15a3e7daff0cda5fa9af010ccd19a80288182ecf
 Git date:   Fri, 16 Apr 2021 15:57:16 +0100
 Compiler:   GNU 9.1.0
 Build type: Release
 Version:    1.1.0

 Start time: Fri Apr 23 10:17:15 2021

 Data directory: /work/zw18965/.local/qcore/share/entos/1.1.0/data
 Number of threads: 24
 Number of threads was determined by: command line argument
  - More threads can be used by running 'qcore -n 32'

 --------------------------------------------------------------------------------
                                command: optimize                                
 --------------------------------------------------------------------------------
 Using coordinate system:                tric
 Hessian update scheme:                  bfgs

 ------------------------------------------------------------------------------------------------------------
                   energy      change    grad rms    grad max    step rms    step max       trust    time (s)
 ------------------------------------------------------------------------------------------------------------
   1      -547.319334426                4.00e-02    6.67e-02                            2.00e-01        1.54
   2      -547.324473129   -5.14e-03    1.94e-02    3.33e-02    3.80e-02    4.86e-02    2.00e-01        1.35
   3      -547.325763302   -1.29e-03    3.04e-03    5.59e-03    3.38e-02    4.46e-02    2.00e-01        1.32
   4      -547.325802436   -3.91e-05    6.32e-04    1.55e-03    5.62e-03    6.46e-03    2.00e-01        1.33
   5      -547.325804261   -1.82e-06    3.89e-04    9.50e-04    7.89e-04    1.13e-03    2.00e-01        1.30
   6      -547.325805730   -1.47e-06    8.90e-06    1.68e-05    1.73e-03    2.39e-03    2.00e-01        1.31
   7      -547.325805731   -4.92e-10    5.15e-07    9.08e-07    2.24e-05    1.84e-05    2.00e-01        1.29
 Geometry optimization stopped:          thresholds achieved

 Final energy:                        -547.325805731

 -----------
  Final XYZ 
 -----------
3
Final structure: -547.326 hartree
S           -0.001113559          0.471233754         -0.000004296
O            1.199681189         -0.232782084         -0.000003611
O           -1.198564939         -0.238453793         -0.000003979

 Structure in entos input format:

  structure(
    xyz = [
      ['S'  ,         -0.001113559,          0.471233754,         -0.000004296],
      ['O'  ,          1.199681189,         -0.232782084,         -0.000003611],
      ['O'  ,         -1.198564939,         -0.238453793,         -0.000003979]
    ]
  )

 --------------------------------
  Geometry optimization finished 
 --------------------------------
 Saving results in set 'opt'

 --------------------------------------------------------------------------------
                                 command: hessian                                
 --------------------------------------------------------------------------------

WARNING: numerical method is specified for dft hessian, which is not efficient. Try switching to 'method = analytic'


 -------------------------------
  Numerical Geometrical Hessian 
 -------------------------------

 Compute hessian using two-point central differentiation.
 Step size (bohr):                       0.0100

 Frequencies (including translational and rotational modes):
 mode    frequency (cm-1)
    0                9.24 i (imaginary)
    1                0.54 i (imaginary)
    2                0.67
    3                0.77
    4                4.63
    5                7.18
    6              613.69
    7             1386.84
    8             1591.26

 Project out translational and rotational motions 

 Degrees of freedom for translational and rotational motions: 6

 Vibrational frequencies:
 mode    frequency (cm-1)
    0              613.69
    1             1386.84
    2             1591.26

 --------------------------------------------------------------------------------

 End time:                               Fri Apr 23 10:17:51 2021
 Total wall-clock time:                 36.232 seconds
==================================================================================
