
================================================================================
          _____________ ________ _______________ ________     _________         
         / ___________// ______ \\_____   _____// ______ \   / ________)        
        / /_________  / /      \ \     | |     / /      \ \ | (_______          
       |  __________|| |        | |    | |    | |        | | \________ \        
        \ \_________ | |        | |    | |     \ \______/ /___________) |       
         \__________||_|        |_|    |_|      \________//____________/        
                                                                                
====================================[ Qcore ]===================================

 Git hash:   15a3e7daff0cda5fa9af010ccd19a80288182ecf
 Git date:   Fri, 16 Apr 2021 15:57:16 +0100
 Compiler:   GNU 9.1.0
 Build type: Release
 Version:    1.1.0

 Start time: Sun May  9 17:44:04 2021

 Data directory: /work/zw18965/.local/qcore/share/entos/1.1.0/data
 Number of threads: 24
 Number of threads was determined by: command line argument
  - More threads can be used by running 'qcore -n 32'

 --------------------------------------------------------------------------------
                                command: optimize                                
 --------------------------------------------------------------------------------
 Using coordinate system:                tric
 Hessian update scheme:                  bfgs

 ------------------------------------------------------------------------------------------------------------
                   energy      change    grad rms    grad max    step rms    step max       trust    time (s)
 ------------------------------------------------------------------------------------------------------------
   1      -559.614844520                1.57e-02    2.72e-02                            2.00e-01        6.46
   2      -559.615680503   -8.36e-04    1.02e-02    1.76e-02    1.86e-02    3.71e-02    2.00e-01        5.25
   3      -559.616211726   -5.31e-04    1.60e-03    2.78e-03    3.42e-02    6.84e-02    2.00e-01        5.12
   4      -559.616223427   -1.17e-05    1.38e-04    2.41e-04    4.65e-03    9.29e-03    2.00e-01        5.01
   5      -559.616223515   -8.87e-08    3.77e-06    7.91e-06    3.69e-04    7.38e-04    2.00e-01        4.93
 Geometry optimization stopped:          thresholds achieved

 Final energy:                        -559.616223515

 -----------
  Final XYZ 
 -----------
2
Final structure: -559.616 hartree
Cl           0.808474099          0.000009009          0.000003914
F           -0.808623256         -0.000003657          0.000004234

 Structure in entos input format:

  structure(
    xyz = [
      ['Cl' ,          0.808474099,          0.000009009,          0.000003914],
      ['F'  ,         -0.808623256,         -0.000003657,          0.000004234]
    ]
  )

 --------------------------------
  Geometry optimization finished 
 --------------------------------
 Saving results in set 'opt'

 --------------------------------------------------------------------------------
                                 command: hessian                                
 --------------------------------------------------------------------------------

WARNING: numerical method is specified for dft hessian, which is not efficient. Try switching to 'method = analytic'


 -------------------------------
  Numerical Geometrical Hessian 
 -------------------------------

 Compute hessian using two-point central differentiation.
 Step size (bohr):                       0.0100

 Frequencies (including translational and rotational modes):
 mode    frequency (cm-1)
    0                1.43 i (imaginary)
    1                0.97
    2                3.22
    3               52.72
    4               52.81
    5              827.55

 Project out translational and rotational motions 

 The molecule is linear

 Degrees of freedom for translational and rotational motions: 5

 Vibrational frequencies:
 mode    frequency (cm-1)
    0              827.55

 --------------------------------------------------------------------------------

 End time:                               Sun May  9 17:45:47 2021
 Total wall-clock time:                102.396 seconds
==================================================================================
