
================================================================================
          _____________ ________ _______________ ________     _________         
         / ___________// ______ \\_____   _____// ______ \   / ________)        
        / /_________  / /      \ \     | |     / /      \ \ | (_______          
       |  __________|| |        | |    | |    | |        | | \________ \        
        \ \_________ | |        | |    | |     \ \______/ /___________) |       
         \__________||_|        |_|    |_|      \________//____________/        
                                                                                
====================================[ Qcore ]===================================

 Git hash:   15a3e7daff0cda5fa9af010ccd19a80288182ecf
 Git date:   Fri, 16 Apr 2021 15:57:16 +0100
 Compiler:   GNU 9.1.0
 Build type: Release
 Version:    1.1.0

 Start time: Sun May  9 18:14:25 2021

 Data directory: /work/zw18965/.local/qcore/share/entos/1.1.0/data
 Number of threads: 24
 Number of threads was determined by: command line argument
  - More threads can be used by running 'qcore -n 32'

 --------------------------------------------------------------------------------
                                command: optimize                                
 --------------------------------------------------------------------------------
 Using coordinate system:                tric
 Hessian update scheme:                  bfgs

 ------------------------------------------------------------------------------------------------------------
                   energy      change    grad rms    grad max    step rms    step max       trust    time (s)
 ------------------------------------------------------------------------------------------------------------
   1      -437.102040171                4.59e-03    1.35e-02                            2.00e-01       22.83
   2      -437.102372041   -3.32e-04    1.81e-03    5.35e-03    1.82e-02    2.44e-02    2.00e-01       20.58
   3      -437.102435994   -6.40e-05    1.49e-04    3.40e-04    1.28e-02    1.77e-02    2.00e-01       20.97
   4      -437.102436200   -2.06e-07    7.16e-05    1.93e-04    3.76e-04    4.44e-04    2.00e-01       21.02
 Geometry optimization stopped:          thresholds achieved

 Final energy:                        -437.102436200

 -----------
  Final XYZ 
 -----------
4
Final structure: -437.102 hartree
C           -0.111838076          0.008862037          0.001206921
S            1.480147953         -0.117809001         -0.015574641
H           -0.657368475          0.271874058          0.897334334
H           -0.710755346         -0.163068503         -0.882843279

 Structure in entos input format:

  structure(
    xyz = [
      ['C'  ,         -0.111838076,          0.008862037,          0.001206921],
      ['S'  ,          1.480147953,         -0.117809001,         -0.015574641],
      ['H'  ,         -0.657368475,          0.271874058,          0.897334334],
      ['H'  ,         -0.710755346,         -0.163068503,         -0.882843279]
    ]
  )

 --------------------------------
  Geometry optimization finished 
 --------------------------------
 Saving results in set 'opt'

 --------------------------------------------------------------------------------
                                 command: hessian                                
 --------------------------------------------------------------------------------

WARNING: numerical method is specified for dft hessian, which is not efficient. Try switching to 'method = analytic'


 -------------------------------
  Numerical Geometrical Hessian 
 -------------------------------

 Compute hessian using two-point central differentiation.
 Step size (bohr):                       0.0100

 Frequencies (including translational and rotational modes):
 mode    frequency (cm-1)
    0               21.44 i (imaginary)
    1               12.05 i (imaginary)
    2                3.29
    3               25.85
    4               31.55
    5              103.82
    6             1020.58
    7             1057.60
    8             1127.40
    9             1526.18
   10             3146.85
   11             3220.34

 Project out translational and rotational motions 

 Degrees of freedom for translational and rotational motions: 6

 Vibrational frequencies:
 mode    frequency (cm-1)
    0             1020.56
    1             1057.57
    2             1127.39
    3             1526.18
    4             3146.85
    5             3220.33

 --------------------------------------------------------------------------------

 End time:                               Sun May  9 18:25:57 2021
 Total wall-clock time:                692.243 seconds
==================================================================================
