
================================================================================
          _____________ ________ _______________ ________     _________         
         / ___________// ______ \\_____   _____// ______ \   / ________)        
        / /_________  / /      \ \     | |     / /      \ \ | (_______          
       |  __________|| |        | |    | |    | |        | | \________ \        
        \ \_________ | |        | |    | |     \ \______/ /___________) |       
         \__________||_|        |_|    |_|      \________//____________/        
                                                                                
====================================[ Qcore ]===================================

 Git hash:   15a3e7daff0cda5fa9af010ccd19a80288182ecf
 Git date:   Fri, 16 Apr 2021 15:57:16 +0100
 Compiler:   GNU 9.1.0
 Build type: Release
 Version:    1.1.0

 Start time: Sun May  9 18:42:12 2021

 Data directory: /work/zw18965/.local/qcore/share/entos/1.1.0/data
 Number of threads: 24
 Number of threads was determined by: command line argument
  - More threads can be used by running 'qcore -n 32'

 --------------------------------------------------------------------------------
                                command: optimize                                
 --------------------------------------------------------------------------------
 Using coordinate system:                tric
 Hessian update scheme:                  bfgs

 ------------------------------------------------------------------------------------------------------------
                   energy      change    grad rms    grad max    step rms    step max       trust    time (s)
 ------------------------------------------------------------------------------------------------------------
   1       -56.488383565                1.85e-03    3.57e-03                            2.00e-01        6.69
   2       -56.488484202   -1.01e-04    7.41e-04    2.15e-03    1.28e-02    1.10e-02    2.00e-01        6.05
   3       -56.488507862   -2.37e-05    5.88e-04    1.45e-03    8.46e-03    8.94e-03    2.00e-01        6.05
   4       -56.488512230   -4.37e-06    2.72e-04    5.43e-04    2.88e-03    3.51e-03    2.00e-01        6.04
   5       -56.488512960   -7.29e-07    3.12e-05    5.79e-05    8.58e-04    9.52e-04    2.00e-01        6.03
 Geometry optimization stopped:          thresholds achieved

 Final energy:                         -56.488512960

 -----------
  Final XYZ 
 -----------
4
Final structure: -56.4885 hartree
N           -0.002535012         -0.000590704          0.276986154
H           -0.517277563         -0.779781228         -0.098777763
H           -0.415639102          0.838940564         -0.094272272
H            0.935353024         -0.058469060         -0.084005079

 Structure in entos input format:

  structure(
    xyz = [
      ['N'  ,         -0.002535012,         -0.000590704,          0.276986154],
      ['H'  ,         -0.517277563,         -0.779781228,         -0.098777763],
      ['H'  ,         -0.415639102,          0.838940564,         -0.094272272],
      ['H'  ,          0.935353024,         -0.058469060,         -0.084005079]
    ]
  )

 --------------------------------
  Geometry optimization finished 
 --------------------------------
 Saving results in set 'opt'

 --------------------------------------------------------------------------------
                                 command: hessian                                
 --------------------------------------------------------------------------------

WARNING: numerical method is specified for dft hessian, which is not efficient. Try switching to 'method = analytic'


 -------------------------------
  Numerical Geometrical Hessian 
 -------------------------------

 Compute hessian using two-point central differentiation.
 Step size (bohr):                       0.0100

 Frequencies (including translational and rotational modes):
 mode    frequency (cm-1)
    0               50.24 i (imaginary)
    1               31.94 i (imaginary)
    2               12.21 i (imaginary)
    3                4.11 i (imaginary)
    4                4.28
    5                7.30
    6             1041.61
    7             1692.61
    8             1692.76
    9             3551.92
   10             3677.23
   11             3677.43

 Project out translational and rotational motions 

 Degrees of freedom for translational and rotational motions: 6

 Vibrational frequencies:
 mode    frequency (cm-1)
    0             1041.61
    1             1692.61
    2             1692.76
    3             3551.92
    4             3677.23
    5             3677.43

 --------------------------------------------------------------------------------

 End time:                               Sun May  9 18:45:36 2021
 Total wall-clock time:                203.168 seconds
==================================================================================
