
================================================================================
          _____________ ________ _______________ ________     _________         
         / ___________// ______ \\_____   _____// ______ \   / ________)        
        / /_________  / /      \ \     | |     / /      \ \ | (_______          
       |  __________|| |        | |    | |    | |        | | \________ \        
        \ \_________ | |        | |    | |     \ \______/ /___________) |       
         \__________||_|        |_|    |_|      \________//____________/        
                                                                                
====================================[ Qcore ]===================================

 Git hash:   15a3e7daff0cda5fa9af010ccd19a80288182ecf
 Git date:   Fri, 16 Apr 2021 15:57:16 +0100
 Compiler:   GNU 9.1.0
 Build type: Release
 Version:    1.1.0

 Start time: Sun May  9 18:45:36 2021

 Data directory: /work/zw18965/.local/qcore/share/entos/1.1.0/data
 Number of threads: 24
 Number of threads was determined by: command line argument
  - More threads can be used by running 'qcore -n 32'

 --------------------------------------------------------------------------------
                                command: optimize                                
 --------------------------------------------------------------------------------
 Using coordinate system:                tric
 Hessian update scheme:                  bfgs

 ------------------------------------------------------------------------------------------------------------
                   energy      change    grad rms    grad max    step rms    step max       trust    time (s)
 ------------------------------------------------------------------------------------------------------------
   1      -184.494040387                1.37e-02    2.92e-02                            2.00e-01       15.54
   2      -184.494732205   -6.92e-04    3.28e-03    7.72e-03    1.83e-02    2.37e-02    2.00e-01       13.93
   3      -184.494753223   -2.10e-05    8.03e-04    1.97e-03    2.45e-03    5.67e-03    2.00e-01       14.53
   4      -184.494754283   -1.06e-06    2.62e-05    5.86e-05    5.48e-04    1.34e-03    2.00e-01       14.01
   5      -184.494754284   -1.23e-09    1.27e-06    2.51e-06    1.59e-05    3.83e-05    2.00e-01       13.53
 Geometry optimization stopped:          thresholds achieved

 Final energy:                        -184.494754284

 -----------
  Final XYZ 
 -----------
3
Final structure: -184.495 hartree
N            0.000001638         -0.000002614         -1.114478616
N            0.000009477          0.000000307         -0.000548095
O            0.000017582          0.000003194          1.173996304

 Structure in entos input format:

  structure(
    xyz = [
      ['N'  ,          0.000001638,         -0.000002614,         -1.114478616],
      ['N'  ,          0.000009477,          0.000000307,         -0.000548095],
      ['O'  ,          0.000017582,          0.000003194,          1.173996304]
    ]
  )

 --------------------------------
  Geometry optimization finished 
 --------------------------------
 Saving results in set 'opt'

 --------------------------------------------------------------------------------
                                 command: hessian                                
 --------------------------------------------------------------------------------

WARNING: numerical method is specified for dft hessian, which is not efficient. Try switching to 'method = analytic'


 -------------------------------
  Numerical Geometrical Hessian 
 -------------------------------

 Compute hessian using two-point central differentiation.
 Step size (bohr):                       0.0100

 Frequencies (including translational and rotational modes):
 mode    frequency (cm-1)
    0                3.78 i (imaginary)
    1                1.42
    2                3.63
    3               10.88
    4               11.09
    5              636.91
    6              636.92
    7             1368.05
    8             2407.77

 Project out translational and rotational motions 

 Degrees of freedom for translational and rotational motions: 6

 Vibrational frequencies:
 mode    frequency (cm-1)
    0              636.92
    1             1368.05
    2             2407.77

 --------------------------------------------------------------------------------

 End time:                               Sun May  9 18:52:03 2021
 Total wall-clock time:                387.243 seconds
==================================================================================
