
================================================================================
          _____________ ________ _______________ ________     _________         
         / ___________// ______ \\_____   _____// ______ \   / ________)        
        / /_________  / /      \ \     | |     / /      \ \ | (_______          
       |  __________|| |        | |    | |    | |        | | \________ \        
        \ \_________ | |        | |    | |     \ \______/ /___________) |       
         \__________||_|        |_|    |_|      \________//____________/        
                                                                                
====================================[ Qcore ]===================================

 Git hash:   15a3e7daff0cda5fa9af010ccd19a80288182ecf
 Git date:   Fri, 16 Apr 2021 15:57:16 +0100
 Compiler:   GNU 9.1.0
 Build type: Release
 Version:    1.1.0

 Start time: Sun May  9 19:01:25 2021

 Data directory: /work/zw18965/.local/qcore/share/entos/1.1.0/data
 Number of threads: 24
 Number of threads was determined by: command line argument
  - More threads can be used by running 'qcore -n 32'

 --------------------------------------------------------------------------------
                                command: optimize                                
 --------------------------------------------------------------------------------
 Using coordinate system:                tric
 Hessian update scheme:                  bfgs

 ------------------------------------------------------------------------------------------------------------
                   energy      change    grad rms    grad max    step rms    step max       trust    time (s)
 ------------------------------------------------------------------------------------------------------------
   1      -342.841052909                4.43e-03    8.14e-03                            2.00e-01       10.46
   2      -342.841578945   -5.26e-04    2.25e-03    6.71e-03    7.77e-02    5.88e-02    2.00e-01        9.53
   3      -342.841706796   -1.28e-04    6.62e-04    1.72e-03    2.21e-02    2.09e-02    2.00e-01        9.45
   4      -342.841712733   -5.94e-06    9.64e-05    2.04e-04    2.48e-03    3.38e-03    2.00e-01        9.44
   5      -342.841712902   -1.69e-07    5.53e-06    8.51e-06    5.66e-04    6.54e-04    2.00e-01        9.30
 Geometry optimization stopped:          thresholds achieved

 Final energy:                        -342.841712902

 -----------
  Final XYZ 
 -----------
4
Final structure: -342.842 hartree
P           -0.004913655         -0.001069230          0.566352471
H           -0.656951377         -0.991328021         -0.196307311
H           -0.527833220          1.066543582         -0.191404308
H            1.189654816         -0.074229075         -0.178652406

 Structure in entos input format:

  structure(
    xyz = [
      ['P'  ,         -0.004913655,         -0.001069230,          0.566352471],
      ['H'  ,         -0.656951377,         -0.991328021,         -0.196307311],
      ['H'  ,         -0.527833220,          1.066543582,         -0.191404308],
      ['H'  ,          1.189654816,         -0.074229075,         -0.178652406]
    ]
  )

 --------------------------------
  Geometry optimization finished 
 --------------------------------
 Saving results in set 'opt'

 --------------------------------------------------------------------------------
                                 command: hessian                                
 --------------------------------------------------------------------------------

WARNING: numerical method is specified for dft hessian, which is not efficient. Try switching to 'method = analytic'


 -------------------------------
  Numerical Geometrical Hessian 
 -------------------------------

 Compute hessian using two-point central differentiation.
 Step size (bohr):                       0.0100

 Frequencies (including translational and rotational modes):
 mode    frequency (cm-1)
    0               54.79 i (imaginary)
    1               34.97 i (imaginary)
    2                2.73 i (imaginary)
    3                1.69
    4                4.43
    5               37.86
    6             1040.31
    7             1167.77
    8             1169.13
    9             2455.57
   10             2461.04
   11             2461.09

 Project out translational and rotational motions 

 Degrees of freedom for translational and rotational motions: 6

 Vibrational frequencies:
 mode    frequency (cm-1)
    0             1040.31
    1             1167.77
    2             1169.13
    3             2455.57
    4             2461.04
    5             2461.09

 --------------------------------------------------------------------------------

 End time:                               Sun May  9 19:06:35 2021
 Total wall-clock time:                310.730 seconds
==================================================================================
