
================================================================================
          _____________ ________ _______________ ________     _________         
         / ___________// ______ \\_____   _____// ______ \   / ________)        
        / /_________  / /      \ \     | |     / /      \ \ | (_______          
       |  __________|| |        | |    | |    | |        | | \________ \        
        \ \_________ | |        | |    | |     \ \______/ /___________) |       
         \__________||_|        |_|    |_|      \________//____________/        
                                                                                
====================================[ Qcore ]===================================

 Git hash:   15a3e7daff0cda5fa9af010ccd19a80288182ecf
 Git date:   Fri, 16 Apr 2021 15:57:16 +0100
 Compiler:   GNU 9.1.0
 Build type: Release
 Version:    1.1.0

 Start time: Sun May  9 19:18:43 2021

 Data directory: /work/zw18965/.local/qcore/share/entos/1.1.0/data
 Number of threads: 24
 Number of threads was determined by: command line argument
  - More threads can be used by running 'qcore -n 32'

 --------------------------------------------------------------------------------
                                command: optimize                                
 --------------------------------------------------------------------------------
 Using coordinate system:                tric
 Hessian update scheme:                  bfgs

 ------------------------------------------------------------------------------------------------------------
                   energy      change    grad rms    grad max    step rms    step max       trust    time (s)
 ------------------------------------------------------------------------------------------------------------
   1      -115.594187367                4.78e-03    9.78e-03                            2.00e-01       45.94
   2      -115.594552631   -3.65e-04    1.31e-03    2.51e-03    1.65e-02    1.69e-02    2.00e-01       43.71
   3      -115.594576691   -2.41e-05    2.71e-04    8.08e-04    5.21e-03    5.83e-03    2.00e-01       44.97
   4      -115.594577556   -8.65e-07    1.48e-04    4.17e-04    7.30e-04    1.00e-03    2.00e-01       43.32
   5      -115.594577925   -3.69e-07    9.70e-06    2.33e-05    6.84e-04    1.24e-03    2.00e-01       43.70
   6      -115.594577935   -9.96e-09    5.18e-06    1.37e-05    5.41e-05    3.13e-04    2.00e-01       43.56
 Geometry optimization stopped:          thresholds achieved

 Final energy:                        -115.594577935

 -----------
  Final XYZ 
 -----------
6
Final structure: -115.595 hartree
C           -0.361071454         -0.041438295         -0.014923551
O            0.990891701         -0.343406076         -0.277457789
H           -0.524980883          1.028783798          0.096913735
H           -0.615984320         -0.526636760          0.918868021
H           -1.021493390         -0.421486095         -0.792201098
H            1.248879636          0.070526124         -1.096955933

 Structure in entos input format:

  structure(
    xyz = [
      ['C'  ,         -0.361071454,         -0.041438295,         -0.014923551],
      ['O'  ,          0.990891701,         -0.343406076,         -0.277457789],
      ['H'  ,         -0.524980883,          1.028783798,          0.096913735],
      ['H'  ,         -0.615984320,         -0.526636760,          0.918868021],
      ['H'  ,         -1.021493390,         -0.421486095,         -0.792201098],
      ['H'  ,          1.248879636,          0.070526124,         -1.096955933]
    ]
  )

 --------------------------------
  Geometry optimization finished 
 --------------------------------
 Saving results in set 'opt'

 --------------------------------------------------------------------------------
                                 command: hessian                                
 --------------------------------------------------------------------------------

WARNING: numerical method is specified for dft hessian, which is not efficient. Try switching to 'method = analytic'


 -------------------------------
  Numerical Geometrical Hessian 
 -------------------------------

 Compute hessian using two-point central differentiation.
 Step size (bohr):                       0.0100

 Frequencies (including translational and rotational modes):
 mode    frequency (cm-1)
    0               21.98 i (imaginary)
    1                6.29 i (imaginary)
    2                4.80
    3                7.30
    4               15.00
    5               16.93
    6              293.20
    7             1080.75
    8             1109.61
    9             1200.22
   10             1392.51
   11             1509.95
   12             1531.98
   13             1542.37
   14             3060.16
   15             3111.48
   16             3176.22
   17             3932.81

 Project out translational and rotational motions 

 Degrees of freedom for translational and rotational motions: 6

 Vibrational frequencies:
 mode    frequency (cm-1)
    0              293.19
    1             1080.75
    2             1109.61
    3             1200.22
    4             1392.51
    5             1509.95
    6             1531.98
    7             1542.37
    8             3060.16
    9             3111.48
   10             3176.22
   11             3932.81

 --------------------------------------------------------------------------------

 End time:                               Sun May  9 19:54:24 2021
 Total wall-clock time:               2141.847 seconds
==================================================================================
