
================================================================================
          _____________ ________ _______________ ________     _________         
         / ___________// ______ \\_____   _____// ______ \   / ________)        
        / /_________  / /      \ \     | |     / /      \ \ | (_______          
       |  __________|| |        | |    | |    | |        | | \________ \        
        \ \_________ | |        | |    | |     \ \______/ /___________) |       
         \__________||_|        |_|    |_|      \________//____________/        
                                                                                
====================================[ Qcore ]===================================

 Git hash:   d7b96e150f16f58335a7fa73750988b0021d72d1
 Git date:   Thu, 15 Apr 2021 11:52:41 +0100
 Compiler:   GNU 9.1.0
 Build type: Release
 Version:    1.1.0

 Start time: Thu Apr 15 16:13:06 2021

 Data directory: /work/zw18965/.local/qcore/share/entos/1.1.0/data
 Number of threads: 24
 Number of threads was determined by: command line argument
  - More threads can be used by running 'qcore -n 32'

 --------------------------------------------------------------------------------
                                command: optimize                                
 --------------------------------------------------------------------------------
 Using coordinate system:                tric
 Hessian update scheme:                  bfgs

 ------------------------------------------------------------------------------------------------------------
                   energy      change    grad rms    grad max    step rms    step max       trust    time (s)
 ------------------------------------------------------------------------------------------------------------
   1      -919.779469854                6.03e-03    1.04e-02                            2.00e-01        6.28
   2      -919.779736591   -2.67e-04    5.05e-04    8.75e-04    2.31e-02    4.62e-02    2.00e-01        4.81
   3      -919.779738448   -1.86e-06    3.44e-05    5.95e-05    2.11e-03    4.22e-03    2.00e-01        4.67
Rejecting step due to low quality: Quality: -1.11194 New trust radius: 6.72334e-05
   4      -919.779738439    8.90e-09    3.44e-05    5.95e-05    1.34e-04    2.69e-04    6.72e-05        4.36
 Geometry optimization stopped:          thresholds achieved

 Final energy:                        -919.779738439

 -----------
  Final XYZ 
 -----------
2
Final structure: -919.78 hartree
Cl          -0.991970384         -0.000000007         -0.000000007
Cl           0.991970384          0.000000007          0.000000007

 Structure in entos input format:

  structure(
    xyz = [
      ['Cl' ,         -0.991970384,         -0.000000007,         -0.000000007],
      ['Cl' ,          0.991970384,          0.000000007,          0.000000007]
    ]
  )

 --------------------------------
  Geometry optimization finished 
 --------------------------------
 Saving results in set 'opt'

 --------------------------------------------------------------------------------
                                 command: hessian                                
 --------------------------------------------------------------------------------

WARNING: semianalytic method is specified for dft hessian, which is not efficient. Try switching to 'method = analytic'


 -------------------------------
  Numerical Geometrical Hessian 
 -------------------------------

 Compute hessian using two-point central differentiation.
 Step size (bohr):                       0.0100

 Frequencies (including translational and rotational modes):
 mode    frequency (cm-1)
    0               11.83 i (imaginary)
    1               11.73 i (imaginary)
    2                0.28 i (imaginary)
    3                0.09
    4                0.30
    5              574.10

 Project out translational and rotational motions 

 The molecule is linear

 Degrees of freedom for translational and rotational motions: 5

 Vibrational frequencies:
 mode    frequency (cm-1)
    0              574.10

 --------------------------------------------------------------------------------

 End time:                               Thu Apr 15 16:14:29 2021
 Total wall-clock time:                 82.750 seconds
==================================================================================
