
================================================================================
          _____________ ________ _______________ ________     _________         
         / ___________// ______ \\_____   _____// ______ \   / ________)        
        / /_________  / /      \ \     | |     / /      \ \ | (_______          
       |  __________|| |        | |    | |    | |        | | \________ \        
        \ \_________ | |        | |    | |     \ \______/ /___________) |       
         \__________||_|        |_|    |_|      \________//____________/        
                                                                                
====================================[ Qcore ]===================================

 Git hash:   d7b96e150f16f58335a7fa73750988b0021d72d1
 Git date:   Thu, 15 Apr 2021 11:52:41 +0100
 Compiler:   GNU 9.1.0
 Build type: Release
 Version:    1.1.0

 Start time: Thu Apr 15 16:15:00 2021

 Data directory: /work/zw18965/.local/qcore/share/entos/1.1.0/data
 Number of threads: 24
 Number of threads was determined by: command line argument

 --------------------------------------------------------------------------------
                                command: optimize                                
 --------------------------------------------------------------------------------
 Using coordinate system:                tric
 Hessian update scheme:                  bfgs

 ------------------------------------------------------------------------------------------------------------
                   energy      change    grad rms    grad max    step rms    step max       trust    time (s)
 ------------------------------------------------------------------------------------------------------------
   1      -833.855111926                4.94e-03    1.05e-02                            2.00e-01       17.07
   2      -833.855264664   -1.53e-04    2.35e-03    4.98e-03    7.95e-03    9.74e-03    2.00e-01       13.52
   3      -833.855309126   -4.45e-05    6.80e-05    1.49e-04    7.20e-03    8.82e-03    2.00e-01       13.15
Rejecting step due to low quality: Quality: -1.11159 New trust radius: 0.000101311
   4      -833.855309086    3.98e-08    6.80e-05    1.49e-04    2.03e-04    2.52e-04    1.01e-04       12.62
 Geometry optimization stopped:          thresholds achieved

 Final energy:                        -833.855309086

 -----------
  Final XYZ 
 -----------
3
Final structure: -833.855 hartree
S            1.543700980          0.000499586         -0.000000378
C           -0.000000401         -0.000004744          0.000000526
S           -1.543700326         -0.000494848         -0.000000148

 Structure in entos input format:

  structure(
    xyz = [
      ['S'  ,          1.543700980,          0.000499586,         -0.000000378],
      ['C'  ,         -0.000000401,         -0.000004744,          0.000000526],
      ['S'  ,         -1.543700326,         -0.000494848,         -0.000000148]
    ]
  )

 --------------------------------
  Geometry optimization finished 
 --------------------------------
 Saving results in set 'opt'

 --------------------------------------------------------------------------------
                                 command: hessian                                
 --------------------------------------------------------------------------------

WARNING: semianalytic method is specified for dft hessian, which is not efficient. Try switching to 'method = analytic'


 -------------------------------
  Numerical Geometrical Hessian 
 -------------------------------

 Compute hessian using two-point central differentiation.
 Step size (bohr):                       0.0100

 Frequencies (including translational and rotational modes):
 mode    frequency (cm-1)
    0                8.44 i (imaginary)
    1                8.13 i (imaginary)
    2                0.69 i (imaginary)
    3                0.63 i (imaginary)
    4                0.06
    5              414.30
    6              414.36
    7              696.33
    8             1591.73

 Project out translational and rotational motions 

 Degrees of freedom for translational and rotational motions: 6

 Vibrational frequencies:
 mode    frequency (cm-1)
    0              414.30
    1              696.33
    2             1591.73

 --------------------------------------------------------------------------------

 End time:                               Thu Apr 15 16:20:21 2021
 Total wall-clock time:                321.073 seconds
==================================================================================
