
================================================================================
          _____________ ________ _______________ ________     _________         
         / ___________// ______ \\_____   _____// ______ \   / ________)        
        / /_________  / /      \ \     | |     / /      \ \ | (_______          
       |  __________|| |        | |    | |    | |        | | \________ \        
        \ \_________ | |        | |    | |     \ \______/ /___________) |       
         \__________||_|        |_|    |_|      \________//____________/        
                                                                                
====================================[ Qcore ]===================================

 Git hash:   d7b96e150f16f58335a7fa73750988b0021d72d1
 Git date:   Thu, 15 Apr 2021 11:52:41 +0100
 Compiler:   GNU 9.1.0
 Build type: Release
 Version:    1.1.0

 Start time: Thu Apr 15 16:17:07 2021

 Data directory: /work/zw18965/.local/qcore/share/entos/1.1.0/data
 Number of threads: 24
 Number of threads was determined by: command line argument
  - More threads can be used by running 'qcore -n 32'

 --------------------------------------------------------------------------------
                                command: optimize                                
 --------------------------------------------------------------------------------
 Using coordinate system:                tric
 Hessian update scheme:                  bfgs

 ------------------------------------------------------------------------------------------------------------
                   energy      change    grad rms    grad max    step rms    step max       trust    time (s)
 ------------------------------------------------------------------------------------------------------------
   1      -399.094952180                4.45e-03    9.55e-03                            2.00e-01        4.44
   2      -399.095078949   -1.27e-04    1.73e-03    3.67e-03    8.05e-03    1.37e-02    2.00e-01        2.92
   3      -399.095101724   -2.28e-05    5.25e-05    1.10e-04    5.33e-03    8.79e-03    2.00e-01        2.85
   4      -399.095101723    1.53e-09    1.47e-06    2.59e-06    1.77e-04    2.82e-04    8.85e-05        2.64
 Geometry optimization stopped:          thresholds achieved

 Final energy:                        -399.095101723

 -----------
  Final XYZ 
 -----------
3
Final structure: -399.095 hartree
S           -0.001490958          0.613018916         -0.000000022
H            0.965969017         -0.304158497          0.000000048
H           -0.964478059         -0.308860414         -0.000000025

 Structure in entos input format:

  structure(
    xyz = [
      ['S'  ,         -0.001490958,          0.613018916,         -0.000000022],
      ['H'  ,          0.965969017,         -0.304158497,          0.000000048],
      ['H'  ,         -0.964478059,         -0.308860414,         -0.000000025]
    ]
  )

 --------------------------------
  Geometry optimization finished 
 --------------------------------
 Saving results in set 'opt'

 --------------------------------------------------------------------------------
                                 command: hessian                                
 --------------------------------------------------------------------------------

WARNING: semianalytic method is specified for dft hessian, which is not efficient. Try switching to 'method = analytic'


 -------------------------------
  Numerical Geometrical Hessian 
 -------------------------------

 Compute hessian using two-point central differentiation.
 Step size (bohr):                       0.0100

 Frequencies (including translational and rotational modes):
 mode    frequency (cm-1)
    0               32.82 i (imaginary)
    1                1.19 i (imaginary)
    2                0.24 i (imaginary)
    3               21.70
    4               56.31
    5               90.89
    6             1240.29
    7             2763.52
    8             2775.50

 Project out translational and rotational motions 

 Degrees of freedom for translational and rotational motions: 6

 Vibrational frequencies:
 mode    frequency (cm-1)
    0             1240.28
    1             2763.52
    2             2775.50

 --------------------------------------------------------------------------------

 End time:                               Thu Apr 15 16:18:16 2021
 Total wall-clock time:                 68.947 seconds
==================================================================================
