
================================================================================
          _____________ ________ _______________ ________     _________         
         / ___________// ______ \\_____   _____// ______ \   / ________)        
        / /_________  / /      \ \     | |     / /      \ \ | (_______          
       |  __________|| |        | |    | |    | |        | | \________ \        
        \ \_________ | |        | |    | |     \ \______/ /___________) |       
         \__________||_|        |_|    |_|      \________//____________/        
                                                                                
====================================[ Qcore ]===================================

 Git hash:   d7b96e150f16f58335a7fa73750988b0021d72d1
 Git date:   Thu, 15 Apr 2021 11:52:41 +0100
 Compiler:   GNU 9.1.0
 Build type: Release
 Version:    1.1.0

 Start time: Thu Apr 15 16:20:24 2021

 Data directory: /work/zw18965/.local/qcore/share/entos/1.1.0/data
 Number of threads: 24
 Number of threads was determined by: command line argument

 --------------------------------------------------------------------------------
                                command: optimize                                
 --------------------------------------------------------------------------------
 Using coordinate system:                tric
 Hessian update scheme:                  bfgs

 ------------------------------------------------------------------------------------------------------------
                   energy      change    grad rms    grad max    step rms    step max       trust    time (s)
 ------------------------------------------------------------------------------------------------------------
   1      -115.602365577                5.06e-03    1.08e-02                            2.00e-01       17.97
   2      -115.602778773   -4.13e-04    1.34e-03    2.27e-03    1.74e-02    1.86e-02    2.00e-01       14.59
   3      -115.602804982   -2.62e-05    2.22e-04    6.50e-04    5.40e-03    6.02e-03    2.00e-01       15.11
   4      -115.602805399   -4.18e-07    1.15e-04    3.39e-04    5.83e-04    1.41e-03    2.00e-01       14.10
   5      -115.602805462   -6.25e-08    3.72e-05    1.18e-04    8.59e-04    9.00e-04    4.30e-04       13.68
 Geometry optimization stopped:          thresholds achieved

 Final energy:                        -115.602805462

 -----------
  Final XYZ 
 -----------
6
Final structure: -115.603 hartree
C           -0.360375570         -0.041391574         -0.015007047
O            0.990179598         -0.343198680         -0.277661319
H           -0.524255222          1.028297284          0.096670790
H           -0.615683488         -0.525853634          0.918464060
H           -1.021218144         -0.420873019         -0.791555786
H            1.247909986          0.069194762         -1.096715642

 Structure in entos input format:

  structure(
    xyz = [
      ['C'  ,         -0.360375570,         -0.041391574,         -0.015007047],
      ['O'  ,          0.990179598,         -0.343198680,         -0.277661319],
      ['H'  ,         -0.524255222,          1.028297284,          0.096670790],
      ['H'  ,         -0.615683488,         -0.525853634,          0.918464060],
      ['H'  ,         -1.021218144,         -0.420873019,         -0.791555786],
      ['H'  ,          1.247909986,          0.069194762,         -1.096715642]
    ]
  )

 --------------------------------
  Geometry optimization finished 
 --------------------------------
 Saving results in set 'opt'

 --------------------------------------------------------------------------------
                                 command: hessian                                
 --------------------------------------------------------------------------------

WARNING: semianalytic method is specified for dft hessian, which is not efficient. Try switching to 'method = analytic'


 -------------------------------
  Numerical Geometrical Hessian 
 -------------------------------

 Compute hessian using two-point central differentiation.
 Step size (bohr):                       0.0100

 Frequencies (including translational and rotational modes):
 mode    frequency (cm-1)
    0              168.00 i (imaginary)
    1              129.73 i (imaginary)
    2               49.88 i (imaginary)
    3               30.14 i (imaginary)
    4               30.77
    5              114.37
    6              208.62
    7             1088.04
    8             1100.28
    9             1204.00
   10             1426.85
   11             1515.81
   12             1532.40
   13             1546.90
   14             3049.47
   15             3115.39
   16             3169.64
   17             3930.62

 Project out translational and rotational motions 

 Degrees of freedom for translational and rotational motions: 6

 Vibrational frequencies:
 mode    frequency (cm-1)
    0              125.82
    1             1086.49
    2             1099.90
    3             1203.75
    4             1425.96
    5             1515.62
    6             1532.11
    7             1546.77
    8             3049.45
    9             3115.39
   10             3169.64
   11             3930.61

 --------------------------------------------------------------------------------

 End time:                               Thu Apr 15 16:30:42 2021
 Total wall-clock time:                617.966 seconds
==================================================================================
