
================================================================================
          _____________ ________ _______________ ________     _________         
         / ___________// ______ \\_____   _____// ______ \   / ________)        
        / /_________  / /      \ \     | |     / /      \ \ | (_______          
       |  __________|| |        | |    | |    | |        | | \________ \        
        \ \_________ | |        | |    | |     \ \______/ /___________) |       
         \__________||_|        |_|    |_|      \________//____________/        
                                                                                
====================================[ Qcore ]===================================

 Git hash:   15a3e7daff0cda5fa9af010ccd19a80288182ecf
 Git date:   Fri, 16 Apr 2021 15:57:16 +0100
 Compiler:   GNU 9.1.0
 Build type: Release
 Version:    1.1.0

 Start time: Fri Apr 23 14:25:25 2021

 Data directory: /work/zw18965/.local/qcore/share/entos/1.1.0/data
 Number of threads: 24
 Number of threads was determined by: command line argument
  - More threads can be used by running 'qcore -n 32'

 --------------------------------------------------------------------------------
                                command: optimize                                
 --------------------------------------------------------------------------------
 Using coordinate system:                tric
 Hessian update scheme:                  bfgs

 ------------------------------------------------------------------------------------------------------------
                   energy      change    grad rms    grad max    step rms    step max       trust    time (s)
 ------------------------------------------------------------------------------------------------------------
   1       -40.520442632                6.62e-04    1.11e-03                            2.00e-01        0.83
   2       -40.520451626   -8.99e-06    1.76e-04    2.91e-04    2.53e-03    2.64e-03    2.00e-01        0.52
   3       -40.520452557   -9.31e-07    1.65e-05    2.92e-05    9.51e-04    2.17e-03    2.00e-01        0.51
   4       -40.520452786   -2.30e-07    3.59e-05    6.51e-05    1.28e-04    2.08e-03    2.00e-01        0.51
   5       -40.520454940   -2.15e-06    1.93e-04    2.91e-04    8.35e-04    2.76e-02    2.00e-01        0.56
   6       -40.520456756   -1.82e-06    2.39e-04    3.67e-04    4.46e-04    3.07e-02    2.00e-01        0.54
   7       -40.520459220   -2.46e-06    1.69e-04    2.60e-04    9.19e-04    4.00e-02    2.00e-01        0.53
   8       -40.520461380   -2.16e-06    4.95e-05    1.10e-04    1.33e-03    4.11e-02    2.00e-01        0.52
   9       -40.520462389   -1.01e-06    7.96e-05    1.43e-04    5.53e-04    1.43e-02    2.00e-01        0.51
  10       -40.520464403   -2.01e-06    1.59e-04    2.38e-04    7.47e-04    1.09e-02    2.00e-01        0.50
  11       -40.520468756   -4.35e-06    2.98e-04    4.37e-04    1.27e-03    5.16e-02    2.00e-01        0.52
  12       -40.520472762   -4.01e-06    2.42e-04    3.69e-04    7.98e-04    3.27e-02    2.00e-01        0.51
  13       -40.520475436   -2.67e-06    7.18e-05    1.19e-04    1.19e-03    4.17e-02    2.00e-01        0.52
  14       -40.520477542   -2.11e-06    1.98e-04    5.00e-04    1.23e-03    5.39e-02    2.00e-01        0.53
  15       -40.520476322    1.22e-06    7.33e-04    1.60e-03    2.48e-03    1.52e-01    1.24e-03        0.55
  16       -40.520486236   -9.91e-06    5.19e-04    1.29e-03    1.24e-03    5.41e-02    1.24e-03        0.54
  17       -40.520490050   -3.81e-06    3.53e-04    8.67e-04    1.24e-03    1.37e-02    1.75e-03        0.50
  18       -40.520492962   -2.91e-06    9.83e-05    2.38e-04    1.75e-03    6.44e-03    2.48e-03        0.54
  19       -40.520493415   -4.52e-07    1.92e-05    3.29e-05    6.58e-04    6.49e-03    2.48e-03        0.50
  20       -40.520493507   -9.24e-08    2.92e-05    5.76e-05    7.96e-05    1.43e-03    2.48e-03        0.48
  21       -40.520493729   -2.22e-07    3.76e-05    8.48e-05    1.05e-04    4.46e-03    2.48e-03        0.51
  22       -40.520493769   -4.01e-08    1.93e-05    5.24e-05    1.19e-04    2.36e-03    2.48e-03        0.50
  23       -40.520493781   -1.19e-08    3.56e-06    1.18e-05    1.07e-04    9.32e-04    2.48e-03        0.47
 Geometry optimization stopped:          thresholds achieved

 Final energy:                         -40.520493781

 -----------
  Final XYZ 
 -----------
5
Final structure: -40.5205 hartree
C            0.000063309          0.000454038         -0.000418940
H            0.517859652          0.826473057          0.482227770
H            0.645364932         -0.875377439         -0.011455747
H           -0.909418795         -0.228021928          0.551101269
H           -0.253969096          0.276572270         -1.021454448

 Structure in entos input format:

  structure(
    xyz = [
      ['C'  ,          0.000063309,          0.000454038,         -0.000418940],
      ['H'  ,          0.517859652,          0.826473057,          0.482227770],
      ['H'  ,          0.645364932,         -0.875377439,         -0.011455747],
      ['H'  ,         -0.909418795,         -0.228021928,          0.551101269],
      ['H'  ,         -0.253969096,          0.276572270,         -1.021454448]
    ]
  )

 --------------------------------
  Geometry optimization finished 
 --------------------------------
 Saving results in set 'opt'

 --------------------------------------------------------------------------------
                                 command: hessian                                
 --------------------------------------------------------------------------------

WARNING: semianalytic method is specified for dft hessian, which is not efficient. Try switching to 'method = analytic'


 -------------------------------
  Numerical Geometrical Hessian 
 -------------------------------

 Compute hessian using two-point central differentiation.
 Step size (bohr):                       0.0100

 Frequencies (including translational and rotational modes):
 mode    frequency (cm-1)
    0                0.04 i (imaginary)
    1                0.03 i (imaginary)
    2                0.01 i (imaginary)
    3              131.15
    4              206.92
    5              226.00
    6             1347.44
    7             1356.95
    8             1357.49
    9             1570.45
   10             1574.05
   11             3055.21
   12             3175.15
   13             3176.03
   14             3176.70

 Project out translational and rotational motions 

 Degrees of freedom for translational and rotational motions: 6

 Vibrational frequencies:
 mode    frequency (cm-1)
    0             1347.36
    1             1356.94
    2             1357.46
    3             1570.42
    4             1574.04
    5             3055.21
    6             3175.15
    7             3176.03
    8             3176.70

 --------------------------------------------------------------------------------

 End time:                               Fri Apr 23 14:25:54 2021
 Total wall-clock time:                 28.773 seconds
==================================================================================
