
================================================================================
          _____________ ________ _______________ ________     _________         
         / ___________// ______ \\_____   _____// ______ \   / ________)        
        / /_________  / /      \ \     | |     / /      \ \ | (_______          
       |  __________|| |        | |    | |    | |        | | \________ \        
        \ \_________ | |        | |    | |     \ \______/ /___________) |       
         \__________||_|        |_|    |_|      \________//____________/        
                                                                                
====================================[ Qcore ]===================================

 Git hash:   15a3e7daff0cda5fa9af010ccd19a80288182ecf
 Git date:   Fri, 16 Apr 2021 15:57:16 +0100
 Compiler:   GNU 9.1.0
 Build type: Release
 Version:    1.1.0

 Start time: Fri Apr 23 14:26:20 2021

 Data directory: /work/zw18965/.local/qcore/share/entos/1.1.0/data
 Number of threads: 24
 Number of threads was determined by: command line argument
  - More threads can be used by running 'qcore -n 32'

 --------------------------------------------------------------------------------
                                command: optimize                                
 --------------------------------------------------------------------------------
 Using coordinate system:                tric
 Hessian update scheme:                  bfgs

 ------------------------------------------------------------------------------------------------------------
                   energy      change    grad rms    grad max    step rms    step max       trust    time (s)
 ------------------------------------------------------------------------------------------------------------
   1      -559.991676614                1.54e-02    2.67e-02                            2.00e-01        0.76
   2      -559.992475540   -7.99e-04    9.90e-03    1.71e-02    1.82e-02    3.64e-02    2.00e-01        0.40
   3      -559.992977579   -5.02e-04    1.39e-03    2.41e-03    3.28e-02    6.56e-02    2.00e-01        0.39
   4      -559.992986480   -8.90e-06    1.12e-04    1.94e-04    4.04e-03    8.08e-03    2.00e-01        0.39
   5      -559.992986539   -5.92e-08    1.23e-06    2.13e-06    3.01e-04    6.03e-04    2.00e-01        0.35
 Geometry optimization stopped:          thresholds achieved

 Final energy:                        -559.992986539

 -----------
  Final XYZ 
 -----------
2
Final structure: -559.993 hartree
Cl           0.809214985          0.000000081         -0.000000149
F           -0.809214984         -0.000000081          0.000000149

 Structure in entos input format:

  structure(
    xyz = [
      ['Cl' ,          0.809214985,          0.000000081,         -0.000000149],
      ['F'  ,         -0.809214984,         -0.000000081,          0.000000149]
    ]
  )

 --------------------------------
  Geometry optimization finished 
 --------------------------------
 Saving results in set 'opt'

 --------------------------------------------------------------------------------
                                 command: hessian                                
 --------------------------------------------------------------------------------

WARNING: semianalytic method is specified for dft hessian, which is not efficient. Try switching to 'method = analytic'


 -------------------------------
  Numerical Geometrical Hessian 
 -------------------------------

 Compute hessian using two-point central differentiation.
 Step size (bohr):                       0.0100

 Frequencies (including translational and rotational modes):
 mode    frequency (cm-1)
    0                0.01 i (imaginary)
    1                0.01 i (imaginary)
    2                0.00 i (imaginary)
    3               59.82
    4               59.83
    5              825.57

 Project out translational and rotational motions 

 The molecule is linear

 Degrees of freedom for translational and rotational motions: 5

 Vibrational frequencies:
 mode    frequency (cm-1)
    0              825.57

 --------------------------------------------------------------------------------

 End time:                               Fri Apr 23 14:26:27 2021
 Total wall-clock time:                  7.754 seconds
==================================================================================
