
================================================================================
          _____________ ________ _______________ ________     _________         
         / ___________// ______ \\_____   _____// ______ \   / ________)        
        / /_________  / /      \ \     | |     / /      \ \ | (_______          
       |  __________|| |        | |    | |    | |        | | \________ \        
        \ \_________ | |        | |    | |     \ \______/ /___________) |       
         \__________||_|        |_|    |_|      \________//____________/        
                                                                                
====================================[ Qcore ]===================================

 Git hash:   15a3e7daff0cda5fa9af010ccd19a80288182ecf
 Git date:   Fri, 16 Apr 2021 15:57:16 +0100
 Compiler:   GNU 9.1.0
 Build type: Release
 Version:    1.1.0

 Start time: Fri Apr 23 14:27:18 2021

 Data directory: /work/zw18965/.local/qcore/share/entos/1.1.0/data
 Number of threads: 24
 Number of threads was determined by: command line argument
  - More threads can be used by running 'qcore -n 32'

 --------------------------------------------------------------------------------
                                command: optimize                                
 --------------------------------------------------------------------------------
 Using coordinate system:                tric
 Hessian update scheme:                  bfgs

 ------------------------------------------------------------------------------------------------------------
                   energy      change    grad rms    grad max    step rms    step max       trust    time (s)
 ------------------------------------------------------------------------------------------------------------
   1      -114.513051905                4.56e-03    1.31e-02                            2.00e-01        0.93
   2      -114.513270021   -2.18e-04    2.17e-03    6.38e-03    1.60e-02    2.82e-02    2.00e-01        0.62
   3      -114.513331859   -6.18e-05    2.11e-04    5.11e-04    1.32e-02    2.41e-02    2.00e-01        0.63
   4      -114.513333710   -1.85e-06    6.51e-05    1.44e-04    6.07e-04    4.03e-03    2.00e-01        0.60
   5      -114.513338554   -4.84e-06    3.87e-04    1.05e-03    1.29e-03    1.85e-02    2.00e-01        0.61
   6      -114.513341688   -3.13e-06    4.59e-04    1.23e-03    2.72e-04    1.66e-02    2.00e-01        0.59
   7      -114.513344843   -3.15e-06    2.73e-04    7.13e-04    5.13e-04    1.90e-02    2.00e-01        0.60
   8      -114.513345937   -1.09e-06    5.04e-05    1.04e-04    6.81e-04    9.94e-03    2.00e-01        0.59
   9      -114.513346393   -4.56e-07    7.65e-05    1.95e-04    3.56e-04    6.29e-03    2.00e-01        0.56
  10      -114.513347195   -8.02e-07    2.05e-04    5.31e-04    4.28e-04    1.27e-02    2.00e-01        0.60
  11      -114.513348183   -9.88e-07    2.74e-04    7.03e-04    2.84e-04    1.87e-02    2.00e-01        0.62
  12      -114.513348904   -7.22e-07    1.84e-04    4.73e-04    2.76e-04    8.03e-03    2.00e-01        0.59
  13      -114.513349343   -4.39e-07    8.21e-06    1.65e-05    5.62e-04    9.63e-03    2.00e-01        0.57
  14      -114.513349347   -4.25e-09    3.54e-06    6.86e-06    7.24e-05    4.31e-04    2.00e-01        0.51
 Geometry optimization stopped:          thresholds achieved

 Final energy:                        -114.513349347

 -----------
  Final XYZ 
 -----------
4
Final structure: -114.513 hartree
C           -0.008006926          0.000688388          0.001018396
O            1.175740052         -0.101194015         -0.145330983
H           -0.530148647          0.965729586         -0.130748162
H           -0.637592866         -0.865291186          0.275068697

 Structure in entos input format:

  structure(
    xyz = [
      ['C'  ,         -0.008006926,          0.000688388,          0.001018396],
      ['O'  ,          1.175740052,         -0.101194015,         -0.145330983],
      ['H'  ,         -0.530148647,          0.965729586,         -0.130748162],
      ['H'  ,         -0.637592866,         -0.865291186,          0.275068697]
    ]
  )

 --------------------------------
  Geometry optimization finished 
 --------------------------------
 Saving results in set 'opt'

 --------------------------------------------------------------------------------
                                 command: hessian                                
 --------------------------------------------------------------------------------

WARNING: semianalytic method is specified for dft hessian, which is not efficient. Try switching to 'method = analytic'


 -------------------------------
  Numerical Geometrical Hessian 
 -------------------------------

 Compute hessian using two-point central differentiation.
 Step size (bohr):                       0.0100

 Frequencies (including translational and rotational modes):
 mode    frequency (cm-1)
    0                0.19 i (imaginary)
    1                0.03 i (imaginary)
    2                0.01 i (imaginary)
    3               38.83
    4               60.27
    5              222.99
    6             1228.16
    7             1276.08
    8             1538.68
    9             1849.81
   10             2928.04
   11             2990.38

 Project out translational and rotational motions 

 Degrees of freedom for translational and rotational motions: 6

 Vibrational frequencies:
 mode    frequency (cm-1)
    0             1228.03
    1             1276.07
    2             1538.66
    3             1849.80
    4             2928.04
    5             2990.38

 --------------------------------------------------------------------------------

 End time:                               Fri Apr 23 14:27:42 2021
 Total wall-clock time:                 23.381 seconds
==================================================================================
