
================================================================================
          _____________ ________ _______________ ________     _________         
         / ___________// ______ \\_____   _____// ______ \   / ________)        
        / /_________  / /      \ \     | |     / /      \ \ | (_______          
       |  __________|| |        | |    | |    | |        | | \________ \        
        \ \_________ | |        | |    | |     \ \______/ /___________) |       
         \__________||_|        |_|    |_|      \________//____________/        
                                                                                
====================================[ Qcore ]===================================

 Git hash:   15a3e7daff0cda5fa9af010ccd19a80288182ecf
 Git date:   Fri, 16 Apr 2021 15:57:16 +0100
 Compiler:   GNU 9.1.0
 Build type: Release
 Version:    1.1.0

 Start time: Fri Apr 23 14:32:00 2021

 Data directory: /work/zw18965/.local/qcore/share/entos/1.1.0/data
 Number of threads: 24
 Number of threads was determined by: command line argument
  - More threads can be used by running 'qcore -n 32'

 --------------------------------------------------------------------------------
                                command: optimize                                
 --------------------------------------------------------------------------------
 Using coordinate system:                tric
 Hessian update scheme:                  bfgs

 ------------------------------------------------------------------------------------------------------------
                   energy      change    grad rms    grad max    step rms    step max       trust    time (s)
 ------------------------------------------------------------------------------------------------------------
   1      -473.388212762                7.03e-03    1.22e-02                            2.00e-01        0.89
   2      -473.388302560   -8.98e-05    3.88e-03    6.73e-03    4.74e-03    9.49e-03    2.00e-01        0.46
   3      -473.388340860   -3.83e-05    1.33e-04    2.30e-04    5.86e-03    1.17e-02    2.00e-01        0.50
   4      -473.388340903   -4.39e-08    2.41e-06    4.18e-06    1.94e-04    3.87e-04    2.00e-01        0.41
 Geometry optimization stopped:          thresholds achieved

 Final energy:                        -473.388340903

 -----------
  Final XYZ 
 -----------
2
Final structure: -473.388 hartree
S           -0.000000056         -0.000000089          0.005507017
O            0.000000056          0.000000089          1.480707533

 Structure in entos input format:

  structure(
    xyz = [
      ['S'  ,         -0.000000056,         -0.000000089,          0.005507017],
      ['O'  ,          0.000000056,          0.000000089,          1.480707533]
    ]
  )

 --------------------------------
  Geometry optimization finished 
 --------------------------------
 Saving results in set 'opt'

 --------------------------------------------------------------------------------
                                 command: hessian                                
 --------------------------------------------------------------------------------

WARNING: semianalytic method is specified for dft hessian, which is not efficient. Try switching to 'method = analytic'


 -------------------------------
  Numerical Geometrical Hessian 
 -------------------------------

 Compute hessian using two-point central differentiation.
 Step size (bohr):                       0.0100

 Frequencies (including translational and rotational modes):
 mode    frequency (cm-1)
    0               21.32 i (imaginary)
    1               21.30 i (imaginary)
    2                0.00
    3                0.01
    4                0.02
    5             1223.08

 Project out translational and rotational motions 

 The molecule is linear

 Degrees of freedom for translational and rotational motions: 5

 Vibrational frequencies:
 mode    frequency (cm-1)
    0             1223.08

 --------------------------------------------------------------------------------

 End time:                               Fri Apr 23 14:32:08 2021
 Total wall-clock time:                  8.474 seconds
==================================================================================
