
================================================================================
          _____________ ________ _______________ ________     _________         
         / ___________// ______ \\_____   _____// ______ \   / ________)        
        / /_________  / /      \ \     | |     / /      \ \ | (_______          
       |  __________|| |        | |    | |    | |        | | \________ \        
        \ \_________ | |        | |    | |     \ \______/ /___________) |       
         \__________||_|        |_|    |_|      \________//____________/        
                                                                                
====================================[ Qcore ]===================================

 Git hash:   15a3e7daff0cda5fa9af010ccd19a80288182ecf
 Git date:   Fri, 16 Apr 2021 15:57:16 +0100
 Compiler:   GNU 9.1.0
 Build type: Release
 Version:    1.1.0

 Start time: Fri Apr 23 14:35:54 2021

 Data directory: /work/zw18965/.local/qcore/share/entos/1.1.0/data
 Number of threads: 24
 Number of threads was determined by: command line argument
  - More threads can be used by running 'qcore -n 32'

 --------------------------------------------------------------------------------
                                command: optimize                                
 --------------------------------------------------------------------------------
 Using coordinate system:                tric
 Hessian update scheme:                  bfgs

 ------------------------------------------------------------------------------------------------------------
                   energy      change    grad rms    grad max    step rms    step max       trust    time (s)
 ------------------------------------------------------------------------------------------------------------
   1       -26.597109540                2.13e-03    3.75e-03                            2.00e-01        0.43
   2       -26.597206790   -9.72e-05    6.16e-04    1.09e-03    1.02e-02    1.19e-02    2.00e-01        0.21
   3       -26.597215829   -9.04e-06    1.29e-05    2.43e-05    4.16e-03    4.85e-03    2.00e-01        0.22
   4       -26.597215836   -7.49e-09    2.46e-06    3.88e-06    8.75e-05    1.63e-04    2.00e-01        0.19
 Geometry optimization stopped:          thresholds achieved

 Final energy:                         -26.597215836

 -----------
  Final XYZ 
 -----------
4
Final structure: -26.5972 hartree
B            0.000011151         -0.000002750         -0.198435387
H           -0.402536064         -1.037559105          0.218845118
H           -0.172703612          0.998016913          0.423510925
H            0.575228540          0.039544937         -1.237792922

 Structure in entos input format:

  structure(
    xyz = [
      ['B'  ,          0.000011151,         -0.000002750,         -0.198435387],
      ['H'  ,         -0.402536064,         -1.037559105,          0.218845118],
      ['H'  ,         -0.172703612,          0.998016913,          0.423510925],
      ['H'  ,          0.575228540,          0.039544937,         -1.237792922]
    ]
  )

 --------------------------------
  Geometry optimization finished 
 --------------------------------
 Saving results in set 'opt'

 --------------------------------------------------------------------------------
                                 command: hessian                                
 --------------------------------------------------------------------------------

WARNING: semianalytic method is specified for dft hessian, which is not efficient. Try switching to 'method = analytic'


 -------------------------------
  Numerical Geometrical Hessian 
 -------------------------------

 Compute hessian using two-point central differentiation.
 Step size (bohr):                       0.0100

 Frequencies (including translational and rotational modes):
 mode    frequency (cm-1)
    0               28.16 i (imaginary)
    1                0.82 i (imaginary)
    2                0.20 i (imaginary)
    3                0.11
    4                7.53
    5               31.48
    6             1161.69
    7             1204.71
    8             1205.64
    9             2559.00
   10             2687.27
   11             2689.43

 Project out translational and rotational motions 

 Degrees of freedom for translational and rotational motions: 6

 Vibrational frequencies:
 mode    frequency (cm-1)
    0             1161.69
    1             1204.71
    2             1205.64
    3             2559.00
    4             2687.27
    5             2689.43

 --------------------------------------------------------------------------------

 End time:                               Fri Apr 23 14:36:01 2021
 Total wall-clock time:                  6.620 seconds
==================================================================================
