
================================================================================
          _____________ ________ _______________ ________     _________         
         / ___________// ______ \\_____   _____// ______ \   / ________)        
        / /_________  / /      \ \     | |     / /      \ \ | (_______          
       |  __________|| |        | |    | |    | |        | | \________ \        
        \ \_________ | |        | |    | |     \ \______/ /___________) |       
         \__________||_|        |_|    |_|      \________//____________/        
                                                                                
====================================[ Qcore ]===================================

 Git hash:   15a3e7daff0cda5fa9af010ccd19a80288182ecf
 Git date:   Fri, 16 Apr 2021 15:57:16 +0100
 Compiler:   GNU 9.1.0
 Build type: Release
 Version:    1.1.0

 Start time: Fri Apr 23 14:36:50 2021

 Data directory: /work/zw18965/.local/qcore/share/entos/1.1.0/data
 Number of threads: 24
 Number of threads was determined by: command line argument
  - More threads can be used by running 'qcore -n 32'

 --------------------------------------------------------------------------------
                                command: optimize                                
 --------------------------------------------------------------------------------
 Using coordinate system:                tric
 Hessian update scheme:                  bfgs

 ------------------------------------------------------------------------------------------------------------
                   energy      change    grad rms    grad max    step rms    step max       trust    time (s)
 ------------------------------------------------------------------------------------------------------------
   1       -40.504228830                8.84e-04    1.43e-03                            2.00e-01        0.49
   2       -40.504244148   -1.53e-05    2.43e-04    3.92e-04    3.14e-03    3.52e-03    2.00e-01        0.29
   3       -40.504245406   -1.26e-06    1.77e-06    2.61e-06    1.19e-03    1.33e-03    2.00e-01        0.29
   4       -40.504245410   -4.52e-09    3.98e-07    7.45e-07    8.64e-06    4.94e-05    2.00e-01        0.26
 Geometry optimization stopped:          thresholds achieved

 Final energy:                         -40.504245410

 -----------
  Final XYZ 
 -----------
5
Final structure: -40.5042 hartree
C           -0.000021308          0.000013451          0.000005647
H            0.552348986          0.796871186          0.494802567
H            0.680977472         -0.810673350         -0.252837543
H           -0.775563592         -0.372243255          0.666991589
H           -0.457841557          0.386131967         -0.908962356

 Structure in entos input format:

  structure(
    xyz = [
      ['C'  ,         -0.000021308,          0.000013451,          0.000005647],
      ['H'  ,          0.552348986,          0.796871186,          0.494802567],
      ['H'  ,          0.680977472,         -0.810673350,         -0.252837543],
      ['H'  ,         -0.775563592,         -0.372243255,          0.666991589],
      ['H'  ,         -0.457841557,          0.386131967,         -0.908962356]
    ]
  )

 --------------------------------
  Geometry optimization finished 
 --------------------------------
 Saving results in set 'opt'

 --------------------------------------------------------------------------------
                                 command: hessian                                
 --------------------------------------------------------------------------------

WARNING: semianalytic method is specified for dft hessian, which is not efficient. Try switching to 'method = analytic'


 -------------------------------
  Numerical Geometrical Hessian 
 -------------------------------

 Compute hessian using two-point central differentiation.
 Step size (bohr):                       0.0100

 Frequencies (including translational and rotational modes):
 mode    frequency (cm-1)
    0               32.40 i (imaginary)
    1               15.72 i (imaginary)
    2                5.22 i (imaginary)
    3                0.05
    4                0.34
    5                1.11
    6             1341.38
    7             1341.47
    8             1341.56
    9             1558.99
   10             1559.14
   11             3028.22
   12             3130.17
   13             3130.22
   14             3130.40

 Project out translational and rotational motions 

 Degrees of freedom for translational and rotational motions: 6

 Vibrational frequencies:
 mode    frequency (cm-1)
    0             1341.38
    1             1341.47
    2             1341.56
    3             1558.99
    4             1559.14
    5             3028.22
    6             3130.17
    7             3130.22
    8             3130.40

 --------------------------------------------------------------------------------

 End time:                               Fri Apr 23 14:37:01 2021
 Total wall-clock time:                 10.528 seconds
==================================================================================
