
================================================================================
          _____________ ________ _______________ ________     _________         
         / ___________// ______ \\_____   _____// ______ \   / ________)        
        / /_________  / /      \ \     | |     / /      \ \ | (_______          
       |  __________|| |        | |    | |    | |        | | \________ \        
        \ \_________ | |        | |    | |     \ \______/ /___________) |       
         \__________||_|        |_|    |_|      \________//____________/        
                                                                                
====================================[ Qcore ]===================================

 Git hash:   15a3e7daff0cda5fa9af010ccd19a80288182ecf
 Git date:   Fri, 16 Apr 2021 15:57:16 +0100
 Compiler:   GNU 9.1.0
 Build type: Release
 Version:    1.1.0

 Start time: Fri Apr 23 14:37:01 2021

 Data directory: /work/zw18965/.local/qcore/share/entos/1.1.0/data
 Number of threads: 24
 Number of threads was determined by: command line argument
  - More threads can be used by running 'qcore -n 32'

 --------------------------------------------------------------------------------
                                command: optimize                                
 --------------------------------------------------------------------------------
 Using coordinate system:                tric
 Hessian update scheme:                  bfgs

 ------------------------------------------------------------------------------------------------------------
                   energy      change    grad rms    grad max    step rms    step max       trust    time (s)
 ------------------------------------------------------------------------------------------------------------
   1      -920.308482883                3.29e-04    5.69e-04                            2.00e-01        0.47
   2      -920.308483696   -8.13e-07    4.48e-05    7.77e-05    1.26e-03    2.52e-03    2.00e-01        0.26
   3      -920.308483729   -3.23e-08    6.37e-08    1.10e-07    1.99e-04    3.98e-04    2.00e-01        0.24
 Geometry optimization stopped:          thresholds achieved

 Final energy:                        -920.308483729

 -----------
  Final XYZ 
 -----------
2
Final structure: -920.308 hartree
Cl          -1.006072997          0.000000025          0.000000000
Cl           1.006072997         -0.000000025         -0.000000000

 Structure in entos input format:

  structure(
    xyz = [
      ['Cl' ,         -1.006072997,          0.000000025,          0.000000000],
      ['Cl' ,          1.006072997,         -0.000000025,         -0.000000000]
    ]
  )

 --------------------------------
  Geometry optimization finished 
 --------------------------------
 Saving results in set 'opt'

 --------------------------------------------------------------------------------
                                 command: hessian                                
 --------------------------------------------------------------------------------

WARNING: semianalytic method is specified for dft hessian, which is not efficient. Try switching to 'method = analytic'


 -------------------------------
  Numerical Geometrical Hessian 
 -------------------------------

 Compute hessian using two-point central differentiation.
 Step size (bohr):                       0.0100

 Frequencies (including translational and rotational modes):
 mode    frequency (cm-1)
    0               13.15 i (imaginary)
    1               13.14 i (imaginary)
    2                0.02 i (imaginary)
    3                0.00
    4                0.00
    5              538.47

 Project out translational and rotational motions 

 The molecule is linear

 Degrees of freedom for translational and rotational motions: 5

 Vibrational frequencies:
 mode    frequency (cm-1)
    0              538.47

 --------------------------------------------------------------------------------

 End time:                               Fri Apr 23 14:37:06 2021
 Total wall-clock time:                  4.568 seconds
==================================================================================
