
================================================================================
          _____________ ________ _______________ ________     _________         
         / ___________// ______ \\_____   _____// ______ \   / ________)        
        / /_________  / /      \ \     | |     / /      \ \ | (_______          
       |  __________|| |        | |    | |    | |        | | \________ \        
        \ \_________ | |        | |    | |     \ \______/ /___________) |       
         \__________||_|        |_|    |_|      \________//____________/        
                                                                                
====================================[ Qcore ]===================================

 Git hash:   15a3e7daff0cda5fa9af010ccd19a80288182ecf
 Git date:   Fri, 16 Apr 2021 15:57:16 +0100
 Compiler:   GNU 9.1.0
 Build type: Release
 Version:    1.1.0

 Start time: Fri Apr 23 14:38:30 2021

 Data directory: /work/zw18965/.local/qcore/share/entos/1.1.0/data
 Number of threads: 24
 Number of threads was determined by: command line argument
  - More threads can be used by running 'qcore -n 32'

 --------------------------------------------------------------------------------
                                command: optimize                                
 --------------------------------------------------------------------------------
 Using coordinate system:                tric
 Hessian update scheme:                  bfgs

 ------------------------------------------------------------------------------------------------------------
                   energy      change    grad rms    grad max    step rms    step max       trust    time (s)
 ------------------------------------------------------------------------------------------------------------
   1      -100.446059632                2.89e-03    5.00e-03                            2.00e-01        0.33
   2      -100.446079487   -1.99e-05    7.19e-04    1.25e-03    3.17e-03    6.34e-03    2.00e-01        0.12
   3      -100.446080774   -1.29e-06    1.17e-05    2.03e-05    1.05e-03    2.10e-03    2.00e-01        0.12
   4      -100.446080774   -4.25e-11    5.96e-08    1.03e-07    1.69e-05    3.37e-05    8.44e-06        0.11
 Geometry optimization stopped:          thresholds achieved

 Final energy:                        -100.446080774

 -----------
  Final XYZ 
 -----------
2
Final structure: -100.446 hartree
F            0.461240077          0.000000021         -0.000000008
H           -0.461240077         -0.000000021          0.000000008

 Structure in entos input format:

  structure(
    xyz = [
      ['F'  ,          0.461240077,          0.000000021,         -0.000000008],
      ['H'  ,         -0.461240077,         -0.000000021,          0.000000008]
    ]
  )

 --------------------------------
  Geometry optimization finished 
 --------------------------------
 Saving results in set 'opt'

 --------------------------------------------------------------------------------
                                 command: hessian                                
 --------------------------------------------------------------------------------

WARNING: semianalytic method is specified for dft hessian, which is not efficient. Try switching to 'method = analytic'


 -------------------------------
  Numerical Geometrical Hessian 
 -------------------------------

 Compute hessian using two-point central differentiation.
 Step size (bohr):                       0.0100

 Frequencies (including translational and rotational modes):
 mode    frequency (cm-1)
    0                0.01 i (imaginary)
    1                0.00 i (imaginary)
    2                0.00
    3               22.54
    4               22.54
    5             4087.42

 Project out translational and rotational motions 

 The molecule is linear

 Degrees of freedom for translational and rotational motions: 5

 Vibrational frequencies:
 mode    frequency (cm-1)
    0             4087.42

 --------------------------------------------------------------------------------

 End time:                               Fri Apr 23 14:38:32 2021
 Total wall-clock time:                  2.383 seconds
==================================================================================
