
================================================================================
          _____________ ________ _______________ ________     _________         
         / ___________// ______ \\_____   _____// ______ \   / ________)        
        / /_________  / /      \ \     | |     / /      \ \ | (_______          
       |  __________|| |        | |    | |    | |        | | \________ \        
        \ \_________ | |        | |    | |     \ \______/ /___________) |       
         \__________||_|        |_|    |_|      \________//____________/        
                                                                                
====================================[ Qcore ]===================================

 Git hash:   15a3e7daff0cda5fa9af010ccd19a80288182ecf
 Git date:   Fri, 16 Apr 2021 15:57:16 +0100
 Compiler:   GNU 9.1.0
 Build type: Release
 Version:    1.1.0

 Start time: Fri Apr 23 14:38:32 2021

 Data directory: /work/zw18965/.local/qcore/share/entos/1.1.0/data
 Number of threads: 24
 Number of threads was determined by: command line argument
  - More threads can be used by running 'qcore -n 32'

 --------------------------------------------------------------------------------
                                command: optimize                                
 --------------------------------------------------------------------------------
 Using coordinate system:                tric
 Hessian update scheme:                  bfgs

 ------------------------------------------------------------------------------------------------------------
                   energy      change    grad rms    grad max    step rms    step max       trust    time (s)
 ------------------------------------------------------------------------------------------------------------
   1      -130.464781212                3.88e-03    8.60e-03                            2.00e-01        0.52
   2      -130.464879009   -9.78e-05    4.91e-04    8.47e-04    1.24e-02    1.66e-02    2.00e-01        0.23
   3      -130.464880712   -1.70e-06    1.28e-04    2.25e-04    1.45e-03    2.25e-03    2.00e-01        0.22
   4      -130.464880907   -1.94e-07    3.30e-05    7.89e-05    2.88e-04    1.48e-03    2.00e-01        0.22
   5      -130.464881064   -1.58e-07    6.08e-05    1.25e-04    2.80e-04    2.80e-03    2.00e-01        0.22
   6      -130.464881285   -2.21e-07    1.26e-04    2.16e-04    2.92e-04    5.60e-03    2.00e-01        0.22
   7      -130.464881829   -5.44e-07    2.23e-04    4.01e-04    4.69e-04    1.63e-02    2.00e-01        0.22
   8      -130.464882633   -8.04e-07    2.88e-04    5.54e-04    3.75e-04    2.91e-02    2.00e-01        0.25
   9      -130.464883363   -7.29e-07    2.28e-04    4.53e-04    2.09e-04    2.57e-02    2.00e-01        0.23
  10      -130.464883835   -4.73e-07    7.12e-05    1.46e-04    6.53e-04    1.00e-02    2.00e-01        0.24
  11      -130.464883891   -5.60e-08    1.36e-05    2.61e-05    3.10e-04    2.65e-03    2.00e-01        0.22
  12      -130.464883901   -9.53e-09    4.86e-06    9.78e-06    3.16e-05    6.77e-04    2.00e-01        0.21
 Geometry optimization stopped:          thresholds achieved

 Final energy:                        -130.464883901

 -----------
  Final XYZ 
 -----------
3
Final structure: -130.465 hartree
N           -0.042496791          0.439007884         -0.000000613
O            0.940617210         -0.246552225          0.000004766
H           -0.898120414         -0.192455659         -0.000004153

 Structure in entos input format:

  structure(
    xyz = [
      ['N'  ,         -0.042496791,          0.439007884,         -0.000000613],
      ['O'  ,          0.940617210,         -0.246552225,          0.000004766],
      ['H'  ,         -0.898120414,         -0.192455659,         -0.000004153]
    ]
  )

 --------------------------------
  Geometry optimization finished 
 --------------------------------
 Saving results in set 'opt'

 --------------------------------------------------------------------------------
                                 command: hessian                                
 --------------------------------------------------------------------------------

WARNING: semianalytic method is specified for dft hessian, which is not efficient. Try switching to 'method = analytic'


 -------------------------------
  Numerical Geometrical Hessian 
 -------------------------------

 Compute hessian using two-point central differentiation.
 Step size (bohr):                       0.0100

 Frequencies (including translational and rotational modes):
 mode    frequency (cm-1)
    0               38.26 i (imaginary)
    1                0.11 i (imaginary)
    2                0.06 i (imaginary)
    3                0.02
    4               34.20
    5               50.50
    6             1566.09
    7             1665.31
    8             2837.68

 Project out translational and rotational motions 

 Degrees of freedom for translational and rotational motions: 6

 Vibrational frequencies:
 mode    frequency (cm-1)
    0             1566.09
    1             1665.31
    2             2837.68

 --------------------------------------------------------------------------------

 End time:                               Fri Apr 23 14:38:40 2021
 Total wall-clock time:                  7.628 seconds
==================================================================================
