
================================================================================
          _____________ ________ _______________ ________     _________         
         / ___________// ______ \\_____   _____// ______ \   / ________)        
        / /_________  / /      \ \     | |     / /      \ \ | (_______          
       |  __________|| |        | |    | |    | |        | | \________ \        
        \ \_________ | |        | |    | |     \ \______/ /___________) |       
         \__________||_|        |_|    |_|      \________//____________/        
                                                                                
====================================[ Qcore ]===================================

 Git hash:   15a3e7daff0cda5fa9af010ccd19a80288182ecf
 Git date:   Fri, 16 Apr 2021 15:57:16 +0100
 Compiler:   GNU 9.1.0
 Build type: Release
 Version:    1.1.0

 Start time: Fri Apr 16 17:10:11 2021

 Data directory: /work/zw18965/.local/qcore/share/entos/1.1.0/data
 Number of threads: 24
 Number of threads was determined by: command line argument

 --------------------------------------------------------------------------------
                                command: optimize                                
 --------------------------------------------------------------------------------
 Using coordinate system:                tric
 Hessian update scheme:                  bfgs

 ------------------------------------------------------------------------------------------------------------
                   energy      change    grad rms    grad max    step rms    step max       trust    time (s)
 ------------------------------------------------------------------------------------------------------------
   1       -76.442895120                3.08e-03    5.64e-03                            2.00e-01        3.62
   2       -76.442975428   -8.03e-05    1.73e-03    3.10e-03    7.88e-03    1.55e-02    2.00e-01        2.76
   3       -76.443019249   -4.38e-05    1.47e-04    2.34e-04    1.21e-02    2.32e-02    2.00e-01        2.71
   4       -76.443019262   -1.31e-08    4.37e-05    7.47e-05    8.96e-04    1.66e-03    4.48e-04        2.61
   5       -76.443019323   -6.09e-08    7.10e-05    1.55e-04    1.29e-04    1.49e-03    4.48e-04        2.62
   6       -76.443019402   -7.93e-08    3.16e-05    4.89e-05    4.48e-04    1.54e-03    4.48e-04        2.62
   7       -76.443019399    3.14e-09    7.40e-05    1.57e-04    2.89e-04    1.77e-03    1.45e-04        2.70
   8       -76.443019385    1.34e-08    9.85e-05    1.70e-04    1.45e-04    1.20e-03    7.24e-05        2.63
 Geometry optimization stopped:          thresholds achieved

 Final energy:                         -76.443019385

 -----------
  Final XYZ 
 -----------
3
Final structure: -76.443 hartree
O            0.003970156          0.006938834         -0.001861442
H            0.279167043          0.892463099          0.251142829
H            0.601062795         -0.244801933         -0.711781386

 Structure in entos input format:

  structure(
    xyz = [
      ['O'  ,          0.003970156,          0.006938834,         -0.001861442],
      ['H'  ,          0.279167043,          0.892463099,          0.251142829],
      ['H'  ,          0.601062795,         -0.244801933,         -0.711781386]
    ]
  )

 --------------------------------
  Geometry optimization finished 
 --------------------------------
 Saving results in set 'opt'

 --------------------------------------------------------------------------------
                                 command: hessian                                
 --------------------------------------------------------------------------------

WARNING: semianalytic method is specified for dft hessian, which is not efficient. Try switching to 'method = analytic'


 -------------------------------
  Numerical Geometrical Hessian 
 -------------------------------

 Compute hessian using two-point central differentiation.
 Step size (bohr):                       0.0100

 Frequencies (including translational and rotational modes):
 mode    frequency (cm-1)
    0              351.51 i (imaginary)
    1              211.84 i (imaginary)
    2               30.35 i (imaginary)
    3               24.00
    4              128.24
    5              303.66
    6             1654.93
    7             3873.94
    8             3900.90

 Project out translational and rotational motions 

 Degrees of freedom for translational and rotational motions: 6

 Vibrational frequencies:
 mode    frequency (cm-1)
    0             1653.57
    1             3873.53
    2             3900.72

 --------------------------------------------------------------------------------

 End time:                               Fri Apr 16 17:11:25 2021
 Total wall-clock time:                 74.531 seconds
==================================================================================
