
================================================================================
          _____________ ________ _______________ ________     _________         
         / ___________// ______ \\_____   _____// ______ \   / ________)        
        / /_________  / /      \ \     | |     / /      \ \ | (_______          
       |  __________|| |        | |    | |    | |        | | \________ \        
        \ \_________ | |        | |    | |     \ \______/ /___________) |       
         \__________||_|        |_|    |_|      \________//____________/        
                                                                                
====================================[ Qcore ]===================================

 Git hash:   15a3e7daff0cda5fa9af010ccd19a80288182ecf
 Git date:   Fri, 16 Apr 2021 15:57:16 +0100
 Compiler:   GNU 9.1.0
 Build type: Release
 Version:    1.1.0

 Start time: Fri Apr 16 17:12:04 2021

 Data directory: /work/zw18965/.local/qcore/share/entos/1.1.0/data
 Number of threads: 24
 Number of threads was determined by: command line argument

 --------------------------------------------------------------------------------
                                command: optimize                                
 --------------------------------------------------------------------------------
 Using coordinate system:                tric
 Hessian update scheme:                  bfgs

 ------------------------------------------------------------------------------------------------------------
                   energy      change    grad rms    grad max    step rms    step max       trust    time (s)
 ------------------------------------------------------------------------------------------------------------
   1       -56.566841574                2.71e-03    7.13e-03                            2.00e-01        5.99
   2       -56.566934457   -9.29e-05    1.43e-03    4.09e-03    7.49e-03    9.01e-03    2.00e-01        4.76
   3       -56.566992265   -5.78e-05    2.26e-04    4.28e-04    1.35e-02    1.64e-02    2.00e-01        4.57
   4       -56.566993423   -1.16e-06    9.91e-05    1.74e-04    2.21e-03    2.37e-03    2.00e-01        4.73
   5       -56.566993520   -9.70e-08    4.27e-05    1.13e-04    2.69e-04    4.76e-04    2.00e-01        4.76
 Geometry optimization stopped:          thresholds achieved

 Final energy:                         -56.566993520

 -----------
  Final XYZ 
 -----------
4
Final structure: -56.567 hartree
N           -0.002550933         -0.000801091          0.281102437
H           -0.520524618         -0.784785243         -0.100749115
H           -0.418362206          0.844392029         -0.094976196
H            0.941437757         -0.058805695         -0.085377126

 Structure in entos input format:

  structure(
    xyz = [
      ['N'  ,         -0.002550933,         -0.000801091,          0.281102437],
      ['H'  ,         -0.520524618,         -0.784785243,         -0.100749115],
      ['H'  ,         -0.418362206,          0.844392029,         -0.094976196],
      ['H'  ,          0.941437757,         -0.058805695,         -0.085377126]
    ]
  )

 --------------------------------
  Geometry optimization finished 
 --------------------------------
 Saving results in set 'opt'

 --------------------------------------------------------------------------------
                                 command: hessian                                
 --------------------------------------------------------------------------------

WARNING: semianalytic method is specified for dft hessian, which is not efficient. Try switching to 'method = analytic'


 -------------------------------
  Numerical Geometrical Hessian 
 -------------------------------

 Compute hessian using two-point central differentiation.
 Step size (bohr):                       0.0100

 Frequencies (including translational and rotational modes):
 mode    frequency (cm-1)
    0              137.34 i (imaginary)
    1               81.06 i (imaginary)
    2               29.39 i (imaginary)
    3               50.42
    4              118.11
    5              231.02
    6              994.88
    7             1653.13
    8             1667.64
    9             3496.63
   10             3593.46
   11             3604.88

 Project out translational and rotational motions 

 Degrees of freedom for translational and rotational motions: 6

 Vibrational frequencies:
 mode    frequency (cm-1)
    0              994.42
    1             1652.70
    2             1667.48
    3             3496.60
    4             3593.37
    5             3604.87

 --------------------------------------------------------------------------------

 End time:                               Fri Apr 16 17:14:26 2021
 Total wall-clock time:                142.143 seconds
==================================================================================
