
================================================================================
          _____________ ________ _______________ ________     _________         
         / ___________// ______ \\_____   _____// ______ \   / ________)        
        / /_________  / /      \ \     | |     / /      \ \ | (_______          
       |  __________|| |        | |    | |    | |        | | \________ \        
        \ \_________ | |        | |    | |     \ \______/ /___________) |       
         \__________||_|        |_|    |_|      \________//____________/        
                                                                                
====================================[ Qcore ]===================================

 Git hash:   15a3e7daff0cda5fa9af010ccd19a80288182ecf
 Git date:   Fri, 16 Apr 2021 15:57:16 +0100
 Compiler:   GNU 9.1.0
 Build type: Release
 Version:    1.1.0

 Start time: Fri Apr 16 17:14:24 2021

 Data directory: /work/zw18965/.local/qcore/share/entos/1.1.0/data
 Number of threads: 24
 Number of threads was determined by: command line argument

 --------------------------------------------------------------------------------
                                command: optimize                                
 --------------------------------------------------------------------------------
 Using coordinate system:                tric
 Hessian update scheme:                  bfgs

 ------------------------------------------------------------------------------------------------------------
                   energy      change    grad rms    grad max    step rms    step max       trust    time (s)
 ------------------------------------------------------------------------------------------------------------
   1      -548.668028147                6.58e-03    1.09e-02                            2.00e-01       17.26
   2      -548.668171157   -1.43e-04    3.40e-03    5.76e-03    6.32e-03    8.03e-03    2.00e-01       13.40
   3      -548.668222108   -5.10e-05    6.53e-05    1.09e-04    6.50e-03    8.44e-03    2.00e-01       13.42
   4      -548.668222147   -3.94e-08    6.53e-05    1.44e-04    1.75e-04    9.50e-04    2.00e-01       12.46
 Geometry optimization stopped:          thresholds achieved

 Final energy:                        -548.668222147

 -----------
  Final XYZ 
 -----------
3
Final structure: -548.668 hartree
S           -0.001338523          0.483975881          0.000000077
O            1.232160308         -0.238573460          0.000000223
O           -1.230821785         -0.245402421         -0.000000300

 Structure in entos input format:

  structure(
    xyz = [
      ['S'  ,         -0.001338523,          0.483975881,          0.000000077],
      ['O'  ,          1.232160308,         -0.238573460,          0.000000223],
      ['O'  ,         -1.230821785,         -0.245402421,         -0.000000300]
    ]
  )

 --------------------------------
  Geometry optimization finished 
 --------------------------------
 Saving results in set 'opt'

 --------------------------------------------------------------------------------
                                 command: hessian                                
 --------------------------------------------------------------------------------

WARNING: semianalytic method is specified for dft hessian, which is not efficient. Try switching to 'method = analytic'


 -------------------------------
  Numerical Geometrical Hessian 
 -------------------------------

 Compute hessian using two-point central differentiation.
 Step size (bohr):                       0.0100

 Frequencies (including translational and rotational modes):
 mode    frequency (cm-1)
    0               86.55 i (imaginary)
    1                3.41 i (imaginary)
    2                2.32 i (imaginary)
    3               31.42
    4               44.49
    5               69.45
    6              527.19
    7             1225.47
    8             1423.82

 Project out translational and rotational motions 

 Degrees of freedom for translational and rotational motions: 6

 Vibrational frequencies:
 mode    frequency (cm-1)
    0              527.15
    1             1225.46
    2             1423.81

 --------------------------------------------------------------------------------

 End time:                               Fri Apr 16 17:19:38 2021
 Total wall-clock time:                314.160 seconds
==================================================================================
