
================================================================================
          _____________ ________ _______________ ________     _________         
         / ___________// ______ \\_____   _____// ______ \   / ________)        
        / /_________  / /      \ \     | |     / /      \ \ | (_______          
       |  __________|| |        | |    | |    | |        | | \________ \        
        \ \_________ | |        | |    | |     \ \______/ /___________) |       
         \__________||_|        |_|    |_|      \________//____________/        
                                                                                
====================================[ Qcore ]===================================

 Git hash:   15a3e7daff0cda5fa9af010ccd19a80288182ecf
 Git date:   Fri, 16 Apr 2021 15:57:16 +0100
 Compiler:   GNU 9.1.0
 Build type: Release
 Version:    1.1.0

 Start time: Fri Apr 16 17:14:26 2021

 Data directory: /work/zw18965/.local/qcore/share/entos/1.1.0/data
 Number of threads: 24
 Number of threads was determined by: command line argument

 --------------------------------------------------------------------------------
                                command: optimize                                
 --------------------------------------------------------------------------------
 Using coordinate system:                tric
 Hessian update scheme:                  bfgs

 ------------------------------------------------------------------------------------------------------------
                   energy      change    grad rms    grad max    step rms    step max       trust    time (s)
 ------------------------------------------------------------------------------------------------------------
   1      -115.738467774                3.38e-03    9.57e-03                            2.00e-01       18.59
   2      -115.738605168   -1.37e-04    1.36e-03    3.75e-03    1.08e-02    1.12e-02    2.00e-01       14.55
   3      -115.738628943   -2.38e-05    4.83e-04    1.44e-03    3.96e-03    7.61e-03    2.00e-01       14.66
   4      -115.738633582   -4.64e-06    1.47e-04    3.72e-04    3.30e-03    4.06e-03    2.00e-01       15.34
   5      -115.738633889   -3.07e-07    6.70e-05    1.66e-04    9.46e-04    1.20e-03    2.00e-01       14.49
 Geometry optimization stopped:          thresholds achieved

 Final energy:                        -115.738633889

 -----------
  Final XYZ 
 -----------
6
Final structure: -115.739 hartree
C           -0.363044372         -0.041397708         -0.014429697
O            0.998791033         -0.347618544         -0.275897890
H           -0.526266121          1.037014281          0.097506130
H           -0.621677336         -0.529389417          0.926063308
H           -1.026859950         -0.424091319         -0.798609340
H            1.255613906          0.071657845         -1.100437457

 Structure in entos input format:

  structure(
    xyz = [
      ['C'  ,         -0.363044372,         -0.041397708,         -0.014429697],
      ['O'  ,          0.998791033,         -0.347618544,         -0.275897890],
      ['H'  ,         -0.526266121,          1.037014281,          0.097506130],
      ['H'  ,         -0.621677336,         -0.529389417,          0.926063308],
      ['H'  ,         -1.026859950,         -0.424091319,         -0.798609340],
      ['H'  ,          1.255613906,          0.071657845,         -1.100437457]
    ]
  )

 --------------------------------
  Geometry optimization finished 
 --------------------------------
 Saving results in set 'opt'

 --------------------------------------------------------------------------------
                                 command: hessian                                
 --------------------------------------------------------------------------------

WARNING: semianalytic method is specified for dft hessian, which is not efficient. Try switching to 'method = analytic'


 -------------------------------
  Numerical Geometrical Hessian 
 -------------------------------

 Compute hessian using two-point central differentiation.
 Step size (bohr):                       0.0100

 Frequencies (including translational and rotational modes):
 mode    frequency (cm-1)
    0              242.41 i (imaginary)
    1              138.63 i (imaginary)
    2              105.37 i (imaginary)
    3               18.29 i (imaginary)
    4               19.99
    5               58.74
    6              308.43
    7             1078.64
    8             1107.98
    9             1191.59
   10             1365.77
   11             1482.81
   12             1500.87
   13             1517.58
   14             3002.60
   15             3052.95
   16             3122.17
   17             3861.40

 Project out translational and rotational motions 

 Degrees of freedom for translational and rotational motions: 6

 Vibrational frequencies:
 mode    frequency (cm-1)
    0              259.30
    1             1078.57
    2             1107.32
    3             1191.31
    4             1365.32
    5             1482.79
    6             1500.77
    7             1517.56
    8             3002.48
    9             3052.93
   10             3122.13
   11             3861.37

 --------------------------------------------------------------------------------

 End time:                               Fri Apr 16 17:25:02 2021
 Total wall-clock time:                636.490 seconds
==================================================================================
