
================================================================================
          _____________ ________ _______________ ________     _________         
         / ___________// ______ \\_____   _____// ______ \   / ________)        
        / /_________  / /      \ \     | |     / /      \ \ | (_______          
       |  __________|| |        | |    | |    | |        | | \________ \        
        \ \_________ | |        | |    | |     \ \______/ /___________) |       
         \__________||_|        |_|    |_|      \________//____________/        
                                                                                
====================================[ Qcore ]===================================

 Git hash:   15a3e7daff0cda5fa9af010ccd19a80288182ecf
 Git date:   Fri, 16 Apr 2021 15:57:16 +0100
 Compiler:   GNU 9.1.0
 Build type: Release
 Version:    1.1.0

 Start time: Fri Apr 23 10:09:02 2021

 Data directory: /work/zw18965/.local/qcore/share/entos/1.1.0/data
 Number of threads: 24
 Number of threads was determined by: command line argument
  - More threads can be used by running 'qcore -n 32'

 --------------------------------------------------------------------------------
                                command: optimize                                
 --------------------------------------------------------------------------------
 Using coordinate system:                tric
 Hessian update scheme:                  bfgs

 ------------------------------------------------------------------------------------------------------------
                   energy      change    grad rms    grad max    step rms    step max       trust    time (s)
 ------------------------------------------------------------------------------------------------------------
   1      -113.323810163                7.33e-03    1.27e-02                            2.00e-01        0.81
   2      -113.323872547   -6.24e-05    6.33e-06    1.10e-05    4.88e-03    9.76e-03    2.00e-01        0.37
   3      -113.323872547   -4.17e-11    1.61e-07    2.79e-07    4.22e-06    8.43e-06    2.00e-01        0.34
 Geometry optimization stopped:          thresholds achieved

 Final energy:                        -113.323872547

 -----------
  Final XYZ 
 -----------
2
Final structure: -113.324 hartree
O            0.559657587         -0.000000009         -0.000000006
C           -0.559657587          0.000000009          0.000000006

 Structure in entos input format:

  structure(
    xyz = [
      ['O'  ,          0.559657587,         -0.000000009,         -0.000000006],
      ['C'  ,         -0.559657587,          0.000000009,          0.000000006]
    ]
  )

 --------------------------------
  Geometry optimization finished 
 --------------------------------
 Saving results in set 'opt'

 --------------------------------------------------------------------------------
                                 command: hessian                                
 --------------------------------------------------------------------------------

WARNING: semianalytic method is specified for dft hessian, which is not efficient. Try switching to 'method = analytic'


 -------------------------------
  Numerical Geometrical Hessian 
 -------------------------------

 Compute hessian using two-point central differentiation.
 Step size (bohr):                       0.0100

 Frequencies (including translational and rotational modes):
 mode    frequency (cm-1)
    0               18.69 i (imaginary)
    1               18.69 i (imaginary)
    2                0.00 i (imaginary)
    3                0.00 i (imaginary)
    4                0.00
    5             2257.69

 Project out translational and rotational motions 

 The molecule is linear

 Degrees of freedom for translational and rotational motions: 5

 Vibrational frequencies:
 mode    frequency (cm-1)
    0             2257.69

 --------------------------------------------------------------------------------

 End time:                               Fri Apr 23 10:09:08 2021
 Total wall-clock time:                  6.727 seconds
==================================================================================
