
================================================================================
          _____________ ________ _______________ ________     _________         
         / ___________// ______ \\_____   _____// ______ \   / ________)        
        / /_________  / /      \ \     | |     / /      \ \ | (_______          
       |  __________|| |        | |    | |    | |        | | \________ \        
        \ \_________ | |        | |    | |     \ \______/ /___________) |       
         \__________||_|        |_|    |_|      \________//____________/        
                                                                                
====================================[ Qcore ]===================================

 Git hash:   15a3e7daff0cda5fa9af010ccd19a80288182ecf
 Git date:   Fri, 16 Apr 2021 15:57:16 +0100
 Compiler:   GNU 9.1.0
 Build type: Release
 Version:    1.1.0

 Start time: Fri Apr 23 10:09:12 2021

 Data directory: /work/zw18965/.local/qcore/share/entos/1.1.0/data
 Number of threads: 24
 Number of threads was determined by: command line argument
  - More threads can be used by running 'qcore -n 32'

 --------------------------------------------------------------------------------
                                command: optimize                                
 --------------------------------------------------------------------------------
 Using coordinate system:                tric
 Hessian update scheme:                  bfgs

 ------------------------------------------------------------------------------------------------------------
                   energy      change    grad rms    grad max    step rms    step max       trust    time (s)
 ------------------------------------------------------------------------------------------------------------
   1      -114.509822042                3.11e-03    8.54e-03                            2.00e-01        1.28
   2      -114.510010607   -1.89e-04    1.89e-03    5.58e-03    1.61e-02    2.77e-02    2.00e-01        0.76
   3      -114.510060434   -4.98e-05    3.17e-04    8.49e-04    1.21e-02    2.20e-02    2.00e-01        0.76
   4      -114.510060819   -3.85e-07    7.14e-05    1.79e-04    3.37e-04    6.06e-04    2.00e-01        0.71
 Geometry optimization stopped:          thresholds achieved

 Final energy:                        -114.510060819

 -----------
  Final XYZ 
 -----------
4
Final structure: -114.51 hartree
C           -0.006689505          0.000864924          0.000428934
O            1.174415661         -0.155588288         -0.075116643
H           -0.478254369          0.981702826         -0.184729403
H           -0.689480175         -0.827046689          0.259425060

 Structure in entos input format:

  structure(
    xyz = [
      ['C'  ,         -0.006689505,          0.000864924,          0.000428934],
      ['O'  ,          1.174415661,         -0.155588288,         -0.075116643],
      ['H'  ,         -0.478254369,          0.981702826,         -0.184729403],
      ['H'  ,         -0.689480175,         -0.827046689,          0.259425060]
    ]
  )

 --------------------------------
  Geometry optimization finished 
 --------------------------------
 Saving results in set 'opt'

 --------------------------------------------------------------------------------
                                 command: hessian                                
 --------------------------------------------------------------------------------

WARNING: semianalytic method is specified for dft hessian, which is not efficient. Try switching to 'method = analytic'


 -------------------------------
  Numerical Geometrical Hessian 
 -------------------------------

 Compute hessian using two-point central differentiation.
 Step size (bohr):                       0.0100

 Frequencies (including translational and rotational modes):
 mode    frequency (cm-1)
    0               12.21 i (imaginary)
    1                3.98 i (imaginary)
    2                0.09 i (imaginary)
    3                0.31
    4                1.50
    5               36.44
    6             1216.52
    7             1278.68
    8             1541.42
    9             1852.64
   10             2914.03
   11             2976.04

 Project out translational and rotational motions 

 Degrees of freedom for translational and rotational motions: 6

 Vibrational frequencies:
 mode    frequency (cm-1)
    0             1216.52
    1             1278.68
    2             1541.42
    3             1852.64
    4             2914.03
    5             2976.04

 --------------------------------------------------------------------------------

 End time:                               Fri Apr 23 10:09:35 2021
 Total wall-clock time:                 23.044 seconds
==================================================================================
