
================================================================================
          _____________ ________ _______________ ________     _________         
         / ___________// ______ \\_____   _____// ______ \   / ________)        
        / /_________  / /      \ \     | |     / /      \ \ | (_______          
       |  __________|| |        | |    | |    | |        | | \________ \        
        \ \_________ | |        | |    | |     \ \______/ /___________) |       
         \__________||_|        |_|    |_|      \________//____________/        
                                                                                
====================================[ Qcore ]===================================

 Git hash:   15a3e7daff0cda5fa9af010ccd19a80288182ecf
 Git date:   Fri, 16 Apr 2021 15:57:16 +0100
 Compiler:   GNU 9.1.0
 Build type: Release
 Version:    1.1.0

 Start time: Fri Apr 23 10:09:38 2021

 Data directory: /work/zw18965/.local/qcore/share/entos/1.1.0/data
 Number of threads: 24
 Number of threads was determined by: command line argument

 --------------------------------------------------------------------------------
                                command: optimize                                
 --------------------------------------------------------------------------------
 Using coordinate system:                tric
 Hessian update scheme:                  bfgs

 ------------------------------------------------------------------------------------------------------------
                   energy      change    grad rms    grad max    step rms    step max       trust    time (s)
 ------------------------------------------------------------------------------------------------------------
   1      -399.425216968                5.76e-03    1.23e-02                            2.00e-01        0.91
   2      -399.425432351   -2.15e-04    2.27e-03    4.83e-03    1.06e-02    1.78e-02    2.00e-01        0.53
   3      -399.425473479   -4.11e-05    8.81e-05    1.86e-04    7.03e-03    1.16e-02    2.00e-01        0.55
   4      -399.425473544   -6.51e-08    1.44e-06    3.04e-06    2.90e-04    4.72e-04    2.00e-01        0.50
 Geometry optimization stopped:          thresholds achieved

 Final energy:                        -399.425473544

 -----------
  Final XYZ 
 -----------
3
Final structure: -399.425 hartree
S           -0.001428884          0.615129339          0.000000009
H            0.968144408         -0.305317477         -0.000000018
H           -0.966715523         -0.309811856          0.000000009

 Structure in entos input format:

  structure(
    xyz = [
      ['S'  ,         -0.001428884,          0.615129339,          0.000000009],
      ['H'  ,          0.968144408,         -0.305317477,         -0.000000018],
      ['H'  ,         -0.966715523,         -0.309811856,          0.000000009]
    ]
  )

 --------------------------------
  Geometry optimization finished 
 --------------------------------
 Saving results in set 'opt'

 --------------------------------------------------------------------------------
                                 command: hessian                                
 --------------------------------------------------------------------------------

WARNING: semianalytic method is specified for dft hessian, which is not efficient. Try switching to 'method = analytic'


 -------------------------------
  Numerical Geometrical Hessian 
 -------------------------------

 Compute hessian using two-point central differentiation.
 Step size (bohr):                       0.0100

 Frequencies (including translational and rotational modes):
 mode    frequency (cm-1)
    0                0.40 i (imaginary)
    1                0.02 i (imaginary)
    2                0.01
    3               33.52
    4               62.23
    5               63.35
    6             1222.83
    7             2733.80
    8             2745.34

 Project out translational and rotational motions 

 Degrees of freedom for translational and rotational motions: 6

 Vibrational frequencies:
 mode    frequency (cm-1)
    0             1222.83
    1             2733.80
    2             2745.34

 --------------------------------------------------------------------------------

 End time:                               Fri Apr 23 10:09:51 2021
 Total wall-clock time:                 12.679 seconds
==================================================================================
