
================================================================================
          _____________ ________ _______________ ________     _________         
         / ___________// ______ \\_____   _____// ______ \   / ________)        
        / /_________  / /      \ \     | |     / /      \ \ | (_______          
       |  __________|| |        | |    | |    | |        | | \________ \        
        \ \_________ | |        | |    | |     \ \______/ /___________) |       
         \__________||_|        |_|    |_|      \________//____________/        
                                                                                
====================================[ Qcore ]===================================

 Git hash:   15a3e7daff0cda5fa9af010ccd19a80288182ecf
 Git date:   Fri, 16 Apr 2021 15:57:16 +0100
 Compiler:   GNU 9.1.0
 Build type: Release
 Version:    1.1.0

 Start time: Fri Apr 23 10:09:31 2021

 Data directory: /work/zw18965/.local/qcore/share/entos/1.1.0/data
 Number of threads: 24
 Number of threads was determined by: command line argument
  - More threads can be used by running 'qcore -n 32'

 --------------------------------------------------------------------------------
                                command: optimize                                
 --------------------------------------------------------------------------------
 Using coordinate system:                tric
 Hessian update scheme:                  bfgs

 ------------------------------------------------------------------------------------------------------------
                   energy      change    grad rms    grad max    step rms    step max       trust    time (s)
 ------------------------------------------------------------------------------------------------------------
   1      -100.470579831                4.22e-03    7.31e-03                            2.00e-01        0.60
   2      -100.470622105   -4.23e-05    1.03e-03    1.79e-03    4.63e-03    9.26e-03    2.00e-01        0.24
   3      -100.470624733   -2.63e-06    2.43e-05    4.22e-05    1.50e-03    3.00e-03    2.00e-01        0.25
Rejecting step due to low quality: Quality: -2.8049 New trust radius: 1.72728e-05
   4      -100.470624729    4.09e-09    2.43e-05    4.22e-05    3.45e-05    6.91e-05    1.73e-05        0.22
 Geometry optimization stopped:          thresholds achieved

 Final energy:                        -100.470624729

 -----------
  Final XYZ 
 -----------
2
Final structure: -100.471 hartree
F            0.460220341         -0.000000005          0.000000006
H           -0.460220341          0.000000005         -0.000000006

 Structure in entos input format:

  structure(
    xyz = [
      ['F'  ,          0.460220341,         -0.000000005,          0.000000006],
      ['H'  ,         -0.460220341,          0.000000005,         -0.000000006]
    ]
  )

 --------------------------------
  Geometry optimization finished 
 --------------------------------
 Saving results in set 'opt'

 --------------------------------------------------------------------------------
                                 command: hessian                                
 --------------------------------------------------------------------------------

WARNING: semianalytic method is specified for dft hessian, which is not efficient. Try switching to 'method = analytic'


 -------------------------------
  Numerical Geometrical Hessian 
 -------------------------------

 Compute hessian using two-point central differentiation.
 Step size (bohr):                       0.0100

 Frequencies (including translational and rotational modes):
 mode    frequency (cm-1)
    0               20.62 i (imaginary)
    1               20.62 i (imaginary)
    2                0.00
    3                0.00
    4                0.00
    5             4117.32

 Project out translational and rotational motions 

 The molecule is linear

 Degrees of freedom for translational and rotational motions: 5

 Vibrational frequencies:
 mode    frequency (cm-1)
    0             4117.32

 --------------------------------------------------------------------------------

 End time:                               Fri Apr 23 10:09:36 2021
 Total wall-clock time:                  4.694 seconds
==================================================================================
