
================================================================================
          _____________ ________ _______________ ________     _________         
         / ___________// ______ \\_____   _____// ______ \   / ________)        
        / /_________  / /      \ \     | |     / /      \ \ | (_______          
       |  __________|| |        | |    | |    | |        | | \________ \        
        \ \_________ | |        | |    | |     \ \______/ /___________) |       
         \__________||_|        |_|    |_|      \________//____________/        
                                                                                
====================================[ Qcore ]===================================

 Git hash:   15a3e7daff0cda5fa9af010ccd19a80288182ecf
 Git date:   Fri, 16 Apr 2021 15:57:16 +0100
 Compiler:   GNU 9.1.0
 Build type: Release
 Version:    1.1.0

 Start time: Fri Apr 23 10:08:42 2021

 Data directory: /work/zw18965/.local/qcore/share/entos/1.1.0/data
 Number of threads: 24
 Number of threads was determined by: command line argument
  - More threads can be used by running 'qcore -n 32'

 --------------------------------------------------------------------------------
                                command: optimize                                
 --------------------------------------------------------------------------------
 Using coordinate system:                tric
 Hessian update scheme:                  bfgs

 ------------------------------------------------------------------------------------------------------------
                   energy      change    grad rms    grad max    step rms    step max       trust    time (s)
 ------------------------------------------------------------------------------------------------------------
   1      -130.487309023                9.00e-03    1.95e-02                            2.00e-01        1.03
   2      -130.487628684   -3.20e-04    1.07e-03    1.86e-03    1.91e-02    1.96e-02    2.00e-01        0.57
   3      -130.487632244   -3.56e-06    1.32e-04    3.21e-04    1.42e-03    2.34e-03    2.00e-01        0.55
   4      -130.487632388   -1.44e-07    2.48e-05    4.52e-05    3.79e-04    6.59e-04    2.00e-01        0.52
 Geometry optimization stopped:          thresholds achieved

 Final energy:                        -130.487632388

 -----------
  Final XYZ 
 -----------
3
Final structure: -130.488 hartree
N           -0.067718325          0.432433530          0.000000141
O            0.947762467         -0.190326461         -0.000000387
H           -0.880044136         -0.242107069          0.000000247

 Structure in entos input format:

  structure(
    xyz = [
      ['N'  ,         -0.067718325,          0.432433530,          0.000000141],
      ['O'  ,          0.947762467,         -0.190326461,         -0.000000387],
      ['H'  ,         -0.880044136,         -0.242107069,          0.000000247]
    ]
  )

 --------------------------------
  Geometry optimization finished 
 --------------------------------
 Saving results in set 'opt'

 --------------------------------------------------------------------------------
                                 command: hessian                                
 --------------------------------------------------------------------------------

WARNING: semianalytic method is specified for dft hessian, which is not efficient. Try switching to 'method = analytic'


 -------------------------------
  Numerical Geometrical Hessian 
 -------------------------------

 Compute hessian using two-point central differentiation.
 Step size (bohr):                       0.0100

 Frequencies (including translational and rotational modes):
 mode    frequency (cm-1)
    0               20.03 i (imaginary)
    1                6.92 i (imaginary)
    2                0.01 i (imaginary)
    3                0.10
    4                2.06
    5               26.27
    6             1581.12
    7             1722.23
    8             2944.84

 Project out translational and rotational motions 

 Degrees of freedom for translational and rotational motions: 6

 Vibrational frequencies:
 mode    frequency (cm-1)
    0             1581.12
    1             1722.23
    2             2944.84

 --------------------------------------------------------------------------------

 End time:                               Fri Apr 23 10:08:56 2021
 Total wall-clock time:                 13.699 seconds
==================================================================================
