
================================================================================
          _____________ ________ _______________ ________     _________         
         / ___________// ______ \\_____   _____// ______ \   / ________)        
        / /_________  / /      \ \     | |     / /      \ \ | (_______          
       |  __________|| |        | |    | |    | |        | | \________ \        
        \ \_________ | |        | |    | |     \ \______/ /___________) |       
         \__________||_|        |_|    |_|      \________//____________/        
                                                                                
====================================[ Qcore ]===================================

 Git hash:   15a3e7daff0cda5fa9af010ccd19a80288182ecf
 Git date:   Fri, 16 Apr 2021 15:57:16 +0100
 Compiler:   GNU 9.1.0
 Build type: Release
 Version:    1.1.0

 Start time: Mon Apr 19 14:27:08 2021

 Data directory: /work/zw18965/.local/qcore/share/entos/1.1.0/data
 Number of threads: 24
 Number of threads was determined by: command line argument

 --------------------------------------------------------------------------------
                                command: optimize                                
 --------------------------------------------------------------------------------
 Using coordinate system:                tric
 Hessian update scheme:                  bfgs

 ------------------------------------------------------------------------------------------------------------
                   energy      change    grad rms    grad max    step rms    step max       trust    time (s)
 ------------------------------------------------------------------------------------------------------------
   1       -76.456051583                7.94e-03    1.32e-02                            2.00e-01        0.81
   2       -76.456340590   -2.89e-04    3.17e-03    5.64e-03    1.01e-02    1.53e-02    2.00e-01        0.43
   3       -76.456423902   -8.33e-05    5.61e-04    9.57e-04    1.01e-02    2.03e-02    2.00e-01        0.43
   4       -76.456431527   -7.62e-06    3.17e-04    5.41e-04    4.15e-03    7.47e-03    2.00e-01        0.44
   5       -76.456432829   -1.30e-06    7.46e-05    1.14e-04    2.00e-03    2.94e-03    2.00e-01        0.42
   6       -76.456432862   -3.29e-08    7.96e-06    1.45e-05    1.64e-04    2.29e-04    2.00e-01        0.38
 Geometry optimization stopped:          thresholds achieved

 Final energy:                         -76.456432862

 -----------
  Final XYZ 
 -----------
3
Final structure: -76.4564 hartree
O            0.001341238          0.000621978         -0.000837941
H            0.275260307          0.895263845          0.257591742
H            0.607598450         -0.241285824         -0.719253799

 Structure in entos input format:

  structure(
    xyz = [
      ['O'  ,          0.001341238,          0.000621978,         -0.000837941],
      ['H'  ,          0.275260307,          0.895263845,          0.257591742],
      ['H'  ,          0.607598450,         -0.241285824,         -0.719253799]
    ]
  )

 --------------------------------
  Geometry optimization finished 
 --------------------------------
 Saving results in set 'opt'

 --------------------------------------------------------------------------------
                                 command: hessian                                
 --------------------------------------------------------------------------------

 -------------------------------
  Numerical Geometrical Hessian 
 -------------------------------

 Compute hessian using two-point central differentiation.
 Step size (bohr):                       0.0100

 Frequencies (including translational and rotational modes):
 mode    frequency (cm-1)
    0               41.91 i (imaginary)
    1               26.27 i (imaginary)
    2               11.73 i (imaginary)
    3                0.01
    4                0.08
    5                0.24
    6             1598.33
    7             3663.14
    8             3764.11

 Project out translational and rotational motions 

 Degrees of freedom for translational and rotational motions: 6

 Vibrational frequencies:
 mode    frequency (cm-1)
    0             1598.33
    1             3663.14
    2             3764.11

 --------------------------------------------------------------------------------

 End time:                               Mon Apr 19 14:27:20 2021
 Total wall-clock time:                 11.415 seconds
==================================================================================
