
================================================================================
          _____________ ________ _______________ ________     _________         
         / ___________// ______ \\_____   _____// ______ \   / ________)        
        / /_________  / /      \ \     | |     / /      \ \ | (_______          
       |  __________|| |        | |    | |    | |        | | \________ \        
        \ \_________ | |        | |    | |     \ \______/ /___________) |       
         \__________||_|        |_|    |_|      \________//____________/        
                                                                                
====================================[ Qcore ]===================================

 Git hash:   15a3e7daff0cda5fa9af010ccd19a80288182ecf
 Git date:   Fri, 16 Apr 2021 15:57:16 +0100
 Compiler:   GNU 9.1.0
 Build type: Release
 Version:    1.1.0

 Start time: Mon Apr 19 14:27:56 2021

 Data directory: /work/zw18965/.local/qcore/share/entos/1.1.0/data
 Number of threads: 24
 Number of threads was determined by: command line argument

 --------------------------------------------------------------------------------
                                command: optimize                                
 --------------------------------------------------------------------------------
 Using coordinate system:                tric
 Hessian update scheme:                  bfgs

 ------------------------------------------------------------------------------------------------------------
                   energy      change    grad rms    grad max    step rms    step max       trust    time (s)
 ------------------------------------------------------------------------------------------------------------
   1      -100.488447174                3.75e-03    6.50e-03                            2.00e-01        0.58
   2      -100.488481195   -3.40e-05    1.03e-03    1.78e-03    4.12e-03    8.24e-03    2.00e-01        0.25
   3      -100.488484027   -2.83e-06    2.23e-05    3.85e-05    1.56e-03    3.12e-03    2.00e-01        0.26
   4      -100.488484028   -1.33e-09    1.30e-07    2.25e-07    3.44e-05    6.88e-05    2.00e-01        0.24
 Geometry optimization stopped:          thresholds achieved

 Final energy:                        -100.488484028

 -----------
  Final XYZ 
 -----------
2
Final structure: -100.488 hartree
F            0.466485804          0.000000003          0.000000001
H           -0.466485804         -0.000000003         -0.000000001

 Structure in entos input format:

  structure(
    xyz = [
      ['F'  ,          0.466485804,          0.000000003,          0.000000001],
      ['H'  ,         -0.466485804,         -0.000000003,         -0.000000001]
    ]
  )

 --------------------------------
  Geometry optimization finished 
 --------------------------------
 Saving results in set 'opt'

 --------------------------------------------------------------------------------
                                 command: hessian                                
 --------------------------------------------------------------------------------

 -------------------------------
  Numerical Geometrical Hessian 
 -------------------------------

 Compute hessian using two-point central differentiation.
 Step size (bohr):                       0.0100

 Frequencies (including translational and rotational modes):
 mode    frequency (cm-1)
    0                0.01 i (imaginary)
    1                0.00 i (imaginary)
    2                0.00 i (imaginary)
    3               15.31
    4               15.31
    5             3921.48

 Project out translational and rotational motions 

 The molecule is linear

 Degrees of freedom for translational and rotational motions: 5

 Vibrational frequencies:
 mode    frequency (cm-1)
    0             3921.48

 --------------------------------------------------------------------------------

 End time:                               Mon Apr 19 14:28:01 2021
 Total wall-clock time:                  4.944 seconds
==================================================================================
