
================================================================================
          _____________ ________ _______________ ________     _________         
         / ___________// ______ \\_____   _____// ______ \   / ________)        
        / /_________  / /      \ \     | |     / /      \ \ | (_______          
       |  __________|| |        | |    | |    | |        | | \________ \        
        \ \_________ | |        | |    | |     \ \______/ /___________) |       
         \__________||_|        |_|    |_|      \________//____________/        
                                                                                
====================================[ Qcore ]===================================

 Git hash:   15a3e7daff0cda5fa9af010ccd19a80288182ecf
 Git date:   Fri, 16 Apr 2021 15:57:16 +0100
 Compiler:   GNU 9.1.0
 Build type: Release
 Version:    1.1.0

 Start time: Mon Apr 19 14:28:40 2021

 Data directory: /work/zw18965/.local/qcore/share/entos/1.1.0/data
 Number of threads: 24
 Number of threads was determined by: command line argument

 --------------------------------------------------------------------------------
                                command: optimize                                
 --------------------------------------------------------------------------------
 Using coordinate system:                tric
 Hessian update scheme:                  bfgs

 ------------------------------------------------------------------------------------------------------------
                   energy      change    grad rms    grad max    step rms    step max       trust    time (s)
 ------------------------------------------------------------------------------------------------------------
   1      -109.567531354                5.63e-03    9.75e-03                            2.00e-01        0.61
   2      -109.567563644   -3.23e-05    3.40e-04    5.89e-04    3.54e-03    7.09e-03    2.00e-01        0.36
   3      -109.567563765   -1.20e-07    4.36e-06    7.55e-06    2.02e-04    4.04e-04    2.00e-01        0.37
 Geometry optimization stopped:          thresholds achieved

 Final energy:                        -109.567563765

 -----------
  Final XYZ 
 -----------
2
Final structure: -109.568 hartree
N            0.551037392         -0.000000000         -0.000000000
N           -0.551037392          0.000000000          0.000000000

 Structure in entos input format:

  structure(
    xyz = [
      ['N'  ,          0.551037392,         -0.000000000,         -0.000000000],
      ['N'  ,         -0.551037392,          0.000000000,          0.000000000]
    ]
  )

 --------------------------------
  Geometry optimization finished 
 --------------------------------
 Saving results in set 'opt'

 --------------------------------------------------------------------------------
                                 command: hessian                                
 --------------------------------------------------------------------------------

 -------------------------------
  Numerical Geometrical Hessian 
 -------------------------------

 Compute hessian using two-point central differentiation.
 Step size (bohr):                       0.0100

 Frequencies (including translational and rotational modes):
 mode    frequency (cm-1)
    0                0.00 i (imaginary)
    1                0.00 i (imaginary)
    2                0.00 i (imaginary)
    3               16.06
    4               16.08
    5             2332.77

 Project out translational and rotational motions 

 The molecule is linear

 Degrees of freedom for translational and rotational motions: 5

 Vibrational frequencies:
 mode    frequency (cm-1)
    0             2332.77

 --------------------------------------------------------------------------------

 End time:                               Mon Apr 19 14:28:46 2021
 Total wall-clock time:                  6.392 seconds
==================================================================================
