
================================================================================
          _____________ ________ _______________ ________     _________         
         / ___________// ______ \\_____   _____// ______ \   / ________)        
        / /_________  / /      \ \     | |     / /      \ \ | (_______          
       |  __________|| |        | |    | |    | |        | | \________ \        
        \ \_________ | |        | |    | |     \ \______/ /___________) |       
         \__________||_|        |_|    |_|      \________//____________/        
                                                                                
====================================[ Qcore ]===================================

 Git hash:   15a3e7daff0cda5fa9af010ccd19a80288182ecf
 Git date:   Fri, 16 Apr 2021 15:57:16 +0100
 Compiler:   GNU 9.1.0
 Build type: Release
 Version:    1.1.0

 Start time: Thu Apr 22 11:09:10 2021

 Data directory: /work/zw18965/.local/qcore/share/entos/1.1.0/data
 Number of threads: 12
 Number of threads was determined by: command line argument
  - More threads can be used by running 'qcore -n 28'

 --------------------------------------------------------------------------------
                                command: optimize                                
 --------------------------------------------------------------------------------
 Using coordinate system:                tric
 Hessian update scheme:                  bfgs

 ------------------------------------------------------------------------------------------------------------
                   energy      change    grad rms    grad max    step rms    step max       trust    time (s)
 ------------------------------------------------------------------------------------------------------------
   1      -796.426081936                9.29e-03    1.61e-02                            2.00e-01        2.02
   2      -796.426508491   -4.27e-04    1.25e-03    2.16e-03    2.38e-02    4.75e-02    2.00e-01        1.36
   3      -796.426517000   -8.51e-06    8.45e-05    1.46e-04    3.68e-03    7.35e-03    2.00e-01        1.33
   4      -796.426517039   -3.94e-08    6.01e-07    1.04e-06    2.68e-04    5.36e-04    2.00e-01        1.17
 Geometry optimization stopped:          thresholds achieved

 Final energy:                        -796.426517039

 -----------
  Final XYZ 
 -----------
2
Final structure: -796.427 hartree
S            0.000000559          0.000000522         -0.014656745
S           -0.000000559         -0.000000522          1.911541334

 Structure in entos input format:

  structure(
    xyz = [
      ['S'  ,          0.000000559,          0.000000522,         -0.014656745],
      ['S'  ,         -0.000000559,         -0.000000522,          1.911541334]
    ]
  )

 --------------------------------
  Geometry optimization finished 
 --------------------------------
 Saving results in set 'opt'

 --------------------------------------------------------------------------------
                                 command: hessian                                
 --------------------------------------------------------------------------------

WARNING: semianalytic method is specified for dft hessian, which is not efficient. Try switching to 'method = analytic'


 -------------------------------
  Numerical Geometrical Hessian 
 -------------------------------

 Compute hessian using two-point central differentiation.
 Step size (bohr):                       0.0100

 Frequencies (including translational and rotational modes):
 mode    frequency (cm-1)
    0                0.00 i (imaginary)
    1                0.00
    2                0.00
    3               11.78
    4               11.78
    5              667.63

 Project out translational and rotational motions 

 The molecule is linear

 Degrees of freedom for translational and rotational motions: 5

 Vibrational frequencies:
 mode    frequency (cm-1)
    0              667.63

 --------------------------------------------------------------------------------

 End time:                               Thu Apr 22 11:09:33 2021
 Total wall-clock time:                 22.467 seconds
==================================================================================
