
================================================================================
          _____________ ________ _______________ ________     _________         
         / ___________// ______ \\_____   _____// ______ \   / ________)        
        / /_________  / /      \ \     | |     / /      \ \ | (_______          
       |  __________|| |        | |    | |    | |        | | \________ \        
        \ \_________ | |        | |    | |     \ \______/ /___________) |       
         \__________||_|        |_|    |_|      \________//____________/        
                                                                                
====================================[ Qcore ]===================================

 Git hash:   15a3e7daff0cda5fa9af010ccd19a80288182ecf
 Git date:   Fri, 16 Apr 2021 15:57:16 +0100
 Compiler:   GNU 9.1.0
 Build type: Release
 Version:    1.1.0

 Start time: Thu Apr 22 11:09:10 2021

 Data directory: /work/zw18965/.local/qcore/share/entos/1.1.0/data
 Number of threads: 12
 Number of threads was determined by: command line argument
  - More threads can be used by running 'qcore -n 28'

 --------------------------------------------------------------------------------
                                command: optimize                                
 --------------------------------------------------------------------------------
 Using coordinate system:                tric
 Hessian update scheme:                  bfgs

 ------------------------------------------------------------------------------------------------------------
                   energy      change    grad rms    grad max    step rms    step max       trust    time (s)
 ------------------------------------------------------------------------------------------------------------
   1      -473.430792424                1.33e-02    2.31e-02                            2.00e-01        2.11
   2      -473.431122972   -3.31e-04    7.92e-03    1.37e-02    9.00e-03    1.80e-02    2.00e-01        1.24
   3      -473.431313474   -1.91e-04    5.30e-04    9.17e-04    1.32e-02    2.63e-02    2.00e-01        1.18
   4      -473.431314375   -9.00e-07    2.31e-05    3.99e-05    9.44e-04    1.89e-03    2.00e-01        1.12
   5      -473.431314377   -1.77e-09    1.03e-07    1.76e-07    4.30e-05    8.59e-05    2.00e-01        0.98
 Geometry optimization stopped:          thresholds achieved

 Final energy:                        -473.431314377

 -----------
  Final XYZ 
 -----------
2
Final structure: -473.431 hartree
S           -0.000000286          0.000000093         -0.012254232
O            0.000000286         -0.000000093          1.498468782

 Structure in entos input format:

  structure(
    xyz = [
      ['S'  ,         -0.000000286,          0.000000093,         -0.012254232],
      ['O'  ,          0.000000286,         -0.000000093,          1.498468782]
    ]
  )

 --------------------------------
  Geometry optimization finished 
 --------------------------------
 Saving results in set 'opt'

 --------------------------------------------------------------------------------
                                 command: hessian                                
 --------------------------------------------------------------------------------

WARNING: semianalytic method is specified for dft hessian, which is not efficient. Try switching to 'method = analytic'


 -------------------------------
  Numerical Geometrical Hessian 
 -------------------------------

 Compute hessian using two-point central differentiation.
 Step size (bohr):                       0.0100

 Frequencies (including translational and rotational modes):
 mode    frequency (cm-1)
    0                0.02 i (imaginary)
    1                0.01 i (imaginary)
    2                0.00 i (imaginary)
    3               21.00
    4               21.00
    5             1071.40

 Project out translational and rotational motions 

 The molecule is linear

 Degrees of freedom for translational and rotational motions: 5

 Vibrational frequencies:
 mode    frequency (cm-1)
    0             1071.40

 --------------------------------------------------------------------------------

 End time:                               Thu Apr 22 11:09:32 2021
 Total wall-clock time:                 22.145 seconds
==================================================================================
