
================================================================================
          _____________ ________ _______________ ________     _________         
         / ___________// ______ \\_____   _____// ______ \   / ________)        
        / /_________  / /      \ \     | |     / /      \ \ | (_______          
       |  __________|| |        | |    | |    | |        | | \________ \        
        \ \_________ | |        | |    | |     \ \______/ /___________) |       
         \__________||_|        |_|    |_|      \________//____________/        
                                                                                
====================================[ Qcore ]===================================

 Git hash:   15a3e7daff0cda5fa9af010ccd19a80288182ecf
 Git date:   Fri, 16 Apr 2021 15:57:16 +0100
 Compiler:   GNU 9.1.0
 Build type: Release
 Version:    1.1.0

 Start time: Tue Apr 27 16:44:56 2021

 Data directory: /work/zw18965/.local/qcore/share/entos/1.1.0/data
 Number of threads: 24
 Number of threads was determined by: command line argument
  - More threads can be used by running 'qcore -n 32'

 --------------------------------------------------------------------------------
                                command: optimize                                
 --------------------------------------------------------------------------------
 Using coordinate system:                tric
 Hessian update scheme:                  bfgs

 ------------------------------------------------------------------------------------------------------------
                   energy      change    grad rms    grad max    step rms    step max       trust    time (s)
 ------------------------------------------------------------------------------------------------------------
   1      -552.986213159                4.51e-03    9.81e-03                            2.00e-01        5.73
   2      -552.986257548   -4.44e-05    3.64e-04    7.76e-04    4.33e-03    8.23e-03    2.00e-01        4.74
   3      -552.986258161   -6.13e-07    2.44e-04    5.36e-04    5.01e-04    9.96e-04    2.00e-01        4.73
   4      -552.986258511   -3.50e-07    1.90e-05    3.67e-05    6.37e-04    1.38e-03    2.00e-01        4.82
   5      -552.986258532   -2.07e-08    9.18e-06    1.73e-05    3.37e-05    2.90e-04    2.00e-01        4.71
 Geometry optimization stopped:          thresholds achieved

 Final energy:                        -552.986258532

 -----------
  Final XYZ 
 -----------
3
Final structure: -552.986 hartree
Cl           1.407183317         -0.805105678          0.000010651
C           -0.152512938         -0.329450993         -0.000020527
N           -1.254627625          0.006684141          0.000013835

 Structure in entos input format:

  structure(
    xyz = [
      ['Cl' ,          1.407183317,         -0.805105678,          0.000010651],
      ['C'  ,         -0.152512938,         -0.329450993,         -0.000020527],
      ['N'  ,         -1.254627625,          0.006684141,          0.000013835]
    ]
  )

 --------------------------------
  Geometry optimization finished 
 --------------------------------
 Saving results in set 'opt'

 --------------------------------------------------------------------------------
                                 command: hessian                                
 --------------------------------------------------------------------------------

WARNING: numerical method is specified for dft hessian, which is not efficient. Try switching to 'method = analytic'


 -------------------------------
  Numerical Geometrical Hessian 
 -------------------------------

 Compute hessian using two-point central differentiation.
 Step size (bohr):                       0.0100

 Frequencies (including translational and rotational modes):
 mode    frequency (cm-1)
    0                2.98 i (imaginary)
    1                1.49
    2                3.88
    3               10.93
    4               11.73
    5              402.42
    6              402.90
    7              744.87
    8             2305.16

 Project out translational and rotational motions 

 Degrees of freedom for translational and rotational motions: 6

 Vibrational frequencies:
 mode    frequency (cm-1)
    0              402.82
    1              744.87
    2             2305.16

 --------------------------------------------------------------------------------

 End time:                               Tue Apr 27 16:47:05 2021
 Total wall-clock time:                129.236 seconds
==================================================================================
