
================================================================================
          _____________ ________ _______________ ________     _________         
         / ___________// ______ \\_____   _____// ______ \   / ________)        
        / /_________  / /      \ \     | |     / /      \ \ | (_______          
       |  __________|| |        | |    | |    | |        | | \________ \        
        \ \_________ | |        | |    | |     \ \______/ /___________) |       
         \__________||_|        |_|    |_|      \________//____________/        
                                                                                
====================================[ Qcore ]===================================

 Git hash:   15a3e7daff0cda5fa9af010ccd19a80288182ecf
 Git date:   Fri, 16 Apr 2021 15:57:16 +0100
 Compiler:   GNU 9.1.0
 Build type: Release
 Version:    1.1.0

 Start time: Tue Apr 27 16:49:17 2021

 Data directory: /work/zw18965/.local/qcore/share/entos/1.1.0/data
 Number of threads: 24
 Number of threads was determined by: command line argument
  - More threads can be used by running 'qcore -n 32'

 --------------------------------------------------------------------------------
                                command: optimize                                
 --------------------------------------------------------------------------------
 Using coordinate system:                tric
 Hessian update scheme:                  bfgs

 ------------------------------------------------------------------------------------------------------------
                   energy      change    grad rms    grad max    step rms    step max       trust    time (s)
 ------------------------------------------------------------------------------------------------------------
   1      -113.315727514                6.09e-04    1.06e-03                            2.00e-01        1.63
   2      -113.315727940   -4.27e-07    1.47e-05    2.79e-05    4.05e-04    8.11e-04    2.00e-01        1.17
 Geometry optimization stopped:          thresholds achieved

 Final energy:                        -113.315727940

 -----------
  Final XYZ 
 -----------
2
Final structure: -113.316 hartree
O            0.562008958         -0.000000012         -0.000000004
C           -0.562046985          0.000000433          0.000000431

 Structure in entos input format:

  structure(
    xyz = [
      ['O'  ,          0.562008958,         -0.000000012,         -0.000000004],
      ['C'  ,         -0.562046985,          0.000000433,          0.000000431]
    ]
  )

 --------------------------------
  Geometry optimization finished 
 --------------------------------
 Saving results in set 'opt'

 --------------------------------------------------------------------------------
                                 command: hessian                                
 --------------------------------------------------------------------------------

WARNING: numerical method is specified for dft hessian, which is not efficient. Try switching to 'method = analytic'


 -------------------------------
  Numerical Geometrical Hessian 
 -------------------------------

 Compute hessian using two-point central differentiation.
 Step size (bohr):                       0.0100

 Frequencies (including translational and rotational modes):
 mode    frequency (cm-1)
    0               15.00 i (imaginary)
    1               14.98 i (imaginary)
    2                5.71 i (imaginary)
    3                0.27 i (imaginary)
    4                0.23 i (imaginary)
    5             2212.54

 Project out translational and rotational motions 

 The molecule is linear

 Degrees of freedom for translational and rotational motions: 5

 Vibrational frequencies:
 mode    frequency (cm-1)
    0             2212.54

 --------------------------------------------------------------------------------

 End time:                               Tue Apr 27 16:49:37 2021
 Total wall-clock time:                 20.376 seconds
==================================================================================
