
================================================================================
          _____________ ________ _______________ ________     _________         
         / ___________// ______ \\_____   _____// ______ \   / ________)        
        / /_________  / /      \ \     | |     / /      \ \ | (_______          
       |  __________|| |        | |    | |    | |        | | \________ \        
        \ \_________ | |        | |    | |     \ \______/ /___________) |       
         \__________||_|        |_|    |_|      \________//____________/        
                                                                                
====================================[ Qcore ]===================================

 Git hash:   15a3e7daff0cda5fa9af010ccd19a80288182ecf
 Git date:   Fri, 16 Apr 2021 15:57:16 +0100
 Compiler:   GNU 9.1.0
 Build type: Release
 Version:    1.1.0

 Start time: Tue Apr 27 16:52:08 2021

 Data directory: /work/zw18965/.local/qcore/share/entos/1.1.0/data
 Number of threads: 24
 Number of threads was determined by: command line argument
  - More threads can be used by running 'qcore -n 32'

 --------------------------------------------------------------------------------
                                command: optimize                                
 --------------------------------------------------------------------------------
 Using coordinate system:                tric
 Hessian update scheme:                  bfgs

 ------------------------------------------------------------------------------------------------------------
                   energy      change    grad rms    grad max    step rms    step max       trust    time (s)
 ------------------------------------------------------------------------------------------------------------
   1      -436.186647124                9.05e-03    1.57e-02                            2.00e-01        2.28
   2      -436.186802867   -1.56e-04    4.43e-03    7.68e-03    6.69e-03    1.34e-02    2.00e-01        1.54
   3      -436.186853722   -5.09e-05    1.61e-04    2.83e-04    6.42e-03    1.28e-02    2.00e-01        1.56
   4      -436.186853791   -6.94e-08    4.19e-06    1.01e-05    2.43e-04    4.85e-04    2.00e-01        1.52
 Geometry optimization stopped:          thresholds achieved

 Final energy:                        -436.186853791

 -----------
  Final XYZ 
 -----------
2
Final structure: -436.187 hartree
C           -0.000000866         -0.000000086          0.004300872
S            0.000000853          0.000000215          1.535524809

 Structure in entos input format:

  structure(
    xyz = [
      ['C'  ,         -0.000000866,         -0.000000086,          0.004300872],
      ['S'  ,          0.000000853,          0.000000215,          1.535524809]
    ]
  )

 --------------------------------
  Geometry optimization finished 
 --------------------------------
 Saving results in set 'opt'

 --------------------------------------------------------------------------------
                                 command: hessian                                
 --------------------------------------------------------------------------------

WARNING: numerical method is specified for dft hessian, which is not efficient. Try switching to 'method = analytic'


 -------------------------------
  Numerical Geometrical Hessian 
 -------------------------------

 Compute hessian using two-point central differentiation.
 Step size (bohr):                       0.0100

 Frequencies (including translational and rotational modes):
 mode    frequency (cm-1)
    0               15.96 i (imaginary)
    1               15.94 i (imaginary)
    2                0.70 i (imaginary)
    3                0.43
    4                5.29
    5             1306.19

 Project out translational and rotational motions 

 The molecule is linear

 Degrees of freedom for translational and rotational motions: 5

 Vibrational frequencies:
 mode    frequency (cm-1)
    0             1306.19

 --------------------------------------------------------------------------------

 End time:                               Tue Apr 27 16:52:38 2021
 Total wall-clock time:                 29.668 seconds
==================================================================================
