
================================================================================
          _____________ ________ _______________ ________     _________         
         / ___________// ______ \\_____   _____// ______ \   / ________)        
        / /_________  / /      \ \     | |     / /      \ \ | (_______          
       |  __________|| |        | |    | |    | |        | | \________ \        
        \ \_________ | |        | |    | |     \ \______/ /___________) |       
         \__________||_|        |_|    |_|      \________//____________/        
                                                                                
====================================[ Qcore ]===================================

 Git hash:   15a3e7daff0cda5fa9af010ccd19a80288182ecf
 Git date:   Fri, 16 Apr 2021 15:57:16 +0100
 Compiler:   GNU 9.1.0
 Build type: Release
 Version:    1.1.0

 Start time: Tue Apr 27 17:32:44 2021

 Data directory: /work/zw18965/.local/qcore/share/entos/1.1.0/data
 Number of threads: 24
 Number of threads was determined by: command line argument
  - More threads can be used by running 'qcore -n 32'

 --------------------------------------------------------------------------------
                                command: optimize                                
 --------------------------------------------------------------------------------
 Using coordinate system:                tric
 Hessian update scheme:                  bfgs

 ------------------------------------------------------------------------------------------------------------
                   energy      change    grad rms    grad max    step rms    step max       trust    time (s)
 ------------------------------------------------------------------------------------------------------------
   1      -796.329625437                1.35e-03    2.34e-03                            2.00e-01        2.64
   2      -796.329634084   -8.65e-06    1.02e-04    1.83e-04    3.45e-03    6.90e-03    2.00e-01        2.19
   3      -796.329634123   -3.92e-08    3.00e-06    7.16e-06    2.83e-04    5.66e-04    2.00e-01        2.46
 Geometry optimization stopped:          thresholds achieved

 Final energy:                        -796.329634123

 -----------
  Final XYZ 
 -----------
2
Final structure: -796.33 hartree
S           -0.000000118         -0.000000023         -0.002076194
S            0.000000401          0.000000301          1.898761788

 Structure in entos input format:

  structure(
    xyz = [
      ['S'  ,         -0.000000118,         -0.000000023,         -0.002076194],
      ['S'  ,          0.000000401,          0.000000301,          1.898761788]
    ]
  )

 --------------------------------
  Geometry optimization finished 
 --------------------------------
 Saving results in set 'opt'

 --------------------------------------------------------------------------------
                                 command: hessian                                
 --------------------------------------------------------------------------------

WARNING: numerical method is specified for dft hessian, which is not efficient. Try switching to 'method = analytic'


 -------------------------------
  Numerical Geometrical Hessian 
 -------------------------------

 Compute hessian using two-point central differentiation.
 Step size (bohr):                       0.0100

 Frequencies (including translational and rotational modes):
 mode    frequency (cm-1)
    0                1.09
    1                2.65
    2                2.69
    3                9.57
    4                9.69
    5              714.56

 Project out translational and rotational motions 

 The molecule is linear

 Degrees of freedom for translational and rotational motions: 5

 Vibrational frequencies:
 mode    frequency (cm-1)
    0              714.56

 --------------------------------------------------------------------------------

 End time:                               Tue Apr 27 17:33:27 2021
 Total wall-clock time:                 42.738 seconds
==================================================================================
