
================================================================================
          _____________ ________ _______________ ________     _________         
         / ___________// ______ \\_____   _____// ______ \   / ________)        
        / /_________  / /      \ \     | |     / /      \ \ | (_______          
       |  __________|| |        | |    | |    | |        | | \________ \        
        \ \_________ | |        | |    | |     \ \______/ /___________) |       
         \__________||_|        |_|    |_|      \________//____________/        
                                                                                
====================================[ Qcore ]===================================

 Git hash:   15a3e7daff0cda5fa9af010ccd19a80288182ecf
 Git date:   Fri, 16 Apr 2021 15:57:16 +0100
 Compiler:   GNU 9.1.0
 Build type: Release
 Version:    1.1.0

 Start time: Tue Apr 27 17:33:27 2021

 Data directory: /work/zw18965/.local/qcore/share/entos/1.1.0/data
 Number of threads: 24
 Number of threads was determined by: command line argument
  - More threads can be used by running 'qcore -n 32'

 --------------------------------------------------------------------------------
                                command: optimize                                
 --------------------------------------------------------------------------------
 Using coordinate system:                tric
 Hessian update scheme:                  bfgs

 ------------------------------------------------------------------------------------------------------------
                   energy      change    grad rms    grad max    step rms    step max       trust    time (s)
 ------------------------------------------------------------------------------------------------------------
   1      -473.353525864                1.08e-04    1.88e-04                            2.00e-01        2.62
   2      -473.353525891   -2.70e-08    6.46e-05    1.15e-04    7.31e-05    1.46e-04    2.00e-01        2.00
 Geometry optimization stopped:          thresholds achieved

 Final energy:                        -473.353525891

 -----------
  Final XYZ 
 -----------
2
Final structure: -473.354 hartree
S            0.000000009          0.000000064         -0.000040906
O           -0.000000020         -0.000000074          1.486250971

 Structure in entos input format:

  structure(
    xyz = [
      ['S'  ,          0.000000009,          0.000000064,         -0.000040906],
      ['O'  ,         -0.000000020,         -0.000000074,          1.486250971]
    ]
  )

 --------------------------------
  Geometry optimization finished 
 --------------------------------
 Saving results in set 'opt'

 --------------------------------------------------------------------------------
                                 command: hessian                                
 --------------------------------------------------------------------------------

WARNING: numerical method is specified for dft hessian, which is not efficient. Try switching to 'method = analytic'


 -------------------------------
  Numerical Geometrical Hessian 
 -------------------------------

 Compute hessian using two-point central differentiation.
 Step size (bohr):                       0.0100

 Frequencies (including translational and rotational modes):
 mode    frequency (cm-1)
    0                0.52
    1                0.67
    2                1.57
    3               21.39
    4               21.40
    5             1153.26

 Project out translational and rotational motions 

 The molecule is linear

 Degrees of freedom for translational and rotational motions: 5

 Vibrational frequencies:
 mode    frequency (cm-1)
    0             1153.26

 --------------------------------------------------------------------------------

 End time:                               Tue Apr 27 17:34:03 2021
 Total wall-clock time:                 36.773 seconds
==================================================================================
