
================================================================================
          _____________ ________ _______________ ________     _________         
         / ___________// ______ \\_____   _____// ______ \   / ________)        
        / /_________  / /      \ \     | |     / /      \ \ | (_______          
       |  __________|| |        | |    | |    | |        | | \________ \        
        \ \_________ | |        | |    | |     \ \______/ /___________) |       
         \__________||_|        |_|    |_|      \________//____________/        
                                                                                
====================================[ Qcore ]===================================

 Git hash:   15a3e7daff0cda5fa9af010ccd19a80288182ecf
 Git date:   Fri, 16 Apr 2021 15:57:16 +0100
 Compiler:   GNU 9.1.0
 Build type: Release
 Version:    1.1.0

 Start time: Fri Apr 23 10:18:17 2021

 Data directory: /work/zw18965/.local/qcore/share/entos/1.1.0/data
 Number of threads: 24
 Number of threads was determined by: command line argument
  - More threads can be used by running 'qcore -n 32'

 --------------------------------------------------------------------------------
                                command: optimize                                
 --------------------------------------------------------------------------------
 Using coordinate system:                tric
 Hessian update scheme:                  bfgs

 ------------------------------------------------------------------------------------------------------------
                   energy      change    grad rms    grad max    step rms    step max       trust    time (s)
 ------------------------------------------------------------------------------------------------------------
   1       -77.256979834                5.80e-03    1.08e-02                            2.00e-01        0.74
   2       -77.257348371   -3.69e-04    1.37e-03    3.08e-03    1.78e-02    2.36e-02    2.00e-01        0.50
   3       -77.257373315   -2.49e-05    3.06e-04    6.77e-04    5.68e-03    7.96e-03    2.00e-01        0.48
   4       -77.257373630   -3.14e-07    3.44e-05    8.34e-05    4.73e-04    7.87e-04    2.00e-01        0.50
 Geometry optimization stopped:          thresholds achieved

 Final energy:                         -77.257373630

 -----------
  Final XYZ 
 -----------
4
Final structure: -77.2574 hartree
C           -0.603167173          0.000000140         -0.000012367
C            0.603166725         -0.000000170          0.000012365
H           -1.673009222         -0.000000016         -0.000096126
H            1.673009670          0.000000047          0.000096128

 Structure in entos input format:

  structure(
    xyz = [
      ['C'  ,         -0.603167173,          0.000000140,         -0.000012367],
      ['C'  ,          0.603166725,         -0.000000170,          0.000012365],
      ['H'  ,         -1.673009222,         -0.000000016,         -0.000096126],
      ['H'  ,          1.673009670,          0.000000047,          0.000096128]
    ]
  )

 --------------------------------
  Geometry optimization finished 
 --------------------------------
 Saving results in set 'opt'

 --------------------------------------------------------------------------------
                                 command: hessian                                
 --------------------------------------------------------------------------------

WARNING: semianalytic method is specified for dft hessian, which is not efficient. Try switching to 'method = analytic'


 -------------------------------
  Numerical Geometrical Hessian 
 -------------------------------

 Compute hessian using two-point central differentiation.
 Step size (bohr):                       0.0100

 Frequencies (including translational and rotational modes):
 mode    frequency (cm-1)
    0                0.09 i (imaginary)
    1                0.00 i (imaginary)
    2                0.00 i (imaginary)
    3               13.65
    4               13.70
    5              588.39
    6              588.39
    7              732.89
    8              732.89
    9             2008.25
   10             3345.82
   11             3441.07

 Project out translational and rotational motions 

 Degrees of freedom for translational and rotational motions: 6

 Vibrational frequencies:
 mode    frequency (cm-1)
    0              588.39
    1              732.89
    2              732.89
    3             2008.25
    4             3345.82
    5             3441.07

 --------------------------------------------------------------------------------

 End time:                               Fri Apr 23 10:18:32 2021
 Total wall-clock time:                 14.908 seconds
==================================================================================
