
================================================================================
          _____________ ________ _______________ ________     _________         
         / ___________// ______ \\_____   _____// ______ \   / ________)        
        / /_________  / /      \ \     | |     / /      \ \ | (_______          
       |  __________|| |        | |    | |    | |        | | \________ \        
        \ \_________ | |        | |    | |     \ \______/ /___________) |       
         \__________||_|        |_|    |_|      \________//____________/        
                                                                                
====================================[ Qcore ]===================================

 Git hash:   15a3e7daff0cda5fa9af010ccd19a80288182ecf
 Git date:   Fri, 16 Apr 2021 15:57:16 +0100
 Compiler:   GNU 9.1.0
 Build type: Release
 Version:    1.1.0

 Start time: Fri Apr 23 10:19:13 2021

 Data directory: /work/zw18965/.local/qcore/share/entos/1.1.0/data
 Number of threads: 24
 Number of threads was determined by: command line argument
  - More threads can be used by running 'qcore -n 32'

 --------------------------------------------------------------------------------
                                command: optimize                                
 --------------------------------------------------------------------------------
 Using coordinate system:                tric
 Hessian update scheme:                  bfgs

 ------------------------------------------------------------------------------------------------------------
                   energy      change    grad rms    grad max    step rms    step max       trust    time (s)
 ------------------------------------------------------------------------------------------------------------
   1      -958.042250022                1.87e-02    4.43e-02                            2.00e-01        1.09
   2      -958.046596046   -4.35e-03    1.19e-02    2.47e-02    1.06e-01    1.21e-01    2.00e-01        0.78
   3      -958.047865104   -1.27e-03    5.85e-03    9.85e-03    4.63e-02    5.37e-02    2.00e-01        0.76
   4      -958.048292715   -4.28e-04    1.69e-03    3.30e-03    2.22e-02    3.28e-02    2.00e-01        0.73
   5      -958.048348234   -5.55e-05    1.28e-04    2.77e-04    1.31e-02    1.22e-02    2.00e-01        0.70
   6      -958.048348861   -6.27e-07    1.83e-05    4.27e-05    1.58e-03    1.84e-03    2.00e-01        0.65
   7      -958.048349042   -1.81e-07    2.53e-05    4.76e-05    3.03e-04    2.15e-03    2.00e-01        0.65
   8      -958.048349998   -9.55e-07    9.68e-05    1.96e-04    1.15e-03    1.73e-02    2.00e-01        0.68
   9      -958.048351164   -1.17e-06    1.44e-04    2.84e-04    7.15e-04    2.86e-02    2.00e-01        0.68
  10      -958.048352173   -1.01e-06    1.17e-04    2.33e-04    3.67e-04    3.00e-02    2.00e-01        0.67
  11      -958.048352638   -4.66e-07    3.93e-05    7.88e-05    1.13e-03    1.04e-02    2.00e-01        0.65
  12      -958.048352732   -9.36e-08    2.39e-06    4.74e-06    5.49e-04    1.88e-03    2.00e-01        0.66
Rejecting step due to low quality: Quality: -30.8487 New trust radius: 1.13491e-05
  13      -958.048352721    1.10e-08    2.39e-06    4.74e-06    2.27e-05    6.44e-04    1.13e-05        0.65
 Geometry optimization stopped:          thresholds achieved

 Final energy:                        -958.048352721

 -----------
  Final XYZ 
 -----------
3
Final structure: -958.048 hartree
C            0.000001460         -0.041346674          0.023113065
Cl          -0.000036787          0.961920854         -1.390315429
Cl           0.000035327          0.962746413          1.435931804

 Structure in entos input format:

  structure(
    xyz = [
      ['C'  ,          0.000001460,         -0.041346674,          0.023113065],
      ['Cl' ,         -0.000036787,          0.961920854,         -1.390315429],
      ['Cl' ,          0.000035327,          0.962746413,          1.435931804]
    ]
  )

 --------------------------------
  Geometry optimization finished 
 --------------------------------
 Saving results in set 'opt'

 --------------------------------------------------------------------------------
                                 command: hessian                                
 --------------------------------------------------------------------------------

WARNING: semianalytic method is specified for dft hessian, which is not efficient. Try switching to 'method = analytic'


 -------------------------------
  Numerical Geometrical Hessian 
 -------------------------------

 Compute hessian using two-point central differentiation.
 Step size (bohr):                       0.0100

 Frequencies (including translational and rotational modes):
 mode    frequency (cm-1)
    0                0.08 i (imaginary)
    1                0.03 i (imaginary)
    2                0.02 i (imaginary)
    3               16.07
    4               17.52
    5               42.58
    6              320.30
    7              698.55
    8              718.82

 Project out translational and rotational motions 

 Degrees of freedom for translational and rotational motions: 6

 Vibrational frequencies:
 mode    frequency (cm-1)
    0              320.30
    1              698.55
    2              718.82

 --------------------------------------------------------------------------------

 End time:                               Fri Apr 23 10:19:36 2021
 Total wall-clock time:                 22.621 seconds
==================================================================================
