
================================================================================
          _____________ ________ _______________ ________     _________         
         / ___________// ______ \\_____   _____// ______ \   / ________)        
        / /_________  / /      \ \     | |     / /      \ \ | (_______          
       |  __________|| |        | |    | |    | |        | | \________ \        
        \ \_________ | |        | |    | |     \ \______/ /___________) |       
         \__________||_|        |_|    |_|      \________//____________/        
                                                                                
====================================[ Qcore ]===================================

 Git hash:   15a3e7daff0cda5fa9af010ccd19a80288182ecf
 Git date:   Fri, 16 Apr 2021 15:57:16 +0100
 Compiler:   GNU 9.1.0
 Build type: Release
 Version:    1.1.0

 Start time: Fri Apr 23 10:19:26 2021

 Data directory: /work/zw18965/.local/qcore/share/entos/1.1.0/data
 Number of threads: 24
 Number of threads was determined by: command line argument
  - More threads can be used by running 'qcore -n 32'

 --------------------------------------------------------------------------------
                                command: optimize                                
 --------------------------------------------------------------------------------
 Using coordinate system:                tric
 Hessian update scheme:                  bfgs

 ------------------------------------------------------------------------------------------------------------
                   energy      change    grad rms    grad max    step rms    step max       trust    time (s)
 ------------------------------------------------------------------------------------------------------------
   1      -437.277525073                2.90e-03    6.78e-03                            2.00e-01        1.14
   2      -437.277718420   -1.93e-04    9.95e-04    2.06e-03    1.61e-02    1.94e-02    2.00e-01        0.61
   3      -437.277750150   -3.17e-05    5.09e-04    1.50e-03    9.65e-03    1.38e-02    2.00e-01        0.61
   4      -437.277751987   -1.84e-06    2.93e-04    8.36e-04    1.48e-03    2.87e-03    2.00e-01        0.59
   5      -437.277752663   -6.75e-07    3.54e-05    8.30e-05    8.97e-04    1.84e-03    2.00e-01        0.56
Rejecting step due to low quality: Quality: -1.25238 New trust radius: 5.49661e-05
   6      -437.277752651    1.18e-08    3.54e-05    8.30e-05    1.10e-04    1.13e-04    5.50e-05        0.55
 Geometry optimization stopped:          thresholds achieved

 Final energy:                        -437.277752651

 -----------
  Final XYZ 
 -----------
4
Final structure: -437.278 hartree
C           -0.110706433          0.008753195          0.001200594
S            1.497258160         -0.118795398         -0.015803104
H           -0.666272708          0.275336413          0.908961728
H           -0.720283158         -0.165356505         -0.894279815

 Structure in entos input format:

  structure(
    xyz = [
      ['C'  ,         -0.110706433,          0.008753195,          0.001200594],
      ['S'  ,          1.497258160,         -0.118795398,         -0.015803104],
      ['H'  ,         -0.666272708,          0.275336413,          0.908961728],
      ['H'  ,         -0.720283158,         -0.165356505,         -0.894279815]
    ]
  )

 --------------------------------
  Geometry optimization finished 
 --------------------------------
 Saving results in set 'opt'

 --------------------------------------------------------------------------------
                                 command: hessian                                
 --------------------------------------------------------------------------------

WARNING: semianalytic method is specified for dft hessian, which is not efficient. Try switching to 'method = analytic'


 -------------------------------
  Numerical Geometrical Hessian 
 -------------------------------

 Compute hessian using two-point central differentiation.
 Step size (bohr):                       0.0100

 Frequencies (including translational and rotational modes):
 mode    frequency (cm-1)
    0               15.26 i (imaginary)
    1               11.01 i (imaginary)
    2                0.04 i (imaginary)
    3                0.07
    4                0.19
    5               15.17
    6              971.49
    7              985.67
    8             1069.11
    9             1438.43
   10             2977.03
   11             3055.93

 Project out translational and rotational motions 

 Degrees of freedom for translational and rotational motions: 6

 Vibrational frequencies:
 mode    frequency (cm-1)
    0              971.49
    1              985.67
    2             1069.11
    3             1438.43
    4             2977.03
    5             3055.93

 --------------------------------------------------------------------------------

 End time:                               Fri Apr 23 10:19:46 2021
 Total wall-clock time:                 19.987 seconds
==================================================================================
