
================================================================================
          _____________ ________ _______________ ________     _________         
         / ___________// ______ \\_____   _____// ______ \   / ________)        
        / /_________  / /      \ \     | |     / /      \ \ | (_______          
       |  __________|| |        | |    | |    | |        | | \________ \        
        \ \_________ | |        | |    | |     \ \______/ /___________) |       
         \__________||_|        |_|    |_|      \________//____________/        
                                                                                
====================================[ Qcore ]===================================

 Git hash:   15a3e7daff0cda5fa9af010ccd19a80288182ecf
 Git date:   Fri, 16 Apr 2021 15:57:16 +0100
 Compiler:   GNU 9.1.0
 Build type: Release
 Version:    1.1.0

 Start time: Fri Apr 23 10:19:43 2021

 Data directory: /work/zw18965/.local/qcore/share/entos/1.1.0/data
 Number of threads: 24
 Number of threads was determined by: command line argument
  - More threads can be used by running 'qcore -n 32'

 --------------------------------------------------------------------------------
                                command: optimize                                
 --------------------------------------------------------------------------------
 Using coordinate system:                tric
 Hessian update scheme:                  bfgs

 ------------------------------------------------------------------------------------------------------------
                   energy      change    grad rms    grad max    step rms    step max       trust    time (s)
 ------------------------------------------------------------------------------------------------------------
   1       -76.383309024                7.20e-03    1.25e-02                            2.00e-01        0.55
   2       -76.383574026   -2.65e-04    3.21e-03    5.80e-03    1.03e-02    1.99e-02    2.00e-01        0.29
   3       -76.383682468   -1.08e-04    5.36e-04    8.49e-04    1.43e-02    2.87e-02    2.00e-01        0.29
   4       -76.383687781   -5.31e-06    2.80e-04    4.73e-04    3.59e-03    6.00e-03    2.00e-01        0.27
   5       -76.383688489   -7.09e-07    3.59e-05    5.69e-05    1.34e-03    1.70e-03    2.00e-01        0.29
   6       -76.383688496   -6.82e-09    3.11e-06    6.44e-06    6.83e-05    1.97e-04    2.00e-01        0.26
 Geometry optimization stopped:          thresholds achieved

 Final energy:                         -76.383688496

 -----------
  Final XYZ 
 -----------
3
Final structure: -76.3837 hartree
O           -0.000023806         -0.000390569         -0.000136462
H            0.276879594          0.892368575          0.254244986
H            0.607344207         -0.237378007         -0.716608523

 Structure in entos input format:

  structure(
    xyz = [
      ['O'  ,         -0.000023806,         -0.000390569,         -0.000136462],
      ['H'  ,          0.276879594,          0.892368575,          0.254244986],
      ['H'  ,          0.607344207,         -0.237378007,         -0.716608523]
    ]
  )

 --------------------------------
  Geometry optimization finished 
 --------------------------------
 Saving results in set 'opt'

 --------------------------------------------------------------------------------
                                 command: hessian                                
 --------------------------------------------------------------------------------

WARNING: semianalytic method is specified for dft hessian, which is not efficient. Try switching to 'method = analytic'


 -------------------------------
  Numerical Geometrical Hessian 
 -------------------------------

 Compute hessian using two-point central differentiation.
 Step size (bohr):                       0.0100

 Frequencies (including translational and rotational modes):
 mode    frequency (cm-1)
    0               45.94 i (imaginary)
    1               26.75 i (imaginary)
    2               15.81 i (imaginary)
    3                0.02
    4                0.10
    5                0.36
    6             1600.99
    7             3704.86
    8             3807.77

 Project out translational and rotational motions 

 Degrees of freedom for translational and rotational motions: 6

 Vibrational frequencies:
 mode    frequency (cm-1)
    0             1600.99
    1             3704.86
    2             3807.77

 --------------------------------------------------------------------------------

 End time:                               Fri Apr 23 10:19:51 2021
 Total wall-clock time:                  7.579 seconds
==================================================================================
