
================================================================================
          _____________ ________ _______________ ________     _________         
         / ___________// ______ \\_____   _____// ______ \   / ________)        
        / /_________  / /      \ \     | |     / /      \ \ | (_______          
       |  __________|| |        | |    | |    | |        | | \________ \        
        \ \_________ | |        | |    | |     \ \______/ /___________) |       
         \__________||_|        |_|    |_|      \________//____________/        
                                                                                
====================================[ Qcore ]===================================

 Git hash:   15a3e7daff0cda5fa9af010ccd19a80288182ecf
 Git date:   Fri, 16 Apr 2021 15:57:16 +0100
 Compiler:   GNU 9.1.0
 Build type: Release
 Version:    1.1.0

 Start time: Fri Apr 23 10:19:48 2021

 Data directory: /work/zw18965/.local/qcore/share/entos/1.1.0/data
 Number of threads: 24
 Number of threads was determined by: command line argument
  - More threads can be used by running 'qcore -n 32'

 --------------------------------------------------------------------------------
                                command: optimize                                
 --------------------------------------------------------------------------------
 Using coordinate system:                tric
 Hessian update scheme:                  bfgs

 ------------------------------------------------------------------------------------------------------------
                   energy      change    grad rms    grad max    step rms    step max       trust    time (s)
 ------------------------------------------------------------------------------------------------------------
   1      -460.638962093                8.33e-03    1.44e-02                            2.00e-01        0.59
   2      -460.639205727   -2.44e-04    3.71e-03    6.42e-03    1.17e-02    2.35e-02    2.00e-01        0.28
   3      -460.639269326   -6.36e-05    2.21e-04    3.83e-04    9.42e-03    1.88e-02    2.00e-01        0.29
   4      -460.639269561   -2.35e-07    6.37e-06    1.10e-05    5.97e-04    1.19e-03    2.00e-01        0.28
 Geometry optimization stopped:          thresholds achieved

 Final energy:                        -460.639269561

 -----------
  Final XYZ 
 -----------
2
Final structure: -460.639 hartree
Cl           0.644068870         -0.000000072          0.000000088
H           -0.644068869          0.000000072         -0.000000088

 Structure in entos input format:

  structure(
    xyz = [
      ['Cl' ,          0.644068870,         -0.000000072,          0.000000088],
      ['H'  ,         -0.644068869,          0.000000072,         -0.000000088]
    ]
  )

 --------------------------------
  Geometry optimization finished 
 --------------------------------
 Saving results in set 'opt'

 --------------------------------------------------------------------------------
                                 command: hessian                                
 --------------------------------------------------------------------------------

WARNING: semianalytic method is specified for dft hessian, which is not efficient. Try switching to 'method = analytic'


 -------------------------------
  Numerical Geometrical Hessian 
 -------------------------------

 Compute hessian using two-point central differentiation.
 Step size (bohr):                       0.0100

 Frequencies (including translational and rotational modes):
 mode    frequency (cm-1)
    0                0.06 i (imaginary)
    1                0.05 i (imaginary)
    2                0.02 i (imaginary)
    3               14.87
    4               14.87
    5             2895.67

 Project out translational and rotational motions 

 The molecule is linear

 Degrees of freedom for translational and rotational motions: 5

 Vibrational frequencies:
 mode    frequency (cm-1)
    0             2895.67

 --------------------------------------------------------------------------------

 End time:                               Fri Apr 23 10:19:53 2021
 Total wall-clock time:                  5.275 seconds
==================================================================================
