
================================================================================
          _____________ ________ _______________ ________     _________         
         / ___________// ______ \\_____   _____// ______ \   / ________)        
        / /_________  / /      \ \     | |     / /      \ \ | (_______          
       |  __________|| |        | |    | |    | |        | | \________ \        
        \ \_________ | |        | |    | |     \ \______/ /___________) |       
         \__________||_|        |_|    |_|      \________//____________/        
                                                                                
====================================[ Qcore ]===================================

 Git hash:   15a3e7daff0cda5fa9af010ccd19a80288182ecf
 Git date:   Fri, 16 Apr 2021 15:57:16 +0100
 Compiler:   GNU 9.1.0
 Build type: Release
 Version:    1.1.0

 Start time: Fri Apr 23 10:20:03 2021

 Data directory: /work/zw18965/.local/qcore/share/entos/1.1.0/data
 Number of threads: 24
 Number of threads was determined by: command line argument
  - More threads can be used by running 'qcore -n 32'

 --------------------------------------------------------------------------------
                                command: optimize                                
 --------------------------------------------------------------------------------
 Using coordinate system:                tric
 Hessian update scheme:                  bfgs

 ------------------------------------------------------------------------------------------------------------
                   energy      change    grad rms    grad max    step rms    step max       trust    time (s)
 ------------------------------------------------------------------------------------------------------------
   1      -184.572986636                3.54e-02    8.56e-02                            2.00e-01        0.84
   2      -184.577038607   -4.05e-03    4.52e-03    1.05e-02    4.37e-02    6.19e-02    2.00e-01        0.49
   3      -184.577102619   -6.40e-05    1.36e-03    3.19e-03    5.12e-03    9.68e-03    2.00e-01        0.50
   4      -184.577106693   -4.07e-06    2.02e-04    4.80e-04    1.29e-03    2.95e-03    2.00e-01        0.51
   5      -184.577106755   -6.14e-08    2.62e-05    5.94e-05    1.11e-04    2.60e-04    2.00e-01        0.44
 Geometry optimization stopped:          thresholds achieved

 Final energy:                        -184.577106755

 -----------
  Final XYZ 
 -----------
3
Final structure: -184.577 hartree
N            0.000000359         -0.000000104         -1.134738888
N           -0.000000002          0.000000017          0.002528773
O           -0.000000357          0.000000087          1.191210120

 Structure in entos input format:

  structure(
    xyz = [
      ['N'  ,          0.000000359,         -0.000000104,         -1.134738888],
      ['N'  ,         -0.000000002,          0.000000017,          0.002528773],
      ['O'  ,         -0.000000357,          0.000000087,          1.191210120]
    ]
  )

 --------------------------------
  Geometry optimization finished 
 --------------------------------
 Saving results in set 'opt'

 --------------------------------------------------------------------------------
                                 command: hessian                                
 --------------------------------------------------------------------------------

WARNING: semianalytic method is specified for dft hessian, which is not efficient. Try switching to 'method = analytic'


 -------------------------------
  Numerical Geometrical Hessian 
 -------------------------------

 Compute hessian using two-point central differentiation.
 Step size (bohr):                       0.0100

 Frequencies (including translational and rotational modes):
 mode    frequency (cm-1)
    0                9.38 i (imaginary)
    1                9.37 i (imaginary)
    2                0.01 i (imaginary)
    3                0.06
    4                0.09
    5              596.43
    6              596.43
    7             1303.90
    8             2281.35

 Project out translational and rotational motions 

 Degrees of freedom for translational and rotational motions: 6

 Vibrational frequencies:
 mode    frequency (cm-1)
    0              596.43
    1             1303.90
    2             2281.35

 --------------------------------------------------------------------------------

 End time:                               Fri Apr 23 10:20:15 2021
 Total wall-clock time:                 12.095 seconds
==================================================================================
