
================================================================================
          _____________ ________ _______________ ________     _________         
         / ___________// ______ \\_____   _____// ______ \   / ________)        
        / /_________  / /      \ \     | |     / /      \ \ | (_______          
       |  __________|| |        | |    | |    | |        | | \________ \        
        \ \_________ | |        | |    | |     \ \______/ /___________) |       
         \__________||_|        |_|    |_|      \________//____________/        
                                                                                
====================================[ Qcore ]===================================

 Git hash:   15a3e7daff0cda5fa9af010ccd19a80288182ecf
 Git date:   Fri, 16 Apr 2021 15:57:16 +0100
 Compiler:   GNU 9.1.0
 Build type: Release
 Version:    1.1.0

 Start time: Fri Apr 23 10:19:50 2021

 Data directory: /work/zw18965/.local/qcore/share/entos/1.1.0/data
 Number of threads: 24
 Number of threads was determined by: command line argument
  - More threads can be used by running 'qcore -n 32'

 --------------------------------------------------------------------------------
                                command: optimize                                
 --------------------------------------------------------------------------------
 Using coordinate system:                tric
 Hessian update scheme:                  bfgs

 ------------------------------------------------------------------------------------------------------------
                   energy      change    grad rms    grad max    step rms    step max       trust    time (s)
 ------------------------------------------------------------------------------------------------------------
   1      -364.555938485                7.50e-03    1.30e-02                            2.00e-01        0.79
   2      -364.556045166   -1.07e-04    3.74e-03    6.48e-03    5.49e-03    1.10e-02    2.00e-01        0.35
   3      -364.556081625   -3.65e-05    1.26e-04    2.18e-04    5.47e-03    1.09e-02    2.00e-01        0.36
   4      -364.556081667   -4.21e-08    2.25e-06    3.89e-06    1.90e-04    3.80e-04    2.00e-01        0.35
 Geometry optimization stopped:          thresholds achieved

 Final energy:                        -364.556081667

 -----------
  Final XYZ 
 -----------
2
Final structure: -364.556 hartree
Si           0.000000068         -0.000000104         -0.762830418
O           -0.000000068          0.000000104          0.762830418

 Structure in entos input format:

  structure(
    xyz = [
      ['Si' ,          0.000000068,         -0.000000104,         -0.762830418],
      ['O'  ,         -0.000000068,          0.000000104,          0.762830418]
    ]
  )

 --------------------------------
  Geometry optimization finished 
 --------------------------------
 Saving results in set 'opt'

 --------------------------------------------------------------------------------
                                 command: hessian                                
 --------------------------------------------------------------------------------

WARNING: semianalytic method is specified for dft hessian, which is not efficient. Try switching to 'method = analytic'


 -------------------------------
  Numerical Geometrical Hessian 
 -------------------------------

 Compute hessian using two-point central differentiation.
 Step size (bohr):                       0.0100

 Frequencies (including translational and rotational modes):
 mode    frequency (cm-1)
    0                9.30 i (imaginary)
    1                9.30 i (imaginary)
    2                0.00 i (imaginary)
    3                0.00
    4                0.15
    5             1207.32

 Project out translational and rotational motions 

 The molecule is linear

 Degrees of freedom for translational and rotational motions: 5

 Vibrational frequencies:
 mode    frequency (cm-1)
    0             1207.32

 --------------------------------------------------------------------------------

 End time:                               Fri Apr 23 10:19:56 2021
 Total wall-clock time:                  6.802 seconds
==================================================================================
