
================================================================================
          _____________ ________ _______________ ________     _________         
         / ___________// ______ \\_____   _____// ______ \   / ________)        
        / /_________  / /      \ \     | |     / /      \ \ | (_______          
       |  __________|| |        | |    | |    | |        | | \________ \        
        \ \_________ | |        | |    | |     \ \______/ /___________) |       
         \__________||_|        |_|    |_|      \________//____________/        
                                                                                
====================================[ Qcore ]===================================

 Git hash:   15a3e7daff0cda5fa9af010ccd19a80288182ecf
 Git date:   Fri, 16 Apr 2021 15:57:16 +0100
 Compiler:   GNU 9.1.0
 Build type: Release
 Version:    1.1.0

 Start time: Fri Apr 23 10:19:27 2021

 Data directory: /work/zw18965/.local/qcore/share/entos/1.1.0/data
 Number of threads: 24
 Number of threads was determined by: command line argument
  - More threads can be used by running 'qcore -n 32'

 --------------------------------------------------------------------------------
                                command: optimize                                
 --------------------------------------------------------------------------------
 Using coordinate system:                tric
 Hessian update scheme:                  bfgs

 ------------------------------------------------------------------------------------------------------------
                   energy      change    grad rms    grad max    step rms    step max       trust    time (s)
 ------------------------------------------------------------------------------------------------------------
   1      -115.639140631                4.06e-03    1.20e-02                            2.00e-01        1.33
   2      -115.639466209   -3.26e-04    1.58e-03    4.53e-03    1.89e-02    1.81e-02    2.00e-01        0.94
   3      -115.639515729   -4.95e-05    6.21e-04    1.84e-03    6.10e-03    1.34e-02    2.00e-01        0.86
   4      -115.639525070   -9.34e-06    2.83e-04    9.09e-04    4.57e-03    6.79e-03    2.00e-01        0.86
   5      -115.639526543   -1.47e-06    1.01e-04    2.97e-04    1.93e-03    1.71e-03    2.00e-01        0.84
   6      -115.639526695   -1.52e-07    2.19e-05    6.49e-05    3.16e-04    5.47e-04    2.00e-01        0.82
 Geometry optimization stopped:          thresholds achieved

 Final energy:                        -115.639526695

 -----------
  Final XYZ 
 -----------
6
Final structure: -115.64 hartree
C           -0.359354450         -0.041204550         -0.016226874
O            1.007847037         -0.351765890         -0.272338445
H           -0.532547330          1.042544423          0.099326809
H           -0.622780966         -0.530186481          0.929314775
H           -1.034538174         -0.425733274         -0.799874662
H            1.257931043          0.072520910         -1.106006548

 Structure in entos input format:

  structure(
    xyz = [
      ['C'  ,         -0.359354450,         -0.041204550,         -0.016226874],
      ['O'  ,          1.007847037,         -0.351765890,         -0.272338445],
      ['H'  ,         -0.532547330,          1.042544423,          0.099326809],
      ['H'  ,         -0.622780966,         -0.530186481,          0.929314775],
      ['H'  ,         -1.034538174,         -0.425733274,         -0.799874662],
      ['H'  ,          1.257931043,          0.072520910,         -1.106006548]
    ]
  )

 --------------------------------
  Geometry optimization finished 
 --------------------------------
 Saving results in set 'opt'

 --------------------------------------------------------------------------------
                                 command: hessian                                
 --------------------------------------------------------------------------------

WARNING: semianalytic method is specified for dft hessian, which is not efficient. Try switching to 'method = analytic'


 -------------------------------
  Numerical Geometrical Hessian 
 -------------------------------

 Compute hessian using two-point central differentiation.
 Step size (bohr):                       0.0100

 Frequencies (including translational and rotational modes):
 mode    frequency (cm-1)
    0               32.30 i (imaginary)
    1                0.11 i (imaginary)
    2                0.03 i (imaginary)
    3                0.08
    4               11.11
    5               18.44
    6              291.81
    7             1014.72
    8             1056.31
    9             1130.86
   10             1335.08
   11             1426.60
   12             1440.19
   13             1457.56
   14             2912.90
   15             2959.18
   16             3039.23
   17             3726.32

 Project out translational and rotational motions 

 Degrees of freedom for translational and rotational motions: 6

 Vibrational frequencies:
 mode    frequency (cm-1)
    0              291.78
    1             1014.72
    2             1056.31
    3             1130.86
    4             1335.08
    5             1426.60
    6             1440.19
    7             1457.56
    8             2912.90
    9             2959.18
   10             3039.23
   11             3726.32

 --------------------------------------------------------------------------------

 End time:                               Fri Apr 23 10:20:05 2021
 Total wall-clock time:                 38.069 seconds
==================================================================================
