
================================================================================
          _____________ ________ _______________ ________     _________         
         / ___________// ______ \\_____   _____// ______ \   / ________)        
        / /_________  / /      \ \     | |     / /      \ \ | (_______          
       |  __________|| |        | |    | |    | |        | | \________ \        
        \ \_________ | |        | |    | |     \ \______/ /___________) |       
         \__________||_|        |_|    |_|      \________//____________/        
                                                                                
====================================[ Qcore ]===================================

 Git hash:   15a3e7daff0cda5fa9af010ccd19a80288182ecf
 Git date:   Fri, 16 Apr 2021 15:57:16 +0100
 Compiler:   GNU 9.1.0
 Build type: Release
 Version:    1.1.0

 Start time: Fri Apr 23 10:20:16 2021

 Data directory: /work/zw18965/.local/qcore/share/entos/1.1.0/data
 Number of threads: 24
 Number of threads was determined by: command line argument
  - More threads can be used by running 'qcore -n 32'

 --------------------------------------------------------------------------------
                                command: optimize                                
 --------------------------------------------------------------------------------
 Using coordinate system:                tric
 Hessian update scheme:                  bfgs

 ------------------------------------------------------------------------------------------------------------
                   energy      change    grad rms    grad max    step rms    step max       trust    time (s)
 ------------------------------------------------------------------------------------------------------------
   1      -796.080434218                4.08e-03    7.06e-03                            2.00e-01        0.76
   2      -796.080513857   -7.96e-05    3.64e-04    6.31e-04    1.04e-02    2.09e-02    2.00e-01        0.42
   3      -796.080514505   -6.48e-07    1.04e-05    1.80e-05    1.02e-03    2.05e-03    2.00e-01        0.44
   4      -796.080514522   -1.68e-08    4.53e-08    7.82e-08    3.01e-05    6.02e-05    2.00e-01        0.42
 Geometry optimization stopped:          thresholds achieved

 Final energy:                        -796.080514522

 -----------
  Final XYZ 
 -----------
2
Final structure: -796.081 hartree
S            0.000000493         -0.000000445         -0.006076186
S           -0.000000493          0.000000445          1.902960776

 Structure in entos input format:

  structure(
    xyz = [
      ['S'  ,          0.000000493,         -0.000000445,         -0.006076186],
      ['S'  ,         -0.000000493,          0.000000445,          1.902960776]
    ]
  )

 --------------------------------
  Geometry optimization finished 
 --------------------------------
 Saving results in set 'opt'

 --------------------------------------------------------------------------------
                                 command: hessian                                
 --------------------------------------------------------------------------------

WARNING: semianalytic method is specified for dft hessian, which is not efficient. Try switching to 'method = analytic'


 -------------------------------
  Numerical Geometrical Hessian 
 -------------------------------

 Compute hessian using two-point central differentiation.
 Step size (bohr):                       0.0100

 Frequencies (including translational and rotational modes):
 mode    frequency (cm-1)
    0                0.03 i (imaginary)
    1                0.02 i (imaginary)
    2                0.01 i (imaginary)
    3               16.21
    4               16.21
    5              701.79

 Project out translational and rotational motions 

 The molecule is linear

 Degrees of freedom for translational and rotational motions: 5

 Vibrational frequencies:
 mode    frequency (cm-1)
    0              701.79

 --------------------------------------------------------------------------------

 End time:                               Fri Apr 23 10:20:24 2021
 Total wall-clock time:                  8.096 seconds
==================================================================================
