
================================================================================
          _____________ ________ _______________ ________     _________         
         / ___________// ______ \\_____   _____// ______ \   / ________)        
        / /_________  / /      \ \     | |     / /      \ \ | (_______          
       |  __________|| |        | |    | |    | |        | | \________ \        
        \ \_________ | |        | |    | |     \ \______/ /___________) |       
         \__________||_|        |_|    |_|      \________//____________/        
                                                                                
====================================[ Qcore ]===================================

 Git hash:   15a3e7daff0cda5fa9af010ccd19a80288182ecf
 Git date:   Fri, 16 Apr 2021 15:57:16 +0100
 Compiler:   GNU 9.1.0
 Build type: Release
 Version:    1.1.0

 Start time: Fri Apr 16 16:29:48 2021

 Data directory: /work/zw18965/.local/qcore/share/entos/1.1.0/data
 Number of threads: 24
 Number of threads was determined by: command line argument
  - More threads can be used by running 'qcore -n 32'

 --------------------------------------------------------------------------------
                                command: optimize                                
 --------------------------------------------------------------------------------
 Using coordinate system:                tric
 Hessian update scheme:                  bfgs

 ------------------------------------------------------------------------------------------------------------
                   energy      change    grad rms    grad max    step rms    step max       trust    time (s)
 ------------------------------------------------------------------------------------------------------------
   1       -78.575389719                2.55e-03    7.39e-03                            2.00e-01        2.19
   2       -78.575445408   -5.57e-05    1.03e-03    2.90e-03    5.18e-03    8.27e-03    2.00e-01        1.79
   3       -78.575462302   -1.69e-05    6.27e-05    1.42e-04    6.14e-03    8.83e-03    2.00e-01        1.56
   4       -78.575462502   -2.00e-07    2.32e-05    6.58e-05    6.85e-04    6.80e-04    2.00e-01        1.53
 Geometry optimization stopped:          thresholds achieved

 Final energy:                         -78.575462502

 -----------
  Final XYZ 
 -----------
6
Final structure: -78.5755 hartree
C           -0.660260975         -0.052286876          0.000153187
C            0.660191716          0.052283579         -0.000120172
H           -1.235593590          0.002493594         -0.914716883
H           -1.219386423         -0.196961424          0.915273092
H            1.219320108          0.196954344         -0.915238951
H            1.235521748         -0.002499811          0.914751388

 Structure in entos input format:

  structure(
    xyz = [
      ['C'  ,         -0.660260975,         -0.052286876,          0.000153187],
      ['C'  ,          0.660191716,          0.052283579,         -0.000120172],
      ['H'  ,         -1.235593590,          0.002493594,         -0.914716883],
      ['H'  ,         -1.219386423,         -0.196961424,          0.915273092],
      ['H'  ,          1.219320108,          0.196954344,         -0.915238951],
      ['H'  ,          1.235521748,         -0.002499811,          0.914751388]
    ]
  )

 --------------------------------
  Geometry optimization finished 
 --------------------------------
 Saving results in set 'opt'

 --------------------------------------------------------------------------------
                                 command: hessian                                
 --------------------------------------------------------------------------------

 -------------------------------
  Numerical Geometrical Hessian 
 -------------------------------

 Compute hessian using two-point central differentiation.
 Step size (bohr):                       0.0100

 Frequencies (including translational and rotational modes):
 mode    frequency (cm-1)
    0               18.11 i (imaginary)
    1                0.04 i (imaginary)
    2                0.01 i (imaginary)
    3                0.08
    4               23.37
    5               28.73
    6              836.68
    7              979.03
    8              986.70
    9             1063.82
   10             1247.55
   11             1381.08
   12             1479.70
   13             1687.60
   14             3124.13
   15             3136.77
   16             3193.07
   17             3220.91

 Project out translational and rotational motions 

 Degrees of freedom for translational and rotational motions: 6

 Vibrational frequencies:
 mode    frequency (cm-1)
    0              836.68
    1              979.03
    2              986.70
    3             1063.82
    4             1247.55
    5             1381.08
    6             1479.70
    7             1687.60
    8             3124.13
    9             3136.77
   10             3193.07
   11             3220.91

 --------------------------------------------------------------------------------

 End time:                               Fri Apr 16 16:30:59 2021
 Total wall-clock time:                 71.610 seconds
==================================================================================
