
================================================================================
          _____________ ________ _______________ ________     _________         
         / ___________// ______ \\_____   _____// ______ \   / ________)        
        / /_________  / /      \ \     | |     / /      \ \ | (_______          
       |  __________|| |        | |    | |    | |        | | \________ \        
        \ \_________ | |        | |    | |     \ \______/ /___________) |       
         \__________||_|        |_|    |_|      \________//____________/        
                                                                                
====================================[ Qcore ]===================================

 Git hash:   15a3e7daff0cda5fa9af010ccd19a80288182ecf
 Git date:   Fri, 16 Apr 2021 15:57:16 +0100
 Compiler:   GNU 9.1.0
 Build type: Release
 Version:    1.1.0

 Start time: Fri Apr 16 16:31:39 2021

 Data directory: /work/zw18965/.local/qcore/share/entos/1.1.0/data
 Number of threads: 24
 Number of threads was determined by: command line argument
  - More threads can be used by running 'qcore -n 32'

 --------------------------------------------------------------------------------
                                command: optimize                                
 --------------------------------------------------------------------------------
 Using coordinate system:                tric
 Hessian update scheme:                  bfgs

 ------------------------------------------------------------------------------------------------------------
                   energy      change    grad rms    grad max    step rms    step max       trust    time (s)
 ------------------------------------------------------------------------------------------------------------
   1      -237.726394933                3.90e-03    9.45e-03                            2.00e-01        1.32
   2      -237.726481081   -8.61e-05    1.75e-03    3.61e-03    9.68e-03    1.42e-02    2.00e-01        0.84
   3      -237.726496958   -1.59e-05    3.49e-04    5.86e-04    3.00e-03    4.73e-03    2.00e-01        0.83
   4      -237.726497779   -8.21e-07    1.46e-05    3.07e-05    9.41e-04    1.20e-03    2.00e-01        0.76
 Geometry optimization stopped:          thresholds achieved

 Final energy:                        -237.726497779

 -----------
  Final XYZ 
 -----------
3
Final structure: -237.726 hartree
C           -0.000000093          0.137286885         -0.000000432
F           -0.000000089          0.931357398         -1.032470676
F            0.000000182          0.931355712          1.032471109

 Structure in entos input format:

  structure(
    xyz = [
      ['C'  ,         -0.000000093,          0.137286885,         -0.000000432],
      ['F'  ,         -0.000000089,          0.931357398,         -1.032470676],
      ['F'  ,          0.000000182,          0.931355712,          1.032471109]
    ]
  )

 --------------------------------
  Geometry optimization finished 
 --------------------------------
 Saving results in set 'opt'

 --------------------------------------------------------------------------------
                                 command: hessian                                
 --------------------------------------------------------------------------------

 -------------------------------
  Numerical Geometrical Hessian 
 -------------------------------

 Compute hessian using two-point central differentiation.
 Step size (bohr):                       0.0100

 Frequencies (including translational and rotational modes):
 mode    frequency (cm-1)
    0                0.02 i (imaginary)
    1                0.01 i (imaginary)
    2                0.01 i (imaginary)
    3               40.07
    4               46.89
    5               94.38
    6              670.83
    7             1097.53
    8             1217.22

 Project out translational and rotational motions 

 Degrees of freedom for translational and rotational motions: 6

 Vibrational frequencies:
 mode    frequency (cm-1)
    0              670.83
    1             1097.53
    2             1217.22

 --------------------------------------------------------------------------------

 End time:                               Fri Apr 16 16:31:59 2021
 Total wall-clock time:                 20.342 seconds
==================================================================================
