
================================================================================
          _____________ ________ _______________ ________     _________         
         / ___________// ______ \\_____   _____// ______ \   / ________)        
        / /_________  / /      \ \     | |     / /      \ \ | (_______          
       |  __________|| |        | |    | |    | |        | | \________ \        
        \ \_________ | |        | |    | |     \ \______/ /___________) |       
         \__________||_|        |_|    |_|      \________//____________/        
                                                                                
====================================[ Qcore ]===================================

 Git hash:   15a3e7daff0cda5fa9af010ccd19a80288182ecf
 Git date:   Fri, 16 Apr 2021 15:57:16 +0100
 Compiler:   GNU 9.1.0
 Build type: Release
 Version:    1.1.0

 Start time: Fri Apr 16 16:33:10 2021

 Data directory: /work/zw18965/.local/qcore/share/entos/1.1.0/data
 Number of threads: 24
 Number of threads was determined by: command line argument
  - More threads can be used by running 'qcore -n 32'

 --------------------------------------------------------------------------------
                                command: optimize                                
 --------------------------------------------------------------------------------
 Using coordinate system:                tric
 Hessian update scheme:                  bfgs

 ------------------------------------------------------------------------------------------------------------
                   energy      change    grad rms    grad max    step rms    step max       trust    time (s)
 ------------------------------------------------------------------------------------------------------------
   1      -559.950025707                8.37e-03    1.45e-02                            2.00e-01        1.01
   2      -559.950263042   -2.37e-04    5.48e-03    9.49e-03    9.88e-03    1.98e-02    2.00e-01        0.54
   3      -559.950431158   -1.68e-04    3.93e-04    6.80e-04    1.88e-02    3.75e-02    2.00e-01        0.54
   4      -559.950431973   -8.15e-07    1.71e-05    2.97e-05    1.25e-03    2.51e-03    2.00e-01        0.49
Rejecting step due to low quality: Quality: -11.0211 New trust radius: 2.62343e-05
   5      -559.950431956    1.72e-08    1.71e-05    2.97e-05    5.25e-05    1.05e-04    2.62e-05        0.49
 Geometry optimization stopped:          thresholds achieved

 Final energy:                        -559.950431956

 -----------
  Final XYZ 
 -----------
2
Final structure: -559.95 hartree
Cl           0.819721992          0.000000316          0.000000702
F           -0.819721991         -0.000000316         -0.000000702

 Structure in entos input format:

  structure(
    xyz = [
      ['Cl' ,          0.819721992,          0.000000316,          0.000000702],
      ['F'  ,         -0.819721991,         -0.000000316,         -0.000000702]
    ]
  )

 --------------------------------
  Geometry optimization finished 
 --------------------------------
 Saving results in set 'opt'

 --------------------------------------------------------------------------------
                                 command: hessian                                
 --------------------------------------------------------------------------------

 -------------------------------
  Numerical Geometrical Hessian 
 -------------------------------

 Compute hessian using two-point central differentiation.
 Step size (bohr):                       0.0100

 Frequencies (including translational and rotational modes):
 mode    frequency (cm-1)
    0               75.22 i (imaginary)
    1               75.22 i (imaginary)
    2                0.00 i (imaginary)
    3                0.00
    4                0.01
    5              776.41

 Project out translational and rotational motions 

 The molecule is linear

 Degrees of freedom for translational and rotational motions: 5

 Vibrational frequencies:
 mode    frequency (cm-1)
    0              776.41

 --------------------------------------------------------------------------------

 End time:                               Fri Apr 16 16:33:20 2021
 Total wall-clock time:                 10.032 seconds
==================================================================================
