
================================================================================
          _____________ ________ _______________ ________     _________         
         / ___________// ______ \\_____   _____// ______ \   / ________)        
        / /_________  / /      \ \     | |     / /      \ \ | (_______          
       |  __________|| |        | |    | |    | |        | | \________ \        
        \ \_________ | |        | |    | |     \ \______/ /___________) |       
         \__________||_|        |_|    |_|      \________//____________/        
                                                                                
====================================[ Qcore ]===================================

 Git hash:   15a3e7daff0cda5fa9af010ccd19a80288182ecf
 Git date:   Fri, 16 Apr 2021 15:57:16 +0100
 Compiler:   GNU 9.1.0
 Build type: Release
 Version:    1.1.0

 Start time: Fri May 21 14:26:08 2021

 Data directory: /work/zw18965/.local/qcore/share/entos/1.1.0/data
 Number of threads: 24
 Number of threads was determined by: command line argument
  - More threads can be used by running 'qcore -n 32'

 --------------------------------------------------------------------------------
                                command: optimize                                
 --------------------------------------------------------------------------------
 Using coordinate system:                tric
 Hessian update scheme:                  bfgs

 ------------------------------------------------------------------------------------------------------------
                   energy      change    grad rms    grad max    step rms    step max       trust    time (s)
 ------------------------------------------------------------------------------------------------------------
   1      -552.976929511                5.18e-03    1.18e-02                            2.00e-01       18.51
   2      -552.977098952   -1.69e-04    3.40e-03    6.98e-03    8.91e-03    1.45e-02    2.00e-01       11.03
   3      -552.977167777   -6.88e-05    9.94e-04    2.22e-03    8.64e-03    1.78e-02    2.00e-01       11.14
   4      -552.977169948   -2.17e-06    1.45e-04    2.93e-04    6.28e-04    1.44e-03    2.00e-01       10.47
   5      -552.977170078   -1.31e-07    2.77e-06    4.46e-06    1.16e-04    2.37e-04    2.00e-01        9.86
 Geometry optimization stopped:          thresholds achieved

 Final energy:                        -552.977170078

 -----------
  Final XYZ 
 -----------
3
Final structure: -552.977 hartree
Cl           1.391831188         -0.800664401         -0.000010356
C           -0.148596645         -0.330661766          0.000024677
N           -1.243234538          0.003388932         -0.000014320

 Structure in entos input format:

  structure(
    xyz = [
      ['Cl' ,          1.391831188,         -0.800664401,         -0.000010356],
      ['C'  ,         -0.148596645,         -0.330661766,          0.000024677],
      ['N'  ,         -1.243234538,          0.003388932,         -0.000014320]
    ]
  )

 --------------------------------
  Geometry optimization finished 
 --------------------------------
 Saving results in set 'opt'

 --------------------------------------------------------------------------------
                                 command: hessian                                
 --------------------------------------------------------------------------------

WARNING: semianalytic method is specified for dft hessian, which is not efficient. Try switching to 'method = analytic'


 -------------------------------
  Numerical Geometrical Hessian 
 -------------------------------

 Compute hessian using two-point central differentiation.
 Step size (bohr):                       0.0100

 Frequencies (including translational and rotational modes):
 mode    frequency (cm-1)
    0                0.04 i (imaginary)
    1                0.02 i (imaginary)
    2                0.00 i (imaginary)
    3                6.64
    4               10.28
    5              421.72
    6              421.90
    7              786.69
    8             2377.12

 Project out translational and rotational motions 

 Degrees of freedom for translational and rotational motions: 6

 Vibrational frequencies:
 mode    frequency (cm-1)
    0              421.81
    1              786.69
    2             2377.12

 --------------------------------------------------------------------------------

 End time:                               Fri May 21 14:30:52 2021
 Total wall-clock time:                283.593 seconds
==================================================================================
