
================================================================================
          _____________ ________ _______________ ________     _________         
         / ___________// ______ \\_____   _____// ______ \   / ________)        
        / /_________  / /      \ \     | |     / /      \ \ | (_______          
       |  __________|| |        | |    | |    | |        | | \________ \        
        \ \_________ | |        | |    | |     \ \______/ /___________) |       
         \__________||_|        |_|    |_|      \________//____________/        
                                                                                
====================================[ Qcore ]===================================

 Git hash:   15a3e7daff0cda5fa9af010ccd19a80288182ecf
 Git date:   Fri, 16 Apr 2021 15:57:16 +0100
 Compiler:   GNU 9.1.0
 Build type: Release
 Version:    1.1.0

 Start time: Fri May 21 14:28:26 2021

 Data directory: /work/zw18965/.local/qcore/share/entos/1.1.0/data
 Number of threads: 24
 Number of threads was determined by: command line argument
  - More threads can be used by running 'qcore -n 32'

 --------------------------------------------------------------------------------
                                command: optimize                                
 --------------------------------------------------------------------------------
 Using coordinate system:                tric
 Hessian update scheme:                  bfgs

 ------------------------------------------------------------------------------------------------------------
                   energy      change    grad rms    grad max    step rms    step max       trust    time (s)
 ------------------------------------------------------------------------------------------------------------
   1      -399.315067568                3.26e-03    7.36e-03                            2.00e-01        4.77
   2      -399.315139174   -7.16e-05    1.21e-03    2.57e-03    8.63e-03    1.19e-02    2.00e-01        2.18
   3      -399.315150644   -1.15e-05    3.95e-05    6.68e-05    3.65e-03    6.06e-03    2.00e-01        2.09
   4      -399.315150665   -2.06e-08    6.44e-07    1.34e-06    2.87e-04    2.22e-04    2.00e-01        1.89
 Geometry optimization stopped:          thresholds achieved

 Final energy:                        -399.315150665

 -----------
  Final XYZ 
 -----------
3
Final structure: -399.315 hartree
S           -0.001497375          0.613312675         -0.000000036
H            0.960301381         -0.304314332          0.000000111
H           -0.958804006         -0.308998338         -0.000000075

 Structure in entos input format:

  structure(
    xyz = [
      ['S'  ,         -0.001497375,          0.613312675,         -0.000000036],
      ['H'  ,          0.960301381,         -0.304314332,          0.000000111],
      ['H'  ,         -0.958804006,         -0.308998338,         -0.000000075]
    ]
  )

 --------------------------------
  Geometry optimization finished 
 --------------------------------
 Saving results in set 'opt'

 --------------------------------------------------------------------------------
                                 command: hessian                                
 --------------------------------------------------------------------------------

WARNING: semianalytic method is specified for dft hessian, which is not efficient. Try switching to 'method = analytic'


 -------------------------------
  Numerical Geometrical Hessian 
 -------------------------------

 Compute hessian using two-point central differentiation.
 Step size (bohr):                       0.0100

 Frequencies (including translational and rotational modes):
 mode    frequency (cm-1)
    0               76.53 i (imaginary)
    1               71.36 i (imaginary)
    2               53.58 i (imaginary)
    3                0.01 i (imaginary)
    4                0.22
    5                0.29
    6             1230.50
    7             2791.01
    8             2804.33

 Project out translational and rotational motions 

 Degrees of freedom for translational and rotational motions: 6

 Vibrational frequencies:
 mode    frequency (cm-1)
    0             1230.50
    1             2791.01
    2             2804.33

 --------------------------------------------------------------------------------

 End time:                               Fri May 21 14:29:20 2021
 Total wall-clock time:                 53.974 seconds
==================================================================================
