
================================================================================
          _____________ ________ _______________ ________     _________         
         / ___________// ______ \\_____   _____// ______ \   / ________)        
        / /_________  / /      \ \     | |     / /      \ \ | (_______          
       |  __________|| |        | |    | |    | |        | | \________ \        
        \ \_________ | |        | |    | |     \ \______/ /___________) |       
         \__________||_|        |_|    |_|      \________//____________/        
                                                                                
====================================[ Qcore ]===================================

 Git hash:   15a3e7daff0cda5fa9af010ccd19a80288182ecf
 Git date:   Fri, 16 Apr 2021 15:57:16 +0100
 Compiler:   GNU 9.1.0
 Build type: Release
 Version:    1.1.0

 Start time: Fri May 21 14:29:08 2021

 Data directory: /work/zw18965/.local/qcore/share/entos/1.1.0/data
 Number of threads: 24
 Number of threads was determined by: command line argument
  - More threads can be used by running 'qcore -n 32'

 --------------------------------------------------------------------------------
                                command: optimize                                
 --------------------------------------------------------------------------------
 Using coordinate system:                tric
 Hessian update scheme:                  bfgs

 ------------------------------------------------------------------------------------------------------------
                   energy      change    grad rms    grad max    step rms    step max       trust    time (s)
 ------------------------------------------------------------------------------------------------------------
   1      -460.739654601                1.64e-03    2.85e-03                            2.00e-01        3.96
   2      -460.739663864   -9.26e-06    7.02e-04    1.22e-03    2.31e-03    4.63e-03    2.00e-01        1.29
   3      -460.739665907   -2.04e-06    8.13e-06    1.41e-05    1.73e-03    3.46e-03    2.00e-01        1.32
Rejecting step due to low quality: Quality: -31.8237 New trust radius: 1.01133e-05
   4      -460.739665898    9.06e-09    8.13e-06    1.41e-05    2.02e-05    4.05e-05    1.01e-05        1.10
 Geometry optimization stopped:          thresholds achieved

 Final energy:                        -460.739665898

 -----------
  Final XYZ 
 -----------
2
Final structure: -460.74 hartree
Cl           0.634698599         -0.000000002         -0.000000002
H           -0.634698599          0.000000002          0.000000002

 Structure in entos input format:

  structure(
    xyz = [
      ['Cl' ,          0.634698599,         -0.000000002,         -0.000000002],
      ['H'  ,         -0.634698599,          0.000000002,          0.000000002]
    ]
  )

 --------------------------------
  Geometry optimization finished 
 --------------------------------
 Saving results in set 'opt'

 --------------------------------------------------------------------------------
                                 command: hessian                                
 --------------------------------------------------------------------------------

WARNING: semianalytic method is specified for dft hessian, which is not efficient. Try switching to 'method = analytic'


 -------------------------------
  Numerical Geometrical Hessian 
 -------------------------------

 Compute hessian using two-point central differentiation.
 Step size (bohr):                       0.0100

 Frequencies (including translational and rotational modes):
 mode    frequency (cm-1)
    0                0.00 i (imaginary)
    1                0.00 i (imaginary)
    2                0.02
    3               19.16
    4               19.17
    5             3055.18

 Project out translational and rotational motions 

 The molecule is linear

 Degrees of freedom for translational and rotational motions: 5

 Vibrational frequencies:
 mode    frequency (cm-1)
    0             3055.18

 --------------------------------------------------------------------------------

 End time:                               Fri May 21 14:29:35 2021
 Total wall-clock time:                 27.169 seconds
==================================================================================
