
================================================================================
          _____________ ________ _______________ ________     _________         
         / ___________// ______ \\_____   _____// ______ \   / ________)        
        / /_________  / /      \ \     | |     / /      \ \ | (_______          
       |  __________|| |        | |    | |    | |        | | \________ \        
        \ \_________ | |        | |    | |     \ \______/ /___________) |       
         \__________||_|        |_|    |_|      \________//____________/        
                                                                                
====================================[ Qcore ]===================================

 Git hash:   15a3e7daff0cda5fa9af010ccd19a80288182ecf
 Git date:   Fri, 16 Apr 2021 15:57:16 +0100
 Compiler:   GNU 9.1.0
 Build type: Release
 Version:    1.1.0

 Start time: Fri May 21 14:30:59 2021

 Data directory: /work/zw18965/.local/qcore/share/entos/1.1.0/data
 Number of threads: 24
 Number of threads was determined by: command line argument
  - More threads can be used by running 'qcore -n 32'

 --------------------------------------------------------------------------------
                                command: optimize                                
 --------------------------------------------------------------------------------
 Using coordinate system:                tric
 Hessian update scheme:                  bfgs

 ------------------------------------------------------------------------------------------------------------
                   energy      change    grad rms    grad max    step rms    step max       trust    time (s)
 ------------------------------------------------------------------------------------------------------------
   1      -343.051663055                3.16e-03    5.87e-03                            2.00e-01        5.93
   2      -343.051962514   -2.99e-04    1.52e-03    4.54e-03    5.76e-02    4.40e-02    2.00e-01        3.33
   3      -343.052020853   -5.83e-05    4.66e-04    1.22e-03    1.51e-02    1.43e-02    2.00e-01        3.36
   4      -343.052023977   -3.12e-06    6.61e-05    1.40e-04    1.77e-03    2.34e-03    2.00e-01        3.12
   5      -343.052024096   -1.19e-07    4.63e-06    9.22e-06    3.93e-04    4.41e-04    2.00e-01        3.09
 Geometry optimization stopped:          thresholds achieved

 Final energy:                        -343.052024096

 -----------
  Final XYZ 
 -----------
4
Final structure: -343.052 hartree
P           -0.004905334         -0.001072173          0.569437745
H           -0.652292901         -0.984535136         -0.197271043
H           -0.524289103          1.059137095         -0.192382054
H            1.181487332         -0.073529785         -0.179784648

 Structure in entos input format:

  structure(
    xyz = [
      ['P'  ,         -0.004905334,         -0.001072173,          0.569437745],
      ['H'  ,         -0.652292901,         -0.984535136,         -0.197271043],
      ['H'  ,         -0.524289103,          1.059137095,         -0.192382054],
      ['H'  ,          1.181487332,         -0.073529785,         -0.179784648]
    ]
  )

 --------------------------------
  Geometry optimization finished 
 --------------------------------
 Saving results in set 'opt'

 --------------------------------------------------------------------------------
                                 command: hessian                                
 --------------------------------------------------------------------------------

WARNING: semianalytic method is specified for dft hessian, which is not efficient. Try switching to 'method = analytic'


 -------------------------------
  Numerical Geometrical Hessian 
 -------------------------------

 Compute hessian using two-point central differentiation.
 Step size (bohr):                       0.0100

 Frequencies (including translational and rotational modes):
 mode    frequency (cm-1)
    0               55.06 i (imaginary)
    1               34.72 i (imaginary)
    2                0.19 i (imaginary)
    3                0.01
    4                0.55
    5               40.15
    6             1025.69
    7             1163.33
    8             1164.72
    9             2479.28
   10             2487.86
   11             2487.89

 Project out translational and rotational motions 

 Degrees of freedom for translational and rotational motions: 6

 Vibrational frequencies:
 mode    frequency (cm-1)
    0             1025.69
    1             1163.33
    2             1164.72
    3             2479.28
    4             2487.86
    5             2487.88

 --------------------------------------------------------------------------------

 End time:                               Fri May 21 14:32:42 2021
 Total wall-clock time:                103.244 seconds
==================================================================================
