
================================================================================
          _____________ ________ _______________ ________     _________         
         / ___________// ______ \\_____   _____// ______ \   / ________)        
        / /_________  / /      \ \     | |     / /      \ \ | (_______          
       |  __________|| |        | |    | |    | |        | | \________ \        
        \ \_________ | |        | |    | |     \ \______/ /___________) |       
         \__________||_|        |_|    |_|      \________//____________/        
                                                                                
====================================[ Qcore ]===================================

 Git hash:   15a3e7daff0cda5fa9af010ccd19a80288182ecf
 Git date:   Fri, 16 Apr 2021 15:57:16 +0100
 Compiler:   GNU 9.1.0
 Build type: Release
 Version:    1.1.0

 Start time: Fri May 21 14:31:16 2021

 Data directory: /work/zw18965/.local/qcore/share/entos/1.1.0/data
 Number of threads: 24
 Number of threads was determined by: command line argument
  - More threads can be used by running 'qcore -n 32'

 --------------------------------------------------------------------------------
                                command: optimize                                
 --------------------------------------------------------------------------------
 Using coordinate system:                tric
 Hessian update scheme:                  bfgs

 ------------------------------------------------------------------------------------------------------------
                   energy      change    grad rms    grad max    step rms    step max       trust    time (s)
 ------------------------------------------------------------------------------------------------------------
   1      -364.672867377                9.70e-03    1.68e-02                            2.00e-01        7.25
   2      -364.673043558   -1.76e-04    4.66e-03    8.07e-03    7.10e-03    1.42e-02    2.00e-01        2.99
   3      -364.673093789   -5.02e-05    1.99e-04    3.45e-04    6.57e-03    1.31e-02    2.00e-01        3.09
   4      -364.673093918   -1.28e-07    3.90e-06    6.75e-06    2.69e-04    5.38e-04    2.00e-01        2.69
 Geometry optimization stopped:          thresholds achieved

 Final energy:                        -364.673093918

 -----------
  Final XYZ 
 -----------
2
Final structure: -364.673 hartree
Si           0.000000049         -0.000000029         -0.749839758
O           -0.000000049          0.000000029          0.749839758

 Structure in entos input format:

  structure(
    xyz = [
      ['Si' ,          0.000000049,         -0.000000029,         -0.749839758],
      ['O'  ,         -0.000000049,          0.000000029,          0.749839758]
    ]
  )

 --------------------------------
  Geometry optimization finished 
 --------------------------------
 Saving results in set 'opt'

 --------------------------------------------------------------------------------
                                 command: hessian                                
 --------------------------------------------------------------------------------

WARNING: semianalytic method is specified for dft hessian, which is not efficient. Try switching to 'method = analytic'


 -------------------------------
  Numerical Geometrical Hessian 
 -------------------------------

 Compute hessian using two-point central differentiation.
 Step size (bohr):                       0.0100

 Frequencies (including translational and rotational modes):
 mode    frequency (cm-1)
    0               44.93 i (imaginary)
    1               44.93 i (imaginary)
    2                0.00
    3                0.01
    4                0.01
    5             1300.96

 Project out translational and rotational motions 

 The molecule is linear

 Degrees of freedom for translational and rotational motions: 5

 Vibrational frequencies:
 mode    frequency (cm-1)
    0             1300.96

 --------------------------------------------------------------------------------

 End time:                               Fri May 21 14:32:17 2021
 Total wall-clock time:                 60.360 seconds
==================================================================================
