
================================================================================
          _____________ ________ _______________ ________     _________         
         / ___________// ______ \\_____   _____// ______ \   / ________)        
        / /_________  / /      \ \     | |     / /      \ \ | (_______          
       |  __________|| |        | |    | |    | |        | | \________ \        
        \ \_________ | |        | |    | |     \ \______/ /___________) |       
         \__________||_|        |_|    |_|      \________//____________/        
                                                                                
====================================[ Qcore ]===================================

 Git hash:   15a3e7daff0cda5fa9af010ccd19a80288182ecf
 Git date:   Fri, 16 Apr 2021 15:57:16 +0100
 Compiler:   GNU 9.1.0
 Build type: Release
 Version:    1.1.0

 Start time: Fri Apr 23 14:26:43 2021

 Data directory: /work/zw18965/.local/qcore/share/entos/1.1.0/data
 Number of threads: 24
 Number of threads was determined by: command line argument
  - More threads can be used by running 'qcore -n 32'

 --------------------------------------------------------------------------------
                                command: optimize                                
 --------------------------------------------------------------------------------
 Using coordinate system:                tric
 Hessian update scheme:                  bfgs

 ------------------------------------------------------------------------------------------------------------
                   energy      change    grad rms    grad max    step rms    step max       trust    time (s)
 ------------------------------------------------------------------------------------------------------------
   1      -237.683694894                2.67e-03    4.49e-03                            2.00e-01        0.84
   2      -237.683796655   -1.02e-04    4.53e-04    9.07e-04    1.64e-02    2.02e-02    2.00e-01        0.55
   3      -237.683798329   -1.67e-06    1.47e-04    3.19e-04    1.66e-03    1.66e-03    2.00e-01        0.52
   4      -237.683798425   -9.60e-08    5.13e-05    1.20e-04    1.90e-04    3.08e-04    2.00e-01        0.52
 Geometry optimization stopped:          thresholds achieved

 Final energy:                        -237.683798425

 -----------
  Final XYZ 
 -----------
3
Final structure: -237.684 hartree
C           -0.000000076          0.139337725         -0.000000050
F            0.000000242          0.930331243         -1.026754989
F           -0.000000166          0.930331027          1.026755039

 Structure in entos input format:

  structure(
    xyz = [
      ['C'  ,         -0.000000076,          0.139337725,         -0.000000050],
      ['F'  ,          0.000000242,          0.930331243,         -1.026754989],
      ['F'  ,         -0.000000166,          0.930331027,          1.026755039]
    ]
  )

 --------------------------------
  Geometry optimization finished 
 --------------------------------
 Saving results in set 'opt'

 --------------------------------------------------------------------------------
                                 command: hessian                                
 --------------------------------------------------------------------------------

WARNING: semianalytic method is specified for dft hessian, which is not efficient. Try switching to 'method = analytic'


 -------------------------------
  Numerical Geometrical Hessian 
 -------------------------------

 Compute hessian using two-point central differentiation.
 Step size (bohr):                       0.0100

 Frequencies (including translational and rotational modes):
 mode    frequency (cm-1)
    0               45.80 i (imaginary)
    1               32.47 i (imaginary)
    2               20.60 i (imaginary)
    3                0.01 i (imaginary)
    4                0.01
    5                0.24
    6              686.16
    7             1158.28
    8             1263.38

 Project out translational and rotational motions 

 Degrees of freedom for translational and rotational motions: 6

 Vibrational frequencies:
 mode    frequency (cm-1)
    0              686.16
    1             1158.28
    2             1263.38

 --------------------------------------------------------------------------------

 End time:                               Fri Apr 23 14:26:56 2021
 Total wall-clock time:                 13.023 seconds
==================================================================================
