
================================================================================
          _____________ ________ _______________ ________     _________         
         / ___________// ______ \\_____   _____// ______ \   / ________)        
        / /_________  / /      \ \     | |     / /      \ \ | (_______          
       |  __________|| |        | |    | |    | |        | | \________ \        
        \ \_________ | |        | |    | |     \ \______/ /___________) |       
         \__________||_|        |_|    |_|      \________//____________/        
                                                                                
====================================[ Qcore ]===================================

 Git hash:   15a3e7daff0cda5fa9af010ccd19a80288182ecf
 Git date:   Fri, 16 Apr 2021 15:57:16 +0100
 Compiler:   GNU 9.1.0
 Build type: Release
 Version:    1.1.0

 Start time: Fri Apr 23 14:30:24 2021

 Data directory: /work/zw18965/.local/qcore/share/entos/1.1.0/data
 Number of threads: 24
 Number of threads was determined by: command line argument
  - More threads can be used by running 'qcore -n 32'

 --------------------------------------------------------------------------------
                                command: optimize                                
 --------------------------------------------------------------------------------
 Using coordinate system:                tric
 Hessian update scheme:                  bfgs

 ------------------------------------------------------------------------------------------------------------
                   energy      change    grad rms    grad max    step rms    step max       trust    time (s)
 ------------------------------------------------------------------------------------------------------------
   1      -109.501150534                2.15e-02    3.72e-02                            2.00e-01        0.44
   2      -109.501574826   -4.24e-04    3.82e-03    6.62e-03    1.35e-02    2.71e-02    2.00e-01        0.26
   3      -109.501587729   -1.29e-05    1.64e-04    2.85e-04    2.04e-03    4.08e-03    2.00e-01        0.26
   4      -109.501587753   -2.42e-08    9.64e-07    1.67e-06    8.42e-05    1.68e-04    2.00e-01        0.24
 Geometry optimization stopped:          thresholds achieved

 Final energy:                        -109.501587753

 -----------
  Final XYZ 
 -----------
2
Final structure: -109.502 hartree
N            0.543145544          0.000000028          0.000000028
N           -0.543145544         -0.000000028         -0.000000028

 Structure in entos input format:

  structure(
    xyz = [
      ['N'  ,          0.543145544,          0.000000028,          0.000000028],
      ['N'  ,         -0.543145544,         -0.000000028,         -0.000000028]
    ]
  )

 --------------------------------
  Geometry optimization finished 
 --------------------------------
 Saving results in set 'opt'

 --------------------------------------------------------------------------------
                                 command: hessian                                
 --------------------------------------------------------------------------------

WARNING: semianalytic method is specified for dft hessian, which is not efficient. Try switching to 'method = analytic'


 -------------------------------
  Numerical Geometrical Hessian 
 -------------------------------

 Compute hessian using two-point central differentiation.
 Step size (bohr):                       0.0100

 Frequencies (including translational and rotational modes):
 mode    frequency (cm-1)
    0                0.02 i (imaginary)
    1                0.01 i (imaginary)
    2                0.00 i (imaginary)
    3               20.97
    4               20.98
    5             2517.33

 Project out translational and rotational motions 

 The molecule is linear

 Degrees of freedom for translational and rotational motions: 5

 Vibrational frequencies:
 mode    frequency (cm-1)
    0             2517.33

 --------------------------------------------------------------------------------

 End time:                               Fri Apr 23 14:30:29 2021
 Total wall-clock time:                  4.663 seconds
==================================================================================
