
================================================================================
          _____________ ________ _______________ ________     _________         
         / ___________// ______ \\_____   _____// ______ \   / ________)        
        / /_________  / /      \ \     | |     / /      \ \ | (_______          
       |  __________|| |        | |    | |    | |        | | \________ \        
        \ \_________ | |        | |    | |     \ \______/ /___________) |       
         \__________||_|        |_|    |_|      \________//____________/        
                                                                                
====================================[ Qcore ]===================================

 Git hash:   15a3e7daff0cda5fa9af010ccd19a80288182ecf
 Git date:   Fri, 16 Apr 2021 15:57:16 +0100
 Compiler:   GNU 9.1.0
 Build type: Release
 Version:    1.1.0

 Start time: Fri Apr 23 14:31:56 2021

 Data directory: /work/zw18965/.local/qcore/share/entos/1.1.0/data
 Number of threads: 24
 Number of threads was determined by: command line argument
  - More threads can be used by running 'qcore -n 32'

 --------------------------------------------------------------------------------
                                command: optimize                                
 --------------------------------------------------------------------------------
 Using coordinate system:                tric
 Hessian update scheme:                  bfgs

 ------------------------------------------------------------------------------------------------------------
                   energy      change    grad rms    grad max    step rms    step max       trust    time (s)
 ------------------------------------------------------------------------------------------------------------
   1      -115.690587388                3.66e-03    7.58e-03                            2.00e-01        1.33
   2      -115.690746136   -1.59e-04    1.22e-03    3.23e-03    1.11e-02    1.13e-02    2.00e-01        0.98
   3      -115.690762905   -1.68e-05    3.95e-04    1.19e-03    3.54e-03    4.70e-03    2.00e-01        0.93
   4      -115.690765270   -2.37e-06    1.67e-04    3.40e-04    1.61e-03    2.09e-03    2.00e-01        0.89
   5      -115.690765759   -4.88e-07    2.82e-05    5.65e-05    7.78e-04    1.13e-03    2.00e-01        0.90
 Geometry optimization stopped:          thresholds achieved

 Final energy:                        -115.690765759

 -----------
  Final XYZ 
 -----------
6
Final structure: -115.691 hartree
C           -0.362467033         -0.041569578         -0.013777387
O            0.995398339         -0.344459190         -0.279314624
H           -0.526374284          1.033652281          0.099187679
H           -0.618566890         -0.529060598          0.924421810
H           -1.026072438         -0.423647605         -0.794408487
H            1.254639466          0.071259829         -1.101913936

 Structure in entos input format:

  structure(
    xyz = [
      ['C'  ,         -0.362467033,         -0.041569578,         -0.013777387],
      ['O'  ,          0.995398339,         -0.344459190,         -0.279314624],
      ['H'  ,         -0.526374284,          1.033652281,          0.099187679],
      ['H'  ,         -0.618566890,         -0.529060598,          0.924421810],
      ['H'  ,         -1.026072438,         -0.423647605,         -0.794408487],
      ['H'  ,          1.254639466,          0.071259829,         -1.101913936]
    ]
  )

 --------------------------------
  Geometry optimization finished 
 --------------------------------
 Saving results in set 'opt'

 --------------------------------------------------------------------------------
                                 command: hessian                                
 --------------------------------------------------------------------------------

WARNING: semianalytic method is specified for dft hessian, which is not efficient. Try switching to 'method = analytic'


 -------------------------------
  Numerical Geometrical Hessian 
 -------------------------------

 Compute hessian using two-point central differentiation.
 Step size (bohr):                       0.0100

 Frequencies (including translational and rotational modes):
 mode    frequency (cm-1)
    0               25.93 i (imaginary)
    1                0.45 i (imaginary)
    2                0.14 i (imaginary)
    3                0.33
    4               15.78
    5               21.59
    6              283.78
    7             1073.09
    8             1103.04
    9             1187.34
   10             1377.57
   11             1494.71
   12             1514.53
   13             1523.75
   14             3034.09
   15             3085.96
   16             3148.26
   17             3905.33

 Project out translational and rotational motions 

 Degrees of freedom for translational and rotational motions: 6

 Vibrational frequencies:
 mode    frequency (cm-1)
    0              283.77
    1             1073.09
    2             1103.04
    3             1187.34
    4             1377.57
    5             1494.71
    6             1514.53
    7             1523.75
    8             3034.09
    9             3085.96
   10             3148.26
   11             3905.33

 --------------------------------------------------------------------------------

 End time:                               Fri Apr 23 14:32:35 2021
 Total wall-clock time:                 39.780 seconds
==================================================================================
