
================================================================================
          _____________ ________ _______________ ________     _________         
         / ___________// ______ \\_____   _____// ______ \   / ________)        
        / /_________  / /      \ \     | |     / /      \ \ | (_______          
       |  __________|| |        | |    | |    | |        | | \________ \        
        \ \_________ | |        | |    | |     \ \______/ /___________) |       
         \__________||_|        |_|    |_|      \________//____________/        
                                                                                
====================================[ Qcore ]===================================

 Git hash:   15a3e7daff0cda5fa9af010ccd19a80288182ecf
 Git date:   Fri, 16 Apr 2021 15:57:16 +0100
 Compiler:   GNU 9.1.0
 Build type: Release
 Version:    1.1.0

 Start time: Fri Apr 23 14:57:31 2021

 Data directory: /work/zw18965/.local/qcore/share/entos/1.1.0/data
 Number of threads: 24
 Number of threads was determined by: command line argument

 --------------------------------------------------------------------------------
                                command: optimize                                
 --------------------------------------------------------------------------------
 Using coordinate system:                tric
 Hessian update scheme:                  bfgs

 ------------------------------------------------------------------------------------------------------------
                   energy      change    grad rms    grad max    step rms    step max       trust    time (s)
 ------------------------------------------------------------------------------------------------------------
   1      -188.467299907                9.36e-03    1.99e-02                            2.00e-01        2.29
   2      -188.467600523   -3.01e-04    1.37e-04    2.91e-04    1.27e-02    1.55e-02    2.00e-01        2.15
   3      -188.467600594   -7.12e-08    2.47e-06    7.38e-06    1.83e-04    2.30e-04    2.00e-01        2.16
 Geometry optimization stopped:          thresholds achieved

 Final energy:                        -188.467600594

 -----------
  Final XYZ 
 -----------
3
Final structure: -188.468 hartree
O           -1.148542175          0.000000254          0.000000087
O            1.148548168         -0.000000085         -0.000000564
C            0.000002937          0.000000075         -0.000000222

 Structure in entos input format:

  structure(
    xyz = [
      ['O'  ,         -1.148542175,          0.000000254,          0.000000087],
      ['O'  ,          1.148548168,         -0.000000085,         -0.000000564],
      ['C'  ,          0.000002937,          0.000000075,         -0.000000222]
    ]
  )

 --------------------------------
  Geometry optimization finished 
 --------------------------------
 Saving results in set 'opt'

 --------------------------------------------------------------------------------
                                 command: hessian                                
 --------------------------------------------------------------------------------

 -------------------------------
  Numerical Geometrical Hessian 
 -------------------------------

 Compute hessian using two-point central differentiation.
 Step size (bohr):                       0.0100

 Frequencies (including translational and rotational modes):
 mode    frequency (cm-1)
    0               22.38 i (imaginary)
    1               22.37 i (imaginary)
    2                3.17 i (imaginary)
    3               12.10
    4               12.17
    5              719.39
    6              719.39
    7             1445.71
    8             2496.04

 Project out translational and rotational motions 

 Degrees of freedom for translational and rotational motions: 6

 Vibrational frequencies:
 mode    frequency (cm-1)
    0              719.39
    1             1445.71
    2             2496.04

 --------------------------------------------------------------------------------

 End time:                               Fri Apr 23 14:58:13 2021
 Total wall-clock time:                 41.732 seconds
==================================================================================
