
================================================================================
          _____________ ________ _______________ ________     _________         
         / ___________// ______ \\_____   _____// ______ \   / ________)        
        / /_________  / /      \ \     | |     / /      \ \ | (_______          
       |  __________|| |        | |    | |    | |        | | \________ \        
        \ \_________ | |        | |    | |     \ \______/ /___________) |       
         \__________||_|        |_|    |_|      \________//____________/        
                                                                                
====================================[ Qcore ]===================================

 Git hash:   15a3e7daff0cda5fa9af010ccd19a80288182ecf
 Git date:   Fri, 16 Apr 2021 15:57:16 +0100
 Compiler:   GNU 9.1.0
 Build type: Release
 Version:    1.1.0

 Start time: Fri Apr 23 15:04:49 2021

 Data directory: /work/zw18965/.local/qcore/share/entos/1.1.0/data
 Number of threads: 24
 Number of threads was determined by: command line argument

 --------------------------------------------------------------------------------
                                command: optimize                                
 --------------------------------------------------------------------------------
 Using coordinate system:                tric
 Hessian update scheme:                  bfgs

 ------------------------------------------------------------------------------------------------------------
                   energy      change    grad rms    grad max    step rms    step max       trust    time (s)
 ------------------------------------------------------------------------------------------------------------
   1       -93.346903717                1.04e-02    2.27e-02                            2.00e-01        1.76
   2       -93.347090350   -1.87e-04    1.37e-03    3.22e-03    8.92e-03    1.81e-02    2.00e-01        1.62
   3       -93.347093074   -2.72e-06    8.51e-05    2.00e-04    7.40e-04    1.73e-03    2.00e-01        1.61
   4       -93.347093124   -5.02e-08    1.52e-05    3.45e-05    1.91e-04    3.96e-04    2.00e-01        1.62
 Geometry optimization stopped:          thresholds achieved

 Final energy:                         -93.347093124

 -----------
  Final XYZ 
 -----------
3
Final structure: -93.3471 hartree
C           -0.024276280          0.000016416          0.000000037
N            1.111074549         -0.000635259          0.000000139
H           -1.086757720          0.000673413          0.000000006

 Structure in entos input format:

  structure(
    xyz = [
      ['C'  ,         -0.024276280,          0.000016416,          0.000000037],
      ['N'  ,          1.111074549,         -0.000635259,          0.000000139],
      ['H'  ,         -1.086757720,          0.000673413,          0.000000006]
    ]
  )

 --------------------------------
  Geometry optimization finished 
 --------------------------------
 Saving results in set 'opt'

 --------------------------------------------------------------------------------
                                 command: hessian                                
 --------------------------------------------------------------------------------

 -------------------------------
  Numerical Geometrical Hessian 
 -------------------------------

 Compute hessian using two-point central differentiation.
 Step size (bohr):                       0.0100

 Frequencies (including translational and rotational modes):
 mode    frequency (cm-1)
    0                3.43
    1                4.15
    2                4.49
    3               31.79
    4               32.09
    5              814.96
    6              814.97
    7             2310.08
    8             3523.84

 Project out translational and rotational motions 

 Degrees of freedom for translational and rotational motions: 6

 Vibrational frequencies:
 mode    frequency (cm-1)
    0              814.96
    1             2310.08
    2             3523.84

 --------------------------------------------------------------------------------

 End time:                               Fri Apr 23 15:05:21 2021
 Total wall-clock time:                 31.760 seconds
==================================================================================
