
================================================================================
          _____________ ________ _______________ ________     _________         
         / ___________// ______ \\_____   _____// ______ \   / ________)        
        / /_________  / /      \ \     | |     / /      \ \ | (_______          
       |  __________|| |        | |    | |    | |        | | \________ \        
        \ \_________ | |        | |    | |     \ \______/ /___________) |       
         \__________||_|        |_|    |_|      \________//____________/        
                                                                                
====================================[ Qcore ]===================================

 Git hash:   15a3e7daff0cda5fa9af010ccd19a80288182ecf
 Git date:   Fri, 16 Apr 2021 15:57:16 +0100
 Compiler:   GNU 9.1.0
 Build type: Release
 Version:    1.1.0

 Start time: Fri Apr 23 15:08:11 2021

 Data directory: /work/zw18965/.local/qcore/share/entos/1.1.0/data
 Number of threads: 24
 Number of threads was determined by: command line argument

 --------------------------------------------------------------------------------
                                command: optimize                                
 --------------------------------------------------------------------------------
 Using coordinate system:                tric
 Hessian update scheme:                  bfgs

 ------------------------------------------------------------------------------------------------------------
                   energy      change    grad rms    grad max    step rms    step max       trust    time (s)
 ------------------------------------------------------------------------------------------------------------
   1      -184.525044242                1.36e-02    2.91e-02                            2.00e-01        2.29
   2      -184.525472749   -4.29e-04    4.30e-03    1.01e-02    1.10e-02    2.37e-02    2.00e-01        2.22
   3      -184.525512510   -3.98e-05    2.32e-04    5.62e-04    3.81e-03    9.01e-03    2.00e-01        2.21
   4      -184.525512709   -1.99e-07    1.28e-05    2.96e-05    3.47e-04    6.72e-04    2.00e-01        2.21
 Geometry optimization stopped:          thresholds achieved

 Final energy:                        -184.525512709

 -----------
  Final XYZ 
 -----------
3
Final structure: -184.526 hartree
N           -0.000000195          0.000000375         -1.107256472
N           -0.000000085          0.000000615         -0.004994300
O            0.000000021          0.000000725          1.170960353

 Structure in entos input format:

  structure(
    xyz = [
      ['N'  ,         -0.000000195,          0.000000375,         -1.107256472],
      ['N'  ,         -0.000000085,          0.000000615,         -0.004994300],
      ['O'  ,          0.000000021,          0.000000725,          1.170960353]
    ]
  )

 --------------------------------
  Geometry optimization finished 
 --------------------------------
 Saving results in set 'opt'

 --------------------------------------------------------------------------------
                                 command: hessian                                
 --------------------------------------------------------------------------------

 -------------------------------
  Numerical Geometrical Hessian 
 -------------------------------

 Compute hessian using two-point central differentiation.
 Step size (bohr):                       0.0100

 Frequencies (including translational and rotational modes):
 mode    frequency (cm-1)
    0                4.09 i (imaginary)
    1                4.00 i (imaginary)
    2                6.75
    3               13.30
    4               13.32
    5              663.53
    6              663.53
    7             1376.84
    8             2471.42

 Project out translational and rotational motions 

 Degrees of freedom for translational and rotational motions: 6

 Vibrational frequencies:
 mode    frequency (cm-1)
    0              663.53
    1             1376.84
    2             2471.42

 --------------------------------------------------------------------------------

 End time:                               Fri Apr 23 15:08:57 2021
 Total wall-clock time:                 45.989 seconds
==================================================================================
