
================================================================================
          _____________ ________ _______________ ________     _________         
         / ___________// ______ \\_____   _____// ______ \   / ________)        
        / /_________  / /      \ \     | |     / /      \ \ | (_______          
       |  __________|| |        | |    | |    | |        | | \________ \        
        \ \_________ | |        | |    | |     \ \______/ /___________) |       
         \__________||_|        |_|    |_|      \________//____________/        
                                                                                
====================================[ Qcore ]===================================

 Git hash:   15a3e7daff0cda5fa9af010ccd19a80288182ecf
 Git date:   Fri, 16 Apr 2021 15:57:16 +0100
 Compiler:   GNU 9.1.0
 Build type: Release
 Version:    1.1.0

 Start time: Fri Apr 23 15:11:29 2021

 Data directory: /work/zw18965/.local/qcore/share/entos/1.1.0/data
 Number of threads: 24
 Number of threads was determined by: command line argument

 --------------------------------------------------------------------------------
                                command: optimize                                
 --------------------------------------------------------------------------------
 Using coordinate system:                tric
 Hessian update scheme:                  bfgs

 ------------------------------------------------------------------------------------------------------------
                   energy      change    grad rms    grad max    step rms    step max       trust    time (s)
 ------------------------------------------------------------------------------------------------------------
   1      -364.648026328                1.56e-02    2.70e-02                            2.00e-01        1.70
   2      -364.648478451   -4.52e-04    7.18e-03    1.24e-02    1.14e-02    2.28e-02    2.00e-01        1.65
   3      -364.648593305   -1.15e-04    4.47e-04    7.73e-04    9.75e-03    1.95e-02    2.00e-01        1.58
   4      -364.648593735   -4.30e-07    1.18e-05    2.04e-05    5.70e-04    1.14e-03    2.00e-01        1.60
 Geometry optimization stopped:          thresholds achieved

 Final energy:                        -364.648593735

 -----------
  Final XYZ 
 -----------
2
Final structure: -364.649 hartree
Si           0.000000298          0.000000443         -0.746033357
O           -0.000000251         -0.000000447          0.746034192

 Structure in entos input format:

  structure(
    xyz = [
      ['Si' ,          0.000000298,          0.000000443,         -0.746033357],
      ['O'  ,         -0.000000251,         -0.000000447,          0.746034192]
    ]
  )

 --------------------------------
  Geometry optimization finished 
 --------------------------------
 Saving results in set 'opt'

 --------------------------------------------------------------------------------
                                 command: hessian                                
 --------------------------------------------------------------------------------

 -------------------------------
  Numerical Geometrical Hessian 
 -------------------------------

 Compute hessian using two-point central differentiation.
 Step size (bohr):                       0.0100

 Frequencies (including translational and rotational modes):
 mode    frequency (cm-1)
    0               46.87 i (imaginary)
    1               46.85 i (imaginary)
    2                1.42 i (imaginary)
    3                0.44 i (imaginary)
    4                0.25 i (imaginary)
    5             1342.07

 Project out translational and rotational motions 

 The molecule is linear

 Degrees of freedom for translational and rotational motions: 5

 Vibrational frequencies:
 mode    frequency (cm-1)
    0             1342.07

 --------------------------------------------------------------------------------

 End time:                               Fri Apr 23 15:11:49 2021
 Total wall-clock time:                 20.389 seconds
==================================================================================
