
================================================================================
          _____________ ________ _______________ ________     _________         
         / ___________// ______ \\_____   _____// ______ \   / ________)        
        / /_________  / /      \ \     | |     / /      \ \ | (_______          
       |  __________|| |        | |    | |    | |        | | \________ \        
        \ \_________ | |        | |    | |     \ \______/ /___________) |       
         \__________||_|        |_|    |_|      \________//____________/        
                                                                                
====================================[ Qcore ]===================================

 Git hash:   15a3e7daff0cda5fa9af010ccd19a80288182ecf
 Git date:   Fri, 16 Apr 2021 15:57:16 +0100
 Compiler:   GNU 9.1.0
 Build type: Release
 Version:    1.1.0

 Start time: Fri Apr 23 15:18:15 2021

 Data directory: /work/zw18965/.local/qcore/share/entos/1.1.0/data
 Number of threads: 24
 Number of threads was determined by: command line argument

 --------------------------------------------------------------------------------
                                command: optimize                                
 --------------------------------------------------------------------------------
 Using coordinate system:                tric
 Hessian update scheme:                  bfgs

 ------------------------------------------------------------------------------------------------------------
                   energy      change    grad rms    grad max    step rms    step max       trust    time (s)
 ------------------------------------------------------------------------------------------------------------
   1      -473.296959307                1.63e-02    2.83e-02                            2.00e-01        1.86
   2      -473.297439950   -4.81e-04    8.84e-03    1.53e-02    1.10e-02    2.20e-02    2.00e-01        1.76
   3      -473.297624576   -1.85e-04    7.09e-04    1.23e-03    1.30e-02    2.60e-02    2.00e-01        1.79
   4      -473.297625837   -1.26e-06    2.80e-05    4.88e-05    9.66e-04    1.93e-03    2.00e-01        1.75
Rejecting step due to low quality: Quality: -1.67021 New trust radius: 1.83805e-05
   5      -473.297625834    2.98e-09    2.80e-05    4.88e-05    3.68e-05    7.35e-05    1.84e-05        1.73
 Geometry optimization stopped:          thresholds achieved

 Final energy:                        -473.297625834

 -----------
  Final XYZ 
 -----------
2
Final structure: -473.298 hartree
S           -0.000000783          0.000000361          0.012232658
O            0.000000631         -0.000000377          1.474033261

 Structure in entos input format:

  structure(
    xyz = [
      ['S'  ,         -0.000000783,          0.000000361,          0.012232658],
      ['O'  ,          0.000000631,         -0.000000377,          1.474033261]
    ]
  )

 --------------------------------
  Geometry optimization finished 
 --------------------------------
 Saving results in set 'opt'

 --------------------------------------------------------------------------------
                                 command: hessian                                
 --------------------------------------------------------------------------------

 -------------------------------
  Numerical Geometrical Hessian 
 -------------------------------

 Compute hessian using two-point central differentiation.
 Step size (bohr):                       0.0100

 Frequencies (including translational and rotational modes):
 mode    frequency (cm-1)
    0               16.71 i (imaginary)
    1               16.68 i (imaginary)
    2                0.33 i (imaginary)
    3                0.28
    4                1.36
    5             1276.82

 Project out translational and rotational motions 

 The molecule is linear

 Degrees of freedom for translational and rotational motions: 5

 Vibrational frequencies:
 mode    frequency (cm-1)
    0             1276.82

 --------------------------------------------------------------------------------

 End time:                               Fri Apr 23 15:18:39 2021
 Total wall-clock time:                 24.504 seconds
==================================================================================
