
================================================================================
          _____________ ________ _______________ ________     _________         
         / ___________// ______ \\_____   _____// ______ \   / ________)        
        / /_________  / /      \ \     | |     / /      \ \ | (_______          
       |  __________|| |        | |    | |    | |        | | \________ \        
        \ \_________ | |        | |    | |     \ \______/ /___________) |       
         \__________||_|        |_|    |_|      \________//____________/        
                                                                                
====================================[ Qcore ]===================================

 Git hash:   15a3e7daff0cda5fa9af010ccd19a80288182ecf
 Git date:   Fri, 16 Apr 2021 15:57:16 +0100
 Compiler:   GNU 9.1.0
 Build type: Release
 Version:    1.1.0

 Start time: Tue Apr 27 13:55:41 2021

 Data directory: /work/zw18965/.local/qcore/share/entos/1.1.0/data
 Number of threads: 24
 Number of threads was determined by: command line argument

 --------------------------------------------------------------------------------
                                command: optimize                                
 --------------------------------------------------------------------------------
 Using coordinate system:                tric
 Hessian update scheme:                  bfgs

 ------------------------------------------------------------------------------------------------------------
                   energy      change    grad rms    grad max    step rms    step max       trust    time (s)
 ------------------------------------------------------------------------------------------------------------
   1       -78.502017347                7.52e-03    2.07e-02                            2.00e-01        4.13
   2       -78.502691267   -6.74e-04    1.80e-03    4.89e-03    1.92e-02    3.10e-02    2.00e-01        3.89
   3       -78.502744107   -5.28e-05    3.87e-04    9.44e-04    7.10e-03    9.26e-03    2.00e-01        3.85
   4       -78.502748832   -4.72e-06    1.17e-04    2.04e-04    3.15e-03    4.09e-03    2.00e-01        3.88
   5       -78.502749449   -6.17e-07    2.31e-05    4.06e-05    1.35e-03    1.47e-03    2.00e-01        3.95
   6       -78.502749466   -1.72e-08    2.97e-06    6.94e-06    1.45e-04    1.73e-04    2.00e-01        3.87
 Geometry optimization stopped:          thresholds achieved

 Final energy:                         -78.502749466

 -----------
  Final XYZ 
 -----------
6
Final structure: -78.5027 hartree
C           -0.668002526         -0.052979309          0.000003313
C            0.667857844          0.053013933          0.000043349
H           -1.244387609          0.002630199         -0.924135608
H           -1.228454191         -0.198827659          0.924109873
H            1.228301059          0.198869639         -0.924065578
H            1.244252533         -0.002605117          0.924176726

 Structure in entos input format:

  structure(
    xyz = [
      ['C'  ,         -0.668002526,         -0.052979309,          0.000003313],
      ['C'  ,          0.667857844,          0.053013933,          0.000043349],
      ['H'  ,         -1.244387609,          0.002630199,         -0.924135608],
      ['H'  ,         -1.228454191,         -0.198827659,          0.924109873],
      ['H'  ,          1.228301059,          0.198869639,         -0.924065578],
      ['H'  ,          1.244252533,         -0.002605117,          0.924176726]
    ]
  )

 --------------------------------
  Geometry optimization finished 
 --------------------------------
 Saving results in set 'opt'

 --------------------------------------------------------------------------------
                                 command: hessian                                
 --------------------------------------------------------------------------------

WARNING: numerical method is specified for dft hessian, which is not efficient. Try switching to 'method = analytic'


 -------------------------------
  Numerical Geometrical Hessian 
 -------------------------------

 Compute hessian using two-point central differentiation.
 Step size (bohr):                       0.0100

 Frequencies (including translational and rotational modes):
 mode    frequency (cm-1)
    0               13.33 i (imaginary)
    1                3.46 i (imaginary)
    2                3.03 i (imaginary)
    3                8.21
    4               12.89
    5               14.64
    6              826.86
    7              976.05
    8              984.72
    9             1049.57
   10             1235.70
   11             1373.60
   12             1468.51
   13             1678.99
   14             3158.75
   15             3173.94
   16             3243.96
   17             3271.54

 Project out translational and rotational motions 

 Degrees of freedom for translational and rotational motions: 6

 Vibrational frequencies:
 mode    frequency (cm-1)
    0              826.86
    1              976.05
    2              984.72
    3             1049.57
    4             1235.70
    5             1373.60
    6             1468.51
    7             1678.99
    8             3158.75
    9             3173.94
   10             3243.96
   11             3271.54

 --------------------------------------------------------------------------------

 End time:                               Tue Apr 27 13:58:50 2021
 Total wall-clock time:                189.116 seconds
==================================================================================
