
================================================================================
          _____________ ________ _______________ ________     _________         
         / ___________// ______ \\_____   _____// ______ \   / ________)        
        / /_________  / /      \ \     | |     / /      \ \ | (_______          
       |  __________|| |        | |    | |    | |        | | \________ \        
        \ \_________ | |        | |    | |     \ \______/ /___________) |       
         \__________||_|        |_|    |_|      \________//____________/        
                                                                                
====================================[ Qcore ]===================================

 Git hash:   15a3e7daff0cda5fa9af010ccd19a80288182ecf
 Git date:   Fri, 16 Apr 2021 15:57:16 +0100
 Compiler:   GNU 9.1.0
 Build type: Release
 Version:    1.1.0

 Start time: Tue Apr 27 13:58:50 2021

 Data directory: /work/zw18965/.local/qcore/share/entos/1.1.0/data
 Number of threads: 24
 Number of threads was determined by: command line argument

 --------------------------------------------------------------------------------
                                command: optimize                                
 --------------------------------------------------------------------------------
 Using coordinate system:                tric
 Hessian update scheme:                  bfgs

 ------------------------------------------------------------------------------------------------------------
                   energy      change    grad rms    grad max    step rms    step max       trust    time (s)
 ------------------------------------------------------------------------------------------------------------
   1      -958.095129302                1.94e-02    4.61e-02                            2.00e-01        2.41
   2      -958.099752630   -4.62e-03    1.19e-02    2.40e-02    1.13e-01    1.29e-01    2.00e-01        2.17
   3      -958.100924516   -1.17e-03    5.86e-03    9.68e-03    3.66e-02    4.13e-02    2.00e-01        2.08
   4      -958.101344361   -4.20e-04    1.09e-03    2.13e-03    2.39e-02    3.48e-02    2.00e-01        2.08
   5      -958.101365860   -2.15e-05    7.43e-05    1.66e-04    7.80e-03    7.40e-03    2.00e-01        2.08
   6      -958.101366103   -2.43e-07    1.14e-05    2.56e-05    7.82e-04    9.94e-04    2.00e-01        2.09
 Geometry optimization stopped:          thresholds achieved

 Final energy:                        -958.101366103

 -----------
  Final XYZ 
 -----------
3
Final structure: -958.101 hartree
C            0.000000134         -0.039786809         -0.004475469
Cl          -0.000000266          1.015298326         -1.376448514
Cl          -0.000002232          0.905722288          1.445212245

 Structure in entos input format:

  structure(
    xyz = [
      ['C'  ,          0.000000134,         -0.039786809,         -0.004475469],
      ['Cl' ,         -0.000000266,          1.015298326,         -1.376448514],
      ['Cl' ,         -0.000002232,          0.905722288,          1.445212245]
    ]
  )

 --------------------------------
  Geometry optimization finished 
 --------------------------------
 Saving results in set 'opt'

 --------------------------------------------------------------------------------
                                 command: hessian                                
 --------------------------------------------------------------------------------

WARNING: numerical method is specified for dft hessian, which is not efficient. Try switching to 'method = analytic'


 -------------------------------
  Numerical Geometrical Hessian 
 -------------------------------

 Compute hessian using two-point central differentiation.
 Step size (bohr):                       0.0100

 Frequencies (including translational and rotational modes):
 mode    frequency (cm-1)
    0                1.81 i (imaginary)
    1                2.07
    2                3.45
    3                5.01
    4                9.76
    5               26.53
    6              335.44
    7              719.41
    8              749.60

 Project out translational and rotational motions 

 Degrees of freedom for translational and rotational motions: 6

 Vibrational frequencies:
 mode    frequency (cm-1)
    0              335.44
    1              719.41
    2              749.60

 --------------------------------------------------------------------------------

 End time:                               Tue Apr 27 13:59:48 2021
 Total wall-clock time:                 57.494 seconds
==================================================================================
