
================================================================================
          _____________ ________ _______________ ________     _________         
         / ___________// ______ \\_____   _____// ______ \   / ________)        
        / /_________  / /      \ \     | |     / /      \ \ | (_______          
       |  __________|| |        | |    | |    | |        | | \________ \        
        \ \_________ | |        | |    | |     \ \______/ /___________) |       
         \__________||_|        |_|    |_|      \________//____________/        
                                                                                
====================================[ Qcore ]===================================

 Git hash:   15a3e7daff0cda5fa9af010ccd19a80288182ecf
 Git date:   Fri, 16 Apr 2021 15:57:16 +0100
 Compiler:   GNU 9.1.0
 Build type: Release
 Version:    1.1.0

 Start time: Tue Apr 27 14:01:34 2021

 Data directory: /work/zw18965/.local/qcore/share/entos/1.1.0/data
 Number of threads: 24
 Number of threads was determined by: command line argument

 --------------------------------------------------------------------------------
                                command: optimize                                
 --------------------------------------------------------------------------------
 Using coordinate system:                tric
 Hessian update scheme:                  bfgs

 ------------------------------------------------------------------------------------------------------------
                   energy      change    grad rms    grad max    step rms    step max       trust    time (s)
 ------------------------------------------------------------------------------------------------------------
   1      -920.096083954                2.32e-03    4.02e-03                            2.00e-01        1.07
   2      -920.096124330   -4.04e-05    3.05e-04    5.29e-04    8.90e-03    1.78e-02    2.00e-01        0.90
   3      -920.096125059   -7.29e-07    8.02e-06    1.44e-05    1.34e-03    2.69e-03    2.00e-01        0.86
   4      -920.096125067   -7.60e-09    6.31e-07    1.48e-06    3.63e-05    7.26e-05    2.00e-01        0.88
 Geometry optimization stopped:          thresholds achieved

 Final energy:                        -920.096125067

 -----------
  Final XYZ 
 -----------
2
Final structure: -920.096 hartree
Cl          -1.010724306         -0.000000579          0.000001207
Cl           1.010758746          0.000000670         -0.000001066

 Structure in entos input format:

  structure(
    xyz = [
      ['Cl' ,         -1.010724306,         -0.000000579,          0.000001207],
      ['Cl' ,          1.010758746,          0.000000670,         -0.000001066]
    ]
  )

 --------------------------------
  Geometry optimization finished 
 --------------------------------
 Saving results in set 'opt'

 --------------------------------------------------------------------------------
                                 command: hessian                                
 --------------------------------------------------------------------------------

WARNING: numerical method is specified for dft hessian, which is not efficient. Try switching to 'method = analytic'


 -------------------------------
  Numerical Geometrical Hessian 
 -------------------------------

 Compute hessian using two-point central differentiation.
 Step size (bohr):                       0.0100

 Frequencies (including translational and rotational modes):
 mode    frequency (cm-1)
    0                3.09 i (imaginary)
    1                2.98 i (imaginary)
    2                0.62 i (imaginary)
    3                0.27 i (imaginary)
    4                3.00
    5              533.34

 Project out translational and rotational motions 

 The molecule is linear

 Degrees of freedom for translational and rotational motions: 5

 Vibrational frequencies:
 mode    frequency (cm-1)
    0              533.34

 --------------------------------------------------------------------------------

 End time:                               Tue Apr 27 14:01:50 2021
 Total wall-clock time:                 15.899 seconds
==================================================================================
