
================================================================================
          _____________ ________ _______________ ________     _________         
         / ___________// ______ \\_____   _____// ______ \   / ________)        
        / /_________  / /      \ \     | |     / /      \ \ | (_______          
       |  __________|| |        | |    | |    | |        | | \________ \        
        \ \_________ | |        | |    | |     \ \______/ /___________) |       
         \__________||_|        |_|    |_|      \________//____________/        
                                                                                
====================================[ Qcore ]===================================

 Git hash:   15a3e7daff0cda5fa9af010ccd19a80288182ecf
 Git date:   Fri, 16 Apr 2021 15:57:16 +0100
 Compiler:   GNU 9.1.0
 Build type: Release
 Version:    1.1.0

 Start time: Tue Apr 27 14:01:50 2021

 Data directory: /work/zw18965/.local/qcore/share/entos/1.1.0/data
 Number of threads: 24
 Number of threads was determined by: command line argument

 --------------------------------------------------------------------------------
                                command: optimize                                
 --------------------------------------------------------------------------------
 Using coordinate system:                tric
 Hessian update scheme:                  bfgs

 ------------------------------------------------------------------------------------------------------------
                   energy      change    grad rms    grad max    step rms    step max       trust    time (s)
 ------------------------------------------------------------------------------------------------------------
   1      -552.815358629                2.57e-02    5.58e-02                            2.00e-01        1.98
   2      -552.816778966   -1.42e-03    1.88e-03    4.33e-03    2.44e-02    4.68e-02    2.00e-01        1.67
   3      -552.816799866   -2.09e-05    1.26e-03    2.68e-03    3.12e-03    5.66e-03    2.00e-01        1.67
   4      -552.816808727   -8.86e-06    2.87e-04    6.52e-04    3.17e-03    6.67e-03    2.00e-01        1.70
   5      -552.816808889   -1.62e-07    4.93e-05    1.01e-04    2.26e-04    5.40e-04    2.00e-01        1.71
 Geometry optimization stopped:          thresholds achieved

 Final energy:                        -552.816808889

 -----------
  Final XYZ 
 -----------
3
Final structure: -552.817 hartree
Cl           1.419856874         -0.809378863          0.000003277
C           -0.148704373         -0.330612975         -0.000009363
N           -1.270926175          0.011977996          0.000005108

 Structure in entos input format:

  structure(
    xyz = [
      ['Cl' ,          1.419856874,         -0.809378863,          0.000003277],
      ['C'  ,         -0.148704373,         -0.330612975,         -0.000009363],
      ['N'  ,         -1.270926175,          0.011977996,          0.000005108]
    ]
  )

 --------------------------------
  Geometry optimization finished 
 --------------------------------
 Saving results in set 'opt'

 --------------------------------------------------------------------------------
                                 command: hessian                                
 --------------------------------------------------------------------------------

WARNING: numerical method is specified for dft hessian, which is not efficient. Try switching to 'method = analytic'


 -------------------------------
  Numerical Geometrical Hessian 
 -------------------------------

 Compute hessian using two-point central differentiation.
 Step size (bohr):                       0.0100

 Frequencies (including translational and rotational modes):
 mode    frequency (cm-1)
    0                1.80 i (imaginary)
    1                1.33 i (imaginary)
    2                0.40
    3                4.00
    4                6.99
    5              380.10
    6              380.47
    7              744.50
    8             2219.39

 Project out translational and rotational motions 

 Degrees of freedom for translational and rotational motions: 6

 Vibrational frequencies:
 mode    frequency (cm-1)
    0              380.16
    1              744.50
    2             2219.39

 --------------------------------------------------------------------------------

 End time:                               Tue Apr 27 14:02:35 2021
 Total wall-clock time:                 44.478 seconds
==================================================================================
