
================================================================================
          _____________ ________ _______________ ________     _________         
         / ___________// ______ \\_____   _____// ______ \   / ________)        
        / /_________  / /      \ \     | |     / /      \ \ | (_______          
       |  __________|| |        | |    | |    | |        | | \________ \        
        \ \_________ | |        | |    | |     \ \______/ /___________) |       
         \__________||_|        |_|    |_|      \________//____________/        
                                                                                
====================================[ Qcore ]===================================

 Git hash:   15a3e7daff0cda5fa9af010ccd19a80288182ecf
 Git date:   Fri, 16 Apr 2021 15:57:16 +0100
 Compiler:   GNU 9.1.0
 Build type: Release
 Version:    1.1.0

 Start time: Tue Apr 27 14:04:20 2021

 Data directory: /work/zw18965/.local/qcore/share/entos/1.1.0/data
 Number of threads: 24
 Number of threads was determined by: command line argument

 --------------------------------------------------------------------------------
                                command: optimize                                
 --------------------------------------------------------------------------------
 Using coordinate system:                tric
 Hessian update scheme:                  bfgs

 ------------------------------------------------------------------------------------------------------------
                   energy      change    grad rms    grad max    step rms    step max       trust    time (s)
 ------------------------------------------------------------------------------------------------------------
   1      -436.060554940                2.18e-02    3.77e-02                            2.00e-01        1.00
   2      -436.061442216   -8.87e-04    1.02e-02    1.77e-02    1.61e-02    3.22e-02    2.00e-01        0.73
   3      -436.061714725   -2.73e-04    8.74e-04    1.52e-03    1.43e-02    2.86e-02    2.00e-01        0.74
   4      -436.061716890   -2.17e-06    3.19e-05    5.54e-05    1.33e-03    2.67e-03    2.00e-01        0.74
   5      -436.061716892   -2.37e-09    4.40e-07    8.00e-07    5.06e-05    1.01e-04    2.00e-01        0.71
 Geometry optimization stopped:          thresholds achieved

 Final energy:                        -436.061716892

 -----------
  Final XYZ 
 -----------
2
Final structure: -436.062 hartree
C            0.000000650          0.000000261         -0.005496610
S           -0.000000556         -0.000000105          1.545225061

 Structure in entos input format:

  structure(
    xyz = [
      ['C'  ,          0.000000650,          0.000000261,         -0.005496610],
      ['S'  ,         -0.000000556,         -0.000000105,          1.545225061]
    ]
  )

 --------------------------------
  Geometry optimization finished 
 --------------------------------
 Saving results in set 'opt'

 --------------------------------------------------------------------------------
                                 command: hessian                                
 --------------------------------------------------------------------------------

WARNING: numerical method is specified for dft hessian, which is not efficient. Try switching to 'method = analytic'


 -------------------------------
  Numerical Geometrical Hessian 
 -------------------------------

 Compute hessian using two-point central differentiation.
 Step size (bohr):                       0.0100

 Frequencies (including translational and rotational modes):
 mode    frequency (cm-1)
    0               14.39 i (imaginary)
    1               14.35 i (imaginary)
    2                0.75 i (imaginary)
    3                0.50
    4                0.83
    5             1276.83

 Project out translational and rotational motions 

 The molecule is linear

 Degrees of freedom for translational and rotational motions: 5

 Vibrational frequencies:
 mode    frequency (cm-1)
    0             1276.83

 --------------------------------------------------------------------------------

 End time:                               Tue Apr 27 14:04:35 2021
 Total wall-clock time:                 14.214 seconds
==================================================================================
