
================================================================================
          _____________ ________ _______________ ________     _________         
         / ___________// ______ \\_____   _____// ______ \   / ________)        
        / /_________  / /      \ \     | |     / /      \ \ | (_______          
       |  __________|| |        | |    | |    | |        | | \________ \        
        \ \_________ | |        | |    | |     \ \______/ /___________) |       
         \__________||_|        |_|    |_|      \________//____________/        
                                                                                
====================================[ Qcore ]===================================

 Git hash:   15a3e7daff0cda5fa9af010ccd19a80288182ecf
 Git date:   Fri, 16 Apr 2021 15:57:16 +0100
 Compiler:   GNU 9.1.0
 Build type: Release
 Version:    1.1.0

 Start time: Tue Apr 27 14:07:39 2021

 Data directory: /work/zw18965/.local/qcore/share/entos/1.1.0/data
 Number of threads: 24
 Number of threads was determined by: command line argument

 --------------------------------------------------------------------------------
                                command: optimize                                
 --------------------------------------------------------------------------------
 Using coordinate system:                tric
 Hessian update scheme:                  bfgs

 ------------------------------------------------------------------------------------------------------------
                   energy      change    grad rms    grad max    step rms    step max       trust    time (s)
 ------------------------------------------------------------------------------------------------------------
   1      -460.669939700                8.07e-03    1.40e-02                            2.00e-01        0.80
   2      -460.670163751   -2.24e-04    3.37e-03    5.84e-03    1.14e-02    2.27e-02    2.00e-01        0.57
   3      -460.670213601   -4.99e-05    1.85e-04    3.21e-04    8.15e-03    1.63e-02    2.00e-01        0.57
   4      -460.670213757   -1.56e-07    4.50e-06    8.02e-06    4.75e-04    9.49e-04    2.00e-01        0.56
 Geometry optimization stopped:          thresholds achieved

 Final energy:                        -460.670213757

 -----------
  Final XYZ 
 -----------
2
Final structure: -460.67 hartree
Cl           0.643139383          0.000000006          0.000000868
H           -0.643134760         -0.000000005         -0.000000865

 Structure in entos input format:

  structure(
    xyz = [
      ['Cl' ,          0.643139383,          0.000000006,          0.000000868],
      ['H'  ,         -0.643134760,         -0.000000005,         -0.000000865]
    ]
  )

 --------------------------------
  Geometry optimization finished 
 --------------------------------
 Saving results in set 'opt'

 --------------------------------------------------------------------------------
                                 command: hessian                                
 --------------------------------------------------------------------------------

WARNING: numerical method is specified for dft hessian, which is not efficient. Try switching to 'method = analytic'


 -------------------------------
  Numerical Geometrical Hessian 
 -------------------------------

 Compute hessian using two-point central differentiation.
 Step size (bohr):                       0.0100

 Frequencies (including translational and rotational modes):
 mode    frequency (cm-1)
    0                0.30 i (imaginary)
    1                0.40
    2                1.05
    3               10.12
    4               10.64
    5             2980.77

 Project out translational and rotational motions 

 The molecule is linear

 Degrees of freedom for translational and rotational motions: 5

 Vibrational frequencies:
 mode    frequency (cm-1)
    0             2980.77

 --------------------------------------------------------------------------------

 End time:                               Tue Apr 27 14:07:49 2021
 Total wall-clock time:                 10.032 seconds
==================================================================================
