
================================================================================
          _____________ ________ _______________ ________     _________         
         / ___________// ______ \\_____   _____// ______ \   / ________)        
        / /_________  / /      \ \     | |     / /      \ \ | (_______          
       |  __________|| |        | |    | |    | |        | | \________ \        
        \ \_________ | |        | |    | |     \ \______/ /___________) |       
         \__________||_|        |_|    |_|      \________//____________/        
                                                                                
====================================[ Qcore ]===================================

 Git hash:   15a3e7daff0cda5fa9af010ccd19a80288182ecf
 Git date:   Fri, 16 Apr 2021 15:57:16 +0100
 Compiler:   GNU 9.1.0
 Build type: Release
 Version:    1.1.0

 Start time: Tue Apr 27 14:08:46 2021

 Data directory: /work/zw18965/.local/qcore/share/entos/1.1.0/data
 Number of threads: 24
 Number of threads was determined by: command line argument

 --------------------------------------------------------------------------------
                                command: optimize                                
 --------------------------------------------------------------------------------
 Using coordinate system:                tric
 Hessian update scheme:                  bfgs

 ------------------------------------------------------------------------------------------------------------
                   energy      change    grad rms    grad max    step rms    step max       trust    time (s)
 ------------------------------------------------------------------------------------------------------------
   1      -535.779251525                6.98e-03    1.46e-02                            2.00e-01        1.53
   2      -535.779707704   -4.56e-04    4.40e-03    7.59e-03    2.31e-02    3.67e-02    2.00e-01        1.27
   3      -535.779945707   -2.38e-04    1.56e-03    3.27e-03    2.75e-02    4.38e-02    2.00e-01        1.24
   4      -535.779962742   -1.70e-05    7.29e-04    1.47e-03    2.96e-03    7.25e-03    2.00e-01        1.27
   5      -535.779969582   -6.84e-06    7.63e-05    1.47e-04    3.36e-03    8.43e-03    2.00e-01        1.24
   6      -535.779970652   -1.07e-06    1.37e-04    2.46e-04    5.74e-04    5.52e-03    2.00e-01        1.25
   7      -535.779979465   -8.81e-06    5.36e-04    1.20e-03    3.35e-03    5.90e-02    2.00e-01        1.26
   8      -535.779983234   -3.77e-06    9.24e-04    2.11e-03    2.99e-03    1.07e-01    2.00e-01        1.26
   9      -535.779990820   -7.59e-06    5.06e-04    1.16e-03    2.97e-03    3.53e-02    2.00e-01        1.26
  10      -535.779995181   -4.36e-06    1.52e-04    3.60e-04    2.67e-03    1.11e-02    2.00e-01        1.24
  11      -535.779996205   -1.02e-06    1.73e-05    2.87e-05    1.36e-03    2.07e-02    2.00e-01        1.23
  12      -535.779996213   -8.22e-09    2.89e-06    5.99e-06    7.84e-05    2.49e-04    2.00e-01        1.24
 Geometry optimization stopped:          thresholds achieved

 Final energy:                        -535.779996213

 -----------
  Final XYZ 
 -----------
3
Final structure: -535.78 hartree
O           -0.404396823          0.433375335         -0.000004568
Cl           1.258275637         -0.003382467         -0.000001999
H           -0.853347837         -0.427623612         -0.000005782

 Structure in entos input format:

  structure(
    xyz = [
      ['O'  ,         -0.404396823,          0.433375335,         -0.000004568],
      ['Cl' ,          1.258275637,         -0.003382467,         -0.000001999],
      ['H'  ,         -0.853347837,         -0.427623612,         -0.000005782]
    ]
  )

 --------------------------------
  Geometry optimization finished 
 --------------------------------
 Saving results in set 'opt'

 --------------------------------------------------------------------------------
                                 command: hessian                                
 --------------------------------------------------------------------------------

WARNING: numerical method is specified for dft hessian, which is not efficient. Try switching to 'method = analytic'


 -------------------------------
  Numerical Geometrical Hessian 
 -------------------------------

 Compute hessian using two-point central differentiation.
 Step size (bohr):                       0.0100

 Frequencies (including translational and rotational modes):
 mode    frequency (cm-1)
    0               28.97 i (imaginary)
    1                2.62 i (imaginary)
    2                1.50
    3                3.72
    4               43.85
    5               59.42
    6              732.74
    7             1255.12
    8             3760.70

 Project out translational and rotational motions 

 Degrees of freedom for translational and rotational motions: 6

 Vibrational frequencies:
 mode    frequency (cm-1)
    0              732.74
    1             1255.12
    2             3760.70

 --------------------------------------------------------------------------------

 End time:                               Tue Apr 27 14:09:29 2021
 Total wall-clock time:                 42.860 seconds
==================================================================================
