
================================================================================
          _____________ ________ _______________ ________     _________         
         / ___________// ______ \\_____   _____// ______ \   / ________)        
        / /_________  / /      \ \     | |     / /      \ \ | (_______          
       |  __________|| |        | |    | |    | |        | | \________ \        
        \ \_________ | |        | |    | |     \ \______/ /___________) |       
         \__________||_|        |_|    |_|      \________//____________/        
                                                                                
====================================[ Qcore ]===================================

 Git hash:   15a3e7daff0cda5fa9af010ccd19a80288182ecf
 Git date:   Fri, 16 Apr 2021 15:57:16 +0100
 Compiler:   GNU 9.1.0
 Build type: Release
 Version:    1.1.0

 Start time: Tue Apr 27 14:10:53 2021

 Data directory: /work/zw18965/.local/qcore/share/entos/1.1.0/data
 Number of threads: 24
 Number of threads was determined by: command line argument

 --------------------------------------------------------------------------------
                                command: optimize                                
 --------------------------------------------------------------------------------
 Using coordinate system:                tric
 Hessian update scheme:                  bfgs

 ------------------------------------------------------------------------------------------------------------
                   energy      change    grad rms    grad max    step rms    step max       trust    time (s)
 ------------------------------------------------------------------------------------------------------------
   1      -511.341094913                1.54e-02    3.60e-02                            2.00e-01        1.97
   2      -511.342275827   -1.18e-03    7.24e-03    1.65e-02    2.25e-02    3.23e-02    2.00e-01        1.67
   3      -511.342518831   -2.43e-04    2.75e-03    6.72e-03    1.28e-02    2.46e-02    2.00e-01        1.67
   4      -511.342536860   -1.80e-05    7.80e-04    1.82e-03    2.75e-03    6.61e-03    2.00e-01        1.66
   5      -511.342538094   -1.23e-06    7.61e-05    1.80e-04    5.76e-04    1.31e-03    2.00e-01        1.62
   6      -511.342538131   -3.63e-08    5.12e-06    1.23e-05    1.00e-04    1.69e-04    2.00e-01        1.64
 Geometry optimization stopped:          thresholds achieved

 Final energy:                        -511.342538131

 -----------
  Final XYZ 
 -----------
3
Final structure: -511.343 hartree
O            0.000000647         -0.000000313         -1.285215512
C            0.000000789          0.000000356         -0.114878575
S            0.000001200          0.000001190          1.459170263

 Structure in entos input format:

  structure(
    xyz = [
      ['O'  ,          0.000000647,         -0.000000313,         -1.285215512],
      ['C'  ,          0.000000789,          0.000000356,         -0.114878575],
      ['S'  ,          0.000001200,          0.000001190,          1.459170263]
    ]
  )

 --------------------------------
  Geometry optimization finished 
 --------------------------------
 Saving results in set 'opt'

 --------------------------------------------------------------------------------
                                 command: hessian                                
 --------------------------------------------------------------------------------

WARNING: numerical method is specified for dft hessian, which is not efficient. Try switching to 'method = analytic'


 -------------------------------
  Numerical Geometrical Hessian 
 -------------------------------

 Compute hessian using two-point central differentiation.
 Step size (bohr):                       0.0100

 Frequencies (including translational and rotational modes):
 mode    frequency (cm-1)
    0                7.76 i (imaginary)
    1                7.58 i (imaginary)
    2                3.15 i (imaginary)
    3                3.00 i (imaginary)
    4                3.16
    5              512.76
    6              512.76
    7              872.76
    8             2064.74

 Project out translational and rotational motions 

 Degrees of freedom for translational and rotational motions: 6

 Vibrational frequencies:
 mode    frequency (cm-1)
    0              512.76
    1              872.76
    2             2064.74

 --------------------------------------------------------------------------------

 End time:                               Tue Apr 27 14:11:39 2021
 Total wall-clock time:                 46.673 seconds
==================================================================================
