
================================================================================
          _____________ ________ _______________ ________     _________         
         / ___________// ______ \\_____   _____// ______ \   / ________)        
        / /_________  / /      \ \     | |     / /      \ \ | (_______          
       |  __________|| |        | |    | |    | |        | | \________ \        
        \ \_________ | |        | |    | |     \ \______/ /___________) |       
         \__________||_|        |_|    |_|      \________//____________/        
                                                                                
====================================[ Qcore ]===================================

 Git hash:   15a3e7daff0cda5fa9af010ccd19a80288182ecf
 Git date:   Fri, 16 Apr 2021 15:57:16 +0100
 Compiler:   GNU 9.1.0
 Build type: Release
 Version:    1.1.0

 Start time: Tue Apr 27 14:12:28 2021

 Data directory: /work/zw18965/.local/qcore/share/entos/1.1.0/data
 Number of threads: 24
 Number of threads was determined by: command line argument

 --------------------------------------------------------------------------------
                                command: optimize                                
 --------------------------------------------------------------------------------
 Using coordinate system:                tric
 Hessian update scheme:                  bfgs

 ------------------------------------------------------------------------------------------------------------
                   energy      change    grad rms    grad max    step rms    step max       trust    time (s)
 ------------------------------------------------------------------------------------------------------------
   1      -364.565321068                1.41e-02    2.44e-02                            2.00e-01        1.03
   2      -364.565702476   -3.81e-04    7.23e-03    1.25e-02    1.03e-02    2.07e-02    2.00e-01        0.75
   3      -364.565846417   -1.44e-04    4.66e-04    8.10e-04    1.08e-02    2.17e-02    2.00e-01        0.75
   4      -364.565847112   -6.94e-07    2.01e-05    3.92e-05    7.47e-04    1.49e-03    2.00e-01        0.76
   5      -364.565847123   -1.10e-08    1.96e-06    3.94e-06    3.39e-05    1.31e-04    2.00e-01        0.75
 Geometry optimization stopped:          thresholds achieved

 Final energy:                        -364.565847123

 -----------
  Final XYZ 
 -----------
2
Final structure: -364.566 hartree
Si          -0.000000060          0.000000484         -0.768638103
O            0.000000061         -0.000000480          0.768467480

 Structure in entos input format:

  structure(
    xyz = [
      ['Si' ,         -0.000000060,          0.000000484,         -0.768638103],
      ['O'  ,          0.000000061,         -0.000000480,          0.768467480]
    ]
  )

 --------------------------------
  Geometry optimization finished 
 --------------------------------
 Saving results in set 'opt'

 --------------------------------------------------------------------------------
                                 command: hessian                                
 --------------------------------------------------------------------------------

WARNING: numerical method is specified for dft hessian, which is not efficient. Try switching to 'method = analytic'


 -------------------------------
  Numerical Geometrical Hessian 
 -------------------------------

 Compute hessian using two-point central differentiation.
 Step size (bohr):                       0.0100

 Frequencies (including translational and rotational modes):
 mode    frequency (cm-1)
    0                0.32 i (imaginary)
    1                0.26
    2                0.28
    3               26.16
    4               26.17
    5             1160.04

 Project out translational and rotational motions 

 The molecule is linear

 Degrees of freedom for translational and rotational motions: 5

 Vibrational frequencies:
 mode    frequency (cm-1)
    0             1160.04

 --------------------------------------------------------------------------------

 End time:                               Tue Apr 27 14:12:43 2021
 Total wall-clock time:                 14.956 seconds
==================================================================================
