
================================================================================
          _____________ ________ _______________ ________     _________         
         / ___________// ______ \\_____   _____// ______ \   / ________)        
        / /_________  / /      \ \     | |     / /      \ \ | (_______          
       |  __________|| |        | |    | |    | |        | | \________ \        
        \ \_________ | |        | |    | |     \ \______/ /___________) |       
         \__________||_|        |_|    |_|      \________//____________/        
                                                                                
====================================[ Qcore ]===================================

 Git hash:   15a3e7daff0cda5fa9af010ccd19a80288182ecf
 Git date:   Fri, 16 Apr 2021 15:57:16 +0100
 Compiler:   GNU 9.1.0
 Build type: Release
 Version:    1.1.0

 Start time: Tue Apr 27 14:54:29 2021

 Data directory: /work/zw18965/.local/qcore/share/entos/1.1.0/data
 Number of threads: 24
 Number of threads was determined by: command line argument
  - More threads can be used by running 'qcore -n 32'

 --------------------------------------------------------------------------------
                                command: optimize                                
 --------------------------------------------------------------------------------
 Using coordinate system:                tric
 Hessian update scheme:                  bfgs

 ------------------------------------------------------------------------------------------------------------
                   energy      change    grad rms    grad max    step rms    step max       trust    time (s)
 ------------------------------------------------------------------------------------------------------------
   1      -957.987982237                2.37e-02    5.42e-02                            2.00e-01        0.50
   2      -957.993519542   -5.54e-03    1.48e-02    2.99e-02    1.07e-01    1.25e-01    2.00e-01        0.30
   3      -957.995535716   -2.02e-03    6.11e-03    1.06e-02    5.22e-02    5.97e-02    2.00e-01        0.32
   4      -957.996045410   -5.10e-04    1.40e-03    2.76e-03    2.75e-02    3.67e-02    2.00e-01        0.31
   5      -957.996085754   -4.03e-05    9.95e-05    2.18e-04    1.16e-02    1.03e-02    2.00e-01        0.29
   6      -957.996086221   -4.67e-07    1.82e-05    4.10e-05    1.24e-03    1.90e-03    2.00e-01        0.30
   7      -957.996086388   -1.67e-07    3.17e-05    6.40e-05    3.57e-04    2.61e-03    2.00e-01        0.28
   8      -957.996087422   -1.03e-06    1.11e-04    2.31e-04    1.19e-03    1.80e-02    2.00e-01        0.30
   9      -957.996088724   -1.30e-06    1.63e-04    3.46e-04    7.77e-04    3.02e-02    2.00e-01        0.30
  10      -957.996089806   -1.08e-06    1.31e-04    2.84e-04    4.26e-04    2.81e-02    2.00e-01        0.30
  11      -957.996090406   -6.00e-07    4.01e-05    9.20e-05    1.28e-03    9.98e-03    2.00e-01        0.28
  12      -957.996090430   -2.44e-08    7.63e-06    1.73e-05    5.30e-04    2.23e-03    2.00e-01        0.29
  13      -957.996090452   -2.22e-08    5.92e-06    1.34e-05    1.78e-05    5.15e-04    2.00e-01        0.28
 Geometry optimization stopped:          thresholds achieved

 Final energy:                        -957.996090452

 -----------
  Final XYZ 
 -----------
3
Final structure: -957.996 hartree
C           -0.000003148         -0.049216036          0.022928695
Cl           0.000006250          0.966283407         -1.402677621
Cl          -0.000003102          0.966253198          1.448478384

 Structure in entos input format:

  structure(
    xyz = [
      ['C'  ,         -0.000003148,         -0.049216036,          0.022928695],
      ['Cl' ,          0.000006250,          0.966283407,         -1.402677621],
      ['Cl' ,         -0.000003102,          0.966253198,          1.448478384]
    ]
  )

 --------------------------------
  Geometry optimization finished 
 --------------------------------
 Saving results in set 'opt'

 --------------------------------------------------------------------------------
                                 command: hessian                                
 --------------------------------------------------------------------------------

WARNING: semianalytic method is specified for dft hessian, which is not efficient. Try switching to 'method = analytic'


 -------------------------------
  Numerical Geometrical Hessian 
 -------------------------------

 Compute hessian using two-point central differentiation.
 Step size (bohr):                       0.0100

 Frequencies (including translational and rotational modes):
 mode    frequency (cm-1)
    0                0.03 i (imaginary)
    1                0.02 i (imaginary)
    2                0.01 i (imaginary)
    3               17.33
    4               18.42
    5               44.03
    6              318.20
    7              705.52
    8              710.50

 Project out translational and rotational motions 

 Degrees of freedom for translational and rotational motions: 6

 Vibrational frequencies:
 mode    frequency (cm-1)
    0              318.20
    1              705.52
    2              710.50

 --------------------------------------------------------------------------------

 End time:                               Tue Apr 27 14:54:38 2021
 Total wall-clock time:                  9.740 seconds
==================================================================================
