
================================================================================
          _____________ ________ _______________ ________     _________         
         / ___________// ______ \\_____   _____// ______ \   / ________)        
        / /_________  / /      \ \     | |     / /      \ \ | (_______          
       |  __________|| |        | |    | |    | |        | | \________ \        
        \ \_________ | |        | |    | |     \ \______/ /___________) |       
         \__________||_|        |_|    |_|      \________//____________/        
                                                                                
====================================[ Qcore ]===================================

 Git hash:   15a3e7daff0cda5fa9af010ccd19a80288182ecf
 Git date:   Fri, 16 Apr 2021 15:57:16 +0100
 Compiler:   GNU 9.1.0
 Build type: Release
 Version:    1.1.0

 Start time: Tue Apr 27 14:55:16 2021

 Data directory: /work/zw18965/.local/qcore/share/entos/1.1.0/data
 Number of threads: 24
 Number of threads was determined by: command line argument
  - More threads can be used by running 'qcore -n 32'

 --------------------------------------------------------------------------------
                                command: optimize                                
 --------------------------------------------------------------------------------
 Using coordinate system:                tric
 Hessian update scheme:                  bfgs

 ------------------------------------------------------------------------------------------------------------
                   energy      change    grad rms    grad max    step rms    step max       trust    time (s)
 ------------------------------------------------------------------------------------------------------------
   1      -436.002130623                2.70e-02    4.67e-02                            2.00e-01        0.37
   2      -436.003490732   -1.36e-03    1.26e-02    2.19e-02    1.99e-02    3.99e-02    2.00e-01        0.17
   3      -436.003909509   -4.19e-04    1.28e-03    2.22e-03    1.76e-02    3.52e-02    2.00e-01        0.16
   4      -436.003914157   -4.65e-06    7.04e-05    1.22e-04    1.99e-03    3.98e-03    2.00e-01        0.16
   5      -436.003914184   -2.62e-08    4.01e-07    6.94e-07    1.15e-04    2.31e-04    2.00e-01        0.16
 Geometry optimization stopped:          thresholds achieved

 Final energy:                        -436.003914184

 -----------
  Final XYZ 
 -----------
2
Final structure: -436.004 hartree
C           -0.000000729         -0.000000712         -0.009674849
S            0.000000729          0.000000712          1.549374847

 Structure in entos input format:

  structure(
    xyz = [
      ['C'  ,         -0.000000729,         -0.000000712,         -0.009674849],
      ['S'  ,          0.000000729,          0.000000712,          1.549374847]
    ]
  )

 --------------------------------
  Geometry optimization finished 
 --------------------------------
 Saving results in set 'opt'

 --------------------------------------------------------------------------------
                                 command: hessian                                
 --------------------------------------------------------------------------------

WARNING: semianalytic method is specified for dft hessian, which is not efficient. Try switching to 'method = analytic'


 -------------------------------
  Numerical Geometrical Hessian 
 -------------------------------

 Compute hessian using two-point central differentiation.
 Step size (bohr):                       0.0100

 Frequencies (including translational and rotational modes):
 mode    frequency (cm-1)
    0                0.08 i (imaginary)
    1                0.00 i (imaginary)
    2                0.00 i (imaginary)
    3                7.95
    4                7.96
    5             1260.60

 Project out translational and rotational motions 

 The molecule is linear

 Degrees of freedom for translational and rotational motions: 5

 Vibrational frequencies:
 mode    frequency (cm-1)
    0             1260.60

 --------------------------------------------------------------------------------

 End time:                               Tue Apr 27 14:55:19 2021
 Total wall-clock time:                  3.316 seconds
==================================================================================
