
================================================================================
          _____________ ________ _______________ ________     _________         
         / ___________// ______ \\_____   _____// ______ \   / ________)        
        / /_________  / /      \ \     | |     / /      \ \ | (_______          
       |  __________|| |        | |    | |    | |        | | \________ \        
        \ \_________ | |        | |    | |     \ \______/ /___________) |       
         \__________||_|        |_|    |_|      \________//____________/        
                                                                                
====================================[ Qcore ]===================================

 Git hash:   15a3e7daff0cda5fa9af010ccd19a80288182ecf
 Git date:   Fri, 16 Apr 2021 15:57:16 +0100
 Compiler:   GNU 9.1.0
 Build type: Release
 Version:    1.1.0

 Start time: Tue Apr 27 14:55:27 2021

 Data directory: /work/zw18965/.local/qcore/share/entos/1.1.0/data
 Number of threads: 24
 Number of threads was determined by: command line argument
  - More threads can be used by running 'qcore -n 32'

 --------------------------------------------------------------------------------
                                command: optimize                                
 --------------------------------------------------------------------------------
 Using coordinate system:                tric
 Hessian update scheme:                  bfgs

 ------------------------------------------------------------------------------------------------------------
                   energy      change    grad rms    grad max    step rms    step max       trust    time (s)
 ------------------------------------------------------------------------------------------------------------
   1      -437.242435195                6.74e-03    1.38e-02                            2.00e-01        0.51
   2      -437.243129636   -6.94e-04    1.92e-03    3.65e-03    2.57e-02    3.12e-02    2.00e-01        0.24
   3      -437.243196826   -6.72e-05    5.91e-04    1.65e-03    1.05e-02    1.10e-02    2.00e-01        0.24
   4      -437.243199126   -2.30e-06    3.28e-04    9.53e-04    1.46e-03    2.42e-03    2.00e-01        0.23
   5      -437.243199936   -8.10e-07    6.45e-05    1.53e-04    9.53e-04    1.97e-03    2.00e-01        0.23
   6      -437.243199991   -5.55e-08    1.19e-05    2.97e-05    2.02e-04    3.07e-04    2.00e-01        0.22
 Geometry optimization stopped:          thresholds achieved

 Final energy:                        -437.243199991

 -----------
  Final XYZ 
 -----------
4
Final structure: -437.243 hartree
C           -0.107403878          0.008566136          0.001141943
S            1.507267489         -0.120722803         -0.015662792
H           -0.672606540          0.278741343          0.917700266
H           -0.727261207         -0.166646971         -0.903100013

 Structure in entos input format:

  structure(
    xyz = [
      ['C'  ,         -0.107403878,          0.008566136,          0.001141943],
      ['S'  ,          1.507267489,         -0.120722803,         -0.015662792],
      ['H'  ,         -0.672606540,          0.278741343,          0.917700266],
      ['H'  ,         -0.727261207,         -0.166646971,         -0.903100013]
    ]
  )

 --------------------------------
  Geometry optimization finished 
 --------------------------------
 Saving results in set 'opt'

 --------------------------------------------------------------------------------
                                 command: hessian                                
 --------------------------------------------------------------------------------

WARNING: semianalytic method is specified for dft hessian, which is not efficient. Try switching to 'method = analytic'


 -------------------------------
  Numerical Geometrical Hessian 
 -------------------------------

 Compute hessian using two-point central differentiation.
 Step size (bohr):                       0.0100

 Frequencies (including translational and rotational modes):
 mode    frequency (cm-1)
    0               17.03 i (imaginary)
    1                4.76 i (imaginary)
    2                0.07 i (imaginary)
    3                0.01
    4                0.24
    5               12.87
    6              959.47
    7              969.92
    8             1075.88
    9             1416.32
   10             2970.24
   11             3055.47

 Project out translational and rotational motions 

 Degrees of freedom for translational and rotational motions: 6

 Vibrational frequencies:
 mode    frequency (cm-1)
    0              959.47
    1              969.92
    2             1075.88
    3             1416.32
    4             2970.24
    5             3055.47

 --------------------------------------------------------------------------------

 End time:                               Tue Apr 27 14:55:35 2021
 Total wall-clock time:                  7.901 seconds
==================================================================================
