
================================================================================
          _____________ ________ _______________ ________     _________         
         / ___________// ______ \\_____   _____// ______ \   / ________)        
        / /_________  / /      \ \     | |     / /      \ \ | (_______          
       |  __________|| |        | |    | |    | |        | | \________ \        
        \ \_________ | |        | |    | |     \ \______/ /___________) |       
         \__________||_|        |_|    |_|      \________//____________/        
                                                                                
====================================[ Qcore ]===================================

 Git hash:   15a3e7daff0cda5fa9af010ccd19a80288182ecf
 Git date:   Fri, 16 Apr 2021 15:57:16 +0100
 Compiler:   GNU 9.1.0
 Build type: Release
 Version:    1.1.0

 Start time: Tue Apr 27 14:55:38 2021

 Data directory: /work/zw18965/.local/qcore/share/entos/1.1.0/data
 Number of threads: 24
 Number of threads was determined by: command line argument
  - More threads can be used by running 'qcore -n 32'

 --------------------------------------------------------------------------------
                                command: optimize                                
 --------------------------------------------------------------------------------
 Using coordinate system:                tric
 Hessian update scheme:                  bfgs

 ------------------------------------------------------------------------------------------------------------
                   energy      change    grad rms    grad max    step rms    step max       trust    time (s)
 ------------------------------------------------------------------------------------------------------------
   1      -399.213974195                1.44e-02    3.13e-02                            2.00e-01        0.36
   2      -399.215303713   -1.33e-03    5.59e-03    1.20e-02    2.59e-02    4.38e-02    2.00e-01        0.16
   3      -399.215560315   -2.57e-04    5.19e-04    1.09e-03    1.67e-02    2.82e-02    2.00e-01        0.16
   4      -399.215562730   -2.42e-06    2.18e-05    4.44e-05    1.92e-03    2.95e-03    2.00e-01        0.16
   5      -399.215562735   -4.06e-09    3.78e-07    6.83e-07    9.78e-05    1.32e-04    2.00e-01        0.15
 Geometry optimization stopped:          thresholds achieved

 Final energy:                        -399.215562735

 -----------
  Final XYZ 
 -----------
3
Final structure: -399.216 hartree
S           -0.001423113          0.633574717         -0.000000013
H            0.974672625         -0.314598785          0.000000000
H           -0.973249511         -0.318975927          0.000000012

 Structure in entos input format:

  structure(
    xyz = [
      ['S'  ,         -0.001423113,          0.633574717,         -0.000000013],
      ['H'  ,          0.974672625,         -0.314598785,          0.000000000],
      ['H'  ,         -0.973249511,         -0.318975927,          0.000000012]
    ]
  )

 --------------------------------
  Geometry optimization finished 
 --------------------------------
 Saving results in set 'opt'

 --------------------------------------------------------------------------------
                                 command: hessian                                
 --------------------------------------------------------------------------------

WARNING: semianalytic method is specified for dft hessian, which is not efficient. Try switching to 'method = analytic'


 -------------------------------
  Numerical Geometrical Hessian 
 -------------------------------

 Compute hessian using two-point central differentiation.
 Step size (bohr):                       0.0100

 Frequencies (including translational and rotational modes):
 mode    frequency (cm-1)
    0                0.02 i (imaginary)
    1                0.01 i (imaginary)
    2                0.01
    3               53.45
    4               84.95
    5               87.90
    6             1155.95
    7             2626.62
    8             2647.83

 Project out translational and rotational motions 

 Degrees of freedom for translational and rotational motions: 6

 Vibrational frequencies:
 mode    frequency (cm-1)
    0             1155.95
    1             2626.62
    2             2647.83

 --------------------------------------------------------------------------------

 End time:                               Tue Apr 27 14:55:43 2021
 Total wall-clock time:                  4.209 seconds
==================================================================================
