
================================================================================
          _____________ ________ _______________ ________     _________         
         / ___________// ______ \\_____   _____// ______ \   / ________)        
        / /_________  / /      \ \     | |     / /      \ \ | (_______          
       |  __________|| |        | |    | |    | |        | | \________ \        
        \ \_________ | |        | |    | |     \ \______/ /___________) |       
         \__________||_|        |_|    |_|      \________//____________/        
                                                                                
====================================[ Qcore ]===================================

 Git hash:   15a3e7daff0cda5fa9af010ccd19a80288182ecf
 Git date:   Fri, 16 Apr 2021 15:57:16 +0100
 Compiler:   GNU 9.1.0
 Build type: Release
 Version:    1.1.0

 Start time: Fri Apr 23 14:40:49 2021

 Data directory: /work/zw18965/.local/qcore/share/entos/1.1.0/data
 Number of threads: 24
 Number of threads was determined by: command line argument
  - More threads can be used by running 'qcore -n 32'

 --------------------------------------------------------------------------------
                                command: optimize                                
 --------------------------------------------------------------------------------
 Using coordinate system:                tric
 Hessian update scheme:                  bfgs

 ------------------------------------------------------------------------------------------------------------
                   energy      change    grad rms    grad max    step rms    step max       trust    time (s)
 ------------------------------------------------------------------------------------------------------------
   1       -76.849998558                1.42e-02    3.45e-02                            2.00e-01        0.42
   2       -76.850592852   -5.94e-04    2.04e-03    4.74e-03    1.84e-02    3.30e-02    2.00e-01        0.34
   3       -76.850601876   -9.02e-06    1.99e-04    3.71e-04    1.34e-03    2.67e-03    2.00e-01        0.32
   4       -76.850602185   -3.09e-07    1.14e-05    2.26e-05    5.70e-04    8.06e-04    2.00e-01        0.32
 Geometry optimization stopped:          thresholds achieved

 Final energy:                         -76.850602185

 -----------
  Final XYZ 
 -----------
4
Final structure: -76.8506 hartree
C           -0.590090607          0.000000032         -0.000015222
C            0.590090511         -0.000000150          0.000015116
H           -1.644080345         -0.000000191         -0.000093399
H            1.644080248          0.000000078          0.000093265

 Structure in entos input format:

  structure(
    xyz = [
      ['C'  ,         -0.590090607,          0.000000032,         -0.000015222],
      ['C'  ,          0.590090511,         -0.000000150,          0.000015116],
      ['H'  ,         -1.644080345,         -0.000000191,         -0.000093399],
      ['H'  ,          1.644080248,          0.000000078,          0.000093265]
    ]
  )

 --------------------------------
  Geometry optimization finished 
 --------------------------------
 Saving results in set 'opt'

 --------------------------------------------------------------------------------
                                 command: hessian                                
 --------------------------------------------------------------------------------

WARNING: numerical method is specified for dft hessian, which is not efficient. Try switching to 'method = analytic'


 -------------------------------
  Numerical Geometrical Hessian 
 -------------------------------

 Compute hessian using two-point central differentiation.
 Step size (bohr):                       0.0100

 Frequencies (including translational and rotational modes):
 mode    frequency (cm-1)
    0                0.47 i (imaginary)
    1                0.33 i (imaginary)
    2                0.66
    3               13.18
    4               13.25
    5              808.21
    6              808.21
    7              869.17
    8              869.17
    9             2212.86
   10             3555.36
   11             3673.67

 Project out translational and rotational motions 

 Degrees of freedom for translational and rotational motions: 6

 Vibrational frequencies:
 mode    frequency (cm-1)
    0              808.21
    1              869.17
    2              869.17
    3             2212.86
    4             3555.36
    5             3673.67

 --------------------------------------------------------------------------------

 End time:                               Fri Apr 23 14:40:59 2021
 Total wall-clock time:                  9.610 seconds
==================================================================================
