
================================================================================
          _____________ ________ _______________ ________     _________         
         / ___________// ______ \\_____   _____// ______ \   / ________)        
        / /_________  / /      \ \     | |     / /      \ \ | (_______          
       |  __________|| |        | |    | |    | |        | | \________ \        
        \ \_________ | |        | |    | |     \ \______/ /___________) |       
         \__________||_|        |_|    |_|      \________//____________/        
                                                                                
====================================[ Qcore ]===================================

 Git hash:   15a3e7daff0cda5fa9af010ccd19a80288182ecf
 Git date:   Fri, 16 Apr 2021 15:57:16 +0100
 Compiler:   GNU 9.1.0
 Build type: Release
 Version:    1.1.0

 Start time: Fri Apr 23 14:40:59 2021

 Data directory: /work/zw18965/.local/qcore/share/entos/1.1.0/data
 Number of threads: 24
 Number of threads was determined by: command line argument
  - More threads can be used by running 'qcore -n 32'

 --------------------------------------------------------------------------------
                                command: optimize                                
 --------------------------------------------------------------------------------
 Using coordinate system:                tric
 Hessian update scheme:                  bfgs

 ------------------------------------------------------------------------------------------------------------
                   energy      change    grad rms    grad max    step rms    step max       trust    time (s)
 ------------------------------------------------------------------------------------------------------------
   1       -78.064093934                2.91e-03    4.76e-03                            2.00e-01        0.73
   2       -78.064380643   -2.87e-04    1.18e-03    2.79e-03    1.88e-02    1.21e-02    2.00e-01        0.64
   3       -78.064400700   -2.01e-05    3.19e-04    9.17e-04    5.70e-03    5.80e-03    2.00e-01        0.64
   4       -78.064401753   -1.05e-06    7.48e-05    1.82e-04    1.02e-03    1.54e-03    2.00e-01        0.65
   5       -78.064401864   -1.11e-07    7.50e-06    1.64e-05    4.06e-04    5.48e-04    2.00e-01        0.65
 Geometry optimization stopped:          thresholds achieved

 Final energy:                         -78.064401864

 -----------
  Final XYZ 
 -----------
6
Final structure: -78.0644 hartree
C           -0.654958160         -0.051829193         -0.000251892
C            0.654889454          0.051822931          0.000285122
H           -1.224577440          0.002764078         -0.909488575
H           -1.209638420         -0.195420697          0.908521584
H            1.209571042          0.195414182         -0.908487554
H            1.224507513         -0.002772995          0.909522454

 Structure in entos input format:

  structure(
    xyz = [
      ['C'  ,         -0.654958160,         -0.051829193,         -0.000251892],
      ['C'  ,          0.654889454,          0.051822931,          0.000285122],
      ['H'  ,         -1.224577440,          0.002764078,         -0.909488575],
      ['H'  ,         -1.209638420,         -0.195420697,          0.908521584],
      ['H'  ,          1.209571042,          0.195414182,         -0.908487554],
      ['H'  ,          1.224507513,         -0.002772995,          0.909522454]
    ]
  )

 --------------------------------
  Geometry optimization finished 
 --------------------------------
 Saving results in set 'opt'

 --------------------------------------------------------------------------------
                                 command: hessian                                
 --------------------------------------------------------------------------------

WARNING: numerical method is specified for dft hessian, which is not efficient. Try switching to 'method = analytic'


 -------------------------------
  Numerical Geometrical Hessian 
 -------------------------------

 Compute hessian using two-point central differentiation.
 Step size (bohr):                       0.0100

 Frequencies (including translational and rotational modes):
 mode    frequency (cm-1)
    0               11.82 i (imaginary)
    1                0.65 i (imaginary)
    2                0.47 i (imaginary)
    3                0.76
    4                3.53
    5                5.61
    6              889.97
    7             1085.14
    8             1104.85
    9             1142.84
   10             1342.69
   11             1474.52
   12             1588.36
   13             1819.36
   14             3267.67
   15             3289.67
   16             3339.72
   17             3368.85

 Project out translational and rotational motions 

 Degrees of freedom for translational and rotational motions: 6

 Vibrational frequencies:
 mode    frequency (cm-1)
    0              889.97
    1             1085.14
    2             1104.85
    3             1142.84
    4             1342.69
    5             1474.52
    6             1588.36
    7             1819.36
    8             3267.67
    9             3289.67
   10             3339.72
   11             3368.85

 --------------------------------------------------------------------------------

 End time:                               Fri Apr 23 14:41:28 2021
 Total wall-clock time:                 28.410 seconds
==================================================================================
