
================================================================================
          _____________ ________ _______________ ________     _________         
         / ___________// ______ \\_____   _____// ______ \   / ________)        
        / /_________  / /      \ \     | |     / /      \ \ | (_______          
       |  __________|| |        | |    | |    | |        | | \________ \        
        \ \_________ | |        | |    | |     \ \______/ /___________) |       
         \__________||_|        |_|    |_|      \________//____________/        
                                                                                
====================================[ Qcore ]===================================

 Git hash:   15a3e7daff0cda5fa9af010ccd19a80288182ecf
 Git date:   Fri, 16 Apr 2021 15:57:16 +0100
 Compiler:   GNU 9.1.0
 Build type: Release
 Version:    1.1.0

 Start time: Fri Apr 23 14:42:08 2021

 Data directory: /work/zw18965/.local/qcore/share/entos/1.1.0/data
 Number of threads: 24
 Number of threads was determined by: command line argument
  - More threads can be used by running 'qcore -n 32'

 --------------------------------------------------------------------------------
                                command: optimize                                
 --------------------------------------------------------------------------------
 Using coordinate system:                tric
 Hessian update scheme:                  bfgs

 ------------------------------------------------------------------------------------------------------------
                   energy      change    grad rms    grad max    step rms    step max       trust    time (s)
 ------------------------------------------------------------------------------------------------------------
   1      -919.000518966                8.73e-03    1.51e-02                            2.00e-01        0.52
   2      -919.001023743   -5.05e-04    2.52e-04    4.37e-04    3.34e-02    6.69e-02    2.00e-01        0.40
   3      -919.001024120   -3.77e-07    2.02e-05    3.49e-05    9.39e-04    1.88e-03    2.00e-01        0.39
   4      -919.001024123   -2.37e-09    4.12e-08    8.53e-08    6.95e-05    1.39e-04    2.00e-01        0.40
 Geometry optimization stopped:          thresholds achieved

 Final energy:                        -919.001024123

 -----------
  Final XYZ 
 -----------
2
Final structure: -919.001 hartree
Cl          -0.988071173         -0.000000359          0.000000045
Cl           0.988071778          0.000000358         -0.000000034

 Structure in entos input format:

  structure(
    xyz = [
      ['Cl' ,         -0.988071173,         -0.000000359,          0.000000045],
      ['Cl' ,          0.988071778,          0.000000358,         -0.000000034]
    ]
  )

 --------------------------------
  Geometry optimization finished 
 --------------------------------
 Saving results in set 'opt'

 --------------------------------------------------------------------------------
                                 command: hessian                                
 --------------------------------------------------------------------------------

WARNING: numerical method is specified for dft hessian, which is not efficient. Try switching to 'method = analytic'


 -------------------------------
  Numerical Geometrical Hessian 
 -------------------------------

 Compute hessian using two-point central differentiation.
 Step size (bohr):                       0.0100

 Frequencies (including translational and rotational modes):
 mode    frequency (cm-1)
    0                0.04
    1                0.62
    2                0.68
    3                1.32
    4                1.78
    5              611.46

 Project out translational and rotational motions 

 The molecule is linear

 Degrees of freedom for translational and rotational motions: 5

 Vibrational frequencies:
 mode    frequency (cm-1)
    0              611.46

 --------------------------------------------------------------------------------

 End time:                               Fri Apr 23 14:42:15 2021
 Total wall-clock time:                  7.016 seconds
==================================================================================
