
================================================================================
          _____________ ________ _______________ ________     _________         
         / ___________// ______ \\_____   _____// ______ \   / ________)        
        / /_________  / /      \ \     | |     / /      \ \ | (_______          
       |  __________|| |        | |    | |    | |        | | \________ \        
        \ \_________ | |        | |    | |     \ \______/ /___________) |       
         \__________||_|        |_|    |_|      \________//____________/        
                                                                                
====================================[ Qcore ]===================================

 Git hash:   15a3e7daff0cda5fa9af010ccd19a80288182ecf
 Git date:   Fri, 16 Apr 2021 15:57:16 +0100
 Compiler:   GNU 9.1.0
 Build type: Release
 Version:    1.1.0

 Start time: Fri Apr 23 14:43:41 2021

 Data directory: /work/zw18965/.local/qcore/share/entos/1.1.0/data
 Number of threads: 24
 Number of threads was determined by: command line argument
  - More threads can be used by running 'qcore -n 32'

 --------------------------------------------------------------------------------
                                command: optimize                                
 --------------------------------------------------------------------------------
 Using coordinate system:                tric
 Hessian update scheme:                  bfgs

 ------------------------------------------------------------------------------------------------------------
                   energy      change    grad rms    grad max    step rms    step max       trust    time (s)
 ------------------------------------------------------------------------------------------------------------
   1       -76.057043763                1.14e-02    1.84e-02                            2.00e-01        0.25
   2       -76.057750973   -7.07e-04    1.70e-03    2.81e-03    2.51e-02    2.84e-02    2.00e-01        0.15
   3       -76.057768085   -1.71e-05    2.13e-04    3.70e-04    5.05e-03    5.14e-03    2.00e-01        0.15
   4       -76.057768292   -2.07e-07    7.74e-05    1.40e-04    2.87e-04    5.61e-04    2.00e-01        0.14
 Geometry optimization stopped:          thresholds achieved

 Final energy:                         -76.057768292

 -----------
  Final XYZ 
 -----------
3
Final structure: -76.0578 hartree
O            0.015337355          0.011351054         -0.008019741
H            0.272330559          0.878287463          0.250734454
H            0.596532989         -0.235039234         -0.705214958

 Structure in entos input format:

  structure(
    xyz = [
      ['O'  ,          0.015337355,          0.011351054,         -0.008019741],
      ['H'  ,          0.272330559,          0.878287463,          0.250734454],
      ['H'  ,          0.596532989,         -0.235039234,         -0.705214958]
    ]
  )

 --------------------------------
  Geometry optimization finished 
 --------------------------------
 Saving results in set 'opt'

 --------------------------------------------------------------------------------
                                 command: hessian                                
 --------------------------------------------------------------------------------

WARNING: numerical method is specified for dft hessian, which is not efficient. Try switching to 'method = analytic'


 -------------------------------
  Numerical Geometrical Hessian 
 -------------------------------

 Compute hessian using two-point central differentiation.
 Step size (bohr):                       0.0100

 Frequencies (including translational and rotational modes):
 mode    frequency (cm-1)
    0               62.07 i (imaginary)
    1               31.22 i (imaginary)
    2               24.21 i (imaginary)
    3                0.36 i (imaginary)
    4                0.39
    5                0.41
    6             1752.39
    7             4128.04
    8             4228.28

 Project out translational and rotational motions 

 Degrees of freedom for translational and rotational motions: 6

 Vibrational frequencies:
 mode    frequency (cm-1)
    0             1752.39
    1             4128.04
    2             4228.28

 --------------------------------------------------------------------------------

 End time:                               Fri Apr 23 14:43:44 2021
 Total wall-clock time:                  3.552 seconds
==================================================================================
