
================================================================================
          _____________ ________ _______________ ________     _________         
         / ___________// ______ \\_____   _____// ______ \   / ________)        
        / /_________  / /      \ \     | |     / /      \ \ | (_______          
       |  __________|| |        | |    | |    | |        | | \________ \        
        \ \_________ | |        | |    | |     \ \______/ /___________) |       
         \__________||_|        |_|    |_|      \________//____________/        
                                                                                
====================================[ Qcore ]===================================

 Git hash:   15a3e7daff0cda5fa9af010ccd19a80288182ecf
 Git date:   Fri, 16 Apr 2021 15:57:16 +0100
 Compiler:   GNU 9.1.0
 Build type: Release
 Version:    1.1.0

 Start time: Fri Apr 23 14:43:51 2021

 Data directory: /work/zw18965/.local/qcore/share/entos/1.1.0/data
 Number of threads: 24
 Number of threads was determined by: command line argument
  - More threads can be used by running 'qcore -n 32'

 --------------------------------------------------------------------------------
                                command: optimize                                
 --------------------------------------------------------------------------------
 Using coordinate system:                tric
 Hessian update scheme:                  bfgs

 ------------------------------------------------------------------------------------------------------------
                   energy      change    grad rms    grad max    step rms    step max       trust    time (s)
 ------------------------------------------------------------------------------------------------------------
   1      -460.107930623                1.42e-04    2.46e-04                            2.00e-01        0.35
   2      -460.107930693   -6.92e-08    5.76e-05    9.97e-05    2.00e-04    4.00e-04    2.00e-01        0.20
 Geometry optimization stopped:          thresholds achieved

 Final energy:                        -460.107930693

 -----------
  Final XYZ 
 -----------
2
Final structure: -460.108 hartree
Cl           0.632453649          0.000000001          0.000000097
H           -0.632453644          0.000000001         -0.000000096

 Structure in entos input format:

  structure(
    xyz = [
      ['Cl' ,          0.632453649,          0.000000001,          0.000000097],
      ['H'  ,         -0.632453644,          0.000000001,         -0.000000096]
    ]
  )

 --------------------------------
  Geometry optimization finished 
 --------------------------------
 Saving results in set 'opt'

 --------------------------------------------------------------------------------
                                 command: hessian                                
 --------------------------------------------------------------------------------

WARNING: numerical method is specified for dft hessian, which is not efficient. Try switching to 'method = analytic'


 -------------------------------
  Numerical Geometrical Hessian 
 -------------------------------

 Compute hessian using two-point central differentiation.
 Step size (bohr):                       0.0100

 Frequencies (including translational and rotational modes):
 mode    frequency (cm-1)
    0                0.03
    1                0.35
    2                0.48
    3               36.14
    4               36.17
    5             3141.03

 Project out translational and rotational motions 

 The molecule is linear

 Degrees of freedom for translational and rotational motions: 5

 Vibrational frequencies:
 mode    frequency (cm-1)
    0             3141.03

 --------------------------------------------------------------------------------

 End time:                               Fri Apr 23 14:43:54 2021
 Total wall-clock time:                  3.383 seconds
==================================================================================
