
================================================================================
          _____________ ________ _______________ ________     _________         
         / ___________// ______ \\_____   _____// ______ \   / ________)        
        / /_________  / /      \ \     | |     / /      \ \ | (_______          
       |  __________|| |        | |    | |    | |        | | \________ \        
        \ \_________ | |        | |    | |     \ \______/ /___________) |       
         \__________||_|        |_|    |_|      \________//____________/        
                                                                                
====================================[ Qcore ]===================================

 Git hash:   15a3e7daff0cda5fa9af010ccd19a80288182ecf
 Git date:   Fri, 16 Apr 2021 15:57:16 +0100
 Compiler:   GNU 9.1.0
 Build type: Release
 Version:    1.1.0

 Start time: Fri Apr 23 14:44:02 2021

 Data directory: /work/zw18965/.local/qcore/share/entos/1.1.0/data
 Number of threads: 24
 Number of threads was determined by: command line argument
  - More threads can be used by running 'qcore -n 32'

 --------------------------------------------------------------------------------
                                command: optimize                                
 --------------------------------------------------------------------------------
 Using coordinate system:                tric
 Hessian update scheme:                  bfgs

 ------------------------------------------------------------------------------------------------------------
                   energy      change    grad rms    grad max    step rms    step max       trust    time (s)
 ------------------------------------------------------------------------------------------------------------
   1      -129.836855647                3.26e-02    6.37e-02                            2.00e-01        0.35
   2      -129.840175567   -3.32e-03    3.15e-03    7.28e-03    5.05e-02    6.75e-02    2.00e-01        0.23
   3      -129.840235432   -5.99e-05    5.69e-04    1.01e-03    7.03e-03    1.21e-02    2.00e-01        0.23
   4      -129.840237225   -1.79e-06    2.71e-05    6.43e-05    1.48e-03    2.38e-03    2.00e-01        0.22
   5      -129.840237233   -8.24e-09    1.11e-05    2.35e-05    1.09e-04    1.24e-04    2.00e-01        0.22
 Geometry optimization stopped:          thresholds achieved

 Final energy:                        -129.840237233

 -----------
  Final XYZ 
 -----------
3
Final structure: -129.84 hartree
N           -0.067322724          0.420249339          0.000000097
O            0.929840431         -0.184710783         -0.000000201
H           -0.862504770         -0.235533389          0.000000124

 Structure in entos input format:

  structure(
    xyz = [
      ['N'  ,         -0.067322724,          0.420249339,          0.000000097],
      ['O'  ,          0.929840431,         -0.184710783,         -0.000000201],
      ['H'  ,         -0.862504770,         -0.235533389,          0.000000124]
    ]
  )

 --------------------------------
  Geometry optimization finished 
 --------------------------------
 Saving results in set 'opt'

 --------------------------------------------------------------------------------
                                 command: hessian                                
 --------------------------------------------------------------------------------

WARNING: numerical method is specified for dft hessian, which is not efficient. Try switching to 'method = analytic'


 -------------------------------
  Numerical Geometrical Hessian 
 -------------------------------

 Compute hessian using two-point central differentiation.
 Step size (bohr):                       0.0100

 Frequencies (including translational and rotational modes):
 mode    frequency (cm-1)
    0               17.57 i (imaginary)
    1                1.16 i (imaginary)
    2                0.28 i (imaginary)
    3                0.26
    4                7.45
    5               20.72
    6             1712.14
    7             1943.21
    8             3300.38

 Project out translational and rotational motions 

 Degrees of freedom for translational and rotational motions: 6

 Vibrational frequencies:
 mode    frequency (cm-1)
    0             1712.14
    1             1943.21
    2             3300.38

 --------------------------------------------------------------------------------

 End time:                               Fri Apr 23 14:44:08 2021
 Total wall-clock time:                  5.733 seconds
==================================================================================
