
================================================================================
          _____________ ________ _______________ ________     _________         
         / ___________// ______ \\_____   _____// ______ \   / ________)        
        / /_________  / /      \ \     | |     / /      \ \ | (_______          
       |  __________|| |        | |    | |    | |        | | \________ \        
        \ \_________ | |        | |    | |     \ \______/ /___________) |       
         \__________||_|        |_|    |_|      \________//____________/        
                                                                                
====================================[ Qcore ]===================================

 Git hash:   15a3e7daff0cda5fa9af010ccd19a80288182ecf
 Git date:   Fri, 16 Apr 2021 15:57:16 +0100
 Compiler:   GNU 9.1.0
 Build type: Release
 Version:    1.1.0

 Start time: Fri Apr 23 14:44:51 2021

 Data directory: /work/zw18965/.local/qcore/share/entos/1.1.0/data
 Number of threads: 24
 Number of threads was determined by: command line argument
  - More threads can be used by running 'qcore -n 32'

 --------------------------------------------------------------------------------
                                command: optimize                                
 --------------------------------------------------------------------------------
 Using coordinate system:                tric
 Hessian update scheme:                  bfgs

 ------------------------------------------------------------------------------------------------------------
                   energy      change    grad rms    grad max    step rms    step max       trust    time (s)
 ------------------------------------------------------------------------------------------------------------
   1      -342.489242575                4.46e-03    8.66e-03                            2.00e-01        0.53
   2      -342.489892836   -6.50e-04    3.56e-03    1.02e-02    1.32e-01    1.08e-01    2.00e-01        0.39
   3      -342.490449746   -5.57e-04    5.40e-04    1.19e-03    5.38e-02    4.65e-02    2.00e-01        0.37
   4      -342.490453641   -3.90e-06    1.78e-04    4.11e-04    1.96e-03    2.35e-03    2.00e-01        0.38
   5      -342.490454087   -4.45e-07    1.18e-06    3.35e-06    7.98e-04    1.12e-03    2.00e-01        0.39
 Geometry optimization stopped:          thresholds achieved

 Final energy:                        -342.490454087

 -----------
  Final XYZ 
 -----------
4
Final structure: -342.49 hartree
P           -0.004972039         -0.001185969          0.547675647
H           -0.663202305         -0.999511840         -0.190757801
H           -0.531834032          1.076173344         -0.185071928
H            1.200009051         -0.075478028         -0.171843062

 Structure in entos input format:

  structure(
    xyz = [
      ['P'  ,         -0.004972039,         -0.001185969,          0.547675647],
      ['H'  ,         -0.663202305,         -0.999511840,         -0.190757801],
      ['H'  ,         -0.531834032,          1.076173344,         -0.185071928],
      ['H'  ,          1.200009051,         -0.075478028,         -0.171843062]
    ]
  )

 --------------------------------
  Geometry optimization finished 
 --------------------------------
 Saving results in set 'opt'

 --------------------------------------------------------------------------------
                                 command: hessian                                
 --------------------------------------------------------------------------------

WARNING: numerical method is specified for dft hessian, which is not efficient. Try switching to 'method = analytic'


 -------------------------------
  Numerical Geometrical Hessian 
 -------------------------------

 Compute hessian using two-point central differentiation.
 Step size (bohr):                       0.0100

 Frequencies (including translational and rotational modes):
 mode    frequency (cm-1)
    0               15.55 i (imaginary)
    1               13.93 i (imaginary)
    2                5.59 i (imaginary)
    3                0.48 i (imaginary)
    4                0.05 i (imaginary)
    5                0.95
    6             1104.52
    7             1235.71
    8             1235.78
    9             2528.85
   10             2528.90
   11             2531.14

 Project out translational and rotational motions 

 Degrees of freedom for translational and rotational motions: 6

 Vibrational frequencies:
 mode    frequency (cm-1)
    0             1104.52
    1             1235.71
    2             1235.78
    3             2528.85
    4             2528.90
    5             2531.14

 --------------------------------------------------------------------------------

 End time:                               Fri Apr 23 14:45:03 2021
 Total wall-clock time:                 11.865 seconds
==================================================================================
