
================================================================================
          _____________ ________ _______________ ________     _________         
         / ___________// ______ \\_____   _____// ______ \   / ________)        
        / /_________  / /      \ \     | |     / /      \ \ | (_______          
       |  __________|| |        | |    | |    | |        | | \________ \        
        \ \_________ | |        | |    | |     \ \______/ /___________) |       
         \__________||_|        |_|    |_|      \________//____________/        
                                                                                
====================================[ Qcore ]===================================

 Git hash:   15a3e7daff0cda5fa9af010ccd19a80288182ecf
 Git date:   Fri, 16 Apr 2021 15:57:16 +0100
 Compiler:   GNU 9.1.0
 Build type: Release
 Version:    1.1.0

 Start time: Fri Apr 23 14:45:08 2021

 Data directory: /work/zw18965/.local/qcore/share/entos/1.1.0/data
 Number of threads: 24
 Number of threads was determined by: command line argument
  - More threads can be used by running 'qcore -n 32'

 --------------------------------------------------------------------------------
                                command: optimize                                
 --------------------------------------------------------------------------------
 Using coordinate system:                tric
 Hessian update scheme:                  bfgs

 ------------------------------------------------------------------------------------------------------------
                   energy      change    grad rms    grad max    step rms    step max       trust    time (s)
 ------------------------------------------------------------------------------------------------------------
   1      -547.301355821                3.86e-02    6.48e-02                            2.00e-01        0.71
   2      -547.306100707   -4.74e-03    1.84e-02    3.18e-02    3.65e-02    4.69e-02    2.00e-01        0.59
   3      -547.307243628   -1.14e-03    2.70e-03    5.03e-03    3.12e-02    4.14e-02    2.00e-01        0.58
   4      -547.307275250   -3.16e-05    6.05e-04    1.48e-03    5.02e-03    5.69e-03    2.00e-01        0.59
   5      -547.307277066   -1.82e-06    3.91e-04    9.54e-04    8.36e-04    1.17e-03    2.00e-01        0.58
   6      -547.307278527   -1.46e-06    1.61e-06    3.16e-06    1.74e-03    2.40e-03    2.00e-01        0.57
Rejecting step due to low quality: Quality: -3.58858 New trust radius: 2.41956e-06
   7      -547.307278527    5.39e-11    1.61e-06    3.16e-06    4.84e-06    4.43e-06    2.42e-06        0.57
 Geometry optimization stopped:          thresholds achieved

 Final energy:                        -547.307278527

 -----------
  Final XYZ 
 -----------
3
Final structure: -547.307 hartree
S           -0.001120302          0.471499259          0.000001384
O            1.202031376         -0.232901656          0.000000608
O           -1.200933015         -0.238574120          0.000003218

 Structure in entos input format:

  structure(
    xyz = [
      ['S'  ,         -0.001120302,          0.471499259,          0.000001384],
      ['O'  ,          1.202031376,         -0.232901656,          0.000000608],
      ['O'  ,         -1.200933015,         -0.238574120,          0.000003218]
    ]
  )

 --------------------------------
  Geometry optimization finished 
 --------------------------------
 Saving results in set 'opt'

 --------------------------------------------------------------------------------
                                 command: hessian                                
 --------------------------------------------------------------------------------

WARNING: numerical method is specified for dft hessian, which is not efficient. Try switching to 'method = analytic'


 -------------------------------
  Numerical Geometrical Hessian 
 -------------------------------

 Compute hessian using two-point central differentiation.
 Step size (bohr):                       0.0100

 Frequencies (including translational and rotational modes):
 mode    frequency (cm-1)
    0                9.34 i (imaginary)
    1                0.65 i (imaginary)
    2                0.19
    3                1.16
    4                4.45
    5                7.13
    6              611.83
    7             1391.74
    8             1600.71

 Project out translational and rotational motions 

 Degrees of freedom for translational and rotational motions: 6

 Vibrational frequencies:
 mode    frequency (cm-1)
    0              611.83
    1             1391.74
    2             1600.71

 --------------------------------------------------------------------------------

 End time:                               Fri Apr 23 14:45:24 2021
 Total wall-clock time:                 15.633 seconds
==================================================================================
