
================================================================================
          _____________ ________ _______________ ________     _________         
         / ___________// ______ \\_____   _____// ______ \   / ________)        
        / /_________  / /      \ \     | |     / /      \ \ | (_______          
       |  __________|| |        | |    | |    | |        | | \________ \        
        \ \_________ | |        | |    | |     \ \______/ /___________) |       
         \__________||_|        |_|    |_|      \________//____________/        
                                                                                
====================================[ Qcore ]===================================

 Git hash:   15a3e7daff0cda5fa9af010ccd19a80288182ecf
 Git date:   Fri, 16 Apr 2021 15:57:16 +0100
 Compiler:   GNU 9.1.0
 Build type: Release
 Version:    1.1.0

 Start time: Fri Apr 23 14:46:01 2021

 Data directory: /work/zw18965/.local/qcore/share/entos/1.1.0/data
 Number of threads: 24
 Number of threads was determined by: command line argument
  - More threads can be used by running 'qcore -n 32'

 --------------------------------------------------------------------------------
                                command: optimize                                
 --------------------------------------------------------------------------------
 Using coordinate system:                tric
 Hessian update scheme:                  bfgs

 ------------------------------------------------------------------------------------------------------------
                   energy      change    grad rms    grad max    step rms    step max       trust    time (s)
 ------------------------------------------------------------------------------------------------------------
   1      -472.407364997                3.06e-02    5.31e-02                            2.00e-01        0.47
   2      -472.409051541   -1.69e-03    1.61e-02    2.80e-02    2.07e-02    4.13e-02    2.00e-01        0.31
   3      -472.409617954   -5.66e-04    2.40e-03    4.16e-03    2.30e-02    4.61e-02    2.00e-01        0.30
   4      -472.409629534   -1.16e-05    1.54e-04    2.66e-04    2.98e-03    5.97e-03    2.00e-01        0.31
   5      -472.409629582   -4.83e-08    1.34e-06    2.35e-06    1.79e-04    3.59e-04    2.00e-01        0.30
 Geometry optimization stopped:          thresholds achieved

 Final energy:                        -472.409629582

 -----------
  Final XYZ 
 -----------
2
Final structure: -472.41 hartree
S            0.000000649         -0.000000241          0.021649483
O           -0.000000644          0.000000233          1.464564830

 Structure in entos input format:

  structure(
    xyz = [
      ['S'  ,          0.000000649,         -0.000000241,          0.021649483],
      ['O'  ,         -0.000000644,          0.000000233,          1.464564830]
    ]
  )

 --------------------------------
  Geometry optimization finished 
 --------------------------------
 Saving results in set 'opt'

 --------------------------------------------------------------------------------
                                 command: hessian                                
 --------------------------------------------------------------------------------

WARNING: numerical method is specified for dft hessian, which is not efficient. Try switching to 'method = analytic'


 -------------------------------
  Numerical Geometrical Hessian 
 -------------------------------

 Compute hessian using two-point central differentiation.
 Step size (bohr):                       0.0100

 Frequencies (including translational and rotational modes):
 mode    frequency (cm-1)
    0                0.63 i (imaginary)
    1                0.46 i (imaginary)
    2                0.23
    3                5.18
    4                5.20
    5             1349.74

 Project out translational and rotational motions 

 The molecule is linear

 Degrees of freedom for translational and rotational motions: 5

 Vibrational frequencies:
 mode    frequency (cm-1)
    0             1349.74

 --------------------------------------------------------------------------------

 End time:                               Fri Apr 23 14:46:07 2021
 Total wall-clock time:                  5.990 seconds
==================================================================================
