
================================================================================
          _____________ ________ _______________ ________     _________         
         / ___________// ______ \\_____   _____// ______ \   / ________)        
        / /_________  / /      \ \     | |     / /      \ \ | (_______          
       |  __________|| |        | |    | |    | |        | | \________ \        
        \ \_________ | |        | |    | |     \ \______/ /___________) |       
         \__________||_|        |_|    |_|      \________//____________/        
                                                                                
====================================[ Qcore ]===================================

 Git hash:   15a3e7daff0cda5fa9af010ccd19a80288182ecf
 Git date:   Fri, 16 Apr 2021 15:57:16 +0100
 Compiler:   GNU 9.1.0
 Build type: Release
 Version:    1.1.0

 Start time: Tue Apr 27 13:55:51 2021

 Data directory: /work/zw18965/.local/qcore/share/entos/1.1.0/data
 Number of threads: 24
 Number of threads was determined by: command line argument
  - More threads can be used by running 'qcore -n 32'

 --------------------------------------------------------------------------------
                                command: optimize                                
 --------------------------------------------------------------------------------
 Using coordinate system:                tric
 Hessian update scheme:                  bfgs

 ------------------------------------------------------------------------------------------------------------
                   energy      change    grad rms    grad max    step rms    step max       trust    time (s)
 ------------------------------------------------------------------------------------------------------------
   1      -437.249000816                5.82e-03    1.21e-02                            2.00e-01        0.57
   2      -437.249573820   -5.73e-04    2.11e-03    4.24e-03    2.43e-02    2.60e-02    2.00e-01        0.29
   3      -437.249648816   -7.50e-05    8.76e-04    2.55e-03    1.18e-02    1.42e-02    2.00e-01        0.30
   4      -437.249653740   -4.92e-06    4.57e-04    1.31e-03    2.15e-03    4.07e-03    2.00e-01        0.28
   5      -437.249655372   -1.63e-06    6.27e-05    1.21e-04    1.34e-03    2.80e-03    2.00e-01        0.29
   6      -437.249655420   -4.82e-08    1.00e-05    2.47e-05    2.10e-04    3.47e-04    2.00e-01        0.25
 Geometry optimization stopped:          thresholds achieved

 Final energy:                        -437.249655420

 -----------
  Final XYZ 
 -----------
4
Final structure: -437.25 hartree
C           -0.111686718          0.008911841          0.001169310
S            1.505003934         -0.120538799         -0.015420594
H           -0.669470025          0.278442652          0.917491954
H           -0.723851327         -0.166877989         -0.903161267

 Structure in entos input format:

  structure(
    xyz = [
      ['C'  ,         -0.111686718,          0.008911841,          0.001169310],
      ['S'  ,          1.505003934,         -0.120538799,         -0.015420594],
      ['H'  ,         -0.669470025,          0.278442652,          0.917491954],
      ['H'  ,         -0.723851327,         -0.166877989,         -0.903161267]
    ]
  )

 --------------------------------
  Geometry optimization finished 
 --------------------------------
 Saving results in set 'opt'

 --------------------------------------------------------------------------------
                                 command: hessian                                
 --------------------------------------------------------------------------------

WARNING: semianalytic method is specified for dft hessian, which is not efficient. Try switching to 'method = analytic'


 -------------------------------
  Numerical Geometrical Hessian 
 -------------------------------

 Compute hessian using two-point central differentiation.
 Step size (bohr):                       0.0100

 Frequencies (including translational and rotational modes):
 mode    frequency (cm-1)
    0               16.86 i (imaginary)
    1                0.16 i (imaginary)
    2                0.13 i (imaginary)
    3                0.08
    4                7.20
    5               13.83
    6              967.98
    7              992.94
    8             1070.36
    9             1427.63
   10             2981.96
   11             3071.93

 Project out translational and rotational motions 

 Degrees of freedom for translational and rotational motions: 6

 Vibrational frequencies:
 mode    frequency (cm-1)
    0              967.98
    1              992.94
    2             1070.36
    3             1427.63
    4             2981.96
    5             3071.93

 --------------------------------------------------------------------------------

 End time:                               Tue Apr 27 13:56:00 2021
 Total wall-clock time:                  9.497 seconds
==================================================================================
