
================================================================================
          _____________ ________ _______________ ________     _________         
         / ___________// ______ \\_____   _____// ______ \   / ________)        
        / /_________  / /      \ \     | |     / /      \ \ | (_______          
       |  __________|| |        | |    | |    | |        | | \________ \        
        \ \_________ | |        | |    | |     \ \______/ /___________) |       
         \__________||_|        |_|    |_|      \________//____________/        
                                                                                
====================================[ Qcore ]===================================

 Git hash:   15a3e7daff0cda5fa9af010ccd19a80288182ecf
 Git date:   Fri, 16 Apr 2021 15:57:16 +0100
 Compiler:   GNU 9.1.0
 Build type: Release
 Version:    1.1.0

 Start time: Tue Apr 27 13:56:01 2021

 Data directory: /work/zw18965/.local/qcore/share/entos/1.1.0/data
 Number of threads: 24
 Number of threads was determined by: command line argument
  - More threads can be used by running 'qcore -n 32'

 --------------------------------------------------------------------------------
                                command: optimize                                
 --------------------------------------------------------------------------------
 Using coordinate system:                tric
 Hessian update scheme:                  bfgs

 ------------------------------------------------------------------------------------------------------------
                   energy      change    grad rms    grad max    step rms    step max       trust    time (s)
 ------------------------------------------------------------------------------------------------------------
   1       -76.359203253                9.78e-03    1.62e-02                            2.00e-01        0.29
   2       -76.359638419   -4.35e-04    3.80e-03    6.80e-03    1.25e-02    1.91e-02    2.00e-01        0.14
   3       -76.359763874   -1.25e-04    7.19e-04    1.23e-03    1.26e-02    2.54e-02    2.00e-01        0.13
   4       -76.359776791   -1.29e-05    4.16e-04    7.11e-04    5.59e-03    1.00e-02    2.00e-01        0.13
   5       -76.359778833   -2.04e-06    1.07e-04    1.61e-04    2.46e-03    3.57e-03    2.00e-01        0.13
   6       -76.359778894   -6.10e-08    1.10e-05    1.98e-05    2.30e-04    3.21e-04    2.00e-01        0.13
 Geometry optimization stopped:          thresholds achieved

 Final energy:                         -76.359778894

 -----------
  Final XYZ 
 -----------
3
Final structure: -76.3598 hartree
O           -0.001756849         -0.001592269          0.000829825
H            0.277337360          0.895219791          0.255679648
H            0.608619485         -0.239027523         -0.719009472

 Structure in entos input format:

  structure(
    xyz = [
      ['O'  ,         -0.001756849,         -0.001592269,          0.000829825],
      ['H'  ,          0.277337360,          0.895219791,          0.255679648],
      ['H'  ,          0.608619485,         -0.239027523,         -0.719009472]
    ]
  )

 --------------------------------
  Geometry optimization finished 
 --------------------------------
 Saving results in set 'opt'

 --------------------------------------------------------------------------------
                                 command: hessian                                
 --------------------------------------------------------------------------------

WARNING: semianalytic method is specified for dft hessian, which is not efficient. Try switching to 'method = analytic'


 -------------------------------
  Numerical Geometrical Hessian 
 -------------------------------

 Compute hessian using two-point central differentiation.
 Step size (bohr):                       0.0100

 Frequencies (including translational and rotational modes):
 mode    frequency (cm-1)
    0               37.19 i (imaginary)
    1               22.75 i (imaginary)
    2               15.15 i (imaginary)
    3                0.01
    4                0.13
    5                0.34
    6             1585.15
    7             3689.29
    8             3802.28

 Project out translational and rotational motions 

 Degrees of freedom for translational and rotational motions: 6

 Vibrational frequencies:
 mode    frequency (cm-1)
    0             1585.15
    1             3689.29
    2             3802.28

 --------------------------------------------------------------------------------

 End time:                               Tue Apr 27 13:56:04 2021
 Total wall-clock time:                  3.658 seconds
==================================================================================
