
================================================================================
          _____________ ________ _______________ ________     _________         
         / ___________// ______ \\_____   _____// ______ \   / ________)        
        / /_________  / /      \ \     | |     / /      \ \ | (_______          
       |  __________|| |        | |    | |    | |        | | \________ \        
        \ \_________ | |        | |    | |     \ \______/ /___________) |       
         \__________||_|        |_|    |_|      \________//____________/        
                                                                                
====================================[ Qcore ]===================================

 Git hash:   15a3e7daff0cda5fa9af010ccd19a80288182ecf
 Git date:   Fri, 16 Apr 2021 15:57:16 +0100
 Compiler:   GNU 9.1.0
 Build type: Release
 Version:    1.1.0

 Start time: Tue Apr 27 13:56:12 2021

 Data directory: /work/zw18965/.local/qcore/share/entos/1.1.0/data
 Number of threads: 24
 Number of threads was determined by: command line argument
  - More threads can be used by running 'qcore -n 32'

 --------------------------------------------------------------------------------
                                command: optimize                                
 --------------------------------------------------------------------------------
 Using coordinate system:                tric
 Hessian update scheme:                  bfgs

 ------------------------------------------------------------------------------------------------------------
                   energy      change    grad rms    grad max    step rms    step max       trust    time (s)
 ------------------------------------------------------------------------------------------------------------
   1       -93.321729167                2.54e-02    5.91e-02                            2.00e-01        0.42
   2       -93.323260101   -1.53e-03    2.45e-03    5.51e-03    2.88e-02    4.69e-02    2.00e-01        0.17
   3       -93.323287715   -2.76e-05    7.01e-04    1.67e-03    4.35e-03    9.24e-03    2.00e-01        0.16
   4       -93.323289615   -1.90e-06    2.42e-05    5.85e-05    1.34e-03    3.00e-03    2.00e-01        0.15
Rejecting step due to low quality: Quality: -7.3217 New trust radius: 1.1471e-05
   5       -93.323289607    8.30e-09    2.42e-05    5.85e-05    2.29e-05    5.55e-05    1.15e-05        0.15
 Geometry optimization stopped:          thresholds achieved

 Final energy:                         -93.323289607

 -----------
  Final XYZ 
 -----------
3
Final structure: -93.3233 hartree
C           -0.028694903         -0.000008517         -0.000000003
N            1.139916389         -0.000603575          0.000000003
H           -1.111221486          0.000612097         -0.000000001

 Structure in entos input format:

  structure(
    xyz = [
      ['C'  ,         -0.028694903,         -0.000008517,         -0.000000003],
      ['N'  ,          1.139916389,         -0.000603575,          0.000000003],
      ['H'  ,         -1.111221486,          0.000612097,         -0.000000001]
    ]
  )

 --------------------------------
  Geometry optimization finished 
 --------------------------------
 Saving results in set 'opt'

 --------------------------------------------------------------------------------
                                 command: hessian                                
 --------------------------------------------------------------------------------

WARNING: semianalytic method is specified for dft hessian, which is not efficient. Try switching to 'method = analytic'


 -------------------------------
  Numerical Geometrical Hessian 
 -------------------------------

 Compute hessian using two-point central differentiation.
 Step size (bohr):                       0.0100

 Frequencies (including translational and rotational modes):
 mode    frequency (cm-1)
    0                0.03 i (imaginary)
    1                0.02 i (imaginary)
    2                0.01 i (imaginary)
    3               10.93
    4               10.93
    5              695.18
    6              695.18
    7             2108.39
    8             3372.63

 Project out translational and rotational motions 

 Degrees of freedom for translational and rotational motions: 6

 Vibrational frequencies:
 mode    frequency (cm-1)
    0              695.18
    1             2108.39
    2             3372.63

 --------------------------------------------------------------------------------

 End time:                               Tue Apr 27 13:56:17 2021
 Total wall-clock time:                  4.379 seconds
==================================================================================
