
================================================================================
          _____________ ________ _______________ ________     _________         
         / ___________// ______ \\_____   _____// ______ \   / ________)        
        / /_________  / /      \ \     | |     / /      \ \ | (_______          
       |  __________|| |        | |    | |    | |        | | \________ \        
        \ \_________ | |        | |    | |     \ \______/ /___________) |       
         \__________||_|        |_|    |_|      \________//____________/        
                                                                                
====================================[ Qcore ]===================================

 Git hash:   15a3e7daff0cda5fa9af010ccd19a80288182ecf
 Git date:   Fri, 16 Apr 2021 15:57:16 +0100
 Compiler:   GNU 9.1.0
 Build type: Release
 Version:    1.1.0

 Start time: Tue Apr 27 13:56:17 2021

 Data directory: /work/zw18965/.local/qcore/share/entos/1.1.0/data
 Number of threads: 24
 Number of threads was determined by: command line argument
  - More threads can be used by running 'qcore -n 32'

 --------------------------------------------------------------------------------
                                command: optimize                                
 --------------------------------------------------------------------------------
 Using coordinate system:                tric
 Hessian update scheme:                  bfgs

 ------------------------------------------------------------------------------------------------------------
                   energy      change    grad rms    grad max    step rms    step max       trust    time (s)
 ------------------------------------------------------------------------------------------------------------
   1      -100.362782010                4.48e-03    7.76e-03                            2.00e-01        0.25
   2      -100.362829988   -4.80e-05    1.18e-03    2.04e-03    4.91e-03    9.83e-03    2.00e-01        0.10
   3      -100.362833656   -3.67e-06    3.06e-05    5.29e-05    1.76e-03    3.51e-03    2.00e-01        0.10
   4      -100.362833660   -3.92e-09    2.04e-07    3.54e-07    4.67e-05    9.34e-05    2.00e-01        0.09
 Geometry optimization stopped:          thresholds achieved

 Final energy:                        -100.362833660

 -----------
  Final XYZ 
 -----------
2
Final structure: -100.363 hartree
F            0.467018079          0.000000004          0.000000004
H           -0.467018079         -0.000000004         -0.000000004

 Structure in entos input format:

  structure(
    xyz = [
      ['F'  ,          0.467018079,          0.000000004,          0.000000004],
      ['H'  ,         -0.467018079,         -0.000000004,         -0.000000004]
    ]
  )

 --------------------------------
  Geometry optimization finished 
 --------------------------------
 Saving results in set 'opt'

 --------------------------------------------------------------------------------
                                 command: hessian                                
 --------------------------------------------------------------------------------

WARNING: semianalytic method is specified for dft hessian, which is not efficient. Try switching to 'method = analytic'


 -------------------------------
  Numerical Geometrical Hessian 
 -------------------------------

 Compute hessian using two-point central differentiation.
 Step size (bohr):                       0.0100

 Frequencies (including translational and rotational modes):
 mode    frequency (cm-1)
    0                0.00 i (imaginary)
    1                0.00 i (imaginary)
    2                0.01
    3               21.99
    4               21.99
    5             3940.99

 Project out translational and rotational motions 

 The molecule is linear

 Degrees of freedom for translational and rotational motions: 5

 Vibrational frequencies:
 mode    frequency (cm-1)
    0             3940.99

 --------------------------------------------------------------------------------

 End time:                               Tue Apr 27 13:56:19 2021
 Total wall-clock time:                  1.903 seconds
==================================================================================
