
================================================================================
          _____________ ________ _______________ ________     _________         
         / ___________// ______ \\_____   _____// ______ \   / ________)        
        / /_________  / /      \ \     | |     / /      \ \ | (_______          
       |  __________|| |        | |    | |    | |        | | \________ \        
        \ \_________ | |        | |    | |     \ \______/ /___________) |       
         \__________||_|        |_|    |_|      \________//____________/        
                                                                                
====================================[ Qcore ]===================================

 Git hash:   15a3e7daff0cda5fa9af010ccd19a80288182ecf
 Git date:   Fri, 16 Apr 2021 15:57:16 +0100
 Compiler:   GNU 9.1.0
 Build type: Release
 Version:    1.1.0

 Start time: Tue Apr 27 13:56:19 2021

 Data directory: /work/zw18965/.local/qcore/share/entos/1.1.0/data
 Number of threads: 24
 Number of threads was determined by: command line argument
  - More threads can be used by running 'qcore -n 32'

 --------------------------------------------------------------------------------
                                command: optimize                                
 --------------------------------------------------------------------------------
 Using coordinate system:                tric
 Hessian update scheme:                  bfgs

 ------------------------------------------------------------------------------------------------------------
                   energy      change    grad rms    grad max    step rms    step max       trust    time (s)
 ------------------------------------------------------------------------------------------------------------
   1      -130.365032429                1.09e-02    2.21e-02                            2.00e-01        0.41
   2      -130.365525772   -4.93e-04    3.31e-03    7.31e-03    1.42e-02    2.68e-02    2.00e-01        0.18
   3      -130.365593619   -6.78e-05    5.12e-04    1.13e-03    7.61e-03    1.52e-02    2.00e-01        0.17
   4      -130.365595002   -1.38e-06    2.61e-04    5.75e-04    9.24e-04    2.26e-03    2.00e-01        0.17
   5      -130.365595367   -3.64e-07    6.24e-05    1.14e-04    6.22e-04    1.20e-03    2.00e-01        0.15
 Geometry optimization stopped:          thresholds achieved

 Final energy:                        -130.365595367

 -----------
  Final XYZ 
 -----------
3
Final structure: -130.366 hartree
N           -0.066062026          0.444455735         -0.000000021
O            0.966894209         -0.194490309          0.000000060
H           -0.900832177         -0.249965427         -0.000000039

 Structure in entos input format:

  structure(
    xyz = [
      ['N'  ,         -0.066062026,          0.444455735,         -0.000000021],
      ['O'  ,          0.966894209,         -0.194490309,          0.000000060],
      ['H'  ,         -0.900832177,         -0.249965427,         -0.000000039]
    ]
  )

 --------------------------------
  Geometry optimization finished 
 --------------------------------
 Saving results in set 'opt'

 --------------------------------------------------------------------------------
                                 command: hessian                                
 --------------------------------------------------------------------------------

WARNING: semianalytic method is specified for dft hessian, which is not efficient. Try switching to 'method = analytic'


 -------------------------------
  Numerical Geometrical Hessian 
 -------------------------------

 Compute hessian using two-point central differentiation.
 Step size (bohr):                       0.0100

 Frequencies (including translational and rotational modes):
 mode    frequency (cm-1)
    0                7.56 i (imaginary)
    1                0.53 i (imaginary)
    2                0.01 i (imaginary)
    3                0.34
    4                9.29
    5               30.15
    6             1493.97
    7             1608.36
    8             2657.55

 Project out translational and rotational motions 

 Degrees of freedom for translational and rotational motions: 6

 Vibrational frequencies:
 mode    frequency (cm-1)
    0             1493.97
    1             1608.36
    2             2657.55

 --------------------------------------------------------------------------------

 End time:                               Tue Apr 27 13:56:23 2021
 Total wall-clock time:                  4.485 seconds
==================================================================================
