
================================================================================
          _____________ ________ _______________ ________     _________         
         / ___________// ______ \\_____   _____// ______ \   / ________)        
        / /_________  / /      \ \     | |     / /      \ \ | (_______          
       |  __________|| |        | |    | |    | |        | | \________ \        
        \ \_________ | |        | |    | |     \ \______/ /___________) |       
         \__________||_|        |_|    |_|      \________//____________/        
                                                                                
====================================[ Qcore ]===================================

 Git hash:   15a3e7daff0cda5fa9af010ccd19a80288182ecf
 Git date:   Fri, 16 Apr 2021 15:57:16 +0100
 Compiler:   GNU 9.1.0
 Build type: Release
 Version:    1.1.0

 Start time: Tue Apr 27 13:56:31 2021

 Data directory: /work/zw18965/.local/qcore/share/entos/1.1.0/data
 Number of threads: 24
 Number of threads was determined by: command line argument
  - More threads can be used by running 'qcore -n 32'

 --------------------------------------------------------------------------------
                                command: optimize                                
 --------------------------------------------------------------------------------
 Using coordinate system:                tric
 Hessian update scheme:                  bfgs

 ------------------------------------------------------------------------------------------------------------
                   energy      change    grad rms    grad max    step rms    step max       trust    time (s)
 ------------------------------------------------------------------------------------------------------------
   1      -109.423785643                2.88e-02    5.00e-02                            2.00e-01        0.23
   2      -109.424559032   -7.73e-04    3.49e-03    6.04e-03    1.81e-02    3.63e-02    2.00e-01        0.13
   3      -109.424571625   -1.26e-05    2.14e-04    3.71e-04    1.96e-03    3.92e-03    2.00e-01        0.12
   4      -109.424571674   -4.85e-08    1.78e-06    3.09e-06    1.28e-04    2.56e-04    2.00e-01        0.11
 Geometry optimization stopped:          thresholds achieved

 Final energy:                        -109.424571674

 -----------
  Final XYZ 
 -----------
2
Final structure: -109.425 hartree
N            0.557769023          0.000000203          0.000000048
N           -0.557769023         -0.000000203         -0.000000048

 Structure in entos input format:

  structure(
    xyz = [
      ['N'  ,          0.557769023,          0.000000203,          0.000000048],
      ['N'  ,         -0.557769023,         -0.000000203,         -0.000000048]
    ]
  )

 --------------------------------
  Geometry optimization finished 
 --------------------------------
 Saving results in set 'opt'

 --------------------------------------------------------------------------------
                                 command: hessian                                
 --------------------------------------------------------------------------------

WARNING: semianalytic method is specified for dft hessian, which is not efficient. Try switching to 'method = analytic'


 -------------------------------
  Numerical Geometrical Hessian 
 -------------------------------

 Compute hessian using two-point central differentiation.
 Step size (bohr):                       0.0100

 Frequencies (including translational and rotational modes):
 mode    frequency (cm-1)
    0                0.20 i (imaginary)
    1                0.00 i (imaginary)
    2                0.00 i (imaginary)
    3                3.44
    4                3.45
    5             2347.99

 Project out translational and rotational motions 

 The molecule is linear

 Degrees of freedom for translational and rotational motions: 5

 Vibrational frequencies:
 mode    frequency (cm-1)
    0             2347.99

 --------------------------------------------------------------------------------

 End time:                               Tue Apr 27 13:56:33 2021
 Total wall-clock time:                  2.248 seconds
==================================================================================
