
================================================================================
          _____________ ________ _______________ ________     _________         
         / ___________// ______ \\_____   _____// ______ \   / ________)        
        / /_________  / /      \ \     | |     / /      \ \ | (_______          
       |  __________|| |        | |    | |    | |        | | \________ \        
        \ \_________ | |        | |    | |     \ \______/ /___________) |       
         \__________||_|        |_|    |_|      \________//____________/        
                                                                                
====================================[ Qcore ]===================================

 Git hash:   15a3e7daff0cda5fa9af010ccd19a80288182ecf
 Git date:   Fri, 16 Apr 2021 15:57:16 +0100
 Compiler:   GNU 9.1.0
 Build type: Release
 Version:    1.1.0

 Start time: Fri Apr 23 09:58:45 2021

 Data directory: /work/zw18965/.local/qcore/share/entos/1.1.0/data
 Number of threads: 24
 Number of threads was determined by: command line argument
  - More threads can be used by running 'qcore -n 32'

 --------------------------------------------------------------------------------
                                command: optimize                                
 --------------------------------------------------------------------------------
 Using coordinate system:                tric
 Hessian update scheme:                  bfgs

 ------------------------------------------------------------------------------------------------------------
                   energy      change    grad rms    grad max    step rms    step max       trust    time (s)
 ------------------------------------------------------------------------------------------------------------
   1      -920.316766579                2.07e-04    3.59e-04                            2.00e-01        0.70
   2      -920.316766904   -3.25e-07    2.92e-05    5.06e-05    7.93e-04    1.59e-03    2.00e-01        0.46
   3      -920.316766900    4.27e-09    2.10e-07    3.63e-07    1.30e-04    2.61e-04    6.52e-05        0.43
 Geometry optimization stopped:          thresholds achieved

 Final energy:                        -920.316766900

 -----------
  Final XYZ 
 -----------
2
Final structure: -920.317 hartree
Cl          -1.004813345         -0.000000035          0.000000205
Cl           1.004813345          0.000000035         -0.000000205

 Structure in entos input format:

  structure(
    xyz = [
      ['Cl' ,         -1.004813345,         -0.000000035,          0.000000205],
      ['Cl' ,          1.004813345,          0.000000035,         -0.000000205]
    ]
  )

 --------------------------------
  Geometry optimization finished 
 --------------------------------
 Saving results in set 'opt'

 --------------------------------------------------------------------------------
                                 command: hessian                                
 --------------------------------------------------------------------------------

WARNING: semianalytic method is specified for dft hessian, which is not efficient. Try switching to 'method = analytic'


 -------------------------------
  Numerical Geometrical Hessian 
 -------------------------------

 Compute hessian using two-point central differentiation.
 Step size (bohr):                       0.0100

 Frequencies (including translational and rotational modes):
 mode    frequency (cm-1)
    0               11.33 i (imaginary)
    1               11.28 i (imaginary)
    2                0.01
    3                0.03
    4                0.03
    5              538.79

 Project out translational and rotational motions 

 The molecule is linear

 Degrees of freedom for translational and rotational motions: 5

 Vibrational frequencies:
 mode    frequency (cm-1)
    0              538.79

 --------------------------------------------------------------------------------

 End time:                               Fri Apr 23 09:58:52 2021
 Total wall-clock time:                  7.681 seconds
==================================================================================
