
================================================================================
          _____________ ________ _______________ ________     _________         
         / ___________// ______ \\_____   _____// ______ \   / ________)        
        / /_________  / /      \ \     | |     / /      \ \ | (_______          
       |  __________|| |        | |    | |    | |        | | \________ \        
        \ \_________ | |        | |    | |     \ \______/ /___________) |       
         \__________||_|        |_|    |_|      \________//____________/        
                                                                                
====================================[ Qcore ]===================================

 Git hash:   15a3e7daff0cda5fa9af010ccd19a80288182ecf
 Git date:   Fri, 16 Apr 2021 15:57:16 +0100
 Compiler:   GNU 9.1.0
 Build type: Release
 Version:    1.1.0

 Start time: Fri Apr 23 09:58:57 2021

 Data directory: /work/zw18965/.local/qcore/share/entos/1.1.0/data
 Number of threads: 24
 Number of threads was determined by: command line argument
  - More threads can be used by running 'qcore -n 32'

 --------------------------------------------------------------------------------
                                command: optimize                                
 --------------------------------------------------------------------------------
 Using coordinate system:                tric
 Hessian update scheme:                  bfgs

 ------------------------------------------------------------------------------------------------------------
                   energy      change    grad rms    grad max    step rms    step max       trust    time (s)
 ------------------------------------------------------------------------------------------------------------
   1      -559.948568761                8.44e-03    1.46e-02                            2.00e-01        0.79
   2      -559.948810174   -2.41e-04    5.52e-03    9.57e-03    9.97e-03    1.99e-02    2.00e-01        0.38
   3      -559.948980846   -1.71e-04    4.01e-04    6.95e-04    1.89e-02    3.78e-02    2.00e-01        0.39
   4      -559.948981697   -8.51e-07    1.77e-05    3.07e-05    1.28e-03    2.56e-03    2.00e-01        0.35
   5      -559.948981696    1.01e-09    7.81e-08    1.35e-07    5.41e-05    1.08e-04    2.70e-05        0.36
 Geometry optimization stopped:          thresholds achieved

 Final energy:                        -559.948981696

 -----------
  Final XYZ 
 -----------
2
Final structure: -559.949 hartree
Cl           0.819584590         -0.000000063         -0.000000062
F           -0.819584590          0.000000063          0.000000062

 Structure in entos input format:

  structure(
    xyz = [
      ['Cl' ,          0.819584590,         -0.000000063,         -0.000000062],
      ['F'  ,         -0.819584590,          0.000000063,          0.000000062]
    ]
  )

 --------------------------------
  Geometry optimization finished 
 --------------------------------
 Saving results in set 'opt'

 --------------------------------------------------------------------------------
                                 command: hessian                                
 --------------------------------------------------------------------------------

WARNING: semianalytic method is specified for dft hessian, which is not efficient. Try switching to 'method = analytic'


 -------------------------------
  Numerical Geometrical Hessian 
 -------------------------------

 Compute hessian using two-point central differentiation.
 Step size (bohr):                       0.0100

 Frequencies (including translational and rotational modes):
 mode    frequency (cm-1)
    0               75.03 i (imaginary)
    1               75.03 i (imaginary)
    2                0.01 i (imaginary)
    3                0.00 i (imaginary)
    4                0.00 i (imaginary)
    5              777.19

 Project out translational and rotational motions 

 The molecule is linear

 Degrees of freedom for translational and rotational motions: 5

 Vibrational frequencies:
 mode    frequency (cm-1)
    0              777.19

 --------------------------------------------------------------------------------

 End time:                               Fri Apr 23 09:59:04 2021
 Total wall-clock time:                  7.358 seconds
==================================================================================
