
================================================================================
          _____________ ________ _______________ ________     _________         
         / ___________// ______ \\_____   _____// ______ \   / ________)        
        / /_________  / /      \ \     | |     / /      \ \ | (_______          
       |  __________|| |        | |    | |    | |        | | \________ \        
        \ \_________ | |        | |    | |     \ \______/ /___________) |       
         \__________||_|        |_|    |_|      \________//____________/        
                                                                                
====================================[ Qcore ]===================================

 Git hash:   15a3e7daff0cda5fa9af010ccd19a80288182ecf
 Git date:   Fri, 16 Apr 2021 15:57:16 +0100
 Compiler:   GNU 9.1.0
 Build type: Release
 Version:    1.1.0

 Start time: Fri Apr 23 09:59:07 2021

 Data directory: /work/zw18965/.local/qcore/share/entos/1.1.0/data
 Number of threads: 24
 Number of threads was determined by: command line argument
  - More threads can be used by running 'qcore -n 32'

 --------------------------------------------------------------------------------
                                command: optimize                                
 --------------------------------------------------------------------------------
 Using coordinate system:                tric
 Hessian update scheme:                  bfgs

 ------------------------------------------------------------------------------------------------------------
                   energy      change    grad rms    grad max    step rms    step max       trust    time (s)
 ------------------------------------------------------------------------------------------------------------
   1      -188.594203802                2.00e-02    4.25e-02                            2.00e-01        0.87
   2      -188.595652524   -1.45e-03    9.64e-04    2.04e-03    2.71e-02    3.32e-02    2.00e-01        0.55
   3      -188.595656156   -3.63e-06    6.06e-05    1.29e-04    1.37e-03    1.68e-03    2.00e-01        0.51
   4      -188.595656170   -1.45e-08    1.42e-06    3.47e-06    9.18e-05    1.13e-04    2.00e-01        0.47
 Geometry optimization stopped:          thresholds achieved

 Final energy:                        -188.595656170

 -----------
  Final XYZ 
 -----------
3
Final structure: -188.596 hartree
O           -1.158951014         -0.000000034         -0.000000034
O            1.158950858          0.000000029          0.000000029
C            0.000000156          0.000000006          0.000000006

 Structure in entos input format:

  structure(
    xyz = [
      ['O'  ,         -1.158951014,         -0.000000034,         -0.000000034],
      ['O'  ,          1.158950858,          0.000000029,          0.000000029],
      ['C'  ,          0.000000156,          0.000000006,          0.000000006]
    ]
  )

 --------------------------------
  Geometry optimization finished 
 --------------------------------
 Saving results in set 'opt'

 --------------------------------------------------------------------------------
                                 command: hessian                                
 --------------------------------------------------------------------------------

WARNING: semianalytic method is specified for dft hessian, which is not efficient. Try switching to 'method = analytic'


 -------------------------------
  Numerical Geometrical Hessian 
 -------------------------------

 Compute hessian using two-point central differentiation.
 Step size (bohr):                       0.0100

 Frequencies (including translational and rotational modes):
 mode    frequency (cm-1)
    0               12.33 i (imaginary)
    1               12.32 i (imaginary)
    2                0.02 i (imaginary)
    3                0.01 i (imaginary)
    4                0.00
    5              673.82
    6              673.82
    7             1371.17
    8             2406.42

 Project out translational and rotational motions 

 Degrees of freedom for translational and rotational motions: 6

 Vibrational frequencies:
 mode    frequency (cm-1)
    0              673.82
    1             1371.17
    2             2406.42

 --------------------------------------------------------------------------------

 End time:                               Fri Apr 23 09:59:20 2021
 Total wall-clock time:                 12.654 seconds
==================================================================================
