
================================================================================
          _____________ ________ _______________ ________     _________         
         / ___________// ______ \\_____   _____// ______ \   / ________)        
        / /_________  / /      \ \     | |     / /      \ \ | (_______          
       |  __________|| |        | |    | |    | |        | | \________ \        
        \ \_________ | |        | |    | |     \ \______/ /___________) |       
         \__________||_|        |_|    |_|      \________//____________/        
                                                                                
====================================[ Qcore ]===================================

 Git hash:   15a3e7daff0cda5fa9af010ccd19a80288182ecf
 Git date:   Fri, 16 Apr 2021 15:57:16 +0100
 Compiler:   GNU 9.1.0
 Build type: Release
 Version:    1.1.0

 Start time: Fri Apr 23 09:59:06 2021

 Data directory: /work/zw18965/.local/qcore/share/entos/1.1.0/data
 Number of threads: 24
 Number of threads was determined by: command line argument
  - More threads can be used by running 'qcore -n 32'

 --------------------------------------------------------------------------------
                                command: optimize                                
 --------------------------------------------------------------------------------
 Using coordinate system:                tric
 Hessian update scheme:                  bfgs

 ------------------------------------------------------------------------------------------------------------
                   energy      change    grad rms    grad max    step rms    step max       trust    time (s)
 ------------------------------------------------------------------------------------------------------------
   1      -834.446638536                5.92e-04    1.26e-03                            2.00e-01        1.20
   2      -834.446640638   -2.10e-06    2.88e-04    6.11e-04    9.53e-04    1.17e-03    2.00e-01        0.74
   3      -834.446641348   -7.10e-07    1.57e-06    3.30e-06    9.01e-04    1.11e-03    2.00e-01        0.75
 Geometry optimization stopped:          thresholds achieved

 Final energy:                        -834.446641348

 -----------
  Final XYZ 
 -----------
3
Final structure: -834.447 hartree
S            1.552317165          0.000503531         -0.000000175
C           -0.000001072         -0.000004837          0.000000471
S           -1.552315840         -0.000498699         -0.000000296

 Structure in entos input format:

  structure(
    xyz = [
      ['S'  ,          1.552317165,          0.000503531,         -0.000000175],
      ['C'  ,         -0.000001072,         -0.000004837,          0.000000471],
      ['S'  ,         -1.552315840,         -0.000498699,         -0.000000296]
    ]
  )

 --------------------------------
  Geometry optimization finished 
 --------------------------------
 Saving results in set 'opt'

 --------------------------------------------------------------------------------
                                 command: hessian                                
 --------------------------------------------------------------------------------

WARNING: semianalytic method is specified for dft hessian, which is not efficient. Try switching to 'method = analytic'


 -------------------------------
  Numerical Geometrical Hessian 
 -------------------------------

 Compute hessian using two-point central differentiation.
 Step size (bohr):                       0.0100

 Frequencies (including translational and rotational modes):
 mode    frequency (cm-1)
    0                7.58 i (imaginary)
    1                7.57 i (imaginary)
    2                0.02 i (imaginary)
    3                0.01
    4                0.06
    5              404.57
    6              404.57
    7              676.57
    8             1555.64

 Project out translational and rotational motions 

 Degrees of freedom for translational and rotational motions: 6

 Vibrational frequencies:
 mode    frequency (cm-1)
    0              404.57
    1              676.57
    2             1555.64

 --------------------------------------------------------------------------------

 End time:                               Fri Apr 23 09:59:25 2021
 Total wall-clock time:                 18.147 seconds
==================================================================================
