
================================================================================
          _____________ ________ _______________ ________     _________         
         / ___________// ______ \\_____   _____// ______ \   / ________)        
        / /_________  / /      \ \     | |     / /      \ \ | (_______          
       |  __________|| |        | |    | |    | |        | | \________ \        
        \ \_________ | |        | |    | |     \ \______/ /___________) |       
         \__________||_|        |_|    |_|      \________//____________/        
                                                                                
====================================[ Qcore ]===================================

 Git hash:   15a3e7daff0cda5fa9af010ccd19a80288182ecf
 Git date:   Fri, 16 Apr 2021 15:57:16 +0100
 Compiler:   GNU 9.1.0
 Build type: Release
 Version:    1.1.0

 Start time: Fri Apr 23 09:58:54 2021

 Data directory: /work/zw18965/.local/qcore/share/entos/1.1.0/data
 Number of threads: 24
 Number of threads was determined by: command line argument
  - More threads can be used by running 'qcore -n 32'

 --------------------------------------------------------------------------------
                                command: optimize                                
 --------------------------------------------------------------------------------
 Using coordinate system:                tric
 Hessian update scheme:                  bfgs

 ------------------------------------------------------------------------------------------------------------
                   energy      change    grad rms    grad max    step rms    step max       trust    time (s)
 ------------------------------------------------------------------------------------------------------------
   1      -437.435378351                2.17e-03    5.94e-03                            2.00e-01        1.19
   2      -437.435502976   -1.25e-04    8.76e-04    2.15e-03    1.34e-02    2.02e-02    2.00e-01        0.74
   3      -437.435531921   -2.89e-05    2.60e-04    7.39e-04    1.02e-02    1.60e-02    2.00e-01        0.73
   4      -437.435532242   -3.21e-07    1.43e-04    3.97e-04    3.24e-04    6.94e-04    2.00e-01        0.68
   5      -437.435532382   -1.40e-07    7.22e-06    1.32e-05    3.12e-04    6.76e-04    2.00e-01        0.67
 Geometry optimization stopped:          thresholds achieved

 Final energy:                        -437.435532382

 -----------
  Final XYZ 
 -----------
4
Final structure: -437.436 hartree
C           -0.111323070          0.008795240          0.001208620
S            1.488987487         -0.117993425         -0.015668845
H           -0.662137328          0.272963319          0.900606758
H           -0.715531229         -0.163827429         -0.886067130

 Structure in entos input format:

  structure(
    xyz = [
      ['C'  ,         -0.111323070,          0.008795240,          0.001208620],
      ['S'  ,          1.488987487,         -0.117993425,         -0.015668845],
      ['H'  ,         -0.662137328,          0.272963319,          0.900606758],
      ['H'  ,         -0.715531229,         -0.163827429,         -0.886067130]
    ]
  )

 --------------------------------
  Geometry optimization finished 
 --------------------------------
 Saving results in set 'opt'

 --------------------------------------------------------------------------------
                                 command: hessian                                
 --------------------------------------------------------------------------------

WARNING: semianalytic method is specified for dft hessian, which is not efficient. Try switching to 'method = analytic'


 -------------------------------
  Numerical Geometrical Hessian 
 -------------------------------

 Compute hessian using two-point central differentiation.
 Step size (bohr):                       0.0100

 Frequencies (including translational and rotational modes):
 mode    frequency (cm-1)
    0               21.84 i (imaginary)
    1               15.48 i (imaginary)
    2                0.12 i (imaginary)
    3                0.01
    4                0.23
    5               11.34
    6             1005.13
    7             1030.28
    8             1089.99
    9             1495.08
   10             3056.96
   11             3136.48

 Project out translational and rotational motions 

 Degrees of freedom for translational and rotational motions: 6

 Vibrational frequencies:
 mode    frequency (cm-1)
    0             1005.13
    1             1030.28
    2             1089.99
    3             1495.08
    4             3056.96
    5             3136.48

 --------------------------------------------------------------------------------

 End time:                               Fri Apr 23 09:59:16 2021
 Total wall-clock time:                 22.132 seconds
==================================================================================
