
================================================================================
          _____________ ________ _______________ ________     _________         
         / ___________// ______ \\_____   _____// ______ \   / ________)        
        / /_________  / /      \ \     | |     / /      \ \ | (_______          
       |  __________|| |        | |    | |    | |        | | \________ \        
        \ \_________ | |        | |    | |     \ \______/ /___________) |       
         \__________||_|        |_|    |_|      \________//____________/        
                                                                                
====================================[ Qcore ]===================================

 Git hash:   15a3e7daff0cda5fa9af010ccd19a80288182ecf
 Git date:   Fri, 16 Apr 2021 15:57:16 +0100
 Compiler:   GNU 9.1.0
 Build type: Release
 Version:    1.1.0

 Start time: Fri Apr 23 09:58:46 2021

 Data directory: /work/zw18965/.local/qcore/share/entos/1.1.0/data
 Number of threads: 24
 Number of threads was determined by: command line argument
  - More threads can be used by running 'qcore -n 32'

 --------------------------------------------------------------------------------
                                command: optimize                                
 --------------------------------------------------------------------------------
 Using coordinate system:                tric
 Hessian update scheme:                  bfgs

 ------------------------------------------------------------------------------------------------------------
                   energy      change    grad rms    grad max    step rms    step max       trust    time (s)
 ------------------------------------------------------------------------------------------------------------
   1      -100.458277603                3.45e-03    5.98e-03                            2.00e-01        0.48
   2      -100.458306090   -2.85e-05    8.74e-04    1.51e-03    3.79e-03    7.58e-03    2.00e-01        0.20
   3      -100.458307989   -1.90e-06    1.73e-05    2.99e-05    1.28e-03    2.57e-03    2.00e-01        0.20
   4      -100.458307999   -1.05e-08    1.77e-07    3.06e-07    2.49e-05    4.97e-05    2.00e-01        0.16
 Geometry optimization stopped:          thresholds achieved

 Final energy:                        -100.458307999

 -----------
  Final XYZ 
 -----------
2
Final structure: -100.458 hartree
F            0.460792763          0.000000001          0.000000005
H           -0.460792763         -0.000000001         -0.000000005

 Structure in entos input format:

  structure(
    xyz = [
      ['F'  ,          0.460792763,          0.000000001,          0.000000005],
      ['H'  ,         -0.460792763,         -0.000000001,         -0.000000005]
    ]
  )

 --------------------------------
  Geometry optimization finished 
 --------------------------------
 Saving results in set 'opt'

 --------------------------------------------------------------------------------
                                 command: hessian                                
 --------------------------------------------------------------------------------

WARNING: semianalytic method is specified for dft hessian, which is not efficient. Try switching to 'method = analytic'


 -------------------------------
  Numerical Geometrical Hessian 
 -------------------------------

 Compute hessian using two-point central differentiation.
 Step size (bohr):                       0.0100

 Frequencies (including translational and rotational modes):
 mode    frequency (cm-1)
    0                0.00 i (imaginary)
    1                0.00 i (imaginary)
    2                0.00
    3               16.82
    4               16.82
    5             4084.49

 Project out translational and rotational motions 

 The molecule is linear

 Degrees of freedom for translational and rotational motions: 5

 Vibrational frequencies:
 mode    frequency (cm-1)
    0             4084.49

 --------------------------------------------------------------------------------

 End time:                               Fri Apr 23 09:58:50 2021
 Total wall-clock time:                  3.724 seconds
==================================================================================
