
================================================================================
          _____________ ________ _______________ ________     _________         
         / ___________// ______ \\_____   _____// ______ \   / ________)        
        / /_________  / /      \ \     | |     / /      \ \ | (_______          
       |  __________|| |        | |    | |    | |        | | \________ \        
        \ \_________ | |        | |    | |     \ \______/ /___________) |       
         \__________||_|        |_|    |_|      \________//____________/        
                                                                                
====================================[ Qcore ]===================================

 Git hash:   15a3e7daff0cda5fa9af010ccd19a80288182ecf
 Git date:   Fri, 16 Apr 2021 15:57:16 +0100
 Compiler:   GNU 9.1.0
 Build type: Release
 Version:    1.1.0

 Start time: Fri Apr 23 09:58:43 2021

 Data directory: /work/zw18965/.local/qcore/share/entos/1.1.0/data
 Number of threads: 24
 Number of threads was determined by: command line argument
  - More threads can be used by running 'qcore -n 32'

 --------------------------------------------------------------------------------
                                command: optimize                                
 --------------------------------------------------------------------------------
 Using coordinate system:                tric
 Hessian update scheme:                  bfgs

 ------------------------------------------------------------------------------------------------------------
                   energy      change    grad rms    grad max    step rms    step max       trust    time (s)
 ------------------------------------------------------------------------------------------------------------
   1       -56.555977633                2.27e-03    6.71e-03                            2.00e-01        0.72
   2       -56.556088123   -1.10e-04    1.53e-03    4.49e-03    1.06e-02    1.22e-02    2.00e-01        0.42
   3       -56.556163824   -7.57e-05    5.67e-05    1.11e-04    1.80e-02    2.13e-02    2.00e-01        0.45
   4       -56.556163887   -6.25e-08    1.43e-05    2.49e-05    4.05e-04    3.99e-04    2.00e-01        0.40
 Geometry optimization stopped:          thresholds achieved

 Final energy:                         -56.556163887

 -----------
  Final XYZ 
 -----------
4
Final structure: -56.5562 hartree
N           -0.002602891         -0.000610318          0.284399805
H           -0.519172725         -0.781791447         -0.101222088
H           -0.416305871          0.841602836         -0.096805443
H            0.938081487         -0.059201071         -0.086372273

 Structure in entos input format:

  structure(
    xyz = [
      ['N'  ,         -0.002602891,         -0.000610318,          0.284399805],
      ['H'  ,         -0.519172725,         -0.781791447,         -0.101222088],
      ['H'  ,         -0.416305871,          0.841602836,         -0.096805443],
      ['H'  ,          0.938081487,         -0.059201071,         -0.086372273]
    ]
  )

 --------------------------------
  Geometry optimization finished 
 --------------------------------
 Saving results in set 'opt'

 --------------------------------------------------------------------------------
                                 command: hessian                                
 --------------------------------------------------------------------------------

WARNING: semianalytic method is specified for dft hessian, which is not efficient. Try switching to 'method = analytic'


 -------------------------------
  Numerical Geometrical Hessian 
 -------------------------------

 Compute hessian using two-point central differentiation.
 Step size (bohr):                       0.0100

 Frequencies (including translational and rotational modes):
 mode    frequency (cm-1)
    0               44.41 i (imaginary)
    1               35.07 i (imaginary)
    2               28.24 i (imaginary)
    3                0.03
    4                0.20
    5                0.36
    6             1051.33
    7             1669.71
    8             1669.86
    9             3464.38
   10             3580.73
   11             3580.88

 Project out translational and rotational motions 

 Degrees of freedom for translational and rotational motions: 6

 Vibrational frequencies:
 mode    frequency (cm-1)
    0             1051.33
    1             1669.71
    2             1669.86
    3             3464.38
    4             3580.73
    5             3580.88

 --------------------------------------------------------------------------------

 End time:                               Fri Apr 23 09:58:56 2021
 Total wall-clock time:                 13.093 seconds
==================================================================================
