
================================================================================
          _____________ ________ _______________ ________     _________         
         / ___________// ______ \\_____   _____// ______ \   / ________)        
        / /_________  / /      \ \     | |     / /      \ \ | (_______          
       |  __________|| |        | |    | |    | |        | | \________ \        
        \ \_________ | |        | |    | |     \ \______/ /___________) |       
         \__________||_|        |_|    |_|      \________//____________/        
                                                                                
====================================[ Qcore ]===================================

 Git hash:   15a3e7daff0cda5fa9af010ccd19a80288182ecf
 Git date:   Fri, 16 Apr 2021 15:57:16 +0100
 Compiler:   GNU 9.1.0
 Build type: Release
 Version:    1.1.0

 Start time: Fri Apr 23 09:59:28 2021

 Data directory: /work/zw18965/.local/qcore/share/entos/1.1.0/data
 Number of threads: 24
 Number of threads was determined by: command line argument
  - More threads can be used by running 'qcore -n 32'

 --------------------------------------------------------------------------------
                                command: optimize                                
 --------------------------------------------------------------------------------
 Using coordinate system:                tric
 Hessian update scheme:                  bfgs

 ------------------------------------------------------------------------------------------------------------
                   energy      change    grad rms    grad max    step rms    step max       trust    time (s)
 ------------------------------------------------------------------------------------------------------------
   1      -548.621387742                2.25e-03    3.85e-03                            2.00e-01        1.15
   2      -548.621404206   -1.65e-05    1.23e-03    2.15e-03    2.07e-03    2.72e-03    2.00e-01        0.74
   3      -548.621410920   -6.71e-06    4.69e-05    9.92e-05    2.37e-03    3.19e-03    2.00e-01        0.71
   4      -548.621410960   -3.99e-08    3.80e-05    8.82e-05    1.01e-04    1.18e-04    2.00e-01        0.64
 Geometry optimization stopped:          thresholds achieved

 Final energy:                        -548.621410960

 -----------
  Final XYZ 
 -----------
3
Final structure: -548.621 hartree
S           -0.001227109          0.485321472          0.000000033
O            1.237360048         -0.239535268          0.000000196
O           -1.236132939         -0.245786203         -0.000000229

 Structure in entos input format:

  structure(
    xyz = [
      ['S'  ,         -0.001227109,          0.485321472,          0.000000033],
      ['O'  ,          1.237360048,         -0.239535268,          0.000000196],
      ['O'  ,         -1.236132939,         -0.245786203,         -0.000000229]
    ]
  )

 --------------------------------
  Geometry optimization finished 
 --------------------------------
 Saving results in set 'opt'

 --------------------------------------------------------------------------------
                                 command: hessian                                
 --------------------------------------------------------------------------------

WARNING: semianalytic method is specified for dft hessian, which is not efficient. Try switching to 'method = analytic'


 -------------------------------
  Numerical Geometrical Hessian 
 -------------------------------

 Compute hessian using two-point central differentiation.
 Step size (bohr):                       0.0100

 Frequencies (including translational and rotational modes):
 mode    frequency (cm-1)
    0               21.88 i (imaginary)
    1                0.03 i (imaginary)
    2                0.00
    3                0.06
    4               38.67
    5               62.15
    6              523.27
    7             1182.02
    8             1381.01

 Project out translational and rotational motions 

 Degrees of freedom for translational and rotational motions: 6

 Vibrational frequencies:
 mode    frequency (cm-1)
    0              523.27
    1             1182.02
    2             1381.01

 --------------------------------------------------------------------------------

 End time:                               Fri Apr 23 09:59:45 2021
 Total wall-clock time:                 17.038 seconds
==================================================================================
