
================================================================================
          _____________ ________ _______________ ________     _________         
         / ___________// ______ \\_____   _____// ______ \   / ________)        
        / /_________  / /      \ \     | |     / /      \ \ | (_______          
       |  __________|| |        | |    | |    | |        | | \________ \        
        \ \_________ | |        | |    | |     \ \______/ /___________) |       
         \__________||_|        |_|    |_|      \________//____________/        
                                                                                
====================================[ Qcore ]===================================

 Git hash:   15a3e7daff0cda5fa9af010ccd19a80288182ecf
 Git date:   Fri, 16 Apr 2021 15:57:16 +0100
 Compiler:   GNU 9.1.0
 Build type: Release
 Version:    1.1.0

 Start time: Fri Apr 23 09:59:01 2021

 Data directory: /work/zw18965/.local/qcore/share/entos/1.1.0/data
 Number of threads: 24
 Number of threads was determined by: command line argument
  - More threads can be used by running 'qcore -n 32'

 --------------------------------------------------------------------------------
                                command: optimize                                
 --------------------------------------------------------------------------------
 Using coordinate system:                tric
 Hessian update scheme:                  bfgs

 ------------------------------------------------------------------------------------------------------------
                   energy      change    grad rms    grad max    step rms    step max       trust    time (s)
 ------------------------------------------------------------------------------------------------------------
   1      -115.720460150                3.70e-03    9.87e-03                            2.00e-01        1.55
   2      -115.720659860   -2.00e-04    1.40e-03    3.87e-03    1.56e-02    1.36e-02    2.00e-01        1.04
   3      -115.720683227   -2.34e-05    5.62e-04    1.76e-03    3.70e-03    6.47e-03    2.00e-01        0.98
   4      -115.720689082   -5.85e-06    1.78e-04    3.63e-04    2.99e-03    4.00e-03    2.00e-01        1.00
   5      -115.720689765   -6.83e-07    4.49e-05    9.70e-05    1.00e-03    1.12e-03    2.00e-01        0.98
 Geometry optimization stopped:          thresholds achieved

 Final energy:                        -115.720689765

 -----------
  Final XYZ 
 -----------
6
Final structure: -115.721 hartree
C           -0.362133159         -0.041061948         -0.015138997
O            1.000194262         -0.346331902         -0.276788015
H           -0.530919588          1.033850666          0.098772330
H           -0.619792372         -0.527897263          0.922928942
H           -1.028843888         -0.422855242         -0.793995087
H            1.258051905          0.070470827         -1.101584118

 Structure in entos input format:

  structure(
    xyz = [
      ['C'  ,         -0.362133159,         -0.041061948,         -0.015138997],
      ['O'  ,          1.000194262,         -0.346331902,         -0.276788015],
      ['H'  ,         -0.530919588,          1.033850666,          0.098772330],
      ['H'  ,         -0.619792372,         -0.527897263,          0.922928942],
      ['H'  ,         -1.028843888,         -0.422855242,         -0.793995087],
      ['H'  ,          1.258051905,          0.070470827,         -1.101584118]
    ]
  )

 --------------------------------
  Geometry optimization finished 
 --------------------------------
 Saving results in set 'opt'

 --------------------------------------------------------------------------------
                                 command: hessian                                
 --------------------------------------------------------------------------------

WARNING: semianalytic method is specified for dft hessian, which is not efficient. Try switching to 'method = analytic'


 -------------------------------
  Numerical Geometrical Hessian 
 -------------------------------

 Compute hessian using two-point central differentiation.
 Step size (bohr):                       0.0100

 Frequencies (including translational and rotational modes):
 mode    frequency (cm-1)
    0               44.67 i (imaginary)
    1               14.87 i (imaginary)
    2                9.98 i (imaginary)
    3                0.02 i (imaginary)
    4                0.07
    5                0.16
    6              288.82
    7             1044.08
    8             1080.61
    9             1172.73
   10             1370.89
   11             1481.91
   12             1496.09
   13             1510.19
   14             2987.44
   15             3031.16
   16             3102.71
   17             3834.15

 Project out translational and rotational motions 

 Degrees of freedom for translational and rotational motions: 6

 Vibrational frequencies:
 mode    frequency (cm-1)
    0              288.79
    1             1044.08
    2             1080.61
    3             1172.73
    4             1370.89
    5             1481.91
    6             1496.09
    7             1510.19
    8             2987.44
    9             3031.16
   10             3102.71
   11             3834.15

 --------------------------------------------------------------------------------

 End time:                               Fri Apr 23 09:59:44 2021
 Total wall-clock time:                 43.199 seconds
==================================================================================
