
================================================================================
          _____________ ________ _______________ ________     _________         
         / ___________// ______ \\_____   _____// ______ \   / ________)        
        / /_________  / /      \ \     | |     / /      \ \ | (_______          
       |  __________|| |        | |    | |    | |        | | \________ \        
        \ \_________ | |        | |    | |     \ \______/ /___________) |       
         \__________||_|        |_|    |_|      \________//____________/        
                                                                                
====================================[ Qcore ]===================================

 Git hash:   15a3e7daff0cda5fa9af010ccd19a80288182ecf
 Git date:   Fri, 16 Apr 2021 15:57:16 +0100
 Compiler:   GNU 9.1.0
 Build type: Release
 Version:    1.1.0

 Start time: Fri Apr 23 14:21:55 2021

 Data directory: /work/zw18965/.local/qcore/share/entos/1.1.0/data
 Number of threads: 24
 Number of threads was determined by: command line argument
  - More threads can be used by running 'qcore -n 32'

 --------------------------------------------------------------------------------
                                command: optimize                                
 --------------------------------------------------------------------------------
 Using coordinate system:                tric
 Hessian update scheme:                  bfgs

 ------------------------------------------------------------------------------------------------------------
                   energy      change    grad rms    grad max    step rms    step max       trust    time (s)
 ------------------------------------------------------------------------------------------------------------
   1       -26.592595183                1.85e-03    3.25e-03                            2.00e-01        0.54
   2       -26.592667979   -7.28e-05    5.21e-04    9.20e-04    8.88e-03    1.03e-02    2.00e-01        0.33
   3       -26.592674372   -6.39e-06    9.54e-06    1.76e-05    3.48e-03    4.07e-03    2.00e-01        0.32
   4       -26.592674377   -4.91e-09    2.63e-06    4.76e-06    6.29e-05    1.70e-04    2.00e-01        0.31
 Geometry optimization stopped:          thresholds achieved

 Final energy:                         -26.592674377

 -----------
  Final XYZ 
 -----------
4
Final structure: -26.5927 hartree
B            0.000012734         -0.000005278         -0.198437224
H           -0.402138453         -1.036467218          0.218365233
H           -0.172564778          0.996948962          0.422855699
H            0.574690513          0.039523530         -1.236655974

 Structure in entos input format:

  structure(
    xyz = [
      ['B'  ,          0.000012734,         -0.000005278,         -0.198437224],
      ['H'  ,         -0.402138453,         -1.036467218,          0.218365233],
      ['H'  ,         -0.172564778,          0.996948962,          0.422855699],
      ['H'  ,          0.574690513,          0.039523530,         -1.236655974]
    ]
  )

 --------------------------------
  Geometry optimization finished 
 --------------------------------
 Saving results in set 'opt'

 --------------------------------------------------------------------------------
                                 command: hessian                                
 --------------------------------------------------------------------------------

WARNING: semianalytic method is specified for dft hessian, which is not efficient. Try switching to 'method = analytic'


 -------------------------------
  Numerical Geometrical Hessian 
 -------------------------------

 Compute hessian using two-point central differentiation.
 Step size (bohr):                       0.0100

 Frequencies (including translational and rotational modes):
 mode    frequency (cm-1)
    0               28.39 i (imaginary)
    1               15.56 i (imaginary)
    2                0.17 i (imaginary)
    3                0.33
    4                0.64
    5               35.72
    6             1165.34
    7             1211.70
    8             1212.33
    9             2577.04
   10             2709.89
   11             2711.67

 Project out translational and rotational motions 

 Degrees of freedom for translational and rotational motions: 6

 Vibrational frequencies:
 mode    frequency (cm-1)
    0             1165.34
    1             1211.70
    2             1212.33
    3             2577.04
    4             2709.89
    5             2711.67

 --------------------------------------------------------------------------------

 End time:                               Fri Apr 23 14:22:05 2021
 Total wall-clock time:                  9.882 seconds
==================================================================================
