
================================================================================
          _____________ ________ _______________ ________     _________         
         / ___________// ______ \\_____   _____// ______ \   / ________)        
        / /_________  / /      \ \     | |     / /      \ \ | (_______          
       |  __________|| |        | |    | |    | |        | | \________ \        
        \ \_________ | |        | |    | |     \ \______/ /___________) |       
         \__________||_|        |_|    |_|      \________//____________/        
                                                                                
====================================[ Qcore ]===================================

 Git hash:   15a3e7daff0cda5fa9af010ccd19a80288182ecf
 Git date:   Fri, 16 Apr 2021 15:57:16 +0100
 Compiler:   GNU 9.1.0
 Build type: Release
 Version:    1.1.0

 Start time: Fri Apr 23 14:25:15 2021

 Data directory: /work/zw18965/.local/qcore/share/entos/1.1.0/data
 Number of threads: 24
 Number of threads was determined by: command line argument
  - More threads can be used by running 'qcore -n 32'

 --------------------------------------------------------------------------------
                                command: optimize                                
 --------------------------------------------------------------------------------
 Using coordinate system:                tric
 Hessian update scheme:                  bfgs

 ------------------------------------------------------------------------------------------------------------
                   energy      change    grad rms    grad max    step rms    step max       trust    time (s)
 ------------------------------------------------------------------------------------------------------------
   1      -437.482160013                4.79e-03    1.41e-02                            2.00e-01        1.02
   2      -437.482463395   -3.03e-04    1.96e-03    5.79e-03    1.82e-02    2.42e-02    2.00e-01        0.65
   3      -437.482524635   -6.12e-05    1.25e-04    3.24e-04    1.28e-02    1.71e-02    2.00e-01        0.66
   4      -437.482524705   -7.03e-08    4.86e-05    1.41e-04    2.02e-04    4.21e-04    2.00e-01        0.61
 Geometry optimization stopped:          thresholds achieved

 Final energy:                        -437.482524705

 -----------
  Final XYZ 
 -----------
4
Final structure: -437.483 hartree
C           -0.110204642          0.008742166          0.001183168
S            1.480892409         -0.117754957         -0.015642251
H           -0.658541303          0.272785565          0.900661132
H           -0.712150603         -0.163835069         -0.886122646

 Structure in entos input format:

  structure(
    xyz = [
      ['C'  ,         -0.110204642,          0.008742166,          0.001183168],
      ['S'  ,          1.480892409,         -0.117754957,         -0.015642251],
      ['H'  ,         -0.658541303,          0.272785565,          0.900661132],
      ['H'  ,         -0.712150603,         -0.163835069,         -0.886122646]
    ]
  )

 --------------------------------
  Geometry optimization finished 
 --------------------------------
 Saving results in set 'opt'

 --------------------------------------------------------------------------------
                                 command: hessian                                
 --------------------------------------------------------------------------------

WARNING: semianalytic method is specified for dft hessian, which is not efficient. Try switching to 'method = analytic'


 -------------------------------
  Numerical Geometrical Hessian 
 -------------------------------

 Compute hessian using two-point central differentiation.
 Step size (bohr):                       0.0100

 Frequencies (including translational and rotational modes):
 mode    frequency (cm-1)
    0               18.60 i (imaginary)
    1                8.42 i (imaginary)
    2                0.21 i (imaginary)
    3                0.17
    4                0.49
    5               13.54
    6             1013.13
    7             1050.01
    8             1123.96
    9             1508.04
   10             3094.76
   11             3175.00

 Project out translational and rotational motions 

 Degrees of freedom for translational and rotational motions: 6

 Vibrational frequencies:
 mode    frequency (cm-1)
    0             1013.13
    1             1050.01
    2             1123.96
    3             1508.04
    4             3094.76
    5             3175.00

 --------------------------------------------------------------------------------

 End time:                               Fri Apr 23 14:25:35 2021
 Total wall-clock time:                 19.213 seconds
==================================================================================
