
================================================================================
          _____________ ________ _______________ ________     _________         
         / ___________// ______ \\_____   _____// ______ \   / ________)        
        / /_________  / /      \ \     | |     / /      \ \ | (_______          
       |  __________|| |        | |    | |    | |        | | \________ \        
        \ \_________ | |        | |    | |     \ \______/ /___________) |       
         \__________||_|        |_|    |_|      \________//____________/        
                                                                                
====================================[ Qcore ]===================================

 Git hash:   15a3e7daff0cda5fa9af010ccd19a80288182ecf
 Git date:   Fri, 16 Apr 2021 15:57:16 +0100
 Compiler:   GNU 9.1.0
 Build type: Release
 Version:    1.1.0

 Start time: Fri Apr 23 14:25:53 2021

 Data directory: /work/zw18965/.local/qcore/share/entos/1.1.0/data
 Number of threads: 24
 Number of threads was determined by: command line argument
  - More threads can be used by running 'qcore -n 32'

 --------------------------------------------------------------------------------
                                command: optimize                                
 --------------------------------------------------------------------------------
 Using coordinate system:                tric
 Hessian update scheme:                  bfgs

 ------------------------------------------------------------------------------------------------------------
                   energy      change    grad rms    grad max    step rms    step max       trust    time (s)
 ------------------------------------------------------------------------------------------------------------
   1       -93.415441416                4.33e-03    9.68e-03                            2.00e-01        0.66
   2       -93.415470434   -2.90e-05    2.58e-04    5.97e-04    2.88e-03    6.89e-03    2.00e-01        0.34
   3       -93.415470585   -1.52e-07    2.06e-05    4.69e-05    2.63e-04    4.39e-04    2.00e-01        0.33
 Geometry optimization stopped:          thresholds achieved

 Final energy:                         -93.415470585

 -----------
  Final XYZ 
 -----------
3
Final structure: -93.4155 hartree
C           -0.025038352         -0.000012949          0.000000045
N            1.115551542         -0.000589848         -0.000000006
H           -1.090513190          0.000602802         -0.000000039

 Structure in entos input format:

  structure(
    xyz = [
      ['C'  ,         -0.025038352,         -0.000012949,          0.000000045],
      ['N'  ,          1.115551542,         -0.000589848,         -0.000000006],
      ['H'  ,         -1.090513190,          0.000602802,         -0.000000039]
    ]
  )

 --------------------------------
  Geometry optimization finished 
 --------------------------------
 Saving results in set 'opt'

 --------------------------------------------------------------------------------
                                 command: hessian                                
 --------------------------------------------------------------------------------

WARNING: semianalytic method is specified for dft hessian, which is not efficient. Try switching to 'method = analytic'


 -------------------------------
  Numerical Geometrical Hessian 
 -------------------------------

 Compute hessian using two-point central differentiation.
 Step size (bohr):                       0.0100

 Frequencies (including translational and rotational modes):
 mode    frequency (cm-1)
    0                0.38 i (imaginary)
    1                0.36 i (imaginary)
    2                0.00 i (imaginary)
    3               14.12
    4               14.14
    5              775.38
    6              775.39
    7             2245.84
    8             3463.15

 Project out translational and rotational motions 

 Degrees of freedom for translational and rotational motions: 6

 Vibrational frequencies:
 mode    frequency (cm-1)
    0              775.38
    1             2245.84
    2             3463.15

 --------------------------------------------------------------------------------

 End time:                               Fri Apr 23 14:26:01 2021
 Total wall-clock time:                  8.108 seconds
==================================================================================
