
================================================================================
          _____________ ________ _______________ ________     _________         
         / ___________// ______ \\_____   _____// ______ \   / ________)        
        / /_________  / /      \ \     | |     / /      \ \ | (_______          
       |  __________|| |        | |    | |    | |        | | \________ \        
        \ \_________ | |        | |    | |     \ \______/ /___________) |       
         \__________||_|        |_|    |_|      \________//____________/        
                                                                                
====================================[ Qcore ]===================================

 Git hash:   15a3e7daff0cda5fa9af010ccd19a80288182ecf
 Git date:   Fri, 16 Apr 2021 15:57:16 +0100
 Compiler:   GNU 9.1.0
 Build type: Release
 Version:    1.1.0

 Start time: Fri Apr 23 14:26:01 2021

 Data directory: /work/zw18965/.local/qcore/share/entos/1.1.0/data
 Number of threads: 24
 Number of threads was determined by: command line argument
  - More threads can be used by running 'qcore -n 32'

 --------------------------------------------------------------------------------
                                command: optimize                                
 --------------------------------------------------------------------------------
 Using coordinate system:                tric
 Hessian update scheme:                  bfgs

 ------------------------------------------------------------------------------------------------------------
                   energy      change    grad rms    grad max    step rms    step max       trust    time (s)
 ------------------------------------------------------------------------------------------------------------
   1      -100.464926468                2.47e-03    4.28e-03                            2.00e-01        0.35
   2      -100.464940869   -1.44e-05    5.95e-04    1.03e-03    2.71e-03    5.42e-03    2.00e-01        0.14
   3      -100.464941745   -8.76e-07    8.08e-06    1.40e-05    8.60e-04    1.72e-03    2.00e-01        0.14
Rejecting step due to low quality: Quality: -1.92732 New trust radius: 5.76184e-06
   4      -100.464941744    3.11e-10    8.08e-06    1.40e-05    1.15e-05    2.30e-05    5.76e-06        0.12
 Geometry optimization stopped:          thresholds achieved

 Final energy:                        -100.464941744

 -----------
  Final XYZ 
 -----------
2
Final structure: -100.465 hartree
F            0.461575705          0.000000014          0.000000014
H           -0.461575705         -0.000000014         -0.000000014

 Structure in entos input format:

  structure(
    xyz = [
      ['F'  ,          0.461575705,          0.000000014,          0.000000014],
      ['H'  ,         -0.461575705,         -0.000000014,         -0.000000014]
    ]
  )

 --------------------------------
  Geometry optimization finished 
 --------------------------------
 Saving results in set 'opt'

 --------------------------------------------------------------------------------
                                 command: hessian                                
 --------------------------------------------------------------------------------

WARNING: semianalytic method is specified for dft hessian, which is not efficient. Try switching to 'method = analytic'


 -------------------------------
  Numerical Geometrical Hessian 
 -------------------------------

 Compute hessian using two-point central differentiation.
 Step size (bohr):                       0.0100

 Frequencies (including translational and rotational modes):
 mode    frequency (cm-1)
    0                0.01 i (imaginary)
    1                0.01 i (imaginary)
    2                0.00
    3               15.68
    4               15.71
    5             4101.73

 Project out translational and rotational motions 

 The molecule is linear

 Degrees of freedom for translational and rotational motions: 5

 Vibrational frequencies:
 mode    frequency (cm-1)
    0             4101.73

 --------------------------------------------------------------------------------

 End time:                               Fri Apr 23 14:26:04 2021
 Total wall-clock time:                  2.852 seconds
==================================================================================
