
================================================================================
          _____________ ________ _______________ ________     _________         
         / ___________// ______ \\_____   _____// ______ \   / ________)        
        / /_________  / /      \ \     | |     / /      \ \ | (_______          
       |  __________|| |        | |    | |    | |        | | \________ \        
        \ \_________ | |        | |    | |     \ \______/ /___________) |       
         \__________||_|        |_|    |_|      \________//____________/        
                                                                                
====================================[ Qcore ]===================================

 Git hash:   15a3e7daff0cda5fa9af010ccd19a80288182ecf
 Git date:   Fri, 16 Apr 2021 15:57:16 +0100
 Compiler:   GNU 9.1.0
 Build type: Release
 Version:    1.1.0

 Start time: Fri Apr 23 14:26:28 2021

 Data directory: /work/zw18965/.local/qcore/share/entos/1.1.0/data
 Number of threads: 24
 Number of threads was determined by: command line argument
  - More threads can be used by running 'qcore -n 32'

 --------------------------------------------------------------------------------
                                command: optimize                                
 --------------------------------------------------------------------------------
 Using coordinate system:                tric
 Hessian update scheme:                  bfgs

 ------------------------------------------------------------------------------------------------------------
                   energy      change    grad rms    grad max    step rms    step max       trust    time (s)
 ------------------------------------------------------------------------------------------------------------
   1      -109.526635411                2.07e-02    3.59e-02                            2.00e-01        0.37
   2      -109.527038169   -4.03e-04    3.32e-03    5.75e-03    1.31e-02    2.61e-02    2.00e-01        0.23
   3      -109.527048064   -9.89e-06    1.41e-04    2.45e-04    1.80e-03    3.60e-03    2.00e-01        0.23
   4      -109.527048082   -1.81e-08    7.55e-07    1.31e-06    7.35e-05    1.47e-04    2.00e-01        0.20
 Geometry optimization stopped:          thresholds achieved

 Final energy:                        -109.527048082

 -----------
  Final XYZ 
 -----------
2
Final structure: -109.527 hartree
N            0.543276610          0.000000133          0.000000038
N           -0.543276610         -0.000000133         -0.000000038

 Structure in entos input format:

  structure(
    xyz = [
      ['N'  ,          0.543276610,          0.000000133,          0.000000038],
      ['N'  ,         -0.543276610,         -0.000000133,         -0.000000038]
    ]
  )

 --------------------------------
  Geometry optimization finished 
 --------------------------------
 Saving results in set 'opt'

 --------------------------------------------------------------------------------
                                 command: hessian                                
 --------------------------------------------------------------------------------

WARNING: semianalytic method is specified for dft hessian, which is not efficient. Try switching to 'method = analytic'


 -------------------------------
  Numerical Geometrical Hessian 
 -------------------------------

 Compute hessian using two-point central differentiation.
 Step size (bohr):                       0.0100

 Frequencies (including translational and rotational modes):
 mode    frequency (cm-1)
    0                0.04 i (imaginary)
    1                0.02 i (imaginary)
    2                0.00 i (imaginary)
    3               16.42
    4               16.44
    5             2498.75

 Project out translational and rotational motions 

 The molecule is linear

 Degrees of freedom for translational and rotational motions: 5

 Vibrational frequencies:
 mode    frequency (cm-1)
    0             2498.75

 --------------------------------------------------------------------------------

 End time:                               Fri Apr 23 14:26:32 2021
 Total wall-clock time:                  4.102 seconds
==================================================================================
