
================================================================================
          _____________ ________ _______________ ________     _________         
         / ___________// ______ \\_____   _____// ______ \   / ________)        
        / /_________  / /      \ \     | |     / /      \ \ | (_______          
       |  __________|| |        | |    | |    | |        | | \________ \        
        \ \_________ | |        | |    | |     \ \______/ /___________) |       
         \__________||_|        |_|    |_|      \________//____________/        
                                                                                
====================================[ Qcore ]===================================

 Git hash:   15a3e7daff0cda5fa9af010ccd19a80288182ecf
 Git date:   Fri, 16 Apr 2021 15:57:16 +0100
 Compiler:   GNU 9.1.0
 Build type: Release
 Version:    1.1.0

 Start time: Fri Apr 23 14:26:32 2021

 Data directory: /work/zw18965/.local/qcore/share/entos/1.1.0/data
 Number of threads: 24
 Number of threads was determined by: command line argument
  - More threads can be used by running 'qcore -n 32'

 --------------------------------------------------------------------------------
                                command: optimize                                
 --------------------------------------------------------------------------------
 Using coordinate system:                tric
 Hessian update scheme:                  bfgs

 ------------------------------------------------------------------------------------------------------------
                   energy      change    grad rms    grad max    step rms    step max       trust    time (s)
 ------------------------------------------------------------------------------------------------------------
   1       -56.558177341                1.23e-03    3.51e-03                            2.00e-01        0.55
   2       -56.558203834   -2.65e-05    7.59e-04    2.21e-03    4.77e-03    5.65e-03    2.00e-01        0.34
   3       -56.558222688   -1.89e-05    3.33e-05    6.07e-05    8.99e-03    1.06e-02    2.00e-01        0.35
   4       -56.558222702   -1.41e-08    6.92e-06    1.27e-05    1.03e-04    1.58e-04    2.00e-01        0.33
 Geometry optimization stopped:          thresholds achieved

 Final energy:                         -56.558222702

 -----------
  Final XYZ 
 -----------
4
Final structure: -56.5582 hartree
N           -0.002464348         -0.000615497          0.272814009
H           -0.521140582         -0.785559849         -0.097424492
H           -0.418678111          0.845148273         -0.092830232
H            0.942283041         -0.058972927         -0.082559286

 Structure in entos input format:

  structure(
    xyz = [
      ['N'  ,         -0.002464348,         -0.000615497,          0.272814009],
      ['H'  ,         -0.521140582,         -0.785559849,         -0.097424492],
      ['H'  ,         -0.418678111,          0.845148273,         -0.092830232],
      ['H'  ,          0.942283041,         -0.058972927,         -0.082559286]
    ]
  )

 --------------------------------
  Geometry optimization finished 
 --------------------------------
 Saving results in set 'opt'

 --------------------------------------------------------------------------------
                                 command: hessian                                
 --------------------------------------------------------------------------------

WARNING: semianalytic method is specified for dft hessian, which is not efficient. Try switching to 'method = analytic'


 -------------------------------
  Numerical Geometrical Hessian 
 -------------------------------

 Compute hessian using two-point central differentiation.
 Step size (bohr):                       0.0100

 Frequencies (including translational and rotational modes):
 mode    frequency (cm-1)
    0               37.33 i (imaginary)
    1                0.53 i (imaginary)
    2                0.10 i (imaginary)
    3                0.01 i (imaginary)
    4                9.79
    5               35.63
    6             1002.87
    7             1663.42
    8             1663.47
    9             3509.53
   10             3630.51
   11             3630.61

 Project out translational and rotational motions 

 Degrees of freedom for translational and rotational motions: 6

 Vibrational frequencies:
 mode    frequency (cm-1)
    0             1002.87
    1             1663.42
    2             1663.47
    3             3509.53
    4             3630.51
    5             3630.61

 --------------------------------------------------------------------------------

 End time:                               Fri Apr 23 14:26:42 2021
 Total wall-clock time:                 10.364 seconds
==================================================================================
