
================================================================================
          _____________ ________ _______________ ________     _________         
         / ___________// ______ \\_____   _____// ______ \   / ________)        
        / /_________  / /      \ \     | |     / /      \ \ | (_______          
       |  __________|| |        | |    | |    | |        | | \________ \        
        \ \_________ | |        | |    | |     \ \______/ /___________) |       
         \__________||_|        |_|    |_|      \________//____________/        
                                                                                
====================================[ Qcore ]===================================

 Git hash:   15a3e7daff0cda5fa9af010ccd19a80288182ecf
 Git date:   Fri, 16 Apr 2021 15:57:16 +0100
 Compiler:   GNU 9.1.0
 Build type: Release
 Version:    1.1.0

 Start time: Fri Apr 23 14:27:11 2021

 Data directory: /work/zw18965/.local/qcore/share/entos/1.1.0/data
 Number of threads: 24
 Number of threads was determined by: command line argument
  - More threads can be used by running 'qcore -n 32'

 --------------------------------------------------------------------------------
                                command: optimize                                
 --------------------------------------------------------------------------------
 Using coordinate system:                tric
 Hessian update scheme:                  bfgs

 ------------------------------------------------------------------------------------------------------------
                   energy      change    grad rms    grad max    step rms    step max       trust    time (s)
 ------------------------------------------------------------------------------------------------------------
   1      -343.162922434                5.21e-03    8.93e-03                            2.00e-01        0.73
   2      -343.163521201   -5.99e-04    2.41e-03    7.03e-03    7.20e-02    5.22e-02    2.00e-01        0.47
   3      -343.163637739   -1.17e-04    6.40e-04    1.70e-03    1.80e-02    1.80e-02    2.00e-01        0.45
   4      -343.163643653   -5.91e-06    3.45e-05    6.72e-05    2.81e-03    3.64e-03    2.00e-01        0.47
   5      -343.163643686   -3.23e-08    5.91e-06    1.23e-05    3.01e-04    3.94e-04    2.00e-01        0.42
 Geometry optimization stopped:          thresholds achieved

 Final energy:                        -343.163643686

 -----------
  Final XYZ 
 -----------
4
Final structure: -343.164 hartree
P           -0.004784818         -0.001029019          0.570309355
H           -0.656865484         -0.991836676         -0.197401286
H           -0.528376290          1.066712589         -0.192647224
H            1.190026587         -0.073846894         -0.180260844

 Structure in entos input format:

  structure(
    xyz = [
      ['P'  ,         -0.004784818,         -0.001029019,          0.570309355],
      ['H'  ,         -0.656865484,         -0.991836676,         -0.197401286],
      ['H'  ,         -0.528376290,          1.066712589,         -0.192647224],
      ['H'  ,          1.190026587,         -0.073846894,         -0.180260844]
    ]
  )

 --------------------------------
  Geometry optimization finished 
 --------------------------------
 Saving results in set 'opt'

 --------------------------------------------------------------------------------
                                 command: hessian                                
 --------------------------------------------------------------------------------

WARNING: semianalytic method is specified for dft hessian, which is not efficient. Try switching to 'method = analytic'


 -------------------------------
  Numerical Geometrical Hessian 
 -------------------------------

 Compute hessian using two-point central differentiation.
 Step size (bohr):                       0.0100

 Frequencies (including translational and rotational modes):
 mode    frequency (cm-1)
    0               58.61 i (imaginary)
    1               34.45 i (imaginary)
    2                0.20 i (imaginary)
    3                0.01 i (imaginary)
    4                0.87
    5               45.85
    6             1022.75
    7             1151.13
    8             1152.92
    9             2431.72
   10             2437.54
   11             2437.66

 Project out translational and rotational motions 

 Degrees of freedom for translational and rotational motions: 6

 Vibrational frequencies:
 mode    frequency (cm-1)
    0             1022.74
    1             1151.12
    2             1152.92
    3             2431.72
    4             2437.54
    5             2437.66

 --------------------------------------------------------------------------------

 End time:                               Fri Apr 23 14:27:25 2021
 Total wall-clock time:                 13.989 seconds
==================================================================================
