
================================================================================
          _____________ ________ _______________ ________     _________         
         / ___________// ______ \\_____   _____// ______ \   / ________)        
        / /_________  / /      \ \     | |     / /      \ \ | (_______          
       |  __________|| |        | |    | |    | |        | | \________ \        
        \ \_________ | |        | |    | |     \ \______/ /___________) |       
         \__________||_|        |_|    |_|      \________//____________/        
                                                                                
====================================[ Qcore ]===================================

 Git hash:   15a3e7daff0cda5fa9af010ccd19a80288182ecf
 Git date:   Fri, 16 Apr 2021 15:57:16 +0100
 Compiler:   GNU 9.1.0
 Build type: Release
 Version:    1.1.0

 Start time: Fri Apr 23 14:28:24 2021

 Data directory: /work/zw18965/.local/qcore/share/entos/1.1.0/data
 Number of threads: 24
 Number of threads was determined by: command line argument
  - More threads can be used by running 'qcore -n 32'

 --------------------------------------------------------------------------------
                                command: optimize                                
 --------------------------------------------------------------------------------
 Using coordinate system:                tric
 Hessian update scheme:                  bfgs

 ------------------------------------------------------------------------------------------------------------
                   energy      change    grad rms    grad max    step rms    step max       trust    time (s)
 ------------------------------------------------------------------------------------------------------------
   1      -796.428574687                5.07e-03    8.77e-03                            2.00e-01        0.69
   2      -796.428692598   -1.18e-04    7.23e-05    1.25e-04    1.30e-02    2.59e-02    2.00e-01        0.47
   3      -796.428692641   -4.32e-08    2.65e-06    4.59e-06    1.88e-04    3.75e-04    2.00e-01        0.41
 Geometry optimization stopped:          thresholds achieved

 Final energy:                        -796.428692641

 -----------
  Final XYZ 
 -----------
2
Final structure: -796.429 hartree
S            0.000000018         -0.000000018          0.006954192
S           -0.000000018          0.000000018          1.889930397

 Structure in entos input format:

  structure(
    xyz = [
      ['S'  ,          0.000000018,         -0.000000018,          0.006954192],
      ['S'  ,         -0.000000018,          0.000000018,          1.889930397]
    ]
  )

 --------------------------------
  Geometry optimization finished 
 --------------------------------
 Saving results in set 'opt'

 --------------------------------------------------------------------------------
                                 command: hessian                                
 --------------------------------------------------------------------------------

WARNING: semianalytic method is specified for dft hessian, which is not efficient. Try switching to 'method = analytic'


 -------------------------------
  Numerical Geometrical Hessian 
 -------------------------------

 Compute hessian using two-point central differentiation.
 Step size (bohr):                       0.0100

 Frequencies (including translational and rotational modes):
 mode    frequency (cm-1)
    0                0.03 i (imaginary)
    1                0.00 i (imaginary)
    2                0.01
    3               17.70
    4               17.71
    5              754.60

 Project out translational and rotational motions 

 The molecule is linear

 Degrees of freedom for translational and rotational motions: 5

 Vibrational frequencies:
 mode    frequency (cm-1)
    0              754.60

 --------------------------------------------------------------------------------

 End time:                               Fri Apr 23 14:28:32 2021
 Total wall-clock time:                  7.833 seconds
==================================================================================
