
================================================================================
          _____________ ________ _______________ ________     _________         
         / ___________// ______ \\_____   _____// ______ \   / ________)        
        / /_________  / /      \ \     | |     / /      \ \ | (_______          
       |  __________|| |        | |    | |    | |        | | \________ \        
        \ \_________ | |        | |    | |     \ \______/ /___________) |       
         \__________||_|        |_|    |_|      \________//____________/        
                                                                                
====================================[ Qcore ]===================================

 Git hash:   bfa4c3a672cc1ff01df8911b87991f8932a2a687
 Git date:   Fri, 12 Feb 2021 10:05:04 +0000
 Compiler:   GNU 9.1.0
 Build type: Release
 Version:    0.8.19

 Start time: Fri Apr 16 16:35:57 2021

 Data directory: /home/zw18965/.local/qcore/share/entos/0.8.19/data
 Number of threads: 24
 Number of threads was determined by: command line argument
  - More threads can be used by running 'qcore -n 32'

 --------------------------------------------------------------------------------
                                command: optimize                                
 --------------------------------------------------------------------------------
 Using coordinate system:                tric
 Hessian update scheme:                  bfgs

 ------------------------------------------------------------------------------------------------------------
                   energy      change    grad rms    grad max    step rms    step max       trust    time (s)
 ------------------------------------------------------------------------------------------------------------
   1      -199.553359760                2.19e-03    3.79e-03                            2.00e-01        0.70
Rejecting step due to low quality: Quality: -18.0816 New trust radius: 0.0379201
   2      -199.548159717    5.20e-03    2.19e-03    3.79e-03    7.58e-02    7.58e-02    3.79e-02        0.46
Rejecting step due to low quality: Quality: -4.84954 New trust radius: 0.0189601
   3      -199.552313761    1.05e-03    2.19e-03    3.79e-03    3.79e-02    3.79e-02    1.90e-02        0.48
Rejecting step due to low quality: Quality: -1.40359 New trust radius: 0.00948003
   4      -199.553183162    1.77e-04    2.19e-03    3.79e-03    1.90e-02    1.90e-02    9.48e-03        0.45
   5      -199.553353163    6.60e-06    2.64e-03    4.57e-03    9.48e-03    9.48e-03    4.74e-03        0.48
   6      -199.553376286   -2.31e-05    1.89e-04    3.27e-04    4.74e-03    4.74e-03    6.70e-03        0.42
   7      -199.553376407   -1.21e-07    3.05e-06    5.29e-06    3.65e-04    3.65e-04    6.70e-03        0.44
 Geometry optimization stopped:          thresholds achieved

 Final energy:                        -199.553376407

 -----------
  Final XYZ 
 -----------
2
Final structure: -199.553 hartree
F            0.000000001          0.000000002         -0.687447016
F           -0.000000001         -0.000000002          0.687447016

 Structure in entos input format:

  structure(
    xyz = [
      ['F'  ,          0.000000001,          0.000000002,         -0.687447016],
      ['F'  ,         -0.000000001,         -0.000000002,          0.687447016]
    ]
  )

 --------------------------------
  Geometry optimization finished 
 --------------------------------
 Saving results in set 'opt'

 --------------------------------------------------------------------------------
                                 command: hessian                                
 --------------------------------------------------------------------------------

WARNING: semianalytic method is specified for dft hessian, which is not efficient. Try switching to 'method = analytic'


 -------------------------------
  Numerical Geometrical Hessian 
 -------------------------------

 Compute hessian using two-point central differentiation.
 Step size (bohr):                       0.0100

 Frequencies (including translational and rotational modes):
 mode    frequency (cm-1)
    0               10.62 i (imaginary)
    1                9.56 i (imaginary)
    2                0.00 i (imaginary)
    3                0.12
    4                0.33
    5             1106.49

 Project out translational and rotational motions 

 The molecule is linear

 Degrees of freedom for translational and rotational motions: 5

 Vibrational frequencies:
 mode    frequency (cm-1)
    0             1106.49

 --------------------------------------------------------------------------------

 End time:                               Fri Apr 16 16:36:07 2021
 Total wall-clock time:                  9.555 seconds
==================================================================================
