
================================================================================
          _____________ ________ _______________ ________     _________         
         / ___________// ______ \\_____   _____// ______ \   / ________)        
        / /_________  / /      \ \     | |     / /      \ \ | (_______          
       |  __________|| |        | |    | |    | |        | | \________ \        
        \ \_________ | |        | |    | |     \ \______/ /___________) |       
         \__________||_|        |_|    |_|      \________//____________/        
                                                                                
====================================[ Qcore ]===================================

 Git hash:   bfa4c3a672cc1ff01df8911b87991f8932a2a687
 Git date:   Fri, 12 Feb 2021 10:05:04 +0000
 Compiler:   GNU 9.1.0
 Build type: Release
 Version:    0.8.19

 Start time: Fri Apr 16 16:39:56 2021

 Data directory: /home/zw18965/.local/qcore/share/entos/0.8.19/data
 Number of threads: 24
 Number of threads was determined by: command line argument
  - More threads can be used by running 'qcore -n 32'

 --------------------------------------------------------------------------------
                                command: optimize                                
 --------------------------------------------------------------------------------
 Using coordinate system:                tric
 Hessian update scheme:                  bfgs

 ------------------------------------------------------------------------------------------------------------
                   energy      change    grad rms    grad max    step rms    step max       trust    time (s)
 ------------------------------------------------------------------------------------------------------------
   1      -109.543696885                1.86e-02    3.22e-02                            2.00e-01        0.72
   2      -109.544018860   -3.22e-04    3.01e-03    5.21e-03    1.17e-02    2.34e-02    2.00e-01        0.45
   3      -109.544026997   -8.14e-06    1.15e-04    1.99e-04    1.63e-03    3.26e-03    2.00e-01        0.49
   4      -109.544027009   -1.19e-08    6.13e-07    1.06e-06    5.99e-05    1.20e-04    2.00e-01        0.42
 Geometry optimization stopped:          thresholds achieved

 Final energy:                        -109.544027009

 -----------
  Final XYZ 
 -----------
2
Final structure: -109.544 hartree
N            0.543910952         -0.000000057         -0.000000010
N           -0.543910952          0.000000057          0.000000010

 Structure in entos input format:

  structure(
    xyz = [
      ['N'  ,          0.543910952,         -0.000000057,         -0.000000010],
      ['N'  ,         -0.543910952,          0.000000057,          0.000000010]
    ]
  )

 --------------------------------
  Geometry optimization finished 
 --------------------------------
 Saving results in set 'opt'

 --------------------------------------------------------------------------------
                                 command: hessian                                
 --------------------------------------------------------------------------------

WARNING: semianalytic method is specified for dft hessian, which is not efficient. Try switching to 'method = analytic'


 -------------------------------
  Numerical Geometrical Hessian 
 -------------------------------

 Compute hessian using two-point central differentiation.
 Step size (bohr):                       0.0100

 Frequencies (including translational and rotational modes):
 mode    frequency (cm-1)
    0                0.05 i (imaginary)
    1                0.01 i (imaginary)
    2                0.00 i (imaginary)
    3               21.50
    4               21.57
    5             2495.95

 Project out translational and rotational motions 

 The molecule is linear

 Degrees of freedom for translational and rotational motions: 5

 Vibrational frequencies:
 mode    frequency (cm-1)
    0             2495.95

 --------------------------------------------------------------------------------

 End time:                               Fri Apr 16 16:40:04 2021
 Total wall-clock time:                  8.162 seconds
==================================================================================
