
================================================================================
          _____________ ________ _______________ ________     _________         
         / ___________// ______ \\_____   _____// ______ \   / ________)        
        / /_________  / /      \ \     | |     / /      \ \ | (_______          
       |  __________|| |        | |    | |    | |        | | \________ \        
        \ \_________ | |        | |    | |     \ \______/ /___________) |       
         \__________||_|        |_|    |_|      \________//____________/        
                                                                                
====================================[ Qcore ]===================================

 Git hash:   15a3e7daff0cda5fa9af010ccd19a80288182ecf
 Git date:   Fri, 16 Apr 2021 15:57:16 +0100
 Compiler:   GNU 9.1.0
 Build type: Release
 Version:    1.1.0

 Start time: Fri Apr 23 10:17:18 2021

 Data directory: /work/zw18965/.local/qcore/share/entos/1.1.0/data
 Number of threads: 24
 Number of threads was determined by: command line argument
  - More threads can be used by running 'qcore -n 32'

 --------------------------------------------------------------------------------
                                command: optimize                                
 --------------------------------------------------------------------------------
 Using coordinate system:                tric
 Hessian update scheme:                  bfgs

 ------------------------------------------------------------------------------------------------------------
                   energy      change    grad rms    grad max    step rms    step max       trust    time (s)
 ------------------------------------------------------------------------------------------------------------
   1      -113.235225744                3.08e-03    5.34e-03                            2.00e-01        0.57
   2      -113.235236795   -1.11e-05    1.66e-05    2.87e-05    2.05e-03    4.11e-03    2.00e-01        0.28
   3      -113.235236795   -3.04e-10    1.80e-07    3.12e-07    1.11e-05    2.22e-05    2.00e-01        0.25
 Geometry optimization stopped:          thresholds achieved

 Final energy:                        -113.235236795

 -----------
  Final XYZ 
 -----------
2
Final structure: -113.235 hartree
O            0.561149833         -0.000000000         -0.000000000
C           -0.561149833          0.000000000          0.000000000

 Structure in entos input format:

  structure(
    xyz = [
      ['O'  ,          0.561149833,         -0.000000000,         -0.000000000],
      ['C'  ,         -0.561149833,          0.000000000,          0.000000000]
    ]
  )

 --------------------------------
  Geometry optimization finished 
 --------------------------------
 Saving results in set 'opt'

 --------------------------------------------------------------------------------
                                 command: hessian                                
 --------------------------------------------------------------------------------

WARNING: semianalytic method is specified for dft hessian, which is not efficient. Try switching to 'method = analytic'


 -------------------------------
  Numerical Geometrical Hessian 
 -------------------------------

 Compute hessian using two-point central differentiation.
 Step size (bohr):                       0.0100

 Frequencies (including translational and rotational modes):
 mode    frequency (cm-1)
    0               16.34 i (imaginary)
    1               16.34 i (imaginary)
    2                0.00 i (imaginary)
    3                0.00
    4                0.00
    5             2241.05

 Project out translational and rotational motions 

 The molecule is linear

 Degrees of freedom for translational and rotational motions: 5

 Vibrational frequencies:
 mode    frequency (cm-1)
    0             2241.05

 --------------------------------------------------------------------------------

 End time:                               Fri Apr 23 10:17:23 2021
 Total wall-clock time:                  4.989 seconds
==================================================================================
