
================================================================================
          _____________ ________ _______________ ________     _________         
         / ___________// ______ \\_____   _____// ______ \   / ________)        
        / /_________  / /      \ \     | |     / /      \ \ | (_______          
       |  __________|| |        | |    | |    | |        | | \________ \        
        \ \_________ | |        | |    | |     \ \______/ /___________) |       
         \__________||_|        |_|    |_|      \________//____________/        
                                                                                
====================================[ Qcore ]===================================

 Git hash:   15a3e7daff0cda5fa9af010ccd19a80288182ecf
 Git date:   Fri, 16 Apr 2021 15:57:16 +0100
 Compiler:   GNU 9.1.0
 Build type: Release
 Version:    1.1.0

 Start time: Fri Apr 23 10:17:35 2021

 Data directory: /work/zw18965/.local/qcore/share/entos/1.1.0/data
 Number of threads: 24
 Number of threads was determined by: command line argument
  - More threads can be used by running 'qcore -n 32'

 --------------------------------------------------------------------------------
                                command: optimize                                
 --------------------------------------------------------------------------------
 Using coordinate system:                tric
 Hessian update scheme:                  bfgs

 ------------------------------------------------------------------------------------------------------------
                   energy      change    grad rms    grad max    step rms    step max       trust    time (s)
 ------------------------------------------------------------------------------------------------------------
   1      -399.273166783                7.08e-03    1.54e-02                            2.00e-01        0.70
   2      -399.273489146   -3.22e-04    2.74e-03    5.85e-03    1.29e-02    2.14e-02    2.00e-01        0.40
   3      -399.273549044   -5.99e-05    1.27e-04    2.69e-04    8.37e-03    1.40e-02    2.00e-01        0.41
   4      -399.273549176   -1.33e-07    2.46e-06    5.16e-06    4.17e-04    6.80e-04    2.00e-01        0.38
 Geometry optimization stopped:          thresholds achieved

 Final energy:                        -399.273549176

 -----------
  Final XYZ 
 -----------
3
Final structure: -399.274 hartree
S           -0.001442543          0.619219288         -0.000000020
H            0.966758425         -0.307359147         -0.000000149
H           -0.965315882         -0.311860136          0.000000169

 Structure in entos input format:

  structure(
    xyz = [
      ['S'  ,         -0.001442543,          0.619219288,         -0.000000020],
      ['H'  ,          0.966758425,         -0.307359147,         -0.000000149],
      ['H'  ,         -0.965315882,         -0.311860136,          0.000000169]
    ]
  )

 --------------------------------
  Geometry optimization finished 
 --------------------------------
 Saving results in set 'opt'

 --------------------------------------------------------------------------------
                                 command: hessian                                
 --------------------------------------------------------------------------------

WARNING: semianalytic method is specified for dft hessian, which is not efficient. Try switching to 'method = analytic'


 -------------------------------
  Numerical Geometrical Hessian 
 -------------------------------

 Compute hessian using two-point central differentiation.
 Step size (bohr):                       0.0100

 Frequencies (including translational and rotational modes):
 mode    frequency (cm-1)
    0                0.23 i (imaginary)
    1                0.12 i (imaginary)
    2                0.01
    3               28.75
    4               57.17
    5               59.24
    6             1204.91
    7             2727.01
    8             2741.78

 Project out translational and rotational motions 

 Degrees of freedom for translational and rotational motions: 6

 Vibrational frequencies:
 mode    frequency (cm-1)
    0             1204.91
    1             2727.01
    2             2741.78

 --------------------------------------------------------------------------------

 End time:                               Fri Apr 23 10:17:45 2021
 Total wall-clock time:                  9.557 seconds
==================================================================================
