
================================================================================
          _____________ ________ _______________ ________     _________         
         / ___________// ______ \\_____   _____// ______ \   / ________)        
        / /_________  / /      \ \     | |     / /      \ \ | (_______          
       |  __________|| |        | |    | |    | |        | | \________ \        
        \ \_________ | |        | |    | |     \ \______/ /___________) |       
         \__________||_|        |_|    |_|      \________//____________/        
                                                                                
====================================[ Qcore ]===================================

 Git hash:   15a3e7daff0cda5fa9af010ccd19a80288182ecf
 Git date:   Fri, 16 Apr 2021 15:57:16 +0100
 Compiler:   GNU 9.1.0
 Build type: Release
 Version:    1.1.0

 Start time: Fri Apr 23 10:18:09 2021

 Data directory: /work/zw18965/.local/qcore/share/entos/1.1.0/data
 Number of threads: 24
 Number of threads was determined by: command line argument
  - More threads can be used by running 'qcore -n 32'

 --------------------------------------------------------------------------------
                                command: optimize                                
 --------------------------------------------------------------------------------
 Using coordinate system:                tric
 Hessian update scheme:                  bfgs

 ------------------------------------------------------------------------------------------------------------
                   energy      change    grad rms    grad max    step rms    step max       trust    time (s)
 ------------------------------------------------------------------------------------------------------------
   1      -535.790531202                5.71e-03    1.34e-02                            2.00e-01        0.98
   2      -535.791141769   -6.11e-04    2.37e-03    5.61e-03    3.54e-02    4.33e-02    2.00e-01        0.57
   3      -535.791247245   -1.05e-04    1.87e-04    3.10e-04    2.24e-02    2.68e-02    2.00e-01        0.57
   4      -535.791248516   -1.27e-06    1.38e-04    2.41e-04    1.25e-03    3.61e-03    2.00e-01        0.52
   5      -535.791251387   -2.87e-06    1.27e-04    2.98e-04    2.23e-03    1.58e-02    2.00e-01        0.54
   6      -535.791255494   -4.11e-06    3.84e-04    7.90e-04    2.28e-03    3.26e-02    2.00e-01        0.55
   7      -535.791260777   -5.28e-06    7.69e-04    1.64e-03    2.20e-03    6.34e-02    2.00e-01        0.55
   8      -535.791266079   -5.30e-06    7.03e-04    1.51e-03    1.40e-03    2.16e-02    2.00e-01        0.57
   9      -535.791274460   -8.38e-06    1.88e-04    4.50e-04    5.66e-03    3.45e-02    2.00e-01        0.57
  10      -535.791274844   -3.83e-07    9.37e-05    2.13e-04    7.42e-04    4.97e-03    2.00e-01        0.50
  11      -535.791274936   -9.28e-08    5.84e-06    1.37e-05    4.70e-04    2.78e-03    2.00e-01        0.52
  12      -535.791274941   -4.19e-09    7.13e-07    1.21e-06    3.33e-05    1.18e-03    2.00e-01        0.50
 Geometry optimization stopped:          thresholds achieved

 Final energy:                        -535.791274941

 -----------
  Final XYZ 
 -----------
3
Final structure: -535.791 hartree
O           -0.386399490          0.426022409          0.000001212
Cl           1.232175252         -0.005767235         -0.000002059
H           -0.845775755         -0.420255169          0.000000847

 Structure in entos input format:

  structure(
    xyz = [
      ['O'  ,         -0.386399490,          0.426022409,          0.000001212],
      ['Cl' ,          1.232175252,         -0.005767235,         -0.000002059],
      ['H'  ,         -0.845775755,         -0.420255169,          0.000000847]
    ]
  )

 --------------------------------
  Geometry optimization finished 
 --------------------------------
 Saving results in set 'opt'

 --------------------------------------------------------------------------------
                                 command: hessian                                
 --------------------------------------------------------------------------------

WARNING: semianalytic method is specified for dft hessian, which is not efficient. Try switching to 'method = analytic'


 -------------------------------
  Numerical Geometrical Hessian 
 -------------------------------

 Compute hessian using two-point central differentiation.
 Step size (bohr):                       0.0100

 Frequencies (including translational and rotational modes):
 mode    frequency (cm-1)
    0               30.54 i (imaginary)
    1                0.05 i (imaginary)
    2                0.02
    3                0.06
    4               44.35
    5               56.59
    6              783.44
    7             1281.10
    8             3829.54

 Project out translational and rotational motions 

 Degrees of freedom for translational and rotational motions: 6

 Vibrational frequencies:
 mode    frequency (cm-1)
    0              783.44
    1             1281.10
    2             3829.54

 --------------------------------------------------------------------------------

 End time:                               Fri Apr 23 10:18:26 2021
 Total wall-clock time:                 17.189 seconds
==================================================================================
