
================================================================================
          _____________ ________ _______________ ________     _________         
         / ___________// ______ \\_____   _____// ______ \   / ________)        
        / /_________  / /      \ \     | |     / /      \ \ | (_______          
       |  __________|| |        | |    | |    | |        | | \________ \        
        \ \_________ | |        | |    | |     \ \______/ /___________) |       
         \__________||_|        |_|    |_|      \________//____________/        
                                                                                
====================================[ Qcore ]===================================

 Git hash:   15a3e7daff0cda5fa9af010ccd19a80288182ecf
 Git date:   Fri, 16 Apr 2021 15:57:16 +0100
 Compiler:   GNU 9.1.0
 Build type: Release
 Version:    1.1.0

 Start time: Fri Apr 23 10:18:45 2021

 Data directory: /work/zw18965/.local/qcore/share/entos/1.1.0/data
 Number of threads: 24
 Number of threads was determined by: command line argument
  - More threads can be used by running 'qcore -n 32'

 --------------------------------------------------------------------------------
                                command: optimize                                
 --------------------------------------------------------------------------------
 Using coordinate system:                tric
 Hessian update scheme:                  bfgs

 ------------------------------------------------------------------------------------------------------------
                   energy      change    grad rms    grad max    step rms    step max       trust    time (s)
 ------------------------------------------------------------------------------------------------------------
   1       -56.518697161                2.11e-03    6.31e-03                            2.00e-01        0.70
   2       -56.518831202   -1.34e-04    1.56e-03    4.65e-03    1.29e-02    1.42e-02    2.00e-01        0.43
   3       -56.518918491   -8.73e-05    2.83e-04    4.75e-04    1.96e-02    2.30e-02    2.00e-01        0.45
   4       -56.518919252   -7.61e-07    7.08e-05    1.21e-04    6.50e-04    8.20e-04    2.00e-01        0.42
 Geometry optimization stopped:          thresholds achieved

 Final energy:                         -56.518919252

 -----------
  Final XYZ 
 -----------
4
Final structure: -56.5189 hartree
N           -0.002603097         -0.000631124          0.286642764
H           -0.517661107         -0.779674546         -0.101961020
H           -0.415238717          0.839244996         -0.097474822
H            0.935502921         -0.058939327         -0.087206922

 Structure in entos input format:

  structure(
    xyz = [
      ['N'  ,         -0.002603097,         -0.000631124,          0.286642764],
      ['H'  ,         -0.517661107,         -0.779674546,         -0.101961020],
      ['H'  ,         -0.415238717,          0.839244996,         -0.097474822],
      ['H'  ,          0.935502921,         -0.058939327,         -0.087206922]
    ]
  )

 --------------------------------
  Geometry optimization finished 
 --------------------------------
 Saving results in set 'opt'

 --------------------------------------------------------------------------------
                                 command: hessian                                
 --------------------------------------------------------------------------------

WARNING: semianalytic method is specified for dft hessian, which is not efficient. Try switching to 'method = analytic'


 -------------------------------
  Numerical Geometrical Hessian 
 -------------------------------

 Compute hessian using two-point central differentiation.
 Step size (bohr):                       0.0100

 Frequencies (including translational and rotational modes):
 mode    frequency (cm-1)
    0               54.46 i (imaginary)
    1               52.54 i (imaginary)
    2               46.05 i (imaginary)
    3                0.01 i (imaginary)
    4                0.15
    5                0.20
    6             1052.66
    7             1667.50
    8             1667.61
    9             3505.08
   10             3630.99
   11             3631.10

 Project out translational and rotational motions 

 Degrees of freedom for translational and rotational motions: 6

 Vibrational frequencies:
 mode    frequency (cm-1)
    0             1052.66
    1             1667.50
    2             1667.61
    3             3505.08
    4             3630.99
    5             3631.10

 --------------------------------------------------------------------------------

 End time:                               Fri Apr 23 10:18:57 2021
 Total wall-clock time:                 12.858 seconds
==================================================================================
