
================================================================================
          _____________ ________ _______________ ________     _________         
         / ___________// ______ \\_____   _____// ______ \   / ________)        
        / /_________  / /      \ \     | |     / /      \ \ | (_______          
       |  __________|| |        | |    | |    | |        | | \________ \        
        \ \_________ | |        | |    | |     \ \______/ /___________) |       
         \__________||_|        |_|    |_|      \________//____________/        
                                                                                
====================================[ Qcore ]===================================

 Git hash:   15a3e7daff0cda5fa9af010ccd19a80288182ecf
 Git date:   Fri, 16 Apr 2021 15:57:16 +0100
 Compiler:   GNU 9.1.0
 Build type: Release
 Version:    1.1.0

 Start time: Fri Apr 23 10:18:29 2021

 Data directory: /work/zw18965/.local/qcore/share/entos/1.1.0/data
 Number of threads: 24
 Number of threads was determined by: command line argument
  - More threads can be used by running 'qcore -n 32'

 --------------------------------------------------------------------------------
                                command: optimize                                
 --------------------------------------------------------------------------------
 Using coordinate system:                tric
 Hessian update scheme:                  bfgs

 ------------------------------------------------------------------------------------------------------------
                   energy      change    grad rms    grad max    step rms    step max       trust    time (s)
 ------------------------------------------------------------------------------------------------------------
   1      -115.645873615                3.16e-03    7.25e-03                            2.00e-01        1.47
   2      -115.646081677   -2.08e-04    6.52e-04    1.34e-03    1.49e-02    1.54e-02    2.00e-01        1.04
   3      -115.646093931   -1.23e-05    1.25e-04    2.48e-04    4.76e-03    6.57e-03    2.00e-01        1.01
   4      -115.646094710   -7.80e-07    7.89e-05    1.55e-04    1.60e-03    1.89e-03    2.00e-01        1.02
   5      -115.646094858   -1.47e-07    2.73e-05    7.97e-05    6.31e-04    8.39e-04    2.00e-01        0.98
 Geometry optimization stopped:          thresholds achieved

 Final energy:                        -115.646094858

 -----------
  Final XYZ 
 -----------
6
Final structure: -115.646 hartree
C           -0.355640268         -0.042141467         -0.017044493
O            0.995148904         -0.345447102         -0.275335852
H           -0.528072220          1.033672853          0.097814371
H           -0.618874361         -0.527612766          0.921857449
H           -1.026025896         -0.423373205         -0.795205239
H            1.250021001          0.071076825         -1.097891179

 Structure in entos input format:

  structure(
    xyz = [
      ['C'  ,         -0.355640268,         -0.042141467,         -0.017044493],
      ['O'  ,          0.995148904,         -0.345447102,         -0.275335852],
      ['H'  ,         -0.528072220,          1.033672853,          0.097814371],
      ['H'  ,         -0.618874361,         -0.527612766,          0.921857449],
      ['H'  ,         -1.026025896,         -0.423373205,         -0.795205239],
      ['H'  ,          1.250021001,          0.071076825,         -1.097891179]
    ]
  )

 --------------------------------
  Geometry optimization finished 
 --------------------------------
 Saving results in set 'opt'

 --------------------------------------------------------------------------------
                                 command: hessian                                
 --------------------------------------------------------------------------------

WARNING: semianalytic method is specified for dft hessian, which is not efficient. Try switching to 'method = analytic'


 -------------------------------
  Numerical Geometrical Hessian 
 -------------------------------

 Compute hessian using two-point central differentiation.
 Step size (bohr):                       0.0100

 Frequencies (including translational and rotational modes):
 mode    frequency (cm-1)
    0               32.43 i (imaginary)
    1                6.30 i (imaginary)
    2                0.21 i (imaginary)
    3                0.02 i (imaginary)
    4                0.01
    5                8.69
    6              295.25
    7             1064.91
    8             1107.93
    9             1175.76
   10             1375.69
   11             1477.40
   12             1491.18
   13             1506.32
   14             3003.60
   15             3055.73
   16             3126.50
   17             3895.45

 Project out translational and rotational motions 

 Degrees of freedom for translational and rotational motions: 6

 Vibrational frequencies:
 mode    frequency (cm-1)
    0              295.24
    1             1064.91
    2             1107.93
    3             1175.76
    4             1375.69
    5             1477.40
    6             1491.18
    7             1506.32
    8             3003.60
    9             3055.73
   10             3126.50
   11             3895.45

 --------------------------------------------------------------------------------

 End time:                               Fri Apr 23 10:19:12 2021
 Total wall-clock time:                 42.668 seconds
==================================================================================
