
================================================================================
          _____________ ________ _______________ ________     _________         
         / ___________// ______ \\_____   _____// ______ \   / ________)        
        / /_________  / /      \ \     | |     / /      \ \ | (_______          
       |  __________|| |        | |    | |    | |        | | \________ \        
        \ \_________ | |        | |    | |     \ \______/ /___________) |       
         \__________||_|        |_|    |_|      \________//____________/        
                                                                                
====================================[ Qcore ]===================================

 Git hash:   bfa4c3a672cc1ff01df8911b87991f8932a2a687
 Git date:   Fri, 12 Feb 2021 10:05:04 +0000
 Compiler:   GNU 9.1.0
 Build type: Release
 Version:    0.8.19

 Start time: Fri Apr 16 16:26:44 2021

 Data directory: /home/zw18965/.local/qcore/share/entos/0.8.19/data
 Number of threads: 24
 Number of threads was determined by: command line argument

 --------------------------------------------------------------------------------
                                command: optimize                                
 --------------------------------------------------------------------------------
 Using coordinate system:                tric
 Hessian update scheme:                  bfgs

 ------------------------------------------------------------------------------------------------------------
                   energy      change    grad rms    grad max    step rms    step max       trust    time (s)
 ------------------------------------------------------------------------------------------------------------
   1       -40.508187963                1.36e-04    2.22e-04                            2.00e-01        1.41
   2       -40.508188325   -3.61e-07    3.67e-05    6.01e-05    4.83e-04    5.46e-04    2.00e-01        1.01
 Geometry optimization stopped:          thresholds achieved

 Final energy:                         -40.508188325

 -----------
  Final XYZ 
 -----------
5
Final structure: -40.5082 hartree
C           -0.000023030          0.000023284          0.000001088
H            0.551059389          0.795289488          0.493755829
H            0.679630720         -0.808941695         -0.252176292
H           -0.773945472         -0.371475511          0.665564426
H           -0.456821606          0.385204432         -0.907145145

 Structure in entos input format:

  structure(
    xyz = [
      ['C'  ,         -0.000023030,          0.000023284,          0.000001088],
      ['H'  ,          0.551059389,          0.795289488,          0.493755829],
      ['H'  ,          0.679630720,         -0.808941695,         -0.252176292],
      ['H'  ,         -0.773945472,         -0.371475511,          0.665564426],
      ['H'  ,         -0.456821606,          0.385204432,         -0.907145145]
    ]
  )

 --------------------------------
  Geometry optimization finished 
 --------------------------------
 Saving results in set 'opt'

 --------------------------------------------------------------------------------
                                 command: hessian                                
 --------------------------------------------------------------------------------

WARNING: semianalytic method is specified for dft hessian, which is not efficient. Try switching to 'method = analytic'


 -------------------------------
  Numerical Geometrical Hessian 
 -------------------------------

 Compute hessian using two-point central differentiation.
 Step size (bohr):                       0.0100

 Frequencies (including translational and rotational modes):
 mode    frequency (cm-1)
    0               42.07 i (imaginary)
    1               40.41 i (imaginary)
    2               21.15 i (imaginary)
    3                0.06
    4                0.12
    5                0.25
    6             1345.68
    7             1346.09
    8             1346.18
    9             1564.28
   10             1564.50
   11             3051.13
   12             3158.88
   13             3159.04
   14             3159.24

 Project out translational and rotational motions 

 Degrees of freedom for translational and rotational motions: 6

 Vibrational frequencies:
 mode    frequency (cm-1)
    0             1345.68
    1             1346.09
    2             1346.18
    3             1564.28
    4             1564.50
    5             3051.13
    6             3158.88
    7             3159.04
    8             3159.24

 --------------------------------------------------------------------------------

 End time:                               Fri Apr 16 16:27:19 2021
 Total wall-clock time:                 35.532 seconds
==================================================================================
