
================================================================================
          _____________ ________ _______________ ________     _________         
         / ___________// ______ \\_____   _____// ______ \   / ________)        
        / /_________  / /      \ \     | |     / /      \ \ | (_______          
       |  __________|| |        | |    | |    | |        | | \________ \        
        \ \_________ | |        | |    | |     \ \______/ /___________) |       
         \__________||_|        |_|    |_|      \________//____________/        
                                                                                
====================================[ Qcore ]===================================

 Git hash:   bfa4c3a672cc1ff01df8911b87991f8932a2a687
 Git date:   Fri, 12 Feb 2021 10:05:04 +0000
 Compiler:   GNU 9.1.0
 Build type: Release
 Version:    0.8.19

 Start time: Fri Apr 16 16:27:34 2021

 Data directory: /home/zw18965/.local/qcore/share/entos/0.8.19/data
 Number of threads: 24
 Number of threads was determined by: command line argument

 --------------------------------------------------------------------------------
                                command: optimize                                
 --------------------------------------------------------------------------------
 Using coordinate system:                tric
 Hessian update scheme:                  bfgs

 ------------------------------------------------------------------------------------------------------------
                   energy      change    grad rms    grad max    step rms    step max       trust    time (s)
 ------------------------------------------------------------------------------------------------------------
   1      -553.052655045                2.92e-03    6.39e-03                            2.00e-01        2.25
   2      -553.052673622   -1.86e-05    3.14e-04    6.93e-04    2.86e-03    5.36e-03    2.00e-01        1.36
   3      -553.052673951   -3.30e-07    1.77e-04    3.86e-04    3.14e-04    6.99e-04    2.00e-01        1.29
   4      -553.052674122   -1.70e-07    6.68e-06    1.10e-05    4.39e-04    9.66e-04    2.00e-01        1.31
 Geometry optimization stopped:          thresholds achieved

 Final energy:                        -553.052674122

 -----------
  Final XYZ 
 -----------
3
Final structure: -553.053 hartree
Cl           1.402569167         -0.803602744         -0.000000053
C           -0.153621840         -0.329144729          0.000000107
N           -1.248947322          0.004810237         -0.000000054

 Structure in entos input format:

  structure(
    xyz = [
      ['Cl' ,          1.402569167,         -0.803602744,         -0.000000053],
      ['C'  ,         -0.153621840,         -0.329144729,          0.000000107],
      ['N'  ,         -1.248947322,          0.004810237,         -0.000000054]
    ]
  )

 --------------------------------
  Geometry optimization finished 
 --------------------------------
 Saving results in set 'opt'

 --------------------------------------------------------------------------------
                                 command: hessian                                
 --------------------------------------------------------------------------------

WARNING: semianalytic method is specified for dft hessian, which is not efficient. Try switching to 'method = analytic'


 -------------------------------
  Numerical Geometrical Hessian 
 -------------------------------

 Compute hessian using two-point central differentiation.
 Step size (bohr):                       0.0100

 Frequencies (including translational and rotational modes):
 mode    frequency (cm-1)
    0                0.14 i (imaginary)
    1                0.04 i (imaginary)
    2                0.01
    3                9.91
    4               12.68
    5              412.71
    6              413.10
    7              761.78
    8             2368.29

 Project out translational and rotational motions 

 Degrees of freedom for translational and rotational motions: 6

 Vibrational frequencies:
 mode    frequency (cm-1)
    0              412.71
    1              761.78
    2             2368.29

 --------------------------------------------------------------------------------

 End time:                               Fri Apr 16 16:28:07 2021
 Total wall-clock time:                 32.772 seconds
==================================================================================
