
================================================================================
          _____________ ________ _______________ ________     _________         
         / ___________// ______ \\_____   _____// ______ \   / ________)        
        / /_________  / /      \ \     | |     / /      \ \ | (_______          
       |  __________|| |        | |    | |    | |        | | \________ \        
        \ \_________ | |        | |    | |     \ \______/ /___________) |       
         \__________||_|        |_|    |_|      \________//____________/        
                                                                                
====================================[ Qcore ]===================================

 Git hash:   bfa4c3a672cc1ff01df8911b87991f8932a2a687
 Git date:   Fri, 12 Feb 2021 10:05:04 +0000
 Compiler:   GNU 9.1.0
 Build type: Release
 Version:    0.8.19

 Start time: Fri Apr 16 16:29:29 2021

 Data directory: /home/zw18965/.local/qcore/share/entos/0.8.19/data
 Number of threads: 24
 Number of threads was determined by: command line argument

 --------------------------------------------------------------------------------
                                command: optimize                                
 --------------------------------------------------------------------------------
 Using coordinate system:                tric
 Hessian update scheme:                  bfgs

 ------------------------------------------------------------------------------------------------------------
                   energy      change    grad rms    grad max    step rms    step max       trust    time (s)
 ------------------------------------------------------------------------------------------------------------
   1      -436.237491772                1.03e-03    1.78e-03                            2.00e-01        1.24
   2      -436.237493771   -2.00e-06    4.91e-04    8.51e-04    7.60e-04    1.52e-03    2.00e-01        0.67
   3      -436.237494364   -5.93e-07    1.99e-06    3.45e-06    6.95e-04    1.39e-03    2.00e-01        0.66
   4      -436.237494364   -8.08e-11    5.47e-08    9.48e-08    2.83e-06    5.66e-06    2.00e-01        0.59
 Geometry optimization stopped:          thresholds achieved

 Final energy:                        -436.237494364

 -----------
  Final XYZ 
 -----------
2
Final structure: -436.237 hartree
C            0.000000026          0.000000003          0.010532681
S           -0.000000026         -0.000000003          1.529167316

 Structure in entos input format:

  structure(
    xyz = [
      ['C'  ,          0.000000026,          0.000000003,          0.010532681],
      ['S'  ,         -0.000000026,         -0.000000003,          1.529167316]
    ]
  )

 --------------------------------
  Geometry optimization finished 
 --------------------------------
 Saving results in set 'opt'

 --------------------------------------------------------------------------------
                                 command: hessian                                
 --------------------------------------------------------------------------------

WARNING: semianalytic method is specified for dft hessian, which is not efficient. Try switching to 'method = analytic'


 -------------------------------
  Numerical Geometrical Hessian 
 -------------------------------

 Compute hessian using two-point central differentiation.
 Step size (bohr):                       0.0100

 Frequencies (including translational and rotational modes):
 mode    frequency (cm-1)
    0               14.42 i (imaginary)
    1               14.33 i (imaginary)
    2                0.00 i (imaginary)
    3                0.02
    4                0.04
    5             1356.29

 Project out translational and rotational motions 

 The molecule is linear

 Degrees of freedom for translational and rotational motions: 5

 Vibrational frequencies:
 mode    frequency (cm-1)
    0             1356.29

 --------------------------------------------------------------------------------

 End time:                               Fri Apr 16 16:29:41 2021
 Total wall-clock time:                 12.494 seconds
==================================================================================
