
================================================================================
          _____________ ________ _______________ ________     _________         
         / ___________// ______ \\_____   _____// ______ \   / ________)        
        / /_________  / /      \ \     | |     / /      \ \ | (_______          
       |  __________|| |        | |    | |    | |        | | \________ \        
        \ \_________ | |        | |    | |     \ \______/ /___________) |       
         \__________||_|        |_|    |_|      \________//____________/        
                                                                                
====================================[ Qcore ]===================================

 Git hash:   bfa4c3a672cc1ff01df8911b87991f8932a2a687
 Git date:   Fri, 12 Feb 2021 10:05:04 +0000
 Compiler:   GNU 9.1.0
 Build type: Release
 Version:    0.8.19

 Start time: Fri Apr 16 16:32:00 2021

 Data directory: /home/zw18965/.local/qcore/share/entos/0.8.19/data
 Number of threads: 24
 Number of threads was determined by: command line argument

 --------------------------------------------------------------------------------
                                command: optimize                                
 --------------------------------------------------------------------------------
 Using coordinate system:                tric
 Hessian update scheme:                  bfgs

 ------------------------------------------------------------------------------------------------------------
                   energy      change    grad rms    grad max    step rms    step max       trust    time (s)
 ------------------------------------------------------------------------------------------------------------
   1      -100.473048534                3.68e-03    6.37e-03                            2.00e-01        0.57
   2      -100.473080672   -3.21e-05    9.03e-04    1.56e-03    4.04e-03    8.07e-03    2.00e-01        0.29
   3      -100.473082685   -2.01e-06    1.86e-05    3.22e-05    1.31e-03    2.62e-03    2.00e-01        0.28
   4      -100.473082686   -8.44e-10    1.36e-07    2.35e-07    2.65e-05    5.29e-05    2.00e-01        0.24
 Geometry optimization stopped:          thresholds achieved

 Final energy:                        -100.473082686

 -----------
  Final XYZ 
 -----------
2
Final structure: -100.473 hartree
F            0.460647512          0.000000535          0.000000008
H           -0.460647512         -0.000000535         -0.000000008

 Structure in entos input format:

  structure(
    xyz = [
      ['F'  ,          0.460647512,          0.000000535,          0.000000008],
      ['H'  ,         -0.460647512,         -0.000000535,         -0.000000008]
    ]
  )

 --------------------------------
  Geometry optimization finished 
 --------------------------------
 Saving results in set 'opt'

 --------------------------------------------------------------------------------
                                 command: hessian                                
 --------------------------------------------------------------------------------

WARNING: semianalytic method is specified for dft hessian, which is not efficient. Try switching to 'method = analytic'


 -------------------------------
  Numerical Geometrical Hessian 
 -------------------------------

 Compute hessian using two-point central differentiation.
 Step size (bohr):                       0.0100

 Frequencies (including translational and rotational modes):
 mode    frequency (cm-1)
    0                0.07 i (imaginary)
    1                0.01 i (imaginary)
    2                0.00 i (imaginary)
    3               15.45
    4               15.83
    5             4107.41

 Project out translational and rotational motions 

 The molecule is linear

 Degrees of freedom for translational and rotational motions: 5

 Vibrational frequencies:
 mode    frequency (cm-1)
    0             4107.41

 --------------------------------------------------------------------------------

 End time:                               Fri Apr 16 16:32:05 2021
 Total wall-clock time:                  5.281 seconds
==================================================================================
