
================================================================================
          _____________ ________ _______________ ________     _________         
         / ___________// ______ \\_____   _____// ______ \   / ________)        
        / /_________  / /      \ \     | |     / /      \ \ | (_______          
       |  __________|| |        | |    | |    | |        | | \________ \        
        \ \_________ | |        | |    | |     \ \______/ /___________) |       
         \__________||_|        |_|    |_|      \________//____________/        
                                                                                
====================================[ Qcore ]===================================

 Git hash:   bfa4c3a672cc1ff01df8911b87991f8932a2a687
 Git date:   Fri, 12 Feb 2021 10:05:04 +0000
 Compiler:   GNU 9.1.0
 Build type: Release
 Version:    0.8.19

 Start time: Fri Apr 16 16:32:05 2021

 Data directory: /home/zw18965/.local/qcore/share/entos/0.8.19/data
 Number of threads: 24
 Number of threads was determined by: command line argument

 --------------------------------------------------------------------------------
                                command: optimize                                
 --------------------------------------------------------------------------------
 Using coordinate system:                tric
 Hessian update scheme:                  bfgs

 ------------------------------------------------------------------------------------------------------------
                   energy      change    grad rms    grad max    step rms    step max       trust    time (s)
 ------------------------------------------------------------------------------------------------------------
   1      -130.489030008                9.20e-03    1.97e-02                            2.00e-01        1.35
   2      -130.489351553   -3.22e-04    1.20e-03    2.05e-03    1.86e-02    2.00e-02    2.00e-01        0.79
   3      -130.489356093   -4.54e-06    1.52e-04    3.70e-04    1.51e-03    2.62e-03    2.00e-01        0.73
   4      -130.489356286   -1.93e-07    2.53e-05    4.47e-05    4.71e-04    8.20e-04    2.00e-01        0.70
 Geometry optimization stopped:          thresholds achieved

 Final energy:                        -130.489356286

 -----------
  Final XYZ 
 -----------
3
Final structure: -130.489 hartree
N           -0.067656255          0.431702379         -0.000000001
O            0.948073252         -0.189976881         -0.000000020
H           -0.880416991         -0.241725497          0.000000022

 Structure in entos input format:

  structure(
    xyz = [
      ['N'  ,         -0.067656255,          0.431702379,         -0.000000001],
      ['O'  ,          0.948073252,         -0.189976881,         -0.000000020],
      ['H'  ,         -0.880416991,         -0.241725497,          0.000000022]
    ]
  )

 --------------------------------
  Geometry optimization finished 
 --------------------------------
 Saving results in set 'opt'

 --------------------------------------------------------------------------------
                                 command: hessian                                
 --------------------------------------------------------------------------------

WARNING: semianalytic method is specified for dft hessian, which is not efficient. Try switching to 'method = analytic'


 -------------------------------
  Numerical Geometrical Hessian 
 -------------------------------

 Compute hessian using two-point central differentiation.
 Step size (bohr):                       0.0100

 Frequencies (including translational and rotational modes):
 mode    frequency (cm-1)
    0               20.76 i (imaginary)
    1                0.44 i (imaginary)
    2                0.09 i (imaginary)
    3                0.26
    4                4.27
    5               27.05
    6             1576.60
    7             1721.96
    8             2954.40

 Project out translational and rotational motions 

 Degrees of freedom for translational and rotational motions: 6

 Vibrational frequencies:
 mode    frequency (cm-1)
    0             1576.60
    1             1721.96
    2             2954.40

 --------------------------------------------------------------------------------

 End time:                               Fri Apr 16 16:32:24 2021
 Total wall-clock time:                 18.487 seconds
==================================================================================
