
================================================================================
          _____________ ________ _______________ ________     _________         
         / ___________// ______ \\_____   _____// ______ \   / ________)        
        / /_________  / /      \ \     | |     / /      \ \ | (_______          
       |  __________|| |        | |    | |    | |        | | \________ \        
        \ \_________ | |        | |    | |     \ \______/ /___________) |       
         \__________||_|        |_|    |_|      \________//____________/        
                                                                                
====================================[ Qcore ]===================================

 Git hash:   15a3e7daff0cda5fa9af010ccd19a80288182ecf
 Git date:   Fri, 16 Apr 2021 15:57:16 +0100
 Compiler:   GNU 9.1.0
 Build type: Release
 Version:    1.1.0

 Start time: Fri Apr 23 10:00:04 2021

 Data directory: /work/zw18965/.local/qcore/share/entos/1.1.0/data
 Number of threads: 24
 Number of threads was determined by: command line argument
  - More threads can be used by running 'qcore -n 32'

 --------------------------------------------------------------------------------
                                command: optimize                                
 --------------------------------------------------------------------------------
 Using coordinate system:                tric
 Hessian update scheme:                  bfgs

 ------------------------------------------------------------------------------------------------------------
                   energy      change    grad rms    grad max    step rms    step max       trust    time (s)
 ------------------------------------------------------------------------------------------------------------
   1      -958.452774140                2.17e-02    4.96e-02                            2.00e-01        1.05
   2      -958.457502018   -4.73e-03    1.44e-02    2.91e-02    9.65e-02    1.13e-01    2.00e-01        0.73
   3      -958.459550604   -2.05e-03    6.22e-03    1.09e-02    5.72e-02    6.44e-02    2.00e-01        0.78
   4      -958.460107209   -5.57e-04    1.73e-03    3.45e-03    2.79e-02    3.84e-02    2.00e-01        0.72
   5      -958.460174177   -6.70e-05    1.42e-04    3.10e-04    1.51e-02    1.36e-02    2.00e-01        0.70
   6      -958.460175011   -8.34e-07    2.08e-05    4.68e-05    1.83e-03    2.19e-03    2.00e-01        0.67
   7      -958.460175263   -2.52e-07    2.97e-05    5.77e-05    3.62e-04    2.55e-03    2.00e-01        0.63
   8      -958.460176466   -1.20e-06    1.08e-04    2.19e-04    1.31e-03    1.98e-02    2.00e-01        0.67
   9      -958.460177916   -1.45e-06    1.47e-04    3.04e-04    6.26e-04    2.93e-02    2.00e-01        0.68
  10      -958.460178936   -1.02e-06    1.07e-04    2.26e-04    5.98e-04    2.82e-02    2.00e-01        0.65
  11      -958.460179431   -4.95e-07    3.13e-05    7.09e-05    1.15e-03    7.62e-03    2.00e-01        0.65
Rejecting step due to low quality: Quality: -1.34266 New trust radius: 0.000212351
  12      -958.460179384    4.71e-08    3.13e-05    7.09e-05    4.25e-04    1.85e-03    2.12e-04        0.63
  13      -958.460179417    1.36e-08    1.82e-05    4.13e-05    2.12e-04    9.24e-04    1.06e-04        0.63
 Geometry optimization stopped:          thresholds achieved

 Final energy:                        -958.460179417

 -----------
  Final XYZ 
 -----------
3
Final structure: -958.46 hartree
C            0.000000844         -0.047318397          0.023396765
Cl          -0.000008397          0.964398538         -1.407489721
Cl           0.000007553          0.966240463          1.452822414

 Structure in entos input format:

  structure(
    xyz = [
      ['C'  ,          0.000000844,         -0.047318397,          0.023396765],
      ['Cl' ,         -0.000008397,          0.964398538,         -1.407489721],
      ['Cl' ,          0.000007553,          0.966240463,          1.452822414]
    ]
  )

 --------------------------------
  Geometry optimization finished 
 --------------------------------
 Saving results in set 'opt'

 --------------------------------------------------------------------------------
                                 command: hessian                                
 --------------------------------------------------------------------------------

WARNING: semianalytic method is specified for dft hessian, which is not efficient. Try switching to 'method = analytic'


 -------------------------------
  Numerical Geometrical Hessian 
 -------------------------------

 Compute hessian using two-point central differentiation.
 Step size (bohr):                       0.0100

 Frequencies (including translational and rotational modes):
 mode    frequency (cm-1)
    0                0.03 i (imaginary)
    1                0.01 i (imaginary)
    2                0.01 i (imaginary)
    3               17.27
    4               18.70
    5               44.95
    6              311.45
    7              664.15
    8              671.47

 Project out translational and rotational motions 

 Degrees of freedom for translational and rotational motions: 6

 Vibrational frequencies:
 mode    frequency (cm-1)
    0              311.45
    1              664.15
    2              671.47

 --------------------------------------------------------------------------------

 End time:                               Fri Apr 23 10:00:26 2021
 Total wall-clock time:                 22.522 seconds
==================================================================================
