
================================================================================
          _____________ ________ _______________ ________     _________         
         / ___________// ______ \\_____   _____// ______ \   / ________)        
        / /_________  / /      \ \     | |     / /      \ \ | (_______          
       |  __________|| |        | |    | |    | |        | | \________ \        
        \ \_________ | |        | |    | |     \ \______/ /___________) |       
         \__________||_|        |_|    |_|      \________//____________/        
                                                                                
====================================[ Qcore ]===================================

 Git hash:   15a3e7daff0cda5fa9af010ccd19a80288182ecf
 Git date:   Fri, 16 Apr 2021 15:57:16 +0100
 Compiler:   GNU 9.1.0
 Build type: Release
 Version:    1.1.0

 Start time: Fri Apr 23 10:00:30 2021

 Data directory: /work/zw18965/.local/qcore/share/entos/1.1.0/data
 Number of threads: 24
 Number of threads was determined by: command line argument
  - More threads can be used by running 'qcore -n 32'

 --------------------------------------------------------------------------------
                                command: optimize                                
 --------------------------------------------------------------------------------
 Using coordinate system:                tric
 Hessian update scheme:                  bfgs

 ------------------------------------------------------------------------------------------------------------
                   energy      change    grad rms    grad max    step rms    step max       trust    time (s)
 ------------------------------------------------------------------------------------------------------------
   1      -113.354497263                1.45e-02    2.51e-02                            2.00e-01        0.59
   2      -113.354752727   -2.55e-04    9.54e-04    1.65e-03    9.65e-03    1.93e-02    2.00e-01        0.28
   3      -113.354753900   -1.17e-06    3.69e-05    6.38e-05    6.80e-04    1.36e-03    2.00e-01        0.25
Rejecting step due to low quality: Quality: -3.52215 New trust radius: 1.36597e-05
   4      -113.354753894    6.14e-09    3.69e-05    6.38e-05    2.73e-05    5.46e-05    1.37e-05        0.23
 Geometry optimization stopped:          thresholds achieved

 Final energy:                        -113.354753894

 -----------
  Final XYZ 
 -----------
2
Final structure: -113.355 hartree
O            0.567709154         -0.000000060         -0.000000093
C           -0.567709154          0.000000060          0.000000093

 Structure in entos input format:

  structure(
    xyz = [
      ['O'  ,          0.567709154,         -0.000000060,         -0.000000093],
      ['C'  ,         -0.567709154,          0.000000060,          0.000000093]
    ]
  )

 --------------------------------
  Geometry optimization finished 
 --------------------------------
 Saving results in set 'opt'

 --------------------------------------------------------------------------------
                                 command: hessian                                
 --------------------------------------------------------------------------------

WARNING: semianalytic method is specified for dft hessian, which is not efficient. Try switching to 'method = analytic'


 -------------------------------
  Numerical Geometrical Hessian 
 -------------------------------

 Compute hessian using two-point central differentiation.
 Step size (bohr):                       0.0100

 Frequencies (including translational and rotational modes):
 mode    frequency (cm-1)
    0               22.75 i (imaginary)
    1               22.73 i (imaginary)
    2                0.00 i (imaginary)
    3                0.00 i (imaginary)
    4                0.02
    5             2118.67

 Project out translational and rotational motions 

 The molecule is linear

 Degrees of freedom for translational and rotational motions: 5

 Vibrational frequencies:
 mode    frequency (cm-1)
    0             2118.67

 --------------------------------------------------------------------------------

 End time:                               Fri Apr 23 10:00:35 2021
 Total wall-clock time:                  4.994 seconds
==================================================================================
