
================================================================================
          _____________ ________ _______________ ________     _________         
         / ___________// ______ \\_____   _____// ______ \   / ________)        
        / /_________  / /      \ \     | |     / /      \ \ | (_______          
       |  __________|| |        | |    | |    | |        | | \________ \        
        \ \_________ | |        | |    | |     \ \______/ /___________) |       
         \__________||_|        |_|    |_|      \________//____________/        
                                                                                
====================================[ Qcore ]===================================

 Git hash:   15a3e7daff0cda5fa9af010ccd19a80288182ecf
 Git date:   Fri, 16 Apr 2021 15:57:16 +0100
 Compiler:   GNU 9.1.0
 Build type: Release
 Version:    1.1.0

 Start time: Fri Apr 23 09:59:47 2021

 Data directory: /work/zw18965/.local/qcore/share/entos/1.1.0/data
 Number of threads: 24
 Number of threads was determined by: command line argument
  - More threads can be used by running 'qcore -n 32'

 --------------------------------------------------------------------------------
                                command: optimize                                
 --------------------------------------------------------------------------------
 Using coordinate system:                tric
 Hessian update scheme:                  bfgs

 ------------------------------------------------------------------------------------------------------------
                   energy      change    grad rms    grad max    step rms    step max       trust    time (s)
 ------------------------------------------------------------------------------------------------------------
   1      -437.490225486                3.10e-03    5.76e-03                            2.00e-01        1.11
   2      -437.490373453   -1.48e-04    1.77e-03    4.50e-03    1.26e-02    1.68e-02    2.00e-01        0.64
   3      -437.490414786   -4.13e-05    6.92e-04    1.98e-03    9.67e-03    1.54e-02    2.00e-01        0.64
   4      -437.490417652   -2.87e-06    3.03e-04    8.14e-04    1.33e-03    2.83e-03    2.00e-01        0.58
   5      -437.490418416   -7.64e-07    1.82e-05    4.02e-05    7.20e-04    1.21e-03    2.00e-01        0.59
   6      -437.490418417   -5.92e-10    1.92e-06    3.42e-06    1.12e-04    1.29e-04    5.62e-05        0.55
 Geometry optimization stopped:          thresholds achieved

 Final energy:                        -437.490418417

 -----------
  Final XYZ 
 -----------
4
Final structure: -437.49 hartree
C           -0.112809651          0.008898401          0.001223941
S            1.501800115         -0.118865713         -0.015780823
H           -0.667682409          0.274537256          0.905634485
H           -0.721312193         -0.164632238         -0.890998200

 Structure in entos input format:

  structure(
    xyz = [
      ['C'  ,         -0.112809651,          0.008898401,          0.001223941],
      ['S'  ,          1.501800115,         -0.118865713,         -0.015780823],
      ['H'  ,         -0.667682409,          0.274537256,          0.905634485],
      ['H'  ,         -0.721312193,         -0.164632238,         -0.890998200]
    ]
  )

 --------------------------------
  Geometry optimization finished 
 --------------------------------
 Saving results in set 'opt'

 --------------------------------------------------------------------------------
                                 command: hessian                                
 --------------------------------------------------------------------------------

WARNING: semianalytic method is specified for dft hessian, which is not efficient. Try switching to 'method = analytic'


 -------------------------------
  Numerical Geometrical Hessian 
 -------------------------------

 Compute hessian using two-point central differentiation.
 Step size (bohr):                       0.0100

 Frequencies (including translational and rotational modes):
 mode    frequency (cm-1)
    0               22.24 i (imaginary)
    1               14.67 i (imaginary)
    2                0.04 i (imaginary)
    3                0.02
    4                0.15
    5               11.44
    6              980.46
    7              989.98
    8             1042.93
    9             1455.31
   10             2973.86
   11             3047.80

 Project out translational and rotational motions 

 Degrees of freedom for translational and rotational motions: 6

 Vibrational frequencies:
 mode    frequency (cm-1)
    0              980.46
    1              989.98
    2             1042.93
    3             1455.31
    4             2973.86
    5             3047.80

 --------------------------------------------------------------------------------

 End time:                               Fri Apr 23 10:00:07 2021
 Total wall-clock time:                 20.036 seconds
==================================================================================
