
================================================================================
          _____________ ________ _______________ ________     _________         
         / ___________// ______ \\_____   _____// ______ \   / ________)        
        / /_________  / /      \ \     | |     / /      \ \ | (_______          
       |  __________|| |        | |    | |    | |        | | \________ \        
        \ \_________ | |        | |    | |     \ \______/ /___________) |       
         \__________||_|        |_|    |_|      \________//____________/        
                                                                                
====================================[ Qcore ]===================================

 Git hash:   15a3e7daff0cda5fa9af010ccd19a80288182ecf
 Git date:   Fri, 16 Apr 2021 15:57:16 +0100
 Compiler:   GNU 9.1.0
 Build type: Release
 Version:    1.1.0

 Start time: Fri Apr 23 10:00:31 2021

 Data directory: /work/zw18965/.local/qcore/share/entos/1.1.0/data
 Number of threads: 24
 Number of threads was determined by: command line argument
  - More threads can be used by running 'qcore -n 32'

 --------------------------------------------------------------------------------
                                command: optimize                                
 --------------------------------------------------------------------------------
 Using coordinate system:                tric
 Hessian update scheme:                  bfgs

 ------------------------------------------------------------------------------------------------------------
                   energy      change    grad rms    grad max    step rms    step max       trust    time (s)
 ------------------------------------------------------------------------------------------------------------
   1      -130.524571528                8.98e-03    1.79e-02                            2.00e-01        0.80
   2      -130.524890594   -3.19e-04    2.90e-03    6.34e-03    1.10e-02    1.93e-02    2.00e-01        0.40
   3      -130.524936774   -4.62e-05    2.63e-04    5.39e-04    6.21e-03    1.12e-02    2.00e-01        0.40
   4      -130.524937181   -4.06e-07    1.39e-04    3.13e-04    5.01e-04    1.17e-03    2.00e-01        0.39
   5      -130.524937281   -9.97e-08    4.37e-05    7.95e-05    2.99e-04    6.59e-04    2.00e-01        0.37
 Geometry optimization stopped:          thresholds achieved

 Final energy:                        -130.524937281

 -----------
  Final XYZ 
 -----------
3
Final structure: -130.525 hartree
N           -0.068215239          0.441991719          0.000000134
O            0.965865990         -0.194013030         -0.000000134
H           -0.897650746         -0.247978689         -0.000000001

 Structure in entos input format:

  structure(
    xyz = [
      ['N'  ,         -0.068215239,          0.441991719,          0.000000134],
      ['O'  ,          0.965865990,         -0.194013030,         -0.000000134],
      ['H'  ,         -0.897650746,         -0.247978689,         -0.000000001]
    ]
  )

 --------------------------------
  Geometry optimization finished 
 --------------------------------
 Saving results in set 'opt'

 --------------------------------------------------------------------------------
                                 command: hessian                                
 --------------------------------------------------------------------------------

WARNING: semianalytic method is specified for dft hessian, which is not efficient. Try switching to 'method = analytic'


 -------------------------------
  Numerical Geometrical Hessian 
 -------------------------------

 Compute hessian using two-point central differentiation.
 Step size (bohr):                       0.0100

 Frequencies (including translational and rotational modes):
 mode    frequency (cm-1)
    0               22.21 i (imaginary)
    1               20.17 i (imaginary)
    2                0.01 i (imaginary)
    3                0.18
    4                0.26
    5               17.54
    6             1493.64
    7             1562.19
    8             2642.35

 Project out translational and rotational motions 

 Degrees of freedom for translational and rotational motions: 6

 Vibrational frequencies:
 mode    frequency (cm-1)
    0             1493.64
    1             1562.19
    2             2642.35

 --------------------------------------------------------------------------------

 End time:                               Fri Apr 23 10:00:41 2021
 Total wall-clock time:                 10.107 seconds
==================================================================================
