
================================================================================
          _____________ ________ _______________ ________     _________         
         / ___________// ______ \\_____   _____// ______ \   / ________)        
        / /_________  / /      \ \     | |     / /      \ \ | (_______          
       |  __________|| |        | |    | |    | |        | | \________ \        
        \ \_________ | |        | |    | |     \ \______/ /___________) |       
         \__________||_|        |_|    |_|      \________//____________/        
                                                                                
====================================[ Qcore ]===================================

 Git hash:   15a3e7daff0cda5fa9af010ccd19a80288182ecf
 Git date:   Fri, 16 Apr 2021 15:57:16 +0100
 Compiler:   GNU 9.1.0
 Build type: Release
 Version:    1.1.0

 Start time: Fri Apr 23 10:01:08 2021

 Data directory: /work/zw18965/.local/qcore/share/entos/1.1.0/data
 Number of threads: 24
 Number of threads was determined by: command line argument

 --------------------------------------------------------------------------------
                                command: optimize                                
 --------------------------------------------------------------------------------
 Using coordinate system:                tric
 Hessian update scheme:                  bfgs

 ------------------------------------------------------------------------------------------------------------
                   energy      change    grad rms    grad max    step rms    step max       trust    time (s)
 ------------------------------------------------------------------------------------------------------------
   1      -109.566125117                5.82e-03    1.01e-02                            2.00e-01        0.43
   2      -109.566159574   -3.45e-05    3.50e-04    6.06e-04    3.66e-03    7.32e-03    2.00e-01        0.26
   3      -109.566159710   -1.36e-07    4.66e-06    8.07e-06    2.08e-04    4.15e-04    2.00e-01        0.23
 Geometry optimization stopped:          thresholds achieved

 Final energy:                        -109.566159710

 -----------
  Final XYZ 
 -----------
2
Final structure: -109.566 hartree
N            0.551095995         -0.000000000          0.000000000
N           -0.551095995          0.000000000         -0.000000000

 Structure in entos input format:

  structure(
    xyz = [
      ['N'  ,          0.551095995,         -0.000000000,          0.000000000],
      ['N'  ,         -0.551095995,          0.000000000,         -0.000000000]
    ]
  )

 --------------------------------
  Geometry optimization finished 
 --------------------------------
 Saving results in set 'opt'

 --------------------------------------------------------------------------------
                                 command: hessian                                
 --------------------------------------------------------------------------------

WARNING: semianalytic method is specified for dft hessian, which is not efficient. Try switching to 'method = analytic'


 -------------------------------
  Numerical Geometrical Hessian 
 -------------------------------

 Compute hessian using two-point central differentiation.
 Step size (bohr):                       0.0100

 Frequencies (including translational and rotational modes):
 mode    frequency (cm-1)
    0                0.01 i (imaginary)
    1                0.01 i (imaginary)
    2                0.00
    3               16.12
    4               16.12
    5             2332.06

 Project out translational and rotational motions 

 The molecule is linear

 Degrees of freedom for translational and rotational motions: 5

 Vibrational frequencies:
 mode    frequency (cm-1)
    0             2332.06

 --------------------------------------------------------------------------------

 End time:                               Fri Apr 23 10:01:12 2021
 Total wall-clock time:                  4.383 seconds
==================================================================================
