
================================================================================
          _____________ ________ _______________ ________     _________         
         / ___________// ______ \\_____   _____// ______ \   / ________)        
        / /_________  / /      \ \     | |     / /      \ \ | (_______          
       |  __________|| |        | |    | |    | |        | | \________ \        
        \ \_________ | |        | |    | |     \ \______/ /___________) |       
         \__________||_|        |_|    |_|      \________//____________/        
                                                                                
====================================[ Qcore ]===================================

 Git hash:   15a3e7daff0cda5fa9af010ccd19a80288182ecf
 Git date:   Fri, 16 Apr 2021 15:57:16 +0100
 Compiler:   GNU 9.1.0
 Build type: Release
 Version:    1.1.0

 Start time: Fri Apr 23 10:00:44 2021

 Data directory: /work/zw18965/.local/qcore/share/entos/1.1.0/data
 Number of threads: 24
 Number of threads was determined by: command line argument
  - More threads can be used by running 'qcore -n 32'

 --------------------------------------------------------------------------------
                                command: optimize                                
 --------------------------------------------------------------------------------
 Using coordinate system:                tric
 Hessian update scheme:                  bfgs

 ------------------------------------------------------------------------------------------------------------
                   energy      change    grad rms    grad max    step rms    step max       trust    time (s)
 ------------------------------------------------------------------------------------------------------------
   1      -364.785545352                8.82e-03    1.53e-02                            2.00e-01        0.79
   2      -364.785693269   -1.48e-04    4.43e-03    7.68e-03    6.46e-03    1.29e-02    2.00e-01        0.35
   3      -364.785744984   -5.17e-05    1.77e-04    3.07e-04    6.52e-03    1.30e-02    2.00e-01        0.36
   4      -364.785745066   -8.20e-08    3.87e-06    6.70e-06    2.71e-04    5.43e-04    2.00e-01        0.34
 Geometry optimization stopped:          thresholds achieved

 Final energy:                        -364.785745066

 -----------
  Final XYZ 
 -----------
2
Final structure: -364.786 hartree
Si           0.000000137          0.000000390         -0.763942204
O           -0.000000137         -0.000000390          0.763942204

 Structure in entos input format:

  structure(
    xyz = [
      ['Si' ,          0.000000137,          0.000000390,         -0.763942204],
      ['O'  ,         -0.000000137,         -0.000000390,          0.763942204]
    ]
  )

 --------------------------------
  Geometry optimization finished 
 --------------------------------
 Saving results in set 'opt'

 --------------------------------------------------------------------------------
                                 command: hessian                                
 --------------------------------------------------------------------------------

WARNING: semianalytic method is specified for dft hessian, which is not efficient. Try switching to 'method = analytic'


 -------------------------------
  Numerical Geometrical Hessian 
 -------------------------------

 Compute hessian using two-point central differentiation.
 Step size (bohr):                       0.0100

 Frequencies (including translational and rotational modes):
 mode    frequency (cm-1)
    0                0.13 i (imaginary)
    1                0.05 i (imaginary)
    2                0.00 i (imaginary)
    3               15.79
    4               15.93
    5             1196.89

 Project out translational and rotational motions 

 The molecule is linear

 Degrees of freedom for translational and rotational motions: 5

 Vibrational frequencies:
 mode    frequency (cm-1)
    0             1196.89

 --------------------------------------------------------------------------------

 End time:                               Fri Apr 23 10:00:51 2021
 Total wall-clock time:                  6.872 seconds
==================================================================================
