
================================================================================
          _____________ ________ _______________ ________     _________         
         / ___________// ______ \\_____   _____// ______ \   / ________)        
        / /_________  / /      \ \     | |     / /      \ \ | (_______          
       |  __________|| |        | |    | |    | |        | | \________ \        
        \ \_________ | |        | |    | |     \ \______/ /___________) |       
         \__________||_|        |_|    |_|      \________//____________/        
                                                                                
====================================[ Qcore ]===================================

 Git hash:   15a3e7daff0cda5fa9af010ccd19a80288182ecf
 Git date:   Fri, 16 Apr 2021 15:57:16 +0100
 Compiler:   GNU 9.1.0
 Build type: Release
 Version:    1.1.0

 Start time: Fri Apr 23 10:01:07 2021

 Data directory: /work/zw18965/.local/qcore/share/entos/1.1.0/data
 Number of threads: 24
 Number of threads was determined by: command line argument
  - More threads can be used by running 'qcore -n 32'

 --------------------------------------------------------------------------------
                                command: optimize                                
 --------------------------------------------------------------------------------
 Using coordinate system:                tric
 Hessian update scheme:                  bfgs

 ------------------------------------------------------------------------------------------------------------
                   energy      change    grad rms    grad max    step rms    step max       trust    time (s)
 ------------------------------------------------------------------------------------------------------------
   1      -548.729051679                1.35e-02    2.25e-02                            2.00e-01        1.03
   2      -548.729661037   -6.09e-04    7.56e-03    1.28e-02    1.28e-02    1.64e-02    2.00e-01        0.62
   3      -548.729950669   -2.90e-04    5.94e-04    1.22e-03    1.59e-02    2.07e-02    2.00e-01        0.61
   4      -548.729952217   -1.55e-06    1.40e-04    3.39e-04    1.04e-03    1.50e-03    2.00e-01        0.56
   5      -548.729952373   -1.55e-07    8.69e-05    1.85e-04    2.40e-04    3.37e-04    2.00e-01        0.57
 Geometry optimization stopped:          thresholds achieved

 Final energy:                        -548.729952373

 -----------
  Final XYZ 
 -----------
3
Final structure: -548.73 hartree
S           -0.001254858          0.492222848         -0.000000202
O            1.258680398         -0.242910847          0.000000912
O           -1.257425540         -0.249312001         -0.000000710

 Structure in entos input format:

  structure(
    xyz = [
      ['S'  ,         -0.001254858,          0.492222848,         -0.000000202],
      ['O'  ,          1.258680398,         -0.242910847,          0.000000912],
      ['O'  ,         -1.257425540,         -0.249312001,         -0.000000710]
    ]
  )

 --------------------------------
  Geometry optimization finished 
 --------------------------------
 Saving results in set 'opt'

 --------------------------------------------------------------------------------
                                 command: hessian                                
 --------------------------------------------------------------------------------

WARNING: semianalytic method is specified for dft hessian, which is not efficient. Try switching to 'method = analytic'


 -------------------------------
  Numerical Geometrical Hessian 
 -------------------------------

 Compute hessian using two-point central differentiation.
 Step size (bohr):                       0.0100

 Frequencies (including translational and rotational modes):
 mode    frequency (cm-1)
    0               12.88 i (imaginary)
    1                0.02 i (imaginary)
    2                0.01 i (imaginary)
    3                0.02
    4               40.41
    5               61.11
    6              488.96
    7             1087.36
    8             1277.74

 Project out translational and rotational motions 

 Degrees of freedom for translational and rotational motions: 6

 Vibrational frequencies:
 mode    frequency (cm-1)
    0              488.96
    1             1087.36
    2             1277.74

 --------------------------------------------------------------------------------

 End time:                               Fri Apr 23 10:01:22 2021
 Total wall-clock time:                 15.070 seconds
==================================================================================
