
================================================================================
          _____________ ________ _______________ ________     _________         
         / ___________// ______ \\_____   _____// ______ \   / ________)        
        / /_________  / /      \ \     | |     / /      \ \ | (_______          
       |  __________|| |        | |    | |    | |        | | \________ \        
        \ \_________ | |        | |    | |     \ \______/ /___________) |       
         \__________||_|        |_|    |_|      \________//____________/        
                                                                                
====================================[ Qcore ]===================================

 Git hash:   15a3e7daff0cda5fa9af010ccd19a80288182ecf
 Git date:   Fri, 16 Apr 2021 15:57:16 +0100
 Compiler:   GNU 9.1.0
 Build type: Release
 Version:    1.1.0

 Start time: Fri Apr 23 10:00:30 2021

 Data directory: /work/zw18965/.local/qcore/share/entos/1.1.0/data
 Number of threads: 24
 Number of threads was determined by: command line argument
  - More threads can be used by running 'qcore -n 32'

 --------------------------------------------------------------------------------
                                command: optimize                                
 --------------------------------------------------------------------------------
 Using coordinate system:                tric
 Hessian update scheme:                  bfgs

 ------------------------------------------------------------------------------------------------------------
                   energy      change    grad rms    grad max    step rms    step max       trust    time (s)
 ------------------------------------------------------------------------------------------------------------
   1      -473.429294528                1.36e-02    2.36e-02                            2.00e-01        0.82
   2      -473.429638929   -3.44e-04    8.08e-03    1.40e-02    9.19e-03    1.84e-02    2.00e-01        0.43
   3      -473.429836718   -1.98e-04    5.49e-04    9.51e-04    1.34e-02    2.68e-02    2.00e-01        0.43
   4      -473.429837682   -9.63e-07    2.40e-05    4.16e-05    9.77e-04    1.95e-03    2.00e-01        0.39
   5      -473.429837683   -1.88e-09    5.00e-08    8.32e-08    4.48e-05    8.95e-05    2.00e-01        0.38
 Geometry optimization stopped:          thresholds achieved

 Final energy:                        -473.429837683

 -----------
  Final XYZ 
 -----------
2
Final structure: -473.43 hartree
S            0.000000806          0.000000492         -0.012494871
O           -0.000000806         -0.000000492          1.498709421

 Structure in entos input format:

  structure(
    xyz = [
      ['S'  ,          0.000000806,          0.000000492,         -0.012494871],
      ['O'  ,         -0.000000806,         -0.000000492,          1.498709421]
    ]
  )

 --------------------------------
  Geometry optimization finished 
 --------------------------------
 Saving results in set 'opt'

 --------------------------------------------------------------------------------
                                 command: hessian                                
 --------------------------------------------------------------------------------

WARNING: semianalytic method is specified for dft hessian, which is not efficient. Try switching to 'method = analytic'


 -------------------------------
  Numerical Geometrical Hessian 
 -------------------------------

 Compute hessian using two-point central differentiation.
 Step size (bohr):                       0.0100

 Frequencies (including translational and rotational modes):
 mode    frequency (cm-1)
    0                0.02 i (imaginary)
    1                0.01 i (imaginary)
    2                0.00 i (imaginary)
    3               20.34
    4               20.35
    5             1071.42

 Project out translational and rotational motions 

 The molecule is linear

 Degrees of freedom for translational and rotational motions: 5

 Vibrational frequencies:
 mode    frequency (cm-1)
    0             1071.42

 --------------------------------------------------------------------------------

 End time:                               Fri Apr 23 10:00:38 2021
 Total wall-clock time:                  8.147 seconds
==================================================================================
