
================================================================================
          _____________ ________ _______________ ________     _________         
         / ___________// ______ \\_____   _____// ______ \   / ________)        
        / /_________  / /      \ \     | |     / /      \ \ | (_______          
       |  __________|| |        | |    | |    | |        | | \________ \        
        \ \_________ | |        | |    | |     \ \______/ /___________) |       
         \__________||_|        |_|    |_|      \________//____________/        
                                                                                
====================================[ Qcore ]===================================

 Git hash:   15a3e7daff0cda5fa9af010ccd19a80288182ecf
 Git date:   Fri, 16 Apr 2021 15:57:16 +0100
 Compiler:   GNU 9.1.0
 Build type: Release
 Version:    1.1.0

 Start time: Tue Apr 27 13:54:24 2021

 Data directory: /work/zw18965/.local/qcore/share/entos/1.1.0/data
 Number of threads: 24
 Number of threads was determined by: command line argument
  - More threads can be used by running 'qcore -n 32'

 --------------------------------------------------------------------------------
                                command: optimize                                
 --------------------------------------------------------------------------------
 Using coordinate system:                tric
 Hessian update scheme:                  bfgs

 ------------------------------------------------------------------------------------------------------------
                   energy      change    grad rms    grad max    step rms    step max       trust    time (s)
 ------------------------------------------------------------------------------------------------------------
   1       -78.043598715                2.81e-03    7.93e-03                            2.00e-01        0.46
   2       -78.043686100   -8.74e-05    1.06e-03    2.91e-03    8.59e-03    1.24e-02    2.00e-01        0.38
   3       -78.043706258   -2.02e-05    1.21e-05    1.99e-05    7.40e-03    9.95e-03    2.00e-01        0.38
   4       -78.043706264   -6.37e-09    2.24e-06    4.06e-06    1.22e-04    1.10e-04    2.00e-01        0.38
 Geometry optimization stopped:          thresholds achieved

 Final energy:                         -78.043706264

 -----------
  Final XYZ 
 -----------
6
Final structure: -78.0437 hartree
C           -0.659767498         -0.052205159         -0.000253848
C            0.659699166          0.052202286          0.000287498
H           -1.232265213          0.002934789         -0.916580310
H           -1.217209854         -0.196798108          0.915605944
H            1.217144200          0.196791740         -0.915571271
H            1.232194399         -0.002938878          0.916615530

 Structure in entos input format:

  structure(
    xyz = [
      ['C'  ,         -0.659767498,         -0.052205159,         -0.000253848],
      ['C'  ,          0.659699166,          0.052202286,          0.000287498],
      ['H'  ,         -1.232265213,          0.002934789,         -0.916580310],
      ['H'  ,         -1.217209854,         -0.196798108,          0.915605944],
      ['H'  ,          1.217144200,          0.196791740,         -0.915571271],
      ['H'  ,          1.232194399,         -0.002938878,          0.916615530]
    ]
  )

 --------------------------------
  Geometry optimization finished 
 --------------------------------
 Saving results in set 'opt'

 --------------------------------------------------------------------------------
                                 command: hessian                                
 --------------------------------------------------------------------------------

WARNING: numerical method is specified for dft hessian, which is not efficient. Try switching to 'method = analytic'


 -------------------------------
  Numerical Geometrical Hessian 
 -------------------------------

 Compute hessian using two-point central differentiation.
 Step size (bohr):                       0.0100

 Frequencies (including translational and rotational modes):
 mode    frequency (cm-1)
    0               10.05 i (imaginary)
    1                0.40 i (imaginary)
    2                0.57
    3                0.91
    4                6.27
    5               14.33
    6              882.84
    7             1080.41
    8             1093.46
    9             1123.00
   10             1329.11
   11             1466.60
   12             1573.17
   13             1813.13
   14             3283.26
   15             3304.70
   16             3364.34
   17             3393.04

 Project out translational and rotational motions 

 Degrees of freedom for translational and rotational motions: 6

 Vibrational frequencies:
 mode    frequency (cm-1)
    0              882.84
    1             1080.41
    2             1093.46
    3             1123.00
    4             1329.11
    5             1466.60
    6             1573.17
    7             1813.13
    8             3283.26
    9             3304.70
   10             3364.34
   11             3393.04

 --------------------------------------------------------------------------------

 End time:                               Tue Apr 27 13:54:41 2021
 Total wall-clock time:                 16.654 seconds
==================================================================================
