
================================================================================
          _____________ ________ _______________ ________     _________         
         / ___________// ______ \\_____   _____// ______ \   / ________)        
        / /_________  / /      \ \     | |     / /      \ \ | (_______          
       |  __________|| |        | |    | |    | |        | | \________ \        
        \ \_________ | |        | |    | |     \ \______/ /___________) |       
         \__________||_|        |_|    |_|      \________//____________/        
                                                                                
====================================[ Qcore ]===================================

 Git hash:   15a3e7daff0cda5fa9af010ccd19a80288182ecf
 Git date:   Fri, 16 Apr 2021 15:57:16 +0100
 Compiler:   GNU 9.1.0
 Build type: Release
 Version:    1.1.0

 Start time: Tue Apr 27 13:55:12 2021

 Data directory: /work/zw18965/.local/qcore/share/entos/1.1.0/data
 Number of threads: 24
 Number of threads was determined by: command line argument
  - More threads can be used by running 'qcore -n 32'

 --------------------------------------------------------------------------------
                                command: optimize                                
 --------------------------------------------------------------------------------
 Using coordinate system:                tric
 Hessian update scheme:                  bfgs

 ------------------------------------------------------------------------------------------------------------
                   energy      change    grad rms    grad max    step rms    step max       trust    time (s)
 ------------------------------------------------------------------------------------------------------------
   1      -551.799581269                1.72e-02    3.72e-02                            2.00e-01        0.53
   2      -551.799992934   -4.12e-04    2.41e-03    5.65e-03    1.15e-02    2.71e-02    2.00e-01        0.38
   3      -551.800012066   -1.91e-05    7.79e-04    1.68e-03    2.83e-03    3.70e-03    2.00e-01        0.37
   4      -551.800015584   -3.52e-06    4.06e-04    9.52e-04    1.57e-03    3.11e-03    2.00e-01        0.38
   5      -551.800016030   -4.46e-07    5.75e-05    1.25e-04    5.90e-04    1.36e-03    2.00e-01        0.38
   6      -551.800016035   -4.72e-09    4.29e-06    9.56e-06    2.97e-05    6.82e-05    2.00e-01        0.38
 Geometry optimization stopped:          thresholds achieved

 Final energy:                        -551.800016035

 -----------
  Final XYZ 
 -----------
3
Final structure: -551.8 hartree
Cl           1.405301750         -0.804965660         -0.000000057
C           -0.159608934         -0.327244275          0.000000471
N           -1.245691806          0.004272899         -0.000000663

 Structure in entos input format:

  structure(
    xyz = [
      ['Cl' ,          1.405301750,         -0.804965660,         -0.000000057],
      ['C'  ,         -0.159608934,         -0.327244275,          0.000000471],
      ['N'  ,         -1.245691806,          0.004272899,         -0.000000663]
    ]
  )

 --------------------------------
  Geometry optimization finished 
 --------------------------------
 Saving results in set 'opt'

 --------------------------------------------------------------------------------
                                 command: hessian                                
 --------------------------------------------------------------------------------

WARNING: numerical method is specified for dft hessian, which is not efficient. Try switching to 'method = analytic'


 -------------------------------
  Numerical Geometrical Hessian 
 -------------------------------

 Compute hessian using two-point central differentiation.
 Step size (bohr):                       0.0100

 Frequencies (including translational and rotational modes):
 mode    frequency (cm-1)
    0                2.82 i (imaginary)
    1                0.32 i (imaginary)
    2                0.65
    3                0.87
    4                4.16
    5              443.86
    6              444.08
    7              797.46
    8             2569.31

 Project out translational and rotational motions 

 Degrees of freedom for translational and rotational motions: 6

 Vibrational frequencies:
 mode    frequency (cm-1)
    0              443.86
    1              797.46
    2             2569.31

 --------------------------------------------------------------------------------

 End time:                               Tue Apr 27 13:55:23 2021
 Total wall-clock time:                 10.120 seconds
==================================================================================
