
================================================================================
          _____________ ________ _______________ ________     _________         
         / ___________// ______ \\_____   _____// ______ \   / ________)        
        / /_________  / /      \ \     | |     / /      \ \ | (_______          
       |  __________|| |        | |    | |    | |        | | \________ \        
        \ \_________ | |        | |    | |     \ \______/ /___________) |       
         \__________||_|        |_|    |_|      \________//____________/        
                                                                                
====================================[ Qcore ]===================================

 Git hash:   15a3e7daff0cda5fa9af010ccd19a80288182ecf
 Git date:   Fri, 16 Apr 2021 15:57:16 +0100
 Compiler:   GNU 9.1.0
 Build type: Release
 Version:    1.1.0

 Start time: Tue Apr 27 13:55:51 2021

 Data directory: /work/zw18965/.local/qcore/share/entos/1.1.0/data
 Number of threads: 24
 Number of threads was determined by: command line argument
  - More threads can be used by running 'qcore -n 32'

 --------------------------------------------------------------------------------
                                command: optimize                                
 --------------------------------------------------------------------------------
 Using coordinate system:                tric
 Hessian update scheme:                  bfgs

 ------------------------------------------------------------------------------------------------------------
                   energy      change    grad rms    grad max    step rms    step max       trust    time (s)
 ------------------------------------------------------------------------------------------------------------
   1      -198.701676535                2.12e-02    3.67e-02                            2.00e-01        0.19
Rejecting step due to low quality: Quality: -3.01662 New trust radius: 0.1
   2      -198.663431779    3.82e-02    2.12e-02    3.67e-02    2.00e-01    2.00e-01    1.00e-01        0.09
   3      -198.698655458    3.02e-03    4.56e-02    7.91e-02    1.00e-01    1.00e-01    5.00e-02        0.09
   4      -198.703037614   -4.38e-03    6.98e-03    1.21e-02    5.00e-02    5.00e-02    7.07e-02        0.10
   5      -198.703164573   -1.27e-04    1.21e-03    2.09e-03    9.02e-03    9.02e-03    7.07e-02        0.09
   6      -198.703168644   -4.07e-06    4.13e-05    7.15e-05    1.89e-03    1.89e-03    7.07e-02        0.10
   7      -198.703168649   -4.78e-09    2.48e-07    4.32e-07    6.68e-05    6.68e-05    7.07e-02        0.09
 Geometry optimization stopped:          thresholds achieved

 Final energy:                        -198.703168649

 -----------
  Final XYZ 
 -----------
2
Final structure: -198.703 hartree
F            0.000000275          0.000000017         -0.669110242
F           -0.000000270         -0.000000018          0.669110160

 Structure in entos input format:

  structure(
    xyz = [
      ['F'  ,          0.000000275,          0.000000017,         -0.669110242],
      ['F'  ,         -0.000000270,         -0.000000018,          0.669110160]
    ]
  )

 --------------------------------
  Geometry optimization finished 
 --------------------------------
 Saving results in set 'opt'

 --------------------------------------------------------------------------------
                                 command: hessian                                
 --------------------------------------------------------------------------------

WARNING: numerical method is specified for dft hessian, which is not efficient. Try switching to 'method = analytic'


 -------------------------------
  Numerical Geometrical Hessian 
 -------------------------------

 Compute hessian using two-point central differentiation.
 Step size (bohr):                       0.0100

 Frequencies (including translational and rotational modes):
 mode    frequency (cm-1)
    0                0.28 i (imaginary)
    1                0.16 i (imaginary)
    2                0.02
    3                4.79
    4                4.82
    5             1216.14

 Project out translational and rotational motions 

 The molecule is linear

 Degrees of freedom for translational and rotational motions: 5

 Vibrational frequencies:
 mode    frequency (cm-1)
    0             1216.14

 --------------------------------------------------------------------------------

 End time:                               Tue Apr 27 13:55:53 2021
 Total wall-clock time:                  2.128 seconds
==================================================================================
