
================================================================================
          _____________ ________ _______________ ________     _________         
         / ___________// ______ \\_____   _____// ______ \   / ________)        
        / /_________  / /      \ \     | |     / /      \ \ | (_______          
       |  __________|| |        | |    | |    | |        | | \________ \        
        \ \_________ | |        | |    | |     \ \______/ /___________) |       
         \__________||_|        |_|    |_|      \________//____________/        
                                                                                
====================================[ Qcore ]===================================

 Git hash:   15a3e7daff0cda5fa9af010ccd19a80288182ecf
 Git date:   Fri, 16 Apr 2021 15:57:16 +0100
 Compiler:   GNU 9.1.0
 Build type: Release
 Version:    1.1.0

 Start time: Tue Apr 27 13:55:53 2021

 Data directory: /work/zw18965/.local/qcore/share/entos/1.1.0/data
 Number of threads: 24
 Number of threads was determined by: command line argument
  - More threads can be used by running 'qcore -n 32'

 --------------------------------------------------------------------------------
                                command: optimize                                
 --------------------------------------------------------------------------------
 Using coordinate system:                tric
 Hessian update scheme:                  bfgs

 ------------------------------------------------------------------------------------------------------------
                   energy      change    grad rms    grad max    step rms    step max       trust    time (s)
 ------------------------------------------------------------------------------------------------------------
   1      -113.885469319                6.01e-03    1.76e-02                            2.00e-01        0.32
   2      -113.885920685   -4.51e-04    1.88e-03    5.59e-03    2.39e-02    3.43e-02    2.00e-01        0.20
   3      -113.885955847   -3.52e-05    8.80e-04    2.44e-03    7.64e-03    1.40e-02    2.00e-01        0.21
   4      -113.885959074   -3.23e-06    8.96e-05    2.24e-04    2.02e-03    4.07e-03    2.00e-01        0.21
   5      -113.885959098   -2.43e-08    4.50e-06    1.21e-05    8.12e-05    2.08e-04    2.00e-01        0.21
 Geometry optimization stopped:          thresholds achieved

 Final energy:                        -113.885959098

 -----------
  Final XYZ 
 -----------
4
Final structure: -113.886 hartree
C           -0.006218106          0.000806086          0.000399694
O            1.166093432         -0.154426460         -0.074584383
H           -0.474758949          0.977978249         -0.184223219
H           -0.685113917         -0.824426832          0.258416094

 Structure in entos input format:

  structure(
    xyz = [
      ['C'  ,         -0.006218106,          0.000806086,          0.000399694],
      ['O'  ,          1.166093432,         -0.154426460,         -0.074584383],
      ['H'  ,         -0.474758949,          0.977978249,         -0.184223219],
      ['H'  ,         -0.685113917,         -0.824426832,          0.258416094]
    ]
  )

 --------------------------------
  Geometry optimization finished 
 --------------------------------
 Saving results in set 'opt'

 --------------------------------------------------------------------------------
                                 command: hessian                                
 --------------------------------------------------------------------------------

WARNING: numerical method is specified for dft hessian, which is not efficient. Try switching to 'method = analytic'


 -------------------------------
  Numerical Geometrical Hessian 
 -------------------------------

 Compute hessian using two-point central differentiation.
 Step size (bohr):                       0.0100

 Frequencies (including translational and rotational modes):
 mode    frequency (cm-1)
    0                8.16 i (imaginary)
    1                0.69 i (imaginary)
    2                0.53 i (imaginary)
    3                0.67
    4                5.44
    5                8.15
    6             1325.80
    7             1347.25
    8             1630.13
    9             1978.45
   10             3105.00
   11             3183.79

 Project out translational and rotational motions 

 Degrees of freedom for translational and rotational motions: 6

 Vibrational frequencies:
 mode    frequency (cm-1)
    0             1325.80
    1             1347.25
    2             1630.13
    3             1978.45
    4             3105.00
    5             3183.79

 --------------------------------------------------------------------------------

 End time:                               Tue Apr 27 13:56:00 2021
 Total wall-clock time:                  6.687 seconds
==================================================================================
