
================================================================================
          _____________ ________ _______________ ________     _________         
         / ___________// ______ \\_____   _____// ______ \   / ________)        
        / /_________  / /      \ \     | |     / /      \ \ | (_______          
       |  __________|| |        | |    | |    | |        | | \________ \        
        \ \_________ | |        | |    | |     \ \______/ /___________) |       
         \__________||_|        |_|    |_|      \________//____________/        
                                                                                
====================================[ Qcore ]===================================

 Git hash:   15a3e7daff0cda5fa9af010ccd19a80288182ecf
 Git date:   Fri, 16 Apr 2021 15:57:16 +0100
 Compiler:   GNU 9.1.0
 Build type: Release
 Version:    1.1.0

 Start time: Tue Apr 27 13:56:14 2021

 Data directory: /work/zw18965/.local/qcore/share/entos/1.1.0/data
 Number of threads: 24
 Number of threads was determined by: command line argument
  - More threads can be used by running 'qcore -n 32'

 --------------------------------------------------------------------------------
                                command: optimize                                
 --------------------------------------------------------------------------------
 Using coordinate system:                tric
 Hessian update scheme:                  bfgs

 ------------------------------------------------------------------------------------------------------------
                   energy      change    grad rms    grad max    step rms    step max       trust    time (s)
 ------------------------------------------------------------------------------------------------------------
   1      -398.702108590                4.85e-03    8.87e-03                            2.00e-01        0.30
   2      -398.702313480   -2.05e-04    1.81e-03    4.01e-03    2.53e-02    2.16e-02    2.00e-01        0.20
   3      -398.702337365   -2.39e-05    1.10e-04    2.53e-04    4.86e-03    7.97e-03    2.00e-01        0.21
   4      -398.702337461   -9.60e-08    1.06e-06    2.52e-06    3.91e-04    5.23e-04    2.00e-01        0.19
 Geometry optimization stopped:          thresholds achieved

 Final energy:                        -398.702337461

 -----------
  Final XYZ 
 -----------
3
Final structure: -398.702 hartree
S           -0.001433341          0.606154683         -0.000002108
H            0.977335557         -0.300767298         -0.000002010
H           -0.975902116         -0.305386260         -0.000002974

 Structure in entos input format:

  structure(
    xyz = [
      ['S'  ,         -0.001433341,          0.606154683,         -0.000002108],
      ['H'  ,          0.977335557,         -0.300767298,         -0.000002010],
      ['H'  ,         -0.975902116,         -0.305386260,         -0.000002974]
    ]
  )

 --------------------------------
  Geometry optimization finished 
 --------------------------------
 Saving results in set 'opt'

 --------------------------------------------------------------------------------
                                 command: hessian                                
 --------------------------------------------------------------------------------

WARNING: numerical method is specified for dft hessian, which is not efficient. Try switching to 'method = analytic'


 -------------------------------
  Numerical Geometrical Hessian 
 -------------------------------

 Compute hessian using two-point central differentiation.
 Step size (bohr):                       0.0100

 Frequencies (including translational and rotational modes):
 mode    frequency (cm-1)
    0               22.11 i (imaginary)
    1                0.65 i (imaginary)
    2                0.06 i (imaginary)
    3                0.80
    4               10.78
    5               10.83
    6             1303.96
    7             2858.66
    8             2870.88

 Project out translational and rotational motions 

 Degrees of freedom for translational and rotational motions: 6

 Vibrational frequencies:
 mode    frequency (cm-1)
    0             1303.96
    1             2858.66
    2             2870.88

 --------------------------------------------------------------------------------

 End time:                               Tue Apr 27 13:56:18 2021
 Total wall-clock time:                  4.805 seconds
==================================================================================
