
================================================================================
          _____________ ________ _______________ ________     _________         
         / ___________// ______ \\_____   _____// ______ \   / ________)        
        / /_________  / /      \ \     | |     / /      \ \ | (_______          
       |  __________|| |        | |    | |    | |        | | \________ \        
        \ \_________ | |        | |    | |     \ \______/ /___________) |       
         \__________||_|        |_|    |_|      \________//____________/        
                                                                                
====================================[ Qcore ]===================================

 Git hash:   15a3e7daff0cda5fa9af010ccd19a80288182ecf
 Git date:   Fri, 16 Apr 2021 15:57:16 +0100
 Compiler:   GNU 9.1.0
 Build type: Release
 Version:    1.1.0

 Start time: Tue Apr 27 13:56:27 2021

 Data directory: /work/zw18965/.local/qcore/share/entos/1.1.0/data
 Number of threads: 24
 Number of threads was determined by: command line argument
  - More threads can be used by running 'qcore -n 32'

 --------------------------------------------------------------------------------
                                command: optimize                                
 --------------------------------------------------------------------------------
 Using coordinate system:                tric
 Hessian update scheme:                  bfgs

 ------------------------------------------------------------------------------------------------------------
                   energy      change    grad rms    grad max    step rms    step max       trust    time (s)
 ------------------------------------------------------------------------------------------------------------
   1      -129.810817651                2.79e-02    5.50e-02                            2.00e-01        0.24
   2      -129.813243257   -2.43e-03    2.54e-03    5.21e-03    4.51e-02    5.80e-02    2.00e-01        0.16
   3      -129.813283543   -4.03e-05    4.91e-04    8.20e-04    5.87e-03    9.82e-03    2.00e-01        0.16
   4      -129.813284907   -1.36e-06    2.31e-05    4.96e-05    1.21e-03    1.92e-03    2.00e-01        0.15
   5      -129.813284910   -2.91e-09    6.54e-06    1.38e-05    5.39e-05    6.52e-05    2.00e-01        0.15
 Geometry optimization stopped:          thresholds achieved

 Final energy:                        -129.813284910

 -----------
  Final XYZ 
 -----------
3
Final structure: -129.813 hartree
N           -0.068068107          0.423045138         -0.000000236
O            0.933486771         -0.186118087         -0.000000002
H           -0.865406459         -0.236922298         -0.000000136

 Structure in entos input format:

  structure(
    xyz = [
      ['N'  ,         -0.068068107,          0.423045138,         -0.000000236],
      ['O'  ,          0.933486771,         -0.186118087,         -0.000000002],
      ['H'  ,         -0.865406459,         -0.236922298,         -0.000000136]
    ]
  )

 --------------------------------
  Geometry optimization finished 
 --------------------------------
 Saving results in set 'opt'

 --------------------------------------------------------------------------------
                                 command: hessian                                
 --------------------------------------------------------------------------------

WARNING: numerical method is specified for dft hessian, which is not efficient. Try switching to 'method = analytic'


 -------------------------------
  Numerical Geometrical Hessian 
 -------------------------------

 Compute hessian using two-point central differentiation.
 Step size (bohr):                       0.0100

 Frequencies (including translational and rotational modes):
 mode    frequency (cm-1)
    0               17.42 i (imaginary)
    1                1.10 i (imaginary)
    2                0.04
    3                0.51
    4                8.22
    5               19.93
    6             1698.97
    7             1945.75
    8             3319.17

 Project out translational and rotational motions 

 Degrees of freedom for translational and rotational motions: 6

 Vibrational frequencies:
 mode    frequency (cm-1)
    0             1698.97
    1             1945.75
    2             3319.17

 --------------------------------------------------------------------------------

 End time:                               Tue Apr 27 13:56:30 2021
 Total wall-clock time:                  3.884 seconds
==================================================================================
