
================================================================================
          _____________ ________ _______________ ________     _________         
         / ___________// ______ \\_____   _____// ______ \   / ________)        
        / /_________  / /      \ \     | |     / /      \ \ | (_______          
       |  __________|| |        | |    | |    | |        | | \________ \        
        \ \_________ | |        | |    | |     \ \______/ /___________) |       
         \__________||_|        |_|    |_|      \________//____________/        
                                                                                
====================================[ Qcore ]===================================

 Git hash:   15a3e7daff0cda5fa9af010ccd19a80288182ecf
 Git date:   Fri, 16 Apr 2021 15:57:16 +0100
 Compiler:   GNU 9.1.0
 Build type: Release
 Version:    1.1.0

 Start time: Tue Apr 27 13:56:31 2021

 Data directory: /work/zw18965/.local/qcore/share/entos/1.1.0/data
 Number of threads: 24
 Number of threads was determined by: command line argument
  - More threads can be used by running 'qcore -n 32'

 --------------------------------------------------------------------------------
                                command: optimize                                
 --------------------------------------------------------------------------------
 Using coordinate system:                tric
 Hessian update scheme:                  bfgs

 ------------------------------------------------------------------------------------------------------------
                   energy      change    grad rms    grad max    step rms    step max       trust    time (s)
 ------------------------------------------------------------------------------------------------------------
   1      -534.889730076                1.03e-02    1.82e-02                            2.00e-01        0.38
   2      -534.890612668   -8.83e-04    3.83e-03    8.23e-03    3.54e-02    3.13e-02    2.00e-01        0.26
   3      -534.890728309   -1.16e-04    1.28e-03    2.95e-03    1.55e-02    1.95e-02    2.00e-01        0.27
   4      -534.890738179   -9.87e-06    5.57e-04    1.26e-03    2.27e-03    4.19e-03    2.00e-01        0.26
   5      -534.890741633   -3.45e-06    6.58e-05    1.30e-04    2.95e-03    4.57e-03    2.00e-01        0.27
   6      -534.890741660   -2.76e-08    1.63e-05    2.89e-05    2.30e-04    3.42e-04    2.00e-01        0.26
 Geometry optimization stopped:          thresholds achieved

 Final energy:                        -534.890741660

 -----------
  Final XYZ 
 -----------
3
Final structure: -534.891 hartree
O           -0.337227005          0.447294930         -0.000000702
Cl           1.225490805         -0.124398189         -0.000001533
H           -0.888262770         -0.322892161         -0.000000137

 Structure in entos input format:

  structure(
    xyz = [
      ['O'  ,         -0.337227005,          0.447294930,         -0.000000702],
      ['Cl' ,          1.225490805,         -0.124398189,         -0.000001533],
      ['H'  ,         -0.888262770,         -0.322892161,         -0.000000137]
    ]
  )

 --------------------------------
  Geometry optimization finished 
 --------------------------------
 Saving results in set 'opt'

 --------------------------------------------------------------------------------
                                 command: hessian                                
 --------------------------------------------------------------------------------

WARNING: numerical method is specified for dft hessian, which is not efficient. Try switching to 'method = analytic'


 -------------------------------
  Numerical Geometrical Hessian 
 -------------------------------

 Compute hessian using two-point central differentiation.
 Step size (bohr):                       0.0100

 Frequencies (including translational and rotational modes):
 mode    frequency (cm-1)
    0                6.86 i (imaginary)
    1                1.07 i (imaginary)
    2                0.60 i (imaginary)
    3                0.56 i (imaginary)
    4                0.43
    5               32.26
    6              851.86
    7             1380.58
    8             4127.25

 Project out translational and rotational motions 

 Degrees of freedom for translational and rotational motions: 6

 Vibrational frequencies:
 mode    frequency (cm-1)
    0              851.86
    1             1380.58
    2             4127.25

 --------------------------------------------------------------------------------

 End time:                               Tue Apr 27 13:56:37 2021
 Total wall-clock time:                  6.858 seconds
==================================================================================
