
================================================================================
          _____________ ________ _______________ ________     _________         
         / ___________// ______ \\_____   _____// ______ \   / ________)        
        / /_________  / /      \ \     | |     / /      \ \ | (_______          
       |  __________|| |        | |    | |    | |        | | \________ \        
        \ \_________ | |        | |    | |     \ \______/ /___________) |       
         \__________||_|        |_|    |_|      \________//____________/        
                                                                                
====================================[ Qcore ]===================================

 Git hash:   15a3e7daff0cda5fa9af010ccd19a80288182ecf
 Git date:   Fri, 16 Apr 2021 15:57:16 +0100
 Compiler:   GNU 9.1.0
 Build type: Release
 Version:    1.1.0

 Start time: Tue Apr 27 13:56:37 2021

 Data directory: /work/zw18965/.local/qcore/share/entos/1.1.0/data
 Number of threads: 24
 Number of threads was determined by: command line argument
  - More threads can be used by running 'qcore -n 32'

 --------------------------------------------------------------------------------
                                command: optimize                                
 --------------------------------------------------------------------------------
 Using coordinate system:                tric
 Hessian update scheme:                  bfgs

 ------------------------------------------------------------------------------------------------------------
                   energy      change    grad rms    grad max    step rms    step max       trust    time (s)
 ------------------------------------------------------------------------------------------------------------
   1      -108.960464454                4.09e-02    7.09e-02                            2.00e-01        0.19
   2      -108.961675748   -1.21e-03    1.55e-02    2.69e-02    2.57e-02    5.15e-02    2.00e-01        0.11
   3      -108.961851279   -1.76e-04    1.06e-03    1.83e-03    7.08e-03    1.42e-02    2.00e-01        0.11
   4      -108.961852130   -8.51e-07    2.50e-05    4.33e-05    4.52e-04    9.05e-04    2.00e-01        0.12
 Geometry optimization stopped:          thresholds achieved

 Final energy:                        -108.961852130

 -----------
  Final XYZ 
 -----------
2
Final structure: -108.962 hartree
N            0.539149996         -0.000000014          0.000000099
N           -0.539150074          0.000000013         -0.000000098

 Structure in entos input format:

  structure(
    xyz = [
      ['N'  ,          0.539149996,         -0.000000014,          0.000000099],
      ['N'  ,         -0.539150074,          0.000000013,         -0.000000098]
    ]
  )

 --------------------------------
  Geometry optimization finished 
 --------------------------------
 Saving results in set 'opt'

 --------------------------------------------------------------------------------
                                 command: hessian                                
 --------------------------------------------------------------------------------

WARNING: numerical method is specified for dft hessian, which is not efficient. Try switching to 'method = analytic'


 -------------------------------
  Numerical Geometrical Hessian 
 -------------------------------

 Compute hessian using two-point central differentiation.
 Step size (bohr):                       0.0100

 Frequencies (including translational and rotational modes):
 mode    frequency (cm-1)
    0                0.26 i (imaginary)
    1                0.03 i (imaginary)
    2                0.23
    3               16.20
    4               16.20
    5             2736.05

 Project out translational and rotational motions 

 The molecule is linear

 Degrees of freedom for translational and rotational motions: 5

 Vibrational frequencies:
 mode    frequency (cm-1)
    0             2736.05

 --------------------------------------------------------------------------------

 End time:                               Tue Apr 27 13:56:39 2021
 Total wall-clock time:                  1.906 seconds
==================================================================================
