
================================================================================
          _____________ ________ _______________ ________     _________         
         / ___________// ______ \\_____   _____// ______ \   / ________)        
        / /_________  / /      \ \     | |     / /      \ \ | (_______          
       |  __________|| |        | |    | |    | |        | | \________ \        
        \ \_________ | |        | |    | |     \ \______/ /___________) |       
         \__________||_|        |_|    |_|      \________//____________/        
                                                                                
====================================[ Qcore ]===================================

 Git hash:   15a3e7daff0cda5fa9af010ccd19a80288182ecf
 Git date:   Fri, 16 Apr 2021 15:57:16 +0100
 Compiler:   GNU 9.1.0
 Build type: Release
 Version:    1.1.0

 Start time: Tue Apr 27 13:56:39 2021

 Data directory: /work/zw18965/.local/qcore/share/entos/1.1.0/data
 Number of threads: 24
 Number of threads was determined by: command line argument
  - More threads can be used by running 'qcore -n 32'

 --------------------------------------------------------------------------------
                                command: optimize                                
 --------------------------------------------------------------------------------
 Using coordinate system:                tric
 Hessian update scheme:                  bfgs

 ------------------------------------------------------------------------------------------------------------
                   energy      change    grad rms    grad max    step rms    step max       trust    time (s)
 ------------------------------------------------------------------------------------------------------------
   1       -56.205406313                3.07e-03    6.07e-03                            2.00e-01        0.25
   2       -56.205570184   -1.64e-04    5.23e-04    1.29e-03    1.58e-02    1.15e-02    2.00e-01        0.14
   3       -56.205581651   -1.15e-05    3.94e-04    1.06e-03    5.23e-03    5.24e-03    2.00e-01        0.13
   4       -56.205584022   -2.37e-06    1.90e-04    4.13e-04    2.21e-03    2.64e-03    2.00e-01        0.13
   5       -56.205584378   -3.56e-07    2.50e-05    4.48e-05    6.72e-04    8.07e-04    2.00e-01        0.13
 Geometry optimization stopped:          thresholds achieved

 Final energy:                         -56.205584378

 -----------
  Final XYZ 
 -----------
4
Final structure: -56.2056 hartree
N           -0.002487364         -0.000593321          0.273393135
H           -0.516941572         -0.778495163         -0.097527225
H           -0.414635713          0.837976226         -0.093092433
H            0.934060312         -0.058888232         -0.082778043

 Structure in entos input format:

  structure(
    xyz = [
      ['N'  ,         -0.002487364,         -0.000593321,          0.273393135],
      ['H'  ,         -0.516941572,         -0.778495163,         -0.097527225],
      ['H'  ,         -0.414635713,          0.837976226,         -0.093092433],
      ['H'  ,          0.934060312,         -0.058888232,         -0.082778043]
    ]
  )

 --------------------------------
  Geometry optimization finished 
 --------------------------------
 Saving results in set 'opt'

 --------------------------------------------------------------------------------
                                 command: hessian                                
 --------------------------------------------------------------------------------

WARNING: numerical method is specified for dft hessian, which is not efficient. Try switching to 'method = analytic'


 -------------------------------
  Numerical Geometrical Hessian 
 -------------------------------

 Compute hessian using two-point central differentiation.
 Step size (bohr):                       0.0100

 Frequencies (including translational and rotational modes):
 mode    frequency (cm-1)
    0               37.14 i (imaginary)
    1               31.30 i (imaginary)
    2               26.31 i (imaginary)
    3                0.29 i (imaginary)
    4                0.52
    5                0.62
    6             1102.82
    7             1766.45
    8             1766.67
    9             3685.30
   10             3817.63
   11             3817.82

 Project out translational and rotational motions 

 Degrees of freedom for translational and rotational motions: 6

 Vibrational frequencies:
 mode    frequency (cm-1)
    0             1102.82
    1             1766.45
    2             1766.67
    3             3685.30
    4             3817.63
    5             3817.82

 --------------------------------------------------------------------------------

 End time:                               Tue Apr 27 13:56:44 2021
 Total wall-clock time:                  4.425 seconds
==================================================================================
