
================================================================================
          _____________ ________ _______________ ________     _________         
         / ___________// ______ \\_____   _____// ______ \   / ________)        
        / /_________  / /      \ \     | |     / /      \ \ | (_______          
       |  __________|| |        | |    | |    | |        | | \________ \        
        \ \_________ | |        | |    | |     \ \______/ /___________) |       
         \__________||_|        |_|    |_|      \________//____________/        
                                                                                
====================================[ Qcore ]===================================

 Git hash:   15a3e7daff0cda5fa9af010ccd19a80288182ecf
 Git date:   Fri, 16 Apr 2021 15:57:16 +0100
 Compiler:   GNU 9.1.0
 Build type: Release
 Version:    1.1.0

 Start time: Tue Apr 27 13:57:08 2021

 Data directory: /work/zw18965/.local/qcore/share/entos/1.1.0/data
 Number of threads: 24
 Number of threads was determined by: command line argument
  - More threads can be used by running 'qcore -n 32'

 --------------------------------------------------------------------------------
                                command: optimize                                
 --------------------------------------------------------------------------------
 Using coordinate system:                tric
 Hessian update scheme:                  bfgs

 ------------------------------------------------------------------------------------------------------------
                   energy      change    grad rms    grad max    step rms    step max       trust    time (s)
 ------------------------------------------------------------------------------------------------------------
   1      -363.812432731                1.57e-02    2.72e-02                            2.00e-01        0.33
   2      -363.812890484   -4.58e-04    7.15e-03    1.24e-02    1.15e-02    2.30e-02    2.00e-01        0.20
   3      -363.813002962   -1.12e-04    4.53e-04    7.84e-04    9.60e-03    1.92e-02    2.00e-01        0.20
   4      -363.813003398   -4.36e-07    1.20e-05    2.07e-05    5.72e-04    1.14e-03    2.00e-01        0.19
 Geometry optimization stopped:          thresholds achieved

 Final energy:                        -363.813003398

 -----------
  Final XYZ 
 -----------
2
Final structure: -363.813 hartree
Si           0.000000401         -0.000000137         -0.746064801
O           -0.000000401          0.000000140          0.746064636

 Structure in entos input format:

  structure(
    xyz = [
      ['Si' ,          0.000000401,         -0.000000137,         -0.746064801],
      ['O'  ,         -0.000000401,          0.000000140,          0.746064636]
    ]
  )

 --------------------------------
  Geometry optimization finished 
 --------------------------------
 Saving results in set 'opt'

 --------------------------------------------------------------------------------
                                 command: hessian                                
 --------------------------------------------------------------------------------

WARNING: numerical method is specified for dft hessian, which is not efficient. Try switching to 'method = analytic'


 -------------------------------
  Numerical Geometrical Hessian 
 -------------------------------

 Compute hessian using two-point central differentiation.
 Step size (bohr):                       0.0100

 Frequencies (including translational and rotational modes):
 mode    frequency (cm-1)
    0                0.32 i (imaginary)
    1                0.04 i (imaginary)
    2                0.19
    3                6.48
    4                6.52
    5             1350.08

 Project out translational and rotational motions 

 The molecule is linear

 Degrees of freedom for translational and rotational motions: 5

 Vibrational frequencies:
 mode    frequency (cm-1)
    0             1350.08

 --------------------------------------------------------------------------------

 End time:                               Tue Apr 27 13:57:12 2021
 Total wall-clock time:                  3.730 seconds
==================================================================================
