
================================================================================
          _____________ ________ _______________ ________     _________         
         / ___________// ______ \\_____   _____// ______ \   / ________)        
        / /_________  / /      \ \     | |     / /      \ \ | (_______          
       |  __________|| |        | |    | |    | |        | | \________ \        
        \ \_________ | |        | |    | |     \ \______/ /___________) |       
         \__________||_|        |_|    |_|      \________//____________/        
                                                                                
====================================[ Qcore ]===================================

 Git hash:   15a3e7daff0cda5fa9af010ccd19a80288182ecf
 Git date:   Fri, 16 Apr 2021 15:57:16 +0100
 Compiler:   GNU 9.1.0
 Build type: Release
 Version:    1.1.0

 Start time: Tue Apr 27 13:57:22 2021

 Data directory: /work/zw18965/.local/qcore/share/entos/1.1.0/data
 Number of threads: 24
 Number of threads was determined by: command line argument
  - More threads can be used by running 'qcore -n 32'

 --------------------------------------------------------------------------------
                                command: optimize                                
 --------------------------------------------------------------------------------
 Using coordinate system:                tric
 Hessian update scheme:                  bfgs

 ------------------------------------------------------------------------------------------------------------
                   energy      change    grad rms    grad max    step rms    step max       trust    time (s)
 ------------------------------------------------------------------------------------------------------------
   1      -115.061473047                8.23e-03    2.14e-02                            2.00e-01        0.49
   2      -115.062114660   -6.42e-04    1.52e-03    3.90e-03    1.73e-02    3.63e-02    2.00e-01        0.40
   3      -115.062134831   -2.02e-05    1.68e-04    3.97e-04    3.26e-03    7.52e-03    2.00e-01        0.39
   4      -115.062135147   -3.16e-07    4.95e-05    1.58e-04    5.90e-04    6.39e-04    2.00e-01        0.40
 Geometry optimization stopped:          thresholds achieved

 Final energy:                        -115.062135147

 -----------
  Final XYZ 
 -----------
6
Final structure: -115.062 hartree
C           -0.359979835         -0.042322317         -0.014672607
O            0.987133173         -0.337615550         -0.283726363
H           -0.524482930          1.031965591          0.097567697
H           -0.614224553         -0.530549490          0.922662650
H           -1.021998980         -0.423830173         -0.795657527
H            1.250113782          0.068521610         -1.091980941

 Structure in entos input format:

  structure(
    xyz = [
      ['C'  ,         -0.359979835,         -0.042322317,         -0.014672607],
      ['O'  ,          0.987133173,         -0.337615550,         -0.283726363],
      ['H'  ,         -0.524482930,          1.031965591,          0.097567697],
      ['H'  ,         -0.614224553,         -0.530549490,          0.922662650],
      ['H'  ,         -1.021998980,         -0.423830173,         -0.795657527],
      ['H'  ,          1.250113782,          0.068521610,         -1.091980941]
    ]
  )

 --------------------------------
  Geometry optimization finished 
 --------------------------------
 Saving results in set 'opt'

 --------------------------------------------------------------------------------
                                 command: hessian                                
 --------------------------------------------------------------------------------

WARNING: numerical method is specified for dft hessian, which is not efficient. Try switching to 'method = analytic'


 -------------------------------
  Numerical Geometrical Hessian 
 -------------------------------

 Compute hessian using two-point central differentiation.
 Step size (bohr):                       0.0100

 Frequencies (including translational and rotational modes):
 mode    frequency (cm-1)
    0               20.15 i (imaginary)
    1                0.70 i (imaginary)
    2                0.52
    3                0.83
    4                7.14
    5               10.56
    6              321.24
    7             1146.07
    8             1161.01
    9             1262.66
   10             1474.99
   11             1582.37
   12             1595.30
   13             1604.42
   14             3154.27
   15             3209.07
   16             3270.44
   17             4181.14

 Project out translational and rotational motions 

 Degrees of freedom for translational and rotational motions: 6

 Vibrational frequencies:
 mode    frequency (cm-1)
    0              321.24
    1             1146.07
    2             1161.01
    3             1262.66
    4             1474.99
    5             1582.37
    6             1595.30
    7             1604.42
    8             3154.27
    9             3209.07
   10             3270.44
   11             4181.14

 --------------------------------------------------------------------------------

 End time:                               Tue Apr 27 13:57:39 2021
 Total wall-clock time:                 16.902 seconds
==================================================================================
