
================================================================================
          _____________ ________ _______________ ________     _________         
         / ___________// ______ \\_____   _____// ______ \   / ________)        
        / /_________  / /      \ \     | |     / /      \ \ | (_______          
       |  __________|| |        | |    | |    | |        | | \________ \        
        \ \_________ | |        | |    | |     \ \______/ /___________) |       
         \__________||_|        |_|    |_|      \________//____________/        
                                                                                
====================================[ Qcore ]===================================

 Git hash:   15a3e7daff0cda5fa9af010ccd19a80288182ecf
 Git date:   Fri, 16 Apr 2021 15:57:16 +0100
 Compiler:   GNU 9.1.0
 Build type: Release
 Version:    1.1.0

 Start time: Sun May  9 16:31:51 2021

 Data directory: /work/zw18965/.local/qcore/share/entos/1.1.0/data
 Number of threads: 24
 Number of threads was determined by: command line argument
  - More threads can be used by running 'qcore -n 32'

 --------------------------------------------------------------------------------
                                command: optimize                                
 --------------------------------------------------------------------------------
 Using coordinate system:                tric
 Hessian update scheme:                  bfgs

 ------------------------------------------------------------------------------------------------------------
                   energy      change    grad rms    grad max    step rms    step max       trust    time (s)
 ------------------------------------------------------------------------------------------------------------
   1       -26.615450527                6.16e-04    1.10e-03                            2.00e-01        9.07
   2       -26.615458570   -8.04e-06    1.69e-04    3.03e-04    2.96e-03    3.47e-03    2.00e-01        7.77
   3       -26.615459219   -6.49e-07    2.63e-06    5.76e-06    1.11e-03    1.31e-03    2.00e-01        7.59
   4       -26.615459219   -1.65e-11    1.51e-06    2.55e-06    1.21e-05    9.33e-05    6.05e-06        7.49
 Geometry optimization stopped:          thresholds achieved

 Final energy:                         -26.615459219

 -----------
  Final XYZ 
 -----------
4
Final structure: -26.6155 hartree
B            0.000006525         -0.000026476         -0.198455956
H           -0.398717678         -1.027692725          0.214792060
H           -0.170931960          0.988408702          0.417710814
H            0.569618438          0.039229028         -1.227963640

 Structure in entos input format:

  structure(
    xyz = [
      ['B'  ,          0.000006525,         -0.000026476,         -0.198455956],
      ['H'  ,         -0.398717678,         -1.027692725,          0.214792060],
      ['H'  ,         -0.170931960,          0.988408702,          0.417710814],
      ['H'  ,          0.569618438,          0.039229028,         -1.227963640]
    ]
  )

 --------------------------------
  Geometry optimization finished 
 --------------------------------
 Saving results in set 'opt'

 --------------------------------------------------------------------------------
                                 command: hessian                                
 --------------------------------------------------------------------------------

WARNING: numerical method is specified for dft hessian, which is not efficient. Try switching to 'method = analytic'


 -------------------------------
  Numerical Geometrical Hessian 
 -------------------------------

 Compute hessian using two-point central differentiation.
 Step size (bohr):                       0.0100

 Frequencies (including translational and rotational modes):
 mode    frequency (cm-1)
    0               25.61 i (imaginary)
    1               18.14 i (imaginary)
    2                7.20 i (imaginary)
    3                2.01 i (imaginary)
    4                5.13
    5               10.30
    6             1179.32
    7             1229.74
    8             1230.31
    9             2630.78
   10             2772.87
   11             2773.76

 Project out translational and rotational motions 

 Degrees of freedom for translational and rotational motions: 6

 Vibrational frequencies:
 mode    frequency (cm-1)
    0             1179.32
    1             1229.74
    2             1230.31
    3             2630.78
    4             2772.87
    5             2773.76

 --------------------------------------------------------------------------------

 End time:                               Sun May  9 16:36:06 2021
 Total wall-clock time:                255.091 seconds
==================================================================================
