
================================================================================
          _____________ ________ _______________ ________     _________         
         / ___________// ______ \\_____   _____// ______ \   / ________)        
        / /_________  / /      \ \     | |     / /      \ \ | (_______          
       |  __________|| |        | |    | |    | |        | | \________ \        
        \ \_________ | |        | |    | |     \ \______/ /___________) |       
         \__________||_|        |_|    |_|      \________//____________/        
                                                                                
====================================[ Qcore ]===================================

 Git hash:   15a3e7daff0cda5fa9af010ccd19a80288182ecf
 Git date:   Fri, 16 Apr 2021 15:57:16 +0100
 Compiler:   GNU 9.1.0
 Build type: Release
 Version:    1.1.0

 Start time: Sun May  9 16:31:51 2021

 Data directory: /work/zw18965/.local/qcore/share/entos/1.1.0/data
 Number of threads: 24
 Number of threads was determined by: command line argument
  - More threads can be used by running 'qcore -n 32'

 --------------------------------------------------------------------------------
                                command: optimize                                
 --------------------------------------------------------------------------------
 Using coordinate system:                tric
 Hessian update scheme:                  bfgs

 ------------------------------------------------------------------------------------------------------------
                   energy      change    grad rms    grad max    step rms    step max       trust    time (s)
 ------------------------------------------------------------------------------------------------------------
   1       -77.397720723                8.52e-03    2.05e-02                            2.00e-01       30.55
   2       -77.398010576   -2.90e-04    8.74e-04    1.55e-03    1.36e-02    2.12e-02    2.00e-01       29.65
   3       -77.398015908   -5.33e-06    2.50e-04    5.16e-04    2.10e-03    2.97e-03    2.00e-01       32.39
   4       -77.398016173   -2.65e-07    2.84e-06    4.96e-06    4.93e-04    7.68e-04    2.00e-01       32.40
 Geometry optimization stopped:          thresholds achieved

 Final energy:                         -77.398016173

 -----------
  Final XYZ 
 -----------
4
Final structure: -77.398 hartree
C           -0.592551981          0.000000177         -0.000021386
C            0.592524474         -0.000000938          0.000015748
H           -1.645494404         -0.000003010         -0.000109410
H            1.645466263          0.000007248          0.000104278

 Structure in entos input format:

  structure(
    xyz = [
      ['C'  ,         -0.592551981,          0.000000177,         -0.000021386],
      ['C'  ,          0.592524474,         -0.000000938,          0.000015748],
      ['H'  ,         -1.645494404,         -0.000003010,         -0.000109410],
      ['H'  ,          1.645466263,          0.000007248,          0.000104278]
    ]
  )

 --------------------------------
  Geometry optimization finished 
 --------------------------------
 Saving results in set 'opt'

 --------------------------------------------------------------------------------
                                 command: hessian                                
 --------------------------------------------------------------------------------

WARNING: numerical method is specified for dft hessian, which is not efficient. Try switching to 'method = analytic'


 -------------------------------
  Numerical Geometrical Hessian 
 -------------------------------

 Compute hessian using two-point central differentiation.
 Step size (bohr):                       0.0100

 Frequencies (including translational and rotational modes):
 mode    frequency (cm-1)
    0                4.96 i (imaginary)
    1                2.88 i (imaginary)
    2                7.10
    3                9.88
    4               14.62
    5              707.47
    6              707.59
    7              787.43
    8              787.64
    9             2125.99
   10             3499.75
   11             3609.62

 Project out translational and rotational motions 

 Degrees of freedom for translational and rotational motions: 6

 Vibrational frequencies:
 mode    frequency (cm-1)
    0              707.55
    1              787.19
    2              787.64
    3             2125.99
    4             3499.75
    5             3609.62

 --------------------------------------------------------------------------------

 End time:                               Sun May  9 16:48:44 2021
 Total wall-clock time:               1012.872 seconds
==================================================================================
