
================================================================================
          _____________ ________ _______________ ________     _________         
         / ___________// ______ \\_____   _____// ______ \   / ________)        
        / /_________  / /      \ \     | |     / /      \ \ | (_______          
       |  __________|| |        | |    | |    | |        | | \________ \        
        \ \_________ | |        | |    | |     \ \______/ /___________) |       
         \__________||_|        |_|    |_|      \________//____________/        
                                                                                
====================================[ Qcore ]===================================

 Git hash:   15a3e7daff0cda5fa9af010ccd19a80288182ecf
 Git date:   Fri, 16 Apr 2021 15:57:16 +0100
 Compiler:   GNU 9.1.0
 Build type: Release
 Version:    1.1.0

 Start time: Mon May 10 09:39:49 2021

 Data directory: /work/zw18965/.local/qcore/share/entos/1.1.0/data
 Number of threads: 24
 Number of threads was determined by: command line argument
  - More threads can be used by running 'qcore -n 32'

 --------------------------------------------------------------------------------
                                command: optimize                                
 --------------------------------------------------------------------------------
 Using coordinate system:                tric
 Hessian update scheme:                  bfgs

 ------------------------------------------------------------------------------------------------------------
                   energy      change    grad rms    grad max    step rms    step max       trust    time (s)
 ------------------------------------------------------------------------------------------------------------
   1      -958.962555724                1.11e-02    2.30e-02                            2.00e-01      370.36
   2      -958.966691843   -4.14e-03    3.10e-03    6.99e-03    1.35e-01    1.42e-01    2.00e-01      354.95
   3      -958.966768222   -7.64e-05    1.96e-03    3.58e-03    1.25e-02    1.47e-02    2.00e-01      352.07
   4      -958.966804227   -3.60e-05    6.34e-04    1.15e-03    5.70e-03    8.76e-03    2.00e-01      356.18
   5      -958.966809433   -5.21e-06    4.72e-05    1.08e-04    3.16e-03    3.88e-03    2.00e-01      365.32
   6      -958.966809513   -7.95e-08    1.88e-05    3.71e-05    4.93e-04    8.31e-04    2.00e-01      350.41
 Geometry optimization stopped:          thresholds achieved

 Final energy:                        -958.966809513

 -----------
  Final XYZ 
 -----------
3
Final structure: -958.967 hartree
C            0.000028588         -0.015291082         -0.002013681
Cl           0.000140191          1.001187739         -1.337120100
Cl          -0.000063600          0.895111274          1.407502807

 Structure in entos input format:

  structure(
    xyz = [
      ['C'  ,          0.000028588,         -0.015291082,         -0.002013681],
      ['Cl' ,          0.000140191,          1.001187739,         -1.337120100],
      ['Cl' ,         -0.000063600,          0.895111274,          1.407502807]
    ]
  )

 --------------------------------
  Geometry optimization finished 
 --------------------------------
 Saving results in set 'opt'

 --------------------------------------------------------------------------------
                                 command: hessian                                
 --------------------------------------------------------------------------------

WARNING: numerical method is specified for dft hessian, which is not efficient. Try switching to 'method = analytic'


 -------------------------------
  Numerical Geometrical Hessian 
 -------------------------------

 Compute hessian using two-point central differentiation.
 Step size (bohr):                       0.0100

 Frequencies (including translational and rotational modes):
 mode    frequency (cm-1)
    0               12.77 i (imaginary)
    1                7.28 i (imaginary)
    2                7.03
    3               12.33
    4               14.08
    5               33.04
    6              355.26
    7              765.20
    8              837.45

 Project out translational and rotational motions 

 Degrees of freedom for translational and rotational motions: 6

 Vibrational frequencies:
 mode    frequency (cm-1)
    0              355.26
    1              765.20
    2              837.45

 --------------------------------------------------------------------------------

 End time:                               Mon May 10 12:29:10 2021
 Total wall-clock time:              10161.112 seconds
==================================================================================
