
================================================================================
          _____________ ________ _______________ ________     _________         
         / ___________// ______ \\_____   _____// ______ \   / ________)        
        / /_________  / /      \ \     | |     / /      \ \ | (_______          
       |  __________|| |        | |    | |    | |        | | \________ \        
        \ \_________ | |        | |    | |     \ \______/ /___________) |       
         \__________||_|        |_|    |_|      \________//____________/        
                                                                                
====================================[ Qcore ]===================================

 Git hash:   15a3e7daff0cda5fa9af010ccd19a80288182ecf
 Git date:   Fri, 16 Apr 2021 15:57:16 +0100
 Compiler:   GNU 9.1.0
 Build type: Release
 Version:    1.1.0

 Start time: Sun May  9 16:54:40 2021

 Data directory: /work/zw18965/.local/qcore/share/entos/1.1.0/data
 Number of threads: 24
 Number of threads was determined by: command line argument
  - More threads can be used by running 'qcore -n 32'

 --------------------------------------------------------------------------------
                                command: optimize                                
 --------------------------------------------------------------------------------
 Using coordinate system:                tric
 Hessian update scheme:                  bfgs

 ------------------------------------------------------------------------------------------------------------
                   energy      change    grad rms    grad max    step rms    step max       trust    time (s)
 ------------------------------------------------------------------------------------------------------------
   1      -113.424146364                1.44e-02    2.49e-02                            2.00e-01        9.59
   2      -113.424381260   -2.35e-04    2.59e-04    4.49e-04    9.58e-03    1.92e-02    2.00e-01        7.36
   3      -113.424381335   -7.53e-08    5.31e-06    9.36e-06    1.70e-04    3.39e-04    2.00e-01        6.69
 Geometry optimization stopped:          thresholds achieved

 Final energy:                        -113.424381335

 -----------
  Final XYZ 
 -----------
2
Final structure: -113.424 hartree
O            0.557262795         -0.000005707          0.000006893
C           -0.557260383          0.000001104         -0.000005546

 Structure in entos input format:

  structure(
    xyz = [
      ['O'  ,          0.557262795,         -0.000005707,          0.000006893],
      ['C'  ,         -0.557260383,          0.000001104,         -0.000005546]
    ]
  )

 --------------------------------
  Geometry optimization finished 
 --------------------------------
 Saving results in set 'opt'

 --------------------------------------------------------------------------------
                                 command: hessian                                
 --------------------------------------------------------------------------------

WARNING: numerical method is specified for dft hessian, which is not efficient. Try switching to 'method = analytic'


 -------------------------------
  Numerical Geometrical Hessian 
 -------------------------------

 Compute hessian using two-point central differentiation.
 Step size (bohr):                       0.0100

 Frequencies (including translational and rotational modes):
 mode    frequency (cm-1)
    0                2.10 i (imaginary)
    1                0.54 i (imaginary)
    2                1.64
    3               23.43
    4               23.71
    5             2284.08

 Project out translational and rotational motions 

 The molecule is linear

 Degrees of freedom for translational and rotational motions: 5

 Vibrational frequencies:
 mode    frequency (cm-1)
    0             2284.08

 --------------------------------------------------------------------------------

 End time:                               Sun May  9 16:56:48 2021
 Total wall-clock time:                127.671 seconds
==================================================================================
