
================================================================================
          _____________ ________ _______________ ________     _________         
         / ___________// ______ \\_____   _____// ______ \   / ________)        
        / /_________  / /      \ \     | |     / /      \ \ | (_______          
       |  __________|| |        | |    | |    | |        | | \________ \        
        \ \_________ | |        | |    | |     \ \______/ /___________) |       
         \__________||_|        |_|    |_|      \________//____________/        
                                                                                
====================================[ Qcore ]===================================

 Git hash:   15a3e7daff0cda5fa9af010ccd19a80288182ecf
 Git date:   Fri, 16 Apr 2021 15:57:16 +0100
 Compiler:   GNU 9.1.0
 Build type: Release
 Version:    1.1.0

 Start time: Sun May  9 16:57:50 2021

 Data directory: /work/zw18965/.local/qcore/share/entos/1.1.0/data
 Number of threads: 24
 Number of threads was determined by: command line argument

 --------------------------------------------------------------------------------
                                command: optimize                                
 --------------------------------------------------------------------------------
 Using coordinate system:                tric
 Hessian update scheme:                  bfgs

 ------------------------------------------------------------------------------------------------------------
                   energy      change    grad rms    grad max    step rms    step max       trust    time (s)
 ------------------------------------------------------------------------------------------------------------
   1      -199.706522855                1.08e-02    1.87e-02                            2.00e-01        9.99
Rejecting step due to low quality: Quality: -8.36563 New trust radius: 0.1
   2      -199.660759786    4.58e-02    1.08e-02    1.87e-02    2.00e-01    2.00e-01    1.00e-01        9.20
Rejecting step due to low quality: Quality: -2.09642 New trust radius: 0.05
   3      -199.699740545    6.78e-03    1.08e-02    1.87e-02    1.00e-01    1.00e-01    5.00e-02        9.28
   4      -199.706042431    4.80e-04    1.78e-02    3.09e-02    5.00e-02    5.00e-02    2.50e-02       10.45
   5      -199.706901421   -8.59e-04    2.39e-03    4.15e-03    2.50e-02    2.50e-02    3.54e-02        8.72
   6      -199.706918842   -1.74e-05    2.10e-04    3.65e-04    3.87e-03    3.90e-03    3.54e-02        8.60
   7      -199.706918971   -1.28e-07    2.81e-06    5.08e-06    3.73e-04    3.92e-04    3.54e-02        8.42
 Geometry optimization stopped:          thresholds achieved

 Final energy:                        -199.706918971

 -----------
  Final XYZ 
 -----------
2
Final structure: -199.707 hartree
F            0.000005384          0.000011740         -0.678802328
F           -0.000007481          0.000002763          0.678755897

 Structure in entos input format:

  structure(
    xyz = [
      ['F'  ,          0.000005384,          0.000011740,         -0.678802328],
      ['F'  ,         -0.000007481,          0.000002763,          0.678755897]
    ]
  )

 --------------------------------
  Geometry optimization finished 
 --------------------------------
 Saving results in set 'opt'

 --------------------------------------------------------------------------------
                                 command: hessian                                
 --------------------------------------------------------------------------------

WARNING: numerical method is specified for dft hessian, which is not efficient. Try switching to 'method = analytic'


 -------------------------------
  Numerical Geometrical Hessian 
 -------------------------------

 Compute hessian using two-point central differentiation.
 Step size (bohr):                       0.0100

 Frequencies (including translational and rotational modes):
 mode    frequency (cm-1)
    0                5.16 i (imaginary)
    1                3.11 i (imaginary)
    2                2.69 i (imaginary)
    3                1.10 i (imaginary)
    4                2.89
    5             1156.79

 Project out translational and rotational motions 

 The molecule is linear

 Degrees of freedom for translational and rotational motions: 5

 Vibrational frequencies:
 mode    frequency (cm-1)
    0             1156.79

 --------------------------------------------------------------------------------

 End time:                               Sun May  9 17:01:17 2021
 Total wall-clock time:                207.442 seconds
==================================================================================
