
================================================================================
          _____________ ________ _______________ ________     _________         
         / ___________// ______ \\_____   _____// ______ \   / ________)        
        / /_________  / /      \ \     | |     / /      \ \ | (_______          
       |  __________|| |        | |    | |    | |        | | \________ \        
        \ \_________ | |        | |    | |     \ \______/ /___________) |       
         \__________||_|        |_|    |_|      \________//____________/        
                                                                                
====================================[ Qcore ]===================================

 Git hash:   15a3e7daff0cda5fa9af010ccd19a80288182ecf
 Git date:   Fri, 16 Apr 2021 15:57:16 +0100
 Compiler:   GNU 9.1.0
 Build type: Release
 Version:    1.1.0

 Start time: Sun May  9 17:01:22 2021

 Data directory: /work/zw18965/.local/qcore/share/entos/1.1.0/data
 Number of threads: 24
 Number of threads was determined by: command line argument

 --------------------------------------------------------------------------------
                                command: optimize                                
 --------------------------------------------------------------------------------
 Using coordinate system:                tric
 Hessian update scheme:                  bfgs

 ------------------------------------------------------------------------------------------------------------
                   energy      change    grad rms    grad max    step rms    step max       trust    time (s)
 ------------------------------------------------------------------------------------------------------------
   1      -114.613566948                5.66e-03    1.51e-02                            2.00e-01       46.59
   2      -114.614029851   -4.63e-04    2.13e-03    6.08e-03    2.17e-02    3.01e-02    2.00e-01       43.86
   3      -114.614086159   -5.63e-05    1.07e-03    2.91e-03    9.69e-03    1.71e-02    2.00e-01       43.49
   4      -114.614091030   -4.87e-06    2.41e-04    5.92e-04    2.25e-03    4.59e-03    2.00e-01       43.70
   5      -114.614091280   -2.50e-07    1.19e-05    2.32e-05    4.07e-04    6.28e-04    2.00e-01       43.38
 Geometry optimization stopped:          thresholds achieved

 Final energy:                        -114.614091280

 -----------
  Final XYZ 
 -----------
4
Final structure: -114.614 hartree
C           -0.007765664          0.001107502          0.000537004
O            1.165538988         -0.154782050         -0.074008467
H           -0.473673359          0.974049274         -0.183593215
H           -0.683991364         -0.820103821          0.257277139

 Structure in entos input format:

  structure(
    xyz = [
      ['C'  ,         -0.007765664,          0.001107502,          0.000537004],
      ['O'  ,          1.165538988,         -0.154782050,         -0.074008467],
      ['H'  ,         -0.473673359,          0.974049274,         -0.183593215],
      ['H'  ,         -0.683991364,         -0.820103821,          0.257277139]
    ]
  )

 --------------------------------
  Geometry optimization finished 
 --------------------------------
 Saving results in set 'opt'

 --------------------------------------------------------------------------------
                                 command: hessian                                
 --------------------------------------------------------------------------------

WARNING: numerical method is specified for dft hessian, which is not efficient. Try switching to 'method = analytic'


 -------------------------------
  Numerical Geometrical Hessian 
 -------------------------------

 Compute hessian using two-point central differentiation.
 Step size (bohr):                       0.0100

 Frequencies (including translational and rotational modes):
 mode    frequency (cm-1)
    0               19.22 i (imaginary)
    1                9.84 i (imaginary)
    2                7.39 i (imaginary)
    3                7.07 i (imaginary)
    4                5.83
    5                7.67
    6             1231.43
    7             1291.75
    8             1561.37
    9             1890.71
   10             2988.13
   11             3054.68

 Project out translational and rotational motions 

 Degrees of freedom for translational and rotational motions: 6

 Vibrational frequencies:
 mode    frequency (cm-1)
    0             1231.43
    1             1291.75
    2             1561.37
    3             1890.71
    4             2988.13
    5             3054.68

 --------------------------------------------------------------------------------

 End time:                               Sun May  9 17:27:05 2021
 Total wall-clock time:               1543.634 seconds
==================================================================================
