
================================================================================
          _____________ ________ _______________ ________     _________         
         / ___________// ______ \\_____   _____// ______ \   / ________)        
        / /_________  / /      \ \     | |     / /      \ \ | (_______          
       |  __________|| |        | |    | |    | |        | | \________ \        
        \ \_________ | |        | |    | |     \ \______/ /___________) |       
         \__________||_|        |_|    |_|      \________//____________/        
                                                                                
====================================[ Qcore ]===================================

 Git hash:   15a3e7daff0cda5fa9af010ccd19a80288182ecf
 Git date:   Fri, 16 Apr 2021 15:57:16 +0100
 Compiler:   GNU 9.1.0
 Build type: Release
 Version:    1.1.0

 Start time: Sun May  9 17:16:45 2021

 Data directory: /work/zw18965/.local/qcore/share/entos/1.1.0/data
 Number of threads: 24
 Number of threads was determined by: command line argument
  - More threads can be used by running 'qcore -n 32'

 --------------------------------------------------------------------------------
                                command: optimize                                
 --------------------------------------------------------------------------------
 Using coordinate system:                tric
 Hessian update scheme:                  bfgs

 ------------------------------------------------------------------------------------------------------------
                   energy      change    grad rms    grad max    step rms    step max       trust    time (s)
 ------------------------------------------------------------------------------------------------------------
   1       -93.511307363                9.34e-03    2.20e-02                            2.00e-01       17.52
   2       -93.511527157   -2.20e-04    1.21e-03    2.93e-03    1.11e-02    1.74e-02    2.00e-01       15.18
   3       -93.511531615   -4.46e-06    2.39e-04    5.78e-04    1.58e-03    3.61e-03    2.00e-01       16.03
   4       -93.511531793   -1.78e-07    2.91e-06    6.20e-06    3.94e-04    8.97e-04    2.00e-01       14.71
 Geometry optimization stopped:          thresholds achieved

 Final energy:                         -93.511531793

 -----------
  Final XYZ 
 -----------
3
Final structure: -93.5115 hartree
C           -0.026105557         -0.000007152         -0.000007698
N            1.109065800         -0.000589043          0.000001642
H           -1.082927501          0.000598526         -0.000006212

 Structure in entos input format:

  structure(
    xyz = [
      ['C'  ,         -0.026105557,         -0.000007152,         -0.000007698],
      ['N'  ,          1.109065800,         -0.000589043,          0.000001642],
      ['H'  ,         -1.082927501,          0.000598526,         -0.000006212]
    ]
  )

 --------------------------------
  Geometry optimization finished 
 --------------------------------
 Saving results in set 'opt'

 --------------------------------------------------------------------------------
                                 command: hessian                                
 --------------------------------------------------------------------------------

WARNING: numerical method is specified for dft hessian, which is not efficient. Try switching to 'method = analytic'


 -------------------------------
  Numerical Geometrical Hessian 
 -------------------------------

 Compute hessian using two-point central differentiation.
 Step size (bohr):                       0.0100

 Frequencies (including translational and rotational modes):
 mode    frequency (cm-1)
    0                2.70 i (imaginary)
    1                1.86
    2                3.86
    3               14.14
    4               16.02
    5              783.73
    6              783.76
    7             2265.22
    8             3535.63

 Project out translational and rotational motions 

 Degrees of freedom for translational and rotational motions: 6

 Vibrational frequencies:
 mode    frequency (cm-1)
    0              783.76
    1             2265.22
    2             3535.63

 --------------------------------------------------------------------------------

 End time:                               Sun May  9 17:23:42 2021
 Total wall-clock time:                416.355 seconds
==================================================================================
