
================================================================================
          _____________ ________ _______________ ________     _________         
         / ___________// ______ \\_____   _____// ______ \   / ________)        
        / /_________  / /      \ \     | |     / /      \ \ | (_______          
       |  __________|| |        | |    | |    | |        | | \________ \        
        \ \_________ | |        | |    | |     \ \______/ /___________) |       
         \__________||_|        |_|    |_|      \________//____________/        
                                                                                
====================================[ Qcore ]===================================

 Git hash:   15a3e7daff0cda5fa9af010ccd19a80288182ecf
 Git date:   Fri, 16 Apr 2021 15:57:16 +0100
 Compiler:   GNU 9.1.0
 Build type: Release
 Version:    1.1.0

 Start time: Sun May  9 17:49:36 2021

 Data directory: /work/zw18965/.local/qcore/share/entos/1.1.0/data
 Number of threads: 24
 Number of threads was determined by: command line argument
  - More threads can be used by running 'qcore -n 32'

 --------------------------------------------------------------------------------
                                command: optimize                                
 --------------------------------------------------------------------------------
 Using coordinate system:                tric
 Hessian update scheme:                  bfgs

 ------------------------------------------------------------------------------------------------------------
                   energy      change    grad rms    grad max    step rms    step max       trust    time (s)
 ------------------------------------------------------------------------------------------------------------
   1      -796.852849446                1.18e-02    2.05e-02                            2.00e-01      103.52
   2      -796.853491443   -6.42e-04    1.19e-04    2.09e-04    3.02e-02    6.05e-02    2.00e-01      107.80
   3      -796.853491525   -8.20e-08    1.31e-05    2.24e-05    3.08e-04    6.16e-04    2.00e-01      103.25
 Geometry optimization stopped:          thresholds achieved

 Final energy:                        -796.853491525

 -----------
  Final XYZ 
 -----------
2
Final structure: -796.853 hartree
S            0.000030732          0.000036189          0.015961463
S            0.000005926         -0.000009070          1.880511201

 Structure in entos input format:

  structure(
    xyz = [
      ['S'  ,          0.000030732,          0.000036189,          0.015961463],
      ['S'  ,          0.000005926,         -0.000009070,          1.880511201]
    ]
  )

 --------------------------------
  Geometry optimization finished 
 --------------------------------
 Saving results in set 'opt'

 --------------------------------------------------------------------------------
                                 command: hessian                                
 --------------------------------------------------------------------------------

WARNING: numerical method is specified for dft hessian, which is not efficient. Try switching to 'method = analytic'


 -------------------------------
  Numerical Geometrical Hessian 
 -------------------------------

 Compute hessian using two-point central differentiation.
 Step size (bohr):                       0.0100

 Frequencies (including translational and rotational modes):
 mode    frequency (cm-1)
    0                9.08 i (imaginary)
    1                2.85 i (imaginary)
    2                3.41
    3                7.23
    4               15.08
    5              774.09

 Project out translational and rotational motions 

 The molecule is linear

 Degrees of freedom for translational and rotational motions: 5

 Vibrational frequencies:
 mode    frequency (cm-1)
    0              774.09

 --------------------------------------------------------------------------------

 End time:                               Sun May  9 18:21:19 2021
 Total wall-clock time:               1902.374 seconds
==================================================================================
