
================================================================================
          _____________ ________ _______________ ________     _________         
         / ___________// ______ \\_____   _____// ______ \   / ________)        
        / /_________  / /      \ \     | |     / /      \ \ | (_______          
       |  __________|| |        | |    | |    | |        | | \________ \        
        \ \_________ | |        | |    | |     \ \______/ /___________) |       
         \__________||_|        |_|    |_|      \________//____________/        
                                                                                
====================================[ Qcore ]===================================

 Git hash:   15a3e7daff0cda5fa9af010ccd19a80288182ecf
 Git date:   Fri, 16 Apr 2021 15:57:16 +0100
 Compiler:   GNU 9.1.0
 Build type: Release
 Version:    1.1.0

 Start time: Tue Apr 27 13:55:41 2021

 Data directory: /work/zw18965/.local/qcore/share/entos/1.1.0/data
 Number of threads: 24
 Number of threads was determined by: command line argument
  - More threads can be used by running 'qcore -n 32'

 --------------------------------------------------------------------------------
                                command: optimize                                
 --------------------------------------------------------------------------------
 Using coordinate system:                tric
 Hessian update scheme:                  bfgs

 ------------------------------------------------------------------------------------------------------------
                   energy      change    grad rms    grad max    step rms    step max       trust    time (s)
 ------------------------------------------------------------------------------------------------------------
   1       -78.458204890                7.98e-03    2.24e-02                            2.00e-01        4.08
   2       -78.458903682   -6.99e-04    1.91e-03    5.25e-03    1.90e-02    3.23e-02    2.00e-01        3.85
   3       -78.458960664   -5.70e-05    4.04e-04    9.74e-04    7.46e-03    1.01e-02    2.00e-01        3.76
   4       -78.458966003   -5.34e-06    1.11e-04    2.01e-04    3.43e-03    4.44e-03    2.00e-01        3.75
   5       -78.458966593   -5.90e-07    2.24e-05    3.81e-05    1.30e-03    1.39e-03    2.00e-01        3.76
   6       -78.458966609   -1.58e-08    2.62e-06    5.61e-06    1.34e-04    1.10e-04    2.00e-01        3.83
 Geometry optimization stopped:          thresholds achieved

 Final energy:                         -78.458966609

 -----------
  Final XYZ 
 -----------
6
Final structure: -78.459 hartree
C           -0.668333794         -0.052994234         -0.000113802
C            0.668278675          0.053009993          0.000160618
H           -1.243264066          0.002847230         -0.924452041
H           -1.227642726         -0.198819222          0.923994247
H            1.227588615          0.198833779         -0.923947156
H            1.243208677         -0.002833084          0.924498905

 Structure in entos input format:

  structure(
    xyz = [
      ['C'  ,         -0.668333794,         -0.052994234,         -0.000113802],
      ['C'  ,          0.668278675,          0.053009993,          0.000160618],
      ['H'  ,         -1.243264066,          0.002847230,         -0.924452041],
      ['H'  ,         -1.227642726,         -0.198819222,          0.923994247],
      ['H'  ,          1.227588615,          0.198833779,         -0.923947156],
      ['H'  ,          1.243208677,         -0.002833084,          0.924498905]
    ]
  )

 --------------------------------
  Geometry optimization finished 
 --------------------------------
 Saving results in set 'opt'

 --------------------------------------------------------------------------------
                                 command: hessian                                
 --------------------------------------------------------------------------------

WARNING: numerical method is specified for dft hessian, which is not efficient. Try switching to 'method = analytic'


 -------------------------------
  Numerical Geometrical Hessian 
 -------------------------------

 Compute hessian using two-point central differentiation.
 Step size (bohr):                       0.0100

 Frequencies (including translational and rotational modes):
 mode    frequency (cm-1)
    0               10.28 i (imaginary)
    1                6.15 i (imaginary)
    2                2.78 i (imaginary)
    3                7.66
    4               10.11
    5               13.51
    6              829.38
    7              977.74
    8              990.29
    9             1055.26
   10             1241.84
   11             1380.64
   12             1477.09
   13             1687.61
   14             3177.97
   15             3194.39
   16             3266.18
   17             3293.71

 Project out translational and rotational motions 

 Degrees of freedom for translational and rotational motions: 6

 Vibrational frequencies:
 mode    frequency (cm-1)
    0              829.38
    1              977.74
    2              990.29
    3             1055.26
    4             1241.84
    5             1380.64
    6             1477.09
    7             1687.61
    8             3177.97
    9             3194.39
   10             3266.18
   11             3293.71

 --------------------------------------------------------------------------------

 End time:                               Tue Apr 27 13:58:48 2021
 Total wall-clock time:                187.099 seconds
==================================================================================
