
================================================================================
          _____________ ________ _______________ ________     _________         
         / ___________// ______ \\_____   _____// ______ \   / ________)        
        / /_________  / /      \ \     | |     / /      \ \ | (_______          
       |  __________|| |        | |    | |    | |        | | \________ \        
        \ \_________ | |        | |    | |     \ \______/ /___________) |       
         \__________||_|        |_|    |_|      \________//____________/        
                                                                                
====================================[ Qcore ]===================================

 Git hash:   15a3e7daff0cda5fa9af010ccd19a80288182ecf
 Git date:   Fri, 16 Apr 2021 15:57:16 +0100
 Compiler:   GNU 9.1.0
 Build type: Release
 Version:    1.1.0

 Start time: Tue Apr 27 13:58:49 2021

 Data directory: /work/zw18965/.local/qcore/share/entos/1.1.0/data
 Number of threads: 24
 Number of threads was determined by: command line argument
  - More threads can be used by running 'qcore -n 32'

 --------------------------------------------------------------------------------
                                command: optimize                                
 --------------------------------------------------------------------------------
 Using coordinate system:                tric
 Hessian update scheme:                  bfgs

 ------------------------------------------------------------------------------------------------------------
                   energy      change    grad rms    grad max    step rms    step max       trust    time (s)
 ------------------------------------------------------------------------------------------------------------
   1      -957.860844810                1.85e-02    4.44e-02                            2.00e-01        2.36
   2      -957.865441743   -4.60e-03    1.11e-02    2.21e-02    1.19e-01    1.34e-01    2.00e-01        2.11
   3      -957.866392179   -9.50e-04    5.66e-03    9.22e-03    3.08e-02    3.45e-02    2.00e-01        2.08
   4      -957.866767501   -3.75e-04    8.57e-04    1.64e-03    2.27e-02    3.36e-02    2.00e-01        2.10
   5      -957.866779848   -1.23e-05    5.19e-05    1.12e-04    5.68e-03    5.60e-03    2.00e-01        2.08
   6      -957.866779956   -1.08e-07    5.47e-06    1.20e-05    4.90e-04    4.91e-04    2.00e-01        2.05
 Geometry optimization stopped:          thresholds achieved

 Final energy:                        -957.866779956

 -----------
  Final XYZ 
 -----------
3
Final structure: -957.867 hartree
C           -0.000000060         -0.036951632         -0.004627342
Cl          -0.000002287          1.015553932         -1.370132346
Cl           0.000001476          0.904172439          1.439940174

 Structure in entos input format:

  structure(
    xyz = [
      ['C'  ,         -0.000000060,         -0.036951632,         -0.004627342],
      ['Cl' ,         -0.000002287,          1.015553932,         -1.370132346],
      ['Cl' ,          0.000001476,          0.904172439,          1.439940174]
    ]
  )

 --------------------------------
  Geometry optimization finished 
 --------------------------------
 Saving results in set 'opt'

 --------------------------------------------------------------------------------
                                 command: hessian                                
 --------------------------------------------------------------------------------

WARNING: numerical method is specified for dft hessian, which is not efficient. Try switching to 'method = analytic'


 -------------------------------
  Numerical Geometrical Hessian 
 -------------------------------

 Compute hessian using two-point central differentiation.
 Step size (bohr):                       0.0100

 Frequencies (including translational and rotational modes):
 mode    frequency (cm-1)
    0                6.17 i (imaginary)
    1                3.04 i (imaginary)
    2                1.63
    3                2.21
    4                7.36
    5               22.27
    6              341.98
    7              734.03
    8              768.84

 Project out translational and rotational motions 

 Degrees of freedom for translational and rotational motions: 6

 Vibrational frequencies:
 mode    frequency (cm-1)
    0              341.98
    1              734.03
    2              768.84

 --------------------------------------------------------------------------------

 End time:                               Tue Apr 27 13:59:45 2021
 Total wall-clock time:                 56.646 seconds
==================================================================================
