
================================================================================
          _____________ ________ _______________ ________     _________         
         / ___________// ______ \\_____   _____// ______ \   / ________)        
        / /_________  / /      \ \     | |     / /      \ \ | (_______          
       |  __________|| |        | |    | |    | |        | | \________ \        
        \ \_________ | |        | |    | |     \ \______/ /___________) |       
         \__________||_|        |_|    |_|      \________//____________/        
                                                                                
====================================[ Qcore ]===================================

 Git hash:   15a3e7daff0cda5fa9af010ccd19a80288182ecf
 Git date:   Fri, 16 Apr 2021 15:57:16 +0100
 Compiler:   GNU 9.1.0
 Build type: Release
 Version:    1.1.0

 Start time: Tue Apr 27 14:04:13 2021

 Data directory: /work/zw18965/.local/qcore/share/entos/1.1.0/data
 Number of threads: 24
 Number of threads was determined by: command line argument
  - More threads can be used by running 'qcore -n 32'

 --------------------------------------------------------------------------------
                                command: optimize                                
 --------------------------------------------------------------------------------
 Using coordinate system:                tric
 Hessian update scheme:                  bfgs

 ------------------------------------------------------------------------------------------------------------
                   energy      change    grad rms    grad max    step rms    step max       trust    time (s)
 ------------------------------------------------------------------------------------------------------------
   1      -435.938699494                2.10e-02    3.65e-02                            2.00e-01        0.98
   2      -435.939524519   -8.25e-04    9.75e-03    1.69e-02    1.56e-02    3.11e-02    2.00e-01        0.73
   3      -435.939766588   -2.42e-04    7.93e-04    1.37e-03    1.34e-02    2.68e-02    2.00e-01        0.71
   4      -435.939768256   -1.67e-06    3.41e-05    5.98e-05    1.19e-03    2.38e-03    2.00e-01        0.69
Rejecting step due to low quality: Quality: -2.83675 New trust radius: 2.66833e-05
   5      -435.939768247    8.97e-09    3.41e-05    5.98e-05    5.34e-05    1.07e-04    2.67e-05        0.71
 Geometry optimization stopped:          thresholds achieved

 Final energy:                        -435.939768247

 -----------
  Final XYZ 
 -----------
2
Final structure: -435.94 hartree
C           -0.000000212          0.000000318         -0.004676806
S            0.000000261         -0.000000276          1.544336764

 Structure in entos input format:

  structure(
    xyz = [
      ['C'  ,         -0.000000212,          0.000000318,         -0.004676806],
      ['S'  ,          0.000000261,         -0.000000276,          1.544336764]
    ]
  )

 --------------------------------
  Geometry optimization finished 
 --------------------------------
 Saving results in set 'opt'

 --------------------------------------------------------------------------------
                                 command: hessian                                
 --------------------------------------------------------------------------------

WARNING: numerical method is specified for dft hessian, which is not efficient. Try switching to 'method = analytic'


 -------------------------------
  Numerical Geometrical Hessian 
 -------------------------------

 Compute hessian using two-point central differentiation.
 Step size (bohr):                       0.0100

 Frequencies (including translational and rotational modes):
 mode    frequency (cm-1)
    0               13.21 i (imaginary)
    1               13.19 i (imaginary)
    2                0.19
    3                0.21
    4                0.32
    5             1291.61

 Project out translational and rotational motions 

 The molecule is linear

 Degrees of freedom for translational and rotational motions: 5

 Vibrational frequencies:
 mode    frequency (cm-1)
    0             1291.61

 --------------------------------------------------------------------------------

 End time:                               Tue Apr 27 14:04:27 2021
 Total wall-clock time:                 14.074 seconds
==================================================================================
