
================================================================================
          _____________ ________ _______________ ________     _________         
         / ___________// ______ \\_____   _____// ______ \   / ________)        
        / /_________  / /      \ \     | |     / /      \ \ | (_______          
       |  __________|| |        | |    | |    | |        | | \________ \        
        \ \_________ | |        | |    | |     \ \______/ /___________) |       
         \__________||_|        |_|    |_|      \________//____________/        
                                                                                
====================================[ Qcore ]===================================

 Git hash:   15a3e7daff0cda5fa9af010ccd19a80288182ecf
 Git date:   Fri, 16 Apr 2021 15:57:16 +0100
 Compiler:   GNU 9.1.0
 Build type: Release
 Version:    1.1.0

 Start time: Tue Apr 27 14:04:37 2021

 Data directory: /work/zw18965/.local/qcore/share/entos/1.1.0/data
 Number of threads: 24
 Number of threads was determined by: command line argument
  - More threads can be used by running 'qcore -n 32'

 --------------------------------------------------------------------------------
                                command: optimize                                
 --------------------------------------------------------------------------------
 Using coordinate system:                tric
 Hessian update scheme:                  bfgs

 ------------------------------------------------------------------------------------------------------------
                   energy      change    grad rms    grad max    step rms    step max       trust    time (s)
 ------------------------------------------------------------------------------------------------------------
   1      -114.362769335                1.48e-02    3.67e-02                            2.00e-01        1.91
   2      -114.363625248   -8.56e-04    3.88e-03    1.10e-02    1.95e-02    3.15e-02    2.00e-01        1.67
   3      -114.363728796   -1.04e-04    6.98e-04    1.87e-03    1.15e-02    2.16e-02    2.00e-01        1.69
   4      -114.363736943   -8.15e-06    1.87e-04    4.82e-04    3.98e-03    7.43e-03    2.00e-01        1.64
   5      -114.363737409   -4.66e-07    3.91e-05    1.03e-04    8.19e-04    1.19e-03    2.00e-01        1.62
 Geometry optimization stopped:          thresholds achieved

 Final energy:                        -114.363737409

 -----------
  Final XYZ 
 -----------
4
Final structure: -114.364 hartree
C           -0.012150356          0.001673005          0.001148155
O            1.188973733         -0.157511895         -0.075610142
H           -0.482779671          0.989038458         -0.185707486
H           -0.695622371         -0.832757042          0.261714342

 Structure in entos input format:

  structure(
    xyz = [
      ['C'  ,         -0.012150356,          0.001673005,          0.001148155],
      ['O'  ,          1.188973733,         -0.157511895,         -0.075610142],
      ['H'  ,         -0.482779671,          0.989038458,         -0.185707486],
      ['H'  ,         -0.695622371,         -0.832757042,          0.261714342]
    ]
  )

 --------------------------------
  Geometry optimization finished 
 --------------------------------
 Saving results in set 'opt'

 --------------------------------------------------------------------------------
                                 command: hessian                                
 --------------------------------------------------------------------------------

WARNING: numerical method is specified for dft hessian, which is not efficient. Try switching to 'method = analytic'


 -------------------------------
  Numerical Geometrical Hessian 
 -------------------------------

 Compute hessian using two-point central differentiation.
 Step size (bohr):                       0.0100

 Frequencies (including translational and rotational modes):
 mode    frequency (cm-1)
    0                1.17 i (imaginary)
    1                0.54 i (imaginary)
    2                0.82
    3               13.21
    4               16.38
    5               23.88
    6             1202.35
    7             1258.82
    8             1532.46
    9             1769.61
   10             2965.87
   11             3044.00

 Project out translational and rotational motions 

 Degrees of freedom for translational and rotational motions: 6

 Vibrational frequencies:
 mode    frequency (cm-1)
    0             1202.35
    1             1258.82
    2             1532.46
    3             1769.61
    4             2965.87
    5             3044.00

 --------------------------------------------------------------------------------

 End time:                               Tue Apr 27 14:05:35 2021
 Total wall-clock time:                 57.508 seconds
==================================================================================
