
================================================================================
          _____________ ________ _______________ ________     _________         
         / ___________// ______ \\_____   _____// ______ \   / ________)        
        / /_________  / /      \ \     | |     / /      \ \ | (_______          
       |  __________|| |        | |    | |    | |        | | \________ \        
        \ \_________ | |        | |    | |     \ \______/ /___________) |       
         \__________||_|        |_|    |_|      \________//____________/        
                                                                                
====================================[ Qcore ]===================================

 Git hash:   15a3e7daff0cda5fa9af010ccd19a80288182ecf
 Git date:   Fri, 16 Apr 2021 15:57:16 +0100
 Compiler:   GNU 9.1.0
 Build type: Release
 Version:    1.1.0

 Start time: Tue Apr 27 14:05:35 2021

 Data directory: /work/zw18965/.local/qcore/share/entos/1.1.0/data
 Number of threads: 24
 Number of threads was determined by: command line argument
  - More threads can be used by running 'qcore -n 32'

 --------------------------------------------------------------------------------
                                command: optimize                                
 --------------------------------------------------------------------------------
 Using coordinate system:                tric
 Hessian update scheme:                  bfgs

 ------------------------------------------------------------------------------------------------------------
                   energy      change    grad rms    grad max    step rms    step max       trust    time (s)
 ------------------------------------------------------------------------------------------------------------
   1      -437.173576978                3.52e-03    7.16e-03                            2.00e-01        2.40
   2      -437.173845810   -2.69e-04    1.84e-03    4.84e-03    1.91e-02    2.61e-02    2.00e-01        2.05
   3      -437.173900660   -5.49e-05    8.26e-04    2.38e-03    1.18e-02    1.94e-02    2.00e-01        2.04
   4      -437.173904755   -4.10e-06    3.34e-04    9.08e-04    1.88e-03    3.91e-03    2.00e-01        2.00
   5      -437.173905501   -7.46e-07    2.51e-05    4.52e-05    6.73e-04    1.12e-03    2.00e-01        2.01
 Geometry optimization stopped:          thresholds achieved

 Final energy:                        -437.173905501

 -----------
  Final XYZ 
 -----------
4
Final structure: -437.174 hartree
C           -0.116000218          0.008975014          0.002213931
S            1.496832487         -0.119234141         -0.013272707
H           -0.665662781          0.275798313          0.911677042
H           -0.718182635         -0.166257995         -0.896203074

 Structure in entos input format:

  structure(
    xyz = [
      ['C'  ,         -0.116000218,          0.008975014,          0.002213931],
      ['S'  ,          1.496832487,         -0.119234141,         -0.013272707],
      ['H'  ,         -0.665662781,          0.275798313,          0.911677042],
      ['H'  ,         -0.718182635,         -0.166257995,         -0.896203074]
    ]
  )

 --------------------------------
  Geometry optimization finished 
 --------------------------------
 Saving results in set 'opt'

 --------------------------------------------------------------------------------
                                 command: hessian                                
 --------------------------------------------------------------------------------

WARNING: numerical method is specified for dft hessian, which is not efficient. Try switching to 'method = analytic'


 -------------------------------
  Numerical Geometrical Hessian 
 -------------------------------

 Compute hessian using two-point central differentiation.
 Step size (bohr):                       0.0100

 Frequencies (including translational and rotational modes):
 mode    frequency (cm-1)
    0                7.52 i (imaginary)
    1                6.20 i (imaginary)
    2                1.97 i (imaginary)
    3                1.42 i (imaginary)
    4                2.24
    5               23.90
    6             1013.17
    7             1038.32
    8             1093.30
    9             1501.47
   10             3111.56
   11             3207.96

 Project out translational and rotational motions 

 Degrees of freedom for translational and rotational motions: 6

 Vibrational frequencies:
 mode    frequency (cm-1)
    0             1013.17
    1             1038.32
    2             1093.30
    3             1501.47
    4             3111.56
    5             3207.96

 --------------------------------------------------------------------------------

 End time:                               Tue Apr 27 14:06:45 2021
 Total wall-clock time:                 70.604 seconds
==================================================================================
