
================================================================================
          _____________ ________ _______________ ________     _________         
         / ___________// ______ \\_____   _____// ______ \   / ________)        
        / /_________  / /      \ \     | |     / /      \ \ | (_______          
       |  __________|| |        | |    | |    | |        | | \________ \        
        \ \_________ | |        | |    | |     \ \______/ /___________) |       
         \__________||_|        |_|    |_|      \________//____________/        
                                                                                
====================================[ Qcore ]===================================

 Git hash:   15a3e7daff0cda5fa9af010ccd19a80288182ecf
 Git date:   Fri, 16 Apr 2021 15:57:16 +0100
 Compiler:   GNU 9.1.0
 Build type: Release
 Version:    1.1.0

 Start time: Tue Apr 27 14:07:35 2021

 Data directory: /work/zw18965/.local/qcore/share/entos/1.1.0/data
 Number of threads: 24
 Number of threads was determined by: command line argument
  - More threads can be used by running 'qcore -n 32'

 --------------------------------------------------------------------------------
                                command: optimize                                
 --------------------------------------------------------------------------------
 Using coordinate system:                tric
 Hessian update scheme:                  bfgs

 ------------------------------------------------------------------------------------------------------------
                   energy      change    grad rms    grad max    step rms    step max       trust    time (s)
 ------------------------------------------------------------------------------------------------------------
   1       -93.305388518                2.52e-02    5.67e-02                            2.00e-01        1.12
   2       -93.306687855   -1.30e-03    1.45e-03    3.16e-03    2.44e-02    4.51e-02    2.00e-01        0.88
   3       -93.306697994   -1.01e-05    3.69e-04    8.51e-04    2.62e-03    5.53e-03    2.00e-01        0.88
   4       -93.306698597   -6.03e-07    8.77e-06    2.16e-05    7.64e-04    1.67e-03    2.00e-01        0.87
   5       -93.306698603   -5.84e-09    1.55e-06    3.34e-06    8.13e-06    2.77e-05    2.00e-01        0.87
 Geometry optimization stopped:          thresholds achieved

 Final energy:                         -93.306698603

 -----------
  Final XYZ 
 -----------
3
Final structure: -93.3067 hartree
C           -0.031200195         -0.000106145          0.000000117
N            1.136652578         -0.000682941          0.000000174
H           -1.105334856          0.000485921          0.000000012

 Structure in entos input format:

  structure(
    xyz = [
      ['C'  ,         -0.031200195,         -0.000106145,          0.000000117],
      ['N'  ,          1.136652578,         -0.000682941,          0.000000174],
      ['H'  ,         -1.105334856,          0.000485921,          0.000000012]
    ]
  )

 --------------------------------
  Geometry optimization finished 
 --------------------------------
 Saving results in set 'opt'

 --------------------------------------------------------------------------------
                                 command: hessian                                
 --------------------------------------------------------------------------------

WARNING: numerical method is specified for dft hessian, which is not efficient. Try switching to 'method = analytic'


 -------------------------------
  Numerical Geometrical Hessian 
 -------------------------------

 Compute hessian using two-point central differentiation.
 Step size (bohr):                       0.0100

 Frequencies (including translational and rotational modes):
 mode    frequency (cm-1)
    0                1.32 i (imaginary)
    1                0.73
    2                0.86
    3               12.49
    4               12.50
    5              722.21
    6              722.21
    7             2097.83
    8             3475.02

 Project out translational and rotational motions 

 Degrees of freedom for translational and rotational motions: 6

 Vibrational frequencies:
 mode    frequency (cm-1)
    0              722.21
    1             2097.83
    2             3475.02

 --------------------------------------------------------------------------------

 End time:                               Tue Apr 27 14:07:59 2021
 Total wall-clock time:                 23.985 seconds
==================================================================================
