
================================================================================
          _____________ ________ _______________ ________     _________         
         / ___________// ______ \\_____   _____// ______ \   / ________)        
        / /_________  / /      \ \     | |     / /      \ \ | (_______          
       |  __________|| |        | |    | |    | |        | | \________ \        
        \ \_________ | |        | |    | |     \ \______/ /___________) |       
         \__________||_|        |_|    |_|      \________//____________/        
                                                                                
====================================[ Qcore ]===================================

 Git hash:   15a3e7daff0cda5fa9af010ccd19a80288182ecf
 Git date:   Fri, 16 Apr 2021 15:57:16 +0100
 Compiler:   GNU 9.1.0
 Build type: Release
 Version:    1.1.0

 Start time: Tue Apr 27 14:12:28 2021

 Data directory: /work/zw18965/.local/qcore/share/entos/1.1.0/data
 Number of threads: 24
 Number of threads was determined by: command line argument
  - More threads can be used by running 'qcore -n 32'

 --------------------------------------------------------------------------------
                                command: optimize                                
 --------------------------------------------------------------------------------
 Using coordinate system:                tric
 Hessian update scheme:                  bfgs

 ------------------------------------------------------------------------------------------------------------
                   energy      change    grad rms    grad max    step rms    step max       trust    time (s)
 ------------------------------------------------------------------------------------------------------------
   1      -548.237920966                1.73e-02    2.87e-02                            2.00e-01        2.03
   2      -548.238921496   -1.00e-03    9.54e-03    1.59e-02    1.66e-02    2.11e-02    2.00e-01        1.74
   3      -548.239383669   -4.62e-04    8.68e-04    1.67e-03    2.01e-02    2.58e-02    2.00e-01        1.71
   4      -548.239387029   -3.36e-06    1.57e-04    3.70e-04    1.66e-03    2.32e-03    2.00e-01        1.70
   5      -548.239387144   -1.14e-07    9.44e-05    1.98e-04    2.38e-04    8.68e-04    2.00e-01        1.72
 Geometry optimization stopped:          thresholds achieved

 Final energy:                        -548.239387144

 -----------
  Final XYZ 
 -----------
3
Final structure: -548.239 hartree
S           -0.001139276          0.491277430          0.000001170
O            1.264190632         -0.245770911          0.000001432
O           -1.262903260         -0.251860745          0.000002805

 Structure in entos input format:

  structure(
    xyz = [
      ['S'  ,         -0.001139276,          0.491277430,          0.000001170],
      ['O'  ,          1.264190632,         -0.245770911,          0.000001432],
      ['O'  ,         -1.262903260,         -0.251860745,          0.000002805]
    ]
  )

 --------------------------------
  Geometry optimization finished 
 --------------------------------
 Saving results in set 'opt'

 --------------------------------------------------------------------------------
                                 command: hessian                                
 --------------------------------------------------------------------------------

WARNING: numerical method is specified for dft hessian, which is not efficient. Try switching to 'method = analytic'


 -------------------------------
  Numerical Geometrical Hessian 
 -------------------------------

 Compute hessian using two-point central differentiation.
 Step size (bohr):                       0.0100

 Frequencies (including translational and rotational modes):
 mode    frequency (cm-1)
    0                7.89 i (imaginary)
    1                7.17 i (imaginary)
    2                5.72 i (imaginary)
    3                5.36
    4               29.61
    5               31.66
    6              491.91
    7             1081.34
    8             1282.74

 Project out translational and rotational motions 

 Degrees of freedom for translational and rotational motions: 6

 Vibrational frequencies:
 mode    frequency (cm-1)
    0              491.91
    1             1081.34
    2             1282.74

 --------------------------------------------------------------------------------

 End time:                               Tue Apr 27 14:13:14 2021
 Total wall-clock time:                 45.947 seconds
==================================================================================
