
================================================================================
          _____________ ________ _______________ ________     _________         
         / ___________// ______ \\_____   _____// ______ \   / ________)        
        / /_________  / /      \ \     | |     / /      \ \ | (_______          
       |  __________|| |        | |    | |    | |        | | \________ \        
        \ \_________ | |        | |    | |     \ \______/ /___________) |       
         \__________||_|        |_|    |_|      \________//____________/        
                                                                                
====================================[ Qcore ]===================================

 Git hash:   15a3e7daff0cda5fa9af010ccd19a80288182ecf
 Git date:   Fri, 16 Apr 2021 15:57:16 +0100
 Compiler:   GNU 9.1.0
 Build type: Release
 Version:    1.1.0

 Start time: Tue Apr 27 14:16:49 2021

 Data directory: /work/zw18965/.local/qcore/share/entos/1.1.0/data
 Number of threads: 24
 Number of threads was determined by: command line argument
  - More threads can be used by running 'qcore -n 32'

 --------------------------------------------------------------------------------
                                command: optimize                                
 --------------------------------------------------------------------------------
 Using coordinate system:                tric
 Hessian update scheme:                  bfgs

 ------------------------------------------------------------------------------------------------------------
                   energy      change    grad rms    grad max    step rms    step max       trust    time (s)
 ------------------------------------------------------------------------------------------------------------
   1      -473.058366089                1.48e-02    2.56e-02                            2.00e-01        1.11
   2      -473.058759717   -3.94e-04    8.33e-03    1.44e-02    9.97e-03    1.99e-02    2.00e-01        0.91
   3      -473.058959154   -1.99e-04    7.71e-04    1.34e-03    1.29e-02    2.58e-02    2.00e-01        0.87
   4      -473.058960831   -1.68e-06    3.47e-05    6.04e-05    1.32e-03    2.63e-03    2.00e-01        0.85
   5      -473.058960974   -1.43e-07    3.84e-07    7.89e-07    6.20e-05    1.24e-04    2.00e-01        0.84
 Geometry optimization stopped:          thresholds achieved

 Final energy:                        -473.058960974

 -----------
  Final XYZ 
 -----------
2
Final structure: -473.059 hartree
S            0.000000152          0.000000962         -0.012822752
O           -0.000000015         -0.000000696          1.499055187

 Structure in entos input format:

  structure(
    xyz = [
      ['S'  ,          0.000000152,          0.000000962,         -0.012822752],
      ['O'  ,         -0.000000015,         -0.000000696,          1.499055187]
    ]
  )

 --------------------------------
  Geometry optimization finished 
 --------------------------------
 Saving results in set 'opt'

 --------------------------------------------------------------------------------
                                 command: hessian                                
 --------------------------------------------------------------------------------

WARNING: numerical method is specified for dft hessian, which is not efficient. Try switching to 'method = analytic'


 -------------------------------
  Numerical Geometrical Hessian 
 -------------------------------

 Compute hessian using two-point central differentiation.
 Step size (bohr):                       0.0100

 Frequencies (including translational and rotational modes):
 mode    frequency (cm-1)
    0                0.54 i (imaginary)
    1                0.08
    2                1.67
    3               23.92
    4               23.93
    5             1093.43

 Project out translational and rotational motions 

 The molecule is linear

 Degrees of freedom for translational and rotational motions: 5

 Vibrational frequencies:
 mode    frequency (cm-1)
    0             1093.43

 --------------------------------------------------------------------------------

 End time:                               Tue Apr 27 14:17:06 2021
 Total wall-clock time:                 17.020 seconds
==================================================================================
