
================================================================================
          _____________ ________ _______________ ________     _________         
         / ___________// ______ \\_____   _____// ______ \   / ________)        
        / /_________  / /      \ \     | |     / /      \ \ | (_______          
       |  __________|| |        | |    | |    | |        | | \________ \        
        \ \_________ | |        | |    | |     \ \______/ /___________) |       
         \__________||_|        |_|    |_|      \________//____________/        
                                                                                
====================================[ Qcore ]===================================

 Git hash:   15a3e7daff0cda5fa9af010ccd19a80288182ecf
 Git date:   Fri, 16 Apr 2021 15:57:16 +0100
 Compiler:   GNU 9.1.0
 Build type: Release
 Version:    1.1.0

 Start time: Fri Apr 23 14:19:22 2021

 Data directory: /work/zw18965/.local/qcore/share/entos/1.1.0/data
 Number of threads: 12
 Number of threads was determined by: command line argument
  - More threads can be used by running 'qcore -n 24'

 --------------------------------------------------------------------------------
                                command: optimize                                
 --------------------------------------------------------------------------------
 Using coordinate system:                tric
 Hessian update scheme:                  bfgs

 ------------------------------------------------------------------------------------------------------------
                   energy      change    grad rms    grad max    step rms    step max       trust    time (s)
 ------------------------------------------------------------------------------------------------------------
   1      -958.328304444                1.69e-02    4.06e-02                            2.00e-01        1.35
   2      -958.332243336   -3.94e-03    1.05e-02    2.16e-02    1.08e-01    1.22e-01    2.00e-01        1.07
   3      -958.333170398   -9.27e-04    5.62e-03    9.19e-03    3.55e-02    4.11e-02    2.00e-01        1.02
   4      -958.333555541   -3.85e-04    1.32e-03    2.61e-03    2.17e-02    3.31e-02    2.00e-01        1.04
   5      -958.333588727   -3.32e-05    1.04e-04    2.27e-04    9.79e-03    9.21e-03    2.00e-01        0.98
   6      -958.333589212   -4.85e-07    1.85e-05    4.12e-05    1.23e-03    1.88e-03    2.00e-01        0.90
   7      -958.333589373   -1.61e-07    3.03e-05    6.17e-05    3.33e-04    2.48e-03    2.00e-01        0.95
   8      -958.333590274   -9.01e-07    1.02e-04    2.08e-04    1.05e-03    1.66e-02    2.00e-01        0.96
   9      -958.333591404   -1.13e-06    1.45e-04    3.02e-04    5.99e-04    2.67e-02    2.00e-01        0.98
  10      -958.333592447   -1.04e-06    1.17e-04    2.52e-04    3.59e-04    3.12e-02    2.00e-01        0.95
  11      -958.333592859   -4.12e-07    4.35e-05    9.90e-05    9.98e-04    1.17e-02    2.00e-01        0.97
  12      -958.333592956   -9.74e-08    1.19e-05    2.66e-05    5.06e-04    1.21e-03    2.00e-01        0.91
Rejecting step due to low quality: Quality: -13.2983 New trust radius: 2.1566e-05
  13      -958.333592940    1.63e-08    1.19e-05    2.66e-05    4.31e-05    9.51e-04    2.16e-05        0.91
 Geometry optimization stopped:          thresholds achieved

 Final energy:                        -958.333592940

 -----------
  Final XYZ 
 -----------
3
Final structure: -958.334 hartree
C            0.000001208         -0.034401392          0.023241300
Cl           0.000018388          0.958256744         -1.387024779
Cl          -0.000019596          0.959465259          1.432512932

 Structure in entos input format:

  structure(
    xyz = [
      ['C'  ,          0.000001208,         -0.034401392,          0.023241300],
      ['Cl' ,          0.000018388,          0.958256744,         -1.387024779],
      ['Cl' ,         -0.000019596,          0.959465259,          1.432512932]
    ]
  )

 --------------------------------
  Geometry optimization finished 
 --------------------------------
 Saving results in set 'opt'

 --------------------------------------------------------------------------------
                                 command: hessian                                
 --------------------------------------------------------------------------------

WARNING: semianalytic method is specified for dft hessian, which is not efficient. Try switching to 'method = analytic'


 -------------------------------
  Numerical Geometrical Hessian 
 -------------------------------

 Compute hessian using two-point central differentiation.
 Step size (bohr):                       0.0100

 Frequencies (including translational and rotational modes):
 mode    frequency (cm-1)
    0                0.06 i (imaginary)
    1                0.02 i (imaginary)
    2                0.01 i (imaginary)
    3               16.85
    4               17.07
    5               45.87
    6              331.71
    7              705.08
    8              730.15

 Project out translational and rotational motions 

 Degrees of freedom for translational and rotational motions: 6

 Vibrational frequencies:
 mode    frequency (cm-1)
    0              331.71
    1              705.08
    2              730.15

 --------------------------------------------------------------------------------

 End time:                               Fri Apr 23 14:19:54 2021
 Total wall-clock time:                 31.478 seconds
==================================================================================
