
================================================================================
          _____________ ________ _______________ ________     _________         
         / ___________// ______ \\_____   _____// ______ \   / ________)        
        / /_________  / /      \ \     | |     / /      \ \ | (_______          
       |  __________|| |        | |    | |    | |        | | \________ \        
        \ \_________ | |        | |    | |     \ \______/ /___________) |       
         \__________||_|        |_|    |_|      \________//____________/        
                                                                                
====================================[ Qcore ]===================================

 Git hash:   15a3e7daff0cda5fa9af010ccd19a80288182ecf
 Git date:   Fri, 16 Apr 2021 15:57:16 +0100
 Compiler:   GNU 9.1.0
 Build type: Release
 Version:    1.1.0

 Start time: Fri Apr 23 14:19:54 2021

 Data directory: /work/zw18965/.local/qcore/share/entos/1.1.0/data
 Number of threads: 12
 Number of threads was determined by: command line argument
  - More threads can be used by running 'qcore -n 24'

 --------------------------------------------------------------------------------
                                command: optimize                                
 --------------------------------------------------------------------------------
 Using coordinate system:                tric
 Hessian update scheme:                  bfgs

 ------------------------------------------------------------------------------------------------------------
                   energy      change    grad rms    grad max    step rms    step max       trust    time (s)
 ------------------------------------------------------------------------------------------------------------
   1      -237.708445750                4.87e-03    1.16e-02                            2.00e-01        0.87
   2      -237.708567734   -1.22e-04    2.25e-03    4.71e-03    1.00e-02    1.50e-02    2.00e-01        0.58
   3      -237.708594817   -2.71e-05    2.76e-04    4.82e-04    4.25e-03    6.67e-03    2.00e-01        0.58
   4      -237.708595362   -5.45e-07    1.21e-05    2.55e-05    7.93e-04    9.37e-04    2.00e-01        0.56
 Geometry optimization stopped:          thresholds achieved

 Final energy:                        -237.708595362

 -----------
  Final XYZ 
 -----------
3
Final structure: -237.709 hartree
C           -0.000000037          0.135825796         -0.000000257
F            0.000000086          0.932087620         -1.033161738
F           -0.000000049          0.932086579          1.033161995

 Structure in entos input format:

  structure(
    xyz = [
      ['C'  ,         -0.000000037,          0.135825796,         -0.000000257],
      ['F'  ,          0.000000086,          0.932087620,         -1.033161738],
      ['F'  ,         -0.000000049,          0.932086579,          1.033161995]
    ]
  )

 --------------------------------
  Geometry optimization finished 
 --------------------------------
 Saving results in set 'opt'

 --------------------------------------------------------------------------------
                                 command: hessian                                
 --------------------------------------------------------------------------------

WARNING: semianalytic method is specified for dft hessian, which is not efficient. Try switching to 'method = analytic'


 -------------------------------
  Numerical Geometrical Hessian 
 -------------------------------

 Compute hessian using two-point central differentiation.
 Step size (bohr):                       0.0100

 Frequencies (including translational and rotational modes):
 mode    frequency (cm-1)
    0               58.33 i (imaginary)
    1               34.82 i (imaginary)
    2               28.66 i (imaginary)
    3                0.00
    4                0.04
    5                0.05
    6              668.72
    7             1097.67
    8             1211.51

 Project out translational and rotational motions 

 Degrees of freedom for translational and rotational motions: 6

 Vibrational frequencies:
 mode    frequency (cm-1)
    0              668.72
    1             1097.66
    2             1211.51

 --------------------------------------------------------------------------------

 End time:                               Fri Apr 23 14:20:08 2021
 Total wall-clock time:                 14.168 seconds
==================================================================================
