
================================================================================
          _____________ ________ _______________ ________     _________         
         / ___________// ______ \\_____   _____// ______ \   / ________)        
        / /_________  / /      \ \     | |     / /      \ \ | (_______          
       |  __________|| |        | |    | |    | |        | | \________ \        
        \ \_________ | |        | |    | |     \ \______/ /___________) |       
         \__________||_|        |_|    |_|      \________//____________/        
                                                                                
====================================[ Qcore ]===================================

 Git hash:   15a3e7daff0cda5fa9af010ccd19a80288182ecf
 Git date:   Fri, 16 Apr 2021 15:57:16 +0100
 Compiler:   GNU 9.1.0
 Build type: Release
 Version:    1.1.0

 Start time: Fri Apr 23 14:20:59 2021

 Data directory: /work/zw18965/.local/qcore/share/entos/1.1.0/data
 Number of threads: 12
 Number of threads was determined by: command line argument
  - More threads can be used by running 'qcore -n 24'

 --------------------------------------------------------------------------------
                                command: optimize                                
 --------------------------------------------------------------------------------
 Using coordinate system:                tric
 Hessian update scheme:                  bfgs

 ------------------------------------------------------------------------------------------------------------
                   energy      change    grad rms    grad max    step rms    step max       trust    time (s)
 ------------------------------------------------------------------------------------------------------------
   1      -559.938590468                7.88e-03    1.36e-02                            2.00e-01        0.77
   2      -559.938800684   -2.10e-04    5.14e-03    8.90e-03    9.31e-03    1.86e-02    2.00e-01        0.39
   3      -559.938947680   -1.47e-04    3.62e-04    6.27e-04    1.75e-02    3.49e-02    2.00e-01        0.40
   4      -559.938948377   -6.97e-07    1.54e-05    2.67e-05    1.15e-03    2.30e-03    2.00e-01        0.39
   5      -559.938948378   -1.32e-09    4.32e-08    7.47e-08    4.69e-05    9.38e-05    2.00e-01        0.40
 Geometry optimization stopped:          thresholds achieved

 Final energy:                        -559.938948378

 -----------
  Final XYZ 
 -----------
2
Final structure: -559.939 hartree
Cl           0.820626891          0.000000134          0.000000003
F           -0.820626890         -0.000000134         -0.000000003

 Structure in entos input format:

  structure(
    xyz = [
      ['Cl' ,          0.820626891,          0.000000134,          0.000000003],
      ['F'  ,         -0.820626890,         -0.000000134,         -0.000000003]
    ]
  )

 --------------------------------
  Geometry optimization finished 
 --------------------------------
 Saving results in set 'opt'

 --------------------------------------------------------------------------------
                                 command: hessian                                
 --------------------------------------------------------------------------------

WARNING: semianalytic method is specified for dft hessian, which is not efficient. Try switching to 'method = analytic'


 -------------------------------
  Numerical Geometrical Hessian 
 -------------------------------

 Compute hessian using two-point central differentiation.
 Step size (bohr):                       0.0100

 Frequencies (including translational and rotational modes):
 mode    frequency (cm-1)
    0                0.02 i (imaginary)
    1                0.00 i (imaginary)
    2                0.00 i (imaginary)
    3               62.10
    4               62.10
    5              778.45

 Project out translational and rotational motions 

 The molecule is linear

 Degrees of freedom for translational and rotational motions: 5

 Vibrational frequencies:
 mode    frequency (cm-1)
    0              778.45

 --------------------------------------------------------------------------------

 End time:                               Fri Apr 23 14:21:07 2021
 Total wall-clock time:                  7.662 seconds
==================================================================================
