
================================================================================
          _____________ ________ _______________ ________     _________         
         / ___________// ______ \\_____   _____// ______ \   / ________)        
        / /_________  / /      \ \     | |     / /      \ \ | (_______          
       |  __________|| |        | |    | |    | |        | | \________ \        
        \ \_________ | |        | |    | |     \ \______/ /___________) |       
         \__________||_|        |_|    |_|      \________//____________/        
                                                                                
====================================[ Qcore ]===================================

 Git hash:   15a3e7daff0cda5fa9af010ccd19a80288182ecf
 Git date:   Fri, 16 Apr 2021 15:57:16 +0100
 Compiler:   GNU 9.1.0
 Build type: Release
 Version:    1.1.0

 Start time: Fri Apr 23 14:21:55 2021

 Data directory: /work/zw18965/.local/qcore/share/entos/1.1.0/data
 Number of threads: 12
 Number of threads was determined by: command line argument
  - More threads can be used by running 'qcore -n 24'

 --------------------------------------------------------------------------------
                                command: optimize                                
 --------------------------------------------------------------------------------
 Using coordinate system:                tric
 Hessian update scheme:                  bfgs

 ------------------------------------------------------------------------------------------------------------
                   energy      change    grad rms    grad max    step rms    step max       trust    time (s)
 ------------------------------------------------------------------------------------------------------------
   1      -199.523147784                8.08e-03    1.40e-02                            2.00e-01        0.43
Rejecting step due to low quality: Quality: -5.04349 New trust radius: 0.1
   2      -199.505014344    1.81e-02    8.08e-03    1.40e-02    2.00e-01    2.00e-01    1.00e-01        0.25
Rejecting step due to low quality: Quality: -1.91778 New trust radius: 0.05
   3      -199.518741292    4.41e-03    8.08e-03    1.40e-02    1.00e-01    1.00e-01    5.00e-02        0.26
   4      -199.522554945    5.93e-04    1.37e-02    2.38e-02    5.00e-02    5.00e-02    2.50e-02        0.28
   5      -199.523323055   -7.68e-04    3.72e-03    6.44e-03    2.50e-02    2.50e-02    3.54e-02        0.25
   6      -199.523376339   -5.33e-05    4.33e-04    7.50e-04    9.26e-03    9.26e-03    3.54e-02        0.28
   7      -199.523377043   -7.04e-07    1.16e-05    2.01e-05    9.66e-04    9.66e-04    3.54e-02        0.23
 Geometry optimization stopped:          thresholds achieved

 Final energy:                        -199.523377043

 -----------
  Final XYZ 
 -----------
2
Final structure: -199.523 hartree
F           -0.000000124          0.000000239         -0.698604687
F            0.000000124         -0.000000239          0.698604687

 Structure in entos input format:

  structure(
    xyz = [
      ['F'  ,         -0.000000124,          0.000000239,         -0.698604687],
      ['F'  ,          0.000000124,         -0.000000239,          0.698604687]
    ]
  )

 --------------------------------
  Geometry optimization finished 
 --------------------------------
 Saving results in set 'opt'

 --------------------------------------------------------------------------------
                                 command: hessian                                
 --------------------------------------------------------------------------------

WARNING: semianalytic method is specified for dft hessian, which is not efficient. Try switching to 'method = analytic'


 -------------------------------
  Numerical Geometrical Hessian 
 -------------------------------

 Compute hessian using two-point central differentiation.
 Step size (bohr):                       0.0100

 Frequencies (including translational and rotational modes):
 mode    frequency (cm-1)
    0                0.07 i (imaginary)
    1                0.02 i (imaginary)
    2                0.00 i (imaginary)
    3               23.40
    4               23.45
    5             1051.33

 Project out translational and rotational motions 

 The molecule is linear

 Degrees of freedom for translational and rotational motions: 5

 Vibrational frequencies:
 mode    frequency (cm-1)
    0             1051.33

 --------------------------------------------------------------------------------

 End time:                               Fri Apr 23 14:22:00 2021
 Total wall-clock time:                  5.412 seconds
==================================================================================
