
================================================================================
          _____________ ________ _______________ ________     _________         
         / ___________// ______ \\_____   _____// ______ \   / ________)        
        / /_________  / /      \ \     | |     / /      \ \ | (_______          
       |  __________|| |        | |    | |    | |        | | \________ \        
        \ \_________ | |        | |    | |     \ \______/ /___________) |       
         \__________||_|        |_|    |_|      \________//____________/        
                                                                                
====================================[ Qcore ]===================================

 Git hash:   15a3e7daff0cda5fa9af010ccd19a80288182ecf
 Git date:   Fri, 16 Apr 2021 15:57:16 +0100
 Compiler:   GNU 9.1.0
 Build type: Release
 Version:    1.1.0

 Start time: Fri Apr 23 14:22:21 2021

 Data directory: /work/zw18965/.local/qcore/share/entos/1.1.0/data
 Number of threads: 12
 Number of threads was determined by: command line argument
  - More threads can be used by running 'qcore -n 24'

 --------------------------------------------------------------------------------
                                command: optimize                                
 --------------------------------------------------------------------------------
 Using coordinate system:                tric
 Hessian update scheme:                  bfgs

 ------------------------------------------------------------------------------------------------------------
                   energy      change    grad rms    grad max    step rms    step max       trust    time (s)
 ------------------------------------------------------------------------------------------------------------
   1      -437.429770467                1.95e-03    4.89e-03                            2.00e-01        1.23
   2      -437.429889815   -1.19e-04    8.29e-04    1.62e-03    1.34e-02    2.06e-02    2.00e-01        0.83
   3      -437.429918691   -2.89e-05    3.12e-04    8.82e-04    1.03e-02    1.66e-02    2.00e-01        0.79
   4      -437.429919134   -4.43e-07    1.68e-04    4.62e-04    4.12e-04    8.80e-04    2.00e-01        0.81
   5      -437.429919312   -1.78e-07    1.01e-05    2.18e-05    3.29e-04    7.90e-04    2.00e-01        0.75
 Geometry optimization stopped:          thresholds achieved

 Final energy:                        -437.429919312

 -----------
  Final XYZ 
 -----------
4
Final structure: -437.43 hartree
C           -0.111846324          0.008864727          0.001227226
S            1.489748207         -0.118375314         -0.016102552
H           -0.661933919          0.273016768          0.901538558
H           -0.715972104         -0.163568476         -0.886583829

 Structure in entos input format:

  structure(
    xyz = [
      ['C'  ,         -0.111846324,          0.008864727,          0.001227226],
      ['S'  ,          1.489748207,         -0.118375314,         -0.016102552],
      ['H'  ,         -0.661933919,          0.273016768,          0.901538558],
      ['H'  ,         -0.715972104,         -0.163568476,         -0.886583829]
    ]
  )

 --------------------------------
  Geometry optimization finished 
 --------------------------------
 Saving results in set 'opt'

 --------------------------------------------------------------------------------
                                 command: hessian                                
 --------------------------------------------------------------------------------

WARNING: semianalytic method is specified for dft hessian, which is not efficient. Try switching to 'method = analytic'


 -------------------------------
  Numerical Geometrical Hessian 
 -------------------------------

 Compute hessian using two-point central differentiation.
 Step size (bohr):                       0.0100

 Frequencies (including translational and rotational modes):
 mode    frequency (cm-1)
    0               24.61 i (imaginary)
    1               10.86 i (imaginary)
    2                0.82 i (imaginary)
    3                0.08
    4                0.36
    5                5.83
    6             1003.24
    7             1029.48
    8             1088.82
    9             1493.99
   10             3061.08
   11             3138.38

 Project out translational and rotational motions 

 Degrees of freedom for translational and rotational motions: 6

 Vibrational frequencies:
 mode    frequency (cm-1)
    0             1003.24
    1             1029.48
    2             1088.82
    3             1493.99
    4             3061.08
    5             3138.38

 --------------------------------------------------------------------------------

 End time:                               Fri Apr 23 14:22:46 2021
 Total wall-clock time:                 25.353 seconds
==================================================================================
