
================================================================================
          _____________ ________ _______________ ________     _________         
         / ___________// ______ \\_____   _____// ______ \   / ________)        
        / /_________  / /      \ \     | |     / /      \ \ | (_______          
       |  __________|| |        | |    | |    | |        | | \________ \        
        \ \_________ | |        | |    | |     \ \______/ /___________) |       
         \__________||_|        |_|    |_|      \________//____________/        
                                                                                
====================================[ Qcore ]===================================

 Git hash:   15a3e7daff0cda5fa9af010ccd19a80288182ecf
 Git date:   Fri, 16 Apr 2021 15:57:16 +0100
 Compiler:   GNU 9.1.0
 Build type: Release
 Version:    1.1.0

 Start time: Fri Apr 23 14:22:46 2021

 Data directory: /work/zw18965/.local/qcore/share/entos/1.1.0/data
 Number of threads: 12
 Number of threads was determined by: command line argument
  - More threads can be used by running 'qcore -n 24'

 --------------------------------------------------------------------------------
                                command: optimize                                
 --------------------------------------------------------------------------------
 Using coordinate system:                tric
 Hessian update scheme:                  bfgs

 ------------------------------------------------------------------------------------------------------------
                   energy      change    grad rms    grad max    step rms    step max       trust    time (s)
 ------------------------------------------------------------------------------------------------------------
   1       -76.429636199                3.31e-03    5.97e-03                            2.00e-01        0.54
   2       -76.429711320   -7.51e-05    1.71e-03    3.10e-03    6.85e-03    1.39e-02    2.00e-01        0.31
   3       -76.429750137   -3.88e-05    1.80e-04    3.03e-04    1.08e-02    2.10e-02    2.00e-01        0.32
   4       -76.429750368   -2.31e-07    5.39e-05    8.87e-05    5.79e-04    6.81e-04    2.00e-01        0.29
 Geometry optimization stopped:          thresholds achieved

 Final energy:                         -76.429750368

 -----------
  Final XYZ 
 -----------
3
Final structure: -76.4298 hartree
O            0.005749135          0.004053748         -0.003217787
H            0.273833454          0.890947662          0.256216815
H            0.604617406         -0.240401410         -0.715499026

 Structure in entos input format:

  structure(
    xyz = [
      ['O'  ,          0.005749135,          0.004053748,         -0.003217787],
      ['H'  ,          0.273833454,          0.890947662,          0.256216815],
      ['H'  ,          0.604617406,         -0.240401410,         -0.715499026]
    ]
  )

 --------------------------------
  Geometry optimization finished 
 --------------------------------
 Saving results in set 'opt'

 --------------------------------------------------------------------------------
                                 command: hessian                                
 --------------------------------------------------------------------------------

WARNING: semianalytic method is specified for dft hessian, which is not efficient. Try switching to 'method = analytic'


 -------------------------------
  Numerical Geometrical Hessian 
 -------------------------------

 Compute hessian using two-point central differentiation.
 Step size (bohr):                       0.0100

 Frequencies (including translational and rotational modes):
 mode    frequency (cm-1)
    0               27.88 i (imaginary)
    1                0.31 i (imaginary)
    2                0.06 i (imaginary)
    3                0.12
    4               30.50
    5               43.53
    6             1626.75
    7             3792.05
    8             3894.59

 Project out translational and rotational motions 

 Degrees of freedom for translational and rotational motions: 6

 Vibrational frequencies:
 mode    frequency (cm-1)
    0             1626.75
    1             3792.05
    2             3894.59

 --------------------------------------------------------------------------------

 End time:                               Fri Apr 23 14:22:54 2021
 Total wall-clock time:                  7.549 seconds
==================================================================================
