
================================================================================
          _____________ ________ _______________ ________     _________         
         / ___________// ______ \\_____   _____// ______ \   / ________)        
        / /_________  / /      \ \     | |     / /      \ \ | (_______          
       |  __________|| |        | |    | |    | |        | | \________ \        
        \ \_________ | |        | |    | |     \ \______/ /___________) |       
         \__________||_|        |_|    |_|      \________//____________/        
                                                                                
====================================[ Qcore ]===================================

 Git hash:   15a3e7daff0cda5fa9af010ccd19a80288182ecf
 Git date:   Fri, 16 Apr 2021 15:57:16 +0100
 Compiler:   GNU 9.1.0
 Build type: Release
 Version:    1.1.0

 Start time: Fri Apr 23 14:23:19 2021

 Data directory: /work/zw18965/.local/qcore/share/entos/1.1.0/data
 Number of threads: 12
 Number of threads was determined by: command line argument
  - More threads can be used by running 'qcore -n 24'

 --------------------------------------------------------------------------------
                                command: optimize                                
 --------------------------------------------------------------------------------
 Using coordinate system:                tric
 Hessian update scheme:                  bfgs

 ------------------------------------------------------------------------------------------------------------
                   energy      change    grad rms    grad max    step rms    step max       trust    time (s)
 ------------------------------------------------------------------------------------------------------------
   1      -100.452625953                1.72e-03    2.98e-03                            2.00e-01        0.44
   2      -100.452632999   -7.05e-06    4.29e-04    7.43e-04    1.89e-03    3.78e-03    2.00e-01        0.16
   3      -100.452633460   -4.61e-07    4.17e-06    7.23e-06    6.27e-04    1.25e-03    2.00e-01        0.15
   4      -100.452633461   -6.89e-11    3.76e-08    6.52e-08    6.04e-06    1.21e-05    2.00e-01        0.14
 Geometry optimization stopped:          thresholds achieved

 Final energy:                        -100.452633461

 -----------
  Final XYZ 
 -----------
2
Final structure: -100.453 hartree
F            0.462135892         -0.000000020         -0.000000019
H           -0.462135892          0.000000020          0.000000019

 Structure in entos input format:

  structure(
    xyz = [
      ['F'  ,          0.462135892,         -0.000000020,         -0.000000019],
      ['H'  ,         -0.462135892,          0.000000020,          0.000000019]
    ]
  )

 --------------------------------
  Geometry optimization finished 
 --------------------------------
 Saving results in set 'opt'

 --------------------------------------------------------------------------------
                                 command: hessian                                
 --------------------------------------------------------------------------------

WARNING: semianalytic method is specified for dft hessian, which is not efficient. Try switching to 'method = analytic'


 -------------------------------
  Numerical Geometrical Hessian 
 -------------------------------

 Compute hessian using two-point central differentiation.
 Step size (bohr):                       0.0100

 Frequencies (including translational and rotational modes):
 mode    frequency (cm-1)
    0                0.01 i (imaginary)
    1                0.00 i (imaginary)
    2                0.00 i (imaginary)
    3               22.69
    4               22.74
    5             4069.67

 Project out translational and rotational motions 

 The molecule is linear

 Degrees of freedom for translational and rotational motions: 5

 Vibrational frequencies:
 mode    frequency (cm-1)
    0             4069.67

 --------------------------------------------------------------------------------

 End time:                               Fri Apr 23 14:23:22 2021
 Total wall-clock time:                  3.331 seconds
==================================================================================
