
================================================================================
          _____________ ________ _______________ ________     _________         
         / ___________// ______ \\_____   _____// ______ \   / ________)        
        / /_________  / /      \ \     | |     / /      \ \ | (_______          
       |  __________|| |        | |    | |    | |        | | \________ \        
        \ \_________ | |        | |    | |     \ \______/ /___________) |       
         \__________||_|        |_|    |_|      \________//____________/        
                                                                                
====================================[ Qcore ]===================================

 Git hash:   15a3e7daff0cda5fa9af010ccd19a80288182ecf
 Git date:   Fri, 16 Apr 2021 15:57:16 +0100
 Compiler:   GNU 9.1.0
 Build type: Release
 Version:    1.1.0

 Start time: Fri Apr 23 14:24:46 2021

 Data directory: /work/zw18965/.local/qcore/share/entos/1.1.0/data
 Number of threads: 12
 Number of threads was determined by: command line argument
  - More threads can be used by running 'qcore -n 24'

 --------------------------------------------------------------------------------
                                command: optimize                                
 --------------------------------------------------------------------------------
 Using coordinate system:                tric
 Hessian update scheme:                  bfgs

 ------------------------------------------------------------------------------------------------------------
                   energy      change    grad rms    grad max    step rms    step max       trust    time (s)
 ------------------------------------------------------------------------------------------------------------
   1      -343.116762246                6.56e-03    1.20e-02                            2.00e-01        0.95
   2      -343.117530540   -7.68e-04    2.93e-03    8.30e-03    6.93e-02    4.71e-02    2.00e-01        0.62
   3      -343.117679832   -1.49e-04    5.70e-04    1.53e-03    1.70e-02    1.78e-02    2.00e-01        0.66
   4      -343.117684783   -4.95e-06    1.50e-05    2.95e-05    2.71e-03    3.44e-03    2.00e-01        0.62
   5      -343.117684809   -2.53e-08    6.40e-06    1.33e-05    2.41e-04    4.36e-04    2.00e-01        0.61
 Geometry optimization stopped:          thresholds achieved

 Final energy:                        -343.117684809

 -----------
  Final XYZ 
 -----------
4
Final structure: -343.118 hartree
P           -0.004838371         -0.000985948          0.575681405
H           -0.657647000         -0.993371208         -0.199107024
H           -0.529265304          1.068134470         -0.194560292
H            1.191750670         -0.073777313         -0.182014090

 Structure in entos input format:

  structure(
    xyz = [
      ['P'  ,         -0.004838371,         -0.000985948,          0.575681405],
      ['H'  ,         -0.657647000,         -0.993371208,         -0.199107024],
      ['H'  ,         -0.529265304,          1.068134470,         -0.194560292],
      ['H'  ,          1.191750670,         -0.073777313,         -0.182014090]
    ]
  )

 --------------------------------
  Geometry optimization finished 
 --------------------------------
 Saving results in set 'opt'

 --------------------------------------------------------------------------------
                                 command: hessian                                
 --------------------------------------------------------------------------------

WARNING: semianalytic method is specified for dft hessian, which is not efficient. Try switching to 'method = analytic'


 -------------------------------
  Numerical Geometrical Hessian 
 -------------------------------

 Compute hessian using two-point central differentiation.
 Step size (bohr):                       0.0100

 Frequencies (including translational and rotational modes):
 mode    frequency (cm-1)
    0               64.22 i (imaginary)
    1               43.14 i (imaginary)
    2                0.07 i (imaginary)
    3                0.01
    4                0.24
    5               46.79
    6             1017.52
    7             1137.45
    8             1139.39
    9             2384.30
   10             2391.18
   11             2391.45

 Project out translational and rotational motions 

 Degrees of freedom for translational and rotational motions: 6

 Vibrational frequencies:
 mode    frequency (cm-1)
    0             1017.52
    1             1137.44
    2             1139.39
    3             2384.30
    4             2391.18
    5             2391.45

 --------------------------------------------------------------------------------

 End time:                               Fri Apr 23 14:25:05 2021
 Total wall-clock time:                 18.723 seconds
==================================================================================
