
================================================================================
          _____________ ________ _______________ ________     _________         
         / ___________// ______ \\_____   _____// ______ \   / ________)        
        / /_________  / /      \ \     | |     / /      \ \ | (_______          
       |  __________|| |        | |    | |    | |        | | \________ \        
        \ \_________ | |        | |    | |     \ \______/ /___________) |       
         \__________||_|        |_|    |_|      \________//____________/        
                                                                                
====================================[ Qcore ]===================================

 Git hash:   15a3e7daff0cda5fa9af010ccd19a80288182ecf
 Git date:   Fri, 16 Apr 2021 15:57:16 +0100
 Compiler:   GNU 9.1.0
 Build type: Release
 Version:    1.1.0

 Start time: Fri Apr 23 14:25:30 2021

 Data directory: /work/zw18965/.local/qcore/share/entos/1.1.0/data
 Number of threads: 12
 Number of threads was determined by: command line argument
  - More threads can be used by running 'qcore -n 24'

 --------------------------------------------------------------------------------
                                command: optimize                                
 --------------------------------------------------------------------------------
 Using coordinate system:                tric
 Hessian update scheme:                  bfgs

 ------------------------------------------------------------------------------------------------------------
                   energy      change    grad rms    grad max    step rms    step max       trust    time (s)
 ------------------------------------------------------------------------------------------------------------
   1      -115.713459583                3.89e-03    1.07e-02                            2.00e-01        1.67
   2      -115.713642581   -1.83e-04    1.69e-03    5.05e-03    1.40e-02    1.37e-02    2.00e-01        1.19
   3      -115.713675949   -3.34e-05    6.09e-04    1.94e-03    3.61e-03    8.59e-03    2.00e-01        1.18
   4      -115.713683445   -7.50e-06    1.60e-04    3.41e-04    3.19e-03    4.65e-03    2.00e-01        1.12
   5      -115.713684088   -6.43e-07    4.26e-05    8.49e-05    1.11e-03    1.02e-03    2.00e-01        1.15
 Geometry optimization stopped:          thresholds achieved

 Final energy:                        -115.713684088

 -----------
  Final XYZ 
 -----------
6
Final structure: -115.714 hartree
C           -0.364976950         -0.040660004         -0.013680548
O            1.000069870         -0.346782338         -0.278041605
H           -0.529390480          1.035139367          0.099252861
H           -0.619450471         -0.528709692          0.924957445
H           -1.029326273         -0.423003792         -0.794444593
H            1.259631463          0.070191597         -1.103848504

 Structure in entos input format:

  structure(
    xyz = [
      ['C'  ,         -0.364976950,         -0.040660004,         -0.013680548],
      ['O'  ,          1.000069870,         -0.346782338,         -0.278041605],
      ['H'  ,         -0.529390480,          1.035139367,          0.099252861],
      ['H'  ,         -0.619450471,         -0.528709692,          0.924957445],
      ['H'  ,         -1.029326273,         -0.423003792,         -0.794444593],
      ['H'  ,          1.259631463,          0.070191597,         -1.103848504]
    ]
  )

 --------------------------------
  Geometry optimization finished 
 --------------------------------
 Saving results in set 'opt'

 --------------------------------------------------------------------------------
                                 command: hessian                                
 --------------------------------------------------------------------------------

WARNING: semianalytic method is specified for dft hessian, which is not efficient. Try switching to 'method = analytic'


 -------------------------------
  Numerical Geometrical Hessian 
 -------------------------------

 Compute hessian using two-point central differentiation.
 Step size (bohr):                       0.0100

 Frequencies (including translational and rotational modes):
 mode    frequency (cm-1)
    0               37.29 i (imaginary)
    1                0.12 i (imaginary)
    2                0.07 i (imaginary)
    3                0.05
    4               14.65
    5               16.50
    6              285.34
    7             1039.10
    8             1075.85
    9             1170.02
   10             1365.23
   11             1476.56
   12             1497.91
   13             1508.47
   14             2994.04
   15             3039.25
   16             3108.60
   17             3827.33

 Project out translational and rotational motions 

 Degrees of freedom for translational and rotational motions: 6

 Vibrational frequencies:
 mode    frequency (cm-1)
    0              285.31
    1             1039.10
    2             1075.85
    3             1170.02
    4             1365.23
    5             1476.55
    6             1497.91
    7             1508.47
    8             2994.04
    9             3039.25
   10             3108.60
   11             3827.33

 --------------------------------------------------------------------------------

 End time:                               Fri Apr 23 14:26:20 2021
 Total wall-clock time:                 50.031 seconds
==================================================================================
