
================================================================================
          _____________ ________ _______________ ________     _________         
         / ___________// ______ \\_____   _____// ______ \   / ________)        
        / /_________  / /      \ \     | |     / /      \ \ | (_______          
       |  __________|| |        | |    | |    | |        | | \________ \        
        \ \_________ | |        | |    | |     \ \______/ /___________) |       
         \__________||_|        |_|    |_|      \________//____________/        
                                                                                
====================================[ Qcore ]===================================

 Git hash:   15a3e7daff0cda5fa9af010ccd19a80288182ecf
 Git date:   Fri, 16 Apr 2021 15:57:16 +0100
 Compiler:   GNU 9.1.0
 Build type: Release
 Version:    1.1.0

 Start time: Fri Apr 23 10:21:00 2021

 Data directory: /work/zw18965/.local/qcore/share/entos/1.1.0/data
 Number of threads: 24
 Number of threads was determined by: command line argument
  - More threads can be used by running 'qcore -n 32'

 --------------------------------------------------------------------------------
                                command: optimize                                
 --------------------------------------------------------------------------------
 Using coordinate system:                tric
 Hessian update scheme:                  bfgs

 ------------------------------------------------------------------------------------------------------------
                   energy      change    grad rms    grad max    step rms    step max       trust    time (s)
 ------------------------------------------------------------------------------------------------------------
   1      -553.047270614                5.37e-04    1.18e-03                            2.00e-01        1.58
   2      -553.047272104   -1.49e-06    3.40e-04    6.72e-04    7.44e-04    1.48e-03    2.00e-01        0.91
   3      -553.047272852   -7.47e-07    2.01e-05    4.27e-05    9.59e-04    2.03e-03    2.00e-01        0.91
   4      -553.047272860   -8.63e-09    1.86e-05    3.48e-05    4.55e-05    3.18e-04    2.00e-01        0.87
 Geometry optimization stopped:          thresholds achieved

 Final energy:                        -553.047272860

 -----------
  Final XYZ 
 -----------
3
Final structure: -553.047 hartree
Cl           1.403285792         -0.803547017          0.000002304
C           -0.152715726         -0.329614780         -0.000005790
N           -1.250570061          0.005224561          0.000003487

 Structure in entos input format:

  structure(
    xyz = [
      ['Cl' ,          1.403285792,         -0.803547017,          0.000002304],
      ['C'  ,         -0.152715726,         -0.329614780,         -0.000005790],
      ['N'  ,         -1.250570061,          0.005224561,          0.000003487]
    ]
  )

 --------------------------------
  Geometry optimization finished 
 --------------------------------
 Saving results in set 'opt'

 --------------------------------------------------------------------------------
                                 command: hessian                                
 --------------------------------------------------------------------------------

WARNING: semianalytic method is specified for dft hessian, which is not efficient. Try switching to 'method = analytic'


 -------------------------------
  Numerical Geometrical Hessian 
 -------------------------------

 Compute hessian using two-point central differentiation.
 Step size (bohr):                       0.0100

 Frequencies (including translational and rotational modes):
 mode    frequency (cm-1)
    0                0.05 i (imaginary)
    1                0.04 i (imaginary)
    2                0.00 i (imaginary)
    3               14.18
    4               22.46
    5              413.83
    6              415.50
    7              767.49
    8             2365.44

 Project out translational and rotational motions 

 Degrees of freedom for translational and rotational motions: 6

 Vibrational frequencies:
 mode    frequency (cm-1)
    0              413.82
    1              767.49
    2             2365.44

 --------------------------------------------------------------------------------

 End time:                               Fri Apr 23 10:21:22 2021
 Total wall-clock time:                 22.581 seconds
==================================================================================
