
================================================================================
          _____________ ________ _______________ ________     _________         
         / ___________// ______ \\_____   _____// ______ \   / ________)        
        / /_________  / /      \ \     | |     / /      \ \ | (_______          
       |  __________|| |        | |    | |    | |        | | \________ \        
        \ \_________ | |        | |    | |     \ \______/ /___________) |       
         \__________||_|        |_|    |_|      \________//____________/        
                                                                                
====================================[ Qcore ]===================================

 Git hash:   15a3e7daff0cda5fa9af010ccd19a80288182ecf
 Git date:   Fri, 16 Apr 2021 15:57:16 +0100
 Compiler:   GNU 9.1.0
 Build type: Release
 Version:    1.1.0

 Start time: Fri Apr 23 10:21:23 2021

 Data directory: /work/zw18965/.local/qcore/share/entos/1.1.0/data
 Number of threads: 24
 Number of threads was determined by: command line argument
  - More threads can be used by running 'qcore -n 32'

 --------------------------------------------------------------------------------
                                command: optimize                                
 --------------------------------------------------------------------------------
 Using coordinate system:                tric
 Hessian update scheme:                  bfgs

 ------------------------------------------------------------------------------------------------------------
                   energy      change    grad rms    grad max    step rms    step max       trust    time (s)
 ------------------------------------------------------------------------------------------------------------
   1      -436.230337784                3.44e-03    5.96e-03                            2.00e-01        0.99
   2      -436.230360002   -2.22e-05    1.61e-03    2.78e-03    2.54e-03    5.09e-03    2.00e-01        0.50
   3      -436.230366273   -6.27e-06    2.13e-05    3.69e-05    2.23e-03    4.45e-03    2.00e-01        0.51
Rejecting step due to low quality: Quality: -2.3959 New trust radius: 1.49709e-05
   4      -436.230366270    2.65e-09    2.13e-05    3.69e-05    2.99e-05    5.99e-05    1.50e-05        0.46
 Geometry optimization stopped:          thresholds achieved

 Final energy:                        -436.230366270

 -----------
  Final XYZ 
 -----------
2
Final structure: -436.23 hartree
C            0.000000045         -0.000000131          0.008779637
S           -0.000000045          0.000000131          1.530920361

 Structure in entos input format:

  structure(
    xyz = [
      ['C'  ,          0.000000045,         -0.000000131,          0.008779637],
      ['S'  ,         -0.000000045,          0.000000131,          1.530920361]
    ]
  )

 --------------------------------
  Geometry optimization finished 
 --------------------------------
 Saving results in set 'opt'

 --------------------------------------------------------------------------------
                                 command: hessian                                
 --------------------------------------------------------------------------------

WARNING: semianalytic method is specified for dft hessian, which is not efficient. Try switching to 'method = analytic'


 -------------------------------
  Numerical Geometrical Hessian 
 -------------------------------

 Compute hessian using two-point central differentiation.
 Step size (bohr):                       0.0100

 Frequencies (including translational and rotational modes):
 mode    frequency (cm-1)
    0                6.94 i (imaginary)
    1                6.94 i (imaginary)
    2                0.01 i (imaginary)
    3                0.01
    4                0.01
    5             1361.13

 Project out translational and rotational motions 

 The molecule is linear

 Degrees of freedom for translational and rotational motions: 5

 Vibrational frequencies:
 mode    frequency (cm-1)
    0             1361.13

 --------------------------------------------------------------------------------

 End time:                               Fri Apr 23 10:21:32 2021
 Total wall-clock time:                  9.503 seconds
==================================================================================
