
================================================================================
          _____________ ________ _______________ ________     _________         
         / ___________// ______ \\_____   _____// ______ \   / ________)        
        / /_________  / /      \ \     | |     / /      \ \ | (_______          
       |  __________|| |        | |    | |    | |        | | \________ \        
        \ \_________ | |        | |    | |     \ \______/ /___________) |       
         \__________||_|        |_|    |_|      \________//____________/        
                                                                                
====================================[ Qcore ]===================================

 Git hash:   15a3e7daff0cda5fa9af010ccd19a80288182ecf
 Git date:   Fri, 16 Apr 2021 15:57:16 +0100
 Compiler:   GNU 9.1.0
 Build type: Release
 Version:    1.1.0

 Start time: Fri Apr 23 10:22:15 2021

 Data directory: /work/zw18965/.local/qcore/share/entos/1.1.0/data
 Number of threads: 24
 Number of threads was determined by: command line argument

 --------------------------------------------------------------------------------
                                command: optimize                                
 --------------------------------------------------------------------------------
 Using coordinate system:                tric
 Hessian update scheme:                  bfgs

 ------------------------------------------------------------------------------------------------------------
                   energy      change    grad rms    grad max    step rms    step max       trust    time (s)
 ------------------------------------------------------------------------------------------------------------
   1      -109.542846405                1.86e-02    3.21e-02                            2.00e-01        0.56
   2      -109.543167172   -3.21e-04    3.00e-03    5.20e-03    1.17e-02    2.33e-02    2.00e-01        0.34
   3      -109.543175287   -8.11e-06    1.14e-04    1.98e-04    1.63e-03    3.25e-03    2.00e-01        0.34
   4      -109.543175302   -1.48e-08    5.12e-07    8.87e-07    5.96e-05    1.19e-04    2.00e-01        0.32
 Geometry optimization stopped:          thresholds achieved

 Final energy:                        -109.543175302

 -----------
  Final XYZ 
 -----------
2
Final structure: -109.543 hartree
N            0.543920996          0.000000020          0.000000042
N           -0.543920996         -0.000000020         -0.000000042

 Structure in entos input format:

  structure(
    xyz = [
      ['N'  ,          0.543920996,          0.000000020,          0.000000042],
      ['N'  ,         -0.543920996,         -0.000000020,         -0.000000042]
    ]
  )

 --------------------------------
  Geometry optimization finished 
 --------------------------------
 Saving results in set 'opt'

 --------------------------------------------------------------------------------
                                 command: hessian                                
 --------------------------------------------------------------------------------

WARNING: semianalytic method is specified for dft hessian, which is not efficient. Try switching to 'method = analytic'


 -------------------------------
  Numerical Geometrical Hessian 
 -------------------------------

 Compute hessian using two-point central differentiation.
 Step size (bohr):                       0.0100

 Frequencies (including translational and rotational modes):
 mode    frequency (cm-1)
    0                0.01 i (imaginary)
    1                0.00 i (imaginary)
    2                0.00
    3               21.57
    4               21.57
    5             2495.92

 Project out translational and rotational motions 

 The molecule is linear

 Degrees of freedom for translational and rotational motions: 5

 Vibrational frequencies:
 mode    frequency (cm-1)
    0             2495.92

 --------------------------------------------------------------------------------

 End time:                               Fri Apr 23 10:22:21 2021
 Total wall-clock time:                  6.037 seconds
==================================================================================
