
================================================================================
          _____________ ________ _______________ ________     _________         
         / ___________// ______ \\_____   _____// ______ \   / ________)        
        / /_________  / /      \ \     | |     / /      \ \ | (_______          
       |  __________|| |        | |    | |    | |        | | \________ \        
        \ \_________ | |        | |    | |     \ \______/ /___________) |       
         \__________||_|        |_|    |_|      \________//____________/        
                                                                                
====================================[ Qcore ]===================================

 Git hash:   15a3e7daff0cda5fa9af010ccd19a80288182ecf
 Git date:   Fri, 16 Apr 2021 15:57:16 +0100
 Compiler:   GNU 9.1.0
 Build type: Release
 Version:    1.1.0

 Start time: Fri Apr 23 10:21:05 2021

 Data directory: /work/zw18965/.local/qcore/share/entos/1.1.0/data
 Number of threads: 24
 Number of threads was determined by: command line argument
  - More threads can be used by running 'qcore -n 32'

 --------------------------------------------------------------------------------
                                command: optimize                                
 --------------------------------------------------------------------------------
 Using coordinate system:                tric
 Hessian update scheme:                  bfgs

 ------------------------------------------------------------------------------------------------------------
                   energy      change    grad rms    grad max    step rms    step max       trust    time (s)
 ------------------------------------------------------------------------------------------------------------
   1       -56.570757959                1.55e-03    4.38e-03                            2.00e-01        0.81
   2       -56.570846678   -8.87e-05    1.17e-03    3.50e-03    1.10e-02    1.20e-02    2.00e-01        0.54
   3       -56.570902409   -5.57e-05    3.95e-04    7.08e-04    1.55e-02    1.81e-02    2.00e-01        0.61
   4       -56.570905262   -2.85e-06    1.18e-04    2.15e-04    1.01e-03    5.34e-03    2.00e-01        0.52
   5       -56.570908593   -3.33e-06    2.51e-04    5.44e-04    1.03e-03    1.33e-02    2.00e-01        0.52
   6       -56.570912883   -4.29e-06    5.34e-04    1.07e-03    8.71e-04    2.42e-02    2.00e-01        0.54
   7       -56.570917781   -4.90e-06    6.57e-04    1.26e-03    4.41e-04    3.96e-02    2.00e-01        0.55
   8       -56.570921415   -3.63e-06    3.80e-04    7.00e-04    8.84e-04    8.52e-03    2.00e-01        0.55
   9       -56.570923974   -2.56e-06    7.33e-05    1.36e-04    1.32e-03    7.22e-03    2.00e-01        0.53
  10       -56.570924660   -6.86e-07    1.25e-04    2.34e-04    1.83e-04    4.69e-03    2.00e-01        0.51
  11       -56.570925914   -1.25e-06    8.11e-04    1.35e-03    2.61e-03    1.02e-01    1.31e-03        0.53
  12       -56.570931576   -5.66e-06    4.51e-04    7.67e-04    1.31e-03    3.69e-02    1.85e-03        0.55
  13       -56.570933385   -1.81e-06    2.45e-04    4.42e-04    6.67e-04    4.78e-03    1.85e-03        0.54
  14       -56.570935370   -1.99e-06    6.18e-05    1.11e-04    8.70e-04    1.13e-02    1.85e-03        0.50
  15       -56.570935943   -5.73e-07    9.63e-05    1.63e-04    1.41e-04    7.84e-03    1.85e-03        0.52
  16       -56.570936576   -6.32e-07    8.28e-05    1.60e-04    1.97e-04    8.46e-03    1.85e-03        0.52
  17       -56.570937019   -4.43e-07    4.51e-05    9.68e-05    1.63e-04    9.11e-03    1.85e-03        0.52
  18       -56.570937211   -1.92e-07    1.87e-05    3.65e-05    1.46e-04    5.59e-03    1.85e-03        0.51
  19       -56.570937238   -2.71e-08    8.52e-06    1.72e-05    1.26e-04    2.13e-03    1.85e-03        0.51
  20       -56.570937238   -5.11e-11    2.53e-06    5.78e-06    4.43e-05    5.36e-04    2.22e-05        0.46
 Geometry optimization stopped:          thresholds achieved

 Final energy:                         -56.570937238

 -----------
  Final XYZ 
 -----------
4
Final structure: -56.5709 hartree
N            0.013463723         -0.008205857          0.281045074
H           -0.603449233         -0.719002314         -0.085909566
H           -0.329389659          0.881162778         -0.053665398
H            0.919375169         -0.153954607         -0.141470110

 Structure in entos input format:

  structure(
    xyz = [
      ['N'  ,          0.013463723,         -0.008205857,          0.281045074],
      ['H'  ,         -0.603449233,         -0.719002314,         -0.085909566],
      ['H'  ,         -0.329389659,          0.881162778,         -0.053665398],
      ['H'  ,          0.919375169,         -0.153954607,         -0.141470110]
    ]
  )

 --------------------------------
  Geometry optimization finished 
 --------------------------------
 Saving results in set 'opt'

 --------------------------------------------------------------------------------
                                 command: hessian                                
 --------------------------------------------------------------------------------

WARNING: semianalytic method is specified for dft hessian, which is not efficient. Try switching to 'method = analytic'


 -------------------------------
  Numerical Geometrical Hessian 
 -------------------------------

 Compute hessian using two-point central differentiation.
 Step size (bohr):                       0.0100

 Frequencies (including translational and rotational modes):
 mode    frequency (cm-1)
    0                0.05 i (imaginary)
    1                0.04 i (imaginary)
    2                0.02 i (imaginary)
    3              137.44
    4              199.17
    5              257.43
    6             1066.31
    7             1675.56
    8             1689.67
    9             3524.80
   10             3649.32
   11             3650.39

 Project out translational and rotational motions 

 Degrees of freedom for translational and rotational motions: 6

 Vibrational frequencies:
 mode    frequency (cm-1)
    0             1066.26
    1             1675.45
    2             1689.66
    3             3524.80
    4             3649.32
    5             3650.39

 --------------------------------------------------------------------------------

 End time:                               Fri Apr 23 10:21:29 2021
 Total wall-clock time:                 24.396 seconds
==================================================================================
