
================================================================================
          _____________ ________ _______________ ________     _________         
         / ___________// ______ \\_____   _____// ______ \   / ________)        
        / /_________  / /      \ \     | |     / /      \ \ | (_______          
       |  __________|| |        | |    | |    | |        | | \________ \        
        \ \_________ | |        | |    | |     \ \______/ /___________) |       
         \__________||_|        |_|    |_|      \________//____________/        
                                                                                
====================================[ Qcore ]===================================

 Git hash:   15a3e7daff0cda5fa9af010ccd19a80288182ecf
 Git date:   Fri, 16 Apr 2021 15:57:16 +0100
 Compiler:   GNU 9.1.0
 Build type: Release
 Version:    1.1.0

 Start time: Fri Apr 23 10:21:41 2021

 Data directory: /work/zw18965/.local/qcore/share/entos/1.1.0/data
 Number of threads: 24
 Number of threads was determined by: command line argument
  - More threads can be used by running 'qcore -n 32'

 --------------------------------------------------------------------------------
                                command: optimize                                
 --------------------------------------------------------------------------------
 Using coordinate system:                tric
 Hessian update scheme:                  bfgs

 ------------------------------------------------------------------------------------------------------------
                   energy      change    grad rms    grad max    step rms    step max       trust    time (s)
 ------------------------------------------------------------------------------------------------------------
   1      -343.157843547                5.31e-03    8.92e-03                            2.00e-01        1.11
   2      -343.158442129   -5.99e-04    2.37e-03    6.85e-03    6.90e-02    5.04e-02    2.00e-01        0.75
   3      -343.158549203   -1.07e-04    5.75e-04    1.53e-03    1.64e-02    1.69e-02    2.00e-01        0.72
   4      -343.158554962   -5.76e-06    3.84e-05    8.06e-05    2.64e-03    3.37e-03    2.00e-01        0.68
   5      -343.158555890   -9.27e-07    6.92e-05    1.59e-04    2.75e-04    3.02e-03    2.00e-01        0.70
   6      -343.158564040   -8.15e-06    4.82e-04    1.21e-03    1.76e-03    3.94e-02    2.00e-01        0.72
   7      -343.158568833   -4.79e-06    5.27e-04    1.31e-03    4.04e-04    3.39e-02    2.00e-01        0.73
   8      -343.158572716   -3.88e-06    2.44e-04    6.04e-04    1.17e-03    1.72e-02    2.00e-01        0.71
   9      -343.158573819   -1.10e-06    2.38e-05    3.86e-05    1.06e-03    2.64e-03    2.00e-01        0.70
  10      -343.158574024   -2.05e-07    4.32e-05    9.74e-05    2.22e-04    1.77e-03    2.00e-01        0.65
  11      -343.158577322   -3.30e-06    3.67e-04    9.25e-04    1.77e-03    3.83e-02    2.00e-01        0.70
  12      -343.158579516   -2.19e-06    5.22e-04    1.32e-03    1.32e-03    4.43e-02    2.00e-01        0.75
  13      -343.158582473   -2.96e-06    3.14e-04    7.86e-04    1.21e-03    5.36e-03    2.00e-01        0.68
  14      -343.158584431   -1.96e-06    9.09e-06    1.71e-05    2.26e-03    1.66e-02    2.00e-01        0.68
  15      -343.158584473   -4.26e-08    1.01e-05    2.36e-05    1.83e-04    5.29e-03    2.00e-01        0.66
  16      -343.158584491   -1.77e-08    5.13e-06    9.02e-06    5.34e-05    8.09e-04    2.00e-01        0.66
 Geometry optimization stopped:          thresholds achieved

 Final energy:                        -343.158584491

 -----------
  Final XYZ 
 -----------
4
Final structure: -343.159 hartree
P            0.050456396          0.000959530          0.569423181
H           -0.614076681         -1.028395892         -0.134854781
H           -0.604548775          1.033512041         -0.139075521
H            1.168169054         -0.006075680         -0.295492880

 Structure in entos input format:

  structure(
    xyz = [
      ['P'  ,          0.050456396,          0.000959530,          0.569423181],
      ['H'  ,         -0.614076681,         -1.028395892,         -0.134854781],
      ['H'  ,         -0.604548775,          1.033512041,         -0.139075521],
      ['H'  ,          1.168169054,         -0.006075680,         -0.295492880]
    ]
  )

 --------------------------------
  Geometry optimization finished 
 --------------------------------
 Saving results in set 'opt'

 --------------------------------------------------------------------------------
                                 command: hessian                                
 --------------------------------------------------------------------------------

WARNING: semianalytic method is specified for dft hessian, which is not efficient. Try switching to 'method = analytic'


 -------------------------------
  Numerical Geometrical Hessian 
 -------------------------------

 Compute hessian using two-point central differentiation.
 Step size (bohr):                       0.0100

 Frequencies (including translational and rotational modes):
 mode    frequency (cm-1)
    0                0.26 i (imaginary)
    1                0.19 i (imaginary)
    2                0.02 i (imaginary)
    3              111.38
    4              118.64
    5              138.26
    6             1021.20
    7             1152.69
    8             1153.25
    9             2440.14
   10             2448.73
   11             2449.96

 Project out translational and rotational motions 

 Degrees of freedom for translational and rotational motions: 6

 Vibrational frequencies:
 mode    frequency (cm-1)
    0             1021.16
    1             1152.64
    2             1153.24
    3             2440.14
    4             2448.73
    5             2449.96

 --------------------------------------------------------------------------------

 End time:                               Fri Apr 23 10:22:10 2021
 Total wall-clock time:                 29.393 seconds
==================================================================================
