
================================================================================
          _____________ ________ _______________ ________     _________         
         / ___________// ______ \\_____   _____// ______ \   / ________)        
        / /_________  / /      \ \     | |     / /      \ \ | (_______          
       |  __________|| |        | |    | |    | |        | | \________ \        
        \ \_________ | |        | |    | |     \ \______/ /___________) |       
         \__________||_|        |_|    |_|      \________//____________/        
                                                                                
====================================[ Qcore ]===================================

 Git hash:   15a3e7daff0cda5fa9af010ccd19a80288182ecf
 Git date:   Fri, 16 Apr 2021 15:57:16 +0100
 Compiler:   GNU 9.1.0
 Build type: Release
 Version:    1.1.0

 Start time: Fri Apr 23 10:22:24 2021

 Data directory: /work/zw18965/.local/qcore/share/entos/1.1.0/data
 Number of threads: 24
 Number of threads was determined by: command line argument

 --------------------------------------------------------------------------------
                                command: optimize                                
 --------------------------------------------------------------------------------
 Using coordinate system:                tric
 Hessian update scheme:                  bfgs

 ------------------------------------------------------------------------------------------------------------
                   energy      change    grad rms    grad max    step rms    step max       trust    time (s)
 ------------------------------------------------------------------------------------------------------------
   1      -364.742464879                8.80e-03    1.52e-02                            2.00e-01        1.05
   2      -364.742609658   -1.45e-04    4.15e-03    7.19e-03    6.44e-03    1.29e-02    2.00e-01        0.54
   3      -364.742649780   -4.01e-05    1.54e-04    2.67e-04    5.76e-03    1.15e-02    2.00e-01        0.53
   4      -364.742649852   -7.12e-08    2.60e-06    4.50e-06    2.06e-04    4.12e-04    2.00e-01        0.50
 Geometry optimization stopped:          thresholds achieved

 Final energy:                        -364.742649852

 -----------
  Final XYZ 
 -----------
2
Final structure: -364.743 hartree
Si          -0.000000338         -0.000000308         -0.750583959
O            0.000000338          0.000000308          0.750583959

 Structure in entos input format:

  structure(
    xyz = [
      ['Si' ,         -0.000000338,         -0.000000308,         -0.750583959],
      ['O'  ,          0.000000338,          0.000000308,          0.750583959]
    ]
  )

 --------------------------------
  Geometry optimization finished 
 --------------------------------
 Saving results in set 'opt'

 --------------------------------------------------------------------------------
                                 command: hessian                                
 --------------------------------------------------------------------------------

WARNING: semianalytic method is specified for dft hessian, which is not efficient. Try switching to 'method = analytic'


 -------------------------------
  Numerical Geometrical Hessian 
 -------------------------------

 Compute hessian using two-point central differentiation.
 Step size (bohr):                       0.0100

 Frequencies (including translational and rotational modes):
 mode    frequency (cm-1)
    0               51.30 i (imaginary)
    1               51.30 i (imaginary)
    2                0.00 i (imaginary)
    3                0.00 i (imaginary)
    4                0.03
    5             1306.00

 Project out translational and rotational motions 

 The molecule is linear

 Degrees of freedom for translational and rotational motions: 5

 Vibrational frequencies:
 mode    frequency (cm-1)
    0             1306.00

 --------------------------------------------------------------------------------

 End time:                               Fri Apr 23 10:22:33 2021
 Total wall-clock time:                  9.746 seconds
==================================================================================
