
================================================================================
          _____________ ________ _______________ ________     _________         
         / ___________// ______ \\_____   _____// ______ \   / ________)        
        / /_________  / /      \ \     | |     / /      \ \ | (_______          
       |  __________|| |        | |    | |    | |        | | \________ \        
        \ \_________ | |        | |    | |     \ \______/ /___________) |       
         \__________||_|        |_|    |_|      \________//____________/        
                                                                                
====================================[ Qcore ]===================================

 Git hash:   15a3e7daff0cda5fa9af010ccd19a80288182ecf
 Git date:   Fri, 16 Apr 2021 15:57:16 +0100
 Compiler:   GNU 9.1.0
 Build type: Release
 Version:    1.1.0

 Start time: Fri Apr 23 10:22:36 2021

 Data directory: /work/zw18965/.local/qcore/share/entos/1.1.0/data
 Number of threads: 24
 Number of threads was determined by: command line argument

 --------------------------------------------------------------------------------
                                command: optimize                                
 --------------------------------------------------------------------------------
 Using coordinate system:                tric
 Hessian update scheme:                  bfgs

 ------------------------------------------------------------------------------------------------------------
                   energy      change    grad rms    grad max    step rms    step max       trust    time (s)
 ------------------------------------------------------------------------------------------------------------
   1      -796.403282895                7.92e-03    1.37e-02                            2.00e-01        1.04
   2      -796.403564784   -2.82e-04    1.34e-05    2.32e-05    2.03e-02    4.05e-02    2.00e-01        0.72
   3      -796.403564785   -8.40e-10    9.34e-07    1.62e-06    3.41e-05    6.83e-05    2.00e-01        0.66
 Geometry optimization stopped:          thresholds achieved

 Final energy:                        -796.403564785

 -----------
  Final XYZ 
 -----------
2
Final structure: -796.404 hartree
S            0.000000000          0.000000003          0.010702320
S           -0.000000000         -0.000000003          1.886182270

 Structure in entos input format:

  structure(
    xyz = [
      ['S'  ,          0.000000000,          0.000000003,          0.010702320],
      ['S'  ,         -0.000000000,         -0.000000003,          1.886182270]
    ]
  )

 --------------------------------
  Geometry optimization finished 
 --------------------------------
 Saving results in set 'opt'

 --------------------------------------------------------------------------------
                                 command: hessian                                
 --------------------------------------------------------------------------------

WARNING: semianalytic method is specified for dft hessian, which is not efficient. Try switching to 'method = analytic'


 -------------------------------
  Numerical Geometrical Hessian 
 -------------------------------

 Compute hessian using two-point central differentiation.
 Step size (bohr):                       0.0100

 Frequencies (including translational and rotational modes):
 mode    frequency (cm-1)
    0               36.26 i (imaginary)
    1               36.26 i (imaginary)
    2                0.01 i (imaginary)
    3                0.01 i (imaginary)
    4                0.00
    5              766.23

 Project out translational and rotational motions 

 The molecule is linear

 Degrees of freedom for translational and rotational motions: 5

 Vibrational frequencies:
 mode    frequency (cm-1)
    0              766.23

 --------------------------------------------------------------------------------

 End time:                               Fri Apr 23 10:22:48 2021
 Total wall-clock time:                 11.714 seconds
==================================================================================
