
================================================================================
          _____________ ________ _______________ ________     _________         
         / ___________// ______ \\_____   _____// ______ \   / ________)        
        / /_________  / /      \ \     | |     / /      \ \ | (_______          
       |  __________|| |        | |    | |    | |        | | \________ \        
        \ \_________ | |        | |    | |     \ \______/ /___________) |       
         \__________||_|        |_|    |_|      \________//____________/        
                                                                                
====================================[ Qcore ]===================================

 Git hash:   15a3e7daff0cda5fa9af010ccd19a80288182ecf
 Git date:   Fri, 16 Apr 2021 15:57:16 +0100
 Compiler:   GNU 9.1.0
 Build type: Release
 Version:    1.1.0

 Start time: Tue Apr 27 13:55:26 2021

 Data directory: /work/zw18965/.local/qcore/share/entos/1.1.0/data
 Number of threads: 24
 Number of threads was determined by: command line argument
  - More threads can be used by running 'qcore -n 32'

 --------------------------------------------------------------------------------
                                command: optimize                                
 --------------------------------------------------------------------------------
 Using coordinate system:                tric
 Hessian update scheme:                  bfgs

 ------------------------------------------------------------------------------------------------------------
                   energy      change    grad rms    grad max    step rms    step max       trust    time (s)
 ------------------------------------------------------------------------------------------------------------
   1      -552.959126250                7.76e-03    1.76e-02                            2.00e-01        0.76
   2      -552.959275367   -1.49e-04    1.68e-03    3.84e-03    8.69e-03    1.48e-02    2.00e-01        0.40
   3      -552.959283259   -7.89e-06    8.78e-04    2.00e-03    1.53e-03    3.48e-03    2.00e-01        0.41
   4      -552.959286461   -3.20e-06    7.44e-06    1.74e-05    1.80e-03    4.05e-03    2.00e-01        0.41
   5      -552.959286462   -7.74e-10    3.08e-06    6.41e-06    2.83e-05    8.34e-05    2.00e-01        0.38
 Geometry optimization stopped:          thresholds achieved

 Final energy:                        -552.959286462

 -----------
  Final XYZ 
 -----------
3
Final structure: -552.959 hartree
Cl           1.411208404         -0.806493307         -0.000005227
C           -0.153185272         -0.329259273          0.000012842
N           -1.258023127          0.007815345         -0.000007615

 Structure in entos input format:

  structure(
    xyz = [
      ['Cl' ,          1.411208404,         -0.806493307,         -0.000005227],
      ['C'  ,         -0.153185272,         -0.329259273,          0.000012842],
      ['N'  ,         -1.258023127,          0.007815345,         -0.000007615]
    ]
  )

 --------------------------------
  Geometry optimization finished 
 --------------------------------
 Saving results in set 'opt'

 --------------------------------------------------------------------------------
                                 command: hessian                                
 --------------------------------------------------------------------------------

WARNING: semianalytic method is specified for dft hessian, which is not efficient. Try switching to 'method = analytic'


 -------------------------------
  Numerical Geometrical Hessian 
 -------------------------------

 Compute hessian using two-point central differentiation.
 Step size (bohr):                       0.0100

 Frequencies (including translational and rotational modes):
 mode    frequency (cm-1)
    0                0.10 i (imaginary)
    1                0.02 i (imaginary)
    2                0.01 i (imaginary)
    3                4.95
    4                8.77
    5              400.27
    6              400.59
    7              770.23
    8             2391.05

 Project out translational and rotational motions 

 Degrees of freedom for translational and rotational motions: 6

 Vibrational frequencies:
 mode    frequency (cm-1)
    0              400.44
    1              770.23
    2             2391.05

 --------------------------------------------------------------------------------

 End time:                               Tue Apr 27 13:55:36 2021
 Total wall-clock time:                 10.550 seconds
==================================================================================
