
================================================================================
          _____________ ________ _______________ ________     _________         
         / ___________// ______ \\_____   _____// ______ \   / ________)        
        / /_________  / /      \ \     | |     / /      \ \ | (_______          
       |  __________|| |        | |    | |    | |        | | \________ \        
        \ \_________ | |        | |    | |     \ \______/ /___________) |       
         \__________||_|        |_|    |_|      \________//____________/        
                                                                                
====================================[ Qcore ]===================================

 Git hash:   15a3e7daff0cda5fa9af010ccd19a80288182ecf
 Git date:   Fri, 16 Apr 2021 15:57:16 +0100
 Compiler:   GNU 9.1.0
 Build type: Release
 Version:    1.1.0

 Start time: Tue Apr 27 13:56:44 2021

 Data directory: /work/zw18965/.local/qcore/share/entos/1.1.0/data
 Number of threads: 24
 Number of threads was determined by: command line argument
  - More threads can be used by running 'qcore -n 32'

 --------------------------------------------------------------------------------
                                command: optimize                                
 --------------------------------------------------------------------------------
 Using coordinate system:                tric
 Hessian update scheme:                  bfgs

 ------------------------------------------------------------------------------------------------------------
                   energy      change    grad rms    grad max    step rms    step max       trust    time (s)
 ------------------------------------------------------------------------------------------------------------
   1      -460.801082844                7.56e-03    1.31e-02                            2.00e-01        0.42
   2      -460.801278589   -1.96e-04    3.10e-03    5.37e-03    1.06e-02    2.13e-02    2.00e-01        0.21
   3      -460.801320042   -4.15e-05    1.55e-04    2.69e-04    7.40e-03    1.48e-02    2.00e-01        0.21
   4      -460.801320150   -1.08e-07    3.40e-06    5.90e-06    3.90e-04    7.81e-04    2.00e-01        0.20
 Geometry optimization stopped:          thresholds achieved

 Final energy:                        -460.801320150

 -----------
  Final XYZ 
 -----------
2
Final structure: -460.801 hartree
Cl           0.642316336          0.000000009          0.000000009
H           -0.642316336         -0.000000009         -0.000000009

 Structure in entos input format:

  structure(
    xyz = [
      ['Cl' ,          0.642316336,          0.000000009,          0.000000009],
      ['H'  ,         -0.642316336,         -0.000000009,         -0.000000009]
    ]
  )

 --------------------------------
  Geometry optimization finished 
 --------------------------------
 Saving results in set 'opt'

 --------------------------------------------------------------------------------
                                 command: hessian                                
 --------------------------------------------------------------------------------

WARNING: semianalytic method is specified for dft hessian, which is not efficient. Try switching to 'method = analytic'


 -------------------------------
  Numerical Geometrical Hessian 
 -------------------------------

 Compute hessian using two-point central differentiation.
 Step size (bohr):                       0.0100

 Frequencies (including translational and rotational modes):
 mode    frequency (cm-1)
    0                0.01 i (imaginary)
    1                0.00 i (imaginary)
    2                0.00 i (imaginary)
    3                9.12
    4                9.18
    5             3012.80

 Project out translational and rotational motions 

 The molecule is linear

 Degrees of freedom for translational and rotational motions: 5

 Vibrational frequencies:
 mode    frequency (cm-1)
    0             3012.80

 --------------------------------------------------------------------------------

 End time:                               Tue Apr 27 13:56:48 2021
 Total wall-clock time:                  3.795 seconds
==================================================================================
