
================================================================================
          _____________ ________ _______________ ________     _________         
         / ___________// ______ \\_____   _____// ______ \   / ________)        
        / /_________  / /      \ \     | |     / /      \ \ | (_______          
       |  __________|| |        | |    | |    | |        | | \________ \        
        \ \_________ | |        | |    | |     \ \______/ /___________) |       
         \__________||_|        |_|    |_|      \________//____________/        
                                                                                
====================================[ Qcore ]===================================

 Git hash:   15a3e7daff0cda5fa9af010ccd19a80288182ecf
 Git date:   Fri, 16 Apr 2021 15:57:16 +0100
 Compiler:   GNU 9.1.0
 Build type: Release
 Version:    1.1.0

 Start time: Tue Apr 27 13:57:02 2021

 Data directory: /work/zw18965/.local/qcore/share/entos/1.1.0/data
 Number of threads: 24
 Number of threads was determined by: command line argument
  - More threads can be used by running 'qcore -n 32'

 --------------------------------------------------------------------------------
                                command: optimize                                
 --------------------------------------------------------------------------------
 Using coordinate system:                tric
 Hessian update scheme:                  bfgs

 ------------------------------------------------------------------------------------------------------------
                   energy      change    grad rms    grad max    step rms    step max       trust    time (s)
 ------------------------------------------------------------------------------------------------------------
   1      -535.925867463                3.84e-03    7.37e-03                            2.00e-01        0.64
   2      -535.926159340   -2.92e-04    1.45e-03    3.02e-03    2.47e-02    3.38e-02    2.00e-01        0.34
   3      -535.926215044   -5.57e-05    5.61e-04    1.20e-03    1.63e-02    2.29e-02    2.00e-01        0.34
   4      -535.926218217   -3.17e-06    3.50e-04    7.43e-04    8.06e-04    5.79e-03    2.00e-01        0.32
   5      -535.926226127   -7.91e-06    4.38e-04    8.80e-04    2.68e-03    3.08e-02    2.00e-01        0.36
   6      -535.926230281   -4.15e-06    6.71e-04    1.37e-03    8.53e-04    2.28e-02    2.00e-01        0.34
   7      -535.926236634   -6.35e-06    1.42e-03    3.00e-03    2.74e-03    1.30e-01    2.00e-01        0.34
   8      -535.926246778   -1.01e-05    7.60e-04    1.57e-03    2.27e-03    4.98e-02    2.00e-01        0.35
   9      -535.926251863   -5.09e-06    3.80e-04    7.71e-04    1.30e-03    1.18e-02    2.00e-01        0.33
  10      -535.926254371   -2.51e-06    1.12e-05    2.35e-05    1.33e-03    2.63e-02    2.00e-01        0.34
  11      -535.926254379   -7.89e-09    2.01e-06    3.48e-06    2.37e-05    1.12e-03    2.00e-01        0.33
 Geometry optimization stopped:          thresholds achieved

 Final energy:                        -535.926254379

 -----------
  Final XYZ 
 -----------
3
Final structure: -535.926 hartree
O           -0.391624647          0.424390200          0.000000060
Cl           1.245517787          0.000809660         -0.000000673
H           -0.853893143         -0.425199853          0.000000614

 Structure in entos input format:

  structure(
    xyz = [
      ['O'  ,         -0.391624647,          0.424390200,          0.000000060],
      ['Cl' ,          1.245517787,          0.000809660,         -0.000000673],
      ['H'  ,         -0.853893143,         -0.425199853,          0.000000614]
    ]
  )

 --------------------------------
  Geometry optimization finished 
 --------------------------------
 Saving results in set 'opt'

 --------------------------------------------------------------------------------
                                 command: hessian                                
 --------------------------------------------------------------------------------

WARNING: semianalytic method is specified for dft hessian, which is not efficient. Try switching to 'method = analytic'


 -------------------------------
  Numerical Geometrical Hessian 
 -------------------------------

 Compute hessian using two-point central differentiation.
 Step size (bohr):                       0.0100

 Frequencies (including translational and rotational modes):
 mode    frequency (cm-1)
    0                0.33 i (imaginary)
    1                0.13 i (imaginary)
    2                0.01
    3               12.59
    4               48.90
    5               67.95
    6              793.94
    7             1278.39
    8             3831.52

 Project out translational and rotational motions 

 Degrees of freedom for translational and rotational motions: 6

 Vibrational frequencies:
 mode    frequency (cm-1)
    0              793.94
    1             1278.39
    2             3831.52

 --------------------------------------------------------------------------------

 End time:                               Tue Apr 27 13:57:12 2021
 Total wall-clock time:                 10.500 seconds
==================================================================================
