
================================================================================
          _____________ ________ _______________ ________     _________         
         / ___________// ______ \\_____   _____// ______ \   / ________)        
        / /_________  / /      \ \     | |     / /      \ \ | (_______          
       |  __________|| |        | |    | |    | |        | | \________ \        
        \ \_________ | |        | |    | |     \ \______/ /___________) |       
         \__________||_|        |_|    |_|      \________//____________/        
                                                                                
====================================[ Qcore ]===================================

 Git hash:   15a3e7daff0cda5fa9af010ccd19a80288182ecf
 Git date:   Fri, 16 Apr 2021 15:57:16 +0100
 Compiler:   GNU 9.1.0
 Build type: Release
 Version:    1.1.0

 Start time: Tue Apr 27 13:57:40 2021

 Data directory: /work/zw18965/.local/qcore/share/entos/1.1.0/data
 Number of threads: 24
 Number of threads was determined by: command line argument
  - More threads can be used by running 'qcore -n 32'

 --------------------------------------------------------------------------------
                                command: optimize                                
 --------------------------------------------------------------------------------
 Using coordinate system:                tric
 Hessian update scheme:                  bfgs

 ------------------------------------------------------------------------------------------------------------
                   energy      change    grad rms    grad max    step rms    step max       trust    time (s)
 ------------------------------------------------------------------------------------------------------------
   1      -343.121827536                8.34e-03    1.55e-02                            2.00e-01        0.54
   2      -343.123007626   -1.18e-03    3.46e-03    9.84e-03    8.48e-02    5.68e-02    2.00e-01        0.33
   3      -343.123217186   -2.10e-04    4.57e-04    1.20e-03    2.19e-02    2.27e-02    2.00e-01        0.34
   4      -343.123220137   -2.95e-06    1.45e-05    2.78e-05    1.89e-03    2.69e-03    2.00e-01        0.31
   5      -343.123220146   -9.04e-09    5.72e-06    1.14e-05    2.27e-04    3.54e-04    2.00e-01        0.28
 Geometry optimization stopped:          thresholds achieved

 Final energy:                        -343.123220146

 -----------
  Final XYZ 
 -----------
4
Final structure: -343.123 hartree
P           -0.005589730         -0.001362868          0.573857289
H           -0.663259465         -0.998260362         -0.200148136
H           -0.530484890          1.075869896         -0.193905637
H            1.199334080         -0.076246667         -0.179803516

 Structure in entos input format:

  structure(
    xyz = [
      ['P'  ,         -0.005589730,         -0.001362868,          0.573857289],
      ['H'  ,         -0.663259465,         -0.998260362,         -0.200148136],
      ['H'  ,         -0.530484890,          1.075869896,         -0.193905637],
      ['H'  ,          1.199334080,         -0.076246667,         -0.179803516]
    ]
  )

 --------------------------------
  Geometry optimization finished 
 --------------------------------
 Saving results in set 'opt'

 --------------------------------------------------------------------------------
                                 command: hessian                                
 --------------------------------------------------------------------------------

WARNING: semianalytic method is specified for dft hessian, which is not efficient. Try switching to 'method = analytic'


 -------------------------------
  Numerical Geometrical Hessian 
 -------------------------------

 Compute hessian using two-point central differentiation.
 Step size (bohr):                       0.0100

 Frequencies (including translational and rotational modes):
 mode    frequency (cm-1)
    0               39.36 i (imaginary)
    1                1.39 i (imaginary)
    2                0.01 i (imaginary)
    3                0.70
    4               35.19
    5               53.81
    6             1022.76
    7             1146.81
    8             1148.52
    9             2441.62
   10             2454.38
   11             2454.50

 Project out translational and rotational motions 

 Degrees of freedom for translational and rotational motions: 6

 Vibrational frequencies:
 mode    frequency (cm-1)
    0             1022.76
    1             1146.80
    2             1148.52
    3             2441.62
    4             2454.38
    5             2454.50

 --------------------------------------------------------------------------------

 End time:                               Tue Apr 27 13:57:49 2021
 Total wall-clock time:                  9.724 seconds
==================================================================================
