
================================================================================
          _____________ ________ _______________ ________     _________         
         / ___________// ______ \\_____   _____// ______ \   / ________)        
        / /_________  / /      \ \     | |     / /      \ \ | (_______          
       |  __________|| |        | |    | |    | |        | | \________ \        
        \ \_________ | |        | |    | |     \ \______/ /___________) |       
         \__________||_|        |_|    |_|      \________//____________/        
                                                                                
====================================[ Qcore ]===================================

 Git hash:   15a3e7daff0cda5fa9af010ccd19a80288182ecf
 Git date:   Fri, 16 Apr 2021 15:57:16 +0100
 Compiler:   GNU 9.1.0
 Build type: Release
 Version:    1.1.0

 Start time: Tue Apr 27 13:57:54 2021

 Data directory: /work/zw18965/.local/qcore/share/entos/1.1.0/data
 Number of threads: 24
 Number of threads was determined by: command line argument
  - More threads can be used by running 'qcore -n 32'

 --------------------------------------------------------------------------------
                                command: optimize                                
 --------------------------------------------------------------------------------
 Using coordinate system:                tric
 Hessian update scheme:                  bfgs

 ------------------------------------------------------------------------------------------------------------
                   energy      change    grad rms    grad max    step rms    step max       trust    time (s)
 ------------------------------------------------------------------------------------------------------------
   1      -548.548110379                2.13e-03    4.09e-03                            2.00e-01        0.71
   2      -548.548123422   -1.30e-05    1.15e-03    2.34e-03    1.62e-03    2.39e-03    2.00e-01        0.42
   3      -548.548128806   -5.38e-06    1.42e-04    3.02e-04    1.76e-03    2.65e-03    2.00e-01        0.42
   4      -548.548128993   -1.87e-07    9.92e-05    1.67e-04    3.09e-04    4.16e-04    2.00e-01        0.41
 Geometry optimization stopped:          thresholds achieved

 Final energy:                        -548.548128993

 -----------
  Final XYZ 
 -----------
3
Final structure: -548.548 hartree
S           -0.001253556          0.488167241          0.000000000
O            1.241610518         -0.240897032         -0.000000352
O           -1.240356962         -0.247270209          0.000000352

 Structure in entos input format:

  structure(
    xyz = [
      ['S'  ,         -0.001253556,          0.488167241,          0.000000000],
      ['O'  ,          1.241610518,         -0.240897032,         -0.000000352],
      ['O'  ,         -1.240356962,         -0.247270209,          0.000000352]
    ]
  )

 --------------------------------
  Geometry optimization finished 
 --------------------------------
 Saving results in set 'opt'

 --------------------------------------------------------------------------------
                                 command: hessian                                
 --------------------------------------------------------------------------------

WARNING: semianalytic method is specified for dft hessian, which is not efficient. Try switching to 'method = analytic'


 -------------------------------
  Numerical Geometrical Hessian 
 -------------------------------

 Compute hessian using two-point central differentiation.
 Step size (bohr):                       0.0100

 Frequencies (including translational and rotational modes):
 mode    frequency (cm-1)
    0               20.68 i (imaginary)
    1                0.13 i (imaginary)
    2                0.01
    3                0.03
    4               38.02
    5               56.21
    6              522.73
    7             1204.57
    8             1397.72

 Project out translational and rotational motions 

 Degrees of freedom for translational and rotational motions: 6

 Vibrational frequencies:
 mode    frequency (cm-1)
    0              522.73
    1             1204.57
    2             1397.72

 --------------------------------------------------------------------------------

 End time:                               Tue Apr 27 13:58:05 2021
 Total wall-clock time:                 10.488 seconds
==================================================================================
