
================================================================================
          _____________ ________ _______________ ________     _________         
         / ___________// ______ \\_____   _____// ______ \   / ________)        
        / /_________  / /      \ \     | |     / /      \ \ | (_______          
       |  __________|| |        | |    | |    | |        | | \________ \        
        \ \_________ | |        | |    | |     \ \______/ /___________) |       
         \__________||_|        |_|    |_|      \________//____________/        
                                                                                
====================================[ Qcore ]===================================

 Git hash:   15a3e7daff0cda5fa9af010ccd19a80288182ecf
 Git date:   Fri, 16 Apr 2021 15:57:16 +0100
 Compiler:   GNU 9.1.0
 Build type: Release
 Version:    1.1.0

 Start time: Tue Apr 27 13:58:24 2021

 Data directory: /work/zw18965/.local/qcore/share/entos/1.1.0/data
 Number of threads: 24
 Number of threads was determined by: command line argument
  - More threads can be used by running 'qcore -n 32'

 --------------------------------------------------------------------------------
                                command: optimize                                
 --------------------------------------------------------------------------------
 Using coordinate system:                tric
 Hessian update scheme:                  bfgs

 ------------------------------------------------------------------------------------------------------------
                   energy      change    grad rms    grad max    step rms    step max       trust    time (s)
 ------------------------------------------------------------------------------------------------------------
   1      -796.354691165                4.37e-03    7.57e-03                            2.00e-01        0.56
   2      -796.354772534   -8.14e-05    2.15e-04    3.73e-04    1.12e-02    2.24e-02    2.00e-01        0.31
   3      -796.354772725   -1.90e-07    5.97e-06    1.03e-05    5.25e-04    1.05e-03    2.00e-01        0.33
 Geometry optimization stopped:          thresholds achieved

 Final energy:                        -796.354772725

 -----------
  Final XYZ 
 -----------
2
Final structure: -796.355 hartree
S            0.000000000         -0.000000020          0.005640142
S           -0.000000000          0.000000020          1.891244448

 Structure in entos input format:

  structure(
    xyz = [
      ['S'  ,          0.000000000,         -0.000000020,          0.005640142],
      ['S'  ,         -0.000000000,          0.000000020,          1.891244448]
    ]
  )

 --------------------------------
  Geometry optimization finished 
 --------------------------------
 Saving results in set 'opt'

 --------------------------------------------------------------------------------
                                 command: hessian                                
 --------------------------------------------------------------------------------

WARNING: semianalytic method is specified for dft hessian, which is not efficient. Try switching to 'method = analytic'


 -------------------------------
  Numerical Geometrical Hessian 
 -------------------------------

 Compute hessian using two-point central differentiation.
 Step size (bohr):                       0.0100

 Frequencies (including translational and rotational modes):
 mode    frequency (cm-1)
    0                0.01 i (imaginary)
    1                0.01 i (imaginary)
    2                0.00 i (imaginary)
    3               14.53
    4               14.53
    5              775.05

 Project out translational and rotational motions 

 The molecule is linear

 Degrees of freedom for translational and rotational motions: 5

 Vibrational frequencies:
 mode    frequency (cm-1)
    0              775.05

 --------------------------------------------------------------------------------

 End time:                               Tue Apr 27 13:58:29 2021
 Total wall-clock time:                  5.636 seconds
==================================================================================
