
================================================================================
          _____________ ________ _______________ ________     _________         
         / ___________// ______ \\_____   _____// ______ \   / ________)        
        / /_________  / /      \ \     | |     / /      \ \ | (_______          
       |  __________|| |        | |    | |    | |        | | \________ \        
        \ \_________ | |        | |    | |     \ \______/ /___________) |       
         \__________||_|        |_|    |_|      \________//____________/        
                                                                                
====================================[ Qcore ]===================================

 Git hash:   bfa4c3a672cc1ff01df8911b87991f8932a2a687
 Git date:   Fri, 12 Feb 2021 10:05:04 +0000
 Compiler:   GNU 9.1.0
 Build type: Release
 Version:    0.8.19

 Start time: Fri Apr 16 16:31:31 2021

 Data directory: /home/zw18965/.local/qcore/share/entos/0.8.19/data
 Number of threads: 24
 Number of threads was determined by: command line argument

 --------------------------------------------------------------------------------
                                command: optimize                                
 --------------------------------------------------------------------------------
 Using coordinate system:                tric
 Hessian update scheme:                  bfgs

 ------------------------------------------------------------------------------------------------------------
                   energy      change    grad rms    grad max    step rms    step max       trust    time (s)
 ------------------------------------------------------------------------------------------------------------
   1       -77.261682506                3.07e-03    5.83e-03                            2.00e-01        1.10
   2       -77.261732555   -5.00e-05    6.01e-04    1.27e-03    5.40e-03    8.26e-03    2.00e-01        0.86
   3       -77.261736588   -4.03e-06    9.72e-06    2.33e-05    2.31e-03    3.26e-03    2.00e-01        0.82
   4       -77.261736590   -1.68e-09    1.38e-06    3.16e-06    4.93e-05    6.86e-05    2.00e-01        0.70
 Geometry optimization stopped:          thresholds achieved

 Final energy:                         -77.261736590

 -----------
  Final XYZ 
 -----------
4
Final structure: -77.2617 hartree
C           -0.597967127          0.000000049         -0.000013727
C            0.597967136         -0.000000062          0.000013726
H           -1.661729270         -0.000000030         -0.000094915
H            1.661729261          0.000000043          0.000094917

 Structure in entos input format:

  structure(
    xyz = [
      ['C'  ,         -0.597967127,          0.000000049,         -0.000013727],
      ['C'  ,          0.597967136,         -0.000000062,          0.000013726],
      ['H'  ,         -1.661729270,         -0.000000030,         -0.000094915],
      ['H'  ,          1.661729261,          0.000000043,          0.000094917]
    ]
  )

 --------------------------------
  Geometry optimization finished 
 --------------------------------
 Saving results in set 'opt'

 --------------------------------------------------------------------------------
                                 command: hessian                                
 --------------------------------------------------------------------------------

WARNING: semianalytic method is specified for dft hessian, which is not efficient. Try switching to 'method = analytic'


 -------------------------------
  Numerical Geometrical Hessian 
 -------------------------------

 Compute hessian using two-point central differentiation.
 Step size (bohr):                       0.0100

 Frequencies (including translational and rotational modes):
 mode    frequency (cm-1)
    0                0.10 i (imaginary)
    1                0.01 i (imaginary)
    2                0.00 i (imaginary)
    3               15.31
    4               15.71
    5              677.55
    6              677.58
    7              771.39
    8              771.39
    9             2079.32
   10             3423.49
   11             3524.64

 Project out translational and rotational motions 

 Degrees of freedom for translational and rotational motions: 6

 Vibrational frequencies:
 mode    frequency (cm-1)
    0              677.55
    1              771.39
    2              771.39
    3             2079.32
    4             3423.49
    5             3524.64

 --------------------------------------------------------------------------------

 End time:                               Fri Apr 16 16:31:57 2021
 Total wall-clock time:                 26.012 seconds
==================================================================================
