
================================================================================
          _____________ ________ _______________ ________     _________         
         / ___________// ______ \\_____   _____// ______ \   / ________)        
        / /_________  / /      \ \     | |     / /      \ \ | (_______          
       |  __________|| |        | |    | |    | |        | | \________ \        
        \ \_________ | |        | |    | |     \ \______/ /___________) |       
         \__________||_|        |_|    |_|      \________//____________/        
                                                                                
====================================[ Qcore ]===================================

 Git hash:   bfa4c3a672cc1ff01df8911b87991f8932a2a687
 Git date:   Fri, 12 Feb 2021 10:05:04 +0000
 Compiler:   GNU 9.1.0
 Build type: Release
 Version:    0.8.19

 Start time: Fri Apr 16 16:31:57 2021

 Data directory: /home/zw18965/.local/qcore/share/entos/0.8.19/data
 Number of threads: 24
 Number of threads was determined by: command line argument

 --------------------------------------------------------------------------------
                                command: optimize                                
 --------------------------------------------------------------------------------
 Using coordinate system:                tric
 Hessian update scheme:                  bfgs

 ------------------------------------------------------------------------------------------------------------
                   energy      change    grad rms    grad max    step rms    step max       trust    time (s)
 ------------------------------------------------------------------------------------------------------------
   1       -78.519201733                1.75e-03    4.58e-03                            2.00e-01        2.09
   2       -78.519260203   -5.85e-05    8.62e-04    2.31e-03    7.42e-03    9.90e-03    2.00e-01        1.65
   3       -78.519278327   -1.81e-05    1.06e-04    2.01e-04    7.35e-03    9.80e-03    2.00e-01        1.49
   4       -78.519278529   -2.02e-07    3.08e-05    5.00e-05    4.73e-04    4.76e-04    2.00e-01        1.52
 Geometry optimization stopped:          thresholds achieved

 Final energy:                         -78.519278529

 -----------
  Final XYZ 
 -----------
6
Final structure: -78.5193 hartree
C           -0.659304460         -0.052183232          0.000035503
C            0.659235406          0.052179909         -0.000002569
H           -1.234172172          0.002857987         -0.916891650
H           -1.218276085         -0.197009332          0.917005238
H            1.218209844          0.197002233         -0.916971075
H            1.234100051         -0.002864160          0.916926215

 Structure in entos input format:

  structure(
    xyz = [
      ['C'  ,         -0.659304460,         -0.052183232,          0.000035503],
      ['C'  ,          0.659235406,          0.052179909,         -0.000002569],
      ['H'  ,         -1.234172172,          0.002857987,         -0.916891650],
      ['H'  ,         -1.218276085,         -0.197009332,          0.917005238],
      ['H'  ,          1.218209844,          0.197002233,         -0.916971075],
      ['H'  ,          1.234100051,         -0.002864160,          0.916926215]
    ]
  )

 --------------------------------
  Geometry optimization finished 
 --------------------------------
 Saving results in set 'opt'

 --------------------------------------------------------------------------------
                                 command: hessian                                
 --------------------------------------------------------------------------------

WARNING: semianalytic method is specified for dft hessian, which is not efficient. Try switching to 'method = analytic'


 -------------------------------
  Numerical Geometrical Hessian 
 -------------------------------

 Compute hessian using two-point central differentiation.
 Step size (bohr):                       0.0100

 Frequencies (including translational and rotational modes):
 mode    frequency (cm-1)
    0               17.08 i (imaginary)
    1                0.05 i (imaginary)
    2                0.01 i (imaginary)
    3                0.04
    4               25.62
    5               34.29
    6              826.99
    7              980.39
    8              988.26
    9             1068.34
   10             1239.81
   11             1380.05
   12             1466.91
   13             1701.19
   14             3141.28
   15             3156.61
   16             3218.05
   17             3245.34

 Project out translational and rotational motions 

 Degrees of freedom for translational and rotational motions: 6

 Vibrational frequencies:
 mode    frequency (cm-1)
    0              826.99
    1              980.39
    2              988.26
    3             1068.34
    4             1239.81
    5             1380.05
    6             1466.91
    7             1701.19
    8             3141.28
    9             3156.61
   10             3218.05
   11             3245.34

 --------------------------------------------------------------------------------

 End time:                               Fri Apr 16 16:33:05 2021
 Total wall-clock time:                 68.246 seconds
==================================================================================
