
================================================================================
          _____________ ________ _______________ ________     _________         
         / ___________// ______ \\_____   _____// ______ \   / ________)        
        / /_________  / /      \ \     | |     / /      \ \ | (_______          
       |  __________|| |        | |    | |    | |        | | \________ \        
        \ \_________ | |        | |    | |     \ \______/ /___________) |       
         \__________||_|        |_|    |_|      \________//____________/        
                                                                                
====================================[ Qcore ]===================================

 Git hash:   bfa4c3a672cc1ff01df8911b87991f8932a2a687
 Git date:   Fri, 12 Feb 2021 10:05:04 +0000
 Compiler:   GNU 9.1.0
 Build type: Release
 Version:    0.8.19

 Start time: Fri Apr 16 16:36:30 2021

 Data directory: /home/zw18965/.local/qcore/share/entos/0.8.19/data
 Number of threads: 24
 Number of threads was determined by: command line argument

 --------------------------------------------------------------------------------
                                command: optimize                                
 --------------------------------------------------------------------------------
 Using coordinate system:                tric
 Hessian update scheme:                  bfgs

 ------------------------------------------------------------------------------------------------------------
                   energy      change    grad rms    grad max    step rms    step max       trust    time (s)
 ------------------------------------------------------------------------------------------------------------
   1      -114.425042184                3.16e-03    8.44e-03                            2.00e-01        1.41
   2      -114.425222643   -1.80e-04    1.67e-03    4.82e-03    1.61e-02    2.66e-02    2.00e-01        0.93
   3      -114.425267336   -4.47e-05    3.05e-04    8.32e-04    1.19e-02    2.08e-02    2.00e-01        0.87
   4      -114.425267896   -5.60e-07    9.50e-05    2.38e-04    5.50e-04    8.81e-04    2.00e-01        0.84
 Geometry optimization stopped:          thresholds achieved

 Final energy:                        -114.425267896

 -----------
  Final XYZ 
 -----------
4
Final structure: -114.425 hartree
C           -0.005596429          0.000721582          0.000360664
O            1.176572633         -0.155903088         -0.075304782
H           -0.479586284          0.984364934         -0.185220618
H           -0.691398307         -0.829250655          0.260172685

 Structure in entos input format:

  structure(
    xyz = [
      ['C'  ,         -0.005596429,          0.000721582,          0.000360664],
      ['O'  ,          1.176572633,         -0.155903088,         -0.075304782],
      ['H'  ,         -0.479586284,          0.984364934,         -0.185220618],
      ['H'  ,         -0.691398307,         -0.829250655,          0.260172685]
    ]
  )

 --------------------------------
  Geometry optimization finished 
 --------------------------------
 Saving results in set 'opt'

 --------------------------------------------------------------------------------
                                 command: hessian                                
 --------------------------------------------------------------------------------

WARNING: semianalytic method is specified for dft hessian, which is not efficient. Try switching to 'method = analytic'


 -------------------------------
  Numerical Geometrical Hessian 
 -------------------------------

 Compute hessian using two-point central differentiation.
 Step size (bohr):                       0.0100

 Frequencies (including translational and rotational modes):
 mode    frequency (cm-1)
    0                3.46 i (imaginary)
    1                0.42 i (imaginary)
    2                0.03 i (imaginary)
    3                1.32
    4               17.14
    5               43.50
    6             1203.88
    7             1266.19
    8             1529.41
    9             1847.58
   10             2897.07
   11             2957.15

 Project out translational and rotational motions 

 Degrees of freedom for translational and rotational motions: 6

 Vibrational frequencies:
 mode    frequency (cm-1)
    0             1203.88
    1             1266.19
    2             1529.41
    3             1847.58
    4             2897.07
    5             2957.15

 --------------------------------------------------------------------------------

 End time:                               Fri Apr 16 16:36:57 2021
 Total wall-clock time:                 27.189 seconds
==================================================================================
