
================================================================================
          _____________ ________ _______________ ________     _________         
         / ___________// ______ \\_____   _____// ______ \   / ________)        
        / /_________  / /      \ \     | |     / /      \ \ | (_______          
       |  __________|| |        | |    | |    | |        | | \________ \        
        \ \_________ | |        | |    | |     \ \______/ /___________) |       
         \__________||_|        |_|    |_|      \________//____________/        
                                                                                
====================================[ Qcore ]===================================

 Git hash:   15a3e7daff0cda5fa9af010ccd19a80288182ecf
 Git date:   Fri, 16 Apr 2021 15:57:16 +0100
 Compiler:   GNU 9.1.0
 Build type: Release
 Version:    1.1.0

 Start time: Sat May  8 09:42:54 2021

 Data directory: /work/zw18965/.local/qcore/share/entos/1.1.0/data
 Number of threads: 24
 Number of threads was determined by: command line argument
  - More threads can be used by running 'qcore -n 32'

 --------------------------------------------------------------------------------
                                command: optimize                                
 --------------------------------------------------------------------------------
 Using coordinate system:                tric
 Hessian update scheme:                  bfgs

 ------------------------------------------------------------------------------------------------------------
                   energy      change    grad rms    grad max    step rms    step max       trust    time (s)
 ------------------------------------------------------------------------------------------------------------
   1      -958.414658712                1.60e-02    3.91e-02                            2.00e-01        9.11
   2      -958.419044493   -4.39e-03    9.28e-03    1.91e-02    1.23e-01    1.37e-01    2.00e-01        7.40
   3      -958.419691445   -6.47e-04    5.12e-03    8.64e-03    2.78e-02    3.24e-02    2.00e-01        6.98
   4      -958.419979828   -2.88e-04    8.97e-04    1.74e-03    1.87e-02    2.90e-02    2.00e-01        7.17
   5      -958.419992968   -1.31e-05    5.52e-05    1.20e-04    5.93e-03    5.60e-03    2.00e-01        7.21
   6      -958.419993153   -1.85e-07    1.46e-05    3.31e-05    6.05e-04    1.49e-03    2.00e-01        6.57
   7      -958.419993315   -1.62e-07    3.67e-05    7.66e-05    3.51e-04    2.90e-03    2.00e-01        6.84
   8      -958.419993861   -5.47e-07    9.88e-05    2.10e-04    7.48e-04    1.30e-02    2.00e-01        7.21
   9      -958.419994689   -8.27e-07    1.43e-04    3.02e-04    5.42e-04    2.40e-02    2.00e-01        7.19
  10      -958.419995576   -8.87e-07    1.28e-04    2.73e-04    1.38e-04    3.29e-02    2.00e-01        6.94
  11      -958.419996042   -4.66e-07    5.62e-05    1.22e-04    8.15e-04    1.57e-02    2.00e-01        7.21
  12      -958.419996132   -9.00e-08    6.18e-06    1.46e-05    5.75e-04    4.92e-04    2.00e-01        6.57
 Geometry optimization stopped:          thresholds achieved

 Final energy:                        -958.419996132

 -----------
  Final XYZ 
 -----------
3
Final structure: -958.42 hartree
C           -0.000001096         -0.034087471          0.023432751
Cl          -0.000006529          0.957613518         -1.373095207
Cl           0.000007625          0.959794548          1.418391908

 Structure in entos input format:

  structure(
    xyz = [
      ['C'  ,         -0.000001096,         -0.034087471,          0.023432751],
      ['Cl' ,         -0.000006529,          0.957613518,         -1.373095207],
      ['Cl' ,          0.000007625,          0.959794548,          1.418391908]
    ]
  )

 --------------------------------
  Geometry optimization finished 
 --------------------------------
 Saving results in set 'opt'

 --------------------------------------------------------------------------------
                                 command: hessian                                
 --------------------------------------------------------------------------------

WARNING: semianalytic method is specified for dft hessian, which is not efficient. Try switching to 'method = analytic'


 -------------------------------
  Numerical Geometrical Hessian 
 -------------------------------

 Compute hessian using two-point central differentiation.
 Step size (bohr):                       0.0100

 Frequencies (including translational and rotational modes):
 mode    frequency (cm-1)
    0                0.44 i (imaginary)
    1                0.03 i (imaginary)
    2                0.01 i (imaginary)
    3               14.61
    4               14.98
    5               39.97
    6              343.19
    7              744.53
    8              788.24

 Project out translational and rotational motions 

 Degrees of freedom for translational and rotational motions: 6

 Vibrational frequencies:
 mode    frequency (cm-1)
    0              343.19
    1              744.53
    2              788.24

 --------------------------------------------------------------------------------

 End time:                               Sat May  8 09:46:36 2021
 Total wall-clock time:                222.094 seconds
==================================================================================
