
================================================================================
          _____________ ________ _______________ ________     _________         
         / ___________// ______ \\_____   _____// ______ \   / ________)        
        / /_________  / /      \ \     | |     / /      \ \ | (_______          
       |  __________|| |        | |    | |    | |        | | \________ \        
        \ \_________ | |        | |    | |     \ \______/ /___________) |       
         \__________||_|        |_|    |_|      \________//____________/        
                                                                                
====================================[ Qcore ]===================================

 Git hash:   15a3e7daff0cda5fa9af010ccd19a80288182ecf
 Git date:   Fri, 16 Apr 2021 15:57:16 +0100
 Compiler:   GNU 9.1.0
 Build type: Release
 Version:    1.1.0

 Start time: Sat May  8 09:46:36 2021

 Data directory: /work/zw18965/.local/qcore/share/entos/1.1.0/data
 Number of threads: 24
 Number of threads was determined by: command line argument
  - More threads can be used by running 'qcore -n 32'

 --------------------------------------------------------------------------------
                                command: optimize                                
 --------------------------------------------------------------------------------
 Using coordinate system:                tric
 Hessian update scheme:                  bfgs

 ------------------------------------------------------------------------------------------------------------
                   energy      change    grad rms    grad max    step rms    step max       trust    time (s)
 ------------------------------------------------------------------------------------------------------------
   1      -237.726691453                3.93e-03    9.62e-03                            2.00e-01        4.95
   2      -237.726803540   -1.12e-04    1.64e-03    3.29e-03    1.34e-02    1.89e-02    2.00e-01        3.82
   3      -237.726816465   -1.29e-05    5.05e-04    8.81e-04    2.30e-03    3.70e-03    2.00e-01        3.65
   4      -237.726818018   -1.55e-06    6.99e-06    1.42e-05    1.16e-03    1.68e-03    2.00e-01        3.65
   5      -237.726818024   -6.37e-09    6.68e-08    1.37e-07    2.78e-05    2.26e-05    2.00e-01        3.34
 Geometry optimization stopped:          thresholds achieved

 Final energy:                        -237.726818024

 -----------
  Final XYZ 
 -----------
3
Final structure: -237.727 hartree
C           -0.000000060          0.136363107         -0.000000094
F            0.000000126          0.931818632         -1.030127802
F           -0.000000065          0.931818256          1.030127896

 Structure in entos input format:

  structure(
    xyz = [
      ['C'  ,         -0.000000060,          0.136363107,         -0.000000094],
      ['F'  ,          0.000000126,          0.931818632,         -1.030127802],
      ['F'  ,         -0.000000065,          0.931818256,          1.030127896]
    ]
  )

 --------------------------------
  Geometry optimization finished 
 --------------------------------
 Saving results in set 'opt'

 --------------------------------------------------------------------------------
                                 command: hessian                                
 --------------------------------------------------------------------------------

WARNING: semianalytic method is specified for dft hessian, which is not efficient. Try switching to 'method = analytic'


 -------------------------------
  Numerical Geometrical Hessian 
 -------------------------------

 Compute hessian using two-point central differentiation.
 Step size (bohr):                       0.0100

 Frequencies (including translational and rotational modes):
 mode    frequency (cm-1)
    0               39.15 i (imaginary)
    1               30.08 i (imaginary)
    2               18.57 i (imaginary)
    3                0.01 i (imaginary)
    4                0.01
    5                0.27
    6              676.41
    7             1133.69
    8             1240.79

 Project out translational and rotational motions 

 Degrees of freedom for translational and rotational motions: 6

 Vibrational frequencies:
 mode    frequency (cm-1)
    0              676.41
    1             1133.68
    2             1240.79

 --------------------------------------------------------------------------------

 End time:                               Sat May  8 09:48:09 2021
 Total wall-clock time:                 92.706 seconds
==================================================================================
