
================================================================================
          _____________ ________ _______________ ________     _________         
         / ___________// ______ \\_____   _____// ______ \   / ________)        
        / /_________  / /      \ \     | |     / /      \ \ | (_______          
       |  __________|| |        | |    | |    | |        | | \________ \        
        \ \_________ | |        | |    | |     \ \______/ /___________) |       
         \__________||_|        |_|    |_|      \________//____________/        
                                                                                
====================================[ Qcore ]===================================

 Git hash:   15a3e7daff0cda5fa9af010ccd19a80288182ecf
 Git date:   Fri, 16 Apr 2021 15:57:16 +0100
 Compiler:   GNU 9.1.0
 Build type: Release
 Version:    1.1.0

 Start time: Sat May  8 09:58:31 2021

 Data directory: /work/zw18965/.local/qcore/share/entos/1.1.0/data
 Number of threads: 24
 Number of threads was determined by: command line argument
  - More threads can be used by running 'qcore -n 32'

 --------------------------------------------------------------------------------
                                command: optimize                                
 --------------------------------------------------------------------------------
 Using coordinate system:                tric
 Hessian update scheme:                  bfgs

 ------------------------------------------------------------------------------------------------------------
                   energy      change    grad rms    grad max    step rms    step max       trust    time (s)
 ------------------------------------------------------------------------------------------------------------
   1      -199.532152772                4.18e-03    7.24e-03                            2.00e-01        1.74
Rejecting step due to low quality: Quality: -11.3022 New trust radius: 0.0724415
   2      -199.520290498    1.19e-02    4.18e-03    7.24e-03    1.45e-01    1.45e-01    7.24e-02        1.32
Rejecting step due to low quality: Quality: -3.76137 New trust radius: 0.0362208
   3      -199.529191947    2.96e-03    4.18e-03    7.24e-03    7.24e-02    7.24e-02    3.62e-02        1.39
Rejecting step due to low quality: Quality: -1.20031 New trust radius: 0.0181104
   4      -199.531601611    5.51e-04    4.18e-03    7.24e-03    3.62e-02    3.62e-02    1.81e-02        1.25
   5      -199.532136301    1.65e-05    4.55e-03    7.88e-03    1.81e-02    1.81e-02    9.06e-03        1.31
   6      -199.532212988   -7.67e-05    3.06e-04    5.30e-04    9.06e-03    9.06e-03    1.28e-02        1.26
   7      -199.532213318   -3.30e-07    9.29e-06    1.61e-05    6.53e-04    6.53e-04    1.28e-02        1.23
 Geometry optimization stopped:          thresholds achieved

 Final energy:                        -199.532213318

 -----------
  Final XYZ 
 -----------
2
Final structure: -199.532 hartree
F           -0.000000102         -0.000000195         -0.694208668
F            0.000000102          0.000000195          0.694208668

 Structure in entos input format:

  structure(
    xyz = [
      ['F'  ,         -0.000000102,         -0.000000195,         -0.694208668],
      ['F'  ,          0.000000102,          0.000000195,          0.694208668]
    ]
  )

 --------------------------------
  Geometry optimization finished 
 --------------------------------
 Saving results in set 'opt'

 --------------------------------------------------------------------------------
                                 command: hessian                                
 --------------------------------------------------------------------------------

WARNING: semianalytic method is specified for dft hessian, which is not efficient. Try switching to 'method = analytic'


 -------------------------------
  Numerical Geometrical Hessian 
 -------------------------------

 Compute hessian using two-point central differentiation.
 Step size (bohr):                       0.0100

 Frequencies (including translational and rotational modes):
 mode    frequency (cm-1)
    0                0.04 i (imaginary)
    1                0.00 i (imaginary)
    2                0.00 i (imaginary)
    3               13.99
    4               14.03
    5             1079.68

 Project out translational and rotational motions 

 The molecule is linear

 Degrees of freedom for translational and rotational motions: 5

 Vibrational frequencies:
 mode    frequency (cm-1)
    0             1079.68

 --------------------------------------------------------------------------------

 End time:                               Sat May  8 09:58:57 2021
 Total wall-clock time:                 26.267 seconds
==================================================================================
