
================================================================================
          _____________ ________ _______________ ________     _________         
         / ___________// ______ \\_____   _____// ______ \   / ________)        
        / /_________  / /      \ \     | |     / /      \ \ | (_______          
       |  __________|| |        | |    | |    | |        | | \________ \        
        \ \_________ | |        | |    | |     \ \______/ /___________) |       
         \__________||_|        |_|    |_|      \________//____________/        
                                                                                
====================================[ Qcore ]===================================

 Git hash:   15a3e7daff0cda5fa9af010ccd19a80288182ecf
 Git date:   Fri, 16 Apr 2021 15:57:16 +0100
 Compiler:   GNU 9.1.0
 Build type: Release
 Version:    1.1.0

 Start time: Sat May  8 10:03:15 2021

 Data directory: /work/zw18965/.local/qcore/share/entos/1.1.0/data
 Number of threads: 24
 Number of threads was determined by: command line argument
  - More threads can be used by running 'qcore -n 32'

 --------------------------------------------------------------------------------
                                command: optimize                                
 --------------------------------------------------------------------------------
 Using coordinate system:                tric
 Hessian update scheme:                  bfgs

 ------------------------------------------------------------------------------------------------------------
                   energy      change    grad rms    grad max    step rms    step max       trust    time (s)
 ------------------------------------------------------------------------------------------------------------
   1      -399.399505872                7.20e-03    1.53e-02                            2.00e-01        2.68
   2      -399.399842997   -3.37e-04    2.83e-03    6.03e-03    1.35e-02    2.24e-02    2.00e-01        1.68
   3      -399.399907194   -6.42e-05    1.34e-04    2.82e-04    8.67e-03    1.45e-02    2.00e-01        1.70
   4      -399.399907346   -1.51e-07    2.73e-06    5.90e-06    4.63e-04    7.29e-04    2.00e-01        1.56
 Geometry optimization stopped:          thresholds achieved

 Final energy:                        -399.399907346

 -----------
  Final XYZ 
 -----------
3
Final structure: -399.4 hartree
S           -0.001470633          0.617319337         -0.000000023
H            0.970605688         -0.306349104         -0.000000002
H           -0.969135055         -0.310970228          0.000000025

 Structure in entos input format:

  structure(
    xyz = [
      ['S'  ,         -0.001470633,          0.617319337,         -0.000000023],
      ['H'  ,          0.970605688,         -0.306349104,         -0.000000002],
      ['H'  ,         -0.969135055,         -0.310970228,          0.000000025]
    ]
  )

 --------------------------------
  Geometry optimization finished 
 --------------------------------
 Saving results in set 'opt'

 --------------------------------------------------------------------------------
                                 command: hessian                                
 --------------------------------------------------------------------------------

WARNING: semianalytic method is specified for dft hessian, which is not efficient. Try switching to 'method = analytic'


 -------------------------------
  Numerical Geometrical Hessian 
 -------------------------------

 Compute hessian using two-point central differentiation.
 Step size (bohr):                       0.0100

 Frequencies (including translational and rotational modes):
 mode    frequency (cm-1)
    0               25.60 i (imaginary)
    1               21.67 i (imaginary)
    2                0.02
    3                0.36
    4                1.39
    5               18.37
    6             1218.34
    7             2720.75
    8             2732.32

 Project out translational and rotational motions 

 Degrees of freedom for translational and rotational motions: 6

 Vibrational frequencies:
 mode    frequency (cm-1)
    0             1218.34
    1             2720.75
    2             2732.32

 --------------------------------------------------------------------------------

 End time:                               Sat May  8 10:03:54 2021
 Total wall-clock time:                 39.052 seconds
==================================================================================
