
================================================================================
          _____________ ________ _______________ ________     _________         
         / ___________// ______ \\_____   _____// ______ \   / ________)        
        / /_________  / /      \ \     | |     / /      \ \ | (_______          
       |  __________|| |        | |    | |    | |        | | \________ \        
        \ \_________ | |        | |    | |     \ \______/ /___________) |       
         \__________||_|        |_|    |_|      \________//____________/        
                                                                                
====================================[ Qcore ]===================================

 Git hash:   15a3e7daff0cda5fa9af010ccd19a80288182ecf
 Git date:   Fri, 16 Apr 2021 15:57:16 +0100
 Compiler:   GNU 9.1.0
 Build type: Release
 Version:    1.1.0

 Start time: Fri Apr 23 14:28:28 2021

 Data directory: /work/zw18965/.local/qcore/share/entos/1.1.0/data
 Number of threads: 24
 Number of threads was determined by: command line argument
  - More threads can be used by running 'qcore -n 32'

 --------------------------------------------------------------------------------
                                command: optimize                                
 --------------------------------------------------------------------------------
 Using coordinate system:                tric
 Hessian update scheme:                  bfgs

 ------------------------------------------------------------------------------------------------------------
                   energy      change    grad rms    grad max    step rms    step max       trust    time (s)
 ------------------------------------------------------------------------------------------------------------
   1      -460.818770766                6.11e-03    1.06e-02                            2.00e-01        2.11
   2      -460.818900430   -1.30e-04    2.63e-03    4.55e-03    8.60e-03    1.72e-02    2.00e-01        1.07
   3      -460.818930952   -3.05e-05    1.11e-04    1.91e-04    6.50e-03    1.30e-02    2.00e-01        1.02
   4      -460.818931000   -4.73e-08    3.37e-06    5.84e-06    2.85e-04    5.71e-04    2.00e-01        1.01
 Geometry optimization stopped:          thresholds achieved

 Final energy:                        -460.818931000

 -----------
  Final XYZ 
 -----------
2
Final structure: -460.819 hartree
Cl           0.640701046          0.000000006         -0.000000002
H           -0.640701046         -0.000000006          0.000000002

 Structure in entos input format:

  structure(
    xyz = [
      ['Cl' ,          0.640701046,          0.000000006,         -0.000000002],
      ['H'  ,         -0.640701046,         -0.000000006,          0.000000002]
    ]
  )

 --------------------------------
  Geometry optimization finished 
 --------------------------------
 Saving results in set 'opt'

 --------------------------------------------------------------------------------
                                 command: hessian                                
 --------------------------------------------------------------------------------

WARNING: semianalytic method is specified for dft hessian, which is not efficient. Try switching to 'method = analytic'


 -------------------------------
  Numerical Geometrical Hessian 
 -------------------------------

 Compute hessian using two-point central differentiation.
 Step size (bohr):                       0.0100

 Frequencies (including translational and rotational modes):
 mode    frequency (cm-1)
    0                1.53 i (imaginary)
    1                0.27 i (imaginary)
    2                0.15 i (imaginary)
    3               45.85
    4               46.32
    5             2983.16

 Project out translational and rotational motions 

 The molecule is linear

 Degrees of freedom for translational and rotational motions: 5

 Vibrational frequencies:
 mode    frequency (cm-1)
    0             2983.16

 --------------------------------------------------------------------------------

 End time:                               Fri Apr 23 14:28:48 2021
 Total wall-clock time:                 19.851 seconds
==================================================================================
