
================================================================================
          _____________ ________ _______________ ________     _________         
         / ___________// ______ \\_____   _____// ______ \   / ________)        
        / /_________  / /      \ \     | |     / /      \ \ | (_______          
       |  __________|| |        | |    | |    | |        | | \________ \        
        \ \_________ | |        | |    | |     \ \______/ /___________) |       
         \__________||_|        |_|    |_|      \________//____________/        
                                                                                
====================================[ Qcore ]===================================

 Git hash:   15a3e7daff0cda5fa9af010ccd19a80288182ecf
 Git date:   Fri, 16 Apr 2021 15:57:16 +0100
 Compiler:   GNU 9.1.0
 Build type: Release
 Version:    1.1.0

 Start time: Sat May  8 10:13:38 2021

 Data directory: /work/zw18965/.local/qcore/share/entos/1.1.0/data
 Number of threads: 24
 Number of threads was determined by: command line argument
  - More threads can be used by running 'qcore -n 32'

 --------------------------------------------------------------------------------
                                command: optimize                                
 --------------------------------------------------------------------------------
 Using coordinate system:                tric
 Hessian update scheme:                  bfgs

 ------------------------------------------------------------------------------------------------------------
                   energy      change    grad rms    grad max    step rms    step max       trust    time (s)
 ------------------------------------------------------------------------------------------------------------
   1      -364.722865732                3.20e-03    5.54e-03                            2.00e-01        3.66
   2      -364.722884807   -1.91e-05    1.53e-03    2.65e-03    2.34e-03    4.68e-03    2.00e-01        1.98
   3      -364.722890369   -5.56e-06    2.06e-05    3.57e-05    2.15e-03    4.31e-03    2.00e-01        2.01
   4      -364.722890371   -2.66e-09    2.52e-07    4.37e-07    2.86e-05    5.72e-05    2.00e-01        1.81
 Geometry optimization stopped:          thresholds achieved

 Final energy:                        -364.722890371

 -----------
  Final XYZ 
 -----------
2
Final structure: -364.723 hartree
Si           0.000000077         -0.000000063         -0.754567114
O           -0.000000077          0.000000063          0.754567114

 Structure in entos input format:

  structure(
    xyz = [
      ['Si' ,          0.000000077,         -0.000000063,         -0.754567114],
      ['O'  ,         -0.000000077,          0.000000063,          0.754567114]
    ]
  )

 --------------------------------
  Geometry optimization finished 
 --------------------------------
 Saving results in set 'opt'

 --------------------------------------------------------------------------------
                                 command: hessian                                
 --------------------------------------------------------------------------------

WARNING: semianalytic method is specified for dft hessian, which is not efficient. Try switching to 'method = analytic'


 -------------------------------
  Numerical Geometrical Hessian 
 -------------------------------

 Compute hessian using two-point central differentiation.
 Step size (bohr):                       0.0100

 Frequencies (including translational and rotational modes):
 mode    frequency (cm-1)
    0               48.49 i (imaginary)
    1               48.49 i (imaginary)
    2                0.00
    3                0.00
    4                0.01
    5             1276.09

 Project out translational and rotational motions 

 The molecule is linear

 Degrees of freedom for translational and rotational motions: 5

 Vibrational frequencies:
 mode    frequency (cm-1)
    0             1276.09

 --------------------------------------------------------------------------------

 End time:                               Sat May  8 10:14:15 2021
 Total wall-clock time:                 37.582 seconds
==================================================================================
