
================================================================================
          _____________ ________ _______________ ________     _________         
         / ___________// ______ \\_____   _____// ______ \   / ________)        
        / /_________  / /      \ \     | |     / /      \ \ | (_______          
       |  __________|| |        | |    | |    | |        | | \________ \        
        \ \_________ | |        | |    | |     \ \______/ /___________) |       
         \__________||_|        |_|    |_|      \________//____________/        
                                                                                
====================================[ Qcore ]===================================

 Git hash:   15a3e7daff0cda5fa9af010ccd19a80288182ecf
 Git date:   Fri, 16 Apr 2021 15:57:16 +0100
 Compiler:   GNU 9.1.0
 Build type: Release
 Version:    1.1.0

 Start time: Tue Apr 27 11:12:07 2021

 Data directory: /work/zw18965/.local/qcore/share/entos/1.1.0/data
 Number of threads: 12
 Number of threads was determined by: command line argument
  - More threads can be used by running 'qcore -n 24'

 --------------------------------------------------------------------------------
                                command: optimize                                
 --------------------------------------------------------------------------------
 Using coordinate system:                tric
 Hessian update scheme:                  bfgs

 ------------------------------------------------------------------------------------------------------------
                   energy      change    grad rms    grad max    step rms    step max       trust    time (s)
 ------------------------------------------------------------------------------------------------------------
   1      -115.729721630                3.40e-03    1.01e-02                            2.00e-01       10.28
   2      -115.729860158   -1.39e-04    1.44e-03    3.99e-03    1.08e-02    1.18e-02    2.00e-01        8.39
   3      -115.729888887   -2.87e-05    5.01e-04    1.51e-03    4.44e-03    8.90e-03    2.00e-01        8.57
   4      -115.729894247   -5.36e-06    1.27e-04    3.00e-04    3.24e-03    3.96e-03    2.00e-01        8.29
   5      -115.729894563   -3.16e-07    3.07e-05    6.14e-05    8.18e-04    9.55e-04    2.00e-01        8.01
 Geometry optimization stopped:          thresholds achieved

 Final energy:                        -115.729894563

 -----------
  Final XYZ 
 -----------
6
Final structure: -115.73 hartree
C           -0.363261307         -0.041334335         -0.013504494
O            0.999672830         -0.346924394         -0.277598414
H           -0.526571890          1.037464953          0.098916449
H           -0.619273555         -0.530270046          0.927822486
H           -1.028127022         -0.424882502         -0.797086630
H            1.254118105          0.072121462         -1.104354340

 Structure in entos input format:

  structure(
    xyz = [
      ['C'  ,         -0.363261307,         -0.041334335,         -0.013504494],
      ['O'  ,          0.999672830,         -0.346924394,         -0.277598414],
      ['H'  ,         -0.526571890,          1.037464953,          0.098916449],
      ['H'  ,         -0.619273555,         -0.530270046,          0.927822486],
      ['H'  ,         -1.028127022,         -0.424882502,         -0.797086630],
      ['H'  ,          1.254118105,          0.072121462,         -1.104354340]
    ]
  )

 --------------------------------
  Geometry optimization finished 
 --------------------------------
 Saving results in set 'opt'

 --------------------------------------------------------------------------------
                                 command: hessian                                
 --------------------------------------------------------------------------------

WARNING: semianalytic method is specified for dft hessian, which is not efficient. Try switching to 'method = analytic'


 -------------------------------
  Numerical Geometrical Hessian 
 -------------------------------

 Compute hessian using two-point central differentiation.
 Step size (bohr):                       0.0100

 Frequencies (including translational and rotational modes):
 mode    frequency (cm-1)
    0              107.97 i (imaginary)
    1               59.54 i (imaginary)
    2               43.08 i (imaginary)
    3               41.36 i (imaginary)
    4               53.49
    5              114.08
    6              275.21
    7             1054.58
    8             1083.64
    9             1176.56
   10             1366.53
   11             1479.55
   12             1499.56
   13             1513.08
   14             3000.70
   15             3053.85
   16             3111.92
   17             3860.62

 Project out translational and rotational motions 

 Degrees of freedom for translational and rotational motions: 6

 Vibrational frequencies:
 mode    frequency (cm-1)
    0              256.14
    1             1054.55
    2             1083.59
    3             1176.54
    4             1366.49
    5             1479.51
    6             1499.48
    7             1513.05
    8             3000.70
    9             3053.84
   10             3111.91
   11             3860.61

 --------------------------------------------------------------------------------

 End time:                               Tue Apr 27 11:18:03 2021
 Total wall-clock time:                356.119 seconds
==================================================================================
