
================================================================================
          _____________ ________ _______________ ________     _________         
         / ___________// ______ \\_____   _____// ______ \   / ________)        
        / /_________  / /      \ \     | |     / /      \ \ | (_______          
       |  __________|| |        | |    | |    | |        | | \________ \        
        \ \_________ | |        | |    | |     \ \______/ /___________) |       
         \__________||_|        |_|    |_|      \________//____________/        
                                                                                
====================================[ Qcore ]===================================

 Git hash:   15a3e7daff0cda5fa9af010ccd19a80288182ecf
 Git date:   Fri, 16 Apr 2021 15:57:16 +0100
 Compiler:   GNU 9.1.0
 Build type: Release
 Version:    1.1.0

 Start time: Tue Apr 27 11:12:15 2021

 Data directory: /work/zw18965/.local/qcore/share/entos/1.1.0/data
 Number of threads: 12
 Number of threads was determined by: command line argument
  - More threads can be used by running 'qcore -n 24'

 --------------------------------------------------------------------------------
                                command: optimize                                
 --------------------------------------------------------------------------------
 Using coordinate system:                tric
 Hessian update scheme:                  bfgs

 ------------------------------------------------------------------------------------------------------------
                   energy      change    grad rms    grad max    step rms    step max       trust    time (s)
 ------------------------------------------------------------------------------------------------------------
   1      -796.377495368                3.75e-03    6.49e-03                            2.00e-01        6.38
   2      -796.377557775   -6.24e-05    6.55e-06    1.14e-05    9.58e-03    1.92e-02    2.00e-01        4.98
   3      -796.377557775   -2.07e-10    6.15e-07    1.07e-06    1.67e-05    3.35e-05    2.00e-01        4.06
 Geometry optimization stopped:          thresholds achieved

 Final energy:                        -796.377557775

 -----------
  Final XYZ 
 -----------
2
Final structure: -796.378 hartree
S           -0.000000007          0.000000011          0.005061321
S            0.000000007         -0.000000011          1.891823269

 Structure in entos input format:

  structure(
    xyz = [
      ['S'  ,         -0.000000007,          0.000000011,          0.005061321],
      ['S'  ,          0.000000007,         -0.000000011,          1.891823269]
    ]
  )

 --------------------------------
  Geometry optimization finished 
 --------------------------------
 Saving results in set 'opt'

 --------------------------------------------------------------------------------
                                 command: hessian                                
 --------------------------------------------------------------------------------

WARNING: semianalytic method is specified for dft hessian, which is not efficient. Try switching to 'method = analytic'


 -------------------------------
  Numerical Geometrical Hessian 
 -------------------------------

 Compute hessian using two-point central differentiation.
 Step size (bohr):                       0.0100

 Frequencies (including translational and rotational modes):
 mode    frequency (cm-1)
    0               11.26 i (imaginary)
    1               11.25 i (imaginary)
    2                0.03 i (imaginary)
    3                0.00
    4                0.01
    5              756.13

 Project out translational and rotational motions 

 The molecule is linear

 Degrees of freedom for translational and rotational motions: 5

 Vibrational frequencies:
 mode    frequency (cm-1)
    0              756.13

 --------------------------------------------------------------------------------

 End time:                               Tue Apr 27 11:13:41 2021
 Total wall-clock time:                 86.067 seconds
==================================================================================
