
================================================================================
          _____________ ________ _______________ ________     _________         
         / ___________// ______ \\_____   _____// ______ \   / ________)        
        / /_________  / /      \ \     | |     / /      \ \ | (_______          
       |  __________|| |        | |    | |    | |        | | \________ \        
        \ \_________ | |        | |    | |     \ \______/ /___________) |       
         \__________||_|        |_|    |_|      \________//____________/        
                                                                                
====================================[ Qcore ]===================================

 Git hash:   15a3e7daff0cda5fa9af010ccd19a80288182ecf
 Git date:   Fri, 16 Apr 2021 15:57:16 +0100
 Compiler:   GNU 9.1.0
 Build type: Release
 Version:    1.1.0

 Start time: Sat May  8 10:21:36 2021

 Data directory: /work/zw18965/.local/qcore/share/entos/1.1.0/data
 Number of threads: 24
 Number of threads was determined by: command line argument
  - More threads can be used by running 'qcore -n 32'

 --------------------------------------------------------------------------------
                                command: optimize                                
 --------------------------------------------------------------------------------
 Using coordinate system:                tric
 Hessian update scheme:                  bfgs

 ------------------------------------------------------------------------------------------------------------
                   energy      change    grad rms    grad max    step rms    step max       trust    time (s)
 ------------------------------------------------------------------------------------------------------------
   1      -473.377648718                3.19e-03    5.52e-03                            2.00e-01        4.88
   2      -473.377667259   -1.85e-05    1.78e-03    3.07e-03    2.15e-03    4.30e-03    2.00e-01        2.84
   3      -473.377675504   -8.24e-06    2.74e-05    4.74e-05    2.70e-03    5.41e-03    2.00e-01        2.72
   4      -473.377675505   -1.28e-09    3.71e-07    6.43e-07    4.11e-05    8.21e-05    2.00e-01        2.41
 Geometry optimization stopped:          thresholds achieved

 Final energy:                        -473.377675505

 -----------
  Final XYZ 
 -----------
2
Final structure: -473.378 hartree
S            0.000000327         -0.000000134          0.002547174
O           -0.000000327          0.000000134          1.483667376

 Structure in entos input format:

  structure(
    xyz = [
      ['S'  ,          0.000000327,         -0.000000134,          0.002547174],
      ['O'  ,         -0.000000327,          0.000000134,          1.483667376]
    ]
  )

 --------------------------------
  Geometry optimization finished 
 --------------------------------
 Saving results in set 'opt'

 --------------------------------------------------------------------------------
                                 command: hessian                                
 --------------------------------------------------------------------------------

WARNING: semianalytic method is specified for dft hessian, which is not efficient. Try switching to 'method = analytic'


 -------------------------------
  Numerical Geometrical Hessian 
 -------------------------------

 Compute hessian using two-point central differentiation.
 Step size (bohr):                       0.0100

 Frequencies (including translational and rotational modes):
 mode    frequency (cm-1)
    0               32.60 i (imaginary)
    1               32.60 i (imaginary)
    2                0.00
    3                0.00
    4                0.01
    5             1200.85

 Project out translational and rotational motions 

 The molecule is linear

 Degrees of freedom for translational and rotational motions: 5

 Vibrational frequencies:
 mode    frequency (cm-1)
    0             1200.85

 --------------------------------------------------------------------------------

 End time:                               Sat May  8 10:22:27 2021
 Total wall-clock time:                 51.901 seconds
==================================================================================
