
================================================================================
          _____________ ________ _______________ ________     _________         
         / ___________// ______ \\_____   _____// ______ \   / ________)        
        / /_________  / /      \ \     | |     / /      \ \ | (_______          
       |  __________|| |        | |    | |    | |        | | \________ \        
        \ \_________ | |        | |    | |     \ \______/ /___________) |       
         \__________||_|        |_|    |_|      \________//____________/        
                                                                                
====================================[ Qcore ]===================================

 Git hash:   15a3e7daff0cda5fa9af010ccd19a80288182ecf
 Git date:   Fri, 16 Apr 2021 15:57:16 +0100
 Compiler:   GNU 9.1.0
 Build type: Release
 Version:    1.1.0

 Start time: Sun May  9 16:33:39 2021

 Data directory: /work/zw18965/.local/qcore/share/entos/1.1.0/data
 Number of threads: 24
 Number of threads was determined by: command line argument

 --------------------------------------------------------------------------------
                                command: optimize                                
 --------------------------------------------------------------------------------
 Using coordinate system:                tric
 Hessian update scheme:                  bfgs

 ------------------------------------------------------------------------------------------------------------
                   energy      change    grad rms    grad max    step rms    step max       trust    time (s)
 ------------------------------------------------------------------------------------------------------------
   1      -920.309983697                3.57e-04    6.18e-04                            2.00e-01        1.30
   2      -920.309984679   -9.82e-07    5.38e-05    1.01e-04    1.37e-03    2.73e-03    2.00e-01        1.03
   3      -920.309984701   -2.21e-08    4.11e-06    9.84e-06    2.44e-04    4.88e-04    2.00e-01        0.96
 Geometry optimization stopped:          thresholds achieved

 Final energy:                        -920.309984701

 -----------
  Final XYZ 
 -----------
2
Final structure: -920.31 hartree
Cl          -1.006252809         -0.000000176         -0.000000012
Cl           1.006056235          0.000000152         -0.000000039

 Structure in entos input format:

  structure(
    xyz = [
      ['Cl' ,         -1.006252809,         -0.000000176,         -0.000000012],
      ['Cl' ,          1.006056235,          0.000000152,         -0.000000039]
    ]
  )

 --------------------------------
  Geometry optimization finished 
 --------------------------------
 Saving results in set 'opt'

 --------------------------------------------------------------------------------
                                 command: hessian                                
 --------------------------------------------------------------------------------

WARNING: numerical method is specified for dft hessian, which is not efficient. Try switching to 'method = analytic'


 -------------------------------
  Numerical Geometrical Hessian 
 -------------------------------

 Compute hessian using two-point central differentiation.
 Step size (bohr):                       0.0100

 Frequencies (including translational and rotational modes):
 mode    frequency (cm-1)
    0               13.07 i (imaginary)
    1               13.06 i (imaginary)
    2                0.46 i (imaginary)
    3                0.32
    4                4.18
    5              538.12

 Project out translational and rotational motions 

 The molecule is linear

 Degrees of freedom for translational and rotational motions: 5

 Vibrational frequencies:
 mode    frequency (cm-1)
    0              538.12

 --------------------------------------------------------------------------------

 End time:                               Sun May  9 16:33:57 2021
 Total wall-clock time:                 17.885 seconds
==================================================================================
