
================================================================================
          _____________ ________ _______________ ________     _________         
         / ___________// ______ \\_____   _____// ______ \   / ________)        
        / /_________  / /      \ \     | |     / /      \ \ | (_______          
       |  __________|| |        | |    | |    | |        | | \________ \        
        \ \_________ | |        | |    | |     \ \______/ /___________) |       
         \__________||_|        |_|    |_|      \________//____________/        
                                                                                
====================================[ Qcore ]===================================

 Git hash:   15a3e7daff0cda5fa9af010ccd19a80288182ecf
 Git date:   Fri, 16 Apr 2021 15:57:16 +0100
 Compiler:   GNU 9.1.0
 Build type: Release
 Version:    1.1.0

 Start time: Sun May  9 16:35:01 2021

 Data directory: /work/zw18965/.local/qcore/share/entos/1.1.0/data
 Number of threads: 24
 Number of threads was determined by: command line argument

 --------------------------------------------------------------------------------
                                command: optimize                                
 --------------------------------------------------------------------------------
 Using coordinate system:                tric
 Hessian update scheme:                  bfgs

 ------------------------------------------------------------------------------------------------------------
                   energy      change    grad rms    grad max    step rms    step max       trust    time (s)
 ------------------------------------------------------------------------------------------------------------
   1      -559.938590468                7.88e-03    1.36e-02                            2.00e-01        1.23
   2      -559.938800691   -2.10e-04    5.14e-03    8.91e-03    9.31e-03    1.86e-02    2.00e-01        0.91
   3      -559.938947686   -1.47e-04    3.62e-04    6.29e-04    1.75e-02    3.49e-02    2.00e-01        0.89
   4      -559.938948370   -6.84e-07    1.43e-05    2.49e-05    1.15e-03    2.30e-03    2.00e-01        0.91
   5      -559.938948370    3.44e-10    2.53e-07    6.17e-07    4.38e-05    8.75e-05    2.19e-05        0.85
 Geometry optimization stopped:          thresholds achieved

 Final energy:                        -559.938948370

 -----------
  Final XYZ 
 -----------
2
Final structure: -559.939 hartree
Cl           0.820601089          0.000000956         -0.000001210
F           -0.820652850         -0.000000966          0.000001330

 Structure in entos input format:

  structure(
    xyz = [
      ['Cl' ,          0.820601089,          0.000000956,         -0.000001210],
      ['F'  ,         -0.820652850,         -0.000000966,          0.000001330]
    ]
  )

 --------------------------------
  Geometry optimization finished 
 --------------------------------
 Saving results in set 'opt'

 --------------------------------------------------------------------------------
                                 command: hessian                                
 --------------------------------------------------------------------------------

WARNING: numerical method is specified for dft hessian, which is not efficient. Try switching to 'method = analytic'


 -------------------------------
  Numerical Geometrical Hessian 
 -------------------------------

 Compute hessian using two-point central differentiation.
 Step size (bohr):                       0.0100

 Frequencies (including translational and rotational modes):
 mode    frequency (cm-1)
    0                2.93 i (imaginary)
    1                0.30 i (imaginary)
    2                0.22
    3               62.07
    4               62.09
    5              778.53

 Project out translational and rotational motions 

 The molecule is linear

 Degrees of freedom for translational and rotational motions: 5

 Vibrational frequencies:
 mode    frequency (cm-1)
    0              778.53

 --------------------------------------------------------------------------------

 End time:                               Sun May  9 16:35:18 2021
 Total wall-clock time:                 17.186 seconds
==================================================================================
