
================================================================================
          _____________ ________ _______________ ________     _________         
         / ___________// ______ \\_____   _____// ______ \   / ________)        
        / /_________  / /      \ \     | |     / /      \ \ | (_______          
       |  __________|| |        | |    | |    | |        | | \________ \        
        \ \_________ | |        | |    | |     \ \______/ /___________) |       
         \__________||_|        |_|    |_|      \________//____________/        
                                                                                
====================================[ Qcore ]===================================

 Git hash:   15a3e7daff0cda5fa9af010ccd19a80288182ecf
 Git date:   Fri, 16 Apr 2021 15:57:16 +0100
 Compiler:   GNU 9.1.0
 Build type: Release
 Version:    1.1.0

 Start time: Sun May  9 16:36:09 2021

 Data directory: /work/zw18965/.local/qcore/share/entos/1.1.0/data
 Number of threads: 24
 Number of threads was determined by: command line argument

 --------------------------------------------------------------------------------
                                command: optimize                                
 --------------------------------------------------------------------------------
 Using coordinate system:                tric
 Hessian update scheme:                  bfgs

 ------------------------------------------------------------------------------------------------------------
                   energy      change    grad rms    grad max    step rms    step max       trust    time (s)
 ------------------------------------------------------------------------------------------------------------
   1      -113.307358869                2.13e-03    3.69e-03                            2.00e-01        0.94
   2      -113.307364195   -5.33e-06    4.59e-05    7.99e-05    1.42e-03    2.83e-03    2.00e-01        0.69
   3      -113.307364196   -5.48e-10    1.68e-07    3.98e-07    3.13e-05    6.25e-05    1.56e-05        0.69
 Geometry optimization stopped:          thresholds achieved

 Final energy:                        -113.307364196

 -----------
  Final XYZ 
 -----------
2
Final structure: -113.307 hartree
O            0.563014087          0.000000074          0.000000071
C           -0.563003771         -0.000000008         -0.000000006

 Structure in entos input format:

  structure(
    xyz = [
      ['O'  ,          0.563014087,          0.000000074,          0.000000071],
      ['C'  ,         -0.563003771,         -0.000000008,         -0.000000006]
    ]
  )

 --------------------------------
  Geometry optimization finished 
 --------------------------------
 Saving results in set 'opt'

 --------------------------------------------------------------------------------
                                 command: hessian                                
 --------------------------------------------------------------------------------

WARNING: numerical method is specified for dft hessian, which is not efficient. Try switching to 'method = analytic'


 -------------------------------
  Numerical Geometrical Hessian 
 -------------------------------

 Compute hessian using two-point central differentiation.
 Step size (bohr):                       0.0100

 Frequencies (including translational and rotational modes):
 mode    frequency (cm-1)
    0                2.24 i (imaginary)
    1                0.87 i (imaginary)
    2                0.85 i (imaginary)
    3               24.43
    4               24.51
    5             2208.23

 Project out translational and rotational motions 

 The molecule is linear

 Degrees of freedom for translational and rotational motions: 5

 Vibrational frequencies:
 mode    frequency (cm-1)
    0             2208.23

 --------------------------------------------------------------------------------

 End time:                               Sun May  9 16:36:21 2021
 Total wall-clock time:                 12.159 seconds
==================================================================================
