
================================================================================
          _____________ ________ _______________ ________     _________         
         / ___________// ______ \\_____   _____// ______ \   / ________)        
        / /_________  / /      \ \     | |     / /      \ \ | (_______          
       |  __________|| |        | |    | |    | |        | | \________ \        
        \ \_________ | |        | |    | |     \ \______/ /___________) |       
         \__________||_|        |_|    |_|      \________//____________/        
                                                                                
====================================[ Qcore ]===================================

 Git hash:   15a3e7daff0cda5fa9af010ccd19a80288182ecf
 Git date:   Fri, 16 Apr 2021 15:57:16 +0100
 Compiler:   GNU 9.1.0
 Build type: Release
 Version:    1.1.0

 Start time: Sun May  9 16:38:00 2021

 Data directory: /work/zw18965/.local/qcore/share/entos/1.1.0/data
 Number of threads: 24
 Number of threads was determined by: command line argument

 --------------------------------------------------------------------------------
                                command: optimize                                
 --------------------------------------------------------------------------------
 Using coordinate system:                tric
 Hessian update scheme:                  bfgs

 ------------------------------------------------------------------------------------------------------------
                   energy      change    grad rms    grad max    step rms    step max       trust    time (s)
 ------------------------------------------------------------------------------------------------------------
   1      -114.494471770                6.27e-03    1.72e-02                            2.00e-01        3.21
   2      -114.494707346   -2.36e-04    2.37e-03    6.92e-03    1.41e-02    2.49e-02    2.00e-01        2.84
   3      -114.494764538   -5.72e-05    2.60e-04    4.88e-04    1.16e-02    2.16e-02    2.00e-01        2.80
   4      -114.494765554   -1.02e-06    7.25e-05    1.40e-04    1.14e-03    1.91e-03    2.00e-01        2.77
   5      -114.494765638   -8.41e-08    9.02e-06    1.71e-05    3.04e-04    4.70e-04    2.00e-01        2.73
 Geometry optimization stopped:          thresholds achieved

 Final energy:                        -114.494765638

 -----------
  Final XYZ 
 -----------
4
Final structure: -114.495 hartree
C           -0.007395864          0.001033180          0.000427322
O            1.180252926         -0.157053625         -0.074662221
H           -0.480018229          0.983614688         -0.185522213
H           -0.692846888         -0.827439949          0.259674734

 Structure in entos input format:

  structure(
    xyz = [
      ['C'  ,         -0.007395864,          0.001033180,          0.000427322],
      ['O'  ,          1.180252926,         -0.157053625,         -0.074662221],
      ['H'  ,         -0.480018229,          0.983614688,         -0.185522213],
      ['H'  ,         -0.692846888,         -0.827439949,          0.259674734]
    ]
  )

 --------------------------------
  Geometry optimization finished 
 --------------------------------
 Saving results in set 'opt'

 --------------------------------------------------------------------------------
                                 command: hessian                                
 --------------------------------------------------------------------------------

WARNING: numerical method is specified for dft hessian, which is not efficient. Try switching to 'method = analytic'


 -------------------------------
  Numerical Geometrical Hessian 
 -------------------------------

 Compute hessian using two-point central differentiation.
 Step size (bohr):                       0.0100

 Frequencies (including translational and rotational modes):
 mode    frequency (cm-1)
    0               15.30 i (imaginary)
    1                5.10 i (imaginary)
    2                2.59 i (imaginary)
    3                1.55
    4                7.62
    5               17.38
    6             1197.10
    7             1262.06
    8             1529.38
    9             1810.10
   10             2881.24
   11             2935.91

 Project out translational and rotational motions 

 Degrees of freedom for translational and rotational motions: 6

 Vibrational frequencies:
 mode    frequency (cm-1)
    0             1197.10
    1             1262.06
    2             1529.38
    3             1810.10
    4             2881.24
    5             2935.91

 --------------------------------------------------------------------------------

 End time:                               Sun May  9 16:39:35 2021
 Total wall-clock time:                 94.979 seconds
==================================================================================
