
================================================================================
          _____________ ________ _______________ ________     _________         
         / ___________// ______ \\_____   _____// ______ \   / ________)        
        / /_________  / /      \ \     | |     / /      \ \ | (_______          
       |  __________|| |        | |    | |    | |        | | \________ \        
        \ \_________ | |        | |    | |     \ \______/ /___________) |       
         \__________||_|        |_|    |_|      \________//____________/        
                                                                                
====================================[ Qcore ]===================================

 Git hash:   15a3e7daff0cda5fa9af010ccd19a80288182ecf
 Git date:   Fri, 16 Apr 2021 15:57:16 +0100
 Compiler:   GNU 9.1.0
 Build type: Release
 Version:    1.1.0

 Start time: Sun May  9 16:43:20 2021

 Data directory: /work/zw18965/.local/qcore/share/entos/1.1.0/data
 Number of threads: 24
 Number of threads was determined by: command line argument

 --------------------------------------------------------------------------------
                                command: optimize                                
 --------------------------------------------------------------------------------
 Using coordinate system:                tric
 Hessian update scheme:                  bfgs

 ------------------------------------------------------------------------------------------------------------
                   energy      change    grad rms    grad max    step rms    step max       trust    time (s)
 ------------------------------------------------------------------------------------------------------------
   1      -130.468920663                3.83e-03    8.70e-03                            2.00e-01        1.82
   2      -130.469002697   -8.20e-05    4.06e-04    8.17e-04    1.11e-02    1.38e-02    2.00e-01        1.52
   3      -130.469003605   -9.08e-07    6.91e-05    1.26e-04    1.10e-03    1.50e-03    2.00e-01        1.48
   4      -130.469003724   -1.19e-07    2.94e-05    6.38e-05    1.43e-04    1.43e-03    2.00e-01        1.49
   5      -130.469004005   -2.81e-07    1.17e-04    2.10e-04    3.91e-04    6.25e-03    2.00e-01        1.49
   6      -130.469004323   -3.17e-07    1.97e-04    3.66e-04    2.77e-04    8.83e-03    2.00e-01        1.51
   7      -130.469005184   -8.61e-07    3.70e-04    7.24e-04    6.10e-04    3.47e-02    2.00e-01        1.50
   8      -130.469005884   -7.00e-07    3.17e-04    6.30e-04    1.50e-04    1.55e-02    2.00e-01        1.53
   9      -130.469006764   -8.80e-07    3.52e-05    7.53e-05    8.65e-04    4.09e-02    2.00e-01        1.51
  10      -130.469006895   -1.31e-07    8.57e-06    1.96e-05    1.48e-04    1.42e-02    2.00e-01        1.49
  11      -130.469006900   -5.18e-09    2.30e-06    4.33e-06    3.58e-05    3.82e-03    2.00e-01        1.48
  12      -130.469006906   -6.33e-09    1.88e-06    3.47e-06    2.28e-06    1.35e-03    2.00e-01        1.47
Rejecting step due to low quality: Quality: -42.5159 New trust radius: 3.84752e-06
  13      -130.469006902    4.57e-09    1.88e-06    3.47e-06    7.70e-06    2.69e-04    3.85e-06        1.45
 Geometry optimization stopped:          thresholds achieved

 Final energy:                        -130.469006902

 -----------
  Final XYZ 
 -----------
3
Final structure: -130.469 hartree
N           -0.040716709          0.436305628         -0.000034035
O            0.941907372         -0.249304083         -0.000021008
H           -0.897484069         -0.190992354         -0.000045707

 Structure in entos input format:

  structure(
    xyz = [
      ['N'  ,         -0.040716709,          0.436305628,         -0.000034035],
      ['O'  ,          0.941907372,         -0.249304083,         -0.000021008],
      ['H'  ,         -0.897484069,         -0.190992354,         -0.000045707]
    ]
  )

 --------------------------------
  Geometry optimization finished 
 --------------------------------
 Saving results in set 'opt'

 --------------------------------------------------------------------------------
                                 command: hessian                                
 --------------------------------------------------------------------------------

WARNING: numerical method is specified for dft hessian, which is not efficient. Try switching to 'method = analytic'


 -------------------------------
  Numerical Geometrical Hessian 
 -------------------------------

 Compute hessian using two-point central differentiation.
 Step size (bohr):                       0.0100

 Frequencies (including translational and rotational modes):
 mode    frequency (cm-1)
    0               33.63 i (imaginary)
    1                2.08 i (imaginary)
    2                2.78
    3                3.85
    4               32.96
    5               50.98
    6             1558.44
    7             1662.11
    8             2859.26

 Project out translational and rotational motions 

 Degrees of freedom for translational and rotational motions: 6

 Vibrational frequencies:
 mode    frequency (cm-1)
    0             1558.44
    1             1662.11
    2             2859.26

 --------------------------------------------------------------------------------

 End time:                               Sun May  9 16:44:13 2021
 Total wall-clock time:                 52.642 seconds
==================================================================================
