
================================================================================
          _____________ ________ _______________ ________     _________         
         / ___________// ______ \\_____   _____// ______ \   / ________)        
        / /_________  / /      \ \     | |     / /      \ \ | (_______          
       |  __________|| |        | |    | |    | |        | | \________ \        
        \ \_________ | |        | |    | |     \ \______/ /___________) |       
         \__________||_|        |_|    |_|      \________//____________/        
                                                                                
====================================[ Qcore ]===================================

 Git hash:   15a3e7daff0cda5fa9af010ccd19a80288182ecf
 Git date:   Fri, 16 Apr 2021 15:57:16 +0100
 Compiler:   GNU 9.1.0
 Build type: Release
 Version:    1.1.0

 Start time: Sun May  9 16:44:13 2021

 Data directory: /work/zw18965/.local/qcore/share/entos/1.1.0/data
 Number of threads: 24
 Number of threads was determined by: command line argument

 --------------------------------------------------------------------------------
                                command: optimize                                
 --------------------------------------------------------------------------------
 Using coordinate system:                tric
 Hessian update scheme:                  bfgs

 ------------------------------------------------------------------------------------------------------------
                   energy      change    grad rms    grad max    step rms    step max       trust    time (s)
 ------------------------------------------------------------------------------------------------------------
   1      -535.933199684                4.21e-03    9.45e-03                            2.00e-01        2.14
   2      -535.933514283   -3.15e-04    2.31e-03    4.54e-03    2.44e-02    3.57e-02    2.00e-01        1.81
   3      -535.933608113   -9.38e-05    1.11e-03    2.28e-03    2.04e-02    3.08e-02    2.00e-01        1.75
   4      -535.933615391   -7.28e-06    6.62e-04    1.38e-03    1.74e-03    4.03e-03    2.00e-01        1.71
   5      -535.933619587   -4.20e-06    1.78e-05    3.22e-05    2.50e-03    5.80e-03    2.00e-01        1.76
   6      -535.933619601   -1.38e-08    5.79e-06    1.37e-05    1.30e-04    3.70e-04    2.00e-01        1.74
 Geometry optimization stopped:          thresholds achieved

 Final energy:                        -535.933619601

 -----------
  Final XYZ 
 -----------
3
Final structure: -535.934 hartree
O           -0.350167760          0.466704134         -0.000000072
Cl           1.242392690         -0.132064813          0.000000875
H           -0.892559294         -0.334349035         -0.000000397

 Structure in entos input format:

  structure(
    xyz = [
      ['O'  ,         -0.350167760,          0.466704134,         -0.000000072],
      ['Cl' ,          1.242392690,         -0.132064813,          0.000000875],
      ['H'  ,         -0.892559294,         -0.334349035,         -0.000000397]
    ]
  )

 --------------------------------
  Geometry optimization finished 
 --------------------------------
 Saving results in set 'opt'

 --------------------------------------------------------------------------------
                                 command: hessian                                
 --------------------------------------------------------------------------------

WARNING: numerical method is specified for dft hessian, which is not efficient. Try switching to 'method = analytic'


 -------------------------------
  Numerical Geometrical Hessian 
 -------------------------------

 Compute hessian using two-point central differentiation.
 Step size (bohr):                       0.0100

 Frequencies (including translational and rotational modes):
 mode    frequency (cm-1)
    0               14.26 i (imaginary)
    1                1.41 i (imaginary)
    2                2.24
    3                2.33
    4               19.38
    5               42.14
    6              739.67
    7             1261.39
    8             3760.79

 Project out translational and rotational motions 

 Degrees of freedom for translational and rotational motions: 6

 Vibrational frequencies:
 mode    frequency (cm-1)
    0              739.67
    1             1261.39
    2             3760.79

 --------------------------------------------------------------------------------

 End time:                               Sun May  9 16:45:02 2021
 Total wall-clock time:                 49.242 seconds
==================================================================================
