
================================================================================
          _____________ ________ _______________ ________     _________         
         / ___________// ______ \\_____   _____// ______ \   / ________)        
        / /_________  / /      \ \     | |     / /      \ \ | (_______          
       |  __________|| |        | |    | |    | |        | | \________ \        
        \ \_________ | |        | |    | |     \ \______/ /___________) |       
         \__________||_|        |_|    |_|      \________//____________/        
                                                                                
====================================[ Qcore ]===================================

 Git hash:   15a3e7daff0cda5fa9af010ccd19a80288182ecf
 Git date:   Fri, 16 Apr 2021 15:57:16 +0100
 Compiler:   GNU 9.1.0
 Build type: Release
 Version:    1.1.0

 Start time: Sun May  9 16:45:02 2021

 Data directory: /work/zw18965/.local/qcore/share/entos/1.1.0/data
 Number of threads: 24
 Number of threads was determined by: command line argument

 --------------------------------------------------------------------------------
                                command: optimize                                
 --------------------------------------------------------------------------------
 Using coordinate system:                tric
 Hessian update scheme:                  bfgs

 ------------------------------------------------------------------------------------------------------------
                   energy      change    grad rms    grad max    step rms    step max       trust    time (s)
 ------------------------------------------------------------------------------------------------------------
   1      -109.519034012                1.21e-02    2.10e-02                            2.00e-01        0.75
   2      -109.519175910   -1.42e-04    1.54e-03    2.66e-03    7.64e-03    1.53e-02    2.00e-01        0.67
   3      -109.519178138   -2.23e-06    3.87e-05    6.77e-05    8.58e-04    1.72e-03    2.00e-01        0.61
   4      -109.519178139   -1.48e-09    2.80e-07    4.85e-07    2.11e-05    4.21e-05    2.00e-01        0.55
 Geometry optimization stopped:          thresholds achieved

 Final energy:                        -109.519178139

 -----------
  Final XYZ 
 -----------
2
Final structure: -109.519 hartree
N            0.545690040          0.000000086          0.000000034
N           -0.545653868         -0.000000023          0.000000030

 Structure in entos input format:

  structure(
    xyz = [
      ['N'  ,          0.545690040,          0.000000086,          0.000000034],
      ['N'  ,         -0.545653868,         -0.000000023,          0.000000030]
    ]
  )

 --------------------------------
  Geometry optimization finished 
 --------------------------------
 Saving results in set 'opt'

 --------------------------------------------------------------------------------
                                 command: hessian                                
 --------------------------------------------------------------------------------

WARNING: numerical method is specified for dft hessian, which is not efficient. Try switching to 'method = analytic'


 -------------------------------
  Numerical Geometrical Hessian 
 -------------------------------

 Compute hessian using two-point central differentiation.
 Step size (bohr):                       0.0100

 Frequencies (including translational and rotational modes):
 mode    frequency (cm-1)
    0                0.31 i (imaginary)
    1                1.03
    2                4.84
    3               18.27
    4               18.30
    5             2446.75

 Project out translational and rotational motions 

 The molecule is linear

 Degrees of freedom for translational and rotational motions: 5

 Vibrational frequencies:
 mode    frequency (cm-1)
    0             2446.75

 --------------------------------------------------------------------------------

 End time:                               Sun May  9 16:45:14 2021
 Total wall-clock time:                 11.633 seconds
==================================================================================
