
================================================================================
          _____________ ________ _______________ ________     _________         
         / ___________// ______ \\_____   _____// ______ \   / ________)        
        / /_________  / /      \ \     | |     / /      \ \ | (_______          
       |  __________|| |        | |    | |    | |        | | \________ \        
        \ \_________ | |        | |    | |     \ \______/ /___________) |       
         \__________||_|        |_|    |_|      \________//____________/        
                                                                                
====================================[ Qcore ]===================================

 Git hash:   15a3e7daff0cda5fa9af010ccd19a80288182ecf
 Git date:   Fri, 16 Apr 2021 15:57:16 +0100
 Compiler:   GNU 9.1.0
 Build type: Release
 Version:    1.1.0

 Start time: Sun May  9 16:49:36 2021

 Data directory: /work/zw18965/.local/qcore/share/entos/1.1.0/data
 Number of threads: 24
 Number of threads was determined by: command line argument

 --------------------------------------------------------------------------------
                                command: optimize                                
 --------------------------------------------------------------------------------
 Using coordinate system:                tric
 Hessian update scheme:                  bfgs

 ------------------------------------------------------------------------------------------------------------
                   energy      change    grad rms    grad max    step rms    step max       trust    time (s)
 ------------------------------------------------------------------------------------------------------------
   1      -364.707602171                1.13e-03    1.96e-03                            2.00e-01        1.30
   2      -364.707604587   -2.42e-06    5.54e-04    9.60e-04    8.27e-04    1.65e-03    2.00e-01        0.93
   3      -364.707605347   -7.60e-07    4.06e-06    7.46e-06    7.96e-04    1.59e-03    2.00e-01        0.88
   4      -364.707605347   -1.60e-11    1.55e-06    3.07e-06    5.78e-06    1.43e-05    2.00e-01        0.87
 Geometry optimization stopped:          thresholds achieved

 Final energy:                        -364.707605347

 -----------
  Final XYZ 
 -----------
2
Final structure: -364.708 hartree
Si          -0.000000665         -0.000000274         -0.756061127
O            0.000000921          0.000000575          0.756087834

 Structure in entos input format:

  structure(
    xyz = [
      ['Si' ,         -0.000000665,         -0.000000274,         -0.756061127],
      ['O'  ,          0.000000921,          0.000000575,          0.756087834]
    ]
  )

 --------------------------------
  Geometry optimization finished 
 --------------------------------
 Saving results in set 'opt'

 --------------------------------------------------------------------------------
                                 command: hessian                                
 --------------------------------------------------------------------------------

WARNING: numerical method is specified for dft hessian, which is not efficient. Try switching to 'method = analytic'


 -------------------------------
  Numerical Geometrical Hessian 
 -------------------------------

 Compute hessian using two-point central differentiation.
 Step size (bohr):                       0.0100

 Frequencies (including translational and rotational modes):
 mode    frequency (cm-1)
    0               50.14 i (imaginary)
    1               50.13 i (imaginary)
    2                1.44 i (imaginary)
    3                0.77 i (imaginary)
    4                0.66
    5             1255.39

 Project out translational and rotational motions 

 The molecule is linear

 Degrees of freedom for translational and rotational motions: 5

 Vibrational frequencies:
 mode    frequency (cm-1)
    0             1255.39

 --------------------------------------------------------------------------------

 End time:                               Sun May  9 16:49:53 2021
 Total wall-clock time:                 16.973 seconds
==================================================================================
