
================================================================================
          _____________ ________ _______________ ________     _________         
         / ___________// ______ \\_____   _____// ______ \   / ________)        
        / /_________  / /      \ \     | |     / /      \ \ | (_______          
       |  __________|| |        | |    | |    | |        | | \________ \        
        \ \_________ | |        | |    | |     \ \______/ /___________) |       
         \__________||_|        |_|    |_|      \________//____________/        
                                                                                
====================================[ Qcore ]===================================

 Git hash:   15a3e7daff0cda5fa9af010ccd19a80288182ecf
 Git date:   Fri, 16 Apr 2021 15:57:16 +0100
 Compiler:   GNU 9.1.0
 Build type: Release
 Version:    1.1.0

 Start time: Tue Apr 27 13:55:14 2021

 Data directory: /work/zw18965/.local/qcore/share/entos/1.1.0/data
 Number of threads: 24
 Number of threads was determined by: command line argument
  - More threads can be used by running 'qcore -n 32'

 --------------------------------------------------------------------------------
                                command: optimize                                
 --------------------------------------------------------------------------------
 Using coordinate system:                tric
 Hessian update scheme:                  bfgs

 ------------------------------------------------------------------------------------------------------------
                   energy      change    grad rms    grad max    step rms    step max       trust    time (s)
 ------------------------------------------------------------------------------------------------------------
   1       -40.504596416                3.57e-03    5.80e-03                            2.00e-01        0.45
   2       -40.504839972   -2.44e-04    8.76e-04    1.43e-03    1.27e-02    1.42e-02    2.00e-01        0.25
   3       -40.504856246   -1.63e-05    2.62e-05    4.38e-05    4.15e-03    4.65e-03    2.00e-01        0.26
   4       -40.504856401   -1.55e-07    1.28e-05    2.45e-05    1.38e-04    1.62e-03    2.00e-01        0.23
   5       -40.504857353   -9.52e-07    1.17e-04    1.73e-04    5.53e-04    1.42e-02    2.00e-01        0.25
   6       -40.504859067   -1.71e-06    2.38e-04    3.44e-04    6.30e-04    3.22e-02    2.00e-01        0.25
   7       -40.504861720   -2.65e-06    3.63e-04    5.34e-04    8.36e-04    7.13e-02    2.00e-01        0.24
   8       -40.504864016   -2.30e-06    2.74e-04    3.99e-04    6.89e-04    2.39e-02    2.00e-01        0.26
   9       -40.504867184   -3.17e-06    8.63e-05    1.54e-04    1.99e-03    1.64e-02    2.00e-01        0.25
  10       -40.504867879   -6.95e-07    8.62e-05    1.48e-04    1.89e-04    4.18e-03    2.00e-01        0.26
  11       -40.504870644   -2.76e-06    8.38e-05    1.39e-04    1.96e-03    6.96e-02    2.00e-01        0.26
  12       -40.504871355   -7.11e-07    5.00e-05    9.78e-05    1.08e-03    6.16e-02    5.39e-04        0.25
  13       -40.504872876   -1.52e-06    1.90e-05    3.87e-05    5.11e-04    3.36e-02    7.63e-04        0.25
  14       -40.504873099   -2.23e-07    1.46e-05    2.79e-05    1.48e-04    7.80e-03    7.63e-04        0.25
  15       -40.504873442   -3.43e-07    1.76e-05    3.89e-05    1.65e-04    7.12e-03    7.63e-04        0.24
  16       -40.504874476   -1.03e-06    4.85e-05    9.62e-05    4.39e-04    1.95e-02    7.63e-04        0.25
  17       -40.504876310   -1.83e-06    7.69e-05    1.53e-04    5.81e-04    4.07e-02    7.63e-04        0.24
  18       -40.504877488   -1.18e-06    1.10e-04    2.31e-04    7.63e-04    7.62e-02    7.63e-04        0.26
  19       -40.504879204   -1.72e-06    7.70e-05    1.85e-04    6.62e-04    1.83e-02    1.08e-03        0.25
  20       -40.504882815   -3.61e-06    1.06e-04    2.10e-04    1.08e-03    4.66e-02    1.53e-03        0.25
  21       -40.504877494    5.32e-06    1.90e-04    3.78e-04    1.53e-03    3.99e-02    2.16e-03        0.26
  22       -40.504884454   -6.96e-06    7.69e-05    1.72e-04    2.16e-03    1.16e-01    2.16e-03        0.26
  23       -40.504886954   -2.50e-06    8.61e-05    2.31e-04    9.56e-04    8.36e-02    2.16e-03        0.26
  24       -40.504888938   -1.98e-06    6.56e-05    1.83e-04    2.14e-04    2.68e-02    2.16e-03        0.25
  25       -40.504889653   -7.15e-07    2.99e-05    8.08e-05    3.93e-04    1.67e-02    2.16e-03        0.26
  26       -40.504889886   -2.34e-07    1.61e-05    3.36e-05    2.95e-04    8.94e-03    2.16e-03        0.25
  27       -40.504889909   -2.25e-08    4.24e-06    8.90e-06    1.45e-04    3.14e-03    2.16e-03        0.24
  28       -40.504889906    3.06e-09    1.53e-06    3.25e-06    2.00e-05    1.70e-04    1.00e-05        0.22
 Geometry optimization stopped:          thresholds achieved

 Final energy:                         -40.504889906

 -----------
  Final XYZ 
 -----------
5
Final structure: -40.5049 hartree
C            0.000043508          0.000409635         -0.000351621
H            0.521281451          0.832015731          0.487420483
H            0.650066747         -0.882041230         -0.011612848
H           -0.917134980         -0.230187226          0.553617394
H           -0.254356725          0.279903089         -1.029073504

 Structure in entos input format:

  structure(
    xyz = [
      ['C'  ,          0.000043508,          0.000409635,         -0.000351621],
      ['H'  ,          0.521281451,          0.832015731,          0.487420483],
      ['H'  ,          0.650066747,         -0.882041230,         -0.011612848],
      ['H'  ,         -0.917134980,         -0.230187226,          0.553617394],
      ['H'  ,         -0.254356725,          0.279903089,         -1.029073504]
    ]
  )

 --------------------------------
  Geometry optimization finished 
 --------------------------------
 Saving results in set 'opt'

 --------------------------------------------------------------------------------
                                 command: hessian                                
 --------------------------------------------------------------------------------

WARNING: semianalytic method is specified for dft hessian, which is not efficient. Try switching to 'method = analytic'


 -------------------------------
  Numerical Geometrical Hessian 
 -------------------------------

 Compute hessian using two-point central differentiation.
 Step size (bohr):                       0.0100

 Frequencies (including translational and rotational modes):
 mode    frequency (cm-1)
    0                0.07 i (imaginary)
    1                0.04 i (imaginary)
    2                0.01 i (imaginary)
    3              112.78
    4              185.15
    5              206.33
    6             1311.18
    7             1319.77
    8             1320.78
    9             1535.14
   10             1538.63
   11             3048.20
   12             3184.39
   13             3184.63
   14             3185.37

 Project out translational and rotational motions 

 Degrees of freedom for translational and rotational motions: 6

 Vibrational frequencies:
 mode    frequency (cm-1)
    0             1311.13
    1             1319.76
    2             1320.75
    3             1535.12
    4             1538.63
    5             3048.20
    6             3184.39
    7             3184.63
    8             3185.36

 --------------------------------------------------------------------------------

 End time:                               Tue Apr 27 13:55:29 2021
 Total wall-clock time:                 15.161 seconds
==================================================================================
