
================================================================================
          _____________ ________ _______________ ________     _________         
         / ___________// ______ \\_____   _____// ______ \   / ________)        
        / /_________  / /      \ \     | |     / /      \ \ | (_______          
       |  __________|| |        | |    | |    | |        | | \________ \        
        \ \_________ | |        | |    | |     \ \______/ /___________) |       
         \__________||_|        |_|    |_|      \________//____________/        
                                                                                
====================================[ Qcore ]===================================

 Git hash:   15a3e7daff0cda5fa9af010ccd19a80288182ecf
 Git date:   Fri, 16 Apr 2021 15:57:16 +0100
 Compiler:   GNU 9.1.0
 Build type: Release
 Version:    1.1.0

 Start time: Tue Apr 27 13:55:45 2021

 Data directory: /work/zw18965/.local/qcore/share/entos/1.1.0/data
 Number of threads: 24
 Number of threads was determined by: command line argument
  - More threads can be used by running 'qcore -n 32'

 --------------------------------------------------------------------------------
                                command: optimize                                
 --------------------------------------------------------------------------------
 Using coordinate system:                tric
 Hessian update scheme:                  bfgs

 ------------------------------------------------------------------------------------------------------------
                   energy      change    grad rms    grad max    step rms    step max       trust    time (s)
 ------------------------------------------------------------------------------------------------------------
   1      -559.948883909                9.13e-03    1.58e-02                            2.00e-01        0.54
   2      -559.949157346   -2.73e-04    5.49e-03    9.50e-03    1.08e-02    2.16e-02    2.00e-01        0.25
   3      -559.949304158   -1.47e-04    3.27e-04    5.66e-04    1.62e-02    3.25e-02    2.00e-01        0.24
   4      -559.949304661   -5.03e-07    9.49e-06    1.64e-05    9.13e-04    1.83e-03    2.00e-01        0.24
Rejecting step due to low quality: Quality: -5.30461 New trust radius: 1.28893e-05
   5      -559.949304659    2.25e-09    9.49e-06    1.64e-05    2.58e-05    5.16e-05    1.29e-05        0.23
 Geometry optimization stopped:          thresholds achieved

 Final energy:                        -559.949304659

 -----------
  Final XYZ 
 -----------
2
Final structure: -559.949 hartree
Cl           0.820395277          0.000000005          0.000000021
F           -0.820395277         -0.000000005         -0.000000021

 Structure in entos input format:

  structure(
    xyz = [
      ['Cl' ,          0.820395277,          0.000000005,          0.000000021],
      ['F'  ,         -0.820395277,         -0.000000005,         -0.000000021]
    ]
  )

 --------------------------------
  Geometry optimization finished 
 --------------------------------
 Saving results in set 'opt'

 --------------------------------------------------------------------------------
                                 command: hessian                                
 --------------------------------------------------------------------------------

WARNING: semianalytic method is specified for dft hessian, which is not efficient. Try switching to 'method = analytic'


 -------------------------------
  Numerical Geometrical Hessian 
 -------------------------------

 Compute hessian using two-point central differentiation.
 Step size (bohr):                       0.0100

 Frequencies (including translational and rotational modes):
 mode    frequency (cm-1)
    0               86.66 i (imaginary)
    1               86.66 i (imaginary)
    2                0.00 i (imaginary)
    3                0.00
    4                0.01
    5              824.74

 Project out translational and rotational motions 

 The molecule is linear

 Degrees of freedom for translational and rotational motions: 5

 Vibrational frequencies:
 mode    frequency (cm-1)
    0              824.74

 --------------------------------------------------------------------------------

 End time:                               Tue Apr 27 13:55:50 2021
 Total wall-clock time:                  4.987 seconds
==================================================================================
