
================================================================================
          _____________ ________ _______________ ________     _________         
         / ___________// ______ \\_____   _____// ______ \   / ________)        
        / /_________  / /      \ \     | |     / /      \ \ | (_______          
       |  __________|| |        | |    | |    | |        | | \________ \        
        \ \_________ | |        | |    | |     \ \______/ /___________) |       
         \__________||_|        |_|    |_|      \________//____________/        
                                                                                
====================================[ Qcore ]===================================

 Git hash:   15a3e7daff0cda5fa9af010ccd19a80288182ecf
 Git date:   Fri, 16 Apr 2021 15:57:16 +0100
 Compiler:   GNU 9.1.0
 Build type: Release
 Version:    1.1.0

 Start time: Tue Apr 27 13:57:00 2021

 Data directory: /work/zw18965/.local/qcore/share/entos/1.1.0/data
 Number of threads: 24
 Number of threads was determined by: command line argument
  - More threads can be used by running 'qcore -n 32'

 --------------------------------------------------------------------------------
                                command: optimize                                
 --------------------------------------------------------------------------------
 Using coordinate system:                tric
 Hessian update scheme:                  bfgs

 ------------------------------------------------------------------------------------------------------------
                   energy      change    grad rms    grad max    step rms    step max       trust    time (s)
 ------------------------------------------------------------------------------------------------------------
   1      -460.811170831                7.44e-03    1.29e-02                            2.00e-01        0.45
   2      -460.811360684   -1.90e-04    3.07e-03    5.31e-03    1.05e-02    2.10e-02    2.00e-01        0.19
   3      -460.811401436   -4.08e-05    1.53e-04    2.65e-04    7.35e-03    1.47e-02    2.00e-01        0.19
   4      -460.811401540   -1.04e-07    3.36e-06    5.82e-06    3.87e-04    7.73e-04    2.00e-01        0.18
 Geometry optimization stopped:          thresholds achieved

 Final energy:                        -460.811401540

 -----------
  Final XYZ 
 -----------
2
Final structure: -460.811 hartree
Cl           0.642198907         -0.000000013          0.000000021
H           -0.642198907          0.000000013         -0.000000021

 Structure in entos input format:

  structure(
    xyz = [
      ['Cl' ,          0.642198907,         -0.000000013,          0.000000021],
      ['H'  ,         -0.642198907,          0.000000013,         -0.000000021]
    ]
  )

 --------------------------------
  Geometry optimization finished 
 --------------------------------
 Saving results in set 'opt'

 --------------------------------------------------------------------------------
                                 command: hessian                                
 --------------------------------------------------------------------------------

WARNING: semianalytic method is specified for dft hessian, which is not efficient. Try switching to 'method = analytic'


 -------------------------------
  Numerical Geometrical Hessian 
 -------------------------------

 Compute hessian using two-point central differentiation.
 Step size (bohr):                       0.0100

 Frequencies (including translational and rotational modes):
 mode    frequency (cm-1)
    0              102.19 i (imaginary)
    1              102.19 i (imaginary)
    2                0.00 i (imaginary)
    3                0.00
    4                0.02
    5             3007.09

 Project out translational and rotational motions 

 The molecule is linear

 Degrees of freedom for translational and rotational motions: 5

 Vibrational frequencies:
 mode    frequency (cm-1)
    0             3007.09

 --------------------------------------------------------------------------------

 End time:                               Tue Apr 27 13:57:03 2021
 Total wall-clock time:                  3.636 seconds
==================================================================================
