
================================================================================
          _____________ ________ _______________ ________     _________         
         / ___________// ______ \\_____   _____// ______ \   / ________)        
        / /_________  / /      \ \     | |     / /      \ \ | (_______          
       |  __________|| |        | |    | |    | |        | | \________ \        
        \ \_________ | |        | |    | |     \ \______/ /___________) |       
         \__________||_|        |_|    |_|      \________//____________/        
                                                                                
====================================[ Qcore ]===================================

 Git hash:   15a3e7daff0cda5fa9af010ccd19a80288182ecf
 Git date:   Fri, 16 Apr 2021 15:57:16 +0100
 Compiler:   GNU 9.1.0
 Build type: Release
 Version:    1.1.0

 Start time: Tue Apr 27 13:57:03 2021

 Data directory: /work/zw18965/.local/qcore/share/entos/1.1.0/data
 Number of threads: 24
 Number of threads was determined by: command line argument
  - More threads can be used by running 'qcore -n 32'

 --------------------------------------------------------------------------------
                                command: optimize                                
 --------------------------------------------------------------------------------
 Using coordinate system:                tric
 Hessian update scheme:                  bfgs

 ------------------------------------------------------------------------------------------------------------
                   energy      change    grad rms    grad max    step rms    step max       trust    time (s)
 ------------------------------------------------------------------------------------------------------------
   1       -93.404135012                1.05e-02    2.52e-02                            2.00e-01        0.51
   2       -93.404440132   -3.05e-04    1.74e-03    4.23e-03    1.39e-02    1.99e-02    2.00e-01        0.22
   3       -93.404448534   -8.40e-06    3.38e-04    8.24e-04    2.14e-03    4.94e-03    2.00e-01        0.20
   4       -93.404448870   -3.35e-07    2.41e-06    4.24e-06    5.03e-04    1.17e-03    2.00e-01        0.18
 Geometry optimization stopped:          thresholds achieved

 Final energy:                         -93.404448870

 -----------
  Final XYZ 
 -----------
3
Final structure: -93.4044 hartree
C           -0.026322063         -0.000009625         -0.000000000
N            1.127566062         -0.000599020          0.000000001
H           -1.101243998          0.000608651         -0.000000001

 Structure in entos input format:

  structure(
    xyz = [
      ['C'  ,         -0.026322063,         -0.000009625,         -0.000000000],
      ['N'  ,          1.127566062,         -0.000599020,          0.000000001],
      ['H'  ,         -1.101243998,          0.000608651,         -0.000000001]
    ]
  )

 --------------------------------
  Geometry optimization finished 
 --------------------------------
 Saving results in set 'opt'

 --------------------------------------------------------------------------------
                                 command: hessian                                
 --------------------------------------------------------------------------------

WARNING: semianalytic method is specified for dft hessian, which is not efficient. Try switching to 'method = analytic'


 -------------------------------
  Numerical Geometrical Hessian 
 -------------------------------

 Compute hessian using two-point central differentiation.
 Step size (bohr):                       0.0100

 Frequencies (including translational and rotational modes):
 mode    frequency (cm-1)
    0                1.01 i (imaginary)
    1                0.84 i (imaginary)
    2                0.00
    3                8.26
    4                8.47
    5              745.82
    6              745.82
    7             2226.29
    8             3471.87

 Project out translational and rotational motions 

 Degrees of freedom for translational and rotational motions: 6

 Vibrational frequencies:
 mode    frequency (cm-1)
    0              745.81
    1             2226.29
    2             3471.87

 --------------------------------------------------------------------------------

 End time:                               Tue Apr 27 13:57:09 2021
 Total wall-clock time:                  5.214 seconds
==================================================================================
