
================================================================================
          _____________ ________ _______________ ________     _________         
         / ___________// ______ \\_____   _____// ______ \   / ________)        
        / /_________  / /      \ \     | |     / /      \ \ | (_______          
       |  __________|| |        | |    | |    | |        | | \________ \        
        \ \_________ | |        | |    | |     \ \______/ /___________) |       
         \__________||_|        |_|    |_|      \________//____________/        
                                                                                
====================================[ Qcore ]===================================

 Git hash:   15a3e7daff0cda5fa9af010ccd19a80288182ecf
 Git date:   Fri, 16 Apr 2021 15:57:16 +0100
 Compiler:   GNU 9.1.0
 Build type: Release
 Version:    1.1.0

 Start time: Tue Apr 27 13:57:59 2021

 Data directory: /work/zw18965/.local/qcore/share/entos/1.1.0/data
 Number of threads: 24
 Number of threads was determined by: command line argument
  - More threads can be used by running 'qcore -n 32'

 --------------------------------------------------------------------------------
                                command: optimize                                
 --------------------------------------------------------------------------------
 Using coordinate system:                tric
 Hessian update scheme:                  bfgs

 ------------------------------------------------------------------------------------------------------------
                   energy      change    grad rms    grad max    step rms    step max       trust    time (s)
 ------------------------------------------------------------------------------------------------------------
   1      -343.140181229                8.49e-03    1.65e-02                            2.00e-01        0.56
   2      -343.141343383   -1.16e-03    3.46e-03    9.65e-03    7.76e-02    5.05e-02    2.00e-01        0.32
   3      -343.141538760   -1.95e-04    3.62e-04    9.34e-04    1.96e-02    2.07e-02    2.00e-01        0.32
   4      -343.141540693   -1.93e-06    1.51e-05    2.38e-05    1.46e-03    2.21e-03    2.00e-01        0.29
   5      -343.141540792   -9.82e-08    1.59e-05    3.46e-05    1.50e-04    9.19e-04    2.00e-01        0.29
 Geometry optimization stopped:          thresholds achieved

 Final energy:                        -343.141540792

 -----------
  Final XYZ 
 -----------
4
Final structure: -343.142 hartree
P           -0.004324972         -0.000023233          0.576863068
H           -0.660372249         -0.998670300         -0.197628955
H           -0.532652847          1.072809866         -0.195947438
H            1.197350062         -0.074116333         -0.183286675

 Structure in entos input format:

  structure(
    xyz = [
      ['P'  ,         -0.004324972,         -0.000023233,          0.576863068],
      ['H'  ,         -0.660372249,         -0.998670300,         -0.197628955],
      ['H'  ,         -0.532652847,          1.072809866,         -0.195947438],
      ['H'  ,          1.197350062,         -0.074116333,         -0.183286675]
    ]
  )

 --------------------------------
  Geometry optimization finished 
 --------------------------------
 Saving results in set 'opt'

 --------------------------------------------------------------------------------
                                 command: hessian                                
 --------------------------------------------------------------------------------

WARNING: semianalytic method is specified for dft hessian, which is not efficient. Try switching to 'method = analytic'


 -------------------------------
  Numerical Geometrical Hessian 
 -------------------------------

 Compute hessian using two-point central differentiation.
 Step size (bohr):                       0.0100

 Frequencies (including translational and rotational modes):
 mode    frequency (cm-1)
    0               39.28 i (imaginary)
    1                1.44 i (imaginary)
    2                0.65 i (imaginary)
    3                0.01 i (imaginary)
    4               29.09
    5               35.86
    6             1012.46
    7             1138.69
    8             1139.27
    9             2424.75
   10             2442.09
   11             2442.70

 Project out translational and rotational motions 

 Degrees of freedom for translational and rotational motions: 6

 Vibrational frequencies:
 mode    frequency (cm-1)
    0             1012.46
    1             1138.69
    2             1139.27
    3             2424.75
    4             2442.09
    5             2442.70

 --------------------------------------------------------------------------------

 End time:                               Tue Apr 27 13:58:08 2021
 Total wall-clock time:                  9.487 seconds
==================================================================================
