
================================================================================
          _____________ ________ _______________ ________     _________         
         / ___________// ______ \\_____   _____// ______ \   / ________)        
        / /_________  / /      \ \     | |     / /      \ \ | (_______          
       |  __________|| |        | |    | |    | |        | | \________ \        
        \ \_________ | |        | |    | |     \ \______/ /___________) |       
         \__________||_|        |_|    |_|      \________//____________/        
                                                                                
====================================[ Qcore ]===================================

 Git hash:   15a3e7daff0cda5fa9af010ccd19a80288182ecf
 Git date:   Fri, 16 Apr 2021 15:57:16 +0100
 Compiler:   GNU 9.1.0
 Build type: Release
 Version:    1.1.0

 Start time: Tue Apr 27 13:58:23 2021

 Data directory: /work/zw18965/.local/qcore/share/entos/1.1.0/data
 Number of threads: 24
 Number of threads was determined by: command line argument
  - More threads can be used by running 'qcore -n 32'

 --------------------------------------------------------------------------------
                                command: optimize                                
 --------------------------------------------------------------------------------
 Using coordinate system:                tric
 Hessian update scheme:                  bfgs

 ------------------------------------------------------------------------------------------------------------
                   energy      change    grad rms    grad max    step rms    step max       trust    time (s)
 ------------------------------------------------------------------------------------------------------------
   1      -115.706730423                3.11e-03    8.83e-03                            2.00e-01        0.71
   2      -115.706875224   -1.45e-04    9.35e-04    2.87e-03    1.19e-02    1.08e-02    2.00e-01        0.44
   3      -115.706890187   -1.50e-05    3.53e-04    9.93e-04    3.40e-03    6.31e-03    2.00e-01        0.43
   4      -115.706893814   -3.63e-06    1.58e-04    3.32e-04    2.40e-03    5.70e-03    2.00e-01        0.43
   5      -115.706895521   -1.71e-06    9.89e-05    3.08e-04    1.34e-03    7.41e-03    2.00e-01        0.43
   6      -115.706897721   -2.20e-06    2.26e-04    6.31e-04    1.19e-03    1.44e-02    2.00e-01        0.42
   7      -115.706902514   -4.79e-06    4.78e-04    1.35e-03    2.14e-03    3.98e-02    2.00e-01        0.45
   8      -115.706908362   -5.85e-06    6.35e-04    1.76e-03    2.58e-03    6.34e-02    2.00e-01        0.46
   9      -115.706913714   -5.35e-06    4.57e-04    1.26e-03    1.29e-03    3.49e-02    2.00e-01        0.43
  10      -115.706919009   -5.30e-06    6.88e-05    1.90e-04    2.34e-03    2.35e-02    2.00e-01        0.45
  11      -115.706920452   -1.44e-06    1.44e-04    3.74e-04    9.58e-04    5.71e-03    2.00e-01        0.42
  12      -115.706925964   -5.51e-06    4.06e-04    1.14e-03    4.74e-03    3.14e-02    2.00e-01        0.45
  13      -115.706929450   -3.49e-06    3.92e-04    1.11e-03    3.86e-03    2.67e-02    2.00e-01        0.45
  14      -115.706931705   -2.25e-06    1.60e-04    4.67e-04    2.14e-03    1.57e-02    2.00e-01        0.44
  15      -115.706932145   -4.40e-07    2.01e-05    4.29e-05    7.73e-04    1.63e-03    2.00e-01        0.41
  16      -115.706932196   -5.13e-08    1.70e-05    3.57e-05    5.36e-04    1.13e-03    2.00e-01        0.42
 Geometry optimization stopped:          thresholds achieved

 Final energy:                        -115.706932196

 -----------
  Final XYZ 
 -----------
6
Final structure: -115.707 hartree
C           -0.341109427         -0.036555086          0.016293778
O            0.985848255         -0.346382769         -0.374860759
H           -0.497878519          1.049141705          0.122267355
H           -0.500192968         -0.505841528          0.993880911
H           -1.085039081         -0.440513153         -0.689297626
H            1.154928901          0.046325970         -1.234088605

 Structure in entos input format:

  structure(
    xyz = [
      ['C'  ,         -0.341109427,         -0.036555086,          0.016293778],
      ['O'  ,          0.985848255,         -0.346382769,         -0.374860759],
      ['H'  ,         -0.497878519,          1.049141705,          0.122267355],
      ['H'  ,         -0.500192968,         -0.505841528,          0.993880911],
      ['H'  ,         -1.085039081,         -0.440513153,         -0.689297626],
      ['H'  ,          1.154928901,          0.046325970,         -1.234088605]
    ]
  )

 --------------------------------
  Geometry optimization finished 
 --------------------------------
 Saving results in set 'opt'

 --------------------------------------------------------------------------------
                                 command: hessian                                
 --------------------------------------------------------------------------------

WARNING: semianalytic method is specified for dft hessian, which is not efficient. Try switching to 'method = analytic'


 -------------------------------
  Numerical Geometrical Hessian 
 -------------------------------

 Compute hessian using two-point central differentiation.
 Step size (bohr):                       0.0100

 Frequencies (including translational and rotational modes):
 mode    frequency (cm-1)
    0                0.11 i (imaginary)
    1                0.03 i (imaginary)
    2                0.02 i (imaginary)
    3               49.96
    4               67.02
    5              164.54
    6              324.97
    7             1075.60
    8             1105.67
    9             1177.83
   10             1374.05
   11             1472.74
   12             1485.06
   13             1498.00
   14             3025.10
   15             3092.98
   16             3158.61
   17             3915.11

 Project out translational and rotational motions 

 Degrees of freedom for translational and rotational motions: 6

 Vibrational frequencies:
 mode    frequency (cm-1)
    0              323.15
    1             1075.56
    2             1105.66
    3             1177.80
    4             1374.04
    5             1472.73
    6             1485.06
    7             1497.96
    8             3025.10
    9             3092.98
   10             3158.61
   11             3915.11

 --------------------------------------------------------------------------------

 End time:                               Tue Apr 27 13:58:47 2021
 Total wall-clock time:                 23.354 seconds
==================================================================================
