
================================================================================
          _____________ ________ _______________ ________     _________         
         / ___________// ______ \\_____   _____// ______ \   / ________)        
        / /_________  / /      \ \     | |     / /      \ \ | (_______          
       |  __________|| |        | |    | |    | |        | | \________ \        
        \ \_________ | |        | |    | |     \ \______/ /___________) |       
         \__________||_|        |_|    |_|      \________//____________/        
                                                                                
====================================[ Qcore ]===================================

 Git hash:   15a3e7daff0cda5fa9af010ccd19a80288182ecf
 Git date:   Fri, 16 Apr 2021 15:57:16 +0100
 Compiler:   GNU 9.1.0
 Build type: Release
 Version:    1.1.0

 Start time: Sat May  8 09:38:26 2021

 Data directory: /work/zw18965/.local/qcore/share/entos/1.1.0/data
 Number of threads: 24
 Number of threads was determined by: command line argument
  - More threads can be used by running 'qcore -n 32'

 --------------------------------------------------------------------------------
                                command: optimize                                
 --------------------------------------------------------------------------------
 Using coordinate system:                tric
 Hessian update scheme:                  bfgs

 ------------------------------------------------------------------------------------------------------------
                   energy      change    grad rms    grad max    step rms    step max       trust    time (s)
 ------------------------------------------------------------------------------------------------------------
   1       -77.175450861                5.47e-03    1.06e-02                            2.00e-01        1.29
   2       -77.175743167   -2.92e-04    1.39e-03    2.46e-03    1.62e-02    2.14e-02    2.00e-01        0.97
   3       -77.175756378   -1.32e-05    1.88e-04    4.18e-04    3.60e-03    5.10e-03    2.00e-01        0.94
   4       -77.175756512   -1.34e-07    6.13e-06    1.48e-05    2.64e-04    4.51e-04    2.00e-01        0.88
 Geometry optimization stopped:          thresholds achieved

 Final energy:                         -77.175756512

 -----------
  Final XYZ 
 -----------
4
Final structure: -77.1758 hartree
C           -0.602425529          0.000000001         -0.000013411
C            0.602425756         -0.000000010          0.000013414
H           -1.670173682          0.000000002         -0.000095509
H            1.670173455          0.000000007          0.000095506

 Structure in entos input format:

  structure(
    xyz = [
      ['C'  ,         -0.602425529,          0.000000001,         -0.000013411],
      ['C'  ,          0.602425756,         -0.000000010,          0.000013414],
      ['H'  ,         -1.670173682,          0.000000002,         -0.000095509],
      ['H'  ,          1.670173455,          0.000000007,          0.000095506]
    ]
  )

 --------------------------------
  Geometry optimization finished 
 --------------------------------
 Saving results in set 'opt'

 --------------------------------------------------------------------------------
                                 command: hessian                                
 --------------------------------------------------------------------------------

WARNING: semianalytic method is specified for dft hessian, which is not efficient. Try switching to 'method = analytic'


 -------------------------------
  Numerical Geometrical Hessian 
 -------------------------------

 Compute hessian using two-point central differentiation.
 Step size (bohr):                       0.0100

 Frequencies (including translational and rotational modes):
 mode    frequency (cm-1)
    0                0.05 i (imaginary)
    1                0.01 i (imaginary)
    2                0.00 i (imaginary)
    3               10.24
    4               10.24
    5              659.74
    6              659.74
    7              789.68
    8              789.68
    9             2109.71
   10             3484.94
   11             3587.69

 Project out translational and rotational motions 

 Degrees of freedom for translational and rotational motions: 6

 Vibrational frequencies:
 mode    frequency (cm-1)
    0              659.74
    1              789.68
    2              789.68
    3             2109.71
    4             3484.94
    5             3587.69

 --------------------------------------------------------------------------------

 End time:                               Sat May  8 09:38:55 2021
 Total wall-clock time:                 28.423 seconds
==================================================================================
