
================================================================================
          _____________ ________ _______________ ________     _________         
         / ___________// ______ \\_____   _____// ______ \   / ________)        
        / /_________  / /      \ \     | |     / /      \ \ | (_______          
       |  __________|| |        | |    | |    | |        | | \________ \        
        \ \_________ | |        | |    | |     \ \______/ /___________) |       
         \__________||_|        |_|    |_|      \________//____________/        
                                                                                
====================================[ Qcore ]===================================

 Git hash:   15a3e7daff0cda5fa9af010ccd19a80288182ecf
 Git date:   Fri, 16 Apr 2021 15:57:16 +0100
 Compiler:   GNU 9.1.0
 Build type: Release
 Version:    1.1.0

 Start time: Sat May  8 09:44:33 2021

 Data directory: /work/zw18965/.local/qcore/share/entos/1.1.0/data
 Number of threads: 24
 Number of threads was determined by: command line argument
  - More threads can be used by running 'qcore -n 32'

 --------------------------------------------------------------------------------
                                command: optimize                                
 --------------------------------------------------------------------------------
 Using coordinate system:                tric
 Hessian update scheme:                  bfgs

 ------------------------------------------------------------------------------------------------------------
                   energy      change    grad rms    grad max    step rms    step max       trust    time (s)
 ------------------------------------------------------------------------------------------------------------
   1      -113.169020009                5.90e-03    1.02e-02                            2.00e-01        0.88
   2      -113.169059419   -3.94e-05    1.50e-04    2.60e-04    3.93e-03    7.86e-03    2.00e-01        0.52
   3      -113.169059434   -1.53e-08    2.26e-06    3.92e-06    9.73e-05    1.95e-04    2.00e-01        0.52
 Geometry optimization stopped:          thresholds achieved

 Final energy:                        -113.169059434

 -----------
  Final XYZ 
 -----------
2
Final structure: -113.169 hartree
O            0.564270060         -0.000000025          0.000000025
C           -0.564270060          0.000000025         -0.000000025

 Structure in entos input format:

  structure(
    xyz = [
      ['O'  ,          0.564270060,         -0.000000025,          0.000000025],
      ['C'  ,         -0.564270060,          0.000000025,         -0.000000025]
    ]
  )

 --------------------------------
  Geometry optimization finished 
 --------------------------------
 Saving results in set 'opt'

 --------------------------------------------------------------------------------
                                 command: hessian                                
 --------------------------------------------------------------------------------

WARNING: semianalytic method is specified for dft hessian, which is not efficient. Try switching to 'method = analytic'


 -------------------------------
  Numerical Geometrical Hessian 
 -------------------------------

 Compute hessian using two-point central differentiation.
 Step size (bohr):                       0.0100

 Frequencies (including translational and rotational modes):
 mode    frequency (cm-1)
    0                0.01 i (imaginary)
    1                0.00 i (imaginary)
    2                0.00 i (imaginary)
    3               13.67
    4               13.67
    5             2251.22

 Project out translational and rotational motions 

 The molecule is linear

 Degrees of freedom for translational and rotational motions: 5

 Vibrational frequencies:
 mode    frequency (cm-1)
    0             2251.22

 --------------------------------------------------------------------------------

 End time:                               Sat May  8 09:44:42 2021
 Total wall-clock time:                  8.953 seconds
==================================================================================
