
================================================================================
          _____________ ________ _______________ ________     _________         
         / ___________// ______ \\_____   _____// ______ \   / ________)        
        / /_________  / /      \ \     | |     / /      \ \ | (_______          
       |  __________|| |        | |    | |    | |        | | \________ \        
        \ \_________ | |        | |    | |     \ \______/ /___________) |       
         \__________||_|        |_|    |_|      \________//____________/        
                                                                                
====================================[ Qcore ]===================================

 Git hash:   15a3e7daff0cda5fa9af010ccd19a80288182ecf
 Git date:   Fri, 16 Apr 2021 15:57:16 +0100
 Compiler:   GNU 9.1.0
 Build type: Release
 Version:    1.1.0

 Start time: Sat May  8 09:47:39 2021

 Data directory: /work/zw18965/.local/qcore/share/entos/1.1.0/data
 Number of threads: 24
 Number of threads was determined by: command line argument
  - More threads can be used by running 'qcore -n 32'

 --------------------------------------------------------------------------------
                                command: optimize                                
 --------------------------------------------------------------------------------
 Using coordinate system:                tric
 Hessian update scheme:                  bfgs

 ------------------------------------------------------------------------------------------------------------
                   energy      change    grad rms    grad max    step rms    step max       trust    time (s)
 ------------------------------------------------------------------------------------------------------------
   1       -76.326018620                4.59e-03    7.76e-03                            2.00e-01        0.64
   2       -76.326299830   -2.81e-04    2.91e-03    5.15e-03    1.74e-02    3.12e-02    2.00e-01        0.37
   3       -76.326437504   -1.38e-04    2.90e-04    4.86e-04    2.28e-02    4.23e-02    2.00e-01        0.37
   4       -76.326438146   -6.43e-07    7.27e-05    1.10e-04    1.10e-03    1.40e-03    2.00e-01        0.35
   5       -76.326438176   -3.00e-08    2.39e-06    3.77e-06    1.52e-04    2.14e-04    2.00e-01        0.35
 Geometry optimization stopped:          thresholds achieved

 Final energy:                         -76.326438176

 -----------
  Final XYZ 
 -----------
3
Final structure: -76.3264 hartree
O           -0.000553200         -0.000508651          0.000263977
H            0.280093198          0.884358936          0.246872042
H            0.604659997         -0.229250285         -0.709636019

 Structure in entos input format:

  structure(
    xyz = [
      ['O'  ,         -0.000553200,         -0.000508651,          0.000263977],
      ['H'  ,          0.280093198,          0.884358936,          0.246872042],
      ['H'  ,          0.604659997,         -0.229250285,         -0.709636019]
    ]
  )

 --------------------------------
  Geometry optimization finished 
 --------------------------------
 Saving results in set 'opt'

 --------------------------------------------------------------------------------
                                 command: hessian                                
 --------------------------------------------------------------------------------

WARNING: semianalytic method is specified for dft hessian, which is not efficient. Try switching to 'method = analytic'


 -------------------------------
  Numerical Geometrical Hessian 
 -------------------------------

 Compute hessian using two-point central differentiation.
 Step size (bohr):                       0.0100

 Frequencies (including translational and rotational modes):
 mode    frequency (cm-1)
    0               35.95 i (imaginary)
    1               20.81 i (imaginary)
    2                9.41 i (imaginary)
    3                0.00
    4                0.40
    5                2.69
    6             1684.68
    7             3869.53
    8             3972.36

 Project out translational and rotational motions 

 Degrees of freedom for translational and rotational motions: 6

 Vibrational frequencies:
 mode    frequency (cm-1)
    0             1684.68
    1             3869.53
    2             3972.36

 --------------------------------------------------------------------------------

 End time:                               Sat May  8 09:47:48 2021
 Total wall-clock time:                  9.246 seconds
==================================================================================
