
================================================================================
          _____________ ________ _______________ ________     _________         
         / ___________// ______ \\_____   _____// ______ \   / ________)        
        / /_________  / /      \ \     | |     / /      \ \ | (_______          
       |  __________|| |        | |    | |    | |        | | \________ \        
        \ \_________ | |        | |    | |     \ \______/ /___________) |       
         \__________||_|        |_|    |_|      \________//____________/        
                                                                                
====================================[ Qcore ]===================================

 Git hash:   15a3e7daff0cda5fa9af010ccd19a80288182ecf
 Git date:   Fri, 16 Apr 2021 15:57:16 +0100
 Compiler:   GNU 9.1.0
 Build type: Release
 Version:    1.1.0

 Start time: Sat May  8 09:48:05 2021

 Data directory: /work/zw18965/.local/qcore/share/entos/1.1.0/data
 Number of threads: 24
 Number of threads was determined by: command line argument
  - More threads can be used by running 'qcore -n 32'

 --------------------------------------------------------------------------------
                                command: optimize                                
 --------------------------------------------------------------------------------
 Using coordinate system:                tric
 Hessian update scheme:                  bfgs

 ------------------------------------------------------------------------------------------------------------
                   energy      change    grad rms    grad max    step rms    step max       trust    time (s)
 ------------------------------------------------------------------------------------------------------------
   1      -460.485598661                6.90e-03    1.19e-02                            2.00e-01        1.04
   2      -460.485761732   -1.63e-04    2.81e-03    4.87e-03    9.71e-03    1.94e-02    2.00e-01        0.56
   3      -460.485795780   -3.40e-05    1.30e-04    2.25e-04    6.68e-03    1.34e-02    2.00e-01        0.56
   4      -460.485795867   -8.62e-08    2.65e-06    4.59e-06    3.24e-04    6.48e-04    2.00e-01        0.52
 Geometry optimization stopped:          thresholds achieved

 Final energy:                        -460.485795867

 -----------
  Final XYZ 
 -----------
2
Final structure: -460.486 hartree
Cl           0.641405435          0.000000003          0.000000004
H           -0.641405435         -0.000000003         -0.000000004

 Structure in entos input format:

  structure(
    xyz = [
      ['Cl' ,          0.641405435,          0.000000003,          0.000000004],
      ['H'  ,         -0.641405435,         -0.000000003,         -0.000000004]
    ]
  )

 --------------------------------
  Geometry optimization finished 
 --------------------------------
 Saving results in set 'opt'

 --------------------------------------------------------------------------------
                                 command: hessian                                
 --------------------------------------------------------------------------------

WARNING: semianalytic method is specified for dft hessian, which is not efficient. Try switching to 'method = analytic'


 -------------------------------
  Numerical Geometrical Hessian 
 -------------------------------

 Compute hessian using two-point central differentiation.
 Step size (bohr):                       0.0100

 Frequencies (including translational and rotational modes):
 mode    frequency (cm-1)
    0                8.99 i (imaginary)
    1                8.99 i (imaginary)
    2                0.00
    3                0.00
    4                0.02
    5             3028.87

 Project out translational and rotational motions 

 The molecule is linear

 Degrees of freedom for translational and rotational motions: 5

 Vibrational frequencies:
 mode    frequency (cm-1)
    0             3028.87

 --------------------------------------------------------------------------------

 End time:                               Sat May  8 09:48:16 2021
 Total wall-clock time:                 10.255 seconds
==================================================================================
