
================================================================================
          _____________ ________ _______________ ________     _________         
         / ___________// ______ \\_____   _____// ______ \   / ________)        
        / /_________  / /      \ \     | |     / /      \ \ | (_______          
       |  __________|| |        | |    | |    | |        | | \________ \        
        \ \_________ | |        | |    | |     \ \______/ /___________) |       
         \__________||_|        |_|    |_|      \________//____________/        
                                                                                
====================================[ Qcore ]===================================

 Git hash:   15a3e7daff0cda5fa9af010ccd19a80288182ecf
 Git date:   Fri, 16 Apr 2021 15:57:16 +0100
 Compiler:   GNU 9.1.0
 Build type: Release
 Version:    1.1.0

 Start time: Sat May  8 09:48:16 2021

 Data directory: /work/zw18965/.local/qcore/share/entos/1.1.0/data
 Number of threads: 24
 Number of threads was determined by: command line argument
  - More threads can be used by running 'qcore -n 32'

 --------------------------------------------------------------------------------
                                command: optimize                                
 --------------------------------------------------------------------------------
 Using coordinate system:                tric
 Hessian update scheme:                  bfgs

 ------------------------------------------------------------------------------------------------------------
                   energy      change    grad rms    grad max    step rms    step max       trust    time (s)
 ------------------------------------------------------------------------------------------------------------
   1       -93.274040179                9.50e-03    2.25e-02                            2.00e-01        1.14
   2       -93.274262717   -2.23e-04    1.48e-03    3.63e-03    1.16e-02    1.78e-02    2.00e-01        0.77
   3       -93.274267617   -4.90e-06    2.41e-04    5.87e-04    1.40e-03    3.38e-03    2.00e-01        0.75
   4       -93.274267806   -1.89e-07    2.62e-06    4.92e-06    3.58e-04    8.30e-04    2.00e-01        0.70
 Geometry optimization stopped:          thresholds achieved

 Final energy:                         -93.274267806

 -----------
  Final XYZ 
 -----------
3
Final structure: -93.2743 hartree
C           -0.026946036         -0.000007197          0.000000001
N            1.125765205         -0.000597926          0.000000001
H           -1.098819168          0.000605129         -0.000000002

 Structure in entos input format:

  structure(
    xyz = [
      ['C'  ,         -0.026946036,         -0.000007197,          0.000000001],
      ['N'  ,          1.125765205,         -0.000597926,          0.000000001],
      ['H'  ,         -1.098819168,          0.000605129,         -0.000000002]
    ]
  )

 --------------------------------
  Geometry optimization finished 
 --------------------------------
 Saving results in set 'opt'

 --------------------------------------------------------------------------------
                                 command: hessian                                
 --------------------------------------------------------------------------------

WARNING: semianalytic method is specified for dft hessian, which is not efficient. Try switching to 'method = analytic'


 -------------------------------
  Numerical Geometrical Hessian 
 -------------------------------

 Compute hessian using two-point central differentiation.
 Step size (bohr):                       0.0100

 Frequencies (including translational and rotational modes):
 mode    frequency (cm-1)
    0                1.17 i (imaginary)
    1                1.16 i (imaginary)
    2                0.00 i (imaginary)
    3               14.17
    4               14.18
    5              785.92
    6              785.92
    7             2242.57
    8             3528.33

 Project out translational and rotational motions 

 Degrees of freedom for translational and rotational motions: 6

 Vibrational frequencies:
 mode    frequency (cm-1)
    0              785.92
    1             2242.57
    2             3528.33

 --------------------------------------------------------------------------------

 End time:                               Sat May  8 09:48:33 2021
 Total wall-clock time:                 17.584 seconds
==================================================================================
