
================================================================================
          _____________ ________ _______________ ________     _________         
         / ___________// ______ \\_____   _____// ______ \   / ________)        
        / /_________  / /      \ \     | |     / /      \ \ | (_______          
       |  __________|| |        | |    | |    | |        | | \________ \        
        \ \_________ | |        | |    | |     \ \______/ /___________) |       
         \__________||_|        |_|    |_|      \________//____________/        
                                                                                
====================================[ Qcore ]===================================

 Git hash:   15a3e7daff0cda5fa9af010ccd19a80288182ecf
 Git date:   Fri, 16 Apr 2021 15:57:16 +0100
 Compiler:   GNU 9.1.0
 Build type: Release
 Version:    1.1.0

 Start time: Tue Apr 27 14:09:51 2021

 Data directory: /work/zw18965/.local/qcore/share/entos/1.1.0/data
 Number of threads: 24
 Number of threads was determined by: command line argument
  - More threads can be used by running 'qcore -n 32'

 --------------------------------------------------------------------------------
                                command: optimize                                
 --------------------------------------------------------------------------------
 Using coordinate system:                tric
 Hessian update scheme:                  bfgs

 ------------------------------------------------------------------------------------------------------------
                   energy      change    grad rms    grad max    step rms    step max       trust    time (s)
 ------------------------------------------------------------------------------------------------------------
   1      -535.553465040                5.10e-03    1.06e-02                            2.00e-01        2.13
   2      -535.554042052   -5.77e-04    2.35e-03    4.69e-03    3.47e-02    4.87e-02    2.00e-01        1.32
   3      -535.554174342   -1.32e-04    1.07e-03    2.22e-03    2.57e-02    3.70e-02    2.00e-01        1.35
   4      -535.554181305   -6.96e-06    6.60e-04    1.34e-03    1.43e-03    3.71e-03    2.00e-01        1.25
   5      -535.554187184   -5.88e-06    1.01e-04    1.82e-04    2.64e-03    1.08e-02    2.00e-01        1.35
   6      -535.554188036   -8.53e-07    1.61e-04    3.02e-04    2.53e-04    5.38e-03    2.00e-01        1.28
   7      -535.554199415   -1.14e-05    6.18e-04    1.27e-03    1.94e-03    7.99e-02    2.00e-01        1.40
   8      -535.554187849    1.16e-05    1.31e-03    2.79e-03    2.54e-03    2.06e-01    1.27e-03        1.29
   9      -535.554201436   -1.36e-05    9.58e-04    2.03e-03    1.27e-03    5.39e-02    1.80e-03        1.39
  10      -535.554209717   -8.28e-06    4.74e-04    9.73e-04    1.80e-03    8.10e-02    1.80e-03        1.27
  11      -535.554211649   -1.93e-06    3.09e-04    6.37e-04    6.26e-04    1.50e-02    1.80e-03        1.31
  12      -535.554212748   -1.10e-06    1.02e-05    2.10e-05    1.18e-03    1.17e-02    1.80e-03        1.27
  13      -535.554212756   -7.76e-09    2.04e-06    4.31e-06    1.96e-05    3.26e-03    1.80e-03        1.30
  14      -535.554212757   -7.81e-10    1.73e-06    2.94e-06    1.17e-05    1.03e-03    1.80e-03        1.25
 Geometry optimization stopped:          thresholds achieved

 Final energy:                        -535.554212757

 -----------
  Final XYZ 
 -----------
3
Final structure: -535.554 hartree
O           -0.402268196          0.428612171         -0.000000196
Cl           1.240295007          0.005612329          0.000000529
H           -0.838026817         -0.434224495         -0.000000334

 Structure in entos input format:

  structure(
    xyz = [
      ['O'  ,         -0.402268196,          0.428612171,         -0.000000196],
      ['Cl' ,          1.240295007,          0.005612329,          0.000000529],
      ['H'  ,         -0.838026817,         -0.434224495,         -0.000000334]
    ]
  )

 --------------------------------
  Geometry optimization finished 
 --------------------------------
 Saving results in set 'opt'

 --------------------------------------------------------------------------------
                                 command: hessian                                
 --------------------------------------------------------------------------------

WARNING: semianalytic method is specified for dft hessian, which is not efficient. Try switching to 'method = analytic'


 -------------------------------
  Numerical Geometrical Hessian 
 -------------------------------

 Compute hessian using two-point central differentiation.
 Step size (bohr):                       0.0100

 Frequencies (including translational and rotational modes):
 mode    frequency (cm-1)
    0               34.84 i (imaginary)
    1                3.84 i (imaginary)
    2                0.50 i (imaginary)
    3                0.16 i (imaginary)
    4               39.10
    5               54.91
    6              762.93
    7             1273.99
    8             3830.66

 Project out translational and rotational motions 

 Degrees of freedom for translational and rotational motions: 6

 Vibrational frequencies:
 mode    frequency (cm-1)
    0              762.93
    1             1273.99
    2             3830.66

 --------------------------------------------------------------------------------

 End time:                               Tue Apr 27 14:10:35 2021
 Total wall-clock time:                 44.562 seconds
==================================================================================
