
================================================================================
          _____________ ________ _______________ ________     _________         
         / ___________// ______ \\_____   _____// ______ \   / ________)        
        / /_________  / /      \ \     | |     / /      \ \ | (_______          
       |  __________|| |        | |    | |    | |        | | \________ \        
        \ \_________ | |        | |    | |     \ \______/ /___________) |       
         \__________||_|        |_|    |_|      \________//____________/        
                                                                                
====================================[ Qcore ]===================================

 Git hash:   15a3e7daff0cda5fa9af010ccd19a80288182ecf
 Git date:   Fri, 16 Apr 2021 15:57:16 +0100
 Compiler:   GNU 9.1.0
 Build type: Release
 Version:    1.1.0

 Start time: Tue Apr 27 14:13:15 2021

 Data directory: /work/zw18965/.local/qcore/share/entos/1.1.0/data
 Number of threads: 24
 Number of threads was determined by: command line argument
  - More threads can be used by running 'qcore -n 32'

 --------------------------------------------------------------------------------
                                command: optimize                                
 --------------------------------------------------------------------------------
 Using coordinate system:                tric
 Hessian update scheme:                  bfgs

 ------------------------------------------------------------------------------------------------------------
                   energy      change    grad rms    grad max    step rms    step max       trust    time (s)
 ------------------------------------------------------------------------------------------------------------
   1      -548.140638551                7.55e-04    1.84e-03                            2.00e-01        3.08
   2      -548.140641014   -2.46e-06    5.18e-04    1.27e-03    8.84e-04    1.24e-03    2.00e-01        2.28
   3      -548.140643821   -2.81e-06    8.57e-05    1.72e-04    2.45e-03    3.40e-03    2.00e-01        2.31
   4      -548.140643869   -4.83e-08    5.01e-05    9.22e-05    2.14e-04    2.29e-04    2.00e-01        2.18
 Geometry optimization stopped:          thresholds achieved

 Final energy:                        -548.140643869

 -----------
  Final XYZ 
 -----------
3
Final structure: -548.141 hartree
S           -0.001187488          0.484128874         -0.000000168
O            1.241258181         -0.239015321         -0.000000388
O           -1.240070693         -0.245113552          0.000000555

 Structure in entos input format:

  structure(
    xyz = [
      ['S'  ,         -0.001187488,          0.484128874,         -0.000000168],
      ['O'  ,          1.241258181,         -0.239015321,         -0.000000388],
      ['O'  ,         -1.240070693,         -0.245113552,          0.000000555]
    ]
  )

 --------------------------------
  Geometry optimization finished 
 --------------------------------
 Saving results in set 'opt'

 --------------------------------------------------------------------------------
                                 command: hessian                                
 --------------------------------------------------------------------------------

WARNING: semianalytic method is specified for dft hessian, which is not efficient. Try switching to 'method = analytic'


 -------------------------------
  Numerical Geometrical Hessian 
 -------------------------------

 Compute hessian using two-point central differentiation.
 Step size (bohr):                       0.0100

 Frequencies (including translational and rotational modes):
 mode    frequency (cm-1)
    0               24.88 i (imaginary)
    1                0.23 i (imaginary)
    2                0.15 i (imaginary)
    3                7.43
    4               23.43
    5               39.67
    6              530.33
    7             1200.60
    8             1413.88

 Project out translational and rotational motions 

 Degrees of freedom for translational and rotational motions: 6

 Vibrational frequencies:
 mode    frequency (cm-1)
    0              530.33
    1             1200.60
    2             1413.88

 --------------------------------------------------------------------------------

 End time:                               Tue Apr 27 14:14:09 2021
 Total wall-clock time:                 54.024 seconds
==================================================================================
