
================================================================================
          _____________ ________ _______________ ________     _________         
         / ___________// ______ \\_____   _____// ______ \   / ________)        
        / /_________  / /      \ \     | |     / /      \ \ | (_______          
       |  __________|| |        | |    | |    | |        | | \________ \        
        \ \_________ | |        | |    | |     \ \______/ /___________) |       
         \__________||_|        |_|    |_|      \________//____________/        
                                                                                
====================================[ Qcore ]===================================

 Git hash:   15a3e7daff0cda5fa9af010ccd19a80288182ecf
 Git date:   Fri, 16 Apr 2021 15:57:16 +0100
 Compiler:   GNU 9.1.0
 Build type: Release
 Version:    1.1.0

 Start time: Sat May  8 09:53:10 2021

 Data directory: /work/zw18965/.local/qcore/share/entos/1.1.0/data
 Number of threads: 24
 Number of threads was determined by: command line argument
  - More threads can be used by running 'qcore -n 32'

 --------------------------------------------------------------------------------
                                command: optimize                                
 --------------------------------------------------------------------------------
 Using coordinate system:                tric
 Hessian update scheme:                  bfgs

 ------------------------------------------------------------------------------------------------------------
                   energy      change    grad rms    grad max    step rms    step max       trust    time (s)
 ------------------------------------------------------------------------------------------------------------
   1      -115.544415260                3.44e-03    7.87e-03                            2.00e-01        2.24
   2      -115.544730059   -3.15e-04    9.27e-04    2.93e-03    1.85e-02    2.70e-02    2.00e-01        1.72
   3      -115.544760551   -3.05e-05    2.15e-04    4.71e-04    8.03e-03    1.25e-02    2.00e-01        1.68
   4      -115.544762218   -1.67e-06    5.24e-05    1.36e-04    2.46e-03    2.47e-03    2.00e-01        1.56
   5      -115.544762274   -5.54e-08    1.29e-05    3.76e-05    3.20e-04    4.77e-04    2.00e-01        1.55
 Geometry optimization stopped:          thresholds achieved

 Final energy:                        -115.544762274

 -----------
  Final XYZ 
 -----------
6
Final structure: -115.545 hartree
C           -0.349512178         -0.043326085         -0.018577724
O            0.998023457         -0.349203825         -0.271014771
H           -0.528006105          1.037779693          0.096150799
H           -0.618813140         -0.529371506          0.924383651
H           -1.027442334         -0.423194209         -0.799549125
H            1.242307460          0.073491070         -1.097197774

 Structure in entos input format:

  structure(
    xyz = [
      ['C'  ,         -0.349512178,         -0.043326085,         -0.018577724],
      ['O'  ,          0.998023457,         -0.349203825,         -0.271014771],
      ['H'  ,         -0.528006105,          1.037779693,          0.096150799],
      ['H'  ,         -0.618813140,         -0.529371506,          0.924383651],
      ['H'  ,         -1.027442334,         -0.423194209,         -0.799549125],
      ['H'  ,          1.242307460,          0.073491070,         -1.097197774]
    ]
  )

 --------------------------------
  Geometry optimization finished 
 --------------------------------
 Saving results in set 'opt'

 --------------------------------------------------------------------------------
                                 command: hessian                                
 --------------------------------------------------------------------------------

WARNING: semianalytic method is specified for dft hessian, which is not efficient. Try switching to 'method = analytic'


 -------------------------------
  Numerical Geometrical Hessian 
 -------------------------------

 Compute hessian using two-point central differentiation.
 Step size (bohr):                       0.0100

 Frequencies (including translational and rotational modes):
 mode    frequency (cm-1)
    0               27.79 i (imaginary)
    1                7.28 i (imaginary)
    2                5.42 i (imaginary)
    3                0.08
    4                0.44
    5                1.31
    6              336.70
    7             1090.06
    8             1130.47
    9             1185.11
   10             1404.38
   11             1500.33
   12             1503.27
   13             1520.28
   14             3041.26
   15             3093.89
   16             3177.69
   17             3899.39

 Project out translational and rotational motions 

 Degrees of freedom for translational and rotational motions: 6

 Vibrational frequencies:
 mode    frequency (cm-1)
    0              336.69
    1             1090.06
    2             1130.47
    3             1185.11
    4             1404.38
    5             1500.33
    6             1503.27
    7             1520.28
    8             3041.26
    9             3093.89
   10             3177.69
   11             3899.39

 --------------------------------------------------------------------------------

 End time:                               Sat May  8 09:54:20 2021
 Total wall-clock time:                 69.613 seconds
==================================================================================
