
================================================================================
          _____________ ________ _______________ ________     _________         
         / ___________// ______ \\_____   _____// ______ \   / ________)        
        / /_________  / /      \ \     | |     / /      \ \ | (_______          
       |  __________|| |        | |    | |    | |        | | \________ \        
        \ \_________ | |        | |    | |     \ \______/ /___________) |       
         \__________||_|        |_|    |_|      \________//____________/        
                                                                                
====================================[ Qcore ]===================================

 Git hash:   15a3e7daff0cda5fa9af010ccd19a80288182ecf
 Git date:   Fri, 16 Apr 2021 15:57:16 +0100
 Compiler:   GNU 9.1.0
 Build type: Release
 Version:    1.1.0

 Start time: Sat May  8 09:54:20 2021

 Data directory: /work/zw18965/.local/qcore/share/entos/1.1.0/data
 Number of threads: 24
 Number of threads was determined by: command line argument
  - More threads can be used by running 'qcore -n 32'

 --------------------------------------------------------------------------------
                                command: optimize                                
 --------------------------------------------------------------------------------
 Using coordinate system:                tric
 Hessian update scheme:                  bfgs

 ------------------------------------------------------------------------------------------------------------
                   energy      change    grad rms    grad max    step rms    step max       trust    time (s)
 ------------------------------------------------------------------------------------------------------------
   1      -795.755312717                2.03e-03    3.51e-03                            2.00e-01        2.52
   2      -795.755330524   -1.78e-05    2.20e-05    3.81e-05    5.18e-03    1.04e-02    2.00e-01        1.81
   3      -795.755330530   -6.12e-09    2.54e-08    3.06e-08    5.57e-05    1.11e-04    2.00e-01        1.69
 Geometry optimization stopped:          thresholds achieved

 Final energy:                        -795.755330530

 -----------
  Final XYZ 
 -----------
2
Final structure: -795.755 hartree
S            0.000000296         -0.000000299          0.002712837
S           -0.000000296          0.000000299          1.894171753

 Structure in entos input format:

  structure(
    xyz = [
      ['S'  ,          0.000000296,         -0.000000299,          0.002712837],
      ['S'  ,         -0.000000296,          0.000000299,          1.894171753]
    ]
  )

 --------------------------------
  Geometry optimization finished 
 --------------------------------
 Saving results in set 'opt'

 --------------------------------------------------------------------------------
                                 command: hessian                                
 --------------------------------------------------------------------------------

WARNING: semianalytic method is specified for dft hessian, which is not efficient. Try switching to 'method = analytic'


 -------------------------------
  Numerical Geometrical Hessian 
 -------------------------------

 Compute hessian using two-point central differentiation.
 Step size (bohr):                       0.0100

 Frequencies (including translational and rotational modes):
 mode    frequency (cm-1)
    0                0.09 i (imaginary)
    1                0.01 i (imaginary)
    2                0.01 i (imaginary)
    3                7.51
    4                7.59
    5              756.20

 Project out translational and rotational motions 

 The molecule is linear

 Degrees of freedom for translational and rotational motions: 5

 Vibrational frequencies:
 mode    frequency (cm-1)
    0              756.20

 --------------------------------------------------------------------------------

 End time:                               Sat May  8 09:54:50 2021
 Total wall-clock time:                 30.233 seconds
==================================================================================
