
================================================================================
          _____________ ________ _______________ ________     _________         
         / ___________// ______ \\_____   _____// ______ \   / ________)        
        / /_________  / /      \ \     | |     / /      \ \ | (_______          
       |  __________|| |        | |    | |    | |        | | \________ \        
        \ \_________ | |        | |    | |     \ \______/ /___________) |       
         \__________||_|        |_|    |_|      \________//____________/        
                                                                                
====================================[ Qcore ]===================================

 Git hash:   15a3e7daff0cda5fa9af010ccd19a80288182ecf
 Git date:   Fri, 16 Apr 2021 15:57:16 +0100
 Compiler:   GNU 9.1.0
 Build type: Release
 Version:    1.1.0

 Start time: Sat May  8 09:54:50 2021

 Data directory: /work/zw18965/.local/qcore/share/entos/1.1.0/data
 Number of threads: 24
 Number of threads was determined by: command line argument
  - More threads can be used by running 'qcore -n 32'

 --------------------------------------------------------------------------------
                                command: optimize                                
 --------------------------------------------------------------------------------
 Using coordinate system:                tric
 Hessian update scheme:                  bfgs

 ------------------------------------------------------------------------------------------------------------
                   energy      change    grad rms    grad max    step rms    step max       trust    time (s)
 ------------------------------------------------------------------------------------------------------------
   1      -472.968346242                2.09e-03    3.63e-03                            2.00e-01        2.09
   2      -472.968354327   -8.09e-06    1.16e-03    2.01e-03    1.41e-03    2.83e-03    2.00e-01        1.28
   3      -472.968358039   -3.71e-06    1.18e-05    2.04e-05    1.76e-03    3.53e-03    2.00e-01        1.34
   4      -472.968358043   -4.23e-09    9.50e-09    1.09e-08    1.81e-05    3.62e-05    2.00e-01        1.22
 Geometry optimization stopped:          thresholds achieved

 Final energy:                        -472.968358043

 -----------
  Final XYZ 
 -----------
2
Final structure: -472.968 hartree
S            0.000000213          0.000000344         -0.001691193
O           -0.000000213         -0.000000344          1.487905743

 Structure in entos input format:

  structure(
    xyz = [
      ['S'  ,          0.000000213,          0.000000344,         -0.001691193],
      ['O'  ,         -0.000000213,         -0.000000344,          1.487905743]
    ]
  )

 --------------------------------
  Geometry optimization finished 
 --------------------------------
 Saving results in set 'opt'

 --------------------------------------------------------------------------------
                                 command: hessian                                
 --------------------------------------------------------------------------------

WARNING: semianalytic method is specified for dft hessian, which is not efficient. Try switching to 'method = analytic'


 -------------------------------
  Numerical Geometrical Hessian 
 -------------------------------

 Compute hessian using two-point central differentiation.
 Step size (bohr):                       0.0100

 Frequencies (including translational and rotational modes):
 mode    frequency (cm-1)
    0                0.01 i (imaginary)
    1                0.01 i (imaginary)
    2                0.00
    3               27.77
    4               27.78
    5             1179.53

 Project out translational and rotational motions 

 The molecule is linear

 Degrees of freedom for translational and rotational motions: 5

 Vibrational frequencies:
 mode    frequency (cm-1)
    0             1179.53

 --------------------------------------------------------------------------------

 End time:                               Sat May  8 09:55:14 2021
 Total wall-clock time:                 24.118 seconds
==================================================================================
