
================================================================================
          _____________ ________ _______________ ________     _________         
         / ___________// ______ \\_____   _____// ______ \   / ________)        
        / /_________  / /      \ \     | |     / /      \ \ | (_______          
       |  __________|| |        | |    | |    | |        | | \________ \        
        \ \_________ | |        | |    | |     \ \______/ /___________) |       
         \__________||_|        |_|    |_|      \________//____________/        
                                                                                
====================================[ Qcore ]===================================

 Git hash:   15a3e7daff0cda5fa9af010ccd19a80288182ecf
 Git date:   Fri, 16 Apr 2021 15:57:16 +0100
 Compiler:   GNU 9.1.0
 Build type: Release
 Version:    1.1.0

 Start time: Fri Apr 23 14:41:45 2021

 Data directory: /work/zw18965/.local/qcore/share/entos/1.1.0/data
 Number of threads: 24
 Number of threads was determined by: command line argument
  - More threads can be used by running 'qcore -n 32'

 --------------------------------------------------------------------------------
                                command: optimize                                
 --------------------------------------------------------------------------------
 Using coordinate system:                tric
 Hessian update scheme:                  bfgs

 ------------------------------------------------------------------------------------------------------------
                   energy      change    grad rms    grad max    step rms    step max       trust    time (s)
 ------------------------------------------------------------------------------------------------------------
   1       -77.257026643                4.74e-03    1.15e-02                            2.00e-01        1.93
   2       -77.257107073   -8.04e-05    2.76e-04    6.70e-04    6.71e-03    1.14e-02    2.00e-01        1.71
   3       -77.257108265   -1.19e-06    1.03e-04    1.97e-04    1.10e-03    1.53e-03    2.00e-01        1.68
   4       -77.257108335   -7.07e-08    9.79e-06    2.33e-05    2.50e-04    3.61e-04    2.00e-01        1.68
 Geometry optimization stopped:          thresholds achieved

 Final energy:                         -77.257108335

 -----------
  Final XYZ 
 -----------
4
Final structure: -77.2571 hartree
C           -0.601344427         -0.000000162         -0.000013702
C            0.601342527         -0.000000014          0.000013875
H           -1.660965975         -0.000000131         -0.000096725
H            1.660963902         -0.000000161          0.000096961

 Structure in entos input format:

  structure(
    xyz = [
      ['C'  ,         -0.601344427,         -0.000000162,         -0.000013702],
      ['C'  ,          0.601342527,         -0.000000014,          0.000013875],
      ['H'  ,         -1.660965975,         -0.000000131,         -0.000096725],
      ['H'  ,          1.660963902,         -0.000000161,          0.000096961]
    ]
  )

 --------------------------------
  Geometry optimization finished 
 --------------------------------
 Saving results in set 'opt'

 --------------------------------------------------------------------------------
                                 command: hessian                                
 --------------------------------------------------------------------------------

WARNING: numerical method is specified for dft hessian, which is not efficient. Try switching to 'method = analytic'


 -------------------------------
  Numerical Geometrical Hessian 
 -------------------------------

 Compute hessian using two-point central differentiation.
 Step size (bohr):                       0.0100

 Frequencies (including translational and rotational modes):
 mode    frequency (cm-1)
    0                7.28 i (imaginary)
    1                5.18 i (imaginary)
    2                4.46 i (imaginary)
    3                3.61 i (imaginary)
    4                5.87
    5              631.93
    6              631.98
    7              768.33
    8              768.36
    9             2026.99
   10             3453.63
   11             3551.56

 Project out translational and rotational motions 

 Degrees of freedom for translational and rotational motions: 6

 Vibrational frequencies:
 mode    frequency (cm-1)
    0              631.93
    1              768.33
    2              768.36
    3             2026.99
    4             3453.63
    5             3551.56

 --------------------------------------------------------------------------------

 End time:                               Fri Apr 23 14:42:44 2021
 Total wall-clock time:                 59.100 seconds
==================================================================================
