
================================================================================
          _____________ ________ _______________ ________     _________         
         / ___________// ______ \\_____   _____// ______ \   / ________)        
        / /_________  / /      \ \     | |     / /      \ \ | (_______          
       |  __________|| |        | |    | |    | |        | | \________ \        
        \ \_________ | |        | |    | |     \ \______/ /___________) |       
         \__________||_|        |_|    |_|      \________//____________/        
                                                                                
====================================[ Qcore ]===================================

 Git hash:   15a3e7daff0cda5fa9af010ccd19a80288182ecf
 Git date:   Fri, 16 Apr 2021 15:57:16 +0100
 Compiler:   GNU 9.1.0
 Build type: Release
 Version:    1.1.0

 Start time: Fri Apr 23 14:46:39 2021

 Data directory: /work/zw18965/.local/qcore/share/entos/1.1.0/data
 Number of threads: 24
 Number of threads was determined by: command line argument
  - More threads can be used by running 'qcore -n 32'

 --------------------------------------------------------------------------------
                                command: optimize                                
 --------------------------------------------------------------------------------
 Using coordinate system:                tric
 Hessian update scheme:                  bfgs

 ------------------------------------------------------------------------------------------------------------
                   energy      change    grad rms    grad max    step rms    step max       trust    time (s)
 ------------------------------------------------------------------------------------------------------------
   1      -957.940679078                1.59e-02    3.89e-02                            2.00e-01        2.98
   2      -957.944890129   -4.21e-03    9.12e-03    1.87e-02    1.20e-01    1.34e-01    2.00e-01        2.70
   3      -957.945515023   -6.25e-04    5.01e-03    8.44e-03    2.66e-02    3.08e-02    2.00e-01        2.69
   4      -957.945797222   -2.82e-04    8.67e-04    1.68e-03    1.87e-02    2.88e-02    2.00e-01        2.75
   5      -957.945810017   -1.28e-05    5.59e-05    1.21e-04    5.86e-03    5.50e-03    2.00e-01        2.68
   6      -957.945810161   -1.44e-07    6.57e-06    1.27e-05    6.13e-04    5.22e-04    2.00e-01        2.63
 Geometry optimization stopped:          thresholds achieved

 Final energy:                        -957.945810161

 -----------
  Final XYZ 
 -----------
3
Final structure: -957.946 hartree
C            0.000001830         -0.031275856         -0.004041090
Cl           0.000006093          1.012742369         -1.361844672
Cl          -0.000000989          0.902222396          1.431990520

 Structure in entos input format:

  structure(
    xyz = [
      ['C'  ,          0.000001830,         -0.031275856,         -0.004041090],
      ['Cl' ,          0.000006093,          1.012742369,         -1.361844672],
      ['Cl' ,         -0.000000989,          0.902222396,          1.431990520]
    ]
  )

 --------------------------------
  Geometry optimization finished 
 --------------------------------
 Saving results in set 'opt'

 --------------------------------------------------------------------------------
                                 command: hessian                                
 --------------------------------------------------------------------------------

WARNING: numerical method is specified for dft hessian, which is not efficient. Try switching to 'method = analytic'


 -------------------------------
  Numerical Geometrical Hessian 
 -------------------------------

 Compute hessian using two-point central differentiation.
 Step size (bohr):                       0.0100

 Frequencies (including translational and rotational modes):
 mode    frequency (cm-1)
    0                0.59
    1                0.81
    2                1.95
    3                7.86
    4                8.84
    5               24.82
    6              341.41
    7              740.94
    8              776.64

 Project out translational and rotational motions 

 Degrees of freedom for translational and rotational motions: 6

 Vibrational frequencies:
 mode    frequency (cm-1)
    0              341.41
    1              740.94
    2              776.64

 --------------------------------------------------------------------------------

 End time:                               Fri Apr 23 14:47:53 2021
 Total wall-clock time:                 73.244 seconds
==================================================================================
