
================================================================================
          _____________ ________ _______________ ________     _________         
         / ___________// ______ \\_____   _____// ______ \   / ________)        
        / /_________  / /      \ \     | |     / /      \ \ | (_______          
       |  __________|| |        | |    | |    | |        | | \________ \        
        \ \_________ | |        | |    | |     \ \______/ /___________) |       
         \__________||_|        |_|    |_|      \________//____________/        
                                                                                
====================================[ Qcore ]===================================

 Git hash:   15a3e7daff0cda5fa9af010ccd19a80288182ecf
 Git date:   Fri, 16 Apr 2021 15:57:16 +0100
 Compiler:   GNU 9.1.0
 Build type: Release
 Version:    1.1.0

 Start time: Fri Apr 23 14:50:19 2021

 Data directory: /work/zw18965/.local/qcore/share/entos/1.1.0/data
 Number of threads: 24
 Number of threads was determined by: command line argument
  - More threads can be used by running 'qcore -n 32'

 --------------------------------------------------------------------------------
                                command: optimize                                
 --------------------------------------------------------------------------------
 Using coordinate system:                tric
 Hessian update scheme:                  bfgs

 ------------------------------------------------------------------------------------------------------------
                   energy      change    grad rms    grad max    step rms    step max       trust    time (s)
 ------------------------------------------------------------------------------------------------------------
   1      -552.740761487                1.49e-02    3.03e-02                            2.00e-01        2.43
   2      -552.741180814   -4.19e-04    7.42e-04    1.54e-03    1.20e-02    2.55e-02    2.00e-01        2.03
   3      -552.741181990   -1.18e-06    3.29e-05    6.61e-05    6.73e-04    1.37e-03    2.00e-01        2.02
Rejecting step due to low quality: Quality: -4.69821 New trust radius: 2.80263e-05
   4      -552.741181959    3.08e-08    3.29e-05    6.61e-05    5.61e-05    2.32e-04    2.80e-05        2.03
 Geometry optimization stopped:          thresholds achieved

 Final energy:                        -552.741181959

 -----------
  Final XYZ 
 -----------
3
Final structure: -552.741 hartree
Cl           1.409011970         -0.806086484         -0.000000460
C           -0.148522371         -0.330625044         -0.000000305
N           -1.259992784          0.008632954          0.000000734

 Structure in entos input format:

  structure(
    xyz = [
      ['Cl' ,          1.409011970,         -0.806086484,         -0.000000460],
      ['C'  ,         -0.148522371,         -0.330625044,         -0.000000305],
      ['N'  ,         -1.259992784,          0.008632954,          0.000000734]
    ]
  )

 --------------------------------
  Geometry optimization finished 
 --------------------------------
 Saving results in set 'opt'

 --------------------------------------------------------------------------------
                                 command: hessian                                
 --------------------------------------------------------------------------------

WARNING: numerical method is specified for dft hessian, which is not efficient. Try switching to 'method = analytic'


 -------------------------------
  Numerical Geometrical Hessian 
 -------------------------------

 Compute hessian using two-point central differentiation.
 Step size (bohr):                       0.0100

 Frequencies (including translational and rotational modes):
 mode    frequency (cm-1)
    0                4.98 i (imaginary)
    1                3.33 i (imaginary)
    2                0.27 i (imaginary)
    3                3.98
    4                6.77
    5              397.57
    6              397.93
    7              754.59
    8             2234.14

 Project out translational and rotational motions 

 Degrees of freedom for translational and rotational motions: 6

 Vibrational frequencies:
 mode    frequency (cm-1)
    0              397.57
    1              754.59
    2             2234.14

 --------------------------------------------------------------------------------

 End time:                               Fri Apr 23 14:51:11 2021
 Total wall-clock time:                 51.908 seconds
==================================================================================
