
================================================================================
          _____________ ________ _______________ ________     _________         
         / ___________// ______ \\_____   _____// ______ \   / ________)        
        / /_________  / /      \ \     | |     / /      \ \ | (_______          
       |  __________|| |        | |    | |    | |        | | \________ \        
        \ \_________ | |        | |    | |     \ \______/ /___________) |       
         \__________||_|        |_|    |_|      \________//____________/        
                                                                                
====================================[ Qcore ]===================================

 Git hash:   15a3e7daff0cda5fa9af010ccd19a80288182ecf
 Git date:   Fri, 16 Apr 2021 15:57:16 +0100
 Compiler:   GNU 9.1.0
 Build type: Release
 Version:    1.1.0

 Start time: Fri Apr 23 14:53:49 2021

 Data directory: /work/zw18965/.local/qcore/share/entos/1.1.0/data
 Number of threads: 24
 Number of threads was determined by: command line argument
  - More threads can be used by running 'qcore -n 32'

 --------------------------------------------------------------------------------
                                command: optimize                                
 --------------------------------------------------------------------------------
 Using coordinate system:                tric
 Hessian update scheme:                  bfgs

 ------------------------------------------------------------------------------------------------------------
                   energy      change    grad rms    grad max    step rms    step max       trust    time (s)
 ------------------------------------------------------------------------------------------------------------
   1      -114.420466574                8.73e-03    2.46e-02                            2.00e-01        2.39
   2      -114.420773486   -3.07e-04    3.18e-03    9.35e-03    1.13e-02    2.30e-02    2.00e-01        2.04
   3      -114.420848098   -7.46e-05    2.00e-04    5.17e-04    1.08e-02    2.16e-02    2.00e-01        2.02
   4      -114.420848867   -7.69e-07    6.57e-05    1.89e-04    1.22e-03    2.09e-03    2.00e-01        2.05
   5      -114.420848872   -4.24e-09    8.45e-06    1.86e-05    1.98e-04    5.07e-04    9.90e-05        2.04
 Geometry optimization stopped:          thresholds achieved

 Final energy:                        -114.420848872

 -----------
  Final XYZ 
 -----------
4
Final structure: -114.421 hartree
C           -0.009886146          0.001421021          0.001706542
O            1.180819451         -0.157152018         -0.074371638
H           -0.480923177          0.978745607         -0.182911686
H           -0.692428775         -0.822318077          0.260006515

 Structure in entos input format:

  structure(
    xyz = [
      ['C'  ,         -0.009886146,          0.001421021,          0.001706542],
      ['O'  ,          1.180819451,         -0.157152018,         -0.074371638],
      ['H'  ,         -0.480923177,          0.978745607,         -0.182911686],
      ['H'  ,         -0.692428775,         -0.822318077,          0.260006515]
    ]
  )

 --------------------------------
  Geometry optimization finished 
 --------------------------------
 Saving results in set 'opt'

 --------------------------------------------------------------------------------
                                 command: hessian                                
 --------------------------------------------------------------------------------

WARNING: numerical method is specified for dft hessian, which is not efficient. Try switching to 'method = analytic'


 -------------------------------
  Numerical Geometrical Hessian 
 -------------------------------

 Compute hessian using two-point central differentiation.
 Step size (bohr):                       0.0100

 Frequencies (including translational and rotational modes):
 mode    frequency (cm-1)
    0                9.27 i (imaginary)
    1                3.58 i (imaginary)
    2                0.55
    3                1.17
    4                2.10
    5                7.48
    6             1217.97
    7             1284.78
    8             1557.42
    9             1803.13
   10             2955.31
   11             3021.42

 Project out translational and rotational motions 

 Degrees of freedom for translational and rotational motions: 6

 Vibrational frequencies:
 mode    frequency (cm-1)
    0             1217.97
    1             1284.78
    2             1557.42
    3             1803.13
    4             2955.31
    5             3021.42

 --------------------------------------------------------------------------------

 End time:                               Fri Apr 23 14:54:59 2021
 Total wall-clock time:                 69.873 seconds
==================================================================================
