
================================================================================
          _____________ ________ _______________ ________     _________         
         / ___________// ______ \\_____   _____// ______ \   / ________)        
        / /_________  / /      \ \     | |     / /      \ \ | (_______          
       |  __________|| |        | |    | |    | |        | | \________ \        
        \ \_________ | |        | |    | |     \ \______/ /___________) |       
         \__________||_|        |_|    |_|      \________//____________/        
                                                                                
====================================[ Qcore ]===================================

 Git hash:   15a3e7daff0cda5fa9af010ccd19a80288182ecf
 Git date:   Fri, 16 Apr 2021 15:57:16 +0100
 Compiler:   GNU 9.1.0
 Build type: Release
 Version:    1.1.0

 Start time: Fri Apr 23 14:56:29 2021

 Data directory: /work/zw18965/.local/qcore/share/entos/1.1.0/data
 Number of threads: 24
 Number of threads was determined by: command line argument
  - More threads can be used by running 'qcore -n 32'

 --------------------------------------------------------------------------------
                                command: optimize                                
 --------------------------------------------------------------------------------
 Using coordinate system:                tric
 Hessian update scheme:                  bfgs

 ------------------------------------------------------------------------------------------------------------
                   energy      change    grad rms    grad max    step rms    step max       trust    time (s)
 ------------------------------------------------------------------------------------------------------------
   1       -76.382208288                2.87e-03    4.67e-03                            2.00e-01        1.01
   2       -76.382361037   -1.53e-04    1.85e-03    3.14e-03    1.39e-02    2.26e-02    2.00e-01        0.82
   3       -76.382425747   -6.47e-05    6.38e-04    9.85e-04    1.53e-02    2.73e-02    2.00e-01        0.82
   4       -76.382427524   -1.78e-06    1.90e-04    2.82e-04    9.03e-04    1.53e-03    2.00e-01        0.82
   5       -76.382427699   -1.75e-07    1.34e-06    2.93e-06    3.61e-04    5.69e-04    2.00e-01        0.80
 Geometry optimization stopped:          thresholds achieved

 Final energy:                         -76.382427699

 -----------
  Final XYZ 
 -----------
3
Final structure: -76.3824 hartree
O            0.004151328          0.002988516         -0.002276127
H            0.276773752          0.885311333          0.250325292
H            0.603227765         -0.233727357         -0.710579628

 Structure in entos input format:

  structure(
    xyz = [
      ['O'  ,          0.004151328,          0.002988516,         -0.002276127],
      ['H'  ,          0.276773752,          0.885311333,          0.250325292],
      ['H'  ,          0.603227765,         -0.233727357,         -0.710579628]
    ]
  )

 --------------------------------
  Geometry optimization finished 
 --------------------------------
 Saving results in set 'opt'

 --------------------------------------------------------------------------------
                                 command: hessian                                
 --------------------------------------------------------------------------------

WARNING: numerical method is specified for dft hessian, which is not efficient. Try switching to 'method = analytic'


 -------------------------------
  Numerical Geometrical Hessian 
 -------------------------------

 Compute hessian using two-point central differentiation.
 Step size (bohr):                       0.0100

 Frequencies (including translational and rotational modes):
 mode    frequency (cm-1)
    0               38.75 i (imaginary)
    1               26.76 i (imaginary)
    2               16.36 i (imaginary)
    3                1.54 i (imaginary)
    4                1.32
    5                2.41
    6             1660.60
    7             3863.89
    8             3974.68

 Project out translational and rotational motions 

 Degrees of freedom for translational and rotational motions: 6

 Vibrational frequencies:
 mode    frequency (cm-1)
    0             1660.60
    1             3863.89
    2             3974.68

 --------------------------------------------------------------------------------

 End time:                               Fri Apr 23 14:56:50 2021
 Total wall-clock time:                 20.921 seconds
==================================================================================
