
================================================================================
          _____________ ________ _______________ ________     _________         
         / ___________// ______ \\_____   _____// ______ \   / ________)        
        / /_________  / /      \ \     | |     / /      \ \ | (_______          
       |  __________|| |        | |    | |    | |        | | \________ \        
        \ \_________ | |        | |    | |     \ \______/ /___________) |       
         \__________||_|        |_|    |_|      \________//____________/        
                                                                                
====================================[ Qcore ]===================================

 Git hash:   15a3e7daff0cda5fa9af010ccd19a80288182ecf
 Git date:   Fri, 16 Apr 2021 15:57:16 +0100
 Compiler:   GNU 9.1.0
 Build type: Release
 Version:    1.1.0

 Start time: Fri Apr 23 14:59:29 2021

 Data directory: /work/zw18965/.local/qcore/share/entos/1.1.0/data
 Number of threads: 24
 Number of threads was determined by: command line argument
  - More threads can be used by running 'qcore -n 32'

 --------------------------------------------------------------------------------
                                command: optimize                                
 --------------------------------------------------------------------------------
 Using coordinate system:                tric
 Hessian update scheme:                  bfgs

 ------------------------------------------------------------------------------------------------------------
                   energy      change    grad rms    grad max    step rms    step max       trust    time (s)
 ------------------------------------------------------------------------------------------------------------
   1       -56.512163745                2.26e-03    6.02e-03                            2.00e-01        1.69
   2       -56.512360759   -1.97e-04    1.65e-03    4.94e-03    1.70e-02    1.75e-02    2.00e-01        1.45
   3       -56.512456857   -9.61e-05    6.90e-04    1.42e-03    1.91e-02    2.20e-02    2.00e-01        1.42
   4       -56.512461224   -4.37e-06    2.12e-04    3.59e-04    1.79e-03    2.10e-03    2.00e-01        1.43
   5       -56.512461672   -4.47e-07    5.09e-06    8.71e-06    6.10e-04    8.06e-04    2.00e-01        1.43
 Geometry optimization stopped:          thresholds achieved

 Final energy:                         -56.512461672

 -----------
  Final XYZ 
 -----------
4
Final structure: -56.5125 hartree
N           -0.002938499         -0.000612754          0.289185828
H           -0.516120897         -0.777509232         -0.102754657
H           -0.414656516          0.836603929         -0.098243668
H            0.932428508         -0.058335892         -0.088045345

 Structure in entos input format:

  structure(
    xyz = [
      ['N'  ,         -0.002938499,         -0.000612754,          0.289185828],
      ['H'  ,         -0.516120897,         -0.777509232,         -0.102754657],
      ['H'  ,         -0.414656516,          0.836603929,         -0.098243668],
      ['H'  ,          0.932428508,         -0.058335892,         -0.088045345]
    ]
  )

 --------------------------------
  Geometry optimization finished 
 --------------------------------
 Saving results in set 'opt'

 --------------------------------------------------------------------------------
                                 command: hessian                                
 --------------------------------------------------------------------------------

WARNING: numerical method is specified for dft hessian, which is not efficient. Try switching to 'method = analytic'


 -------------------------------
  Numerical Geometrical Hessian 
 -------------------------------

 Compute hessian using two-point central differentiation.
 Step size (bohr):                       0.0100

 Frequencies (including translational and rotational modes):
 mode    frequency (cm-1)
    0               36.39 i (imaginary)
    1               25.74 i (imaginary)
    2                7.94 i (imaginary)
    3                5.61 i (imaginary)
    4                3.55
    5               14.81
    6             1086.54
    7             1696.90
    8             1697.05
    9             3515.01
   10             3644.93
   11             3645.08

 Project out translational and rotational motions 

 Degrees of freedom for translational and rotational motions: 6

 Vibrational frequencies:
 mode    frequency (cm-1)
    0             1086.54
    1             1696.90
    2             1697.05
    3             3515.01
    4             3644.93
    5             3645.08

 --------------------------------------------------------------------------------

 End time:                               Fri Apr 23 15:00:16 2021
 Total wall-clock time:                 47.610 seconds
==================================================================================
