
================================================================================
          _____________ ________ _______________ ________     _________         
         / ___________// ______ \\_____   _____// ______ \   / ________)        
        / /_________  / /      \ \     | |     / /      \ \ | (_______          
       |  __________|| |        | |    | |    | |        | | \________ \        
        \ \_________ | |        | |    | |     \ \______/ /___________) |       
         \__________||_|        |_|    |_|      \________//____________/        
                                                                                
====================================[ Qcore ]===================================

 Git hash:   15a3e7daff0cda5fa9af010ccd19a80288182ecf
 Git date:   Fri, 16 Apr 2021 15:57:16 +0100
 Compiler:   GNU 9.1.0
 Build type: Release
 Version:    1.1.0

 Start time: Fri Apr 23 15:00:16 2021

 Data directory: /work/zw18965/.local/qcore/share/entos/1.1.0/data
 Number of threads: 24
 Number of threads was determined by: command line argument
  - More threads can be used by running 'qcore -n 32'

 --------------------------------------------------------------------------------
                                command: optimize                                
 --------------------------------------------------------------------------------
 Using coordinate system:                tric
 Hessian update scheme:                  bfgs

 ------------------------------------------------------------------------------------------------------------
                   energy      change    grad rms    grad max    step rms    step max       trust    time (s)
 ------------------------------------------------------------------------------------------------------------
   1      -184.549070877                3.10e-02    7.56e-02                            2.00e-01        1.81
   2      -184.552108492   -3.04e-03    3.16e-03    7.66e-03    3.72e-02    5.48e-02    2.00e-01        1.58
   3      -184.552149954   -4.15e-05    6.39e-04    1.39e-03    4.55e-03    7.02e-03    2.00e-01        1.53
   4      -184.552151077   -1.12e-06    1.27e-04    3.13e-04    7.38e-04    1.48e-03    2.00e-01        1.54
   5      -184.552151098   -2.08e-08    2.35e-05    5.27e-05    6.82e-05    1.56e-04    2.00e-01        1.55
 Geometry optimization stopped:          thresholds achieved

 Final energy:                        -184.552151098

 -----------
  Final XYZ 
 -----------
3
Final structure: -184.552 hartree
N            0.000000035         -0.000000866         -1.130875399
N            0.000000360         -0.000000153          0.004034540
O            0.000000318          0.000000372          1.185741678

 Structure in entos input format:

  structure(
    xyz = [
      ['N'  ,          0.000000035,         -0.000000866,         -1.130875399],
      ['N'  ,          0.000000360,         -0.000000153,          0.004034540],
      ['O'  ,          0.000000318,          0.000000372,          1.185741678]
    ]
  )

 --------------------------------
  Geometry optimization finished 
 --------------------------------
 Saving results in set 'opt'

 --------------------------------------------------------------------------------
                                 command: hessian                                
 --------------------------------------------------------------------------------

WARNING: numerical method is specified for dft hessian, which is not efficient. Try switching to 'method = analytic'


 -------------------------------
  Numerical Geometrical Hessian 
 -------------------------------

 Compute hessian using two-point central differentiation.
 Step size (bohr):                       0.0100

 Frequencies (including translational and rotational modes):
 mode    frequency (cm-1)
    0                4.82 i (imaginary)
    1                2.33 i (imaginary)
    2                1.93 i (imaginary)
    3                8.12
    4                8.56
    5              609.21
    6              609.22
    7             1320.59
    8             2279.47

 Project out translational and rotational motions 

 Degrees of freedom for translational and rotational motions: 6

 Vibrational frequencies:
 mode    frequency (cm-1)
    0              609.22
    1             1320.59
    2             2279.47

 --------------------------------------------------------------------------------

 End time:                               Fri Apr 23 15:00:59 2021
 Total wall-clock time:                 42.172 seconds
==================================================================================
