
================================================================================
          _____________ ________ _______________ ________     _________         
         / ___________// ______ \\_____   _____// ______ \   / ________)        
        / /_________  / /      \ \     | |     / /      \ \ | (_______          
       |  __________|| |        | |    | |    | |        | | \________ \        
        \ \_________ | |        | |    | |     \ \______/ /___________) |       
         \__________||_|        |_|    |_|      \________//____________/        
                                                                                
====================================[ Qcore ]===================================

 Git hash:   15a3e7daff0cda5fa9af010ccd19a80288182ecf
 Git date:   Fri, 16 Apr 2021 15:57:16 +0100
 Compiler:   GNU 9.1.0
 Build type: Release
 Version:    1.1.0

 Start time: Fri Apr 23 15:08:32 2021

 Data directory: /work/zw18965/.local/qcore/share/entos/1.1.0/data
 Number of threads: 24
 Number of threads was determined by: command line argument
  - More threads can be used by running 'qcore -n 32'

 --------------------------------------------------------------------------------
                                command: optimize                                
 --------------------------------------------------------------------------------
 Using coordinate system:                tric
 Hessian update scheme:                  bfgs

 ------------------------------------------------------------------------------------------------------------
                   energy      change    grad rms    grad max    step rms    step max       trust    time (s)
 ------------------------------------------------------------------------------------------------------------
   1      -473.122179634                8.86e-04    1.53e-03                            2.00e-01        1.38
   2      -473.122180791   -1.16e-06    5.14e-04    8.91e-04    5.98e-04    1.20e-03    2.00e-01        1.05
   3      -473.122180948   -1.57e-07    1.91e-06    3.76e-06    8.28e-04    1.66e-03    4.14e-04        0.99
   4      -473.122180943    4.44e-09    2.78e-07    5.39e-07    3.05e-06    1.29e-05    1.52e-06        0.96
 Geometry optimization stopped:          thresholds achieved

 Final energy:                        -473.122180943

 -----------
  Final XYZ 
 -----------
2
Final structure: -473.122 hartree
S            0.000000212         -0.000000399         -0.000754674
O           -0.000000240          0.000000311          1.486972476

 Structure in entos input format:

  structure(
    xyz = [
      ['S'  ,          0.000000212,         -0.000000399,         -0.000754674],
      ['O'  ,         -0.000000240,          0.000000311,          1.486972476]
    ]
  )

 --------------------------------
  Geometry optimization finished 
 --------------------------------
 Saving results in set 'opt'

 --------------------------------------------------------------------------------
                                 command: hessian                                
 --------------------------------------------------------------------------------

WARNING: numerical method is specified for dft hessian, which is not efficient. Try switching to 'method = analytic'


 -------------------------------
  Numerical Geometrical Hessian 
 -------------------------------

 Compute hessian using two-point central differentiation.
 Step size (bohr):                       0.0100

 Frequencies (including translational and rotational modes):
 mode    frequency (cm-1)
    0               20.02 i (imaginary)
    1               20.01 i (imaginary)
    2                0.65 i (imaginary)
    3                0.48 i (imaginary)
    4                1.50
    5             1151.08

 Project out translational and rotational motions 

 The molecule is linear

 Degrees of freedom for translational and rotational motions: 5

 Vibrational frequencies:
 mode    frequency (cm-1)
    0             1151.08

 --------------------------------------------------------------------------------

 End time:                               Fri Apr 23 15:08:51 2021
 Total wall-clock time:                 19.436 seconds
==================================================================================
