
================================================================================
          _____________ ________ _______________ ________     _________         
         / ___________// ______ \\_____   _____// ______ \   / ________)        
        / /_________  / /      \ \     | |     / /      \ \ | (_______          
       |  __________|| |        | |    | |    | |        | | \________ \        
        \ \_________ | |        | |    | |     \ \______/ /___________) |       
         \__________||_|        |_|    |_|      \________//____________/        
                                                                                
====================================[ Qcore ]===================================

 Git hash:   bfa4c3a672cc1ff01df8911b87991f8932a2a687
 Git date:   Fri, 12 Feb 2021 10:05:04 +0000
 Compiler:   GNU 9.1.0
 Build type: Release
 Version:    0.8.19

 Start time: Tue Apr 20 10:46:16 2021

 Data directory: /home/zw18965/.local/qcore/share/entos/0.8.19/data
 Number of threads: 24
 Number of threads was determined by: command line argument
  - More threads can be used by running 'qcore -n 32'

 --------------------------------------------------------------------------------
                                command: optimize                                
 --------------------------------------------------------------------------------
 Using coordinate system:                tric
 Hessian update scheme:                  bfgs

 ------------------------------------------------------------------------------------------------------------
                   energy      change    grad rms    grad max    step rms    step max       trust    time (s)
 ------------------------------------------------------------------------------------------------------------
   1       -78.069638580                3.11e-03    5.01e-03                            2.00e-01        4.76
   2       -78.069951963   -3.13e-04    1.24e-03    2.92e-03    1.94e-02    1.27e-02    2.00e-01        4.54
   3       -78.069973964   -2.20e-05    3.25e-04    9.31e-04    5.92e-03    5.98e-03    2.00e-01        4.55
   4       -78.069975070   -1.11e-06    7.87e-05    1.92e-04    1.03e-03    1.56e-03    2.00e-01        4.47
   5       -78.069975193   -1.23e-07    7.39e-06    1.67e-05    4.33e-04    5.86e-04    2.00e-01        4.51
 Geometry optimization stopped:          thresholds achieved

 Final energy:                         -78.069975193

 -----------
  Final XYZ 
 -----------
6
Final structure: -78.07 hartree
C           -0.654982179         -0.051830295         -0.000252195
C            0.654912748          0.051826042          0.000285447
H           -1.224092240          0.002766841         -0.909158478
H           -1.209159640         -0.195345567          0.908190727
H            1.209091456          0.195341014         -0.908156735
H            1.224021660         -0.002773596          0.909192339

 Structure in entos input format:

  structure(
    xyz = [
      ['C'  ,         -0.654982179,         -0.051830295,         -0.000252195],
      ['C'  ,          0.654912748,          0.051826042,          0.000285447],
      ['H'  ,         -1.224092240,          0.002766841,         -0.909158478],
      ['H'  ,         -1.209159640,         -0.195345567,          0.908190727],
      ['H'  ,          1.209091456,          0.195341014,         -0.908156735],
      ['H'  ,          1.224021660,         -0.002773596,          0.909192339]
    ]
  )

 --------------------------------
  Geometry optimization finished 
 --------------------------------
 Saving results in set 'opt'

 --------------------------------------------------------------------------------
                                 command: hessian                                
 --------------------------------------------------------------------------------

WARNING: numerical method is specified for dft hessian, which is not efficient. Try switching to 'method = analytic'


 -------------------------------
  Numerical Geometrical Hessian 
 -------------------------------

 Compute hessian using two-point central differentiation.
 Step size (bohr):                       0.0100

 Frequencies (including translational and rotational modes):
 mode    frequency (cm-1)
    0               11.79 i (imaginary)
    1                0.76 i (imaginary)
    2                0.60 i (imaginary)
    3                0.55
    4                4.45
    5                5.93
    6              891.17
    7             1085.33
    8             1106.78
    9             1139.82
   10             1344.70
   11             1474.01
   12             1590.95
   13             1814.84
   14             3270.11
   15             3290.26
   16             3342.57
   17             3370.94

 Project out translational and rotational motions 

 Degrees of freedom for translational and rotational motions: 6

 Vibrational frequencies:
 mode    frequency (cm-1)
    0              891.17
    1             1085.33
    2             1106.78
    3             1139.82
    4             1344.70
    5             1474.01
    6             1590.95
    7             1814.84
    8             3270.11
    9             3290.26
   10             3342.57
   11             3370.94

 --------------------------------------------------------------------------------

 End time:                               Tue Apr 20 10:49:37 2021
 Total wall-clock time:                200.925 seconds
==================================================================================
