
================================================================================
          _____________ ________ _______________ ________     _________         
         / ___________// ______ \\_____   _____// ______ \   / ________)        
        / /_________  / /      \ \     | |     / /      \ \ | (_______          
       |  __________|| |        | |    | |    | |        | | \________ \        
        \ \_________ | |        | |    | |     \ \______/ /___________) |       
         \__________||_|        |_|    |_|      \________//____________/        
                                                                                
====================================[ Qcore ]===================================

 Git hash:   bfa4c3a672cc1ff01df8911b87991f8932a2a687
 Git date:   Fri, 12 Feb 2021 10:05:04 +0000
 Compiler:   GNU 9.1.0
 Build type: Release
 Version:    0.8.19

 Start time: Tue Apr 20 11:01:21 2021

 Data directory: /home/zw18965/.local/qcore/share/entos/0.8.19/data
 Number of threads: 24
 Number of threads was determined by: command line argument
  - More threads can be used by running 'qcore -n 32'

 --------------------------------------------------------------------------------
                                command: optimize                                
 --------------------------------------------------------------------------------
 Using coordinate system:                tric
 Hessian update scheme:                  bfgs

 ------------------------------------------------------------------------------------------------------------
                   energy      change    grad rms    grad max    step rms    step max       trust    time (s)
 ------------------------------------------------------------------------------------------------------------
   1      -183.768554650                3.32e-02    7.43e-02                            2.00e-01        1.81
   2      -183.770027923   -1.47e-03    4.55e-03    9.84e-03    2.11e-02    4.81e-02    2.00e-01        1.62
   3      -183.770096199   -6.83e-05    1.45e-03    3.19e-03    5.01e-03    7.02e-03    2.00e-01        1.60
   4      -183.770101748   -5.55e-06    2.08e-04    5.10e-04    1.55e-03    3.43e-03    2.00e-01        1.57
   5      -183.770101817   -6.93e-08    6.55e-06    1.45e-05    1.47e-04    3.60e-04    2.00e-01        1.58
 Geometry optimization stopped:          thresholds achieved

 Final energy:                        -183.770101817

 -----------
  Final XYZ 
 -----------
3
Final structure: -183.77 hartree
N            0.000000319         -0.000000007         -1.090240505
N           -0.000000018          0.000000043         -0.009422812
O           -0.000000345          0.000000029          1.158667092

 Structure in entos input format:

  structure(
    xyz = [
      ['N'  ,          0.000000319,         -0.000000007,         -1.090240505],
      ['N'  ,         -0.000000018,          0.000000043,         -0.009422812],
      ['O'  ,         -0.000000345,          0.000000029,          1.158667092]
    ]
  )

 --------------------------------
  Geometry optimization finished 
 --------------------------------
 Saving results in set 'opt'

 --------------------------------------------------------------------------------
                                 command: hessian                                
 --------------------------------------------------------------------------------

WARNING: numerical method is specified for dft hessian, which is not efficient. Try switching to 'method = analytic'


 -------------------------------
  Numerical Geometrical Hessian 
 -------------------------------

 Compute hessian using two-point central differentiation.
 Step size (bohr):                       0.0100

 Frequencies (including translational and rotational modes):
 mode    frequency (cm-1)
    0                0.76 i (imaginary)
    1                0.61 i (imaginary)
    2                0.49
    3                6.76
    4                6.79
    5              714.30
    6              714.30
    7             1385.45
    8             2601.61

 Project out translational and rotational motions 

 Degrees of freedom for translational and rotational motions: 6

 Vibrational frequencies:
 mode    frequency (cm-1)
    0              714.30
    1             1385.45
    2             2601.61

 --------------------------------------------------------------------------------

 End time:                               Tue Apr 20 11:02:02 2021
 Total wall-clock time:                 41.042 seconds
==================================================================================
