
================================================================================
          _____________ ________ _______________ ________     _________         
         / ___________// ______ \\_____   _____// ______ \   / ________)        
        / /_________  / /      \ \     | |     / /      \ \ | (_______          
       |  __________|| |        | |    | |    | |        | | \________ \        
        \ \_________ | |        | |    | |     \ \______/ /___________) |       
         \__________||_|        |_|    |_|      \________//____________/        
                                                                                
====================================[ Qcore ]===================================

 Git hash:   bfa4c3a672cc1ff01df8911b87991f8932a2a687
 Git date:   Fri, 12 Feb 2021 10:05:04 +0000
 Compiler:   GNU 9.1.0
 Build type: Release
 Version:    0.8.19

 Start time: Fri Apr 23 12:09:21 2021

 Data directory: /home/zw18965/.local/qcore/share/entos/0.8.19/data
 Number of threads: 24
 Number of threads was determined by: command line argument
  - More threads can be used by running 'qcore -n 32'

 --------------------------------------------------------------------------------
                                command: optimize                                
 --------------------------------------------------------------------------------
 Using coordinate system:                tric
 Hessian update scheme:                  bfgs

 ------------------------------------------------------------------------------------------------------------
                   energy      change    grad rms    grad max    step rms    step max       trust    time (s)
 ------------------------------------------------------------------------------------------------------------
 Fraction of exact exchange:             0.710000000
 Fraction of exact exchange:             0.710000000
 Fraction of exact exchange:             0.710000000
 Fraction of exact exchange:             0.710000000
 Fraction of exact exchange:             0.710000000
 Fraction of exact exchange:             0.710000000
 Fraction of exact exchange:             0.710000000
 Fraction of exact exchange:             0.710000000
 Fraction of exact exchange:             0.710000000
 Fraction of exact exchange:             0.710000000
 Fraction of exact exchange:             0.710000000
 Fraction of exact exchange:             0.710000000
 Fraction of exact exchange:             0.710000000
 Fraction of exact exchange:             0.710000000
 Fraction of exact exchange:             0.710000000
   1      -460.600953591                3.30e-03    5.71e-03                            2.00e-01        0.84
 Fraction of exact exchange:             0.710000000
 Fraction of exact exchange:             0.710000000
 Fraction of exact exchange:             0.710000000
 Fraction of exact exchange:             0.710000000
 Fraction of exact exchange:             0.710000000
 Fraction of exact exchange:             0.710000000
 Fraction of exact exchange:             0.710000000
 Fraction of exact exchange:             0.710000000
 Fraction of exact exchange:             0.710000000
 Fraction of exact exchange:             0.710000000
 Fraction of exact exchange:             0.710000000
 Fraction of exact exchange:             0.710000000
 Fraction of exact exchange:             0.710000000
   2      -460.600991499   -3.79e-05    1.42e-03    2.45e-03    4.65e-03    9.29e-03    2.00e-01        0.59
 Fraction of exact exchange:             0.710000000
 Fraction of exact exchange:             0.710000000
 Fraction of exact exchange:             0.710000000
 Fraction of exact exchange:             0.710000000
 Fraction of exact exchange:             0.710000000
 Fraction of exact exchange:             0.710000000
 Fraction of exact exchange:             0.710000000
 Fraction of exact exchange:             0.710000000
 Fraction of exact exchange:             0.710000000
 Fraction of exact exchange:             0.710000000
 Fraction of exact exchange:             0.710000000
 Fraction of exact exchange:             0.710000000
 Fraction of exact exchange:             0.710000000
   3      -460.601000261   -8.76e-06    3.31e-05    5.73e-05    3.50e-03    7.00e-03    2.00e-01        0.61
 Fraction of exact exchange:             0.710000000
 Fraction of exact exchange:             0.710000000
 Fraction of exact exchange:             0.710000000
 Fraction of exact exchange:             0.710000000
 Fraction of exact exchange:             0.710000000
 Fraction of exact exchange:             0.710000000
 Fraction of exact exchange:             0.710000000
 Fraction of exact exchange:             0.710000000
 Fraction of exact exchange:             0.710000000
 Fraction of exact exchange:             0.710000000
 Fraction of exact exchange:             0.710000000
 Fraction of exact exchange:             0.710000000
 Fraction of exact exchange:             0.710000000
   4      -460.601000262   -1.06e-09    3.37e-07    5.93e-07    8.36e-05    1.67e-04    4.18e-05        0.59
 Geometry optimization stopped:          thresholds achieved

 Final energy:                        -460.601000262

 -----------
  Final XYZ 
 -----------
2
Final structure: -460.601 hartree
Cl           0.636913701          0.000000209         -0.000000094
H           -0.636913700         -0.000000214          0.000000089

 Structure in entos input format:

  structure(
    xyz = [
      ['Cl' ,          0.636913701,          0.000000209,         -0.000000094],
      ['H'  ,         -0.636913700,         -0.000000214,          0.000000089]
    ]
  )

 --------------------------------
  Geometry optimization finished 
 --------------------------------
 Saving results in set 'opt'

 --------------------------------------------------------------------------------
                                 command: hessian                                
 --------------------------------------------------------------------------------

WARNING: numerical method is specified for dft hessian, which is not efficient. Try switching to 'method = analytic'

 Fraction of exact exchange:             0.710000000
 Fraction of exact exchange:             0.710000000
 Fraction of exact exchange:             0.710000000
 Fraction of exact exchange:             0.710000000
 Fraction of exact exchange:             0.710000000
 Fraction of exact exchange:             0.710000000
 Fraction of exact exchange:             0.710000000
 Fraction of exact exchange:             0.710000000
 Fraction of exact exchange:             0.710000000
 Fraction of exact exchange:             0.710000000
 Fraction of exact exchange:             0.710000000
 Fraction of exact exchange:             0.710000000
 Fraction of exact exchange:             0.710000000
 Fraction of exact exchange:             0.710000000
 Fraction of exact exchange:             0.710000000

 -------------------------------
  Numerical Geometrical Hessian 
 -------------------------------

 Compute hessian using two-point central differentiation.
 Step size (bohr):                       0.0100
 Fraction of exact exchange:             0.710000000
 Fraction of exact exchange:             0.710000000
 Fraction of exact exchange:             0.710000000
 Fraction of exact exchange:             0.710000000
 Fraction of exact exchange:             0.710000000
 Fraction of exact exchange:             0.710000000
 Fraction of exact exchange:             0.710000000
 Fraction of exact exchange:             0.710000000
 Fraction of exact exchange:             0.710000000
 Fraction of exact exchange:             0.710000000
 Fraction of exact exchange:             0.710000000
 Fraction of exact exchange:             0.710000000
 Fraction of exact exchange:             0.710000000
 Fraction of exact exchange:             0.710000000
 Fraction of exact exchange:             0.710000000
 Fraction of exact exchange:             0.710000000
 Fraction of exact exchange:             0.710000000
 Fraction of exact exchange:             0.710000000
 Fraction of exact exchange:             0.710000000
 Fraction of exact exchange:             0.710000000
 Fraction of exact exchange:             0.710000000
 Fraction of exact exchange:             0.710000000
 Fraction of exact exchange:             0.710000000
 Fraction of exact exchange:             0.710000000
 Fraction of exact exchange:             0.710000000
 Fraction of exact exchange:             0.710000000
 Fraction of exact exchange:             0.710000000
 Fraction of exact exchange:             0.710000000
 Fraction of exact exchange:             0.710000000
 Fraction of exact exchange:             0.710000000
 Fraction of exact exchange:             0.710000000
 Fraction of exact exchange:             0.710000000
 Fraction of exact exchange:             0.710000000
 Fraction of exact exchange:             0.710000000
 Fraction of exact exchange:             0.710000000
 Fraction of exact exchange:             0.710000000
 Fraction of exact exchange:             0.710000000
 Fraction of exact exchange:             0.710000000
 Fraction of exact exchange:             0.710000000
 Fraction of exact exchange:             0.710000000
 Fraction of exact exchange:             0.710000000
 Fraction of exact exchange:             0.710000000
 Fraction of exact exchange:             0.710000000
 Fraction of exact exchange:             0.710000000
 Fraction of exact exchange:             0.710000000
 Fraction of exact exchange:             0.710000000
 Fraction of exact exchange:             0.710000000
 Fraction of exact exchange:             0.710000000
 Fraction of exact exchange:             0.710000000
 Fraction of exact exchange:             0.710000000
 Fraction of exact exchange:             0.710000000
 Fraction of exact exchange:             0.710000000
 Fraction of exact exchange:             0.710000000
 Fraction of exact exchange:             0.710000000
 Fraction of exact exchange:             0.710000000
 Fraction of exact exchange:             0.710000000
 Fraction of exact exchange:             0.710000000
 Fraction of exact exchange:             0.710000000
 Fraction of exact exchange:             0.710000000
 Fraction of exact exchange:             0.710000000
 Fraction of exact exchange:             0.710000000
 Fraction of exact exchange:             0.710000000
 Fraction of exact exchange:             0.710000000
 Fraction of exact exchange:             0.710000000
 Fraction of exact exchange:             0.710000000
 Fraction of exact exchange:             0.710000000
 Fraction of exact exchange:             0.710000000
 Fraction of exact exchange:             0.710000000
 Fraction of exact exchange:             0.710000000
 Fraction of exact exchange:             0.710000000
 Fraction of exact exchange:             0.710000000
 Fraction of exact exchange:             0.710000000
 Fraction of exact exchange:             0.710000000
 Fraction of exact exchange:             0.710000000
 Fraction of exact exchange:             0.710000000
 Fraction of exact exchange:             0.710000000
 Fraction of exact exchange:             0.710000000
 Fraction of exact exchange:             0.710000000
 Fraction of exact exchange:             0.710000000
 Fraction of exact exchange:             0.710000000
 Fraction of exact exchange:             0.710000000
 Fraction of exact exchange:             0.710000000
 Fraction of exact exchange:             0.710000000
 Fraction of exact exchange:             0.710000000
 Fraction of exact exchange:             0.710000000
 Fraction of exact exchange:             0.710000000
 Fraction of exact exchange:             0.710000000
 Fraction of exact exchange:             0.710000000
 Fraction of exact exchange:             0.710000000
 Fraction of exact exchange:             0.710000000
 Fraction of exact exchange:             0.710000000
 Fraction of exact exchange:             0.710000000
 Fraction of exact exchange:             0.710000000
 Fraction of exact exchange:             0.710000000
 Fraction of exact exchange:             0.710000000
 Fraction of exact exchange:             0.710000000
 Fraction of exact exchange:             0.710000000
 Fraction of exact exchange:             0.710000000
 Fraction of exact exchange:             0.710000000
 Fraction of exact exchange:             0.710000000
 Fraction of exact exchange:             0.710000000
 Fraction of exact exchange:             0.710000000
 Fraction of exact exchange:             0.710000000
 Fraction of exact exchange:             0.710000000
 Fraction of exact exchange:             0.710000000
 Fraction of exact exchange:             0.710000000
 Fraction of exact exchange:             0.710000000
 Fraction of exact exchange:             0.710000000
 Fraction of exact exchange:             0.710000000
 Fraction of exact exchange:             0.710000000
 Fraction of exact exchange:             0.710000000
 Fraction of exact exchange:             0.710000000
 Fraction of exact exchange:             0.710000000
 Fraction of exact exchange:             0.710000000
 Fraction of exact exchange:             0.710000000
 Fraction of exact exchange:             0.710000000
 Fraction of exact exchange:             0.710000000
 Fraction of exact exchange:             0.710000000
 Fraction of exact exchange:             0.710000000
 Fraction of exact exchange:             0.710000000
 Fraction of exact exchange:             0.710000000
 Fraction of exact exchange:             0.710000000
 Fraction of exact exchange:             0.710000000
 Fraction of exact exchange:             0.710000000
 Fraction of exact exchange:             0.710000000
 Fraction of exact exchange:             0.710000000
 Fraction of exact exchange:             0.710000000
 Fraction of exact exchange:             0.710000000
 Fraction of exact exchange:             0.710000000
 Fraction of exact exchange:             0.710000000
 Fraction of exact exchange:             0.710000000
 Fraction of exact exchange:             0.710000000
 Fraction of exact exchange:             0.710000000
 Fraction of exact exchange:             0.710000000
 Fraction of exact exchange:             0.710000000
 Fraction of exact exchange:             0.710000000
 Fraction of exact exchange:             0.710000000
 Fraction of exact exchange:             0.710000000
 Fraction of exact exchange:             0.710000000
 Fraction of exact exchange:             0.710000000
 Fraction of exact exchange:             0.710000000
 Fraction of exact exchange:             0.710000000
 Fraction of exact exchange:             0.710000000
 Fraction of exact exchange:             0.710000000
 Fraction of exact exchange:             0.710000000
 Fraction of exact exchange:             0.710000000
 Fraction of exact exchange:             0.710000000
 Fraction of exact exchange:             0.710000000
 Fraction of exact exchange:             0.710000000
 Fraction of exact exchange:             0.710000000
 Fraction of exact exchange:             0.710000000
 Fraction of exact exchange:             0.710000000
 Fraction of exact exchange:             0.710000000
 Fraction of exact exchange:             0.710000000
 Fraction of exact exchange:             0.710000000
 Fraction of exact exchange:             0.710000000

 Frequencies (including translational and rotational modes):
 mode    frequency (cm-1)
    0                0.42 i (imaginary)
    1                0.04 i (imaginary)
    2                0.63
    3               20.10
    4               20.18
    5             3023.69

 Project out translational and rotational motions 

 The molecule is linear

 Degrees of freedom for translational and rotational motions: 5

 Vibrational frequencies:
 mode    frequency (cm-1)
    0             3023.69

 --------------------------------------------------------------------------------

 End time:                               Fri Apr 23 12:09:32 2021
 Total wall-clock time:                 10.992 seconds
==================================================================================
