
================================================================================
          _____________ ________ _______________ ________     _________         
         / ___________// ______ \\_____   _____// ______ \   / ________)        
        / /_________  / /      \ \     | |     / /      \ \ | (_______          
       |  __________|| |        | |    | |    | |        | | \________ \        
        \ \_________ | |        | |    | |     \ \______/ /___________) |       
         \__________||_|        |_|    |_|      \________//____________/        
                                                                                
====================================[ Qcore ]===================================

 Git hash:   bfa4c3a672cc1ff01df8911b87991f8932a2a687
 Git date:   Fri, 12 Feb 2021 10:05:04 +0000
 Compiler:   GNU 9.1.0
 Build type: Release
 Version:    0.8.19

 Start time: Fri Apr 23 12:09:32 2021

 Data directory: /home/zw18965/.local/qcore/share/entos/0.8.19/data
 Number of threads: 24
 Number of threads was determined by: command line argument
  - More threads can be used by running 'qcore -n 32'

 --------------------------------------------------------------------------------
                                command: optimize                                
 --------------------------------------------------------------------------------
 Using coordinate system:                tric
 Hessian update scheme:                  bfgs

 ------------------------------------------------------------------------------------------------------------
                   energy      change    grad rms    grad max    step rms    step max       trust    time (s)
 ------------------------------------------------------------------------------------------------------------
 Fraction of exact exchange:             0.710000000
 Fraction of exact exchange:             0.710000000
 Fraction of exact exchange:             0.710000000
 Fraction of exact exchange:             0.710000000
 Fraction of exact exchange:             0.710000000
 Fraction of exact exchange:             0.710000000
 Fraction of exact exchange:             0.710000000
 Fraction of exact exchange:             0.710000000
 Fraction of exact exchange:             0.710000000
 Fraction of exact exchange:             0.710000000
 Fraction of exact exchange:             0.710000000
 Fraction of exact exchange:             0.710000000
 Fraction of exact exchange:             0.710000000
 Fraction of exact exchange:             0.710000000
 Fraction of exact exchange:             0.710000000
 Fraction of exact exchange:             0.710000000
 Fraction of exact exchange:             0.710000000
 Fraction of exact exchange:             0.710000000
 Fraction of exact exchange:             0.710000000
 Fraction of exact exchange:             0.710000000
 Fraction of exact exchange:             0.710000000
 Fraction of exact exchange:             0.710000000
   1       -93.356075229                1.24e-02    2.68e-02                            2.00e-01        1.64
 Fraction of exact exchange:             0.710000000
 Fraction of exact exchange:             0.710000000
 Fraction of exact exchange:             0.710000000
 Fraction of exact exchange:             0.710000000
 Fraction of exact exchange:             0.710000000
 Fraction of exact exchange:             0.710000000
 Fraction of exact exchange:             0.710000000
 Fraction of exact exchange:             0.710000000
 Fraction of exact exchange:             0.710000000
 Fraction of exact exchange:             0.710000000
 Fraction of exact exchange:             0.710000000
 Fraction of exact exchange:             0.710000000
 Fraction of exact exchange:             0.710000000
 Fraction of exact exchange:             0.710000000
 Fraction of exact exchange:             0.710000000
 Fraction of exact exchange:             0.710000000
 Fraction of exact exchange:             0.710000000
 Fraction of exact exchange:             0.710000000
 Fraction of exact exchange:             0.710000000
   2       -93.356338498   -2.63e-04    1.35e-04    3.22e-04    9.04e-03    2.05e-02    2.00e-01        1.35
 Fraction of exact exchange:             0.710000000
 Fraction of exact exchange:             0.710000000
 Fraction of exact exchange:             0.710000000
 Fraction of exact exchange:             0.710000000
 Fraction of exact exchange:             0.710000000
 Fraction of exact exchange:             0.710000000
 Fraction of exact exchange:             0.710000000
 Fraction of exact exchange:             0.710000000
 Fraction of exact exchange:             0.710000000
 Fraction of exact exchange:             0.710000000
 Fraction of exact exchange:             0.710000000
 Fraction of exact exchange:             0.710000000
 Fraction of exact exchange:             0.710000000
 Fraction of exact exchange:             0.710000000
 Fraction of exact exchange:             0.710000000
 Fraction of exact exchange:             0.710000000
 Fraction of exact exchange:             0.710000000
 Fraction of exact exchange:             0.710000000
 Fraction of exact exchange:             0.710000000
   3       -93.356338602   -1.04e-07    2.65e-05    6.34e-05    2.73e-04    4.06e-04    2.00e-01        1.28
 Geometry optimization stopped:          thresholds achieved

 Final energy:                         -93.356338602

 -----------
  Final XYZ 
 -----------
3
Final structure: -93.3563 hartree
C           -0.030665592          0.000003744          0.000000194
N            1.124298400         -0.000596680          0.000000156
H           -1.093605437          0.000632342         -0.000000053

 Structure in entos input format:

  structure(
    xyz = [
      ['C'  ,         -0.030665592,          0.000003744,          0.000000194],
      ['N'  ,          1.124298400,         -0.000596680,          0.000000156],
      ['H'  ,         -1.093605437,          0.000632342,         -0.000000053]
    ]
  )

 --------------------------------
  Geometry optimization finished 
 --------------------------------
 Saving results in set 'opt'

 --------------------------------------------------------------------------------
                                 command: hessian                                
 --------------------------------------------------------------------------------

WARNING: numerical method is specified for dft hessian, which is not efficient. Try switching to 'method = analytic'

 Fraction of exact exchange:             0.710000000
 Fraction of exact exchange:             0.710000000
 Fraction of exact exchange:             0.710000000
 Fraction of exact exchange:             0.710000000
 Fraction of exact exchange:             0.710000000
 Fraction of exact exchange:             0.710000000
 Fraction of exact exchange:             0.710000000
 Fraction of exact exchange:             0.710000000
 Fraction of exact exchange:             0.710000000
 Fraction of exact exchange:             0.710000000
 Fraction of exact exchange:             0.710000000
 Fraction of exact exchange:             0.710000000
 Fraction of exact exchange:             0.710000000
 Fraction of exact exchange:             0.710000000
 Fraction of exact exchange:             0.710000000
 Fraction of exact exchange:             0.710000000
 Fraction of exact exchange:             0.710000000
 Fraction of exact exchange:             0.710000000
 Fraction of exact exchange:             0.710000000
 Fraction of exact exchange:             0.710000000
 Fraction of exact exchange:             0.710000000
 Fraction of exact exchange:             0.710000000

 -------------------------------
  Numerical Geometrical Hessian 
 -------------------------------

 Compute hessian using two-point central differentiation.
 Step size (bohr):                       0.0100
 Fraction of exact exchange:             0.710000000
 Fraction of exact exchange:             0.710000000
 Fraction of exact exchange:             0.710000000
 Fraction of exact exchange:             0.710000000
 Fraction of exact exchange:             0.710000000
 Fraction of exact exchange:             0.710000000
 Fraction of exact exchange:             0.710000000
 Fraction of exact exchange:             0.710000000
 Fraction of exact exchange:             0.710000000
 Fraction of exact exchange:             0.710000000
 Fraction of exact exchange:             0.710000000
 Fraction of exact exchange:             0.710000000
 Fraction of exact exchange:             0.710000000
 Fraction of exact exchange:             0.710000000
 Fraction of exact exchange:             0.710000000
 Fraction of exact exchange:             0.710000000
 Fraction of exact exchange:             0.710000000
 Fraction of exact exchange:             0.710000000
 Fraction of exact exchange:             0.710000000
 Fraction of exact exchange:             0.710000000
 Fraction of exact exchange:             0.710000000
 Fraction of exact exchange:             0.710000000
 Fraction of exact exchange:             0.710000000
 Fraction of exact exchange:             0.710000000
 Fraction of exact exchange:             0.710000000
 Fraction of exact exchange:             0.710000000
 Fraction of exact exchange:             0.710000000
 Fraction of exact exchange:             0.710000000
 Fraction of exact exchange:             0.710000000
 Fraction of exact exchange:             0.710000000
 Fraction of exact exchange:             0.710000000
 Fraction of exact exchange:             0.710000000
 Fraction of exact exchange:             0.710000000
 Fraction of exact exchange:             0.710000000
 Fraction of exact exchange:             0.710000000
 Fraction of exact exchange:             0.710000000
 Fraction of exact exchange:             0.710000000
 Fraction of exact exchange:             0.710000000
 Fraction of exact exchange:             0.710000000
 Fraction of exact exchange:             0.710000000
 Fraction of exact exchange:             0.710000000
 Fraction of exact exchange:             0.710000000
 Fraction of exact exchange:             0.710000000
 Fraction of exact exchange:             0.710000000
 Fraction of exact exchange:             0.710000000
 Fraction of exact exchange:             0.710000000
 Fraction of exact exchange:             0.710000000
 Fraction of exact exchange:             0.710000000
 Fraction of exact exchange:             0.710000000
 Fraction of exact exchange:             0.710000000
 Fraction of exact exchange:             0.710000000
 Fraction of exact exchange:             0.710000000
 Fraction of exact exchange:             0.710000000
 Fraction of exact exchange:             0.710000000
 Fraction of exact exchange:             0.710000000
 Fraction of exact exchange:             0.710000000
 Fraction of exact exchange:             0.710000000
 Fraction of exact exchange:             0.710000000
 Fraction of exact exchange:             0.710000000
 Fraction of exact exchange:             0.710000000
 Fraction of exact exchange:             0.710000000
 Fraction of exact exchange:             0.710000000
 Fraction of exact exchange:             0.710000000
 Fraction of exact exchange:             0.710000000
 Fraction of exact exchange:             0.710000000
 Fraction of exact exchange:             0.710000000
 Fraction of exact exchange:             0.710000000
 Fraction of exact exchange:             0.710000000
 Fraction of exact exchange:             0.710000000
 Fraction of exact exchange:             0.710000000
 Fraction of exact exchange:             0.710000000
 Fraction of exact exchange:             0.710000000
 Fraction of exact exchange:             0.710000000
 Fraction of exact exchange:             0.710000000
 Fraction of exact exchange:             0.710000000
 Fraction of exact exchange:             0.710000000
 Fraction of exact exchange:             0.710000000
 Fraction of exact exchange:             0.710000000
 Fraction of exact exchange:             0.710000000
 Fraction of exact exchange:             0.710000000
 Fraction of exact exchange:             0.710000000
 Fraction of exact exchange:             0.710000000
 Fraction of exact exchange:             0.710000000
 Fraction of exact exchange:             0.710000000
 Fraction of exact exchange:             0.710000000
 Fraction of exact exchange:             0.710000000
 Fraction of exact exchange:             0.710000000
 Fraction of exact exchange:             0.710000000
 Fraction of exact exchange:             0.710000000
 Fraction of exact exchange:             0.710000000
 Fraction of exact exchange:             0.710000000
 Fraction of exact exchange:             0.710000000
 Fraction of exact exchange:             0.710000000
 Fraction of exact exchange:             0.710000000
 Fraction of exact exchange:             0.710000000
 Fraction of exact exchange:             0.710000000
 Fraction of exact exchange:             0.710000000
 Fraction of exact exchange:             0.710000000
 Fraction of exact exchange:             0.710000000
 Fraction of exact exchange:             0.710000000
 Fraction of exact exchange:             0.710000000
 Fraction of exact exchange:             0.710000000
 Fraction of exact exchange:             0.710000000
 Fraction of exact exchange:             0.710000000
 Fraction of exact exchange:             0.710000000
 Fraction of exact exchange:             0.710000000
 Fraction of exact exchange:             0.710000000
 Fraction of exact exchange:             0.710000000
 Fraction of exact exchange:             0.710000000
 Fraction of exact exchange:             0.710000000
 Fraction of exact exchange:             0.710000000
 Fraction of exact exchange:             0.710000000
 Fraction of exact exchange:             0.710000000
 Fraction of exact exchange:             0.710000000
 Fraction of exact exchange:             0.710000000
 Fraction of exact exchange:             0.710000000
 Fraction of exact exchange:             0.710000000
 Fraction of exact exchange:             0.710000000
 Fraction of exact exchange:             0.710000000
 Fraction of exact exchange:             0.710000000
 Fraction of exact exchange:             0.710000000
 Fraction of exact exchange:             0.710000000
 Fraction of exact exchange:             0.710000000
 Fraction of exact exchange:             0.710000000
 Fraction of exact exchange:             0.710000000
 Fraction of exact exchange:             0.710000000
 Fraction of exact exchange:             0.710000000
 Fraction of exact exchange:             0.710000000
 Fraction of exact exchange:             0.710000000
 Fraction of exact exchange:             0.710000000
 Fraction of exact exchange:             0.710000000
 Fraction of exact exchange:             0.710000000
 Fraction of exact exchange:             0.710000000
 Fraction of exact exchange:             0.710000000
 Fraction of exact exchange:             0.710000000
 Fraction of exact exchange:             0.710000000
 Fraction of exact exchange:             0.710000000
 Fraction of exact exchange:             0.710000000
 Fraction of exact exchange:             0.710000000
 Fraction of exact exchange:             0.710000000
 Fraction of exact exchange:             0.710000000
 Fraction of exact exchange:             0.710000000
 Fraction of exact exchange:             0.710000000
 Fraction of exact exchange:             0.710000000
 Fraction of exact exchange:             0.710000000
 Fraction of exact exchange:             0.710000000
 Fraction of exact exchange:             0.710000000
 Fraction of exact exchange:             0.710000000
 Fraction of exact exchange:             0.710000000
 Fraction of exact exchange:             0.710000000
 Fraction of exact exchange:             0.710000000
 Fraction of exact exchange:             0.710000000
 Fraction of exact exchange:             0.710000000
 Fraction of exact exchange:             0.710000000
 Fraction of exact exchange:             0.710000000
 Fraction of exact exchange:             0.710000000
 Fraction of exact exchange:             0.710000000
 Fraction of exact exchange:             0.710000000
 Fraction of exact exchange:             0.710000000
 Fraction of exact exchange:             0.710000000
 Fraction of exact exchange:             0.710000000
 Fraction of exact exchange:             0.710000000
 Fraction of exact exchange:             0.710000000
 Fraction of exact exchange:             0.710000000
 Fraction of exact exchange:             0.710000000
 Fraction of exact exchange:             0.710000000
 Fraction of exact exchange:             0.710000000
 Fraction of exact exchange:             0.710000000
 Fraction of exact exchange:             0.710000000
 Fraction of exact exchange:             0.710000000
 Fraction of exact exchange:             0.710000000
 Fraction of exact exchange:             0.710000000
 Fraction of exact exchange:             0.710000000
 Fraction of exact exchange:             0.710000000
 Fraction of exact exchange:             0.710000000
 Fraction of exact exchange:             0.710000000
 Fraction of exact exchange:             0.710000000
 Fraction of exact exchange:             0.710000000
 Fraction of exact exchange:             0.710000000
 Fraction of exact exchange:             0.710000000
 Fraction of exact exchange:             0.710000000
 Fraction of exact exchange:             0.710000000
 Fraction of exact exchange:             0.710000000
 Fraction of exact exchange:             0.710000000
 Fraction of exact exchange:             0.710000000
 Fraction of exact exchange:             0.710000000
 Fraction of exact exchange:             0.710000000
 Fraction of exact exchange:             0.710000000
 Fraction of exact exchange:             0.710000000
 Fraction of exact exchange:             0.710000000
 Fraction of exact exchange:             0.710000000
 Fraction of exact exchange:             0.710000000
 Fraction of exact exchange:             0.710000000
 Fraction of exact exchange:             0.710000000
 Fraction of exact exchange:             0.710000000
 Fraction of exact exchange:             0.710000000
 Fraction of exact exchange:             0.710000000
 Fraction of exact exchange:             0.710000000
 Fraction of exact exchange:             0.710000000
 Fraction of exact exchange:             0.710000000
 Fraction of exact exchange:             0.710000000
 Fraction of exact exchange:             0.710000000
 Fraction of exact exchange:             0.710000000
 Fraction of exact exchange:             0.710000000
 Fraction of exact exchange:             0.710000000
 Fraction of exact exchange:             0.710000000
 Fraction of exact exchange:             0.710000000
 Fraction of exact exchange:             0.710000000
 Fraction of exact exchange:             0.710000000
 Fraction of exact exchange:             0.710000000
 Fraction of exact exchange:             0.710000000
 Fraction of exact exchange:             0.710000000
 Fraction of exact exchange:             0.710000000
 Fraction of exact exchange:             0.710000000
 Fraction of exact exchange:             0.710000000
 Fraction of exact exchange:             0.710000000
 Fraction of exact exchange:             0.710000000
 Fraction of exact exchange:             0.710000000
 Fraction of exact exchange:             0.710000000
 Fraction of exact exchange:             0.710000000
 Fraction of exact exchange:             0.710000000
 Fraction of exact exchange:             0.710000000
 Fraction of exact exchange:             0.710000000
 Fraction of exact exchange:             0.710000000
 Fraction of exact exchange:             0.710000000
 Fraction of exact exchange:             0.710000000
 Fraction of exact exchange:             0.710000000
 Fraction of exact exchange:             0.710000000
 Fraction of exact exchange:             0.710000000
 Fraction of exact exchange:             0.710000000
 Fraction of exact exchange:             0.710000000
 Fraction of exact exchange:             0.710000000
 Fraction of exact exchange:             0.710000000
 Fraction of exact exchange:             0.710000000
 Fraction of exact exchange:             0.710000000
 Fraction of exact exchange:             0.710000000
 Fraction of exact exchange:             0.710000000
 Fraction of exact exchange:             0.710000000
 Fraction of exact exchange:             0.710000000
 Fraction of exact exchange:             0.710000000
 Fraction of exact exchange:             0.710000000
 Fraction of exact exchange:             0.710000000
 Fraction of exact exchange:             0.710000000
 Fraction of exact exchange:             0.710000000
 Fraction of exact exchange:             0.710000000
 Fraction of exact exchange:             0.710000000
 Fraction of exact exchange:             0.710000000
 Fraction of exact exchange:             0.710000000
 Fraction of exact exchange:             0.710000000
 Fraction of exact exchange:             0.710000000
 Fraction of exact exchange:             0.710000000
 Fraction of exact exchange:             0.710000000
 Fraction of exact exchange:             0.710000000
 Fraction of exact exchange:             0.710000000
 Fraction of exact exchange:             0.710000000
 Fraction of exact exchange:             0.710000000
 Fraction of exact exchange:             0.710000000
 Fraction of exact exchange:             0.710000000
 Fraction of exact exchange:             0.710000000
 Fraction of exact exchange:             0.710000000
 Fraction of exact exchange:             0.710000000
 Fraction of exact exchange:             0.710000000
 Fraction of exact exchange:             0.710000000
 Fraction of exact exchange:             0.710000000
 Fraction of exact exchange:             0.710000000
 Fraction of exact exchange:             0.710000000
 Fraction of exact exchange:             0.710000000
 Fraction of exact exchange:             0.710000000
 Fraction of exact exchange:             0.710000000
 Fraction of exact exchange:             0.710000000
 Fraction of exact exchange:             0.710000000
 Fraction of exact exchange:             0.710000000
 Fraction of exact exchange:             0.710000000
 Fraction of exact exchange:             0.710000000
 Fraction of exact exchange:             0.710000000
 Fraction of exact exchange:             0.710000000
 Fraction of exact exchange:             0.710000000
 Fraction of exact exchange:             0.710000000
 Fraction of exact exchange:             0.710000000
 Fraction of exact exchange:             0.710000000
 Fraction of exact exchange:             0.710000000
 Fraction of exact exchange:             0.710000000
 Fraction of exact exchange:             0.710000000
 Fraction of exact exchange:             0.710000000
 Fraction of exact exchange:             0.710000000
 Fraction of exact exchange:             0.710000000
 Fraction of exact exchange:             0.710000000
 Fraction of exact exchange:             0.710000000
 Fraction of exact exchange:             0.710000000
 Fraction of exact exchange:             0.710000000
 Fraction of exact exchange:             0.710000000
 Fraction of exact exchange:             0.710000000
 Fraction of exact exchange:             0.710000000
 Fraction of exact exchange:             0.710000000
 Fraction of exact exchange:             0.710000000
 Fraction of exact exchange:             0.710000000
 Fraction of exact exchange:             0.710000000
 Fraction of exact exchange:             0.710000000
 Fraction of exact exchange:             0.710000000
 Fraction of exact exchange:             0.710000000
 Fraction of exact exchange:             0.710000000
 Fraction of exact exchange:             0.710000000
 Fraction of exact exchange:             0.710000000
 Fraction of exact exchange:             0.710000000
 Fraction of exact exchange:             0.710000000
 Fraction of exact exchange:             0.710000000
 Fraction of exact exchange:             0.710000000
 Fraction of exact exchange:             0.710000000
 Fraction of exact exchange:             0.710000000
 Fraction of exact exchange:             0.710000000
 Fraction of exact exchange:             0.710000000
 Fraction of exact exchange:             0.710000000
 Fraction of exact exchange:             0.710000000
 Fraction of exact exchange:             0.710000000
 Fraction of exact exchange:             0.710000000
 Fraction of exact exchange:             0.710000000
 Fraction of exact exchange:             0.710000000
 Fraction of exact exchange:             0.710000000
 Fraction of exact exchange:             0.710000000
 Fraction of exact exchange:             0.710000000
 Fraction of exact exchange:             0.710000000
 Fraction of exact exchange:             0.710000000
 Fraction of exact exchange:             0.710000000
 Fraction of exact exchange:             0.710000000
 Fraction of exact exchange:             0.710000000
 Fraction of exact exchange:             0.710000000
 Fraction of exact exchange:             0.710000000
 Fraction of exact exchange:             0.710000000
 Fraction of exact exchange:             0.710000000
 Fraction of exact exchange:             0.710000000
 Fraction of exact exchange:             0.710000000
 Fraction of exact exchange:             0.710000000
 Fraction of exact exchange:             0.710000000
 Fraction of exact exchange:             0.710000000
 Fraction of exact exchange:             0.710000000
 Fraction of exact exchange:             0.710000000
 Fraction of exact exchange:             0.710000000
 Fraction of exact exchange:             0.710000000
 Fraction of exact exchange:             0.710000000
 Fraction of exact exchange:             0.710000000
 Fraction of exact exchange:             0.710000000
 Fraction of exact exchange:             0.710000000

 Frequencies (including translational and rotational modes):
 mode    frequency (cm-1)
    0               13.92 i (imaginary)
    1                8.00 i (imaginary)
    2                7.12 i (imaginary)
    3                3.95 i (imaginary)
    4                7.68
    5              746.24
    6              746.28
    7             2117.88
    8             3479.91

 Project out translational and rotational motions 

 Degrees of freedom for translational and rotational motions: 6

 Vibrational frequencies:
 mode    frequency (cm-1)
    0              746.24
    1             2117.88
    2             3479.91

 --------------------------------------------------------------------------------

 End time:                               Fri Apr 23 12:10:04 2021
 Total wall-clock time:                 32.586 seconds
==================================================================================
