
================================================================================
          _____________ ________ _______________ ________     _________         
         / ___________// ______ \\_____   _____// ______ \   / ________)        
        / /_________  / /      \ \     | |     / /      \ \ | (_______          
       |  __________|| |        | |    | |    | |        | | \________ \        
        \ \_________ | |        | |    | |     \ \______/ /___________) |       
         \__________||_|        |_|    |_|      \________//____________/        
                                                                                
====================================[ Qcore ]===================================

 Git hash:   bfa4c3a672cc1ff01df8911b87991f8932a2a687
 Git date:   Fri, 12 Feb 2021 10:05:04 +0000
 Compiler:   GNU 9.1.0
 Build type: Release
 Version:    0.8.19

 Start time: Fri Apr 23 12:13:44 2021

 Data directory: /home/zw18965/.local/qcore/share/entos/0.8.19/data
 Number of threads: 24
 Number of threads was determined by: command line argument
  - More threads can be used by running 'qcore -n 32'

 --------------------------------------------------------------------------------
                                command: optimize                                
 --------------------------------------------------------------------------------
 Using coordinate system:                tric
 Hessian update scheme:                  bfgs

 ------------------------------------------------------------------------------------------------------------
                   energy      change    grad rms    grad max    step rms    step max       trust    time (s)
 ------------------------------------------------------------------------------------------------------------
 Fraction of exact exchange:             0.710000000
 Fraction of exact exchange:             0.710000000
 Fraction of exact exchange:             0.710000000
 Fraction of exact exchange:             0.710000000
 Fraction of exact exchange:             0.710000000
 Fraction of exact exchange:             0.710000000
 Fraction of exact exchange:             0.710000000
 Fraction of exact exchange:             0.710000000
 Fraction of exact exchange:             0.710000000
 Fraction of exact exchange:             0.710000000
 Fraction of exact exchange:             0.710000000
 Fraction of exact exchange:             0.710000000
 Fraction of exact exchange:             0.710000000
 Fraction of exact exchange:             0.710000000
 Fraction of exact exchange:             0.710000000
 Fraction of exact exchange:             0.710000000
 Fraction of exact exchange:             0.710000000
 Fraction of exact exchange:             0.710000000
 Fraction of exact exchange:             0.710000000
 Fraction of exact exchange:             0.710000000
 Fraction of exact exchange:             0.710000000
 Fraction of exact exchange:             0.710000000
   1      -511.273608395                9.45e-03    2.28e-02                            2.00e-01        3.05
 Fraction of exact exchange:             0.710000000
 Fraction of exact exchange:             0.710000000
 Fraction of exact exchange:             0.710000000
 Fraction of exact exchange:             0.710000000
 Fraction of exact exchange:             0.710000000
 Fraction of exact exchange:             0.710000000
 Fraction of exact exchange:             0.710000000
 Fraction of exact exchange:             0.710000000
 Fraction of exact exchange:             0.710000000
 Fraction of exact exchange:             0.710000000
 Fraction of exact exchange:             0.710000000
 Fraction of exact exchange:             0.710000000
 Fraction of exact exchange:             0.710000000
 Fraction of exact exchange:             0.710000000
 Fraction of exact exchange:             0.710000000
 Fraction of exact exchange:             0.710000000
 Fraction of exact exchange:             0.710000000
 Fraction of exact exchange:             0.710000000
 Fraction of exact exchange:             0.710000000
   2      -511.273981937   -3.74e-04    5.23e-03    1.12e-02    1.15e-02    2.06e-02    2.00e-01        2.72
 Fraction of exact exchange:             0.710000000
 Fraction of exact exchange:             0.710000000
 Fraction of exact exchange:             0.710000000
 Fraction of exact exchange:             0.710000000
 Fraction of exact exchange:             0.710000000
 Fraction of exact exchange:             0.710000000
 Fraction of exact exchange:             0.710000000
 Fraction of exact exchange:             0.710000000
 Fraction of exact exchange:             0.710000000
 Fraction of exact exchange:             0.710000000
 Fraction of exact exchange:             0.710000000
 Fraction of exact exchange:             0.710000000
 Fraction of exact exchange:             0.710000000
 Fraction of exact exchange:             0.710000000
 Fraction of exact exchange:             0.710000000
 Fraction of exact exchange:             0.710000000
 Fraction of exact exchange:             0.710000000
 Fraction of exact exchange:             0.710000000
 Fraction of exact exchange:             0.710000000
   3      -511.274100999   -1.19e-04    1.04e-03    2.52e-03    9.37e-03    1.96e-02    2.00e-01        2.70
 Fraction of exact exchange:             0.710000000
 Fraction of exact exchange:             0.710000000
 Fraction of exact exchange:             0.710000000
 Fraction of exact exchange:             0.710000000
 Fraction of exact exchange:             0.710000000
 Fraction of exact exchange:             0.710000000
 Fraction of exact exchange:             0.710000000
 Fraction of exact exchange:             0.710000000
 Fraction of exact exchange:             0.710000000
 Fraction of exact exchange:             0.710000000
 Fraction of exact exchange:             0.710000000
 Fraction of exact exchange:             0.710000000
 Fraction of exact exchange:             0.710000000
 Fraction of exact exchange:             0.710000000
 Fraction of exact exchange:             0.710000000
 Fraction of exact exchange:             0.710000000
 Fraction of exact exchange:             0.710000000
 Fraction of exact exchange:             0.710000000
 Fraction of exact exchange:             0.710000000
   4      -511.274103302   -2.30e-06    1.94e-04    4.35e-04    8.93e-04    2.18e-03    2.00e-01        2.66
 Fraction of exact exchange:             0.710000000
 Fraction of exact exchange:             0.710000000
 Fraction of exact exchange:             0.710000000
 Fraction of exact exchange:             0.710000000
 Fraction of exact exchange:             0.710000000
 Fraction of exact exchange:             0.710000000
 Fraction of exact exchange:             0.710000000
 Fraction of exact exchange:             0.710000000
 Fraction of exact exchange:             0.710000000
 Fraction of exact exchange:             0.710000000
 Fraction of exact exchange:             0.710000000
 Fraction of exact exchange:             0.710000000
 Fraction of exact exchange:             0.710000000
 Fraction of exact exchange:             0.710000000
 Fraction of exact exchange:             0.710000000
 Fraction of exact exchange:             0.710000000
 Fraction of exact exchange:             0.710000000
 Fraction of exact exchange:             0.710000000
 Fraction of exact exchange:             0.710000000
   5      -511.274103383   -8.02e-08    1.06e-05    3.04e-05    1.46e-04    3.55e-04    2.00e-01        2.63
 Geometry optimization stopped:          thresholds achieved

 Final energy:                        -511.274103383

 -----------
  Final XYZ 
 -----------
3
Final structure: -511.274 hartree
O            0.000000061          0.000001080         -1.274719484
C           -0.000000197          0.000000347         -0.113961968
S           -0.000000231          0.000000265          1.448470391

 Structure in entos input format:

  structure(
    xyz = [
      ['O'  ,          0.000000061,          0.000001080,         -1.274719484],
      ['C'  ,         -0.000000197,          0.000000347,         -0.113961968],
      ['S'  ,         -0.000000231,          0.000000265,          1.448470391]
    ]
  )

 --------------------------------
  Geometry optimization finished 
 --------------------------------
 Saving results in set 'opt'

 --------------------------------------------------------------------------------
                                 command: hessian                                
 --------------------------------------------------------------------------------

WARNING: numerical method is specified for dft hessian, which is not efficient. Try switching to 'method = analytic'

 Fraction of exact exchange:             0.710000000
 Fraction of exact exchange:             0.710000000
 Fraction of exact exchange:             0.710000000
 Fraction of exact exchange:             0.710000000
 Fraction of exact exchange:             0.710000000
 Fraction of exact exchange:             0.710000000
 Fraction of exact exchange:             0.710000000
 Fraction of exact exchange:             0.710000000
 Fraction of exact exchange:             0.710000000
 Fraction of exact exchange:             0.710000000
 Fraction of exact exchange:             0.710000000
 Fraction of exact exchange:             0.710000000
 Fraction of exact exchange:             0.710000000
 Fraction of exact exchange:             0.710000000
 Fraction of exact exchange:             0.710000000
 Fraction of exact exchange:             0.710000000
 Fraction of exact exchange:             0.710000000
 Fraction of exact exchange:             0.710000000
 Fraction of exact exchange:             0.710000000
 Fraction of exact exchange:             0.710000000
 Fraction of exact exchange:             0.710000000
 Fraction of exact exchange:             0.710000000

 -------------------------------
  Numerical Geometrical Hessian 
 -------------------------------

 Compute hessian using two-point central differentiation.
 Step size (bohr):                       0.0100
 Fraction of exact exchange:             0.710000000
 Fraction of exact exchange:             0.710000000
 Fraction of exact exchange:             0.710000000
 Fraction of exact exchange:             0.710000000
 Fraction of exact exchange:             0.710000000
 Fraction of exact exchange:             0.710000000
 Fraction of exact exchange:             0.710000000
 Fraction of exact exchange:             0.710000000
 Fraction of exact exchange:             0.710000000
 Fraction of exact exchange:             0.710000000
 Fraction of exact exchange:             0.710000000
 Fraction of exact exchange:             0.710000000
 Fraction of exact exchange:             0.710000000
 Fraction of exact exchange:             0.710000000
 Fraction of exact exchange:             0.710000000
 Fraction of exact exchange:             0.710000000
 Fraction of exact exchange:             0.710000000
 Fraction of exact exchange:             0.710000000
 Fraction of exact exchange:             0.710000000
 Fraction of exact exchange:             0.710000000
 Fraction of exact exchange:             0.710000000
 Fraction of exact exchange:             0.710000000
 Fraction of exact exchange:             0.710000000
 Fraction of exact exchange:             0.710000000
 Fraction of exact exchange:             0.710000000
 Fraction of exact exchange:             0.710000000
 Fraction of exact exchange:             0.710000000
 Fraction of exact exchange:             0.710000000
 Fraction of exact exchange:             0.710000000
 Fraction of exact exchange:             0.710000000
 Fraction of exact exchange:             0.710000000
 Fraction of exact exchange:             0.710000000
 Fraction of exact exchange:             0.710000000
 Fraction of exact exchange:             0.710000000
 Fraction of exact exchange:             0.710000000
 Fraction of exact exchange:             0.710000000
 Fraction of exact exchange:             0.710000000
 Fraction of exact exchange:             0.710000000
 Fraction of exact exchange:             0.710000000
 Fraction of exact exchange:             0.710000000
 Fraction of exact exchange:             0.710000000
 Fraction of exact exchange:             0.710000000
 Fraction of exact exchange:             0.710000000
 Fraction of exact exchange:             0.710000000
 Fraction of exact exchange:             0.710000000
 Fraction of exact exchange:             0.710000000
 Fraction of exact exchange:             0.710000000
 Fraction of exact exchange:             0.710000000
 Fraction of exact exchange:             0.710000000
 Fraction of exact exchange:             0.710000000
 Fraction of exact exchange:             0.710000000
 Fraction of exact exchange:             0.710000000
 Fraction of exact exchange:             0.710000000
 Fraction of exact exchange:             0.710000000
 Fraction of exact exchange:             0.710000000
 Fraction of exact exchange:             0.710000000
 Fraction of exact exchange:             0.710000000
 Fraction of exact exchange:             0.710000000
 Fraction of exact exchange:             0.710000000
 Fraction of exact exchange:             0.710000000
 Fraction of exact exchange:             0.710000000
 Fraction of exact exchange:             0.710000000
 Fraction of exact exchange:             0.710000000
 Fraction of exact exchange:             0.710000000
 Fraction of exact exchange:             0.710000000
 Fraction of exact exchange:             0.710000000
 Fraction of exact exchange:             0.710000000
 Fraction of exact exchange:             0.710000000
 Fraction of exact exchange:             0.710000000
 Fraction of exact exchange:             0.710000000
 Fraction of exact exchange:             0.710000000
 Fraction of exact exchange:             0.710000000
 Fraction of exact exchange:             0.710000000
 Fraction of exact exchange:             0.710000000
 Fraction of exact exchange:             0.710000000
 Fraction of exact exchange:             0.710000000
 Fraction of exact exchange:             0.710000000
 Fraction of exact exchange:             0.710000000
 Fraction of exact exchange:             0.710000000
 Fraction of exact exchange:             0.710000000
 Fraction of exact exchange:             0.710000000
 Fraction of exact exchange:             0.710000000
 Fraction of exact exchange:             0.710000000
 Fraction of exact exchange:             0.710000000
 Fraction of exact exchange:             0.710000000
 Fraction of exact exchange:             0.710000000
 Fraction of exact exchange:             0.710000000
 Fraction of exact exchange:             0.710000000
 Fraction of exact exchange:             0.710000000
 Fraction of exact exchange:             0.710000000
 Fraction of exact exchange:             0.710000000
 Fraction of exact exchange:             0.710000000
 Fraction of exact exchange:             0.710000000
 Fraction of exact exchange:             0.710000000
 Fraction of exact exchange:             0.710000000
 Fraction of exact exchange:             0.710000000
 Fraction of exact exchange:             0.710000000
 Fraction of exact exchange:             0.710000000
 Fraction of exact exchange:             0.710000000
 Fraction of exact exchange:             0.710000000
 Fraction of exact exchange:             0.710000000
 Fraction of exact exchange:             0.710000000
 Fraction of exact exchange:             0.710000000
 Fraction of exact exchange:             0.710000000
 Fraction of exact exchange:             0.710000000
 Fraction of exact exchange:             0.710000000
 Fraction of exact exchange:             0.710000000
 Fraction of exact exchange:             0.710000000
 Fraction of exact exchange:             0.710000000
 Fraction of exact exchange:             0.710000000
 Fraction of exact exchange:             0.710000000
 Fraction of exact exchange:             0.710000000
 Fraction of exact exchange:             0.710000000
 Fraction of exact exchange:             0.710000000
 Fraction of exact exchange:             0.710000000
 Fraction of exact exchange:             0.710000000
 Fraction of exact exchange:             0.710000000
 Fraction of exact exchange:             0.710000000
 Fraction of exact exchange:             0.710000000
 Fraction of exact exchange:             0.710000000
 Fraction of exact exchange:             0.710000000
 Fraction of exact exchange:             0.710000000
 Fraction of exact exchange:             0.710000000
 Fraction of exact exchange:             0.710000000
 Fraction of exact exchange:             0.710000000
 Fraction of exact exchange:             0.710000000
 Fraction of exact exchange:             0.710000000
 Fraction of exact exchange:             0.710000000
 Fraction of exact exchange:             0.710000000
 Fraction of exact exchange:             0.710000000
 Fraction of exact exchange:             0.710000000
 Fraction of exact exchange:             0.710000000
 Fraction of exact exchange:             0.710000000
 Fraction of exact exchange:             0.710000000
 Fraction of exact exchange:             0.710000000
 Fraction of exact exchange:             0.710000000
 Fraction of exact exchange:             0.710000000
 Fraction of exact exchange:             0.710000000
 Fraction of exact exchange:             0.710000000
 Fraction of exact exchange:             0.710000000
 Fraction of exact exchange:             0.710000000
 Fraction of exact exchange:             0.710000000
 Fraction of exact exchange:             0.710000000
 Fraction of exact exchange:             0.710000000
 Fraction of exact exchange:             0.710000000
 Fraction of exact exchange:             0.710000000
 Fraction of exact exchange:             0.710000000
 Fraction of exact exchange:             0.710000000
 Fraction of exact exchange:             0.710000000
 Fraction of exact exchange:             0.710000000
 Fraction of exact exchange:             0.710000000
 Fraction of exact exchange:             0.710000000
 Fraction of exact exchange:             0.710000000
 Fraction of exact exchange:             0.710000000
 Fraction of exact exchange:             0.710000000
 Fraction of exact exchange:             0.710000000
 Fraction of exact exchange:             0.710000000
 Fraction of exact exchange:             0.710000000
 Fraction of exact exchange:             0.710000000
 Fraction of exact exchange:             0.710000000
 Fraction of exact exchange:             0.710000000
 Fraction of exact exchange:             0.710000000
 Fraction of exact exchange:             0.710000000
 Fraction of exact exchange:             0.710000000
 Fraction of exact exchange:             0.710000000
 Fraction of exact exchange:             0.710000000
 Fraction of exact exchange:             0.710000000
 Fraction of exact exchange:             0.710000000
 Fraction of exact exchange:             0.710000000
 Fraction of exact exchange:             0.710000000
 Fraction of exact exchange:             0.710000000
 Fraction of exact exchange:             0.710000000
 Fraction of exact exchange:             0.710000000
 Fraction of exact exchange:             0.710000000
 Fraction of exact exchange:             0.710000000
 Fraction of exact exchange:             0.710000000
 Fraction of exact exchange:             0.710000000
 Fraction of exact exchange:             0.710000000
 Fraction of exact exchange:             0.710000000
 Fraction of exact exchange:             0.710000000
 Fraction of exact exchange:             0.710000000
 Fraction of exact exchange:             0.710000000
 Fraction of exact exchange:             0.710000000
 Fraction of exact exchange:             0.710000000
 Fraction of exact exchange:             0.710000000
 Fraction of exact exchange:             0.710000000
 Fraction of exact exchange:             0.710000000
 Fraction of exact exchange:             0.710000000
 Fraction of exact exchange:             0.710000000
 Fraction of exact exchange:             0.710000000
 Fraction of exact exchange:             0.710000000
 Fraction of exact exchange:             0.710000000
 Fraction of exact exchange:             0.710000000
 Fraction of exact exchange:             0.710000000
 Fraction of exact exchange:             0.710000000
 Fraction of exact exchange:             0.710000000
 Fraction of exact exchange:             0.710000000
 Fraction of exact exchange:             0.710000000
 Fraction of exact exchange:             0.710000000
 Fraction of exact exchange:             0.710000000
 Fraction of exact exchange:             0.710000000
 Fraction of exact exchange:             0.710000000
 Fraction of exact exchange:             0.710000000
 Fraction of exact exchange:             0.710000000
 Fraction of exact exchange:             0.710000000
 Fraction of exact exchange:             0.710000000
 Fraction of exact exchange:             0.710000000
 Fraction of exact exchange:             0.710000000
 Fraction of exact exchange:             0.710000000
 Fraction of exact exchange:             0.710000000
 Fraction of exact exchange:             0.710000000
 Fraction of exact exchange:             0.710000000
 Fraction of exact exchange:             0.710000000
 Fraction of exact exchange:             0.710000000
 Fraction of exact exchange:             0.710000000
 Fraction of exact exchange:             0.710000000
 Fraction of exact exchange:             0.710000000
 Fraction of exact exchange:             0.710000000
 Fraction of exact exchange:             0.710000000
 Fraction of exact exchange:             0.710000000
 Fraction of exact exchange:             0.710000000
 Fraction of exact exchange:             0.710000000
 Fraction of exact exchange:             0.710000000
 Fraction of exact exchange:             0.710000000
 Fraction of exact exchange:             0.710000000
 Fraction of exact exchange:             0.710000000
 Fraction of exact exchange:             0.710000000
 Fraction of exact exchange:             0.710000000
 Fraction of exact exchange:             0.710000000
 Fraction of exact exchange:             0.710000000
 Fraction of exact exchange:             0.710000000
 Fraction of exact exchange:             0.710000000
 Fraction of exact exchange:             0.710000000
 Fraction of exact exchange:             0.710000000
 Fraction of exact exchange:             0.710000000
 Fraction of exact exchange:             0.710000000
 Fraction of exact exchange:             0.710000000
 Fraction of exact exchange:             0.710000000
 Fraction of exact exchange:             0.710000000
 Fraction of exact exchange:             0.710000000
 Fraction of exact exchange:             0.710000000
 Fraction of exact exchange:             0.710000000
 Fraction of exact exchange:             0.710000000
 Fraction of exact exchange:             0.710000000
 Fraction of exact exchange:             0.710000000
 Fraction of exact exchange:             0.710000000
 Fraction of exact exchange:             0.710000000
 Fraction of exact exchange:             0.710000000
 Fraction of exact exchange:             0.710000000
 Fraction of exact exchange:             0.710000000
 Fraction of exact exchange:             0.710000000
 Fraction of exact exchange:             0.710000000
 Fraction of exact exchange:             0.710000000
 Fraction of exact exchange:             0.710000000
 Fraction of exact exchange:             0.710000000
 Fraction of exact exchange:             0.710000000
 Fraction of exact exchange:             0.710000000
 Fraction of exact exchange:             0.710000000
 Fraction of exact exchange:             0.710000000
 Fraction of exact exchange:             0.710000000
 Fraction of exact exchange:             0.710000000
 Fraction of exact exchange:             0.710000000
 Fraction of exact exchange:             0.710000000
 Fraction of exact exchange:             0.710000000
 Fraction of exact exchange:             0.710000000
 Fraction of exact exchange:             0.710000000
 Fraction of exact exchange:             0.710000000
 Fraction of exact exchange:             0.710000000
 Fraction of exact exchange:             0.710000000
 Fraction of exact exchange:             0.710000000
 Fraction of exact exchange:             0.710000000
 Fraction of exact exchange:             0.710000000
 Fraction of exact exchange:             0.710000000
 Fraction of exact exchange:             0.710000000
 Fraction of exact exchange:             0.710000000
 Fraction of exact exchange:             0.710000000
 Fraction of exact exchange:             0.710000000
 Fraction of exact exchange:             0.710000000
 Fraction of exact exchange:             0.710000000
 Fraction of exact exchange:             0.710000000
 Fraction of exact exchange:             0.710000000
 Fraction of exact exchange:             0.710000000
 Fraction of exact exchange:             0.710000000
 Fraction of exact exchange:             0.710000000
 Fraction of exact exchange:             0.710000000
 Fraction of exact exchange:             0.710000000
 Fraction of exact exchange:             0.710000000
 Fraction of exact exchange:             0.710000000
 Fraction of exact exchange:             0.710000000
 Fraction of exact exchange:             0.710000000
 Fraction of exact exchange:             0.710000000
 Fraction of exact exchange:             0.710000000
 Fraction of exact exchange:             0.710000000
 Fraction of exact exchange:             0.710000000
 Fraction of exact exchange:             0.710000000
 Fraction of exact exchange:             0.710000000
 Fraction of exact exchange:             0.710000000
 Fraction of exact exchange:             0.710000000
 Fraction of exact exchange:             0.710000000
 Fraction of exact exchange:             0.710000000
 Fraction of exact exchange:             0.710000000
 Fraction of exact exchange:             0.710000000
 Fraction of exact exchange:             0.710000000
 Fraction of exact exchange:             0.710000000
 Fraction of exact exchange:             0.710000000
 Fraction of exact exchange:             0.710000000
 Fraction of exact exchange:             0.710000000
 Fraction of exact exchange:             0.710000000
 Fraction of exact exchange:             0.710000000
 Fraction of exact exchange:             0.710000000
 Fraction of exact exchange:             0.710000000
 Fraction of exact exchange:             0.710000000
 Fraction of exact exchange:             0.710000000
 Fraction of exact exchange:             0.710000000
 Fraction of exact exchange:             0.710000000
 Fraction of exact exchange:             0.710000000
 Fraction of exact exchange:             0.710000000
 Fraction of exact exchange:             0.710000000
 Fraction of exact exchange:             0.710000000
 Fraction of exact exchange:             0.710000000
 Fraction of exact exchange:             0.710000000
 Fraction of exact exchange:             0.710000000
 Fraction of exact exchange:             0.710000000
 Fraction of exact exchange:             0.710000000
 Fraction of exact exchange:             0.710000000
 Fraction of exact exchange:             0.710000000
 Fraction of exact exchange:             0.710000000
 Fraction of exact exchange:             0.710000000
 Fraction of exact exchange:             0.710000000
 Fraction of exact exchange:             0.710000000
 Fraction of exact exchange:             0.710000000
 Fraction of exact exchange:             0.710000000
 Fraction of exact exchange:             0.710000000
 Fraction of exact exchange:             0.710000000
 Fraction of exact exchange:             0.710000000
 Fraction of exact exchange:             0.710000000
 Fraction of exact exchange:             0.710000000
 Fraction of exact exchange:             0.710000000
 Fraction of exact exchange:             0.710000000
 Fraction of exact exchange:             0.710000000
 Fraction of exact exchange:             0.710000000
 Fraction of exact exchange:             0.710000000

 Frequencies (including translational and rotational modes):
 mode    frequency (cm-1)
    0                7.38 i (imaginary)
    1                6.94 i (imaginary)
    2                6.45
    3               11.28
    4               11.36
    5              530.50
    6              530.51
    7              883.00
    8             2093.32

 Project out translational and rotational motions 

 Degrees of freedom for translational and rotational motions: 6

 Vibrational frequencies:
 mode    frequency (cm-1)
    0              530.51
    1              883.00
    2             2093.32

 --------------------------------------------------------------------------------

 End time:                               Fri Apr 23 12:14:55 2021
 Total wall-clock time:                 70.723 seconds
==================================================================================
