
================================================================================
          _____________ ________ _______________ ________     _________         
         / ___________// ______ \\_____   _____// ______ \   / ________)        
        / /_________  / /      \ \     | |     / /      \ \ | (_______          
       |  __________|| |        | |    | |    | |        | | \________ \        
        \ \_________ | |        | |    | |     \ \______/ /___________) |       
         \__________||_|        |_|    |_|      \________//____________/        
                                                                                
====================================[ Qcore ]===================================

 Git hash:   bfa4c3a672cc1ff01df8911b87991f8932a2a687
 Git date:   Fri, 12 Feb 2021 10:05:04 +0000
 Compiler:   GNU 9.1.0
 Build type: Release
 Version:    0.8.19

 Start time: Fri Apr 23 12:17:56 2021

 Data directory: /home/zw18965/.local/qcore/share/entos/0.8.19/data
 Number of threads: 24
 Number of threads was determined by: command line argument
  - More threads can be used by running 'qcore -n 32'

 --------------------------------------------------------------------------------
                                command: optimize                                
 --------------------------------------------------------------------------------
 Using coordinate system:                tric
 Hessian update scheme:                  bfgs

 ------------------------------------------------------------------------------------------------------------
                   energy      change    grad rms    grad max    step rms    step max       trust    time (s)
 ------------------------------------------------------------------------------------------------------------
 Fraction of exact exchange:             0.710000000
 Fraction of exact exchange:             0.710000000
 Fraction of exact exchange:             0.710000000
 Fraction of exact exchange:             0.710000000
 Fraction of exact exchange:             0.710000000
 Fraction of exact exchange:             0.710000000
 Fraction of exact exchange:             0.710000000
 Fraction of exact exchange:             0.710000000
 Fraction of exact exchange:             0.710000000
 Fraction of exact exchange:             0.710000000
 Fraction of exact exchange:             0.710000000
 Fraction of exact exchange:             0.710000000
 Fraction of exact exchange:             0.710000000
 Fraction of exact exchange:             0.710000000
 Fraction of exact exchange:             0.710000000
 Fraction of exact exchange:             0.710000000
 Fraction of exact exchange:             0.710000000
 Fraction of exact exchange:             0.710000000
 Fraction of exact exchange:             0.710000000
 Fraction of exact exchange:             0.710000000
 Fraction of exact exchange:             0.710000000
 Fraction of exact exchange:             0.710000000
 Fraction of exact exchange:             0.710000000
 Fraction of exact exchange:             0.710000000
 Fraction of exact exchange:             0.710000000
 Fraction of exact exchange:             0.710000000
 Fraction of exact exchange:             0.710000000
 Fraction of exact exchange:             0.710000000
 Fraction of exact exchange:             0.710000000
 Fraction of exact exchange:             0.710000000
 Fraction of exact exchange:             0.710000000
 Fraction of exact exchange:             0.710000000
 Fraction of exact exchange:             0.710000000
 Fraction of exact exchange:             0.710000000
 Fraction of exact exchange:             0.710000000
 Fraction of exact exchange:             0.710000000
 Fraction of exact exchange:             0.710000000
 Fraction of exact exchange:             0.710000000
 Fraction of exact exchange:             0.710000000
 Fraction of exact exchange:             0.710000000
   1      -115.643266477                4.58e-03    9.76e-03                            2.00e-01        7.73
 Fraction of exact exchange:             0.710000000
 Fraction of exact exchange:             0.710000000
 Fraction of exact exchange:             0.710000000
 Fraction of exact exchange:             0.710000000
 Fraction of exact exchange:             0.710000000
 Fraction of exact exchange:             0.710000000
 Fraction of exact exchange:             0.710000000
 Fraction of exact exchange:             0.710000000
 Fraction of exact exchange:             0.710000000
 Fraction of exact exchange:             0.710000000
 Fraction of exact exchange:             0.710000000
 Fraction of exact exchange:             0.710000000
 Fraction of exact exchange:             0.710000000
 Fraction of exact exchange:             0.710000000
 Fraction of exact exchange:             0.710000000
 Fraction of exact exchange:             0.710000000
 Fraction of exact exchange:             0.710000000
 Fraction of exact exchange:             0.710000000
 Fraction of exact exchange:             0.710000000
 Fraction of exact exchange:             0.710000000
 Fraction of exact exchange:             0.710000000
 Fraction of exact exchange:             0.710000000
 Fraction of exact exchange:             0.710000000
 Fraction of exact exchange:             0.710000000
 Fraction of exact exchange:             0.710000000
 Fraction of exact exchange:             0.710000000
 Fraction of exact exchange:             0.710000000
 Fraction of exact exchange:             0.710000000
 Fraction of exact exchange:             0.710000000
 Fraction of exact exchange:             0.710000000
 Fraction of exact exchange:             0.710000000
 Fraction of exact exchange:             0.710000000
 Fraction of exact exchange:             0.710000000
 Fraction of exact exchange:             0.710000000
 Fraction of exact exchange:             0.710000000
 Fraction of exact exchange:             0.710000000
 Fraction of exact exchange:             0.710000000
   2      -115.643535534   -2.69e-04    1.79e-03    5.17e-03    1.42e-02    1.26e-02    2.00e-01        7.48
 Fraction of exact exchange:             0.710000000
 Fraction of exact exchange:             0.710000000
 Fraction of exact exchange:             0.710000000
 Fraction of exact exchange:             0.710000000
 Fraction of exact exchange:             0.710000000
 Fraction of exact exchange:             0.710000000
 Fraction of exact exchange:             0.710000000
 Fraction of exact exchange:             0.710000000
 Fraction of exact exchange:             0.710000000
 Fraction of exact exchange:             0.710000000
 Fraction of exact exchange:             0.710000000
 Fraction of exact exchange:             0.710000000
 Fraction of exact exchange:             0.710000000
 Fraction of exact exchange:             0.710000000
 Fraction of exact exchange:             0.710000000
 Fraction of exact exchange:             0.710000000
 Fraction of exact exchange:             0.710000000
 Fraction of exact exchange:             0.710000000
 Fraction of exact exchange:             0.710000000
 Fraction of exact exchange:             0.710000000
 Fraction of exact exchange:             0.710000000
 Fraction of exact exchange:             0.710000000
 Fraction of exact exchange:             0.710000000
 Fraction of exact exchange:             0.710000000
 Fraction of exact exchange:             0.710000000
 Fraction of exact exchange:             0.710000000
 Fraction of exact exchange:             0.710000000
 Fraction of exact exchange:             0.710000000
 Fraction of exact exchange:             0.710000000
 Fraction of exact exchange:             0.710000000
 Fraction of exact exchange:             0.710000000
 Fraction of exact exchange:             0.710000000
 Fraction of exact exchange:             0.710000000
 Fraction of exact exchange:             0.710000000
 Fraction of exact exchange:             0.710000000
 Fraction of exact exchange:             0.710000000
 Fraction of exact exchange:             0.710000000
   3      -115.643574928   -3.94e-05    6.00e-04    1.76e-03    5.62e-03    8.08e-03    2.00e-01        7.49
 Fraction of exact exchange:             0.710000000
 Fraction of exact exchange:             0.710000000
 Fraction of exact exchange:             0.710000000
 Fraction of exact exchange:             0.710000000
 Fraction of exact exchange:             0.710000000
 Fraction of exact exchange:             0.710000000
 Fraction of exact exchange:             0.710000000
 Fraction of exact exchange:             0.710000000
 Fraction of exact exchange:             0.710000000
 Fraction of exact exchange:             0.710000000
 Fraction of exact exchange:             0.710000000
 Fraction of exact exchange:             0.710000000
 Fraction of exact exchange:             0.710000000
 Fraction of exact exchange:             0.710000000
 Fraction of exact exchange:             0.710000000
 Fraction of exact exchange:             0.710000000
 Fraction of exact exchange:             0.710000000
 Fraction of exact exchange:             0.710000000
 Fraction of exact exchange:             0.710000000
 Fraction of exact exchange:             0.710000000
 Fraction of exact exchange:             0.710000000
 Fraction of exact exchange:             0.710000000
 Fraction of exact exchange:             0.710000000
 Fraction of exact exchange:             0.710000000
 Fraction of exact exchange:             0.710000000
 Fraction of exact exchange:             0.710000000
 Fraction of exact exchange:             0.710000000
 Fraction of exact exchange:             0.710000000
 Fraction of exact exchange:             0.710000000
 Fraction of exact exchange:             0.710000000
 Fraction of exact exchange:             0.710000000
 Fraction of exact exchange:             0.710000000
 Fraction of exact exchange:             0.710000000
 Fraction of exact exchange:             0.710000000
 Fraction of exact exchange:             0.710000000
 Fraction of exact exchange:             0.710000000
 Fraction of exact exchange:             0.710000000
   4      -115.643580984   -6.06e-06    2.33e-04    4.31e-04    2.58e-03    3.59e-03    2.00e-01        7.33
 Fraction of exact exchange:             0.710000000
 Fraction of exact exchange:             0.710000000
 Fraction of exact exchange:             0.710000000
 Fraction of exact exchange:             0.710000000
 Fraction of exact exchange:             0.710000000
 Fraction of exact exchange:             0.710000000
 Fraction of exact exchange:             0.710000000
 Fraction of exact exchange:             0.710000000
 Fraction of exact exchange:             0.710000000
 Fraction of exact exchange:             0.710000000
 Fraction of exact exchange:             0.710000000
 Fraction of exact exchange:             0.710000000
 Fraction of exact exchange:             0.710000000
 Fraction of exact exchange:             0.710000000
 Fraction of exact exchange:             0.710000000
 Fraction of exact exchange:             0.710000000
 Fraction of exact exchange:             0.710000000
 Fraction of exact exchange:             0.710000000
 Fraction of exact exchange:             0.710000000
 Fraction of exact exchange:             0.710000000
 Fraction of exact exchange:             0.710000000
 Fraction of exact exchange:             0.710000000
 Fraction of exact exchange:             0.710000000
 Fraction of exact exchange:             0.710000000
 Fraction of exact exchange:             0.710000000
 Fraction of exact exchange:             0.710000000
 Fraction of exact exchange:             0.710000000
 Fraction of exact exchange:             0.710000000
 Fraction of exact exchange:             0.710000000
 Fraction of exact exchange:             0.710000000
 Fraction of exact exchange:             0.710000000
 Fraction of exact exchange:             0.710000000
 Fraction of exact exchange:             0.710000000
 Fraction of exact exchange:             0.710000000
 Fraction of exact exchange:             0.710000000
 Fraction of exact exchange:             0.710000000
 Fraction of exact exchange:             0.710000000
   5      -115.643582114   -1.13e-06    3.78e-05    7.55e-05    1.20e-03    1.77e-03    2.00e-01        7.32
 Fraction of exact exchange:             0.710000000
 Fraction of exact exchange:             0.710000000
 Fraction of exact exchange:             0.710000000
 Fraction of exact exchange:             0.710000000
 Fraction of exact exchange:             0.710000000
 Fraction of exact exchange:             0.710000000
 Fraction of exact exchange:             0.710000000
 Fraction of exact exchange:             0.710000000
 Fraction of exact exchange:             0.710000000
 Fraction of exact exchange:             0.710000000
 Fraction of exact exchange:             0.710000000
 Fraction of exact exchange:             0.710000000
 Fraction of exact exchange:             0.710000000
 Fraction of exact exchange:             0.710000000
 Fraction of exact exchange:             0.710000000
 Fraction of exact exchange:             0.710000000
 Fraction of exact exchange:             0.710000000
 Fraction of exact exchange:             0.710000000
 Fraction of exact exchange:             0.710000000
 Fraction of exact exchange:             0.710000000
 Fraction of exact exchange:             0.710000000
 Fraction of exact exchange:             0.710000000
 Fraction of exact exchange:             0.710000000
 Fraction of exact exchange:             0.710000000
 Fraction of exact exchange:             0.710000000
 Fraction of exact exchange:             0.710000000
 Fraction of exact exchange:             0.710000000
 Fraction of exact exchange:             0.710000000
 Fraction of exact exchange:             0.710000000
 Fraction of exact exchange:             0.710000000
 Fraction of exact exchange:             0.710000000
 Fraction of exact exchange:             0.710000000
 Fraction of exact exchange:             0.710000000
 Fraction of exact exchange:             0.710000000
 Fraction of exact exchange:             0.710000000
 Fraction of exact exchange:             0.710000000
 Fraction of exact exchange:             0.710000000
   6      -115.643582142   -2.75e-08    6.64e-06    2.08e-05    1.44e-04    2.97e-04    2.00e-01        7.37
 Geometry optimization stopped:          thresholds achieved

 Final energy:                        -115.643582142

 -----------
  Final XYZ 
 -----------
6
Final structure: -115.644 hartree
C           -0.363841871         -0.040283373         -0.014563098
O            0.998171863         -0.345759719         -0.277840825
H           -0.525841151          1.032245277          0.096937769
H           -0.616998907         -0.526971028          0.921367190
H           -1.024095174         -0.421808255         -0.793991023
H            1.251473945          0.072546484         -1.101910789

 Structure in entos input format:

  structure(
    xyz = [
      ['C'  ,         -0.363841871,         -0.040283373,         -0.014563098],
      ['O'  ,          0.998171863,         -0.345759719,         -0.277840825],
      ['H'  ,         -0.525841151,          1.032245277,          0.096937769],
      ['H'  ,         -0.616998907,         -0.526971028,          0.921367190],
      ['H'  ,         -1.024095174,         -0.421808255,         -0.793991023],
      ['H'  ,          1.251473945,          0.072546484,         -1.101910789]
    ]
  )

 --------------------------------
  Geometry optimization finished 
 --------------------------------
 Saving results in set 'opt'

 --------------------------------------------------------------------------------
                                 command: hessian                                
 --------------------------------------------------------------------------------

WARNING: numerical method is specified for dft hessian, which is not efficient. Try switching to 'method = analytic'

 Fraction of exact exchange:             0.710000000
 Fraction of exact exchange:             0.710000000
 Fraction of exact exchange:             0.710000000
 Fraction of exact exchange:             0.710000000
 Fraction of exact exchange:             0.710000000
 Fraction of exact exchange:             0.710000000
 Fraction of exact exchange:             0.710000000
 Fraction of exact exchange:             0.710000000
 Fraction of exact exchange:             0.710000000
 Fraction of exact exchange:             0.710000000
 Fraction of exact exchange:             0.710000000
 Fraction of exact exchange:             0.710000000
 Fraction of exact exchange:             0.710000000
 Fraction of exact exchange:             0.710000000
 Fraction of exact exchange:             0.710000000
 Fraction of exact exchange:             0.710000000
 Fraction of exact exchange:             0.710000000
 Fraction of exact exchange:             0.710000000
 Fraction of exact exchange:             0.710000000
 Fraction of exact exchange:             0.710000000
 Fraction of exact exchange:             0.710000000
 Fraction of exact exchange:             0.710000000
 Fraction of exact exchange:             0.710000000
 Fraction of exact exchange:             0.710000000
 Fraction of exact exchange:             0.710000000
 Fraction of exact exchange:             0.710000000
 Fraction of exact exchange:             0.710000000
 Fraction of exact exchange:             0.710000000
 Fraction of exact exchange:             0.710000000
 Fraction of exact exchange:             0.710000000
 Fraction of exact exchange:             0.710000000
 Fraction of exact exchange:             0.710000000
 Fraction of exact exchange:             0.710000000
 Fraction of exact exchange:             0.710000000
 Fraction of exact exchange:             0.710000000
 Fraction of exact exchange:             0.710000000
 Fraction of exact exchange:             0.710000000
 Fraction of exact exchange:             0.710000000
 Fraction of exact exchange:             0.710000000
 Fraction of exact exchange:             0.710000000

 -------------------------------
  Numerical Geometrical Hessian 
 -------------------------------

 Compute hessian using two-point central differentiation.
 Step size (bohr):                       0.0100
 Fraction of exact exchange:             0.710000000
 Fraction of exact exchange:             0.710000000
 Fraction of exact exchange:             0.710000000
 Fraction of exact exchange:             0.710000000
 Fraction of exact exchange:             0.710000000
 Fraction of exact exchange:             0.710000000
 Fraction of exact exchange:             0.710000000
 Fraction of exact exchange:             0.710000000
 Fraction of exact exchange:             0.710000000
 Fraction of exact exchange:             0.710000000
 Fraction of exact exchange:             0.710000000
 Fraction of exact exchange:             0.710000000
 Fraction of exact exchange:             0.710000000
 Fraction of exact exchange:             0.710000000
 Fraction of exact exchange:             0.710000000
 Fraction of exact exchange:             0.710000000
 Fraction of exact exchange:             0.710000000
 Fraction of exact exchange:             0.710000000
 Fraction of exact exchange:             0.710000000
 Fraction of exact exchange:             0.710000000
 Fraction of exact exchange:             0.710000000
 Fraction of exact exchange:             0.710000000
 Fraction of exact exchange:             0.710000000
 Fraction of exact exchange:             0.710000000
 Fraction of exact exchange:             0.710000000
 Fraction of exact exchange:             0.710000000
 Fraction of exact exchange:             0.710000000
 Fraction of exact exchange:             0.710000000
 Fraction of exact exchange:             0.710000000
 Fraction of exact exchange:             0.710000000
 Fraction of exact exchange:             0.710000000
 Fraction of exact exchange:             0.710000000
 Fraction of exact exchange:             0.710000000
 Fraction of exact exchange:             0.710000000
 Fraction of exact exchange:             0.710000000
 Fraction of exact exchange:             0.710000000
 Fraction of exact exchange:             0.710000000
 Fraction of exact exchange:             0.710000000
 Fraction of exact exchange:             0.710000000
 Fraction of exact exchange:             0.710000000
 Fraction of exact exchange:             0.710000000
 Fraction of exact exchange:             0.710000000
 Fraction of exact exchange:             0.710000000
 Fraction of exact exchange:             0.710000000
 Fraction of exact exchange:             0.710000000
 Fraction of exact exchange:             0.710000000
 Fraction of exact exchange:             0.710000000
 Fraction of exact exchange:             0.710000000
 Fraction of exact exchange:             0.710000000
 Fraction of exact exchange:             0.710000000
 Fraction of exact exchange:             0.710000000
 Fraction of exact exchange:             0.710000000
 Fraction of exact exchange:             0.710000000
 Fraction of exact exchange:             0.710000000
 Fraction of exact exchange:             0.710000000
 Fraction of exact exchange:             0.710000000
 Fraction of exact exchange:             0.710000000
 Fraction of exact exchange:             0.710000000
 Fraction of exact exchange:             0.710000000
 Fraction of exact exchange:             0.710000000
 Fraction of exact exchange:             0.710000000
 Fraction of exact exchange:             0.710000000
 Fraction of exact exchange:             0.710000000
 Fraction of exact exchange:             0.710000000
 Fraction of exact exchange:             0.710000000
 Fraction of exact exchange:             0.710000000
 Fraction of exact exchange:             0.710000000
 Fraction of exact exchange:             0.710000000
 Fraction of exact exchange:             0.710000000
 Fraction of exact exchange:             0.710000000
 Fraction of exact exchange:             0.710000000
 Fraction of exact exchange:             0.710000000
 Fraction of exact exchange:             0.710000000
 Fraction of exact exchange:             0.710000000
 Fraction of exact exchange:             0.710000000
 Fraction of exact exchange:             0.710000000
 Fraction of exact exchange:             0.710000000
 Fraction of exact exchange:             0.710000000
 Fraction of exact exchange:             0.710000000
 Fraction of exact exchange:             0.710000000
 Fraction of exact exchange:             0.710000000
 Fraction of exact exchange:             0.710000000
 Fraction of exact exchange:             0.710000000
 Fraction of exact exchange:             0.710000000
 Fraction of exact exchange:             0.710000000
 Fraction of exact exchange:             0.710000000
 Fraction of exact exchange:             0.710000000
 Fraction of exact exchange:             0.710000000
 Fraction of exact exchange:             0.710000000
 Fraction of exact exchange:             0.710000000
 Fraction of exact exchange:             0.710000000
 Fraction of exact exchange:             0.710000000
 Fraction of exact exchange:             0.710000000
 Fraction of exact exchange:             0.710000000
 Fraction of exact exchange:             0.710000000
 Fraction of exact exchange:             0.710000000
 Fraction of exact exchange:             0.710000000
 Fraction of exact exchange:             0.710000000
 Fraction of exact exchange:             0.710000000
 Fraction of exact exchange:             0.710000000
 Fraction of exact exchange:             0.710000000
 Fraction of exact exchange:             0.710000000
 Fraction of exact exchange:             0.710000000
 Fraction of exact exchange:             0.710000000
 Fraction of exact exchange:             0.710000000
 Fraction of exact exchange:             0.710000000
 Fraction of exact exchange:             0.710000000
 Fraction of exact exchange:             0.710000000
 Fraction of exact exchange:             0.710000000
 Fraction of exact exchange:             0.710000000
 Fraction of exact exchange:             0.710000000
 Fraction of exact exchange:             0.710000000
 Fraction of exact exchange:             0.710000000
 Fraction of exact exchange:             0.710000000
 Fraction of exact exchange:             0.710000000
 Fraction of exact exchange:             0.710000000
 Fraction of exact exchange:             0.710000000
 Fraction of exact exchange:             0.710000000
 Fraction of exact exchange:             0.710000000
 Fraction of exact exchange:             0.710000000
 Fraction of exact exchange:             0.710000000
 Fraction of exact exchange:             0.710000000
 Fraction of exact exchange:             0.710000000
 Fraction of exact exchange:             0.710000000
 Fraction of exact exchange:             0.710000000
 Fraction of exact exchange:             0.710000000
 Fraction of exact exchange:             0.710000000
 Fraction of exact exchange:             0.710000000
 Fraction of exact exchange:             0.710000000
 Fraction of exact exchange:             0.710000000
 Fraction of exact exchange:             0.710000000
 Fraction of exact exchange:             0.710000000
 Fraction of exact exchange:             0.710000000
 Fraction of exact exchange:             0.710000000
 Fraction of exact exchange:             0.710000000
 Fraction of exact exchange:             0.710000000
 Fraction of exact exchange:             0.710000000
 Fraction of exact exchange:             0.710000000
 Fraction of exact exchange:             0.710000000
 Fraction of exact exchange:             0.710000000
 Fraction of exact exchange:             0.710000000
 Fraction of exact exchange:             0.710000000
 Fraction of exact exchange:             0.710000000
 Fraction of exact exchange:             0.710000000
 Fraction of exact exchange:             0.710000000
 Fraction of exact exchange:             0.710000000
 Fraction of exact exchange:             0.710000000
 Fraction of exact exchange:             0.710000000
 Fraction of exact exchange:             0.710000000
 Fraction of exact exchange:             0.710000000
 Fraction of exact exchange:             0.710000000
 Fraction of exact exchange:             0.710000000
 Fraction of exact exchange:             0.710000000
 Fraction of exact exchange:             0.710000000
 Fraction of exact exchange:             0.710000000
 Fraction of exact exchange:             0.710000000
 Fraction of exact exchange:             0.710000000
 Fraction of exact exchange:             0.710000000
 Fraction of exact exchange:             0.710000000
 Fraction of exact exchange:             0.710000000
 Fraction of exact exchange:             0.710000000
 Fraction of exact exchange:             0.710000000
 Fraction of exact exchange:             0.710000000
 Fraction of exact exchange:             0.710000000
 Fraction of exact exchange:             0.710000000
 Fraction of exact exchange:             0.710000000
 Fraction of exact exchange:             0.710000000
 Fraction of exact exchange:             0.710000000
 Fraction of exact exchange:             0.710000000
 Fraction of exact exchange:             0.710000000
 Fraction of exact exchange:             0.710000000
 Fraction of exact exchange:             0.710000000
 Fraction of exact exchange:             0.710000000
 Fraction of exact exchange:             0.710000000
 Fraction of exact exchange:             0.710000000
 Fraction of exact exchange:             0.710000000
 Fraction of exact exchange:             0.710000000
 Fraction of exact exchange:             0.710000000
 Fraction of exact exchange:             0.710000000
 Fraction of exact exchange:             0.710000000
 Fraction of exact exchange:             0.710000000
 Fraction of exact exchange:             0.710000000
 Fraction of exact exchange:             0.710000000
 Fraction of exact exchange:             0.710000000
 Fraction of exact exchange:             0.710000000
 Fraction of exact exchange:             0.710000000
 Fraction of exact exchange:             0.710000000
 Fraction of exact exchange:             0.710000000
 Fraction of exact exchange:             0.710000000
 Fraction of exact exchange:             0.710000000
 Fraction of exact exchange:             0.710000000
 Fraction of exact exchange:             0.710000000
 Fraction of exact exchange:             0.710000000
 Fraction of exact exchange:             0.710000000
 Fraction of exact exchange:             0.710000000
 Fraction of exact exchange:             0.710000000
 Fraction of exact exchange:             0.710000000
 Fraction of exact exchange:             0.710000000
 Fraction of exact exchange:             0.710000000
 Fraction of exact exchange:             0.710000000
 Fraction of exact exchange:             0.710000000
 Fraction of exact exchange:             0.710000000
 Fraction of exact exchange:             0.710000000
 Fraction of exact exchange:             0.710000000
 Fraction of exact exchange:             0.710000000
 Fraction of exact exchange:             0.710000000
 Fraction of exact exchange:             0.710000000
 Fraction of exact exchange:             0.710000000
 Fraction of exact exchange:             0.710000000
 Fraction of exact exchange:             0.710000000
 Fraction of exact exchange:             0.710000000
 Fraction of exact exchange:             0.710000000
 Fraction of exact exchange:             0.710000000
 Fraction of exact exchange:             0.710000000
 Fraction of exact exchange:             0.710000000
 Fraction of exact exchange:             0.710000000
 Fraction of exact exchange:             0.710000000
 Fraction of exact exchange:             0.710000000
 Fraction of exact exchange:             0.710000000
 Fraction of exact exchange:             0.710000000
 Fraction of exact exchange:             0.710000000
 Fraction of exact exchange:             0.710000000
 Fraction of exact exchange:             0.710000000
 Fraction of exact exchange:             0.710000000
 Fraction of exact exchange:             0.710000000
 Fraction of exact exchange:             0.710000000
 Fraction of exact exchange:             0.710000000
 Fraction of exact exchange:             0.710000000
 Fraction of exact exchange:             0.710000000
 Fraction of exact exchange:             0.710000000
 Fraction of exact exchange:             0.710000000
 Fraction of exact exchange:             0.710000000
 Fraction of exact exchange:             0.710000000
 Fraction of exact exchange:             0.710000000
 Fraction of exact exchange:             0.710000000
 Fraction of exact exchange:             0.710000000
 Fraction of exact exchange:             0.710000000
 Fraction of exact exchange:             0.710000000
 Fraction of exact exchange:             0.710000000
 Fraction of exact exchange:             0.710000000
 Fraction of exact exchange:             0.710000000
 Fraction of exact exchange:             0.710000000
 Fraction of exact exchange:             0.710000000
 Fraction of exact exchange:             0.710000000
 Fraction of exact exchange:             0.710000000
 Fraction of exact exchange:             0.710000000
 Fraction of exact exchange:             0.710000000
 Fraction of exact exchange:             0.710000000
 Fraction of exact exchange:             0.710000000
 Fraction of exact exchange:             0.710000000
 Fraction of exact exchange:             0.710000000
 Fraction of exact exchange:             0.710000000
 Fraction of exact exchange:             0.710000000
 Fraction of exact exchange:             0.710000000
 Fraction of exact exchange:             0.710000000
 Fraction of exact exchange:             0.710000000
 Fraction of exact exchange:             0.710000000
 Fraction of exact exchange:             0.710000000
 Fraction of exact exchange:             0.710000000
 Fraction of exact exchange:             0.710000000
 Fraction of exact exchange:             0.710000000
 Fraction of exact exchange:             0.710000000
 Fraction of exact exchange:             0.710000000
 Fraction of exact exchange:             0.710000000
 Fraction of exact exchange:             0.710000000
 Fraction of exact exchange:             0.710000000
 Fraction of exact exchange:             0.710000000
 Fraction of exact exchange:             0.710000000
 Fraction of exact exchange:             0.710000000
 Fraction of exact exchange:             0.710000000
 Fraction of exact exchange:             0.710000000
 Fraction of exact exchange:             0.710000000
 Fraction of exact exchange:             0.710000000
 Fraction of exact exchange:             0.710000000
 Fraction of exact exchange:             0.710000000
 Fraction of exact exchange:             0.710000000
 Fraction of exact exchange:             0.710000000
 Fraction of exact exchange:             0.710000000
 Fraction of exact exchange:             0.710000000
 Fraction of exact exchange:             0.710000000
 Fraction of exact exchange:             0.710000000
 Fraction of exact exchange:             0.710000000
 Fraction of exact exchange:             0.710000000
 Fraction of exact exchange:             0.710000000
 Fraction of exact exchange:             0.710000000
 Fraction of exact exchange:             0.710000000
 Fraction of exact exchange:             0.710000000
 Fraction of exact exchange:             0.710000000
 Fraction of exact exchange:             0.710000000
 Fraction of exact exchange:             0.710000000
 Fraction of exact exchange:             0.710000000
 Fraction of exact exchange:             0.710000000
 Fraction of exact exchange:             0.710000000
 Fraction of exact exchange:             0.710000000
 Fraction of exact exchange:             0.710000000
 Fraction of exact exchange:             0.710000000
 Fraction of exact exchange:             0.710000000
 Fraction of exact exchange:             0.710000000
 Fraction of exact exchange:             0.710000000
 Fraction of exact exchange:             0.710000000
 Fraction of exact exchange:             0.710000000
 Fraction of exact exchange:             0.710000000
 Fraction of exact exchange:             0.710000000
 Fraction of exact exchange:             0.710000000
 Fraction of exact exchange:             0.710000000
 Fraction of exact exchange:             0.710000000
 Fraction of exact exchange:             0.710000000
 Fraction of exact exchange:             0.710000000
 Fraction of exact exchange:             0.710000000
 Fraction of exact exchange:             0.710000000
 Fraction of exact exchange:             0.710000000
 Fraction of exact exchange:             0.710000000
 Fraction of exact exchange:             0.710000000
 Fraction of exact exchange:             0.710000000
 Fraction of exact exchange:             0.710000000
 Fraction of exact exchange:             0.710000000
 Fraction of exact exchange:             0.710000000
 Fraction of exact exchange:             0.710000000
 Fraction of exact exchange:             0.710000000
 Fraction of exact exchange:             0.710000000
 Fraction of exact exchange:             0.710000000
 Fraction of exact exchange:             0.710000000
 Fraction of exact exchange:             0.710000000
 Fraction of exact exchange:             0.710000000
 Fraction of exact exchange:             0.710000000
 Fraction of exact exchange:             0.710000000
 Fraction of exact exchange:             0.710000000
 Fraction of exact exchange:             0.710000000
 Fraction of exact exchange:             0.710000000
 Fraction of exact exchange:             0.710000000
 Fraction of exact exchange:             0.710000000
 Fraction of exact exchange:             0.710000000
 Fraction of exact exchange:             0.710000000
 Fraction of exact exchange:             0.710000000
 Fraction of exact exchange:             0.710000000
 Fraction of exact exchange:             0.710000000
 Fraction of exact exchange:             0.710000000
 Fraction of exact exchange:             0.710000000
 Fraction of exact exchange:             0.710000000
 Fraction of exact exchange:             0.710000000
 Fraction of exact exchange:             0.710000000
 Fraction of exact exchange:             0.710000000
 Fraction of exact exchange:             0.710000000
 Fraction of exact exchange:             0.710000000
 Fraction of exact exchange:             0.710000000
 Fraction of exact exchange:             0.710000000
 Fraction of exact exchange:             0.710000000
 Fraction of exact exchange:             0.710000000
 Fraction of exact exchange:             0.710000000
 Fraction of exact exchange:             0.710000000
 Fraction of exact exchange:             0.710000000
 Fraction of exact exchange:             0.710000000
 Fraction of exact exchange:             0.710000000
 Fraction of exact exchange:             0.710000000
 Fraction of exact exchange:             0.710000000
 Fraction of exact exchange:             0.710000000
 Fraction of exact exchange:             0.710000000
 Fraction of exact exchange:             0.710000000
 Fraction of exact exchange:             0.710000000
 Fraction of exact exchange:             0.710000000
 Fraction of exact exchange:             0.710000000
 Fraction of exact exchange:             0.710000000
 Fraction of exact exchange:             0.710000000
 Fraction of exact exchange:             0.710000000
 Fraction of exact exchange:             0.710000000
 Fraction of exact exchange:             0.710000000
 Fraction of exact exchange:             0.710000000
 Fraction of exact exchange:             0.710000000
 Fraction of exact exchange:             0.710000000
 Fraction of exact exchange:             0.710000000
 Fraction of exact exchange:             0.710000000
 Fraction of exact exchange:             0.710000000
 Fraction of exact exchange:             0.710000000
 Fraction of exact exchange:             0.710000000
 Fraction of exact exchange:             0.710000000
 Fraction of exact exchange:             0.710000000
 Fraction of exact exchange:             0.710000000
 Fraction of exact exchange:             0.710000000
 Fraction of exact exchange:             0.710000000
 Fraction of exact exchange:             0.710000000
 Fraction of exact exchange:             0.710000000
 Fraction of exact exchange:             0.710000000
 Fraction of exact exchange:             0.710000000
 Fraction of exact exchange:             0.710000000
 Fraction of exact exchange:             0.710000000
 Fraction of exact exchange:             0.710000000
 Fraction of exact exchange:             0.710000000
 Fraction of exact exchange:             0.710000000
 Fraction of exact exchange:             0.710000000
 Fraction of exact exchange:             0.710000000
 Fraction of exact exchange:             0.710000000
 Fraction of exact exchange:             0.710000000
 Fraction of exact exchange:             0.710000000
 Fraction of exact exchange:             0.710000000
 Fraction of exact exchange:             0.710000000
 Fraction of exact exchange:             0.710000000
 Fraction of exact exchange:             0.710000000
 Fraction of exact exchange:             0.710000000
 Fraction of exact exchange:             0.710000000
 Fraction of exact exchange:             0.710000000
 Fraction of exact exchange:             0.710000000
 Fraction of exact exchange:             0.710000000
 Fraction of exact exchange:             0.710000000
 Fraction of exact exchange:             0.710000000
 Fraction of exact exchange:             0.710000000
 Fraction of exact exchange:             0.710000000
 Fraction of exact exchange:             0.710000000
 Fraction of exact exchange:             0.710000000
 Fraction of exact exchange:             0.710000000
 Fraction of exact exchange:             0.710000000
 Fraction of exact exchange:             0.710000000
 Fraction of exact exchange:             0.710000000
 Fraction of exact exchange:             0.710000000
 Fraction of exact exchange:             0.710000000
 Fraction of exact exchange:             0.710000000
 Fraction of exact exchange:             0.710000000
 Fraction of exact exchange:             0.710000000
 Fraction of exact exchange:             0.710000000
 Fraction of exact exchange:             0.710000000
 Fraction of exact exchange:             0.710000000
 Fraction of exact exchange:             0.710000000
 Fraction of exact exchange:             0.710000000
 Fraction of exact exchange:             0.710000000
 Fraction of exact exchange:             0.710000000
 Fraction of exact exchange:             0.710000000
 Fraction of exact exchange:             0.710000000
 Fraction of exact exchange:             0.710000000
 Fraction of exact exchange:             0.710000000
 Fraction of exact exchange:             0.710000000
 Fraction of exact exchange:             0.710000000
 Fraction of exact exchange:             0.710000000
 Fraction of exact exchange:             0.710000000
 Fraction of exact exchange:             0.710000000
 Fraction of exact exchange:             0.710000000
 Fraction of exact exchange:             0.710000000
 Fraction of exact exchange:             0.710000000
 Fraction of exact exchange:             0.710000000
 Fraction of exact exchange:             0.710000000
 Fraction of exact exchange:             0.710000000
 Fraction of exact exchange:             0.710000000
 Fraction of exact exchange:             0.710000000
 Fraction of exact exchange:             0.710000000
 Fraction of exact exchange:             0.710000000
 Fraction of exact exchange:             0.710000000
 Fraction of exact exchange:             0.710000000
 Fraction of exact exchange:             0.710000000
 Fraction of exact exchange:             0.710000000
 Fraction of exact exchange:             0.710000000
 Fraction of exact exchange:             0.710000000
 Fraction of exact exchange:             0.710000000
 Fraction of exact exchange:             0.710000000
 Fraction of exact exchange:             0.710000000
 Fraction of exact exchange:             0.710000000
 Fraction of exact exchange:             0.710000000
 Fraction of exact exchange:             0.710000000
 Fraction of exact exchange:             0.710000000
 Fraction of exact exchange:             0.710000000
 Fraction of exact exchange:             0.710000000
 Fraction of exact exchange:             0.710000000
 Fraction of exact exchange:             0.710000000
 Fraction of exact exchange:             0.710000000
 Fraction of exact exchange:             0.710000000
 Fraction of exact exchange:             0.710000000
 Fraction of exact exchange:             0.710000000
 Fraction of exact exchange:             0.710000000
 Fraction of exact exchange:             0.710000000
 Fraction of exact exchange:             0.710000000
 Fraction of exact exchange:             0.710000000
 Fraction of exact exchange:             0.710000000
 Fraction of exact exchange:             0.710000000
 Fraction of exact exchange:             0.710000000
 Fraction of exact exchange:             0.710000000
 Fraction of exact exchange:             0.710000000
 Fraction of exact exchange:             0.710000000
 Fraction of exact exchange:             0.710000000
 Fraction of exact exchange:             0.710000000
 Fraction of exact exchange:             0.710000000
 Fraction of exact exchange:             0.710000000
 Fraction of exact exchange:             0.710000000
 Fraction of exact exchange:             0.710000000
 Fraction of exact exchange:             0.710000000
 Fraction of exact exchange:             0.710000000
 Fraction of exact exchange:             0.710000000
 Fraction of exact exchange:             0.710000000
 Fraction of exact exchange:             0.710000000
 Fraction of exact exchange:             0.710000000
 Fraction of exact exchange:             0.710000000
 Fraction of exact exchange:             0.710000000
 Fraction of exact exchange:             0.710000000
 Fraction of exact exchange:             0.710000000
 Fraction of exact exchange:             0.710000000
 Fraction of exact exchange:             0.710000000
 Fraction of exact exchange:             0.710000000
 Fraction of exact exchange:             0.710000000
 Fraction of exact exchange:             0.710000000
 Fraction of exact exchange:             0.710000000
 Fraction of exact exchange:             0.710000000
 Fraction of exact exchange:             0.710000000
 Fraction of exact exchange:             0.710000000
 Fraction of exact exchange:             0.710000000
 Fraction of exact exchange:             0.710000000
 Fraction of exact exchange:             0.710000000
 Fraction of exact exchange:             0.710000000
 Fraction of exact exchange:             0.710000000
 Fraction of exact exchange:             0.710000000
 Fraction of exact exchange:             0.710000000
 Fraction of exact exchange:             0.710000000
 Fraction of exact exchange:             0.710000000
 Fraction of exact exchange:             0.710000000
 Fraction of exact exchange:             0.710000000
 Fraction of exact exchange:             0.710000000
 Fraction of exact exchange:             0.710000000
 Fraction of exact exchange:             0.710000000
 Fraction of exact exchange:             0.710000000
 Fraction of exact exchange:             0.710000000
 Fraction of exact exchange:             0.710000000
 Fraction of exact exchange:             0.710000000
 Fraction of exact exchange:             0.710000000
 Fraction of exact exchange:             0.710000000
 Fraction of exact exchange:             0.710000000
 Fraction of exact exchange:             0.710000000
 Fraction of exact exchange:             0.710000000
 Fraction of exact exchange:             0.710000000
 Fraction of exact exchange:             0.710000000
 Fraction of exact exchange:             0.710000000
 Fraction of exact exchange:             0.710000000
 Fraction of exact exchange:             0.710000000
 Fraction of exact exchange:             0.710000000
 Fraction of exact exchange:             0.710000000
 Fraction of exact exchange:             0.710000000
 Fraction of exact exchange:             0.710000000
 Fraction of exact exchange:             0.710000000
 Fraction of exact exchange:             0.710000000
 Fraction of exact exchange:             0.710000000
 Fraction of exact exchange:             0.710000000
 Fraction of exact exchange:             0.710000000
 Fraction of exact exchange:             0.710000000
 Fraction of exact exchange:             0.710000000
 Fraction of exact exchange:             0.710000000
 Fraction of exact exchange:             0.710000000
 Fraction of exact exchange:             0.710000000
 Fraction of exact exchange:             0.710000000
 Fraction of exact exchange:             0.710000000
 Fraction of exact exchange:             0.710000000
 Fraction of exact exchange:             0.710000000
 Fraction of exact exchange:             0.710000000
 Fraction of exact exchange:             0.710000000
 Fraction of exact exchange:             0.710000000
 Fraction of exact exchange:             0.710000000
 Fraction of exact exchange:             0.710000000
 Fraction of exact exchange:             0.710000000
 Fraction of exact exchange:             0.710000000
 Fraction of exact exchange:             0.710000000
 Fraction of exact exchange:             0.710000000
 Fraction of exact exchange:             0.710000000
 Fraction of exact exchange:             0.710000000
 Fraction of exact exchange:             0.710000000
 Fraction of exact exchange:             0.710000000
 Fraction of exact exchange:             0.710000000
 Fraction of exact exchange:             0.710000000
 Fraction of exact exchange:             0.710000000
 Fraction of exact exchange:             0.710000000
 Fraction of exact exchange:             0.710000000
 Fraction of exact exchange:             0.710000000
 Fraction of exact exchange:             0.710000000
 Fraction of exact exchange:             0.710000000
 Fraction of exact exchange:             0.710000000
 Fraction of exact exchange:             0.710000000
 Fraction of exact exchange:             0.710000000
 Fraction of exact exchange:             0.710000000
 Fraction of exact exchange:             0.710000000
 Fraction of exact exchange:             0.710000000
 Fraction of exact exchange:             0.710000000
 Fraction of exact exchange:             0.710000000
 Fraction of exact exchange:             0.710000000
 Fraction of exact exchange:             0.710000000
 Fraction of exact exchange:             0.710000000
 Fraction of exact exchange:             0.710000000
 Fraction of exact exchange:             0.710000000
 Fraction of exact exchange:             0.710000000
 Fraction of exact exchange:             0.710000000
 Fraction of exact exchange:             0.710000000
 Fraction of exact exchange:             0.710000000
 Fraction of exact exchange:             0.710000000
 Fraction of exact exchange:             0.710000000
 Fraction of exact exchange:             0.710000000
 Fraction of exact exchange:             0.710000000
 Fraction of exact exchange:             0.710000000
 Fraction of exact exchange:             0.710000000
 Fraction of exact exchange:             0.710000000
 Fraction of exact exchange:             0.710000000
 Fraction of exact exchange:             0.710000000
 Fraction of exact exchange:             0.710000000
 Fraction of exact exchange:             0.710000000
 Fraction of exact exchange:             0.710000000
 Fraction of exact exchange:             0.710000000
 Fraction of exact exchange:             0.710000000
 Fraction of exact exchange:             0.710000000
 Fraction of exact exchange:             0.710000000
 Fraction of exact exchange:             0.710000000
 Fraction of exact exchange:             0.710000000
 Fraction of exact exchange:             0.710000000
 Fraction of exact exchange:             0.710000000
 Fraction of exact exchange:             0.710000000
 Fraction of exact exchange:             0.710000000
 Fraction of exact exchange:             0.710000000
 Fraction of exact exchange:             0.710000000
 Fraction of exact exchange:             0.710000000
 Fraction of exact exchange:             0.710000000
 Fraction of exact exchange:             0.710000000
 Fraction of exact exchange:             0.710000000
 Fraction of exact exchange:             0.710000000
 Fraction of exact exchange:             0.710000000
 Fraction of exact exchange:             0.710000000
 Fraction of exact exchange:             0.710000000
 Fraction of exact exchange:             0.710000000
 Fraction of exact exchange:             0.710000000
 Fraction of exact exchange:             0.710000000
 Fraction of exact exchange:             0.710000000
 Fraction of exact exchange:             0.710000000
 Fraction of exact exchange:             0.710000000
 Fraction of exact exchange:             0.710000000
 Fraction of exact exchange:             0.710000000
 Fraction of exact exchange:             0.710000000
 Fraction of exact exchange:             0.710000000
 Fraction of exact exchange:             0.710000000
 Fraction of exact exchange:             0.710000000
 Fraction of exact exchange:             0.710000000
 Fraction of exact exchange:             0.710000000
 Fraction of exact exchange:             0.710000000
 Fraction of exact exchange:             0.710000000
 Fraction of exact exchange:             0.710000000
 Fraction of exact exchange:             0.710000000
 Fraction of exact exchange:             0.710000000
 Fraction of exact exchange:             0.710000000
 Fraction of exact exchange:             0.710000000
 Fraction of exact exchange:             0.710000000
 Fraction of exact exchange:             0.710000000
 Fraction of exact exchange:             0.710000000
 Fraction of exact exchange:             0.710000000
 Fraction of exact exchange:             0.710000000
 Fraction of exact exchange:             0.710000000
 Fraction of exact exchange:             0.710000000
 Fraction of exact exchange:             0.710000000
 Fraction of exact exchange:             0.710000000
 Fraction of exact exchange:             0.710000000
 Fraction of exact exchange:             0.710000000
 Fraction of exact exchange:             0.710000000
 Fraction of exact exchange:             0.710000000
 Fraction of exact exchange:             0.710000000
 Fraction of exact exchange:             0.710000000
 Fraction of exact exchange:             0.710000000
 Fraction of exact exchange:             0.710000000
 Fraction of exact exchange:             0.710000000
 Fraction of exact exchange:             0.710000000
 Fraction of exact exchange:             0.710000000
 Fraction of exact exchange:             0.710000000
 Fraction of exact exchange:             0.710000000
 Fraction of exact exchange:             0.710000000
 Fraction of exact exchange:             0.710000000
 Fraction of exact exchange:             0.710000000
 Fraction of exact exchange:             0.710000000
 Fraction of exact exchange:             0.710000000
 Fraction of exact exchange:             0.710000000
 Fraction of exact exchange:             0.710000000
 Fraction of exact exchange:             0.710000000
 Fraction of exact exchange:             0.710000000
 Fraction of exact exchange:             0.710000000
 Fraction of exact exchange:             0.710000000
 Fraction of exact exchange:             0.710000000
 Fraction of exact exchange:             0.710000000
 Fraction of exact exchange:             0.710000000
 Fraction of exact exchange:             0.710000000
 Fraction of exact exchange:             0.710000000
 Fraction of exact exchange:             0.710000000
 Fraction of exact exchange:             0.710000000
 Fraction of exact exchange:             0.710000000
 Fraction of exact exchange:             0.710000000
 Fraction of exact exchange:             0.710000000
 Fraction of exact exchange:             0.710000000
 Fraction of exact exchange:             0.710000000
 Fraction of exact exchange:             0.710000000
 Fraction of exact exchange:             0.710000000
 Fraction of exact exchange:             0.710000000
 Fraction of exact exchange:             0.710000000
 Fraction of exact exchange:             0.710000000
 Fraction of exact exchange:             0.710000000
 Fraction of exact exchange:             0.710000000
 Fraction of exact exchange:             0.710000000
 Fraction of exact exchange:             0.710000000
 Fraction of exact exchange:             0.710000000
 Fraction of exact exchange:             0.710000000
 Fraction of exact exchange:             0.710000000
 Fraction of exact exchange:             0.710000000
 Fraction of exact exchange:             0.710000000
 Fraction of exact exchange:             0.710000000
 Fraction of exact exchange:             0.710000000
 Fraction of exact exchange:             0.710000000
 Fraction of exact exchange:             0.710000000
 Fraction of exact exchange:             0.710000000
 Fraction of exact exchange:             0.710000000
 Fraction of exact exchange:             0.710000000
 Fraction of exact exchange:             0.710000000
 Fraction of exact exchange:             0.710000000
 Fraction of exact exchange:             0.710000000
 Fraction of exact exchange:             0.710000000
 Fraction of exact exchange:             0.710000000
 Fraction of exact exchange:             0.710000000
 Fraction of exact exchange:             0.710000000
 Fraction of exact exchange:             0.710000000
 Fraction of exact exchange:             0.710000000
 Fraction of exact exchange:             0.710000000
 Fraction of exact exchange:             0.710000000
 Fraction of exact exchange:             0.710000000
 Fraction of exact exchange:             0.710000000
 Fraction of exact exchange:             0.710000000
 Fraction of exact exchange:             0.710000000
 Fraction of exact exchange:             0.710000000
 Fraction of exact exchange:             0.710000000
 Fraction of exact exchange:             0.710000000
 Fraction of exact exchange:             0.710000000
 Fraction of exact exchange:             0.710000000
 Fraction of exact exchange:             0.710000000
 Fraction of exact exchange:             0.710000000
 Fraction of exact exchange:             0.710000000
 Fraction of exact exchange:             0.710000000
 Fraction of exact exchange:             0.710000000
 Fraction of exact exchange:             0.710000000
 Fraction of exact exchange:             0.710000000
 Fraction of exact exchange:             0.710000000
 Fraction of exact exchange:             0.710000000
 Fraction of exact exchange:             0.710000000
 Fraction of exact exchange:             0.710000000
 Fraction of exact exchange:             0.710000000
 Fraction of exact exchange:             0.710000000
 Fraction of exact exchange:             0.710000000
 Fraction of exact exchange:             0.710000000
 Fraction of exact exchange:             0.710000000
 Fraction of exact exchange:             0.710000000
 Fraction of exact exchange:             0.710000000
 Fraction of exact exchange:             0.710000000
 Fraction of exact exchange:             0.710000000
 Fraction of exact exchange:             0.710000000
 Fraction of exact exchange:             0.710000000
 Fraction of exact exchange:             0.710000000
 Fraction of exact exchange:             0.710000000
 Fraction of exact exchange:             0.710000000
 Fraction of exact exchange:             0.710000000
 Fraction of exact exchange:             0.710000000
 Fraction of exact exchange:             0.710000000
 Fraction of exact exchange:             0.710000000
 Fraction of exact exchange:             0.710000000
 Fraction of exact exchange:             0.710000000
 Fraction of exact exchange:             0.710000000
 Fraction of exact exchange:             0.710000000
 Fraction of exact exchange:             0.710000000
 Fraction of exact exchange:             0.710000000
 Fraction of exact exchange:             0.710000000
 Fraction of exact exchange:             0.710000000
 Fraction of exact exchange:             0.710000000
 Fraction of exact exchange:             0.710000000
 Fraction of exact exchange:             0.710000000
 Fraction of exact exchange:             0.710000000
 Fraction of exact exchange:             0.710000000
 Fraction of exact exchange:             0.710000000
 Fraction of exact exchange:             0.710000000
 Fraction of exact exchange:             0.710000000
 Fraction of exact exchange:             0.710000000
 Fraction of exact exchange:             0.710000000
 Fraction of exact exchange:             0.710000000
 Fraction of exact exchange:             0.710000000
 Fraction of exact exchange:             0.710000000
 Fraction of exact exchange:             0.710000000
 Fraction of exact exchange:             0.710000000
 Fraction of exact exchange:             0.710000000
 Fraction of exact exchange:             0.710000000
 Fraction of exact exchange:             0.710000000
 Fraction of exact exchange:             0.710000000
 Fraction of exact exchange:             0.710000000
 Fraction of exact exchange:             0.710000000
 Fraction of exact exchange:             0.710000000
 Fraction of exact exchange:             0.710000000
 Fraction of exact exchange:             0.710000000
 Fraction of exact exchange:             0.710000000
 Fraction of exact exchange:             0.710000000
 Fraction of exact exchange:             0.710000000
 Fraction of exact exchange:             0.710000000
 Fraction of exact exchange:             0.710000000
 Fraction of exact exchange:             0.710000000
 Fraction of exact exchange:             0.710000000
 Fraction of exact exchange:             0.710000000
 Fraction of exact exchange:             0.710000000
 Fraction of exact exchange:             0.710000000
 Fraction of exact exchange:             0.710000000
 Fraction of exact exchange:             0.710000000
 Fraction of exact exchange:             0.710000000
 Fraction of exact exchange:             0.710000000
 Fraction of exact exchange:             0.710000000
 Fraction of exact exchange:             0.710000000
 Fraction of exact exchange:             0.710000000
 Fraction of exact exchange:             0.710000000
 Fraction of exact exchange:             0.710000000
 Fraction of exact exchange:             0.710000000
 Fraction of exact exchange:             0.710000000
 Fraction of exact exchange:             0.710000000
 Fraction of exact exchange:             0.710000000
 Fraction of exact exchange:             0.710000000
 Fraction of exact exchange:             0.710000000
 Fraction of exact exchange:             0.710000000
 Fraction of exact exchange:             0.710000000
 Fraction of exact exchange:             0.710000000
 Fraction of exact exchange:             0.710000000
 Fraction of exact exchange:             0.710000000
 Fraction of exact exchange:             0.710000000
 Fraction of exact exchange:             0.710000000
 Fraction of exact exchange:             0.710000000
 Fraction of exact exchange:             0.710000000
 Fraction of exact exchange:             0.710000000
 Fraction of exact exchange:             0.710000000
 Fraction of exact exchange:             0.710000000
 Fraction of exact exchange:             0.710000000
 Fraction of exact exchange:             0.710000000
 Fraction of exact exchange:             0.710000000
 Fraction of exact exchange:             0.710000000
 Fraction of exact exchange:             0.710000000
 Fraction of exact exchange:             0.710000000
 Fraction of exact exchange:             0.710000000
 Fraction of exact exchange:             0.710000000
 Fraction of exact exchange:             0.710000000
 Fraction of exact exchange:             0.710000000
 Fraction of exact exchange:             0.710000000
 Fraction of exact exchange:             0.710000000
 Fraction of exact exchange:             0.710000000
 Fraction of exact exchange:             0.710000000
 Fraction of exact exchange:             0.710000000
 Fraction of exact exchange:             0.710000000
 Fraction of exact exchange:             0.710000000
 Fraction of exact exchange:             0.710000000
 Fraction of exact exchange:             0.710000000
 Fraction of exact exchange:             0.710000000
 Fraction of exact exchange:             0.710000000
 Fraction of exact exchange:             0.710000000
 Fraction of exact exchange:             0.710000000
 Fraction of exact exchange:             0.710000000
 Fraction of exact exchange:             0.710000000
 Fraction of exact exchange:             0.710000000
 Fraction of exact exchange:             0.710000000
 Fraction of exact exchange:             0.710000000
 Fraction of exact exchange:             0.710000000
 Fraction of exact exchange:             0.710000000
 Fraction of exact exchange:             0.710000000
 Fraction of exact exchange:             0.710000000
 Fraction of exact exchange:             0.710000000
 Fraction of exact exchange:             0.710000000
 Fraction of exact exchange:             0.710000000
 Fraction of exact exchange:             0.710000000
 Fraction of exact exchange:             0.710000000
 Fraction of exact exchange:             0.710000000
 Fraction of exact exchange:             0.710000000
 Fraction of exact exchange:             0.710000000
 Fraction of exact exchange:             0.710000000
 Fraction of exact exchange:             0.710000000
 Fraction of exact exchange:             0.710000000
 Fraction of exact exchange:             0.710000000
 Fraction of exact exchange:             0.710000000
 Fraction of exact exchange:             0.710000000
 Fraction of exact exchange:             0.710000000
 Fraction of exact exchange:             0.710000000
 Fraction of exact exchange:             0.710000000
 Fraction of exact exchange:             0.710000000
 Fraction of exact exchange:             0.710000000
 Fraction of exact exchange:             0.710000000
 Fraction of exact exchange:             0.710000000
 Fraction of exact exchange:             0.710000000
 Fraction of exact exchange:             0.710000000
 Fraction of exact exchange:             0.710000000
 Fraction of exact exchange:             0.710000000
 Fraction of exact exchange:             0.710000000
 Fraction of exact exchange:             0.710000000
 Fraction of exact exchange:             0.710000000
 Fraction of exact exchange:             0.710000000
 Fraction of exact exchange:             0.710000000
 Fraction of exact exchange:             0.710000000
 Fraction of exact exchange:             0.710000000
 Fraction of exact exchange:             0.710000000
 Fraction of exact exchange:             0.710000000
 Fraction of exact exchange:             0.710000000
 Fraction of exact exchange:             0.710000000
 Fraction of exact exchange:             0.710000000
 Fraction of exact exchange:             0.710000000
 Fraction of exact exchange:             0.710000000
 Fraction of exact exchange:             0.710000000
 Fraction of exact exchange:             0.710000000
 Fraction of exact exchange:             0.710000000
 Fraction of exact exchange:             0.710000000
 Fraction of exact exchange:             0.710000000
 Fraction of exact exchange:             0.710000000
 Fraction of exact exchange:             0.710000000
 Fraction of exact exchange:             0.710000000
 Fraction of exact exchange:             0.710000000
 Fraction of exact exchange:             0.710000000
 Fraction of exact exchange:             0.710000000
 Fraction of exact exchange:             0.710000000
 Fraction of exact exchange:             0.710000000
 Fraction of exact exchange:             0.710000000
 Fraction of exact exchange:             0.710000000
 Fraction of exact exchange:             0.710000000
 Fraction of exact exchange:             0.710000000
 Fraction of exact exchange:             0.710000000
 Fraction of exact exchange:             0.710000000
 Fraction of exact exchange:             0.710000000
 Fraction of exact exchange:             0.710000000
 Fraction of exact exchange:             0.710000000
 Fraction of exact exchange:             0.710000000
 Fraction of exact exchange:             0.710000000
 Fraction of exact exchange:             0.710000000
 Fraction of exact exchange:             0.710000000
 Fraction of exact exchange:             0.710000000
 Fraction of exact exchange:             0.710000000
 Fraction of exact exchange:             0.710000000
 Fraction of exact exchange:             0.710000000
 Fraction of exact exchange:             0.710000000
 Fraction of exact exchange:             0.710000000
 Fraction of exact exchange:             0.710000000
 Fraction of exact exchange:             0.710000000
 Fraction of exact exchange:             0.710000000
 Fraction of exact exchange:             0.710000000
 Fraction of exact exchange:             0.710000000
 Fraction of exact exchange:             0.710000000
 Fraction of exact exchange:             0.710000000
 Fraction of exact exchange:             0.710000000
 Fraction of exact exchange:             0.710000000
 Fraction of exact exchange:             0.710000000
 Fraction of exact exchange:             0.710000000
 Fraction of exact exchange:             0.710000000
 Fraction of exact exchange:             0.710000000
 Fraction of exact exchange:             0.710000000
 Fraction of exact exchange:             0.710000000
 Fraction of exact exchange:             0.710000000
 Fraction of exact exchange:             0.710000000
 Fraction of exact exchange:             0.710000000
 Fraction of exact exchange:             0.710000000
 Fraction of exact exchange:             0.710000000
 Fraction of exact exchange:             0.710000000
 Fraction of exact exchange:             0.710000000
 Fraction of exact exchange:             0.710000000
 Fraction of exact exchange:             0.710000000
 Fraction of exact exchange:             0.710000000
 Fraction of exact exchange:             0.710000000
 Fraction of exact exchange:             0.710000000
 Fraction of exact exchange:             0.710000000
 Fraction of exact exchange:             0.710000000
 Fraction of exact exchange:             0.710000000
 Fraction of exact exchange:             0.710000000
 Fraction of exact exchange:             0.710000000
 Fraction of exact exchange:             0.710000000
 Fraction of exact exchange:             0.710000000
 Fraction of exact exchange:             0.710000000
 Fraction of exact exchange:             0.710000000
 Fraction of exact exchange:             0.710000000
 Fraction of exact exchange:             0.710000000
 Fraction of exact exchange:             0.710000000
 Fraction of exact exchange:             0.710000000
 Fraction of exact exchange:             0.710000000
 Fraction of exact exchange:             0.710000000
 Fraction of exact exchange:             0.710000000
 Fraction of exact exchange:             0.710000000
 Fraction of exact exchange:             0.710000000
 Fraction of exact exchange:             0.710000000
 Fraction of exact exchange:             0.710000000
 Fraction of exact exchange:             0.710000000
 Fraction of exact exchange:             0.710000000
 Fraction of exact exchange:             0.710000000
 Fraction of exact exchange:             0.710000000
 Fraction of exact exchange:             0.710000000
 Fraction of exact exchange:             0.710000000
 Fraction of exact exchange:             0.710000000
 Fraction of exact exchange:             0.710000000
 Fraction of exact exchange:             0.710000000
 Fraction of exact exchange:             0.710000000
 Fraction of exact exchange:             0.710000000
 Fraction of exact exchange:             0.710000000
 Fraction of exact exchange:             0.710000000
 Fraction of exact exchange:             0.710000000
 Fraction of exact exchange:             0.710000000
 Fraction of exact exchange:             0.710000000
 Fraction of exact exchange:             0.710000000
 Fraction of exact exchange:             0.710000000
 Fraction of exact exchange:             0.710000000
 Fraction of exact exchange:             0.710000000
 Fraction of exact exchange:             0.710000000
 Fraction of exact exchange:             0.710000000
 Fraction of exact exchange:             0.710000000
 Fraction of exact exchange:             0.710000000
 Fraction of exact exchange:             0.710000000
 Fraction of exact exchange:             0.710000000
 Fraction of exact exchange:             0.710000000
 Fraction of exact exchange:             0.710000000
 Fraction of exact exchange:             0.710000000
 Fraction of exact exchange:             0.710000000
 Fraction of exact exchange:             0.710000000
 Fraction of exact exchange:             0.710000000
 Fraction of exact exchange:             0.710000000
 Fraction of exact exchange:             0.710000000
 Fraction of exact exchange:             0.710000000
 Fraction of exact exchange:             0.710000000
 Fraction of exact exchange:             0.710000000
 Fraction of exact exchange:             0.710000000
 Fraction of exact exchange:             0.710000000
 Fraction of exact exchange:             0.710000000
 Fraction of exact exchange:             0.710000000
 Fraction of exact exchange:             0.710000000
 Fraction of exact exchange:             0.710000000
 Fraction of exact exchange:             0.710000000
 Fraction of exact exchange:             0.710000000
 Fraction of exact exchange:             0.710000000
 Fraction of exact exchange:             0.710000000
 Fraction of exact exchange:             0.710000000
 Fraction of exact exchange:             0.710000000
 Fraction of exact exchange:             0.710000000
 Fraction of exact exchange:             0.710000000
 Fraction of exact exchange:             0.710000000
 Fraction of exact exchange:             0.710000000
 Fraction of exact exchange:             0.710000000
 Fraction of exact exchange:             0.710000000
 Fraction of exact exchange:             0.710000000
 Fraction of exact exchange:             0.710000000
 Fraction of exact exchange:             0.710000000
 Fraction of exact exchange:             0.710000000
 Fraction of exact exchange:             0.710000000
 Fraction of exact exchange:             0.710000000
 Fraction of exact exchange:             0.710000000
 Fraction of exact exchange:             0.710000000
 Fraction of exact exchange:             0.710000000
 Fraction of exact exchange:             0.710000000
 Fraction of exact exchange:             0.710000000
 Fraction of exact exchange:             0.710000000
 Fraction of exact exchange:             0.710000000
 Fraction of exact exchange:             0.710000000
 Fraction of exact exchange:             0.710000000
 Fraction of exact exchange:             0.710000000
 Fraction of exact exchange:             0.710000000
 Fraction of exact exchange:             0.710000000
 Fraction of exact exchange:             0.710000000
 Fraction of exact exchange:             0.710000000
 Fraction of exact exchange:             0.710000000
 Fraction of exact exchange:             0.710000000
 Fraction of exact exchange:             0.710000000
 Fraction of exact exchange:             0.710000000
 Fraction of exact exchange:             0.710000000
 Fraction of exact exchange:             0.710000000
 Fraction of exact exchange:             0.710000000
 Fraction of exact exchange:             0.710000000
 Fraction of exact exchange:             0.710000000
 Fraction of exact exchange:             0.710000000
 Fraction of exact exchange:             0.710000000
 Fraction of exact exchange:             0.710000000
 Fraction of exact exchange:             0.710000000
 Fraction of exact exchange:             0.710000000
 Fraction of exact exchange:             0.710000000
 Fraction of exact exchange:             0.710000000
 Fraction of exact exchange:             0.710000000
 Fraction of exact exchange:             0.710000000
 Fraction of exact exchange:             0.710000000
 Fraction of exact exchange:             0.710000000
 Fraction of exact exchange:             0.710000000
 Fraction of exact exchange:             0.710000000
 Fraction of exact exchange:             0.710000000
 Fraction of exact exchange:             0.710000000
 Fraction of exact exchange:             0.710000000
 Fraction of exact exchange:             0.710000000
 Fraction of exact exchange:             0.710000000
 Fraction of exact exchange:             0.710000000
 Fraction of exact exchange:             0.710000000
 Fraction of exact exchange:             0.710000000
 Fraction of exact exchange:             0.710000000
 Fraction of exact exchange:             0.710000000
 Fraction of exact exchange:             0.710000000
 Fraction of exact exchange:             0.710000000
 Fraction of exact exchange:             0.710000000
 Fraction of exact exchange:             0.710000000
 Fraction of exact exchange:             0.710000000
 Fraction of exact exchange:             0.710000000
 Fraction of exact exchange:             0.710000000
 Fraction of exact exchange:             0.710000000
 Fraction of exact exchange:             0.710000000
 Fraction of exact exchange:             0.710000000
 Fraction of exact exchange:             0.710000000
 Fraction of exact exchange:             0.710000000
 Fraction of exact exchange:             0.710000000
 Fraction of exact exchange:             0.710000000
 Fraction of exact exchange:             0.710000000
 Fraction of exact exchange:             0.710000000
 Fraction of exact exchange:             0.710000000
 Fraction of exact exchange:             0.710000000
 Fraction of exact exchange:             0.710000000
 Fraction of exact exchange:             0.710000000
 Fraction of exact exchange:             0.710000000
 Fraction of exact exchange:             0.710000000
 Fraction of exact exchange:             0.710000000
 Fraction of exact exchange:             0.710000000
 Fraction of exact exchange:             0.710000000
 Fraction of exact exchange:             0.710000000
 Fraction of exact exchange:             0.710000000
 Fraction of exact exchange:             0.710000000
 Fraction of exact exchange:             0.710000000
 Fraction of exact exchange:             0.710000000
 Fraction of exact exchange:             0.710000000
 Fraction of exact exchange:             0.710000000
 Fraction of exact exchange:             0.710000000
 Fraction of exact exchange:             0.710000000
 Fraction of exact exchange:             0.710000000
 Fraction of exact exchange:             0.710000000
 Fraction of exact exchange:             0.710000000
 Fraction of exact exchange:             0.710000000
 Fraction of exact exchange:             0.710000000
 Fraction of exact exchange:             0.710000000
 Fraction of exact exchange:             0.710000000
 Fraction of exact exchange:             0.710000000
 Fraction of exact exchange:             0.710000000
 Fraction of exact exchange:             0.710000000
 Fraction of exact exchange:             0.710000000
 Fraction of exact exchange:             0.710000000
 Fraction of exact exchange:             0.710000000
 Fraction of exact exchange:             0.710000000
 Fraction of exact exchange:             0.710000000
 Fraction of exact exchange:             0.710000000
 Fraction of exact exchange:             0.710000000
 Fraction of exact exchange:             0.710000000
 Fraction of exact exchange:             0.710000000
 Fraction of exact exchange:             0.710000000
 Fraction of exact exchange:             0.710000000
 Fraction of exact exchange:             0.710000000
 Fraction of exact exchange:             0.710000000
 Fraction of exact exchange:             0.710000000
 Fraction of exact exchange:             0.710000000
 Fraction of exact exchange:             0.710000000
 Fraction of exact exchange:             0.710000000
 Fraction of exact exchange:             0.710000000
 Fraction of exact exchange:             0.710000000
 Fraction of exact exchange:             0.710000000
 Fraction of exact exchange:             0.710000000
 Fraction of exact exchange:             0.710000000
 Fraction of exact exchange:             0.710000000
 Fraction of exact exchange:             0.710000000
 Fraction of exact exchange:             0.710000000
 Fraction of exact exchange:             0.710000000
 Fraction of exact exchange:             0.710000000
 Fraction of exact exchange:             0.710000000
 Fraction of exact exchange:             0.710000000
 Fraction of exact exchange:             0.710000000
 Fraction of exact exchange:             0.710000000
 Fraction of exact exchange:             0.710000000
 Fraction of exact exchange:             0.710000000
 Fraction of exact exchange:             0.710000000
 Fraction of exact exchange:             0.710000000
 Fraction of exact exchange:             0.710000000
 Fraction of exact exchange:             0.710000000
 Fraction of exact exchange:             0.710000000
 Fraction of exact exchange:             0.710000000
 Fraction of exact exchange:             0.710000000
 Fraction of exact exchange:             0.710000000
 Fraction of exact exchange:             0.710000000
 Fraction of exact exchange:             0.710000000
 Fraction of exact exchange:             0.710000000
 Fraction of exact exchange:             0.710000000
 Fraction of exact exchange:             0.710000000
 Fraction of exact exchange:             0.710000000
 Fraction of exact exchange:             0.710000000
 Fraction of exact exchange:             0.710000000
 Fraction of exact exchange:             0.710000000
 Fraction of exact exchange:             0.710000000
 Fraction of exact exchange:             0.710000000
 Fraction of exact exchange:             0.710000000
 Fraction of exact exchange:             0.710000000
 Fraction of exact exchange:             0.710000000
 Fraction of exact exchange:             0.710000000
 Fraction of exact exchange:             0.710000000
 Fraction of exact exchange:             0.710000000
 Fraction of exact exchange:             0.710000000
 Fraction of exact exchange:             0.710000000
 Fraction of exact exchange:             0.710000000
 Fraction of exact exchange:             0.710000000
 Fraction of exact exchange:             0.710000000
 Fraction of exact exchange:             0.710000000
 Fraction of exact exchange:             0.710000000
 Fraction of exact exchange:             0.710000000
 Fraction of exact exchange:             0.710000000
 Fraction of exact exchange:             0.710000000
 Fraction of exact exchange:             0.710000000
 Fraction of exact exchange:             0.710000000
 Fraction of exact exchange:             0.710000000
 Fraction of exact exchange:             0.710000000
 Fraction of exact exchange:             0.710000000
 Fraction of exact exchange:             0.710000000
 Fraction of exact exchange:             0.710000000
 Fraction of exact exchange:             0.710000000
 Fraction of exact exchange:             0.710000000
 Fraction of exact exchange:             0.710000000
 Fraction of exact exchange:             0.710000000
 Fraction of exact exchange:             0.710000000
 Fraction of exact exchange:             0.710000000
 Fraction of exact exchange:             0.710000000
 Fraction of exact exchange:             0.710000000
 Fraction of exact exchange:             0.710000000
 Fraction of exact exchange:             0.710000000
 Fraction of exact exchange:             0.710000000
 Fraction of exact exchange:             0.710000000
 Fraction of exact exchange:             0.710000000
 Fraction of exact exchange:             0.710000000
 Fraction of exact exchange:             0.710000000
 Fraction of exact exchange:             0.710000000
 Fraction of exact exchange:             0.710000000
 Fraction of exact exchange:             0.710000000
 Fraction of exact exchange:             0.710000000
 Fraction of exact exchange:             0.710000000
 Fraction of exact exchange:             0.710000000
 Fraction of exact exchange:             0.710000000
 Fraction of exact exchange:             0.710000000
 Fraction of exact exchange:             0.710000000
 Fraction of exact exchange:             0.710000000
 Fraction of exact exchange:             0.710000000
 Fraction of exact exchange:             0.710000000
 Fraction of exact exchange:             0.710000000
 Fraction of exact exchange:             0.710000000
 Fraction of exact exchange:             0.710000000
 Fraction of exact exchange:             0.710000000
 Fraction of exact exchange:             0.710000000
 Fraction of exact exchange:             0.710000000
 Fraction of exact exchange:             0.710000000
 Fraction of exact exchange:             0.710000000
 Fraction of exact exchange:             0.710000000
 Fraction of exact exchange:             0.710000000
 Fraction of exact exchange:             0.710000000
 Fraction of exact exchange:             0.710000000
 Fraction of exact exchange:             0.710000000
 Fraction of exact exchange:             0.710000000
 Fraction of exact exchange:             0.710000000
 Fraction of exact exchange:             0.710000000
 Fraction of exact exchange:             0.710000000
 Fraction of exact exchange:             0.710000000
 Fraction of exact exchange:             0.710000000
 Fraction of exact exchange:             0.710000000
 Fraction of exact exchange:             0.710000000
 Fraction of exact exchange:             0.710000000
 Fraction of exact exchange:             0.710000000
 Fraction of exact exchange:             0.710000000
 Fraction of exact exchange:             0.710000000
 Fraction of exact exchange:             0.710000000
 Fraction of exact exchange:             0.710000000
 Fraction of exact exchange:             0.710000000
 Fraction of exact exchange:             0.710000000
 Fraction of exact exchange:             0.710000000
 Fraction of exact exchange:             0.710000000
 Fraction of exact exchange:             0.710000000
 Fraction of exact exchange:             0.710000000
 Fraction of exact exchange:             0.710000000
 Fraction of exact exchange:             0.710000000
 Fraction of exact exchange:             0.710000000
 Fraction of exact exchange:             0.710000000
 Fraction of exact exchange:             0.710000000
 Fraction of exact exchange:             0.710000000
 Fraction of exact exchange:             0.710000000
 Fraction of exact exchange:             0.710000000
 Fraction of exact exchange:             0.710000000
 Fraction of exact exchange:             0.710000000
 Fraction of exact exchange:             0.710000000
 Fraction of exact exchange:             0.710000000
 Fraction of exact exchange:             0.710000000
 Fraction of exact exchange:             0.710000000
 Fraction of exact exchange:             0.710000000
 Fraction of exact exchange:             0.710000000
 Fraction of exact exchange:             0.710000000
 Fraction of exact exchange:             0.710000000
 Fraction of exact exchange:             0.710000000
 Fraction of exact exchange:             0.710000000
 Fraction of exact exchange:             0.710000000
 Fraction of exact exchange:             0.710000000
 Fraction of exact exchange:             0.710000000
 Fraction of exact exchange:             0.710000000
 Fraction of exact exchange:             0.710000000
 Fraction of exact exchange:             0.710000000
 Fraction of exact exchange:             0.710000000
 Fraction of exact exchange:             0.710000000
 Fraction of exact exchange:             0.710000000
 Fraction of exact exchange:             0.710000000
 Fraction of exact exchange:             0.710000000
 Fraction of exact exchange:             0.710000000
 Fraction of exact exchange:             0.710000000
 Fraction of exact exchange:             0.710000000
 Fraction of exact exchange:             0.710000000
 Fraction of exact exchange:             0.710000000
 Fraction of exact exchange:             0.710000000
 Fraction of exact exchange:             0.710000000
 Fraction of exact exchange:             0.710000000
 Fraction of exact exchange:             0.710000000
 Fraction of exact exchange:             0.710000000
 Fraction of exact exchange:             0.710000000
 Fraction of exact exchange:             0.710000000
 Fraction of exact exchange:             0.710000000
 Fraction of exact exchange:             0.710000000
 Fraction of exact exchange:             0.710000000
 Fraction of exact exchange:             0.710000000
 Fraction of exact exchange:             0.710000000
 Fraction of exact exchange:             0.710000000
 Fraction of exact exchange:             0.710000000
 Fraction of exact exchange:             0.710000000
 Fraction of exact exchange:             0.710000000
 Fraction of exact exchange:             0.710000000
 Fraction of exact exchange:             0.710000000
 Fraction of exact exchange:             0.710000000
 Fraction of exact exchange:             0.710000000
 Fraction of exact exchange:             0.710000000
 Fraction of exact exchange:             0.710000000
 Fraction of exact exchange:             0.710000000
 Fraction of exact exchange:             0.710000000
 Fraction of exact exchange:             0.710000000
 Fraction of exact exchange:             0.710000000
 Fraction of exact exchange:             0.710000000
 Fraction of exact exchange:             0.710000000
 Fraction of exact exchange:             0.710000000
 Fraction of exact exchange:             0.710000000
 Fraction of exact exchange:             0.710000000
 Fraction of exact exchange:             0.710000000
 Fraction of exact exchange:             0.710000000
 Fraction of exact exchange:             0.710000000
 Fraction of exact exchange:             0.710000000
 Fraction of exact exchange:             0.710000000
 Fraction of exact exchange:             0.710000000
 Fraction of exact exchange:             0.710000000
 Fraction of exact exchange:             0.710000000
 Fraction of exact exchange:             0.710000000

 Frequencies (including translational and rotational modes):
 mode    frequency (cm-1)
    0               27.72 i (imaginary)
    1                4.08 i (imaginary)
    2                0.63
    3                1.75
    4                7.89
    5               13.73
    6              288.57
    7             1061.76
    8             1091.78
    9             1189.90
   10             1382.22
   11             1500.21
   12             1528.05
   13             1538.20
   14             3048.84
   15             3107.73
   16             3169.48
   17             3879.37

 Project out translational and rotational motions 

 Degrees of freedom for translational and rotational motions: 6

 Vibrational frequencies:
 mode    frequency (cm-1)
    0              288.56
    1             1061.76
    2             1091.78
    3             1189.90
    4             1382.22
    5             1500.21
    6             1528.05
    7             1538.20
    8             3048.84
    9             3107.73
   10             3169.48
   11             3879.37

 --------------------------------------------------------------------------------

 End time:                               Fri Apr 23 12:24:03 2021
 Total wall-clock time:                366.895 seconds
==================================================================================
