
================================================================================
          _____________ ________ _______________ ________     _________         
         / ___________// ______ \\_____   _____// ______ \   / ________)        
        / /_________  / /      \ \     | |     / /      \ \ | (_______          
       |  __________|| |        | |    | |    | |        | | \________ \        
        \ \_________ | |        | |    | |     \ \______/ /___________) |       
         \__________||_|        |_|    |_|      \________//____________/        
                                                                                
====================================[ Qcore ]===================================

 Git hash:   15a3e7daff0cda5fa9af010ccd19a80288182ecf
 Git date:   Fri, 16 Apr 2021 15:57:16 +0100
 Compiler:   GNU 9.1.0
 Build type: Release
 Version:    1.1.0

 Start time: Tue Apr 27 13:59:14 2021

 Data directory: /work/zw18965/.local/qcore/share/entos/1.1.0/data
 Number of threads: 24
 Number of threads was determined by: command line argument
  - More threads can be used by running 'qcore -n 32'

 --------------------------------------------------------------------------------
                                command: optimize                                
 --------------------------------------------------------------------------------
 Using coordinate system:                tric
 Hessian update scheme:                  bfgs

 ------------------------------------------------------------------------------------------------------------
                   energy      change    grad rms    grad max    step rms    step max       trust    time (s)
 ------------------------------------------------------------------------------------------------------------
   1      -237.617786322                1.02e-02    2.31e-02                            2.00e-01        0.36
   2      -237.618234478   -4.48e-04    4.45e-03    9.38e-03    1.38e-02    1.97e-02    2.00e-01        0.18
   3      -237.618338940   -1.04e-04    2.22e-04    4.76e-04    8.67e-03    1.40e-02    2.00e-01        0.17
   4      -237.618339205   -2.66e-07    5.79e-06    1.11e-05    4.53e-04    7.24e-04    2.00e-01        0.16
 Geometry optimization stopped:          thresholds achieved

 Final energy:                        -237.618339205

 -----------
  Final XYZ 
 -----------
3
Final structure: -237.618 hartree
C            0.000000044          0.129349621          0.000000442
F           -0.000000390          0.935324352         -1.036959146
F            0.000000346          0.935326022          1.036958704

 Structure in entos input format:

  structure(
    xyz = [
      ['C'  ,          0.000000044,          0.129349621,          0.000000442],
      ['F'  ,         -0.000000390,          0.935324352,         -1.036959146],
      ['F'  ,          0.000000346,          0.935326022,          1.036958704]
    ]
  )

 --------------------------------
  Geometry optimization finished 
 --------------------------------
 Saving results in set 'opt'

 --------------------------------------------------------------------------------
                                 command: hessian                                
 --------------------------------------------------------------------------------

WARNING: semianalytic method is specified for dft hessian, which is not efficient. Try switching to 'method = analytic'


 -------------------------------
  Numerical Geometrical Hessian 
 -------------------------------

 Compute hessian using two-point central differentiation.
 Step size (bohr):                       0.0100

 Frequencies (including translational and rotational modes):
 mode    frequency (cm-1)
    0                0.19 i (imaginary)
    1                0.04 i (imaginary)
    2                0.01 i (imaginary)
    3               40.64
    4               42.43
    5               81.17
    6              662.18
    7             1119.08
    8             1223.66

 Project out translational and rotational motions 

 Degrees of freedom for translational and rotational motions: 6

 Vibrational frequencies:
 mode    frequency (cm-1)
    0              662.18
    1             1119.08
    2             1223.66

 --------------------------------------------------------------------------------

 End time:                               Tue Apr 27 13:59:18 2021
 Total wall-clock time:                  4.321 seconds
==================================================================================
