
================================================================================
          _____________ ________ _______________ ________     _________         
         / ___________// ______ \\_____   _____// ______ \   / ________)        
        / /_________  / /      \ \     | |     / /      \ \ | (_______          
       |  __________|| |        | |    | |    | |        | | \________ \        
        \ \_________ | |        | |    | |     \ \______/ /___________) |       
         \__________||_|        |_|    |_|      \________//____________/        
                                                                                
====================================[ Qcore ]===================================

 Git hash:   15a3e7daff0cda5fa9af010ccd19a80288182ecf
 Git date:   Fri, 16 Apr 2021 15:57:16 +0100
 Compiler:   GNU 9.1.0
 Build type: Release
 Version:    1.1.0

 Start time: Tue Apr 27 13:59:55 2021

 Data directory: /work/zw18965/.local/qcore/share/entos/1.1.0/data
 Number of threads: 24
 Number of threads was determined by: command line argument
  - More threads can be used by running 'qcore -n 32'

 --------------------------------------------------------------------------------
                                command: optimize                                
 --------------------------------------------------------------------------------
 Using coordinate system:                tric
 Hessian update scheme:                  bfgs

 ------------------------------------------------------------------------------------------------------------
                   energy      change    grad rms    grad max    step rms    step max       trust    time (s)
 ------------------------------------------------------------------------------------------------------------
   1      -199.444525646                1.32e-02    2.29e-02                            2.00e-01        0.23
Rejecting step due to low quality: Quality: -2.04769 New trust radius: 0.1
   2      -199.429828603    1.47e-02    1.32e-02    2.29e-02    2.00e-01    2.00e-01    1.00e-01        0.12
   3      -199.441931384    2.59e-03    2.43e-02    4.21e-02    1.00e-01    1.00e-01    5.00e-02        0.12
   4      -199.444842613   -2.91e-03    8.47e-03    1.47e-02    5.00e-02    5.00e-02    7.07e-02        0.12
   5      -199.445141620   -2.99e-04    2.31e-03    4.00e-03    2.68e-02    2.68e-02    7.07e-02        0.11
   6      -199.445162927   -2.13e-05    1.53e-04    2.66e-04    5.74e-03    5.74e-03    7.07e-02        0.11
   7      -199.445163024   -9.64e-08    2.55e-06    4.41e-06    3.57e-04    3.57e-04    7.07e-02        0.11
 Geometry optimization stopped:          thresholds achieved

 Final energy:                        -199.445163024

 -----------
  Final XYZ 
 -----------
2
Final structure: -199.445 hartree
F           -0.000000093         -0.000000316         -0.704912955
F            0.000000093          0.000000316          0.704912955

 Structure in entos input format:

  structure(
    xyz = [
      ['F'  ,         -0.000000093,         -0.000000316,         -0.704912955],
      ['F'  ,          0.000000093,          0.000000316,          0.704912955]
    ]
  )

 --------------------------------
  Geometry optimization finished 
 --------------------------------
 Saving results in set 'opt'

 --------------------------------------------------------------------------------
                                 command: hessian                                
 --------------------------------------------------------------------------------

WARNING: semianalytic method is specified for dft hessian, which is not efficient. Try switching to 'method = analytic'


 -------------------------------
  Numerical Geometrical Hessian 
 -------------------------------

 Compute hessian using two-point central differentiation.
 Step size (bohr):                       0.0100

 Frequencies (including translational and rotational modes):
 mode    frequency (cm-1)
    0               15.71 i (imaginary)
    1               15.67 i (imaginary)
    2                0.01 i (imaginary)
    3                0.02
    4                0.04
    5             1009.53

 Project out translational and rotational motions 

 The molecule is linear

 Degrees of freedom for translational and rotational motions: 5

 Vibrational frequencies:
 mode    frequency (cm-1)
    0             1009.53

 --------------------------------------------------------------------------------

 End time:                               Tue Apr 27 13:59:58 2021
 Total wall-clock time:                  2.454 seconds
==================================================================================
