
================================================================================
          _____________ ________ _______________ ________     _________         
         / ___________// ______ \\_____   _____// ______ \   / ________)        
        / /_________  / /      \ \     | |     / /      \ \ | (_______          
       |  __________|| |        | |    | |    | |        | | \________ \        
        \ \_________ | |        | |    | |     \ \______/ /___________) |       
         \__________||_|        |_|    |_|      \________//____________/        
                                                                                
====================================[ Qcore ]===================================

 Git hash:   15a3e7daff0cda5fa9af010ccd19a80288182ecf
 Git date:   Fri, 16 Apr 2021 15:57:16 +0100
 Compiler:   GNU 9.1.0
 Build type: Release
 Version:    1.1.0

 Start time: Tue Apr 27 14:00:39 2021

 Data directory: /work/zw18965/.local/qcore/share/entos/1.1.0/data
 Number of threads: 24
 Number of threads was determined by: command line argument
  - More threads can be used by running 'qcore -n 32'

 --------------------------------------------------------------------------------
                                command: optimize                                
 --------------------------------------------------------------------------------
 Using coordinate system:                tric
 Hessian update scheme:                  bfgs

 ------------------------------------------------------------------------------------------------------------
                   energy      change    grad rms    grad max    step rms    step max       trust    time (s)
 ------------------------------------------------------------------------------------------------------------
   1      -109.481813288                1.08e-02    1.87e-02                            2.00e-01        0.22
   2      -109.481916353   -1.03e-04    1.94e-03    3.35e-03    6.80e-03    1.36e-02    2.00e-01        0.12
   3      -109.481919899   -3.55e-06    4.21e-05    7.30e-05    1.03e-03    2.07e-03    2.00e-01        0.11
   4      -109.481919900   -1.05e-09    1.77e-07    3.06e-07    2.30e-05    4.60e-05    2.00e-01        0.10
 Geometry optimization stopped:          thresholds achieved

 Final energy:                        -109.481919900

 -----------
  Final XYZ 
 -----------
2
Final structure: -109.482 hartree
N            0.552306816         -0.000000315          0.000000120
N           -0.552306816          0.000000315         -0.000000120

 Structure in entos input format:

  structure(
    xyz = [
      ['N'  ,          0.552306816,         -0.000000315,          0.000000120],
      ['N'  ,         -0.552306816,          0.000000315,         -0.000000120]
    ]
  )

 --------------------------------
  Geometry optimization finished 
 --------------------------------
 Saving results in set 'opt'

 --------------------------------------------------------------------------------
                                 command: hessian                                
 --------------------------------------------------------------------------------

WARNING: semianalytic method is specified for dft hessian, which is not efficient. Try switching to 'method = analytic'


 -------------------------------
  Numerical Geometrical Hessian 
 -------------------------------

 Compute hessian using two-point central differentiation.
 Step size (bohr):                       0.0100

 Frequencies (including translational and rotational modes):
 mode    frequency (cm-1)
    0                0.12 i (imaginary)
    1                0.06 i (imaginary)
    2                0.00
    3               17.48
    4               17.54
    5             2452.99

 Project out translational and rotational motions 

 The molecule is linear

 Degrees of freedom for translational and rotational motions: 5

 Vibrational frequencies:
 mode    frequency (cm-1)
    0             2452.99

 --------------------------------------------------------------------------------

 End time:                               Tue Apr 27 14:00:41 2021
 Total wall-clock time:                  2.126 seconds
==================================================================================
