
================================================================================
          _____________ ________ _______________ ________     _________         
         / ___________// ______ \\_____   _____// ______ \   / ________)        
        / /_________  / /      \ \     | |     / /      \ \ | (_______          
       |  __________|| |        | |    | |    | |        | | \________ \        
        \ \_________ | |        | |    | |     \ \______/ /___________) |       
         \__________||_|        |_|    |_|      \________//____________/        
                                                                                
====================================[ Qcore ]===================================

 Git hash:   15a3e7daff0cda5fa9af010ccd19a80288182ecf
 Git date:   Fri, 16 Apr 2021 15:57:16 +0100
 Compiler:   GNU 9.1.0
 Build type: Release
 Version:    1.1.0

 Start time: Tue Apr 27 14:00:51 2021

 Data directory: /work/zw18965/.local/qcore/share/entos/1.1.0/data
 Number of threads: 24
 Number of threads was determined by: command line argument
  - More threads can be used by running 'qcore -n 32'

 --------------------------------------------------------------------------------
                                command: optimize                                
 --------------------------------------------------------------------------------
 Using coordinate system:                tric
 Hessian update scheme:                  bfgs

 ------------------------------------------------------------------------------------------------------------
                   energy      change    grad rms    grad max    step rms    step max       trust    time (s)
 ------------------------------------------------------------------------------------------------------------
   1      -511.458988561                1.35e-02    3.30e-02                            2.00e-01        0.54
   2      -511.459802288   -8.14e-04    7.29e-03    1.56e-02    1.76e-02    2.97e-02    2.00e-01        0.25
   3      -511.460028799   -2.27e-04    1.92e-03    4.70e-03    1.24e-02    2.58e-02    2.00e-01        0.25
   4      -511.460037278   -8.48e-06    3.50e-04    7.99e-04    1.85e-03    4.53e-03    2.00e-01        0.24
   5      -511.460037495   -2.17e-07    2.49e-05    6.10e-05    2.49e-04    6.00e-04    2.00e-01        0.24
 Geometry optimization stopped:          thresholds achieved

 Final energy:                        -511.460037495

 -----------
  Final XYZ 
 -----------
3
Final structure: -511.46 hartree
O            0.000000413         -0.000000270         -1.280097464
C            0.000000044          0.000000004         -0.116400791
S           -0.000000457          0.000000266          1.455498255

 Structure in entos input format:

  structure(
    xyz = [
      ['O'  ,          0.000000413,         -0.000000270,         -1.280097464],
      ['C'  ,          0.000000044,          0.000000004,         -0.116400791],
      ['S'  ,         -0.000000457,          0.000000266,          1.455498255]
    ]
  )

 --------------------------------
  Geometry optimization finished 
 --------------------------------
 Saving results in set 'opt'

 --------------------------------------------------------------------------------
                                 command: hessian                                
 --------------------------------------------------------------------------------

WARNING: semianalytic method is specified for dft hessian, which is not efficient. Try switching to 'method = analytic'


 -------------------------------
  Numerical Geometrical Hessian 
 -------------------------------

 Compute hessian using two-point central differentiation.
 Step size (bohr):                       0.0100

 Frequencies (including translational and rotational modes):
 mode    frequency (cm-1)
    0                4.10 i (imaginary)
    1                3.94 i (imaginary)
    2                0.00
    3                0.06
    4                0.30
    5              521.15
    6              521.15
    7              879.85
    8             2118.83

 Project out translational and rotational motions 

 Degrees of freedom for translational and rotational motions: 6

 Vibrational frequencies:
 mode    frequency (cm-1)
    0              521.15
    1              879.85
    2             2118.83

 --------------------------------------------------------------------------------

 End time:                               Tue Apr 27 14:00:57 2021
 Total wall-clock time:                  6.556 seconds
==================================================================================
