
================================================================================
          _____________ ________ _______________ ________     _________         
         / ___________// ______ \\_____   _____// ______ \   / ________)        
        / /_________  / /      \ \     | |     / /      \ \ | (_______          
       |  __________|| |        | |    | |    | |        | | \________ \        
        \ \_________ | |        | |    | |     \ \______/ /___________) |       
         \__________||_|        |_|    |_|      \________//____________/        
                                                                                
====================================[ Qcore ]===================================

 Git hash:   15a3e7daff0cda5fa9af010ccd19a80288182ecf
 Git date:   Fri, 16 Apr 2021 15:57:16 +0100
 Compiler:   GNU 9.1.0
 Build type: Release
 Version:    1.1.0

 Start time: Tue Apr 27 11:13:06 2021

 Data directory: /work/zw18965/.local/qcore/share/entos/1.1.0/data
 Number of threads: 12
 Number of threads was determined by: command line argument
  - More threads can be used by running 'qcore -n 24'

 --------------------------------------------------------------------------------
                                command: optimize                                
 --------------------------------------------------------------------------------
 Using coordinate system:                tric
 Hessian update scheme:                  bfgs

 ------------------------------------------------------------------------------------------------------------
                   energy      change    grad rms    grad max    step rms    step max       trust    time (s)
 ------------------------------------------------------------------------------------------------------------
   1      -237.947672441                1.07e-02    1.94e-02                            2.00e-01       17.20
   2      -237.948416659   -7.44e-04    3.95e-03    9.14e-03    3.36e-02    2.93e-02    2.00e-01       13.12
   3      -237.948491154   -7.45e-05    1.11e-03    2.69e-03    5.72e-03    8.22e-03    2.00e-01       12.56
   4      -237.948498787   -7.63e-06    1.91e-05    4.52e-05    3.04e-03    4.61e-03    2.00e-01       12.42
   5      -237.948498790   -2.81e-09    1.48e-05    3.20e-05    5.13e-05    2.95e-04    2.00e-01       10.04
 Geometry optimization stopped:          thresholds achieved

 Final energy:                        -237.948498790

 -----------
  Final XYZ 
 -----------
3
Final structure: -237.948 hartree
C           -0.000000125          0.146737428         -0.000393542
F            0.000000035          0.927401053         -1.013327909
F            0.000000090          0.925861514          1.013721451

 Structure in entos input format:

  structure(
    xyz = [
      ['C'  ,         -0.000000125,          0.146737428,         -0.000393542],
      ['F'  ,          0.000000035,          0.927401053,         -1.013327909],
      ['F'  ,          0.000000090,          0.925861514,          1.013721451]
    ]
  )

 --------------------------------
  Geometry optimization finished 
 --------------------------------
 Saving results in set 'opt'

 --------------------------------------------------------------------------------
                                 command: hessian                                
 --------------------------------------------------------------------------------

WARNING: semianalytic method is specified for dft hessian, which is not efficient. Try switching to 'method = analytic'


 -------------------------------
  Numerical Geometrical Hessian 
 -------------------------------

 Compute hessian using two-point central differentiation.
 Step size (bohr):                       0.0100

 Frequencies (including translational and rotational modes):
 mode    frequency (cm-1)
    0               54.39 i (imaginary)
    1                3.98 i (imaginary)
    2                1.60 i (imaginary)
    3               10.08
    4               18.75
    5               27.05
    6              704.03
    7             1212.57
    8             1307.85

 Project out translational and rotational motions 

 Degrees of freedom for translational and rotational motions: 6

 Vibrational frequencies:
 mode    frequency (cm-1)
    0              704.02
    1             1212.56
    2             1307.85

 --------------------------------------------------------------------------------

 End time:                               Tue Apr 27 11:18:14 2021
 Total wall-clock time:                308.266 seconds
==================================================================================
