
================================================================================
          _____________ ________ _______________ ________     _________         
         / ___________// ______ \\_____   _____// ______ \   / ________)        
        / /_________  / /      \ \     | |     / /      \ \ | (_______          
       |  __________|| |        | |    | |    | |        | | \________ \        
        \ \_________ | |        | |    | |     \ \______/ /___________) |       
         \__________||_|        |_|    |_|      \________//____________/        
                                                                                
====================================[ Qcore ]===================================

 Git hash:   15a3e7daff0cda5fa9af010ccd19a80288182ecf
 Git date:   Fri, 16 Apr 2021 15:57:16 +0100
 Compiler:   GNU 9.1.0
 Build type: Release
 Version:    1.1.0

 Start time: Tue Apr 27 11:13:43 2021

 Data directory: /work/zw18965/.local/qcore/share/entos/1.1.0/data
 Number of threads: 12
 Number of threads was determined by: command line argument
  - More threads can be used by running 'qcore -n 24'

 --------------------------------------------------------------------------------
                                command: optimize                                
 --------------------------------------------------------------------------------
 Using coordinate system:                tric
 Hessian update scheme:                  bfgs

 ------------------------------------------------------------------------------------------------------------
                   energy      change    grad rms    grad max    step rms    step max       trust    time (s)
 ------------------------------------------------------------------------------------------------------------
   1      -920.900049209                1.24e-02    2.14e-02                            2.00e-01       17.80
   2      -920.901163311   -1.11e-03    7.95e-04    1.38e-03    4.74e-02    9.47e-02    2.00e-01       13.47
   3      -920.901167145   -3.83e-06    1.23e-04    2.14e-04    3.26e-03    6.51e-03    2.00e-01       12.08
   4      -920.901167233   -8.82e-08    9.20e-06    1.59e-05    4.37e-04    8.74e-04    2.00e-01       10.95
 Geometry optimization stopped:          thresholds achieved

 Final energy:                        -920.901167233

 -----------
  Final XYZ 
 -----------
2
Final structure: -920.901 hartree
Cl          -0.978744907         -0.000000000          0.000000248
Cl           0.978744907          0.000000000         -0.000000248

 Structure in entos input format:

  structure(
    xyz = [
      ['Cl' ,         -0.978744907,         -0.000000000,          0.000000248],
      ['Cl' ,          0.978744907,          0.000000000,         -0.000000248]
    ]
  )

 --------------------------------
  Geometry optimization finished 
 --------------------------------
 Saving results in set 'opt'

 --------------------------------------------------------------------------------
                                 command: hessian                                
 --------------------------------------------------------------------------------

WARNING: semianalytic method is specified for dft hessian, which is not efficient. Try switching to 'method = analytic'


 -------------------------------
  Numerical Geometrical Hessian 
 -------------------------------

 Compute hessian using two-point central differentiation.
 Step size (bohr):                       0.0100

 Frequencies (including translational and rotational modes):
 mode    frequency (cm-1)
    0               16.21 i (imaginary)
    1               12.38 i (imaginary)
    2                3.93 i (imaginary)
    3                0.11
    4                0.40
    5              593.88

 Project out translational and rotational motions 

 The molecule is linear

 Degrees of freedom for translational and rotational motions: 5

 Vibrational frequencies:
 mode    frequency (cm-1)
    0              593.83

 --------------------------------------------------------------------------------

 End time:                               Tue Apr 27 11:17:30 2021
 Total wall-clock time:                226.725 seconds
==================================================================================
