
================================================================================
          _____________ ________ _______________ ________     _________         
         / ___________// ______ \\_____   _____// ______ \   / ________)        
        / /_________  / /      \ \     | |     / /      \ \ | (_______          
       |  __________|| |        | |    | |    | |        | | \________ \        
        \ \_________ | |        | |    | |     \ \______/ /___________) |       
         \__________||_|        |_|    |_|      \________//____________/        
                                                                                
====================================[ Qcore ]===================================

 Git hash:   15a3e7daff0cda5fa9af010ccd19a80288182ecf
 Git date:   Fri, 16 Apr 2021 15:57:16 +0100
 Compiler:   GNU 9.1.0
 Build type: Release
 Version:    1.1.0

 Start time: Tue Apr 27 11:13:52 2021

 Data directory: /work/zw18965/.local/qcore/share/entos/1.1.0/data
 Number of threads: 12
 Number of threads was determined by: command line argument
  - More threads can be used by running 'qcore -n 24'

 --------------------------------------------------------------------------------
                                command: optimize                                
 --------------------------------------------------------------------------------
 Using coordinate system:                tric
 Hessian update scheme:                  bfgs

 ------------------------------------------------------------------------------------------------------------
                   energy      change    grad rms    grad max    step rms    step max       trust    time (s)
 ------------------------------------------------------------------------------------------------------------
   1      -188.786935978                7.80e-03    1.66e-02                            2.00e-01       15.42
   2      -188.787151832   -2.16e-04    1.47e-04    3.45e-04    1.06e-02    1.30e-02    2.00e-01       11.10
   3      -188.787151896   -6.37e-08    1.67e-05    3.65e-05    1.97e-04    2.75e-04    2.00e-01       10.44
 Geometry optimization stopped:          thresholds achieved

 Final energy:                        -188.787151896

 -----------
  Final XYZ 
 -----------
3
Final structure: -188.787 hartree
O           -1.147426585         -0.000000015          0.000000007
O            1.147422179          0.000000017         -0.000000005
C            0.000004405         -0.000000002         -0.000000002

 Structure in entos input format:

  structure(
    xyz = [
      ['O'  ,         -1.147426585,         -0.000000015,          0.000000007],
      ['O'  ,          1.147422179,          0.000000017,         -0.000000005],
      ['C'  ,          0.000004405,         -0.000000002,         -0.000000002]
    ]
  )

 --------------------------------
  Geometry optimization finished 
 --------------------------------
 Saving results in set 'opt'

 --------------------------------------------------------------------------------
                                 command: hessian                                
 --------------------------------------------------------------------------------

WARNING: semianalytic method is specified for dft hessian, which is not efficient. Try switching to 'method = analytic'


 -------------------------------
  Numerical Geometrical Hessian 
 -------------------------------

 Compute hessian using two-point central differentiation.
 Step size (bohr):                       0.0100

 Frequencies (including translational and rotational modes):
 mode    frequency (cm-1)
    0                4.76 i (imaginary)
    1                3.04 i (imaginary)
    2                1.37 i (imaginary)
    3                4.51
    4               13.36
    5              698.39
    6              698.40
    7             1425.35
    8             2506.43

 Project out translational and rotational motions 

 Degrees of freedom for translational and rotational motions: 6

 Vibrational frequencies:
 mode    frequency (cm-1)
    0              698.39
    1             1425.34
    2             2506.42

 --------------------------------------------------------------------------------

 End time:                               Tue Apr 27 11:17:51 2021
 Total wall-clock time:                239.003 seconds
==================================================================================
