
================================================================================
          _____________ ________ _______________ ________     _________         
         / ___________// ______ \\_____   _____// ______ \   / ________)        
        / /_________  / /      \ \     | |     / /      \ \ | (_______          
       |  __________|| |        | |    | |    | |        | | \________ \        
        \ \_________ | |        | |    | |     \ \______/ /___________) |       
         \__________||_|        |_|    |_|      \________//____________/        
                                                                                
====================================[ Qcore ]===================================

 Git hash:   15a3e7daff0cda5fa9af010ccd19a80288182ecf
 Git date:   Fri, 16 Apr 2021 15:57:16 +0100
 Compiler:   GNU 9.1.0
 Build type: Release
 Version:    1.1.0

 Start time: Fri Apr 23 14:32:58 2021

 Data directory: /work/zw18965/.local/qcore/share/entos/1.1.0/data
 Number of threads: 24
 Number of threads was determined by: command line argument
  - More threads can be used by running 'qcore -n 32'

 --------------------------------------------------------------------------------
                                command: optimize                                
 --------------------------------------------------------------------------------
 Using coordinate system:                tric
 Hessian update scheme:                  bfgs

 ------------------------------------------------------------------------------------------------------------
                   energy      change    grad rms    grad max    step rms    step max       trust    time (s)
 ------------------------------------------------------------------------------------------------------------
   1      -461.071791542                3.89e-04    6.74e-04                            2.00e-01        4.79
   2      -461.071792154   -6.12e-07    2.06e-04    3.58e-04    5.48e-04    1.10e-03    2.00e-01        1.59
   3      -461.071792355   -2.00e-07    2.70e-05    4.68e-05    6.19e-04    1.24e-03    2.00e-01        1.64
   4      -461.071792367   -1.20e-08    1.71e-05    2.96e-05    7.16e-05    1.43e-04    2.00e-01        1.47
 Geometry optimization stopped:          thresholds achieved

 Final energy:                        -461.071792367

 -----------
  Final XYZ 
 -----------
2
Final structure: -461.072 hartree
Cl           0.633139375         -0.000000006          0.000000010
H           -0.633139374          0.000000006         -0.000000010

 Structure in entos input format:

  structure(
    xyz = [
      ['Cl' ,          0.633139375,         -0.000000006,          0.000000010],
      ['H'  ,         -0.633139374,          0.000000006,         -0.000000010]
    ]
  )

 --------------------------------
  Geometry optimization finished 
 --------------------------------
 Saving results in set 'opt'

 --------------------------------------------------------------------------------
                                 command: hessian                                
 --------------------------------------------------------------------------------

WARNING: semianalytic method is specified for dft hessian, which is not efficient. Try switching to 'method = analytic'


 -------------------------------
  Numerical Geometrical Hessian 
 -------------------------------

 Compute hessian using two-point central differentiation.
 Step size (bohr):                       0.0100

 Frequencies (including translational and rotational modes):
 mode    frequency (cm-1)
    0               49.08 i (imaginary)
    1               19.46 i (imaginary)
    2                1.04 i (imaginary)
    3                1.72
    4               10.03
    5             3033.31

 Project out translational and rotational motions 

 The molecule is linear

 Degrees of freedom for translational and rotational motions: 5

 Vibrational frequencies:
 mode    frequency (cm-1)
    0             3032.87

 --------------------------------------------------------------------------------

 End time:                               Fri Apr 23 14:33:32 2021
 Total wall-clock time:                 34.000 seconds
==================================================================================
