
================================================================================
          _____________ ________ _______________ ________     _________         
         / ___________// ______ \\_____   _____// ______ \   / ________)        
        / /_________  / /      \ \     | |     / /      \ \ | (_______          
       |  __________|| |        | |    | |    | |        | | \________ \        
        \ \_________ | |        | |    | |     \ \______/ /___________) |       
         \__________||_|        |_|    |_|      \________//____________/        
                                                                                
====================================[ Qcore ]===================================

 Git hash:   15a3e7daff0cda5fa9af010ccd19a80288182ecf
 Git date:   Fri, 16 Apr 2021 15:57:16 +0100
 Compiler:   GNU 9.1.0
 Build type: Release
 Version:    1.1.0

 Start time: Tue Apr 27 11:16:02 2021

 Data directory: /work/zw18965/.local/qcore/share/entos/1.1.0/data
 Number of threads: 12
 Number of threads was determined by: command line argument
  - More threads can be used by running 'qcore -n 24'

 --------------------------------------------------------------------------------
                                command: optimize                                
 --------------------------------------------------------------------------------
 Using coordinate system:                tric
 Hessian update scheme:                  bfgs

 ------------------------------------------------------------------------------------------------------------
                   energy      change    grad rms    grad max    step rms    step max       trust    time (s)
 ------------------------------------------------------------------------------------------------------------
   1      -130.599966965                1.69e-02    3.45e-02                            2.00e-01        7.40
   2      -130.600973002   -1.01e-03    2.67e-03    5.21e-03    2.95e-02    3.58e-02    2.00e-01        4.44
   3      -130.600998593   -2.56e-05    3.39e-04    7.49e-04    3.51e-03    5.62e-03    2.00e-01        4.50
   4      -130.600999772   -1.18e-06    6.75e-05    1.11e-04    1.18e-03    2.43e-03    2.00e-01        3.85
   5      -130.600999865   -9.33e-08    8.97e-05    1.82e-04    2.78e-04    2.10e-03    2.00e-01        3.64
   6      -130.600999838    2.67e-08    3.95e-05    8.91e-05    1.20e-04    1.16e-03    6.01e-05        3.54
 Geometry optimization stopped:          thresholds achieved

 Final energy:                        -130.600999838

 -----------
  Final XYZ 
 -----------
3
Final structure: -130.601 hartree
N           -0.065341114          0.428012955          0.000000020
O            0.939790881         -0.192006200          0.000000035
H           -0.874449761         -0.236006755         -0.000000055

 Structure in entos input format:

  structure(
    xyz = [
      ['N'  ,         -0.065341114,          0.428012955,          0.000000020],
      ['O'  ,          0.939790881,         -0.192006200,          0.000000035],
      ['H'  ,         -0.874449761,         -0.236006755,         -0.000000055]
    ]
  )

 --------------------------------
  Geometry optimization finished 
 --------------------------------
 Saving results in set 'opt'

 --------------------------------------------------------------------------------
                                 command: hessian                                
 --------------------------------------------------------------------------------

WARNING: semianalytic method is specified for dft hessian, which is not efficient. Try switching to 'method = analytic'


 -------------------------------
  Numerical Geometrical Hessian 
 -------------------------------

 Compute hessian using two-point central differentiation.
 Step size (bohr):                       0.0100

 Frequencies (including translational and rotational modes):
 mode    frequency (cm-1)
    0              218.07 i (imaginary)
    1               22.55 i (imaginary)
    2               15.16 i (imaginary)
    3                4.05 i (imaginary)
    4               28.31
    5              203.61
    6             1564.99
    7             1759.33
    8             3045.79

 Project out translational and rotational motions 

 Degrees of freedom for translational and rotational motions: 6

 Vibrational frequencies:
 mode    frequency (cm-1)
    0             1564.64
    1             1759.32
    2             3045.39

 --------------------------------------------------------------------------------

 End time:                               Tue Apr 27 11:17:51 2021
 Total wall-clock time:                109.156 seconds
==================================================================================
