
================================================================================
          _____________ ________ _______________ ________     _________         
         / ___________// ______ \\_____   _____// ______ \   / ________)        
        / /_________  / /      \ \     | |     / /      \ \ | (_______          
       |  __________|| |        | |    | |    | |        | | \________ \        
        \ \_________ | |        | |    | |     \ \______/ /___________) |       
         \__________||_|        |_|    |_|      \________//____________/        
                                                                                
====================================[ Qcore ]===================================

 Git hash:   15a3e7daff0cda5fa9af010ccd19a80288182ecf
 Git date:   Fri, 16 Apr 2021 15:57:16 +0100
 Compiler:   GNU 9.1.0
 Build type: Release
 Version:    1.1.0

 Start time: Sat May  8 10:48:19 2021

 Data directory: /work/zw18965/.local/qcore/share/entos/1.1.0/data
 Number of threads: 24
 Number of threads was determined by: command line argument
  - More threads can be used by running 'qcore -n 32'

 --------------------------------------------------------------------------------
                                command: optimize                                
 --------------------------------------------------------------------------------
 Using coordinate system:                tric
 Hessian update scheme:                  bfgs

 ------------------------------------------------------------------------------------------------------------
                   energy      change    grad rms    grad max    step rms    step max       trust    time (s)
 ------------------------------------------------------------------------------------------------------------
   1      -536.305474169                1.04e-02    2.48e-02                            2.00e-01       13.40
   2      -536.306655555   -1.18e-03    5.52e-03    1.25e-02    4.26e-02    4.29e-02    2.00e-01        8.39
   3      -536.306932741   -2.77e-04    1.17e-03    2.45e-03    2.89e-02    3.53e-02    2.00e-01        8.40
   4      -536.306948301   -1.56e-05    7.37e-04    1.50e-03    4.39e-03    6.59e-03    2.00e-01        7.75
   5      -536.306956529   -8.23e-06    5.88e-05    1.14e-04    5.35e-03    8.46e-03    2.00e-01        7.75
   6      -536.306956550   -2.07e-08    1.54e-05    3.37e-05    8.56e-05    6.94e-04    2.00e-01        6.91
 Geometry optimization stopped:          thresholds achieved

 Final energy:                        -536.306956550

 -----------
  Final XYZ 
 -----------
3
Final structure: -536.307 hartree
O           -0.331149523          0.454947822          0.000000351
Cl           1.212819562         -0.128094408         -0.000000930
H           -0.881670038         -0.326853408          0.000000579

 Structure in entos input format:

  structure(
    xyz = [
      ['O'  ,         -0.331149523,          0.454947822,          0.000000351],
      ['Cl' ,          1.212819562,         -0.128094408,         -0.000000930],
      ['H'  ,         -0.881670038,         -0.326853408,          0.000000579]
    ]
  )

 --------------------------------
  Geometry optimization finished 
 --------------------------------
 Saving results in set 'opt'

 --------------------------------------------------------------------------------
                                 command: hessian                                
 --------------------------------------------------------------------------------

WARNING: semianalytic method is specified for dft hessian, which is not efficient. Try switching to 'method = analytic'


 -------------------------------
  Numerical Geometrical Hessian 
 -------------------------------

 Compute hessian using two-point central differentiation.
 Step size (bohr):                       0.0100

 Frequencies (including translational and rotational modes):
 mode    frequency (cm-1)
    0                7.61 i (imaginary)
    1                0.14 i (imaginary)
    2                0.01 i (imaginary)
    3                0.66
    4               25.83
    5               42.29
    6              825.03
    7             1292.54
    8             3903.03

 Project out translational and rotational motions 

 Degrees of freedom for translational and rotational motions: 6

 Vibrational frequencies:
 mode    frequency (cm-1)
    0              825.03
    1             1292.54
    2             3903.03

 --------------------------------------------------------------------------------

 End time:                               Sat May  8 10:51:47 2021
 Total wall-clock time:                208.183 seconds
==================================================================================
