
================================================================================
          _____________ ________ _______________ ________     _________         
         / ___________// ______ \\_____   _____// ______ \   / ________)        
        / /_________  / /      \ \     | |     / /      \ \ | (_______          
       |  __________|| |        | |    | |    | |        | | \________ \        
        \ \_________ | |        | |    | |     \ \______/ /___________) |       
         \__________||_|        |_|    |_|      \________//____________/        
                                                                                
====================================[ Qcore ]===================================

 Git hash:   15a3e7daff0cda5fa9af010ccd19a80288182ecf
 Git date:   Fri, 16 Apr 2021 15:57:16 +0100
 Compiler:   GNU 9.1.0
 Build type: Release
 Version:    1.1.0

 Start time: Sat May  8 11:03:51 2021

 Data directory: /work/zw18965/.local/qcore/share/entos/1.1.0/data
 Number of threads: 24
 Number of threads was determined by: command line argument
  - More threads can be used by running 'qcore -n 32'

 --------------------------------------------------------------------------------
                                command: optimize                                
 --------------------------------------------------------------------------------
 Using coordinate system:                tric
 Hessian update scheme:                  bfgs

 ------------------------------------------------------------------------------------------------------------
                   energy      change    grad rms    grad max    step rms    step max       trust    time (s)
 ------------------------------------------------------------------------------------------------------------
   1      -343.350914822                1.96e-03    3.87e-03                            2.00e-01        7.82
   2      -343.351077235   -1.62e-04    9.97e-04    2.99e-03    4.62e-02    3.67e-02    2.00e-01        4.31
   3      -343.351109315   -3.21e-05    3.07e-04    7.83e-04    1.25e-02    1.15e-02    2.00e-01        4.11
   4      -343.351110516   -1.20e-06    7.48e-05    1.68e-04    9.68e-04    1.37e-03    2.00e-01        4.02
   5      -343.351110607   -9.15e-08    4.41e-06    9.28e-06    3.82e-04    4.95e-04    2.00e-01        3.83
 Geometry optimization stopped:          thresholds achieved

 Final energy:                        -343.351110607

 -----------
  Final XYZ 
 -----------
4
Final structure: -343.351 hartree
P           -0.004926324         -0.001091311          0.570001644
H           -0.648941123         -0.979548172         -0.197459032
H           -0.521633193          1.053744700         -0.192548808
H            1.175500635         -0.073105218         -0.179993805

 Structure in entos input format:

  structure(
    xyz = [
      ['P'  ,         -0.004926324,         -0.001091311,          0.570001644],
      ['H'  ,         -0.648941123,         -0.979548172,         -0.197459032],
      ['H'  ,         -0.521633193,          1.053744700,         -0.192548808],
      ['H'  ,          1.175500635,         -0.073105218,         -0.179993805]
    ]
  )

 --------------------------------
  Geometry optimization finished 
 --------------------------------
 Saving results in set 'opt'

 --------------------------------------------------------------------------------
                                 command: hessian                                
 --------------------------------------------------------------------------------

WARNING: semianalytic method is specified for dft hessian, which is not efficient. Try switching to 'method = analytic'


 -------------------------------
  Numerical Geometrical Hessian 
 -------------------------------

 Compute hessian using two-point central differentiation.
 Step size (bohr):                       0.0100

 Frequencies (including translational and rotational modes):
 mode    frequency (cm-1)
    0               54.79 i (imaginary)
    1               36.84 i (imaginary)
    2                0.18 i (imaginary)
    3                0.00
    4                0.36
    5               39.63
    6             1026.51
    7             1165.71
    8             1167.05
    9             2488.45
   10             2498.53
   11             2498.63

 Project out translational and rotational motions 

 Degrees of freedom for translational and rotational motions: 6

 Vibrational frequencies:
 mode    frequency (cm-1)
    0             1026.51
    1             1165.71
    2             1167.05
    3             2488.45
    4             2498.53
    5             2498.63

 --------------------------------------------------------------------------------

 End time:                               Sat May  8 11:06:03 2021
 Total wall-clock time:                131.889 seconds
==================================================================================
