
================================================================================
          _____________ ________ _______________ ________     _________         
         / ___________// ______ \\_____   _____// ______ \   / ________)        
        / /_________  / /      \ \     | |     / /      \ \ | (_______          
       |  __________|| |        | |    | |    | |        | | \________ \        
        \ \_________ | |        | |    | |     \ \______/ /___________) |       
         \__________||_|        |_|    |_|      \________//____________/        
                                                                                
====================================[ Qcore ]===================================

 Git hash:   15a3e7daff0cda5fa9af010ccd19a80288182ecf
 Git date:   Fri, 16 Apr 2021 15:57:16 +0100
 Compiler:   GNU 9.1.0
 Build type: Release
 Version:    1.1.0

 Start time: Tue Apr 27 11:17:56 2021

 Data directory: /work/zw18965/.local/qcore/share/entos/1.1.0/data
 Number of threads: 12
 Number of threads was determined by: command line argument
  - More threads can be used by running 'qcore -n 24'

 --------------------------------------------------------------------------------
                                command: optimize                                
 --------------------------------------------------------------------------------
 Using coordinate system:                tric
 Hessian update scheme:                  bfgs

 ------------------------------------------------------------------------------------------------------------
                   energy      change    grad rms    grad max    step rms    step max       trust    time (s)
 ------------------------------------------------------------------------------------------------------------
   1      -796.852849438                1.18e-02    2.05e-02                            2.00e-01       27.73
   2      -796.853491427   -6.42e-04    1.25e-04    2.17e-04    3.02e-02    6.04e-02    2.00e-01       20.27
   3      -796.853491506   -7.88e-08    2.54e-05    4.40e-05    3.24e-04    6.48e-04    2.00e-01       16.01
 Geometry optimization stopped:          thresholds achieved

 Final energy:                        -796.853491506

 -----------
  Final XYZ 
 -----------
2
Final structure: -796.853 hartree
S           -0.000000016          0.000000022          0.016163979
S            0.000000016         -0.000000022          1.880720611

 Structure in entos input format:

  structure(
    xyz = [
      ['S'  ,         -0.000000016,          0.000000022,          0.016163979],
      ['S'  ,          0.000000016,         -0.000000022,          1.880720611]
    ]
  )

 --------------------------------
  Geometry optimization finished 
 --------------------------------
 Saving results in set 'opt'

 --------------------------------------------------------------------------------
                                 command: hessian                                
 --------------------------------------------------------------------------------

WARNING: semianalytic method is specified for dft hessian, which is not efficient. Try switching to 'method = analytic'


 -------------------------------
  Numerical Geometrical Hessian 
 -------------------------------

 Compute hessian using two-point central differentiation.
 Step size (bohr):                       0.0100

 Frequencies (including translational and rotational modes):
 mode    frequency (cm-1)
    0                0.97 i (imaginary)
    1                0.37 i (imaginary)
    2                0.02
    3               15.73
    4               15.93
    5              773.77

 Project out translational and rotational motions 

 The molecule is linear

 Degrees of freedom for translational and rotational motions: 5

 Vibrational frequencies:
 mode    frequency (cm-1)
    0              773.77

 --------------------------------------------------------------------------------

 End time:                               Tue Apr 27 11:23:28 2021
 Total wall-clock time:                332.264 seconds
==================================================================================
