
================================================================================
          _____________ ________ _______________ ________     _________         
         / ___________// ______ \\_____   _____// ______ \   / ________)        
        / /_________  / /      \ \     | |     / /      \ \ | (_______          
       |  __________|| |        | |    | |    | |        | | \________ \        
        \ \_________ | |        | |    | |     \ \______/ /___________) |       
         \__________||_|        |_|    |_|      \________//____________/        
                                                                                
====================================[ Qcore ]===================================

 Git hash:   bfa4c3a672cc1ff01df8911b87991f8932a2a687
 Git date:   Fri, 12 Feb 2021 10:05:04 +0000
 Compiler:   GNU 9.1.0
 Build type: Release
 Version:    0.8.19

 Start time: Fri Apr 23 11:56:02 2021

 Data directory: /home/zw18965/.local/qcore/share/entos/0.8.19/data
 Number of threads: 24
 Number of threads was determined by: command line argument

 --------------------------------------------------------------------------------
                                command: optimize                                
 --------------------------------------------------------------------------------
 Using coordinate system:                tric
 Hessian update scheme:                  bfgs

 ------------------------------------------------------------------------------------------------------------
                   energy      change    grad rms    grad max    step rms    step max       trust    time (s)
 ------------------------------------------------------------------------------------------------------------
 Fraction of exact exchange:             0.530000000
 Fraction of exact exchange:             0.530000000
 Fraction of exact exchange:             0.530000000
 Fraction of exact exchange:             0.530000000
 Fraction of exact exchange:             0.530000000
 Fraction of exact exchange:             0.530000000
 Fraction of exact exchange:             0.530000000
 Fraction of exact exchange:             0.530000000
 Fraction of exact exchange:             0.530000000
 Fraction of exact exchange:             0.530000000
 Fraction of exact exchange:             0.530000000
 Fraction of exact exchange:             0.530000000
 Fraction of exact exchange:             0.530000000
 Fraction of exact exchange:             0.530000000
 Fraction of exact exchange:             0.530000000
 Fraction of exact exchange:             0.530000000
 Fraction of exact exchange:             0.530000000
 Fraction of exact exchange:             0.530000000
 Fraction of exact exchange:             0.530000000
 Fraction of exact exchange:             0.530000000
 Fraction of exact exchange:             0.530000000
 Fraction of exact exchange:             0.530000000
 Fraction of exact exchange:             0.530000000
 Fraction of exact exchange:             0.530000000
 Fraction of exact exchange:             0.530000000
 Fraction of exact exchange:             0.530000000
 Fraction of exact exchange:             0.530000000
   1       -77.294005199                4.30e-03    1.03e-02                            2.00e-01        2.73
 Fraction of exact exchange:             0.530000000
 Fraction of exact exchange:             0.530000000
 Fraction of exact exchange:             0.530000000
 Fraction of exact exchange:             0.530000000
 Fraction of exact exchange:             0.530000000
 Fraction of exact exchange:             0.530000000
 Fraction of exact exchange:             0.530000000
 Fraction of exact exchange:             0.530000000
 Fraction of exact exchange:             0.530000000
 Fraction of exact exchange:             0.530000000
 Fraction of exact exchange:             0.530000000
 Fraction of exact exchange:             0.530000000
 Fraction of exact exchange:             0.530000000
 Fraction of exact exchange:             0.530000000
 Fraction of exact exchange:             0.530000000
 Fraction of exact exchange:             0.530000000
 Fraction of exact exchange:             0.530000000
 Fraction of exact exchange:             0.530000000
 Fraction of exact exchange:             0.530000000
 Fraction of exact exchange:             0.530000000
 Fraction of exact exchange:             0.530000000
 Fraction of exact exchange:             0.530000000
 Fraction of exact exchange:             0.530000000
 Fraction of exact exchange:             0.530000000
 Fraction of exact exchange:             0.530000000
   2       -77.294085060   -7.99e-05    3.55e-04    8.53e-04    7.17e-03    1.08e-02    2.00e-01        2.47
 Fraction of exact exchange:             0.530000000
 Fraction of exact exchange:             0.530000000
 Fraction of exact exchange:             0.530000000
 Fraction of exact exchange:             0.530000000
 Fraction of exact exchange:             0.530000000
 Fraction of exact exchange:             0.530000000
 Fraction of exact exchange:             0.530000000
 Fraction of exact exchange:             0.530000000
 Fraction of exact exchange:             0.530000000
 Fraction of exact exchange:             0.530000000
 Fraction of exact exchange:             0.530000000
 Fraction of exact exchange:             0.530000000
 Fraction of exact exchange:             0.530000000
 Fraction of exact exchange:             0.530000000
 Fraction of exact exchange:             0.530000000
 Fraction of exact exchange:             0.530000000
 Fraction of exact exchange:             0.530000000
 Fraction of exact exchange:             0.530000000
 Fraction of exact exchange:             0.530000000
 Fraction of exact exchange:             0.530000000
 Fraction of exact exchange:             0.530000000
 Fraction of exact exchange:             0.530000000
 Fraction of exact exchange:             0.530000000
 Fraction of exact exchange:             0.530000000
 Fraction of exact exchange:             0.530000000
   3       -77.294086957   -1.90e-06    1.31e-04    2.65e-04    1.44e-03    2.00e-03    2.00e-01        2.50
 Fraction of exact exchange:             0.530000000
 Fraction of exact exchange:             0.530000000
 Fraction of exact exchange:             0.530000000
 Fraction of exact exchange:             0.530000000
 Fraction of exact exchange:             0.530000000
 Fraction of exact exchange:             0.530000000
 Fraction of exact exchange:             0.530000000
 Fraction of exact exchange:             0.530000000
 Fraction of exact exchange:             0.530000000
 Fraction of exact exchange:             0.530000000
 Fraction of exact exchange:             0.530000000
 Fraction of exact exchange:             0.530000000
 Fraction of exact exchange:             0.530000000
 Fraction of exact exchange:             0.530000000
 Fraction of exact exchange:             0.530000000
 Fraction of exact exchange:             0.530000000
 Fraction of exact exchange:             0.530000000
 Fraction of exact exchange:             0.530000000
 Fraction of exact exchange:             0.530000000
 Fraction of exact exchange:             0.530000000
 Fraction of exact exchange:             0.530000000
 Fraction of exact exchange:             0.530000000
 Fraction of exact exchange:             0.530000000
 Fraction of exact exchange:             0.530000000
 Fraction of exact exchange:             0.530000000
   4       -77.294087041   -8.39e-08    1.41e-05    3.37e-05    2.74e-04    4.12e-04    2.00e-01        2.58
 Geometry optimization stopped:          thresholds achieved

 Final energy:                         -77.294087041

 -----------
  Final XYZ 
 -----------
4
Final structure: -77.2941 hartree
C           -0.601234796         -0.000000005         -0.000013353
C            0.601234644          0.000000001          0.000013141
H           -1.661738808          0.000000046         -0.000095469
H            1.661738640         -0.000000064          0.000095257

 Structure in entos input format:

  structure(
    xyz = [
      ['C'  ,         -0.601234796,         -0.000000005,         -0.000013353],
      ['C'  ,          0.601234644,          0.000000001,          0.000013141],
      ['H'  ,         -1.661738808,          0.000000046,         -0.000095469],
      ['H'  ,          1.661738640,         -0.000000064,          0.000095257]
    ]
  )

 --------------------------------
  Geometry optimization finished 
 --------------------------------
 Saving results in set 'opt'

 --------------------------------------------------------------------------------
                                 command: hessian                                
 --------------------------------------------------------------------------------

WARNING: numerical method is specified for dft hessian, which is not efficient. Try switching to 'method = analytic'

 Fraction of exact exchange:             0.530000000
 Fraction of exact exchange:             0.530000000
 Fraction of exact exchange:             0.530000000
 Fraction of exact exchange:             0.530000000
 Fraction of exact exchange:             0.530000000
 Fraction of exact exchange:             0.530000000
 Fraction of exact exchange:             0.530000000
 Fraction of exact exchange:             0.530000000
 Fraction of exact exchange:             0.530000000
 Fraction of exact exchange:             0.530000000
 Fraction of exact exchange:             0.530000000
 Fraction of exact exchange:             0.530000000
 Fraction of exact exchange:             0.530000000
 Fraction of exact exchange:             0.530000000
 Fraction of exact exchange:             0.530000000
 Fraction of exact exchange:             0.530000000
 Fraction of exact exchange:             0.530000000
 Fraction of exact exchange:             0.530000000
 Fraction of exact exchange:             0.530000000
 Fraction of exact exchange:             0.530000000
 Fraction of exact exchange:             0.530000000
 Fraction of exact exchange:             0.530000000
 Fraction of exact exchange:             0.530000000
 Fraction of exact exchange:             0.530000000
 Fraction of exact exchange:             0.530000000
 Fraction of exact exchange:             0.530000000
 Fraction of exact exchange:             0.530000000

 -------------------------------
  Numerical Geometrical Hessian 
 -------------------------------

 Compute hessian using two-point central differentiation.
 Step size (bohr):                       0.0100
 Fraction of exact exchange:             0.530000000
 Fraction of exact exchange:             0.530000000
 Fraction of exact exchange:             0.530000000
 Fraction of exact exchange:             0.530000000
 Fraction of exact exchange:             0.530000000
 Fraction of exact exchange:             0.530000000
 Fraction of exact exchange:             0.530000000
 Fraction of exact exchange:             0.530000000
 Fraction of exact exchange:             0.530000000
 Fraction of exact exchange:             0.530000000
 Fraction of exact exchange:             0.530000000
 Fraction of exact exchange:             0.530000000
 Fraction of exact exchange:             0.530000000
 Fraction of exact exchange:             0.530000000
 Fraction of exact exchange:             0.530000000
 Fraction of exact exchange:             0.530000000
 Fraction of exact exchange:             0.530000000
 Fraction of exact exchange:             0.530000000
 Fraction of exact exchange:             0.530000000
 Fraction of exact exchange:             0.530000000
 Fraction of exact exchange:             0.530000000
 Fraction of exact exchange:             0.530000000
 Fraction of exact exchange:             0.530000000
 Fraction of exact exchange:             0.530000000
 Fraction of exact exchange:             0.530000000
 Fraction of exact exchange:             0.530000000
 Fraction of exact exchange:             0.530000000
 Fraction of exact exchange:             0.530000000
 Fraction of exact exchange:             0.530000000
 Fraction of exact exchange:             0.530000000
 Fraction of exact exchange:             0.530000000
 Fraction of exact exchange:             0.530000000
 Fraction of exact exchange:             0.530000000
 Fraction of exact exchange:             0.530000000
 Fraction of exact exchange:             0.530000000
 Fraction of exact exchange:             0.530000000
 Fraction of exact exchange:             0.530000000
 Fraction of exact exchange:             0.530000000
 Fraction of exact exchange:             0.530000000
 Fraction of exact exchange:             0.530000000
 Fraction of exact exchange:             0.530000000
 Fraction of exact exchange:             0.530000000
 Fraction of exact exchange:             0.530000000
 Fraction of exact exchange:             0.530000000
 Fraction of exact exchange:             0.530000000
 Fraction of exact exchange:             0.530000000
 Fraction of exact exchange:             0.530000000
 Fraction of exact exchange:             0.530000000
 Fraction of exact exchange:             0.530000000
 Fraction of exact exchange:             0.530000000
 Fraction of exact exchange:             0.530000000
 Fraction of exact exchange:             0.530000000
 Fraction of exact exchange:             0.530000000
 Fraction of exact exchange:             0.530000000
 Fraction of exact exchange:             0.530000000
 Fraction of exact exchange:             0.530000000
 Fraction of exact exchange:             0.530000000
 Fraction of exact exchange:             0.530000000
 Fraction of exact exchange:             0.530000000
 Fraction of exact exchange:             0.530000000
 Fraction of exact exchange:             0.530000000
 Fraction of exact exchange:             0.530000000
 Fraction of exact exchange:             0.530000000
 Fraction of exact exchange:             0.530000000
 Fraction of exact exchange:             0.530000000
 Fraction of exact exchange:             0.530000000
 Fraction of exact exchange:             0.530000000
 Fraction of exact exchange:             0.530000000
 Fraction of exact exchange:             0.530000000
 Fraction of exact exchange:             0.530000000
 Fraction of exact exchange:             0.530000000
 Fraction of exact exchange:             0.530000000
 Fraction of exact exchange:             0.530000000
 Fraction of exact exchange:             0.530000000
 Fraction of exact exchange:             0.530000000
 Fraction of exact exchange:             0.530000000
 Fraction of exact exchange:             0.530000000
 Fraction of exact exchange:             0.530000000
 Fraction of exact exchange:             0.530000000
 Fraction of exact exchange:             0.530000000
 Fraction of exact exchange:             0.530000000
 Fraction of exact exchange:             0.530000000
 Fraction of exact exchange:             0.530000000
 Fraction of exact exchange:             0.530000000
 Fraction of exact exchange:             0.530000000
 Fraction of exact exchange:             0.530000000
 Fraction of exact exchange:             0.530000000
 Fraction of exact exchange:             0.530000000
 Fraction of exact exchange:             0.530000000
 Fraction of exact exchange:             0.530000000
 Fraction of exact exchange:             0.530000000
 Fraction of exact exchange:             0.530000000
 Fraction of exact exchange:             0.530000000
 Fraction of exact exchange:             0.530000000
 Fraction of exact exchange:             0.530000000
 Fraction of exact exchange:             0.530000000
 Fraction of exact exchange:             0.530000000
 Fraction of exact exchange:             0.530000000
 Fraction of exact exchange:             0.530000000
 Fraction of exact exchange:             0.530000000
 Fraction of exact exchange:             0.530000000
 Fraction of exact exchange:             0.530000000
 Fraction of exact exchange:             0.530000000
 Fraction of exact exchange:             0.530000000
 Fraction of exact exchange:             0.530000000
 Fraction of exact exchange:             0.530000000
 Fraction of exact exchange:             0.530000000
 Fraction of exact exchange:             0.530000000
 Fraction of exact exchange:             0.530000000
 Fraction of exact exchange:             0.530000000
 Fraction of exact exchange:             0.530000000
 Fraction of exact exchange:             0.530000000
 Fraction of exact exchange:             0.530000000
 Fraction of exact exchange:             0.530000000
 Fraction of exact exchange:             0.530000000
 Fraction of exact exchange:             0.530000000
 Fraction of exact exchange:             0.530000000
 Fraction of exact exchange:             0.530000000
 Fraction of exact exchange:             0.530000000
 Fraction of exact exchange:             0.530000000
 Fraction of exact exchange:             0.530000000
 Fraction of exact exchange:             0.530000000
 Fraction of exact exchange:             0.530000000
 Fraction of exact exchange:             0.530000000
 Fraction of exact exchange:             0.530000000
 Fraction of exact exchange:             0.530000000
 Fraction of exact exchange:             0.530000000
 Fraction of exact exchange:             0.530000000
 Fraction of exact exchange:             0.530000000
 Fraction of exact exchange:             0.530000000
 Fraction of exact exchange:             0.530000000
 Fraction of exact exchange:             0.530000000
 Fraction of exact exchange:             0.530000000
 Fraction of exact exchange:             0.530000000
 Fraction of exact exchange:             0.530000000
 Fraction of exact exchange:             0.530000000
 Fraction of exact exchange:             0.530000000
 Fraction of exact exchange:             0.530000000
 Fraction of exact exchange:             0.530000000
 Fraction of exact exchange:             0.530000000
 Fraction of exact exchange:             0.530000000
 Fraction of exact exchange:             0.530000000
 Fraction of exact exchange:             0.530000000
 Fraction of exact exchange:             0.530000000
 Fraction of exact exchange:             0.530000000
 Fraction of exact exchange:             0.530000000
 Fraction of exact exchange:             0.530000000
 Fraction of exact exchange:             0.530000000
 Fraction of exact exchange:             0.530000000
 Fraction of exact exchange:             0.530000000
 Fraction of exact exchange:             0.530000000
 Fraction of exact exchange:             0.530000000
 Fraction of exact exchange:             0.530000000
 Fraction of exact exchange:             0.530000000
 Fraction of exact exchange:             0.530000000
 Fraction of exact exchange:             0.530000000
 Fraction of exact exchange:             0.530000000
 Fraction of exact exchange:             0.530000000
 Fraction of exact exchange:             0.530000000
 Fraction of exact exchange:             0.530000000
 Fraction of exact exchange:             0.530000000
 Fraction of exact exchange:             0.530000000
 Fraction of exact exchange:             0.530000000
 Fraction of exact exchange:             0.530000000
 Fraction of exact exchange:             0.530000000
 Fraction of exact exchange:             0.530000000
 Fraction of exact exchange:             0.530000000
 Fraction of exact exchange:             0.530000000
 Fraction of exact exchange:             0.530000000
 Fraction of exact exchange:             0.530000000
 Fraction of exact exchange:             0.530000000
 Fraction of exact exchange:             0.530000000
 Fraction of exact exchange:             0.530000000
 Fraction of exact exchange:             0.530000000
 Fraction of exact exchange:             0.530000000
 Fraction of exact exchange:             0.530000000
 Fraction of exact exchange:             0.530000000
 Fraction of exact exchange:             0.530000000
 Fraction of exact exchange:             0.530000000
 Fraction of exact exchange:             0.530000000
 Fraction of exact exchange:             0.530000000
 Fraction of exact exchange:             0.530000000
 Fraction of exact exchange:             0.530000000
 Fraction of exact exchange:             0.530000000
 Fraction of exact exchange:             0.530000000
 Fraction of exact exchange:             0.530000000
 Fraction of exact exchange:             0.530000000
 Fraction of exact exchange:             0.530000000
 Fraction of exact exchange:             0.530000000
 Fraction of exact exchange:             0.530000000
 Fraction of exact exchange:             0.530000000
 Fraction of exact exchange:             0.530000000
 Fraction of exact exchange:             0.530000000
 Fraction of exact exchange:             0.530000000
 Fraction of exact exchange:             0.530000000
 Fraction of exact exchange:             0.530000000
 Fraction of exact exchange:             0.530000000
 Fraction of exact exchange:             0.530000000
 Fraction of exact exchange:             0.530000000
 Fraction of exact exchange:             0.530000000
 Fraction of exact exchange:             0.530000000
 Fraction of exact exchange:             0.530000000
 Fraction of exact exchange:             0.530000000
 Fraction of exact exchange:             0.530000000
 Fraction of exact exchange:             0.530000000
 Fraction of exact exchange:             0.530000000
 Fraction of exact exchange:             0.530000000
 Fraction of exact exchange:             0.530000000
 Fraction of exact exchange:             0.530000000
 Fraction of exact exchange:             0.530000000
 Fraction of exact exchange:             0.530000000
 Fraction of exact exchange:             0.530000000
 Fraction of exact exchange:             0.530000000
 Fraction of exact exchange:             0.530000000
 Fraction of exact exchange:             0.530000000
 Fraction of exact exchange:             0.530000000
 Fraction of exact exchange:             0.530000000
 Fraction of exact exchange:             0.530000000
 Fraction of exact exchange:             0.530000000
 Fraction of exact exchange:             0.530000000
 Fraction of exact exchange:             0.530000000
 Fraction of exact exchange:             0.530000000
 Fraction of exact exchange:             0.530000000
 Fraction of exact exchange:             0.530000000
 Fraction of exact exchange:             0.530000000
 Fraction of exact exchange:             0.530000000
 Fraction of exact exchange:             0.530000000
 Fraction of exact exchange:             0.530000000
 Fraction of exact exchange:             0.530000000
 Fraction of exact exchange:             0.530000000
 Fraction of exact exchange:             0.530000000
 Fraction of exact exchange:             0.530000000
 Fraction of exact exchange:             0.530000000
 Fraction of exact exchange:             0.530000000
 Fraction of exact exchange:             0.530000000
 Fraction of exact exchange:             0.530000000
 Fraction of exact exchange:             0.530000000
 Fraction of exact exchange:             0.530000000
 Fraction of exact exchange:             0.530000000
 Fraction of exact exchange:             0.530000000
 Fraction of exact exchange:             0.530000000
 Fraction of exact exchange:             0.530000000
 Fraction of exact exchange:             0.530000000
 Fraction of exact exchange:             0.530000000
 Fraction of exact exchange:             0.530000000
 Fraction of exact exchange:             0.530000000
 Fraction of exact exchange:             0.530000000
 Fraction of exact exchange:             0.530000000
 Fraction of exact exchange:             0.530000000
 Fraction of exact exchange:             0.530000000
 Fraction of exact exchange:             0.530000000
 Fraction of exact exchange:             0.530000000
 Fraction of exact exchange:             0.530000000
 Fraction of exact exchange:             0.530000000
 Fraction of exact exchange:             0.530000000
 Fraction of exact exchange:             0.530000000
 Fraction of exact exchange:             0.530000000
 Fraction of exact exchange:             0.530000000
 Fraction of exact exchange:             0.530000000
 Fraction of exact exchange:             0.530000000
 Fraction of exact exchange:             0.530000000
 Fraction of exact exchange:             0.530000000
 Fraction of exact exchange:             0.530000000
 Fraction of exact exchange:             0.530000000
 Fraction of exact exchange:             0.530000000
 Fraction of exact exchange:             0.530000000
 Fraction of exact exchange:             0.530000000
 Fraction of exact exchange:             0.530000000
 Fraction of exact exchange:             0.530000000
 Fraction of exact exchange:             0.530000000
 Fraction of exact exchange:             0.530000000
 Fraction of exact exchange:             0.530000000
 Fraction of exact exchange:             0.530000000
 Fraction of exact exchange:             0.530000000
 Fraction of exact exchange:             0.530000000
 Fraction of exact exchange:             0.530000000
 Fraction of exact exchange:             0.530000000
 Fraction of exact exchange:             0.530000000
 Fraction of exact exchange:             0.530000000
 Fraction of exact exchange:             0.530000000
 Fraction of exact exchange:             0.530000000
 Fraction of exact exchange:             0.530000000
 Fraction of exact exchange:             0.530000000
 Fraction of exact exchange:             0.530000000
 Fraction of exact exchange:             0.530000000
 Fraction of exact exchange:             0.530000000
 Fraction of exact exchange:             0.530000000
 Fraction of exact exchange:             0.530000000
 Fraction of exact exchange:             0.530000000
 Fraction of exact exchange:             0.530000000
 Fraction of exact exchange:             0.530000000
 Fraction of exact exchange:             0.530000000
 Fraction of exact exchange:             0.530000000
 Fraction of exact exchange:             0.530000000
 Fraction of exact exchange:             0.530000000
 Fraction of exact exchange:             0.530000000
 Fraction of exact exchange:             0.530000000
 Fraction of exact exchange:             0.530000000
 Fraction of exact exchange:             0.530000000
 Fraction of exact exchange:             0.530000000
 Fraction of exact exchange:             0.530000000
 Fraction of exact exchange:             0.530000000
 Fraction of exact exchange:             0.530000000
 Fraction of exact exchange:             0.530000000
 Fraction of exact exchange:             0.530000000
 Fraction of exact exchange:             0.530000000
 Fraction of exact exchange:             0.530000000
 Fraction of exact exchange:             0.530000000
 Fraction of exact exchange:             0.530000000
 Fraction of exact exchange:             0.530000000
 Fraction of exact exchange:             0.530000000
 Fraction of exact exchange:             0.530000000
 Fraction of exact exchange:             0.530000000
 Fraction of exact exchange:             0.530000000
 Fraction of exact exchange:             0.530000000
 Fraction of exact exchange:             0.530000000
 Fraction of exact exchange:             0.530000000
 Fraction of exact exchange:             0.530000000
 Fraction of exact exchange:             0.530000000
 Fraction of exact exchange:             0.530000000
 Fraction of exact exchange:             0.530000000
 Fraction of exact exchange:             0.530000000
 Fraction of exact exchange:             0.530000000
 Fraction of exact exchange:             0.530000000
 Fraction of exact exchange:             0.530000000
 Fraction of exact exchange:             0.530000000
 Fraction of exact exchange:             0.530000000
 Fraction of exact exchange:             0.530000000
 Fraction of exact exchange:             0.530000000
 Fraction of exact exchange:             0.530000000
 Fraction of exact exchange:             0.530000000
 Fraction of exact exchange:             0.530000000
 Fraction of exact exchange:             0.530000000
 Fraction of exact exchange:             0.530000000
 Fraction of exact exchange:             0.530000000
 Fraction of exact exchange:             0.530000000
 Fraction of exact exchange:             0.530000000
 Fraction of exact exchange:             0.530000000
 Fraction of exact exchange:             0.530000000
 Fraction of exact exchange:             0.530000000
 Fraction of exact exchange:             0.530000000
 Fraction of exact exchange:             0.530000000
 Fraction of exact exchange:             0.530000000
 Fraction of exact exchange:             0.530000000
 Fraction of exact exchange:             0.530000000
 Fraction of exact exchange:             0.530000000
 Fraction of exact exchange:             0.530000000
 Fraction of exact exchange:             0.530000000
 Fraction of exact exchange:             0.530000000
 Fraction of exact exchange:             0.530000000
 Fraction of exact exchange:             0.530000000
 Fraction of exact exchange:             0.530000000
 Fraction of exact exchange:             0.530000000
 Fraction of exact exchange:             0.530000000
 Fraction of exact exchange:             0.530000000
 Fraction of exact exchange:             0.530000000
 Fraction of exact exchange:             0.530000000
 Fraction of exact exchange:             0.530000000
 Fraction of exact exchange:             0.530000000
 Fraction of exact exchange:             0.530000000
 Fraction of exact exchange:             0.530000000
 Fraction of exact exchange:             0.530000000
 Fraction of exact exchange:             0.530000000
 Fraction of exact exchange:             0.530000000
 Fraction of exact exchange:             0.530000000
 Fraction of exact exchange:             0.530000000
 Fraction of exact exchange:             0.530000000
 Fraction of exact exchange:             0.530000000
 Fraction of exact exchange:             0.530000000
 Fraction of exact exchange:             0.530000000
 Fraction of exact exchange:             0.530000000
 Fraction of exact exchange:             0.530000000
 Fraction of exact exchange:             0.530000000
 Fraction of exact exchange:             0.530000000
 Fraction of exact exchange:             0.530000000
 Fraction of exact exchange:             0.530000000
 Fraction of exact exchange:             0.530000000
 Fraction of exact exchange:             0.530000000
 Fraction of exact exchange:             0.530000000
 Fraction of exact exchange:             0.530000000
 Fraction of exact exchange:             0.530000000
 Fraction of exact exchange:             0.530000000
 Fraction of exact exchange:             0.530000000
 Fraction of exact exchange:             0.530000000
 Fraction of exact exchange:             0.530000000
 Fraction of exact exchange:             0.530000000
 Fraction of exact exchange:             0.530000000
 Fraction of exact exchange:             0.530000000
 Fraction of exact exchange:             0.530000000
 Fraction of exact exchange:             0.530000000
 Fraction of exact exchange:             0.530000000
 Fraction of exact exchange:             0.530000000
 Fraction of exact exchange:             0.530000000
 Fraction of exact exchange:             0.530000000
 Fraction of exact exchange:             0.530000000
 Fraction of exact exchange:             0.530000000
 Fraction of exact exchange:             0.530000000
 Fraction of exact exchange:             0.530000000
 Fraction of exact exchange:             0.530000000
 Fraction of exact exchange:             0.530000000
 Fraction of exact exchange:             0.530000000
 Fraction of exact exchange:             0.530000000
 Fraction of exact exchange:             0.530000000
 Fraction of exact exchange:             0.530000000
 Fraction of exact exchange:             0.530000000
 Fraction of exact exchange:             0.530000000
 Fraction of exact exchange:             0.530000000
 Fraction of exact exchange:             0.530000000
 Fraction of exact exchange:             0.530000000
 Fraction of exact exchange:             0.530000000
 Fraction of exact exchange:             0.530000000
 Fraction of exact exchange:             0.530000000
 Fraction of exact exchange:             0.530000000
 Fraction of exact exchange:             0.530000000
 Fraction of exact exchange:             0.530000000
 Fraction of exact exchange:             0.530000000
 Fraction of exact exchange:             0.530000000
 Fraction of exact exchange:             0.530000000
 Fraction of exact exchange:             0.530000000
 Fraction of exact exchange:             0.530000000
 Fraction of exact exchange:             0.530000000
 Fraction of exact exchange:             0.530000000
 Fraction of exact exchange:             0.530000000
 Fraction of exact exchange:             0.530000000
 Fraction of exact exchange:             0.530000000
 Fraction of exact exchange:             0.530000000
 Fraction of exact exchange:             0.530000000
 Fraction of exact exchange:             0.530000000
 Fraction of exact exchange:             0.530000000
 Fraction of exact exchange:             0.530000000
 Fraction of exact exchange:             0.530000000
 Fraction of exact exchange:             0.530000000
 Fraction of exact exchange:             0.530000000
 Fraction of exact exchange:             0.530000000
 Fraction of exact exchange:             0.530000000
 Fraction of exact exchange:             0.530000000
 Fraction of exact exchange:             0.530000000
 Fraction of exact exchange:             0.530000000
 Fraction of exact exchange:             0.530000000
 Fraction of exact exchange:             0.530000000
 Fraction of exact exchange:             0.530000000
 Fraction of exact exchange:             0.530000000
 Fraction of exact exchange:             0.530000000
 Fraction of exact exchange:             0.530000000
 Fraction of exact exchange:             0.530000000
 Fraction of exact exchange:             0.530000000
 Fraction of exact exchange:             0.530000000
 Fraction of exact exchange:             0.530000000
 Fraction of exact exchange:             0.530000000
 Fraction of exact exchange:             0.530000000
 Fraction of exact exchange:             0.530000000
 Fraction of exact exchange:             0.530000000
 Fraction of exact exchange:             0.530000000
 Fraction of exact exchange:             0.530000000
 Fraction of exact exchange:             0.530000000
 Fraction of exact exchange:             0.530000000
 Fraction of exact exchange:             0.530000000
 Fraction of exact exchange:             0.530000000
 Fraction of exact exchange:             0.530000000
 Fraction of exact exchange:             0.530000000
 Fraction of exact exchange:             0.530000000
 Fraction of exact exchange:             0.530000000
 Fraction of exact exchange:             0.530000000
 Fraction of exact exchange:             0.530000000
 Fraction of exact exchange:             0.530000000
 Fraction of exact exchange:             0.530000000
 Fraction of exact exchange:             0.530000000
 Fraction of exact exchange:             0.530000000
 Fraction of exact exchange:             0.530000000
 Fraction of exact exchange:             0.530000000
 Fraction of exact exchange:             0.530000000
 Fraction of exact exchange:             0.530000000
 Fraction of exact exchange:             0.530000000
 Fraction of exact exchange:             0.530000000
 Fraction of exact exchange:             0.530000000
 Fraction of exact exchange:             0.530000000
 Fraction of exact exchange:             0.530000000
 Fraction of exact exchange:             0.530000000
 Fraction of exact exchange:             0.530000000
 Fraction of exact exchange:             0.530000000
 Fraction of exact exchange:             0.530000000
 Fraction of exact exchange:             0.530000000
 Fraction of exact exchange:             0.530000000
 Fraction of exact exchange:             0.530000000
 Fraction of exact exchange:             0.530000000
 Fraction of exact exchange:             0.530000000
 Fraction of exact exchange:             0.530000000
 Fraction of exact exchange:             0.530000000
 Fraction of exact exchange:             0.530000000
 Fraction of exact exchange:             0.530000000
 Fraction of exact exchange:             0.530000000
 Fraction of exact exchange:             0.530000000
 Fraction of exact exchange:             0.530000000
 Fraction of exact exchange:             0.530000000
 Fraction of exact exchange:             0.530000000
 Fraction of exact exchange:             0.530000000
 Fraction of exact exchange:             0.530000000
 Fraction of exact exchange:             0.530000000
 Fraction of exact exchange:             0.530000000
 Fraction of exact exchange:             0.530000000
 Fraction of exact exchange:             0.530000000
 Fraction of exact exchange:             0.530000000
 Fraction of exact exchange:             0.530000000
 Fraction of exact exchange:             0.530000000
 Fraction of exact exchange:             0.530000000
 Fraction of exact exchange:             0.530000000
 Fraction of exact exchange:             0.530000000
 Fraction of exact exchange:             0.530000000
 Fraction of exact exchange:             0.530000000
 Fraction of exact exchange:             0.530000000
 Fraction of exact exchange:             0.530000000
 Fraction of exact exchange:             0.530000000
 Fraction of exact exchange:             0.530000000
 Fraction of exact exchange:             0.530000000
 Fraction of exact exchange:             0.530000000
 Fraction of exact exchange:             0.530000000
 Fraction of exact exchange:             0.530000000
 Fraction of exact exchange:             0.530000000
 Fraction of exact exchange:             0.530000000
 Fraction of exact exchange:             0.530000000
 Fraction of exact exchange:             0.530000000
 Fraction of exact exchange:             0.530000000
 Fraction of exact exchange:             0.530000000
 Fraction of exact exchange:             0.530000000
 Fraction of exact exchange:             0.530000000
 Fraction of exact exchange:             0.530000000
 Fraction of exact exchange:             0.530000000
 Fraction of exact exchange:             0.530000000
 Fraction of exact exchange:             0.530000000
 Fraction of exact exchange:             0.530000000
 Fraction of exact exchange:             0.530000000
 Fraction of exact exchange:             0.530000000
 Fraction of exact exchange:             0.530000000
 Fraction of exact exchange:             0.530000000
 Fraction of exact exchange:             0.530000000
 Fraction of exact exchange:             0.530000000
 Fraction of exact exchange:             0.530000000
 Fraction of exact exchange:             0.530000000
 Fraction of exact exchange:             0.530000000
 Fraction of exact exchange:             0.530000000
 Fraction of exact exchange:             0.530000000
 Fraction of exact exchange:             0.530000000
 Fraction of exact exchange:             0.530000000
 Fraction of exact exchange:             0.530000000
 Fraction of exact exchange:             0.530000000
 Fraction of exact exchange:             0.530000000
 Fraction of exact exchange:             0.530000000
 Fraction of exact exchange:             0.530000000
 Fraction of exact exchange:             0.530000000
 Fraction of exact exchange:             0.530000000
 Fraction of exact exchange:             0.530000000
 Fraction of exact exchange:             0.530000000
 Fraction of exact exchange:             0.530000000
 Fraction of exact exchange:             0.530000000
 Fraction of exact exchange:             0.530000000
 Fraction of exact exchange:             0.530000000
 Fraction of exact exchange:             0.530000000
 Fraction of exact exchange:             0.530000000
 Fraction of exact exchange:             0.530000000
 Fraction of exact exchange:             0.530000000
 Fraction of exact exchange:             0.530000000
 Fraction of exact exchange:             0.530000000
 Fraction of exact exchange:             0.530000000
 Fraction of exact exchange:             0.530000000
 Fraction of exact exchange:             0.530000000
 Fraction of exact exchange:             0.530000000
 Fraction of exact exchange:             0.530000000
 Fraction of exact exchange:             0.530000000
 Fraction of exact exchange:             0.530000000
 Fraction of exact exchange:             0.530000000
 Fraction of exact exchange:             0.530000000
 Fraction of exact exchange:             0.530000000
 Fraction of exact exchange:             0.530000000
 Fraction of exact exchange:             0.530000000
 Fraction of exact exchange:             0.530000000
 Fraction of exact exchange:             0.530000000
 Fraction of exact exchange:             0.530000000
 Fraction of exact exchange:             0.530000000
 Fraction of exact exchange:             0.530000000
 Fraction of exact exchange:             0.530000000
 Fraction of exact exchange:             0.530000000
 Fraction of exact exchange:             0.530000000
 Fraction of exact exchange:             0.530000000
 Fraction of exact exchange:             0.530000000
 Fraction of exact exchange:             0.530000000
 Fraction of exact exchange:             0.530000000
 Fraction of exact exchange:             0.530000000
 Fraction of exact exchange:             0.530000000
 Fraction of exact exchange:             0.530000000
 Fraction of exact exchange:             0.530000000
 Fraction of exact exchange:             0.530000000
 Fraction of exact exchange:             0.530000000
 Fraction of exact exchange:             0.530000000
 Fraction of exact exchange:             0.530000000
 Fraction of exact exchange:             0.530000000
 Fraction of exact exchange:             0.530000000
 Fraction of exact exchange:             0.530000000
 Fraction of exact exchange:             0.530000000
 Fraction of exact exchange:             0.530000000
 Fraction of exact exchange:             0.530000000

 Frequencies (including translational and rotational modes):
 mode    frequency (cm-1)
    0                0.33
    1                5.51
    2                5.54
    3               17.37
    4               17.44
    5              643.85
    6              643.85
    7              765.72
    8              765.72
    9             2023.73
   10             3431.66
   11             3531.97

 Project out translational and rotational motions 

 Degrees of freedom for translational and rotational motions: 6

 Vibrational frequencies:
 mode    frequency (cm-1)
    0              643.85
    1              765.72
    2              765.72
    3             2023.73
    4             3431.66
    5             3531.97

 --------------------------------------------------------------------------------

 End time:                               Fri Apr 23 11:57:23 2021
 Total wall-clock time:                 81.456 seconds
==================================================================================
