
================================================================================
          _____________ ________ _______________ ________     _________         
         / ___________// ______ \\_____   _____// ______ \   / ________)        
        / /_________  / /      \ \     | |     / /      \ \ | (_______          
       |  __________|| |        | |    | |    | |        | | \________ \        
        \ \_________ | |        | |    | |     \ \______/ /___________) |       
         \__________||_|        |_|    |_|      \________//____________/        
                                                                                
====================================[ Qcore ]===================================

 Git hash:   15a3e7daff0cda5fa9af010ccd19a80288182ecf
 Git date:   Fri, 16 Apr 2021 15:57:16 +0100
 Compiler:   GNU 9.1.0
 Build type: Release
 Version:    1.1.0

 Start time: Fri Apr 23 14:36:17 2021

 Data directory: /work/zw18965/.local/qcore/share/entos/1.1.0/data
 Number of threads: 24
 Number of threads was determined by: command line argument
  - More threads can be used by running 'qcore -n 32'

 --------------------------------------------------------------------------------
                                command: optimize                                
 --------------------------------------------------------------------------------
 Using coordinate system:                tric
 Hessian update scheme:                  bfgs

 ------------------------------------------------------------------------------------------------------------
                   energy      change    grad rms    grad max    step rms    step max       trust    time (s)
 ------------------------------------------------------------------------------------------------------------
   1       -78.540413990                4.09e-03    1.19e-02                            2.00e-01        5.17
   2       -78.540527547   -1.14e-04    1.52e-03    4.30e-03    5.94e-03    1.04e-02    2.00e-01        4.86
   3       -78.540558240   -3.07e-05    1.09e-04    2.58e-04    7.44e-03    1.10e-02    2.00e-01        4.90
   4       -78.540558777   -5.37e-07    5.22e-05    1.50e-04    1.22e-03    1.33e-03    2.00e-01        4.85
   5       -78.540558816   -3.87e-08    4.28e-06    1.07e-05    2.90e-04    2.48e-04    2.00e-01        4.81
 Geometry optimization stopped:          thresholds achieved

 Final energy:                         -78.540558816

 -----------
  Final XYZ 
 -----------
6
Final structure: -78.5406 hartree
C           -0.661546611         -0.052493890          0.000090744
C            0.661589134          0.052362698          0.000027695
H           -1.233555447          0.002354371         -0.915085878
H           -1.217670980         -0.196758528          0.915320702
H            1.217719062          0.196624164         -0.915199661
H            1.233592680         -0.002479670          0.915209138

 Structure in entos input format:

  structure(
    xyz = [
      ['C'  ,         -0.661546611,         -0.052493890,          0.000090744],
      ['C'  ,          0.661589134,          0.052362698,          0.000027695],
      ['H'  ,         -1.233555447,          0.002354371,         -0.915085878],
      ['H'  ,         -1.217670980,         -0.196758528,          0.915320702],
      ['H'  ,          1.217719062,          0.196624164,         -0.915199661],
      ['H'  ,          1.233592680,         -0.002479670,          0.915209138]
    ]
  )

 --------------------------------
  Geometry optimization finished 
 --------------------------------
 Saving results in set 'opt'

 --------------------------------------------------------------------------------
                                 command: hessian                                
 --------------------------------------------------------------------------------

WARNING: numerical method is specified for dft hessian, which is not efficient. Try switching to 'method = analytic'


 -------------------------------
  Numerical Geometrical Hessian 
 -------------------------------

 Compute hessian using two-point central differentiation.
 Step size (bohr):                       0.0100

 Frequencies (including translational and rotational modes):
 mode    frequency (cm-1)
    0               15.26 i (imaginary)
    1                6.29 i (imaginary)
    2                4.53 i (imaginary)
    3                5.42
    4               13.60
    5               24.84
    6              836.07
    7              977.84
    8              984.27
    9             1073.15
   10             1252.76
   11             1386.01
   12             1487.92
   13             1690.04
   14             3155.14
   15             3170.20
   16             3231.60
   17             3259.15

 Project out translational and rotational motions 

 Degrees of freedom for translational and rotational motions: 6

 Vibrational frequencies:
 mode    frequency (cm-1)
    0              836.07
    1              977.83
    2              984.27
    3             1073.15
    4             1252.76
    5             1386.01
    6             1487.92
    7             1690.04
    8             3155.14
    9             3170.20
   10             3231.60
   11             3259.15

 --------------------------------------------------------------------------------

 End time:                               Fri Apr 23 14:40:12 2021
 Total wall-clock time:                234.631 seconds
==================================================================================
