
================================================================================
          _____________ ________ _______________ ________     _________         
         / ___________// ______ \\_____   _____// ______ \   / ________)        
        / /_________  / /      \ \     | |     / /      \ \ | (_______          
       |  __________|| |        | |    | |    | |        | | \________ \        
        \ \_________ | |        | |    | |     \ \______/ /___________) |       
         \__________||_|        |_|    |_|      \________//____________/        
                                                                                
====================================[ Qcore ]===================================

 Git hash:   15a3e7daff0cda5fa9af010ccd19a80288182ecf
 Git date:   Fri, 16 Apr 2021 15:57:16 +0100
 Compiler:   GNU 9.1.0
 Build type: Release
 Version:    1.1.0

 Start time: Fri Apr 23 14:41:24 2021

 Data directory: /work/zw18965/.local/qcore/share/entos/1.1.0/data
 Number of threads: 24
 Number of threads was determined by: command line argument
  - More threads can be used by running 'qcore -n 32'

 --------------------------------------------------------------------------------
                                command: optimize                                
 --------------------------------------------------------------------------------
 Using coordinate system:                tric
 Hessian update scheme:                  bfgs

 ------------------------------------------------------------------------------------------------------------
                   energy      change    grad rms    grad max    step rms    step max       trust    time (s)
 ------------------------------------------------------------------------------------------------------------
   1      -237.658562445                4.16e-03    1.01e-02                            2.00e-01        1.79
   2      -237.658665638   -1.03e-04    1.78e-03    3.61e-03    1.14e-02    1.65e-02    2.00e-01        1.54
   3      -237.658681286   -1.56e-05    4.04e-04    6.53e-04    2.81e-03    4.49e-03    2.00e-01        1.51
   4      -237.658682347   -1.06e-06    1.15e-05    2.43e-05    1.03e-03    1.35e-03    2.00e-01        1.47
   5      -237.658682350   -3.05e-09    7.00e-07    1.65e-06    5.79e-05    6.06e-05    2.00e-01        1.46
 Geometry optimization stopped:          thresholds achieved

 Final energy:                        -237.658682350

 -----------
  Final XYZ 
 -----------
3
Final structure: -237.659 hartree
C            0.000000346          0.136725548         -0.000032103
F            0.000000875          0.931790905         -1.031644376
F            0.000000188          0.931657511          1.031681903

 Structure in entos input format:

  structure(
    xyz = [
      ['C'  ,          0.000000346,          0.136725548,         -0.000032103],
      ['F'  ,          0.000000875,          0.931790905,         -1.031644376],
      ['F'  ,          0.000000188,          0.931657511,          1.031681903]
    ]
  )

 --------------------------------
  Geometry optimization finished 
 --------------------------------
 Saving results in set 'opt'

 --------------------------------------------------------------------------------
                                 command: hessian                                
 --------------------------------------------------------------------------------

WARNING: numerical method is specified for dft hessian, which is not efficient. Try switching to 'method = analytic'


 -------------------------------
  Numerical Geometrical Hessian 
 -------------------------------

 Compute hessian using two-point central differentiation.
 Step size (bohr):                       0.0100

 Frequencies (including translational and rotational modes):
 mode    frequency (cm-1)
    0               42.30 i (imaginary)
    1               26.95 i (imaginary)
    2               21.12 i (imaginary)
    3                0.34
    4                2.29
    5               10.75
    6              673.81
    7             1132.82
    8             1238.79

 Project out translational and rotational motions 

 Degrees of freedom for translational and rotational motions: 6

 Vibrational frequencies:
 mode    frequency (cm-1)
    0              673.81
    1             1132.82
    2             1238.79

 --------------------------------------------------------------------------------

 End time:                               Fri Apr 23 14:42:04 2021
 Total wall-clock time:                 39.685 seconds
==================================================================================
