
================================================================================
          _____________ ________ _______________ ________     _________         
         / ___________// ______ \\_____   _____// ______ \   / ________)        
        / /_________  / /      \ \     | |     / /      \ \ | (_______          
       |  __________|| |        | |    | |    | |        | | \________ \        
        \ \_________ | |        | |    | |     \ \______/ /___________) |       
         \__________||_|        |_|    |_|      \________//____________/        
                                                                                
====================================[ Qcore ]===================================

 Git hash:   15a3e7daff0cda5fa9af010ccd19a80288182ecf
 Git date:   Fri, 16 Apr 2021 15:57:16 +0100
 Compiler:   GNU 9.1.0
 Build type: Release
 Version:    1.1.0

 Start time: Fri Apr 23 14:45:00 2021

 Data directory: /work/zw18965/.local/qcore/share/entos/1.1.0/data
 Number of threads: 24
 Number of threads was determined by: command line argument
  - More threads can be used by running 'qcore -n 32'

 --------------------------------------------------------------------------------
                                command: optimize                                
 --------------------------------------------------------------------------------
 Using coordinate system:                tric
 Hessian update scheme:                  bfgs

 ------------------------------------------------------------------------------------------------------------
                   energy      change    grad rms    grad max    step rms    step max       trust    time (s)
 ------------------------------------------------------------------------------------------------------------
   1      -188.540619234                2.54e-02    5.38e-02                            2.00e-01        1.80
   2      -188.542966809   -2.35e-03    1.62e-03    3.43e-03    3.43e-02    4.20e-02    2.00e-01        1.50
   3      -188.542977407   -1.06e-05    1.34e-04    2.88e-04    2.33e-03    2.86e-03    2.00e-01        1.46
   4      -188.542977482   -7.47e-08    2.50e-06    6.19e-06    2.11e-04    3.14e-04    2.00e-01        1.52
 Geometry optimization stopped:          thresholds achieved

 Final energy:                        -188.542977482

 -----------
  Final XYZ 
 -----------
3
Final structure: -188.543 hartree
O           -1.164301145         -0.000000317          0.000000292
O            1.164360762          0.000000078          0.000000383
C            0.000029207         -0.000000102          0.000000409

 Structure in entos input format:

  structure(
    xyz = [
      ['O'  ,         -1.164301145,         -0.000000317,          0.000000292],
      ['O'  ,          1.164360762,          0.000000078,          0.000000383],
      ['C'  ,          0.000029207,         -0.000000102,          0.000000409]
    ]
  )

 --------------------------------
  Geometry optimization finished 
 --------------------------------
 Saving results in set 'opt'

 --------------------------------------------------------------------------------
                                 command: hessian                                
 --------------------------------------------------------------------------------

WARNING: numerical method is specified for dft hessian, which is not efficient. Try switching to 'method = analytic'


 -------------------------------
  Numerical Geometrical Hessian 
 -------------------------------

 Compute hessian using two-point central differentiation.
 Step size (bohr):                       0.0100

 Frequencies (including translational and rotational modes):
 mode    frequency (cm-1)
    0                9.92 i (imaginary)
    1                9.88 i (imaginary)
    2                1.73 i (imaginary)
    3               20.07
    4               20.10
    5              663.92
    6              663.92
    7             1344.38
    8             2402.73

 Project out translational and rotational motions 

 Degrees of freedom for translational and rotational motions: 6

 Vibrational frequencies:
 mode    frequency (cm-1)
    0              663.92
    1             1344.38
    2             2402.73

 --------------------------------------------------------------------------------

 End time:                               Fri Apr 23 14:45:38 2021
 Total wall-clock time:                 37.956 seconds
==================================================================================
