
================================================================================
          _____________ ________ _______________ ________     _________         
         / ___________// ______ \\_____   _____// ______ \   / ________)        
        / /_________  / /      \ \     | |     / /      \ \ | (_______          
       |  __________|| |        | |    | |    | |        | | \________ \        
        \ \_________ | |        | |    | |     \ \______/ /___________) |       
         \__________||_|        |_|    |_|      \________//____________/        
                                                                                
====================================[ Qcore ]===================================

 Git hash:   15a3e7daff0cda5fa9af010ccd19a80288182ecf
 Git date:   Fri, 16 Apr 2021 15:57:16 +0100
 Compiler:   GNU 9.1.0
 Build type: Release
 Version:    1.1.0

 Start time: Fri Apr 23 14:45:38 2021

 Data directory: /work/zw18965/.local/qcore/share/entos/1.1.0/data
 Number of threads: 24
 Number of threads was determined by: command line argument
  - More threads can be used by running 'qcore -n 32'

 --------------------------------------------------------------------------------
                                command: optimize                                
 --------------------------------------------------------------------------------
 Using coordinate system:                tric
 Hessian update scheme:                  bfgs

 ------------------------------------------------------------------------------------------------------------
                   energy      change    grad rms    grad max    step rms    step max       trust    time (s)
 ------------------------------------------------------------------------------------------------------------
   1      -113.284221148                9.46e-03    1.64e-02                            2.00e-01        0.86
   2      -113.284327974   -1.07e-04    4.10e-04    7.10e-04    6.30e-03    1.26e-02    2.00e-01        0.57
   3      -113.284328181   -2.07e-07    1.00e-05    1.74e-05    2.85e-04    5.71e-04    2.00e-01        0.57
 Geometry optimization stopped:          thresholds achieved

 Final energy:                        -113.284328181

 -----------
  Final XYZ 
 -----------
2
Final structure: -113.284 hartree
O            0.565726468          0.000000065         -0.000000049
C           -0.565725793         -0.000000044          0.000000072

 Structure in entos input format:

  structure(
    xyz = [
      ['O'  ,          0.565726468,          0.000000065,         -0.000000049],
      ['C'  ,         -0.565725793,         -0.000000044,          0.000000072]
    ]
  )

 --------------------------------
  Geometry optimization finished 
 --------------------------------
 Saving results in set 'opt'

 --------------------------------------------------------------------------------
                                 command: hessian                                
 --------------------------------------------------------------------------------

WARNING: numerical method is specified for dft hessian, which is not efficient. Try switching to 'method = analytic'


 -------------------------------
  Numerical Geometrical Hessian 
 -------------------------------

 Compute hessian using two-point central differentiation.
 Step size (bohr):                       0.0100

 Frequencies (including translational and rotational modes):
 mode    frequency (cm-1)
    0                0.52 i (imaginary)
    1                0.35 i (imaginary)
    2                0.15 i (imaginary)
    3               18.48
    4               18.49
    5             2161.08

 Project out translational and rotational motions 

 The molecule is linear

 Degrees of freedom for translational and rotational motions: 5

 Vibrational frequencies:
 mode    frequency (cm-1)
    0             2161.08

 --------------------------------------------------------------------------------

 End time:                               Fri Apr 23 14:45:49 2021
 Total wall-clock time:                 10.237 seconds
==================================================================================
