
================================================================================
          _____________ ________ _______________ ________     _________         
         / ___________// ______ \\_____   _____// ______ \   / ________)        
        / /_________  / /      \ \     | |     / /      \ \ | (_______          
       |  __________|| |        | |    | |    | |        | | \________ \        
        \ \_________ | |        | |    | |     \ \______/ /___________) |       
         \__________||_|        |_|    |_|      \________//____________/        
                                                                                
====================================[ Qcore ]===================================

 Git hash:   15a3e7daff0cda5fa9af010ccd19a80288182ecf
 Git date:   Fri, 16 Apr 2021 15:57:16 +0100
 Compiler:   GNU 9.1.0
 Build type: Release
 Version:    1.1.0

 Start time: Fri Apr 23 14:52:01 2021

 Data directory: /work/zw18965/.local/qcore/share/entos/1.1.0/data
 Number of threads: 24
 Number of threads was determined by: command line argument
  - More threads can be used by running 'qcore -n 32'

 --------------------------------------------------------------------------------
                                command: optimize                                
 --------------------------------------------------------------------------------
 Using coordinate system:                tric
 Hessian update scheme:                  bfgs

 ------------------------------------------------------------------------------------------------------------
                   energy      change    grad rms    grad max    step rms    step max       trust    time (s)
 ------------------------------------------------------------------------------------------------------------
   1      -535.833304422                4.56e-03    9.13e-03                            2.00e-01        1.85
   2      -535.833799569   -4.95e-04    2.27e-03    4.49e-03    3.24e-02    4.53e-02    2.00e-01        1.54
   3      -535.833915735   -1.16e-04    1.10e-03    2.20e-03    2.39e-02    3.46e-02    2.00e-01        1.54
   4      -535.833922716   -6.98e-06    6.94e-04    1.41e-03    1.55e-03    3.67e-03    2.00e-01        1.50
   5      -535.833927299   -4.58e-06    8.79e-06    1.91e-05    2.56e-03    6.16e-03    2.00e-01        1.47
   6      -535.833927307   -7.53e-09    1.39e-06    3.30e-06    3.26e-05    1.13e-04    2.00e-01        1.49
 Geometry optimization stopped:          thresholds achieved

 Final energy:                        -535.833927307

 -----------
  Final XYZ 
 -----------
3
Final structure: -535.834 hartree
O           -0.350530174          0.469755560         -0.000001334
Cl           1.235406348         -0.135131366         -0.000000590
H           -0.884422681         -0.334936366         -0.000000462

 Structure in entos input format:

  structure(
    xyz = [
      ['O'  ,         -0.350530174,          0.469755560,         -0.000001334],
      ['Cl' ,          1.235406348,         -0.135131366,         -0.000000590],
      ['H'  ,         -0.884422681,         -0.334936366,         -0.000000462]
    ]
  )

 --------------------------------
  Geometry optimization finished 
 --------------------------------
 Saving results in set 'opt'

 --------------------------------------------------------------------------------
                                 command: hessian                                
 --------------------------------------------------------------------------------

WARNING: numerical method is specified for dft hessian, which is not efficient. Try switching to 'method = analytic'


 -------------------------------
  Numerical Geometrical Hessian 
 -------------------------------

 Compute hessian using two-point central differentiation.
 Step size (bohr):                       0.0100

 Frequencies (including translational and rotational modes):
 mode    frequency (cm-1)
    0               12.89 i (imaginary)
    1                2.30 i (imaginary)
    2                0.79
    3                2.93
    4               16.66
    5               35.99
    6              746.75
    7             1276.10
    8             3789.96

 Project out translational and rotational motions 

 Degrees of freedom for translational and rotational motions: 6

 Vibrational frequencies:
 mode    frequency (cm-1)
    0              746.75
    1             1276.10
    2             3789.96

 --------------------------------------------------------------------------------

 End time:                               Fri Apr 23 14:52:43 2021
 Total wall-clock time:                 41.685 seconds
==================================================================================
