
================================================================================
          _____________ ________ _______________ ________     _________         
         / ___________// ______ \\_____   _____// ______ \   / ________)        
        / /_________  / /      \ \     | |     / /      \ \ | (_______          
       |  __________|| |        | |    | |    | |        | | \________ \        
        \ \_________ | |        | |    | |     \ \______/ /___________) |       
         \__________||_|        |_|    |_|      \________//____________/        
                                                                                
====================================[ Qcore ]===================================

 Git hash:   15a3e7daff0cda5fa9af010ccd19a80288182ecf
 Git date:   Fri, 16 Apr 2021 15:57:16 +0100
 Compiler:   GNU 9.1.0
 Build type: Release
 Version:    1.1.0

 Start time: Fri Apr 23 14:53:40 2021

 Data directory: /work/zw18965/.local/qcore/share/entos/1.1.0/data
 Number of threads: 24
 Number of threads was determined by: command line argument
  - More threads can be used by running 'qcore -n 32'

 --------------------------------------------------------------------------------
                                command: optimize                                
 --------------------------------------------------------------------------------
 Using coordinate system:                tric
 Hessian update scheme:                  bfgs

 ------------------------------------------------------------------------------------------------------------
                   energy      change    grad rms    grad max    step rms    step max       trust    time (s)
 ------------------------------------------------------------------------------------------------------------
   1      -184.617622821                3.09e-02    7.44e-02                            2.00e-01        1.81
   2      -184.620792676   -3.17e-03    3.90e-03    9.50e-03    3.82e-02    5.39e-02    2.00e-01        1.60
   3      -184.620849489   -5.68e-05    1.00e-03    2.27e-03    5.18e-03    8.87e-03    2.00e-01        1.56
   4      -184.620851850   -2.36e-06    1.91e-04    4.68e-04    1.01e-03    2.20e-03    2.00e-01        1.57
   5      -184.620851906   -5.61e-08    2.97e-05    6.52e-05    1.04e-04    3.01e-04    2.00e-01        1.52
 Geometry optimization stopped:          thresholds achieved

 Final energy:                        -184.620851906

 -----------
  Final XYZ 
 -----------
3
Final structure: -184.621 hartree
N            0.000000601         -0.000000624         -1.131543447
N            0.000001092          0.000000876          0.002379083
O            0.000001196          0.000001937          1.187510112

 Structure in entos input format:

  structure(
    xyz = [
      ['N'  ,          0.000000601,         -0.000000624,         -1.131543447],
      ['N'  ,          0.000001092,          0.000000876,          0.002379083],
      ['O'  ,          0.000001196,          0.000001937,          1.187510112]
    ]
  )

 --------------------------------
  Geometry optimization finished 
 --------------------------------
 Saving results in set 'opt'

 --------------------------------------------------------------------------------
                                 command: hessian                                
 --------------------------------------------------------------------------------

WARNING: numerical method is specified for dft hessian, which is not efficient. Try switching to 'method = analytic'


 -------------------------------
  Numerical Geometrical Hessian 
 -------------------------------

 Compute hessian using two-point central differentiation.
 Step size (bohr):                       0.0100

 Frequencies (including translational and rotational modes):
 mode    frequency (cm-1)
    0                1.50 i (imaginary)
    1                1.51
    2                1.69
    3               17.13
    4               17.17
    5              604.19
    6              604.19
    7             1305.24
    8             2271.08

 Project out translational and rotational motions 

 Degrees of freedom for translational and rotational motions: 6

 Vibrational frequencies:
 mode    frequency (cm-1)
    0              604.19
    1             1305.24
    2             2271.08

 --------------------------------------------------------------------------------

 End time:                               Fri Apr 23 14:54:22 2021
 Total wall-clock time:                 41.928 seconds
==================================================================================
