
================================================================================
          _____________ ________ _______________ ________     _________         
         / ___________// ______ \\_____   _____// ______ \   / ________)        
        / /_________  / /      \ \     | |     / /      \ \ | (_______          
       |  __________|| |        | |    | |    | |        | | \________ \        
        \ \_________ | |        | |    | |     \ \______/ /___________) |       
         \__________||_|        |_|    |_|      \________//____________/        
                                                                                
====================================[ Qcore ]===================================

 Git hash:   15a3e7daff0cda5fa9af010ccd19a80288182ecf
 Git date:   Fri, 16 Apr 2021 15:57:16 +0100
 Compiler:   GNU 9.1.0
 Build type: Release
 Version:    1.1.0

 Start time: Fri Apr 23 14:56:16 2021

 Data directory: /work/zw18965/.local/qcore/share/entos/1.1.0/data
 Number of threads: 24
 Number of threads was determined by: command line argument
  - More threads can be used by running 'qcore -n 32'

 --------------------------------------------------------------------------------
                                command: optimize                                
 --------------------------------------------------------------------------------
 Using coordinate system:                tric
 Hessian update scheme:                  bfgs

 ------------------------------------------------------------------------------------------------------------
                   energy      change    grad rms    grad max    step rms    step max       trust    time (s)
 ------------------------------------------------------------------------------------------------------------
   1      -364.610022150                2.77e-03    4.79e-03                            2.00e-01        1.18
   2      -364.610036748   -1.46e-05    1.39e-03    2.41e-03    2.03e-03    4.05e-03    2.00e-01        0.90
   3      -364.610041769   -5.02e-06    1.84e-05    3.22e-05    2.06e-03    4.11e-03    2.00e-01        0.87
   4      -364.610041777   -8.15e-09    2.78e-07    6.79e-07    2.75e-05    5.51e-05    2.00e-01        0.87
 Geometry optimization stopped:          thresholds achieved

 Final energy:                        -364.610041777

 -----------
  Final XYZ 
 -----------
2
Final structure: -364.61 hartree
Si           0.000000107          0.000000421         -0.759107641
O            0.000000008         -0.000000149          0.759101338

 Structure in entos input format:

  structure(
    xyz = [
      ['Si' ,          0.000000107,          0.000000421,         -0.759107641],
      ['O'  ,          0.000000008,         -0.000000149,          0.759101338]
    ]
  )

 --------------------------------
  Geometry optimization finished 
 --------------------------------
 Saving results in set 'opt'

 --------------------------------------------------------------------------------
                                 command: hessian                                
 --------------------------------------------------------------------------------

WARNING: numerical method is specified for dft hessian, which is not efficient. Try switching to 'method = analytic'


 -------------------------------
  Numerical Geometrical Hessian 
 -------------------------------

 Compute hessian using two-point central differentiation.
 Step size (bohr):                       0.0100

 Frequencies (including translational and rotational modes):
 mode    frequency (cm-1)
    0               36.57 i (imaginary)
    1               36.56 i (imaginary)
    2                0.81 i (imaginary)
    3                0.35
    4                1.73
    5             1221.76

 Project out translational and rotational motions 

 The molecule is linear

 Degrees of freedom for translational and rotational motions: 5

 Vibrational frequencies:
 mode    frequency (cm-1)
    0             1221.76

 --------------------------------------------------------------------------------

 End time:                               Fri Apr 23 14:56:32 2021
 Total wall-clock time:                 16.698 seconds
==================================================================================
