
================================================================================
          _____________ ________ _______________ ________     _________         
         / ___________// ______ \\_____   _____// ______ \   / ________)        
        / /_________  / /      \ \     | |     / /      \ \ | (_______          
       |  __________|| |        | |    | |    | |        | | \________ \        
        \ \_________ | |        | |    | |     \ \______/ /___________) |       
         \__________||_|        |_|    |_|      \________//____________/        
                                                                                
====================================[ Qcore ]===================================

 Git hash:   15a3e7daff0cda5fa9af010ccd19a80288182ecf
 Git date:   Fri, 16 Apr 2021 15:57:16 +0100
 Compiler:   GNU 9.1.0
 Build type: Release
 Version:    1.1.0

 Start time: Fri Apr 23 15:01:34 2021

 Data directory: /work/zw18965/.local/qcore/share/entos/1.1.0/data
 Number of threads: 24
 Number of threads was determined by: command line argument
  - More threads can be used by running 'qcore -n 32'

 --------------------------------------------------------------------------------
                                command: optimize                                
 --------------------------------------------------------------------------------
 Using coordinate system:                tric
 Hessian update scheme:                  bfgs

 ------------------------------------------------------------------------------------------------------------
                   energy      change    grad rms    grad max    step rms    step max       trust    time (s)
 ------------------------------------------------------------------------------------------------------------
   1      -796.159389092                1.95e-03    3.38e-03                            2.00e-01        1.41
   2      -796.159407857   -1.88e-05    1.54e-04    2.67e-04    4.98e-03    9.96e-03    2.00e-01        1.21
   3      -796.159408011   -1.54e-07    3.68e-06    8.17e-06    4.28e-04    8.56e-04    2.00e-01        1.19
 Geometry optimization stopped:          thresholds achieved

 Final energy:                        -796.159408011

 -----------
  Final XYZ 
 -----------
2
Final structure: -796.159 hartree
S           -0.000000490          0.000000057         -0.002995644
S            0.000000471         -0.000000080          1.899609906

 Structure in entos input format:

  structure(
    xyz = [
      ['S'  ,         -0.000000490,          0.000000057,         -0.002995644],
      ['S'  ,          0.000000471,         -0.000000080,          1.899609906]
    ]
  )

 --------------------------------
  Geometry optimization finished 
 --------------------------------
 Saving results in set 'opt'

 --------------------------------------------------------------------------------
                                 command: hessian                                
 --------------------------------------------------------------------------------

WARNING: numerical method is specified for dft hessian, which is not efficient. Try switching to 'method = analytic'


 -------------------------------
  Numerical Geometrical Hessian 
 -------------------------------

 Compute hessian using two-point central differentiation.
 Step size (bohr):                       0.0100

 Frequencies (including translational and rotational modes):
 mode    frequency (cm-1)
    0                0.47 i (imaginary)
    1                0.13 i (imaginary)
    2                5.03
    3                9.99
    4               10.04
    5              711.41

 Project out translational and rotational motions 

 The molecule is linear

 Degrees of freedom for translational and rotational motions: 5

 Vibrational frequencies:
 mode    frequency (cm-1)
    0              711.41

 --------------------------------------------------------------------------------

 End time:                               Fri Apr 23 15:01:55 2021
 Total wall-clock time:                 21.472 seconds
==================================================================================
