
================================================================================
          _____________ ________ _______________ ________     _________         
         / ___________// ______ \\_____   _____// ______ \   / ________)        
        / /_________  / /      \ \     | |     / /      \ \ | (_______          
       |  __________|| |        | |    | |    | |        | | \________ \        
        \ \_________ | |        | |    | |     \ \______/ /___________) |       
         \__________||_|        |_|    |_|      \________//____________/        
                                                                                
====================================[ Qcore ]===================================

 Git hash:   15a3e7daff0cda5fa9af010ccd19a80288182ecf
 Git date:   Fri, 16 Apr 2021 15:57:16 +0100
 Compiler:   GNU 9.1.0
 Build type: Release
 Version:    1.1.0

 Start time: Fri Apr 23 10:22:49 2021

 Data directory: /work/zw18965/.local/qcore/share/entos/1.1.0/data
 Number of threads: 24
 Number of threads was determined by: command line argument
  - More threads can be used by running 'qcore -n 32'

 --------------------------------------------------------------------------------
                                command: optimize                                
 --------------------------------------------------------------------------------
 Using coordinate system:                tric
 Hessian update scheme:                  bfgs

 ------------------------------------------------------------------------------------------------------------
                   energy      change    grad rms    grad max    step rms    step max       trust    time (s)
 ------------------------------------------------------------------------------------------------------------
   1       -40.493428335                5.57e-04    9.03e-04                            2.00e-01        1.02
   2       -40.493434380   -6.04e-06    1.47e-04    2.39e-04    1.98e-03    2.22e-03    2.00e-01        0.71
   3       -40.493434838   -4.58e-07    9.57e-07    1.91e-06    7.12e-04    7.99e-04    2.00e-01        0.69
 Geometry optimization stopped:          thresholds achieved

 Final energy:                         -40.493434838

 -----------
  Final XYZ 
 -----------
5
Final structure: -40.4934 hartree
C           -0.000023096          0.000024508          0.000001500
H            0.551692516          0.796291931          0.494314241
H            0.680482684         -0.809901288         -0.252440143
H           -0.774865236         -0.371922060          0.666381156
H           -0.457386867          0.385606907         -0.908256850

 Structure in entos input format:

  structure(
    xyz = [
      ['C'  ,         -0.000023096,          0.000024508,          0.000001500],
      ['H'  ,          0.551692516,          0.796291931,          0.494314241],
      ['H'  ,          0.680482684,         -0.809901288,         -0.252440143],
      ['H'  ,         -0.774865236,         -0.371922060,          0.666381156],
      ['H'  ,         -0.457386867,          0.385606907,         -0.908256850]
    ]
  )

 --------------------------------
  Geometry optimization finished 
 --------------------------------
 Saving results in set 'opt'

 --------------------------------------------------------------------------------
                                 command: hessian                                
 --------------------------------------------------------------------------------

WARNING: semianalytic method is specified for dft hessian, which is not efficient. Try switching to 'method = analytic'


 -------------------------------
  Numerical Geometrical Hessian 
 -------------------------------

 Compute hessian using two-point central differentiation.
 Step size (bohr):                       0.0100

 Frequencies (including translational and rotational modes):
 mode    frequency (cm-1)
    0               24.76 i (imaginary)
    1               22.93 i (imaginary)
    2                0.18 i (imaginary)
    3                0.03
    4                0.10
    5               17.18
    6             1352.31
    7             1352.58
    8             1352.65
    9             1570.73
   10             1570.88
   11             3055.98
   12             3166.86
   13             3166.99
   14             3167.15

 Project out translational and rotational motions 

 Degrees of freedom for translational and rotational motions: 6

 Vibrational frequencies:
 mode    frequency (cm-1)
    0             1352.31
    1             1352.58
    2             1352.65
    3             1570.73
    4             1570.88
    5             3055.98
    6             3166.86
    7             3166.99
    8             3167.15

 --------------------------------------------------------------------------------

 End time:                               Fri Apr 23 10:23:13 2021
 Total wall-clock time:                 24.453 seconds
==================================================================================
