
================================================================================
          _____________ ________ _______________ ________     _________         
         / ___________// ______ \\_____   _____// ______ \   / ________)        
        / /_________  / /      \ \     | |     / /      \ \ | (_______          
       |  __________|| |        | |    | |    | |        | | \________ \        
        \ \_________ | |        | |    | |     \ \______/ /___________) |       
         \__________||_|        |_|    |_|      \________//____________/        
                                                                                
====================================[ Qcore ]===================================

 Git hash:   15a3e7daff0cda5fa9af010ccd19a80288182ecf
 Git date:   Fri, 16 Apr 2021 15:57:16 +0100
 Compiler:   GNU 9.1.0
 Build type: Release
 Version:    1.1.0

 Start time: Fri Apr 23 10:22:56 2021

 Data directory: /work/zw18965/.local/qcore/share/entos/1.1.0/data
 Number of threads: 24
 Number of threads was determined by: command line argument
  - More threads can be used by running 'qcore -n 32'

 --------------------------------------------------------------------------------
                                command: optimize                                
 --------------------------------------------------------------------------------
 Using coordinate system:                tric
 Hessian update scheme:                  bfgs

 ------------------------------------------------------------------------------------------------------------
                   energy      change    grad rms    grad max    step rms    step max       trust    time (s)
 ------------------------------------------------------------------------------------------------------------
   1      -188.563689210                1.49e-02    3.16e-02                            2.00e-01        1.05
   2      -188.564473657   -7.84e-04    2.68e-04    5.68e-04    2.02e-02    2.47e-02    2.00e-01        0.71
   3      -188.564473925   -2.68e-07    1.20e-05    2.55e-05    3.69e-04    4.51e-04    2.00e-01        0.66
 Geometry optimization stopped:          thresholds achieved

 Final energy:                        -188.564473925

 -----------
  Final XYZ 
 -----------
3
Final structure: -188.564 hartree
O           -1.153770408          0.000000002          0.000000005
O            1.153770406          0.000000002         -0.000000008
C            0.000000002         -0.000000003          0.000000002

 Structure in entos input format:

  structure(
    xyz = [
      ['O'  ,         -1.153770408,          0.000000002,          0.000000005],
      ['O'  ,          1.153770406,          0.000000002,         -0.000000008],
      ['C'  ,          0.000000002,         -0.000000003,          0.000000002]
    ]
  )

 --------------------------------
  Geometry optimization finished 
 --------------------------------
 Saving results in set 'opt'

 --------------------------------------------------------------------------------
                                 command: hessian                                
 --------------------------------------------------------------------------------

WARNING: semianalytic method is specified for dft hessian, which is not efficient. Try switching to 'method = analytic'


 -------------------------------
  Numerical Geometrical Hessian 
 -------------------------------

 Compute hessian using two-point central differentiation.
 Step size (bohr):                       0.0100

 Frequencies (including translational and rotational modes):
 mode    frequency (cm-1)
    0               14.06 i (imaginary)
    1               14.06 i (imaginary)
    2                0.02 i (imaginary)
    3                0.02 i (imaginary)
    4                0.01 i (imaginary)
    5              695.74
    6              695.74
    7             1407.91
    8             2447.14

 Project out translational and rotational motions 

 Degrees of freedom for translational and rotational motions: 6

 Vibrational frequencies:
 mode    frequency (cm-1)
    0              695.74
    1             1407.91
    2             2447.14

 --------------------------------------------------------------------------------

 End time:                               Fri Apr 23 10:23:11 2021
 Total wall-clock time:                 15.596 seconds
==================================================================================
