
================================================================================
          _____________ ________ _______________ ________     _________         
         / ___________// ______ \\_____   _____// ______ \   / ________)        
        / /_________  / /      \ \     | |     / /      \ \ | (_______          
       |  __________|| |        | |    | |    | |        | | \________ \        
        \ \_________ | |        | |    | |     \ \______/ /___________) |       
         \__________||_|        |_|    |_|      \________//____________/        
                                                                                
====================================[ Qcore ]===================================

 Git hash:   15a3e7daff0cda5fa9af010ccd19a80288182ecf
 Git date:   Fri, 16 Apr 2021 15:57:16 +0100
 Compiler:   GNU 9.1.0
 Build type: Release
 Version:    1.1.0

 Start time: Fri Apr 23 10:22:54 2021

 Data directory: /work/zw18965/.local/qcore/share/entos/1.1.0/data
 Number of threads: 24
 Number of threads was determined by: command line argument
  - More threads can be used by running 'qcore -n 32'

 --------------------------------------------------------------------------------
                                command: optimize                                
 --------------------------------------------------------------------------------
 Using coordinate system:                tric
 Hessian update scheme:                  bfgs

 ------------------------------------------------------------------------------------------------------------
                   energy      change    grad rms    grad max    step rms    step max       trust    time (s)
 ------------------------------------------------------------------------------------------------------------
   1       -76.420736790                1.79e-03    2.93e-03                            2.00e-01        0.67
   2       -76.420796823   -6.00e-05    1.15e-03    1.95e-03    8.73e-03    1.41e-02    2.00e-01        0.35
   3       -76.420823093   -2.63e-05    4.09e-04    6.39e-04    9.77e-03    1.74e-02    2.00e-01        0.35
   4       -76.420823839   -7.46e-07    1.22e-04    1.80e-04    6.35e-04    1.18e-03    2.00e-01        0.35
 Geometry optimization stopped:          thresholds achieved

 Final energy:                         -76.420823839

 -----------
  Final XYZ 
 -----------
3
Final structure: -76.4208 hartree
O            0.007750258          0.005684843         -0.004052087
H            0.274047561          0.888051369          0.254777427
H            0.602402176         -0.239136212         -0.713225339

 Structure in entos input format:

  structure(
    xyz = [
      ['O'  ,          0.007750258,          0.005684843,         -0.004052087],
      ['H'  ,          0.274047561,          0.888051369,          0.254777427],
      ['H'  ,          0.602402176,         -0.239136212,         -0.713225339]
    ]
  )

 --------------------------------
  Geometry optimization finished 
 --------------------------------
 Saving results in set 'opt'

 --------------------------------------------------------------------------------
                                 command: hessian                                
 --------------------------------------------------------------------------------

WARNING: semianalytic method is specified for dft hessian, which is not efficient. Try switching to 'method = analytic'


 -------------------------------
  Numerical Geometrical Hessian 
 -------------------------------

 Compute hessian using two-point central differentiation.
 Step size (bohr):                       0.0100

 Frequencies (including translational and rotational modes):
 mode    frequency (cm-1)
    0               62.96 i (imaginary)
    1               58.18 i (imaginary)
    2               57.07 i (imaginary)
    3                0.03
    4                0.05
    5                0.26
    6             1638.00
    7             3874.84
    8             3973.55

 Project out translational and rotational motions 

 Degrees of freedom for translational and rotational motions: 6

 Vibrational frequencies:
 mode    frequency (cm-1)
    0             1638.00
    1             3874.84
    2             3973.55

 --------------------------------------------------------------------------------

 End time:                               Fri Apr 23 10:23:03 2021
 Total wall-clock time:                  8.926 seconds
==================================================================================
