
================================================================================
          _____________ ________ _______________ ________     _________         
         / ___________// ______ \\_____   _____// ______ \   / ________)        
        / /_________  / /      \ \     | |     / /      \ \ | (_______          
       |  __________|| |        | |    | |    | |        | | \________ \        
        \ \_________ | |        | |    | |     \ \______/ /___________) |       
         \__________||_|        |_|    |_|      \________//____________/        
                                                                                
====================================[ Qcore ]===================================

 Git hash:   15a3e7daff0cda5fa9af010ccd19a80288182ecf
 Git date:   Fri, 16 Apr 2021 15:57:16 +0100
 Compiler:   GNU 9.1.0
 Build type: Release
 Version:    1.1.0

 Start time: Fri Apr 23 10:23:42 2021

 Data directory: /work/zw18965/.local/qcore/share/entos/1.1.0/data
 Number of threads: 24
 Number of threads was determined by: command line argument
  - More threads can be used by running 'qcore -n 32'

 --------------------------------------------------------------------------------
                                command: optimize                                
 --------------------------------------------------------------------------------
 Using coordinate system:                tric
 Hessian update scheme:                  bfgs

 ------------------------------------------------------------------------------------------------------------
                   energy      change    grad rms    grad max    step rms    step max       trust    time (s)
 ------------------------------------------------------------------------------------------------------------
   1      -130.454548010                1.01e-02    2.19e-02                            2.00e-01        1.00
   2      -130.454952694   -4.05e-04    1.04e-03    1.96e-03    2.17e-02    2.20e-02    2.00e-01        0.54
   3      -130.454956699   -4.00e-06    1.75e-04    3.60e-04    1.53e-03    2.53e-03    2.00e-01        0.52
   4      -130.454956914   -2.15e-07    4.34e-05    8.99e-05    4.30e-04    6.89e-04    2.00e-01        0.49
 Geometry optimization stopped:          thresholds achieved

 Final energy:                        -130.454956914

 -----------
  Final XYZ 
 -----------
3
Final structure: -130.455 hartree
N           -0.068031610          0.432267439          0.000000026
O            0.946181999         -0.190481890         -0.000000074
H           -0.878150384         -0.241785549          0.000000048

 Structure in entos input format:

  structure(
    xyz = [
      ['N'  ,         -0.068031610,          0.432267439,          0.000000026],
      ['O'  ,          0.946181999,         -0.190481890,         -0.000000074],
      ['H'  ,         -0.878150384,         -0.241785549,          0.000000048]
    ]
  )

 --------------------------------
  Geometry optimization finished 
 --------------------------------
 Saving results in set 'opt'

 --------------------------------------------------------------------------------
                                 command: hessian                                
 --------------------------------------------------------------------------------

WARNING: semianalytic method is specified for dft hessian, which is not efficient. Try switching to 'method = analytic'


 -------------------------------
  Numerical Geometrical Hessian 
 -------------------------------

 Compute hessian using two-point central differentiation.
 Step size (bohr):                       0.0100

 Frequencies (including translational and rotational modes):
 mode    frequency (cm-1)
    0               19.27 i (imaginary)
    1                1.00 i (imaginary)
    2                0.01 i (imaginary)
    3                0.65
    4                9.56
    5               30.27
    6             1593.26
    7             1747.36
    8             2991.42

 Project out translational and rotational motions 

 Degrees of freedom for translational and rotational motions: 6

 Vibrational frequencies:
 mode    frequency (cm-1)
    0             1593.26
    1             1747.36
    2             2991.42

 --------------------------------------------------------------------------------

 End time:                               Fri Apr 23 10:23:56 2021
 Total wall-clock time:                 13.233 seconds
==================================================================================
