
================================================================================
          _____________ ________ _______________ ________     _________         
         / ___________// ______ \\_____   _____// ______ \   / ________)        
        / /_________  / /      \ \     | |     / /      \ \ | (_______          
       |  __________|| |        | |    | |    | |        | | \________ \        
        \ \_________ | |        | |    | |     \ \______/ /___________) |       
         \__________||_|        |_|    |_|      \________//____________/        
                                                                                
====================================[ Qcore ]===================================

 Git hash:   15a3e7daff0cda5fa9af010ccd19a80288182ecf
 Git date:   Fri, 16 Apr 2021 15:57:16 +0100
 Compiler:   GNU 9.1.0
 Build type: Release
 Version:    1.1.0

 Start time: Fri Apr 23 10:23:44 2021

 Data directory: /work/zw18965/.local/qcore/share/entos/1.1.0/data
 Number of threads: 24
 Number of threads was determined by: command line argument
  - More threads can be used by running 'qcore -n 32'

 --------------------------------------------------------------------------------
                                command: optimize                                
 --------------------------------------------------------------------------------
 Using coordinate system:                tric
 Hessian update scheme:                  bfgs

 ------------------------------------------------------------------------------------------------------------
                   energy      change    grad rms    grad max    step rms    step max       trust    time (s)
 ------------------------------------------------------------------------------------------------------------
   1      -109.507631681                2.30e-02    3.98e-02                            2.00e-01        0.56
   2      -109.508120213   -4.89e-04    4.00e-03    6.94e-03    1.45e-02    2.90e-02    2.00e-01        0.35
   3      -109.508134373   -1.42e-05    1.85e-04    3.20e-04    2.15e-03    4.29e-03    2.00e-01        0.34
   4      -109.508134403   -3.05e-08    1.20e-06    2.08e-06    9.47e-05    1.89e-04    2.00e-01        0.32
 Geometry optimization stopped:          thresholds achieved

 Final energy:                        -109.508134403

 -----------
  Final XYZ 
 -----------
2
Final structure: -109.508 hartree
N            0.542694796          0.000000013         -0.000000000
N           -0.542694796         -0.000000013          0.000000000

 Structure in entos input format:

  structure(
    xyz = [
      ['N'  ,          0.542694796,          0.000000013,         -0.000000000],
      ['N'  ,         -0.542694796,         -0.000000013,          0.000000000]
    ]
  )

 --------------------------------
  Geometry optimization finished 
 --------------------------------
 Saving results in set 'opt'

 --------------------------------------------------------------------------------
                                 command: hessian                                
 --------------------------------------------------------------------------------

WARNING: semianalytic method is specified for dft hessian, which is not efficient. Try switching to 'method = analytic'


 -------------------------------
  Numerical Geometrical Hessian 
 -------------------------------

 Compute hessian using two-point central differentiation.
 Step size (bohr):                       0.0100

 Frequencies (including translational and rotational modes):
 mode    frequency (cm-1)
    0                0.01 i (imaginary)
    1                0.00 i (imaginary)
    2                0.00 i (imaginary)
    3               17.69
    4               17.70
    5             2516.79

 Project out translational and rotational motions 

 The molecule is linear

 Degrees of freedom for translational and rotational motions: 5

 Vibrational frequencies:
 mode    frequency (cm-1)
    0             2516.79

 --------------------------------------------------------------------------------

 End time:                               Fri Apr 23 10:23:50 2021
 Total wall-clock time:                  6.304 seconds
==================================================================================
