
================================================================================
          _____________ ________ _______________ ________     _________         
         / ___________// ______ \\_____   _____// ______ \   / ________)        
        / /_________  / /      \ \     | |     / /      \ \ | (_______          
       |  __________|| |        | |    | |    | |        | | \________ \        
        \ \_________ | |        | |    | |     \ \______/ /___________) |       
         \__________||_|        |_|    |_|      \________//____________/        
                                                                                
====================================[ Qcore ]===================================

 Git hash:   15a3e7daff0cda5fa9af010ccd19a80288182ecf
 Git date:   Fri, 16 Apr 2021 15:57:16 +0100
 Compiler:   GNU 9.1.0
 Build type: Release
 Version:    1.1.0

 Start time: Fri Apr 23 10:24:02 2021

 Data directory: /work/zw18965/.local/qcore/share/entos/1.1.0/data
 Number of threads: 24
 Number of threads was determined by: command line argument
  - More threads can be used by running 'qcore -n 32'

 --------------------------------------------------------------------------------
                                command: optimize                                
 --------------------------------------------------------------------------------
 Using coordinate system:                tric
 Hessian update scheme:                  bfgs

 ------------------------------------------------------------------------------------------------------------
                   energy      change    grad rms    grad max    step rms    step max       trust    time (s)
 ------------------------------------------------------------------------------------------------------------
   1      -548.629895338                1.32e-02    2.19e-02                            2.00e-01        1.42
   2      -548.630462400   -5.67e-04    6.79e-03    1.15e-02    1.25e-02    1.60e-02    2.00e-01        1.00
   3      -548.630652241   -1.90e-04    3.48e-04    7.23e-04    1.29e-02    1.68e-02    2.00e-01        0.98
   4      -548.630653140   -8.99e-07    1.51e-04    3.62e-04    9.11e-04    8.95e-04    2.00e-01        0.90
   5      -548.630653301   -1.61e-07    1.24e-04    3.03e-04    3.56e-04    4.31e-04    2.00e-01        0.90
   6      -548.630653465   -1.64e-07    2.44e-05    4.58e-05    5.89e-04    7.95e-04    2.00e-01        0.93
 Geometry optimization stopped:          thresholds achieved

 Final energy:                        -548.630653465

 -----------
  Final XYZ 
 -----------
3
Final structure: -548.631 hartree
S           -0.001384720          0.481054853          0.000000074
O            1.225196441         -0.237001223         -0.000001148
O           -1.223811721         -0.244053631          0.000001074

 Structure in entos input format:

  structure(
    xyz = [
      ['S'  ,         -0.001384720,          0.481054853,          0.000000074],
      ['O'  ,          1.225196441,         -0.237001223,         -0.000001148],
      ['O'  ,         -1.223811721,         -0.244053631,          0.000001074]
    ]
  )

 --------------------------------
  Geometry optimization finished 
 --------------------------------
 Saving results in set 'opt'

 --------------------------------------------------------------------------------
                                 command: hessian                                
 --------------------------------------------------------------------------------

WARNING: semianalytic method is specified for dft hessian, which is not efficient. Try switching to 'method = analytic'


 -------------------------------
  Numerical Geometrical Hessian 
 -------------------------------

 Compute hessian using two-point central differentiation.
 Step size (bohr):                       0.0100

 Frequencies (including translational and rotational modes):
 mode    frequency (cm-1)
    0               26.06 i (imaginary)
    1                0.07 i (imaginary)
    2                0.01
    3                0.04
    4               39.07
    5               62.34
    6              545.68
    7             1256.89
    8             1458.26

 Project out translational and rotational motions 

 Degrees of freedom for translational and rotational motions: 6

 Vibrational frequencies:
 mode    frequency (cm-1)
    0              545.68
    1             1256.89
    2             1458.26

 --------------------------------------------------------------------------------

 End time:                               Fri Apr 23 10:24:27 2021
 Total wall-clock time:                 25.096 seconds
==================================================================================
