
================================================================================
          _____________ ________ _______________ ________     _________         
         / ___________// ______ \\_____   _____// ______ \   / ________)        
        / /_________  / /      \ \     | |     / /      \ \ | (_______          
       |  __________|| |        | |    | |    | |        | | \________ \        
        \ \_________ | |        | |    | |     \ \______/ /___________) |       
         \__________||_|        |_|    |_|      \________//____________/        
                                                                                
====================================[ Qcore ]===================================

 Git hash:   15a3e7daff0cda5fa9af010ccd19a80288182ecf
 Git date:   Fri, 16 Apr 2021 15:57:16 +0100
 Compiler:   GNU 9.1.0
 Build type: Release
 Version:    1.1.0

 Start time: Sat May  8 10:13:19 2021

 Data directory: /work/zw18965/.local/qcore/share/entos/1.1.0/data
 Number of threads: 24
 Number of threads was determined by: command line argument

 --------------------------------------------------------------------------------
                                command: optimize                                
 --------------------------------------------------------------------------------
 Using coordinate system:                tric
 Hessian update scheme:                  bfgs

 ------------------------------------------------------------------------------------------------------------
                   energy      change    grad rms    grad max    step rms    step max       trust    time (s)
 ------------------------------------------------------------------------------------------------------------
   1      -113.211773479                8.35e-03    1.45e-02                            2.00e-01        4.23
   2      -113.211852890   -7.94e-05    2.27e-05    3.94e-05    5.56e-03    1.11e-02    2.00e-01        2.61
   3      -113.211852892   -1.97e-09    4.59e-07    7.94e-07    1.52e-05    3.04e-05    2.00e-01        2.50
 Geometry optimization stopped:          thresholds achieved

 Final energy:                        -113.211852892

 -----------
  Final XYZ 
 -----------
2
Final structure: -113.212 hartree
O            0.559291080          0.000000001         -0.000000002
C           -0.559291080         -0.000000001          0.000000002

 Structure in entos input format:

  structure(
    xyz = [
      ['O'  ,          0.559291080,          0.000000001,         -0.000000002],
      ['C'  ,         -0.559291080,         -0.000000001,          0.000000002]
    ]
  )

 --------------------------------
  Geometry optimization finished 
 --------------------------------
 Saving results in set 'opt'

 --------------------------------------------------------------------------------
                                 command: hessian                                
 --------------------------------------------------------------------------------

WARNING: semianalytic method is specified for dft hessian, which is not efficient. Try switching to 'method = analytic'


 -------------------------------
  Numerical Geometrical Hessian 
 -------------------------------

 Compute hessian using two-point central differentiation.
 Step size (bohr):                       0.0100

 Frequencies (including translational and rotational modes):
 mode    frequency (cm-1)
    0               12.41 i (imaginary)
    1               12.41 i (imaginary)
    2                0.00 i (imaginary)
    3                0.00
    4                0.00
    5             2258.66

 Project out translational and rotational motions 

 The molecule is linear

 Degrees of freedom for translational and rotational motions: 5

 Vibrational frequencies:
 mode    frequency (cm-1)
    0             2258.66

 --------------------------------------------------------------------------------

 End time:                               Sat May  8 10:14:04 2021
 Total wall-clock time:                 44.997 seconds
==================================================================================
