
================================================================================
          _____________ ________ _______________ ________     _________         
         / ___________// ______ \\_____   _____// ______ \   / ________)        
        / /_________  / /      \ \     | |     / /      \ \ | (_______          
       |  __________|| |        | |    | |    | |        | | \________ \        
        \ \_________ | |        | |    | |     \ \______/ /___________) |       
         \__________||_|        |_|    |_|      \________//____________/        
                                                                                
====================================[ Qcore ]===================================

 Git hash:   15a3e7daff0cda5fa9af010ccd19a80288182ecf
 Git date:   Fri, 16 Apr 2021 15:57:16 +0100
 Compiler:   GNU 9.1.0
 Build type: Release
 Version:    1.1.0

 Start time: Sat May  8 10:19:32 2021

 Data directory: /work/zw18965/.local/qcore/share/entos/1.1.0/data
 Number of threads: 24
 Number of threads was determined by: command line argument

 --------------------------------------------------------------------------------
                                command: optimize                                
 --------------------------------------------------------------------------------
 Using coordinate system:                tric
 Hessian update scheme:                  bfgs

 ------------------------------------------------------------------------------------------------------------
                   energy      change    grad rms    grad max    step rms    step max       trust    time (s)
 ------------------------------------------------------------------------------------------------------------
   1      -435.865550607                3.37e-03    5.84e-03                            2.00e-01        6.49
   2      -435.865571425   -2.08e-05    1.61e-03    2.78e-03    2.49e-03    4.99e-03    2.00e-01        3.89
   3      -435.865577196   -5.77e-06    2.18e-05    3.77e-05    2.26e-03    4.53e-03    2.00e-01        3.82
Rejecting step due to low quality: Quality: -5.88943 New trust radius: 1.55762e-05
   4      -435.865577189    6.92e-09    2.18e-05    3.77e-05    3.12e-05    6.23e-05    1.56e-05        3.68
 Geometry optimization stopped:          thresholds achieved

 Final energy:                        -435.865577189

 -----------
  Final XYZ 
 -----------
2
Final structure: -435.866 hartree
C           -0.000000001         -0.000000001          0.008786544
S            0.000000001          0.000000001          1.530913454

 Structure in entos input format:

  structure(
    xyz = [
      ['C'  ,         -0.000000001,         -0.000000001,          0.008786544],
      ['S'  ,          0.000000001,          0.000000001,          1.530913454]
    ]
  )

 --------------------------------
  Geometry optimization finished 
 --------------------------------
 Saving results in set 'opt'

 --------------------------------------------------------------------------------
                                 command: hessian                                
 --------------------------------------------------------------------------------

WARNING: semianalytic method is specified for dft hessian, which is not efficient. Try switching to 'method = analytic'


 -------------------------------
  Numerical Geometrical Hessian 
 -------------------------------

 Compute hessian using two-point central differentiation.
 Step size (bohr):                       0.0100

 Frequencies (including translational and rotational modes):
 mode    frequency (cm-1)
    0               12.07 i (imaginary)
    1               12.07 i (imaginary)
    2                0.03 i (imaginary)
    3                0.00 i (imaginary)
    4                0.01
    5             1349.00

 Project out translational and rotational motions 

 The molecule is linear

 Degrees of freedom for translational and rotational motions: 5

 Vibrational frequencies:
 mode    frequency (cm-1)
    0             1349.00

 --------------------------------------------------------------------------------

 End time:                               Sat May  8 10:20:44 2021
 Total wall-clock time:                 72.446 seconds
==================================================================================
