
================================================================================
          _____________ ________ _______________ ________     _________         
         / ___________// ______ \\_____   _____// ______ \   / ________)        
        / /_________  / /      \ \     | |     / /      \ \ | (_______          
       |  __________|| |        | |    | |    | |        | | \________ \        
        \ \_________ | |        | |    | |     \ \______/ /___________) |       
         \__________||_|        |_|    |_|      \________//____________/        
                                                                                
====================================[ Qcore ]===================================

 Git hash:   15a3e7daff0cda5fa9af010ccd19a80288182ecf
 Git date:   Fri, 16 Apr 2021 15:57:16 +0100
 Compiler:   GNU 9.1.0
 Build type: Release
 Version:    1.1.0

 Start time: Sat May  8 10:31:03 2021

 Data directory: /work/zw18965/.local/qcore/share/entos/1.1.0/data
 Number of threads: 24
 Number of threads was determined by: command line argument

 --------------------------------------------------------------------------------
                                command: optimize                                
 --------------------------------------------------------------------------------
 Using coordinate system:                tric
 Hessian update scheme:                  bfgs

 ------------------------------------------------------------------------------------------------------------
                   energy      change    grad rms    grad max    step rms    step max       trust    time (s)
 ------------------------------------------------------------------------------------------------------------
   1      -399.094952180                4.45e-03    9.55e-03                            2.00e-01        5.34
   2      -399.095078952   -1.27e-04    1.73e-03    3.67e-03    8.05e-03    1.37e-02    2.00e-01        3.28
   3      -399.095101724   -2.28e-05    5.21e-05    1.13e-04    5.35e-03    8.81e-03    2.00e-01        3.21
   4      -399.095101724    3.41e-11    6.00e-07    1.01e-06    1.57e-04    2.68e-04    7.83e-05        3.06
 Geometry optimization stopped:          thresholds achieved

 Final energy:                        -399.095101724

 -----------
  Final XYZ 
 -----------
3
Final structure: -399.095 hartree
S           -0.001424843          0.613028510          0.000000013
H            0.965931104         -0.304270710         -0.000000040
H           -0.964506261         -0.308757795          0.000000027

 Structure in entos input format:

  structure(
    xyz = [
      ['S'  ,         -0.001424843,          0.613028510,          0.000000013],
      ['H'  ,          0.965931104,         -0.304270710,         -0.000000040],
      ['H'  ,         -0.964506261,         -0.308757795,          0.000000027]
    ]
  )

 --------------------------------
  Geometry optimization finished 
 --------------------------------
 Saving results in set 'opt'

 --------------------------------------------------------------------------------
                                 command: hessian                                
 --------------------------------------------------------------------------------

WARNING: semianalytic method is specified for dft hessian, which is not efficient. Try switching to 'method = analytic'


 -------------------------------
  Numerical Geometrical Hessian 
 -------------------------------

 Compute hessian using two-point central differentiation.
 Step size (bohr):                       0.0100

 Frequencies (including translational and rotational modes):
 mode    frequency (cm-1)
    0                0.32 i (imaginary)
    1                0.31 i (imaginary)
    2                0.02 i (imaginary)
    3               35.33
    4               57.48
    5               58.55
    6             1241.34
    7             2763.28
    8             2775.91

 Project out translational and rotational motions 

 Degrees of freedom for translational and rotational motions: 6

 Vibrational frequencies:
 mode    frequency (cm-1)
    0             1241.34
    1             2763.28
    2             2775.91

 --------------------------------------------------------------------------------

 End time:                               Sat May  8 10:32:21 2021
 Total wall-clock time:                 78.851 seconds
==================================================================================
