
================================================================================
          _____________ ________ _______________ ________     _________         
         / ___________// ______ \\_____   _____// ______ \   / ________)        
        / /_________  / /      \ \     | |     / /      \ \ | (_______          
       |  __________|| |        | |    | |    | |        | | \________ \        
        \ \_________ | |        | |    | |     \ \______/ /___________) |       
         \__________||_|        |_|    |_|      \________//____________/        
                                                                                
====================================[ Qcore ]===================================

 Git hash:   15a3e7daff0cda5fa9af010ccd19a80288182ecf
 Git date:   Fri, 16 Apr 2021 15:57:16 +0100
 Compiler:   GNU 9.1.0
 Build type: Release
 Version:    1.1.0

 Start time: Sat May  8 10:32:21 2021

 Data directory: /work/zw18965/.local/qcore/share/entos/1.1.0/data
 Number of threads: 24
 Number of threads was determined by: command line argument

 --------------------------------------------------------------------------------
                                command: optimize                                
 --------------------------------------------------------------------------------
 Using coordinate system:                tric
 Hessian update scheme:                  bfgs

 ------------------------------------------------------------------------------------------------------------
                   energy      change    grad rms    grad max    step rms    step max       trust    time (s)
 ------------------------------------------------------------------------------------------------------------
   1      -460.508045915                2.94e-03    5.10e-03                            2.00e-01        3.63
   2      -460.508075836   -2.99e-05    1.27e-03    2.20e-03    4.14e-03    8.29e-03    2.00e-01        1.91
   3      -460.508082674   -6.84e-06    2.65e-05    4.59e-05    3.15e-03    6.29e-03    2.00e-01        1.96
   4      -460.508082673    3.91e-10    2.43e-07    4.21e-07    6.70e-05    1.34e-04    3.35e-05        1.81
 Geometry optimization stopped:          thresholds achieved

 Final energy:                        -460.508082673

 -----------
  Final XYZ 
 -----------
2
Final structure: -460.508 hartree
Cl           0.636452500         -0.000000085          0.000000009
H           -0.636452500          0.000000085         -0.000000009

 Structure in entos input format:

  structure(
    xyz = [
      ['Cl' ,          0.636452500,         -0.000000085,          0.000000009],
      ['H'  ,         -0.636452500,          0.000000085,         -0.000000009]
    ]
  )

 --------------------------------
  Geometry optimization finished 
 --------------------------------
 Saving results in set 'opt'

 --------------------------------------------------------------------------------
                                 command: hessian                                
 --------------------------------------------------------------------------------

WARNING: semianalytic method is specified for dft hessian, which is not efficient. Try switching to 'method = analytic'


 -------------------------------
  Numerical Geometrical Hessian 
 -------------------------------

 Compute hessian using two-point central differentiation.
 Step size (bohr):                       0.0100

 Frequencies (including translational and rotational modes):
 mode    frequency (cm-1)
    0                0.07 i (imaginary)
    1                0.04 i (imaginary)
    2                0.00
    3                9.79
    4               10.06
    5             3023.55

 Project out translational and rotational motions 

 The molecule is linear

 Degrees of freedom for translational and rotational motions: 5

 Vibrational frequencies:
 mode    frequency (cm-1)
    0             3023.55

 --------------------------------------------------------------------------------

 End time:                               Sat May  8 10:32:58 2021
 Total wall-clock time:                 36.542 seconds
==================================================================================
