
================================================================================
          _____________ ________ _______________ ________     _________         
         / ___________// ______ \\_____   _____// ______ \   / ________)        
        / /_________  / /      \ \     | |     / /      \ \ | (_______          
       |  __________|| |        | |    | |    | |        | | \________ \        
        \ \_________ | |        | |    | |     \ \______/ /___________) |       
         \__________||_|        |_|    |_|      \________//____________/        
                                                                                
====================================[ Qcore ]===================================

 Git hash:   15a3e7daff0cda5fa9af010ccd19a80288182ecf
 Git date:   Fri, 16 Apr 2021 15:57:16 +0100
 Compiler:   GNU 9.1.0
 Build type: Release
 Version:    1.1.0

 Start time: Sat May  8 10:32:58 2021

 Data directory: /work/zw18965/.local/qcore/share/entos/1.1.0/data
 Number of threads: 24
 Number of threads was determined by: command line argument

 --------------------------------------------------------------------------------
                                command: optimize                                
 --------------------------------------------------------------------------------
 Using coordinate system:                tric
 Hessian update scheme:                  bfgs

 ------------------------------------------------------------------------------------------------------------
                   energy      change    grad rms    grad max    step rms    step max       trust    time (s)
 ------------------------------------------------------------------------------------------------------------
   1       -93.309785403                3.91e-03    9.27e-03                            2.00e-01        6.47
   2       -93.309821987   -3.66e-05    5.04e-04    1.20e-03    4.81e-03    7.33e-03    2.00e-01        4.66
   3       -93.309822806   -8.19e-07    1.11e-04    2.68e-04    7.26e-04    1.62e-03    2.00e-01        4.37
   4       -93.309822843   -3.68e-08    1.58e-06    3.81e-06    1.77e-04    4.07e-04    2.00e-01        4.30
 Geometry optimization stopped:          thresholds achieved

 Final energy:                         -93.309822843

 -----------
  Final XYZ 
 -----------
3
Final structure: -93.3098 hartree
C           -0.026461166         -0.000007359          0.000000041
N            1.113798049         -0.000592235         -0.000000017
H           -1.087336883          0.000599599         -0.000000024

 Structure in entos input format:

  structure(
    xyz = [
      ['C'  ,         -0.026461166,         -0.000007359,          0.000000041],
      ['N'  ,          1.113798049,         -0.000592235,         -0.000000017],
      ['H'  ,         -1.087336883,          0.000599599,         -0.000000024]
    ]
  )

 --------------------------------
  Geometry optimization finished 
 --------------------------------
 Saving results in set 'opt'

 --------------------------------------------------------------------------------
                                 command: hessian                                
 --------------------------------------------------------------------------------

WARNING: semianalytic method is specified for dft hessian, which is not efficient. Try switching to 'method = analytic'


 -------------------------------
  Numerical Geometrical Hessian 
 -------------------------------

 Compute hessian using two-point central differentiation.
 Step size (bohr):                       0.0100

 Frequencies (including translational and rotational modes):
 mode    frequency (cm-1)
    0                1.02 i (imaginary)
    1                0.94 i (imaginary)
    2                0.00 i (imaginary)
    3                7.66
    4                7.67
    5              776.99
    6              776.99
    7             2240.48
    8             3499.62

 Project out translational and rotational motions 

 Degrees of freedom for translational and rotational motions: 6

 Vibrational frequencies:
 mode    frequency (cm-1)
    0              776.99
    1             2240.48
    2             3499.62

 --------------------------------------------------------------------------------

 End time:                               Sat May  8 10:34:46 2021
 Total wall-clock time:                107.731 seconds
==================================================================================
