
================================================================================
          _____________ ________ _______________ ________     _________         
         / ___________// ______ \\_____   _____// ______ \   / ________)        
        / /_________  / /      \ \     | |     / /      \ \ | (_______          
       |  __________|| |        | |    | |    | |        | | \________ \        
        \ \_________ | |        | |    | |     \ \______/ /___________) |       
         \__________||_|        |_|    |_|      \________//____________/        
                                                                                
====================================[ Qcore ]===================================

 Git hash:   15a3e7daff0cda5fa9af010ccd19a80288182ecf
 Git date:   Fri, 16 Apr 2021 15:57:16 +0100
 Compiler:   GNU 9.1.0
 Build type: Release
 Version:    1.1.0

 Start time: Sat May  8 10:34:46 2021

 Data directory: /work/zw18965/.local/qcore/share/entos/1.1.0/data
 Number of threads: 24
 Number of threads was determined by: command line argument

 --------------------------------------------------------------------------------
                                command: optimize                                
 --------------------------------------------------------------------------------
 Using coordinate system:                tric
 Hessian update scheme:                  bfgs

 ------------------------------------------------------------------------------------------------------------
                   energy      change    grad rms    grad max    step rms    step max       trust    time (s)
 ------------------------------------------------------------------------------------------------------------
   1      -100.404426127                8.15e-03    1.41e-02                            2.00e-01        2.23
   2      -100.404584031   -1.58e-04    1.94e-03    3.36e-03    8.94e-03    1.79e-02    2.00e-01        1.25
   3      -100.404593254   -9.22e-06    8.94e-05    1.55e-04    2.80e-03    5.59e-03    2.00e-01        1.22
   4      -100.404593257   -3.16e-09    9.21e-07    1.59e-06    1.23e-04    2.46e-04    6.15e-05        1.13
 Geometry optimization stopped:          thresholds achieved

 Final energy:                        -100.404593257

 -----------
  Final XYZ 
 -----------
2
Final structure: -100.405 hartree
F            0.457320360          0.000000002         -0.000000002
H           -0.457320360         -0.000000002          0.000000002

 Structure in entos input format:

  structure(
    xyz = [
      ['F'  ,          0.457320360,          0.000000002,         -0.000000002],
      ['H'  ,         -0.457320360,         -0.000000002,          0.000000002]
    ]
  )

 --------------------------------
  Geometry optimization finished 
 --------------------------------
 Saving results in set 'opt'

 --------------------------------------------------------------------------------
                                 command: hessian                                
 --------------------------------------------------------------------------------

WARNING: semianalytic method is specified for dft hessian, which is not efficient. Try switching to 'method = analytic'


 -------------------------------
  Numerical Geometrical Hessian 
 -------------------------------

 Compute hessian using two-point central differentiation.
 Step size (bohr):                       0.0100

 Frequencies (including translational and rotational modes):
 mode    frequency (cm-1)
    0                0.01 i (imaginary)
    1                0.00 i (imaginary)
    2                0.00
    3               17.95
    4               17.96
    5             4187.77

 Project out translational and rotational motions 

 The molecule is linear

 Degrees of freedom for translational and rotational motions: 5

 Vibrational frequencies:
 mode    frequency (cm-1)
    0             4187.77

 --------------------------------------------------------------------------------

 End time:                               Sat May  8 10:35:08 2021
 Total wall-clock time:                 21.851 seconds
==================================================================================
