
================================================================================
          _____________ ________ _______________ ________     _________         
         / ___________// ______ \\_____   _____// ______ \   / ________)        
        / /_________  / /      \ \     | |     / /      \ \ | (_______          
       |  __________|| |        | |    | |    | |        | | \________ \        
        \ \_________ | |        | |    | |     \ \______/ /___________) |       
         \__________||_|        |_|    |_|      \________//____________/        
                                                                                
====================================[ Qcore ]===================================

 Git hash:   15a3e7daff0cda5fa9af010ccd19a80288182ecf
 Git date:   Fri, 16 Apr 2021 15:57:16 +0100
 Compiler:   GNU 9.1.0
 Build type: Release
 Version:    1.1.0

 Start time: Sat May  8 10:36:54 2021

 Data directory: /work/zw18965/.local/qcore/share/entos/1.1.0/data
 Number of threads: 24
 Number of threads was determined by: command line argument

 --------------------------------------------------------------------------------
                                command: optimize                                
 --------------------------------------------------------------------------------
 Using coordinate system:                tric
 Hessian update scheme:                  bfgs

 ------------------------------------------------------------------------------------------------------------
                   energy      change    grad rms    grad max    step rms    step max       trust    time (s)
 ------------------------------------------------------------------------------------------------------------
   1      -535.614257186                5.88e-03    1.41e-02                            2.00e-01        9.36
   2      -535.614850797   -5.94e-04    2.58e-03    6.26e-03    3.43e-02    3.95e-02    2.00e-01        6.52
   3      -535.614952555   -1.02e-04    4.57e-04    1.01e-03    2.08e-02    2.30e-02    2.00e-01        6.38
   4      -535.614954601   -2.05e-06    2.99e-04    6.10e-04    1.41e-03    2.67e-03    2.00e-01        6.12
   5      -535.614956765   -2.16e-06    1.06e-04    2.22e-04    2.05e-03    8.59e-03    2.00e-01        6.39
   6      -535.614957412   -6.47e-07    1.60e-04    3.84e-04    4.25e-04    5.96e-03    2.00e-01        6.25
   7      -535.614960529   -3.12e-06    4.89e-04    8.95e-04    1.46e-03    3.74e-02    2.00e-01        6.29
   8      -535.614964043   -3.51e-06    8.28e-04    1.34e-03    1.26e-03    6.38e-02    2.00e-01        6.57
   9      -535.614967995   -3.95e-06    7.24e-04    1.20e-03    6.76e-04    3.44e-02    2.00e-01        6.24
  10      -535.614973026   -5.03e-06    9.31e-05    1.69e-04    3.10e-03    3.48e-02    2.00e-01        6.34
  11      -535.614973115   -8.88e-08    2.20e-05    3.88e-05    2.22e-04    5.27e-03    2.00e-01        6.15
Rejecting step due to low quality: Quality: -1.60923 New trust radius: 3.5923e-05
  12      -535.614973110    4.30e-09    2.20e-05    3.88e-05    7.18e-05    3.44e-04    3.59e-05        5.84
 Geometry optimization stopped:          thresholds achieved

 Final energy:                        -535.614973110

 -----------
  Final XYZ 
 -----------
3
Final structure: -535.615 hartree
O           -0.385748485          0.421078366          0.000000644
Cl           1.232222329         -0.001539450         -0.000002294
H           -0.846473830         -0.419538911          0.000001650

 Structure in entos input format:

  structure(
    xyz = [
      ['O'  ,         -0.385748485,          0.421078366,          0.000000644],
      ['Cl' ,          1.232222329,         -0.001539450,         -0.000002294],
      ['H'  ,         -0.846473830,         -0.419538911,          0.000001650]
    ]
  )

 --------------------------------
  Geometry optimization finished 
 --------------------------------
 Saving results in set 'opt'

 --------------------------------------------------------------------------------
                                 command: hessian                                
 --------------------------------------------------------------------------------

WARNING: semianalytic method is specified for dft hessian, which is not efficient. Try switching to 'method = analytic'


 -------------------------------
  Numerical Geometrical Hessian 
 -------------------------------

 Compute hessian using two-point central differentiation.
 Step size (bohr):                       0.0100

 Frequencies (including translational and rotational modes):
 mode    frequency (cm-1)
    0               32.13 i (imaginary)
    1                0.09 i (imaginary)
    2                0.01 i (imaginary)
    3                0.27
    4               34.82
    5               46.42
    6              788.39
    7             1294.68
    8             3872.53

 Project out translational and rotational motions 

 Degrees of freedom for translational and rotational motions: 6

 Vibrational frequencies:
 mode    frequency (cm-1)
    0              788.39
    1             1294.68
    2             3872.53

 --------------------------------------------------------------------------------

 End time:                               Sat May  8 10:40:14 2021
 Total wall-clock time:                199.968 seconds
==================================================================================
