
================================================================================
          _____________ ________ _______________ ________     _________         
         / ___________// ______ \\_____   _____// ______ \   / ________)        
        / /_________  / /      \ \     | |     / /      \ \ | (_______          
       |  __________|| |        | |    | |    | |        | | \________ \        
        \ \_________ | |        | |    | |     \ \______/ /___________) |       
         \__________||_|        |_|    |_|      \________//____________/        
                                                                                
====================================[ Qcore ]===================================

 Git hash:   15a3e7daff0cda5fa9af010ccd19a80288182ecf
 Git date:   Fri, 16 Apr 2021 15:57:16 +0100
 Compiler:   GNU 9.1.0
 Build type: Release
 Version:    1.1.0

 Start time: Sat May  8 10:42:56 2021

 Data directory: /work/zw18965/.local/qcore/share/entos/1.1.0/data
 Number of threads: 24
 Number of threads was determined by: command line argument

 --------------------------------------------------------------------------------
                                command: optimize                                
 --------------------------------------------------------------------------------
 Using coordinate system:                tric
 Hessian update scheme:                  bfgs

 ------------------------------------------------------------------------------------------------------------
                   energy      change    grad rms    grad max    step rms    step max       trust    time (s)
 ------------------------------------------------------------------------------------------------------------
   1      -184.506733031                1.27e-02    2.74e-02                            2.00e-01       10.17
   2      -184.507330673   -5.98e-04    3.08e-03    7.23e-03    1.70e-02    2.23e-02    2.00e-01        8.54
   3      -184.507348748   -1.81e-05    7.36e-04    1.80e-03    2.32e-03    5.36e-03    2.00e-01        7.96
   4      -184.507349483   -7.35e-07    2.46e-05    5.41e-05    4.95e-04    1.21e-03    2.00e-01        7.84
   5      -184.507349488   -4.76e-09    9.29e-07    2.25e-06    1.54e-05    3.65e-05    2.00e-01        7.18
 Geometry optimization stopped:          thresholds achieved

 Final energy:                        -184.507349488

 -----------
  Final XYZ 
 -----------
3
Final structure: -184.507 hartree
N            0.000000202         -0.000000201         -1.113527004
N           -0.000000002          0.000000002         -0.000532758
O           -0.000000200          0.000000199          1.173059766

 Structure in entos input format:

  structure(
    xyz = [
      ['N'  ,          0.000000202,         -0.000000201,         -1.113527004],
      ['N'  ,         -0.000000002,          0.000000002,         -0.000532758],
      ['O'  ,         -0.000000200,          0.000000199,          1.173059766]
    ]
  )

 --------------------------------
  Geometry optimization finished 
 --------------------------------
 Saving results in set 'opt'

 --------------------------------------------------------------------------------
                                 command: hessian                                
 --------------------------------------------------------------------------------

WARNING: semianalytic method is specified for dft hessian, which is not efficient. Try switching to 'method = analytic'


 -------------------------------
  Numerical Geometrical Hessian 
 -------------------------------

 Compute hessian using two-point central differentiation.
 Step size (bohr):                       0.0100

 Frequencies (including translational and rotational modes):
 mode    frequency (cm-1)
    0                1.17 i (imaginary)
    1                1.11 i (imaginary)
    2                0.01 i (imaginary)
    3                2.48
    4                2.68
    5              635.20
    6              635.20
    7             1371.93
    8             2407.45

 Project out translational and rotational motions 

 Degrees of freedom for translational and rotational motions: 6

 Vibrational frequencies:
 mode    frequency (cm-1)
    0              635.20
    1             1371.93
    2             2407.45

 --------------------------------------------------------------------------------

 End time:                               Sat May  8 10:46:12 2021
 Total wall-clock time:                195.665 seconds
==================================================================================
