
================================================================================
          _____________ ________ _______________ ________     _________         
         / ___________// ______ \\_____   _____// ______ \   / ________)        
        / /_________  / /      \ \     | |     / /      \ \ | (_______          
       |  __________|| |        | |    | |    | |        | | \________ \        
        \ \_________ | |        | |    | |     \ \______/ /___________) |       
         \__________||_|        |_|    |_|      \________//____________/        
                                                                                
====================================[ Qcore ]===================================

 Git hash:   d7b96e150f16f58335a7fa73750988b0021d72d1
 Git date:   Thu, 15 Apr 2021 11:52:41 +0100
 Compiler:   GNU 9.1.0
 Build type: Release
 Version:    1.1.0

 Start time: Thu Apr 15 16:25:50 2021

 Data directory: /work/zw18965/.local/qcore/share/entos/1.1.0/data
 Number of threads: 24
 Number of threads was determined by: command line argument
  - More threads can be used by running 'qcore -n 32'

 --------------------------------------------------------------------------------
                                command: optimize                                
 --------------------------------------------------------------------------------
 Using coordinate system:                tric
 Hessian update scheme:                  bfgs

 ------------------------------------------------------------------------------------------------------------
                   energy      change    grad rms    grad max    step rms    step max       trust    time (s)
 ------------------------------------------------------------------------------------------------------------
   1      -364.402335045                7.72e-03    1.34e-02                            2.00e-01        6.27
   2      -364.402450695   -1.16e-04    3.70e-03    6.41e-03    5.65e-03    1.13e-02    2.00e-01        3.78
   3      -364.402486443   -3.57e-05    1.30e-04    2.25e-04    5.21e-03    1.04e-02    2.00e-01        3.66
Rejecting step due to low quality: Quality: -2.02451 New trust radius: 8.80601e-05
   4      -364.402486363    8.01e-08    1.30e-04    2.25e-04    1.76e-04    3.52e-04    8.81e-05        3.57
 Geometry optimization stopped:          thresholds achieved

 Final energy:                        -364.402486363

 -----------
  Final XYZ 
 -----------
2
Final structure: -364.402 hartree
Si           0.000000067          0.000000067         -0.751185044
O           -0.000000067         -0.000000067          0.751185044

 Structure in entos input format:

  structure(
    xyz = [
      ['Si' ,          0.000000067,          0.000000067,         -0.751185044],
      ['O'  ,         -0.000000067,         -0.000000067,          0.751185044]
    ]
  )

 --------------------------------
  Geometry optimization finished 
 --------------------------------
 Saving results in set 'opt'

 --------------------------------------------------------------------------------
                                 command: hessian                                
 --------------------------------------------------------------------------------

WARNING: semianalytic method is specified for dft hessian, which is not efficient. Try switching to 'method = analytic'


 -------------------------------
  Numerical Geometrical Hessian 
 -------------------------------

 Compute hessian using two-point central differentiation.
 Step size (bohr):                       0.0100

 Frequencies (including translational and rotational modes):
 mode    frequency (cm-1)
    0               13.48 i (imaginary)
    1               10.45 i (imaginary)
    2                0.19 i (imaginary)
    3                0.11
    4                0.68
    5             1294.96

 Project out translational and rotational motions 

 The molecule is linear

 Degrees of freedom for translational and rotational motions: 5

 Vibrational frequencies:
 mode    frequency (cm-1)
    0             1294.96

 --------------------------------------------------------------------------------

 End time:                               Thu Apr 15 16:26:58 2021
 Total wall-clock time:                 68.455 seconds
==================================================================================
