
================================================================================
          _____________ ________ _______________ ________     _________         
         / ___________// ______ \\_____   _____// ______ \   / ________)        
        / /_________  / /      \ \     | |     / /      \ \ | (_______          
       |  __________|| |        | |    | |    | |        | | \________ \        
        \ \_________ | |        | |    | |     \ \______/ /___________) |       
         \__________||_|        |_|    |_|      \________//____________/        
                                                                                
====================================[ Qcore ]===================================

 Git hash:   15a3e7daff0cda5fa9af010ccd19a80288182ecf
 Git date:   Fri, 16 Apr 2021 15:57:16 +0100
 Compiler:   GNU 9.1.0
 Build type: Release
 Version:    1.1.0

 Start time: Sat May  8 11:12:02 2021

 Data directory: /work/zw18965/.local/qcore/share/entos/1.1.0/data
 Number of threads: 24
 Number of threads was determined by: command line argument

 --------------------------------------------------------------------------------
                                command: optimize                                
 --------------------------------------------------------------------------------
 Using coordinate system:                tric
 Hessian update scheme:                  bfgs

 ------------------------------------------------------------------------------------------------------------
                   energy      change    grad rms    grad max    step rms    step max       trust    time (s)
 ------------------------------------------------------------------------------------------------------------
   1      -473.028314784                1.09e-02    1.89e-02                            2.00e-01        8.78
   2      -473.028534138   -2.19e-04    6.19e-03    1.07e-02    7.35e-03    1.47e-02    2.00e-01        5.73
   3      -473.028634859   -1.01e-04    3.50e-04    6.06e-04    9.68e-03    1.94e-02    2.00e-01        5.70
   4      -473.028635069   -2.10e-07    1.04e-05    1.80e-05    5.17e-04    1.03e-03    2.00e-01        4.83
 Geometry optimization stopped:          thresholds achieved

 Final energy:                        -473.028635069

 -----------
  Final XYZ 
 -----------
2
Final structure: -473.029 hartree
S            0.000000028         -0.000000153          0.008737779
O           -0.000000028          0.000000153          1.477476771

 Structure in entos input format:

  structure(
    xyz = [
      ['S'  ,          0.000000028,         -0.000000153,          0.008737779],
      ['O'  ,         -0.000000028,          0.000000153,          1.477476771]
    ]
  )

 --------------------------------
  Geometry optimization finished 
 --------------------------------
 Saving results in set 'opt'

 --------------------------------------------------------------------------------
                                 command: hessian                                
 --------------------------------------------------------------------------------

WARNING: semianalytic method is specified for dft hessian, which is not efficient. Try switching to 'method = analytic'


 -------------------------------
  Numerical Geometrical Hessian 
 -------------------------------

 Compute hessian using two-point central differentiation.
 Step size (bohr):                       0.0100

 Frequencies (including translational and rotational modes):
 mode    frequency (cm-1)
    0                0.01 i (imaginary)
    1                0.01 i (imaginary)
    2                0.00
    3               21.14
    4               21.16
    5             1220.82

 Project out translational and rotational motions 

 The molecule is linear

 Degrees of freedom for translational and rotational motions: 5

 Vibrational frequencies:
 mode    frequency (cm-1)
    0             1220.82

 --------------------------------------------------------------------------------

 End time:                               Sat May  8 11:13:41 2021
 Total wall-clock time:                 98.989 seconds
==================================================================================
