
================================================================================
          _____________ ________ _______________ ________     _________         
         / ___________// ______ \\_____   _____// ______ \   / ________)        
        / /_________  / /      \ \     | |     / /      \ \ | (_______          
       |  __________|| |        | |    | |    | |        | | \________ \        
        \ \_________ | |        | |    | |     \ \______/ /___________) |       
         \__________||_|        |_|    |_|      \________//____________/        
                                                                                
====================================[ Qcore ]===================================

 Git hash:   bfa4c3a672cc1ff01df8911b87991f8932a2a687
 Git date:   Fri, 12 Feb 2021 10:05:04 +0000
 Compiler:   GNU 9.1.0
 Build type: Release
 Version:    0.8.19

 Start time: Tue Apr 20 10:47:38 2021

 Data directory: /home/zw18965/.local/qcore/share/entos/0.8.19/data
 Number of threads: 24
 Number of threads was determined by: command line argument
  - More threads can be used by running 'qcore -n 32'

 --------------------------------------------------------------------------------
                                command: optimize                                
 --------------------------------------------------------------------------------
 Using coordinate system:                tric
 Hessian update scheme:                  bfgs

 ------------------------------------------------------------------------------------------------------------
                   energy      change    grad rms    grad max    step rms    step max       trust    time (s)
 ------------------------------------------------------------------------------------------------------------
   1       -77.258732466                9.41e-03    2.30e-02                            2.00e-01        8.27
   2       -77.258936014   -2.04e-04    4.47e-04    1.09e-03    8.10e-03    1.92e-02    2.00e-01        8.14
   3       -77.258936458   -4.44e-07    1.11e-05    2.66e-05    3.61e-04    8.65e-04    2.00e-01        8.12
 Geometry optimization stopped:          thresholds achieved

 Final energy:                         -77.258936458

 -----------
  Final XYZ 
 -----------
4
Final structure: -77.2589 hartree
C           -0.593329654         -0.000000183         -0.000011315
C            0.593329593          0.000000154          0.000011488
H           -1.652786225          0.000000066         -0.000095059
H            1.652786167         -0.000000065          0.000095177

 Structure in entos input format:

  structure(
    xyz = [
      ['C'  ,         -0.593329654,         -0.000000183,         -0.000011315],
      ['C'  ,          0.593329593,          0.000000154,          0.000011488],
      ['H'  ,         -1.652786225,          0.000000066,         -0.000095059],
      ['H'  ,          1.652786167,         -0.000000065,          0.000095177]
    ]
  )

 --------------------------------
  Geometry optimization finished 
 --------------------------------
 Saving results in set 'opt'

 --------------------------------------------------------------------------------
                                 command: hessian                                
 --------------------------------------------------------------------------------

 -------------------------------
  Numerical Geometrical Hessian 
 -------------------------------

 Compute hessian using two-point central differentiation.
 Step size (bohr):                       0.0100

 Frequencies (including translational and rotational modes):
 mode    frequency (cm-1)
    0                0.45
    1                2.05
    2                3.34
    3               21.22
    4               21.48
    5              750.09
    6              750.10
    7              810.30
    8              810.31
    9             2144.11
   10             3469.94
   11             3576.08

 Project out translational and rotational motions 

 Degrees of freedom for translational and rotational motions: 6

 Vibrational frequencies:
 mode    frequency (cm-1)
    0              750.09
    1              810.30
    2              810.31
    3             2144.11
    4             3469.94
    5             3576.08

 --------------------------------------------------------------------------------

 End time:                               Tue Apr 20 10:51:25 2021
 Total wall-clock time:                226.827 seconds
==================================================================================
