
================================================================================
          _____________ ________ _______________ ________     _________         
         / ___________// ______ \\_____   _____// ______ \   / ________)        
        / /_________  / /      \ \     | |     / /      \ \ | (_______          
       |  __________|| |        | |    | |    | |        | | \________ \        
        \ \_________ | |        | |    | |     \ \______/ /___________) |       
         \__________||_|        |_|    |_|      \________//____________/        
                                                                                
====================================[ Qcore ]===================================

 Git hash:   bfa4c3a672cc1ff01df8911b87991f8932a2a687
 Git date:   Fri, 12 Feb 2021 10:05:04 +0000
 Compiler:   GNU 9.1.0
 Build type: Release
 Version:    0.8.19

 Start time: Tue Apr 20 11:29:43 2021

 Data directory: /home/zw18965/.local/qcore/share/entos/0.8.19/data
 Number of threads: 24
 Number of threads was determined by: command line argument
  - More threads can be used by running 'qcore -n 32'

 --------------------------------------------------------------------------------
                                command: optimize                                
 --------------------------------------------------------------------------------
 Using coordinate system:                tric
 Hessian update scheme:                  bfgs

 ------------------------------------------------------------------------------------------------------------
                   energy      change    grad rms    grad max    step rms    step max       trust    time (s)
 ------------------------------------------------------------------------------------------------------------
   1      -188.483675383                7.69e-03    1.63e-02                            2.00e-01        6.81
   2      -188.483880184   -2.05e-04    6.22e-05    1.32e-04    1.04e-02    1.27e-02    2.00e-01        6.73
   3      -188.483880197   -1.29e-08    1.43e-06    3.03e-06    8.34e-05    1.02e-04    2.00e-01        6.77
 Geometry optimization stopped:          thresholds achieved

 Final energy:                        -188.483880197

 -----------
  Final XYZ 
 -----------
3
Final structure: -188.484 hartree
O           -1.147145215         -0.000000093          0.000000226
O            1.147145308         -0.000000169          0.000000606
C            0.000000044         -0.000000096          0.000000413

 Structure in entos input format:

  structure(
    xyz = [
      ['O'  ,         -1.147145215,         -0.000000093,          0.000000226],
      ['O'  ,          1.147145308,         -0.000000169,          0.000000606],
      ['C'  ,          0.000000044,         -0.000000096,          0.000000413]
    ]
  )

 --------------------------------
  Geometry optimization finished 
 --------------------------------
 Saving results in set 'opt'

 --------------------------------------------------------------------------------
                                 command: hessian                                
 --------------------------------------------------------------------------------

 -------------------------------
  Numerical Geometrical Hessian 
 -------------------------------

 Compute hessian using two-point central differentiation.
 Step size (bohr):                       0.0100

 Frequencies (including translational and rotational modes):
 mode    frequency (cm-1)
    0               29.81 i (imaginary)
    1               29.80 i (imaginary)
    2                0.64 i (imaginary)
    3                9.24
    4                9.29
    5              722.89
    6              722.89
    7             1443.74
    8             2480.96

 Project out translational and rotational motions 

 Degrees of freedom for translational and rotational motions: 6

 Vibrational frequencies:
 mode    frequency (cm-1)
    0              722.89
    1             1443.74
    2             2480.96

 --------------------------------------------------------------------------------

 End time:                               Tue Apr 20 11:32:04 2021
 Total wall-clock time:                140.589 seconds
==================================================================================
