
================================================================================
          _____________ ________ _______________ ________     _________         
         / ___________// ______ \\_____   _____// ______ \   / ________)        
        / /_________  / /      \ \     | |     / /      \ \ | (_______          
       |  __________|| |        | |    | |    | |        | | \________ \        
        \ \_________ | |        | |    | |     \ \______/ /___________) |       
         \__________||_|        |_|    |_|      \________//____________/        
                                                                                
====================================[ Qcore ]===================================

 Git hash:   15a3e7daff0cda5fa9af010ccd19a80288182ecf
 Git date:   Fri, 16 Apr 2021 15:57:16 +0100
 Compiler:   GNU 9.1.0
 Build type: Release
 Version:    1.1.0

 Start time: Tue Apr 20 11:49:59 2021

 Data directory: /work/zw18965/.local/qcore/share/entos/1.1.0/data
 Number of threads: 24
 Number of threads was determined by: command line argument
  - More threads can be used by running 'qcore -n 32'

 --------------------------------------------------------------------------------
                                command: optimize                                
 --------------------------------------------------------------------------------
 Using coordinate system:                tric
 Hessian update scheme:                  bfgs

 ------------------------------------------------------------------------------------------------------------
                   energy      change    grad rms    grad max    step rms    step max       trust    time (s)
 ------------------------------------------------------------------------------------------------------------
   1      -511.441665011                2.30e-02    5.47e-02                            2.00e-01       10.51
   2      -511.442576899   -9.12e-04    6.56e-03    1.57e-02    1.32e-02    3.22e-02    2.00e-01       10.49
   3      -511.442690388   -1.13e-04    1.90e-03    4.64e-03    5.55e-03    1.36e-02    2.00e-01       10.40
   4      -511.442712352   -2.20e-05    5.20e-04    1.26e-03    3.75e-03    7.70e-03    2.00e-01       10.35
   5      -511.442713533   -1.18e-06    4.83e-05    1.12e-04    9.60e-04    1.48e-03    2.00e-01       10.42
   6      -511.442713535   -1.78e-09    5.47e-06    1.16e-05    3.97e-05    2.47e-04    2.00e-01       10.40
 Geometry optimization stopped:          thresholds achieved

 Final energy:                        -511.442713535

 -----------
  Final XYZ 
 -----------
3
Final structure: -511.443 hartree
O           -0.000014602          0.000023582         -1.259380126
C           -0.000015380          0.000016408         -0.121474236
S           -0.000016430          0.000004564          1.438270706

 Structure in entos input format:

  structure(
    xyz = [
      ['O'  ,         -0.000014602,          0.000023582,         -1.259380126],
      ['C'  ,         -0.000015380,          0.000016408,         -0.121474236],
      ['S'  ,         -0.000016430,          0.000004564,          1.438270706]
    ]
  )

 --------------------------------
  Geometry optimization finished 
 --------------------------------
 Saving results in set 'opt'

 --------------------------------------------------------------------------------
                                 command: hessian                                
 --------------------------------------------------------------------------------

 -------------------------------
  Numerical Geometrical Hessian 
 -------------------------------

 Compute hessian using two-point central differentiation.
 Step size (bohr):                       0.0100

 Frequencies (including translational and rotational modes):
 mode    frequency (cm-1)
    0                4.46 i (imaginary)
    1                4.26 i (imaginary)
    2                1.49
    3                3.46
    4                3.70
    5              562.50
    6              562.51
    7              894.73
    8             2204.29

 Project out translational and rotational motions 

 Degrees of freedom for translational and rotational motions: 6

 Vibrational frequencies:
 mode    frequency (cm-1)
    0              562.50
    1              894.73
    2             2204.29

 --------------------------------------------------------------------------------

 End time:                               Tue Apr 20 11:54:07 2021
 Total wall-clock time:                248.140 seconds
==================================================================================
