
================================================================================
          _____________ ________ _______________ ________     _________         
         / ___________// ______ \\_____   _____// ______ \   / ________)        
        / /_________  / /      \ \     | |     / /      \ \ | (_______          
       |  __________|| |        | |    | |    | |        | | \________ \        
        \ \_________ | |        | |    | |     \ \______/ /___________) |       
         \__________||_|        |_|    |_|      \________//____________/        
                                                                                
====================================[ Qcore ]===================================

 Git hash:   15a3e7daff0cda5fa9af010ccd19a80288182ecf
 Git date:   Fri, 16 Apr 2021 15:57:16 +0100
 Compiler:   GNU 9.1.0
 Build type: Release
 Version:    1.1.0

 Start time: Tue Apr 27 14:54:12 2021

 Data directory: /work/zw18965/.local/qcore/share/entos/1.1.0/data
 Number of threads: 24
 Number of threads was determined by: command line argument
  - More threads can be used by running 'qcore -n 32'

 --------------------------------------------------------------------------------
                                command: optimize                                
 --------------------------------------------------------------------------------
 Using coordinate system:                tric
 Hessian update scheme:                  bfgs

 ------------------------------------------------------------------------------------------------------------
                   energy      change    grad rms    grad max    step rms    step max       trust    time (s)
 ------------------------------------------------------------------------------------------------------------
   1       -77.230180121                8.06e-03    1.55e-02                            2.00e-01        0.31
   2       -77.230816999   -6.37e-04    2.04e-03    3.55e-03    2.40e-02    3.18e-02    2.00e-01        0.17
   3       -77.230846295   -2.93e-05    2.99e-04    6.52e-04    5.52e-03    7.80e-03    2.00e-01        0.17
   4       -77.230846601   -3.05e-07    1.22e-05    2.98e-05    4.71e-04    7.79e-04    2.00e-01        0.16
 Geometry optimization stopped:          thresholds achieved

 Final energy:                         -77.230846601

 -----------
  Final XYZ 
 -----------
4
Final structure: -77.2308 hartree
C           -0.604484094         -0.000000021         -0.000013334
C            0.604483958          0.000000020          0.000013329
H           -1.677249900         -0.000000032         -0.000095901
H            1.677250036          0.000000033          0.000095907

 Structure in entos input format:

  structure(
    xyz = [
      ['C'  ,         -0.604484094,         -0.000000021,         -0.000013334],
      ['C'  ,          0.604483958,          0.000000020,          0.000013329],
      ['H'  ,         -1.677249900,         -0.000000032,         -0.000095901],
      ['H'  ,          1.677250036,          0.000000033,          0.000095907]
    ]
  )

 --------------------------------
  Geometry optimization finished 
 --------------------------------
 Saving results in set 'opt'

 --------------------------------------------------------------------------------
                                 command: hessian                                
 --------------------------------------------------------------------------------

WARNING: semianalytic method is specified for dft hessian, which is not efficient. Try switching to 'method = analytic'


 -------------------------------
  Numerical Geometrical Hessian 
 -------------------------------

 Compute hessian using two-point central differentiation.
 Step size (bohr):                       0.0100

 Frequencies (including translational and rotational modes):
 mode    frequency (cm-1)
    0                0.03 i (imaginary)
    1                0.02 i (imaginary)
    2                0.00 i (imaginary)
    3               16.46
    4               16.48
    5              647.45
    6              647.45
    7              777.97
    8              777.97
    9             2090.08
   10             3448.22
   11             3552.98

 Project out translational and rotational motions 

 Degrees of freedom for translational and rotational motions: 6

 Vibrational frequencies:
 mode    frequency (cm-1)
    0              647.45
    1              777.97
    2              777.97
    3             2090.08
    4             3448.22
    5             3552.98

 --------------------------------------------------------------------------------

 End time:                               Tue Apr 27 14:54:17 2021
 Total wall-clock time:                  5.094 seconds
==================================================================================
