
================================================================================
          _____________ ________ _______________ ________     _________         
         / ___________// ______ \\_____   _____// ______ \   / ________)        
        / /_________  / /      \ \     | |     / /      \ \ | (_______          
       |  __________|| |        | |    | |    | |        | | \________ \        
        \ \_________ | |        | |    | |     \ \______/ /___________) |       
         \__________||_|        |_|    |_|      \________//____________/        
                                                                                
====================================[ Qcore ]===================================

 Git hash:   15a3e7daff0cda5fa9af010ccd19a80288182ecf
 Git date:   Fri, 16 Apr 2021 15:57:16 +0100
 Compiler:   GNU 9.1.0
 Build type: Release
 Version:    1.1.0

 Start time: Tue Apr 27 14:54:17 2021

 Data directory: /work/zw18965/.local/qcore/share/entos/1.1.0/data
 Number of threads: 24
 Number of threads was determined by: command line argument
  - More threads can be used by running 'qcore -n 32'

 --------------------------------------------------------------------------------
                                command: optimize                                
 --------------------------------------------------------------------------------
 Using coordinate system:                tric
 Hessian update scheme:                  bfgs

 ------------------------------------------------------------------------------------------------------------
                   energy      change    grad rms    grad max    step rms    step max       trust    time (s)
 ------------------------------------------------------------------------------------------------------------
   1       -78.487031446                4.71e-03    7.79e-03                            2.00e-01        0.40
   2       -78.487548014   -5.17e-04    1.09e-03    1.91e-03    1.82e-02    1.75e-02    2.00e-01        0.28
   3       -78.487585157   -3.71e-05    2.64e-04    6.43e-04    6.87e-03    7.37e-03    2.00e-01        0.24
   4       -78.487587321   -2.16e-06    1.40e-04    3.19e-04    2.08e-03    2.59e-03    2.00e-01        0.23
   5       -78.487587750   -4.29e-07    2.68e-05    5.56e-05    1.14e-03    1.35e-03    2.00e-01        0.24
   6       -78.487587774   -2.39e-08    3.61e-06    6.76e-06    8.62e-05    1.95e-04    2.00e-01        0.22
 Geometry optimization stopped:          thresholds achieved

 Final energy:                         -78.487587774

 -----------
  Final XYZ 
 -----------
6
Final structure: -78.4876 hartree
C           -0.663329899         -0.052595217          0.000038924
C            0.663260585          0.052590561         -0.000005301
H           -1.243029522          0.002689959         -0.925750736
H           -1.227005380         -0.198566662          0.925869187
H            1.226937160          0.198560491         -0.925835346
H            1.242959640         -0.002695727          0.925784932

 Structure in entos input format:

  structure(
    xyz = [
      ['C'  ,         -0.663329899,         -0.052595217,          0.000038924],
      ['C'  ,          0.663260585,          0.052590561,         -0.000005301],
      ['H'  ,         -1.243029522,          0.002689959,         -0.925750736],
      ['H'  ,         -1.227005380,         -0.198566662,          0.925869187],
      ['H'  ,          1.226937160,          0.198560491,         -0.925835346],
      ['H'  ,          1.242959640,         -0.002695727,          0.925784932]
    ]
  )

 --------------------------------
  Geometry optimization finished 
 --------------------------------
 Saving results in set 'opt'

 --------------------------------------------------------------------------------
                                 command: hessian                                
 --------------------------------------------------------------------------------

WARNING: semianalytic method is specified for dft hessian, which is not efficient. Try switching to 'method = analytic'


 -------------------------------
  Numerical Geometrical Hessian 
 -------------------------------

 Compute hessian using two-point central differentiation.
 Step size (bohr):                       0.0100

 Frequencies (including translational and rotational modes):
 mode    frequency (cm-1)
    0               17.87 i (imaginary)
    1                0.03 i (imaginary)
    2                0.02 i (imaginary)
    3                0.03
    4               15.55
    5               22.48
    6              820.82
    7              962.26
    8              969.62
    9             1062.30
   10             1224.51
   11             1369.14
   12             1439.41
   13             1712.86
   14             3152.81
   15             3171.87
   16             3242.89
   17             3269.06

 Project out translational and rotational motions 

 Degrees of freedom for translational and rotational motions: 6

 Vibrational frequencies:
 mode    frequency (cm-1)
    0              820.82
    1              962.26
    2              969.62
    3             1062.30
    4             1224.51
    5             1369.14
    6             1439.41
    7             1712.86
    8             3152.81
    9             3171.87
   10             3242.89
   11             3269.06

 --------------------------------------------------------------------------------

 End time:                               Tue Apr 27 14:54:28 2021
 Total wall-clock time:                 10.966 seconds
==================================================================================
