
================================================================================
          _____________ ________ _______________ ________     _________         
         / ___________// ______ \\_____   _____// ______ \   / ________)        
        / /_________  / /      \ \     | |     / /      \ \ | (_______          
       |  __________|| |        | |    | |    | |        | | \________ \        
        \ \_________ | |        | |    | |     \ \______/ /___________) |       
         \__________||_|        |_|    |_|      \________//____________/        
                                                                                
====================================[ Qcore ]===================================

 Git hash:   15a3e7daff0cda5fa9af010ccd19a80288182ecf
 Git date:   Fri, 16 Apr 2021 15:57:16 +0100
 Compiler:   GNU 9.1.0
 Build type: Release
 Version:    1.1.0

 Start time: Tue Apr 27 14:54:37 2021

 Data directory: /work/zw18965/.local/qcore/share/entos/1.1.0/data
 Number of threads: 24
 Number of threads was determined by: command line argument
  - More threads can be used by running 'qcore -n 32'

 --------------------------------------------------------------------------------
                                command: optimize                                
 --------------------------------------------------------------------------------
 Using coordinate system:                tric
 Hessian update scheme:                  bfgs

 ------------------------------------------------------------------------------------------------------------
                   energy      change    grad rms    grad max    step rms    step max       trust    time (s)
 ------------------------------------------------------------------------------------------------------------
   1      -237.475436642                6.39e-03    1.55e-02                            2.00e-01        0.33
   2      -237.475662544   -2.26e-04    2.62e-03    5.29e-03    1.61e-02    2.35e-02    2.00e-01        0.16
   3      -237.475696239   -3.37e-05    4.93e-04    8.06e-04    4.21e-03    6.81e-03    2.00e-01        0.15
   4      -237.475697765   -1.53e-06    1.28e-05    2.70e-05    1.28e-03    1.62e-03    2.00e-01        0.15
   5      -237.475697766   -7.29e-10    3.06e-07    6.75e-07    5.86e-05    5.49e-05    2.00e-01        0.14
 Geometry optimization stopped:          thresholds achieved

 Final energy:                        -237.475697766

 -----------
  Final XYZ 
 -----------
3
Final structure: -237.476 hartree
C           -0.000000074          0.132817981         -0.000000600
F            0.000000005          0.933592170         -1.030888211
F            0.000000069          0.933589844          1.030888812

 Structure in entos input format:

  structure(
    xyz = [
      ['C'  ,         -0.000000074,          0.132817981,         -0.000000600],
      ['F'  ,          0.000000005,          0.933592170,         -1.030888211],
      ['F'  ,          0.000000069,          0.933589844,          1.030888812]
    ]
  )

 --------------------------------
  Geometry optimization finished 
 --------------------------------
 Saving results in set 'opt'

 --------------------------------------------------------------------------------
                                 command: hessian                                
 --------------------------------------------------------------------------------

WARNING: semianalytic method is specified for dft hessian, which is not efficient. Try switching to 'method = analytic'


 -------------------------------
  Numerical Geometrical Hessian 
 -------------------------------

 Compute hessian using two-point central differentiation.
 Step size (bohr):                       0.0100

 Frequencies (including translational and rotational modes):
 mode    frequency (cm-1)
    0                0.12 i (imaginary)
    1                0.03 i (imaginary)
    2                0.01 i (imaginary)
    3               39.28
    4               44.23
    5               87.82
    6              675.99
    7             1165.62
    8             1255.41

 Project out translational and rotational motions 

 Degrees of freedom for translational and rotational motions: 6

 Vibrational frequencies:
 mode    frequency (cm-1)
    0              675.99
    1             1165.61
    2             1255.41

 --------------------------------------------------------------------------------

 End time:                               Tue Apr 27 14:54:42 2021
 Total wall-clock time:                  4.232 seconds
==================================================================================
