
================================================================================
          _____________ ________ _______________ ________     _________         
         / ___________// ______ \\_____   _____// ______ \   / ________)        
        / /_________  / /      \ \     | |     / /      \ \ | (_______          
       |  __________|| |        | |    | |    | |        | | \________ \        
        \ \_________ | |        | |    | |     \ \______/ /___________) |       
         \__________||_|        |_|    |_|      \________//____________/        
                                                                                
====================================[ Qcore ]===================================

 Git hash:   15a3e7daff0cda5fa9af010ccd19a80288182ecf
 Git date:   Fri, 16 Apr 2021 15:57:16 +0100
 Compiler:   GNU 9.1.0
 Build type: Release
 Version:    1.1.0

 Start time: Tue Apr 27 14:55:20 2021

 Data directory: /work/zw18965/.local/qcore/share/entos/1.1.0/data
 Number of threads: 24
 Number of threads was determined by: command line argument
  - More threads can be used by running 'qcore -n 32'

 --------------------------------------------------------------------------------
                                command: optimize                                
 --------------------------------------------------------------------------------
 Using coordinate system:                tric
 Hessian update scheme:                  bfgs

 ------------------------------------------------------------------------------------------------------------
                   energy      change    grad rms    grad max    step rms    step max       trust    time (s)
 ------------------------------------------------------------------------------------------------------------
   1      -114.377440408                6.38e-03    1.46e-02                            2.00e-01        0.40
   2      -114.377816891   -3.76e-04    1.11e-03    2.10e-03    1.89e-02    1.84e-02    2.00e-01        0.17
   3      -114.377845397   -2.85e-05    2.05e-04    4.57e-04    8.15e-03    1.11e-02    2.00e-01        0.17
   4      -114.377846527   -1.13e-06    1.07e-04    2.72e-04    1.62e-03    2.69e-03    2.00e-01        0.16
   5      -114.377846676   -1.49e-07    3.68e-05    9.67e-05    5.00e-04    8.62e-04    2.00e-01        0.15
 Geometry optimization stopped:          thresholds achieved

 Final energy:                        -114.377846676

 -----------
  Final XYZ 
 -----------
4
Final structure: -114.378 hartree
C           -0.000294081          0.000018511          0.000023456
O            1.187128787         -0.157273623         -0.075909258
H           -0.486952584          0.990295682         -0.185959910
H           -0.699890509         -0.833107797          0.261853660

 Structure in entos input format:

  structure(
    xyz = [
      ['C'  ,         -0.000294081,          0.000018511,          0.000023456],
      ['O'  ,          1.187128787,         -0.157273623,         -0.075909258],
      ['H'  ,         -0.486952584,          0.990295682,         -0.185959910],
      ['H'  ,         -0.699890509,         -0.833107797,          0.261853660]
    ]
  )

 --------------------------------
  Geometry optimization finished 
 --------------------------------
 Saving results in set 'opt'

 --------------------------------------------------------------------------------
                                 command: hessian                                
 --------------------------------------------------------------------------------

WARNING: semianalytic method is specified for dft hessian, which is not efficient. Try switching to 'method = analytic'


 -------------------------------
  Numerical Geometrical Hessian 
 -------------------------------

 Compute hessian using two-point central differentiation.
 Step size (bohr):                       0.0100

 Frequencies (including translational and rotational modes):
 mode    frequency (cm-1)
    0                3.28 i (imaginary)
    1                0.21 i (imaginary)
    2                0.05 i (imaginary)
    3                1.94
    4               15.11
    5               31.74
    6             1194.43
    7             1257.37
    8             1518.62
    9             1865.82
   10             2898.02
   11             2957.06

 Project out translational and rotational motions 

 Degrees of freedom for translational and rotational motions: 6

 Vibrational frequencies:
 mode    frequency (cm-1)
    0             1194.43
    1             1257.37
    2             1518.62
    3             1865.82
    4             2898.02
    5             2957.06

 --------------------------------------------------------------------------------

 End time:                               Tue Apr 27 14:55:26 2021
 Total wall-clock time:                  5.452 seconds
==================================================================================
