
================================================================================
          _____________ ________ _______________ ________     _________         
         / ___________// ______ \\_____   _____// ______ \   / ________)        
        / /_________  / /      \ \     | |     / /      \ \ | (_______          
       |  __________|| |        | |    | |    | |        | | \________ \        
        \ \_________ | |        | |    | |     \ \______/ /___________) |       
         \__________||_|        |_|    |_|      \________//____________/        
                                                                                
====================================[ Qcore ]===================================

 Git hash:   15a3e7daff0cda5fa9af010ccd19a80288182ecf
 Git date:   Fri, 16 Apr 2021 15:57:16 +0100
 Compiler:   GNU 9.1.0
 Build type: Release
 Version:    1.1.0

 Start time: Tue Apr 27 14:55:26 2021

 Data directory: /work/zw18965/.local/qcore/share/entos/1.1.0/data
 Number of threads: 24
 Number of threads was determined by: command line argument
  - More threads can be used by running 'qcore -n 32'

 --------------------------------------------------------------------------------
                                command: optimize                                
 --------------------------------------------------------------------------------
 Using coordinate system:                tric
 Hessian update scheme:                  bfgs

 ------------------------------------------------------------------------------------------------------------
                   energy      change    grad rms    grad max    step rms    step max       trust    time (s)
 ------------------------------------------------------------------------------------------------------------
   1      -437.278765189                5.30e-03    1.04e-02                            2.00e-01        0.50
   2      -437.279105659   -3.40e-04    1.34e-03    2.34e-03    2.06e-02    2.11e-02    2.00e-01        0.22
   3      -437.279137188   -3.15e-05    1.66e-04    3.68e-04    8.94e-03    1.09e-02    2.00e-01        0.24
   4      -437.279137814   -6.27e-07    1.10e-04    3.10e-04    1.06e-03    1.73e-03    2.00e-01        0.22
   5      -437.279137946   -1.32e-07    3.79e-05    1.02e-04    5.55e-04    9.86e-04    2.00e-01        0.22
 Geometry optimization stopped:          thresholds achieved

 Final energy:                        -437.279137946

 -----------
  Final XYZ 
 -----------
4
Final structure: -437.279 hartree
C           -0.106947484          0.008513844          0.001148572
S            1.492942510         -0.119246038         -0.015648468
H           -0.665856755          0.276353696          0.911092893
H           -0.720142409         -0.165683797         -0.896513595

 Structure in entos input format:

  structure(
    xyz = [
      ['C'  ,         -0.106947484,          0.008513844,          0.001148572],
      ['S'  ,          1.492942510,         -0.119246038,         -0.015648468],
      ['H'  ,         -0.665856755,          0.276353696,          0.911092893],
      ['H'  ,         -0.720142409,         -0.165683797,         -0.896513595]
    ]
  )

 --------------------------------
  Geometry optimization finished 
 --------------------------------
 Saving results in set 'opt'

 --------------------------------------------------------------------------------
                                 command: hessian                                
 --------------------------------------------------------------------------------

WARNING: semianalytic method is specified for dft hessian, which is not efficient. Try switching to 'method = analytic'


 -------------------------------
  Numerical Geometrical Hessian 
 -------------------------------

 Compute hessian using two-point central differentiation.
 Step size (bohr):                       0.0100

 Frequencies (including translational and rotational modes):
 mode    frequency (cm-1)
    0               15.57 i (imaginary)
    1               12.67 i (imaginary)
    2                0.32 i (imaginary)
    3                0.03
    4                0.19
    5               22.25
    6              991.87
    7             1019.44
    8             1125.96
    9             1470.46
   10             3077.26
   11             3170.07

 Project out translational and rotational motions 

 Degrees of freedom for translational and rotational motions: 6

 Vibrational frequencies:
 mode    frequency (cm-1)
    0              991.87
    1             1019.44
    2             1125.96
    3             1470.46
    4             3077.26
    5             3170.07

 --------------------------------------------------------------------------------

 End time:                               Tue Apr 27 14:55:33 2021
 Total wall-clock time:                  7.639 seconds
==================================================================================
