
================================================================================
          _____________ ________ _______________ ________     _________         
         / ___________// ______ \\_____   _____// ______ \   / ________)        
        / /_________  / /      \ \     | |     / /      \ \ | (_______          
       |  __________|| |        | |    | |    | |        | | \________ \        
        \ \_________ | |        | |    | |     \ \______/ /___________) |       
         \__________||_|        |_|    |_|      \________//____________/        
                                                                                
====================================[ Qcore ]===================================

 Git hash:   15a3e7daff0cda5fa9af010ccd19a80288182ecf
 Git date:   Fri, 16 Apr 2021 15:57:16 +0100
 Compiler:   GNU 9.1.0
 Build type: Release
 Version:    1.1.0

 Start time: Tue Apr 27 14:55:33 2021

 Data directory: /work/zw18965/.local/qcore/share/entos/1.1.0/data
 Number of threads: 24
 Number of threads was determined by: command line argument
  - More threads can be used by running 'qcore -n 32'

 --------------------------------------------------------------------------------
                                command: optimize                                
 --------------------------------------------------------------------------------
 Using coordinate system:                tric
 Hessian update scheme:                  bfgs

 ------------------------------------------------------------------------------------------------------------
                   energy      change    grad rms    grad max    step rms    step max       trust    time (s)
 ------------------------------------------------------------------------------------------------------------
   1       -76.338761696                6.32e-03    1.15e-02                            2.00e-01        0.29
   2       -76.339096270   -3.35e-04    3.50e-03    6.31e-03    1.61e-02    3.17e-02    2.00e-01        0.12
   3       -76.339270485   -1.74e-04    1.69e-04    2.99e-04    2.48e-02    4.70e-02    2.00e-01        0.11
   4       -76.339270695   -2.10e-07    1.69e-05    2.81e-05    7.03e-04    1.39e-03    2.00e-01        0.11
   5       -76.339270697   -2.34e-09    3.15e-06    5.34e-06    4.55e-05    1.10e-04    2.00e-01        0.10
 Geometry optimization stopped:          thresholds achieved

 Final energy:                         -76.339270697

 -----------
  Final XYZ 
 -----------
3
Final structure: -76.3393 hartree
O           -0.002798950         -0.002222260          0.001417205
H            0.280749562          0.886422222          0.247355034
H            0.606249383         -0.229599962         -0.711272237

 Structure in entos input format:

  structure(
    xyz = [
      ['O'  ,         -0.002798950,         -0.002222260,          0.001417205],
      ['H'  ,          0.280749562,          0.886422222,          0.247355034],
      ['H'  ,          0.606249383,         -0.229599962,         -0.711272237]
    ]
  )

 --------------------------------
  Geometry optimization finished 
 --------------------------------
 Saving results in set 'opt'

 --------------------------------------------------------------------------------
                                 command: hessian                                
 --------------------------------------------------------------------------------

WARNING: semianalytic method is specified for dft hessian, which is not efficient. Try switching to 'method = analytic'


 -------------------------------
  Numerical Geometrical Hessian 
 -------------------------------

 Compute hessian using two-point central differentiation.
 Step size (bohr):                       0.0100

 Frequencies (including translational and rotational modes):
 mode    frequency (cm-1)
    0               39.95 i (imaginary)
    1               19.82 i (imaginary)
    2               12.32 i (imaginary)
    3                0.07
    4                0.42
    5                0.98
    6             1664.84
    7             3825.64
    8             3930.45

 Project out translational and rotational motions 

 Degrees of freedom for translational and rotational motions: 6

 Vibrational frequencies:
 mode    frequency (cm-1)
    0             1664.84
    1             3825.64
    2             3930.45

 --------------------------------------------------------------------------------

 End time:                               Tue Apr 27 14:55:36 2021
 Total wall-clock time:                  3.052 seconds
==================================================================================
