
================================================================================
          _____________ ________ _______________ ________     _________         
         / ___________// ______ \\_____   _____// ______ \   / ________)        
        / /_________  / /      \ \     | |     / /      \ \ | (_______          
       |  __________|| |        | |    | |    | |        | | \________ \        
        \ \_________ | |        | |    | |     \ \______/ /___________) |       
         \__________||_|        |_|    |_|      \________//____________/        
                                                                                
====================================[ Qcore ]===================================

 Git hash:   15a3e7daff0cda5fa9af010ccd19a80288182ecf
 Git date:   Fri, 16 Apr 2021 15:57:16 +0100
 Compiler:   GNU 9.1.0
 Build type: Release
 Version:    1.1.0

 Start time: Tue Apr 27 14:56:06 2021

 Data directory: /work/zw18965/.local/qcore/share/entos/1.1.0/data
 Number of threads: 24
 Number of threads was determined by: command line argument
  - More threads can be used by running 'qcore -n 32'

 --------------------------------------------------------------------------------
                                command: optimize                                
 --------------------------------------------------------------------------------
 Using coordinate system:                tric
 Hessian update scheme:                  bfgs

 ------------------------------------------------------------------------------------------------------------
                   energy      change    grad rms    grad max    step rms    step max       trust    time (s)
 ------------------------------------------------------------------------------------------------------------
   1      -184.483016458                3.01e-02    7.36e-02                            2.00e-01        0.38
   2      -184.485456433   -2.44e-03    4.38e-03    1.07e-02    3.55e-02    5.34e-02    2.00e-01        0.18
   3      -184.485482424   -2.60e-05    1.00e-03    2.45e-03    1.86e-03    4.21e-03    2.00e-01        0.18
   4      -184.485483965   -1.54e-06    2.71e-05    6.07e-05    6.03e-04    1.44e-03    2.00e-01        0.17
Rejecting step due to low quality: Quality: -1.62305 New trust radius: 1.88512e-05
   5      -184.485483961    4.30e-09    2.71e-05    6.07e-05    3.77e-05    5.94e-05    1.89e-05        0.16
 Geometry optimization stopped:          thresholds achieved

 Final energy:                        -184.485483961

 -----------
  Final XYZ 
 -----------
3
Final structure: -184.485 hartree
N            0.000000030          0.000000026         -1.125935143
N           -0.000000008          0.000000010          0.003333950
O           -0.000000022         -0.000000036          1.181601198

 Structure in entos input format:

  structure(
    xyz = [
      ['N'  ,          0.000000030,          0.000000026,         -1.125935143],
      ['N'  ,         -0.000000008,          0.000000010,          0.003333950],
      ['O'  ,         -0.000000022,         -0.000000036,          1.181601198]
    ]
  )

 --------------------------------
  Geometry optimization finished 
 --------------------------------
 Saving results in set 'opt'

 --------------------------------------------------------------------------------
                                 command: hessian                                
 --------------------------------------------------------------------------------

WARNING: semianalytic method is specified for dft hessian, which is not efficient. Try switching to 'method = analytic'


 -------------------------------
  Numerical Geometrical Hessian 
 -------------------------------

 Compute hessian using two-point central differentiation.
 Step size (bohr):                       0.0100

 Frequencies (including translational and rotational modes):
 mode    frequency (cm-1)
    0                7.99 i (imaginary)
    1                7.86 i (imaginary)
    2                0.01 i (imaginary)
    3                0.01
    4                0.11
    5              630.12
    6              630.12
    7             1397.11
    8             2436.45

 Project out translational and rotational motions 

 Degrees of freedom for translational and rotational motions: 6

 Vibrational frequencies:
 mode    frequency (cm-1)
    0              630.12
    1             1397.11
    2             2436.45

 --------------------------------------------------------------------------------

 End time:                               Tue Apr 27 14:56:11 2021
 Total wall-clock time:                  4.482 seconds
==================================================================================
