
================================================================================
          _____________ ________ _______________ ________     _________         
         / ___________// ______ \\_____   _____// ______ \   / ________)        
        / /_________  / /      \ \     | |     / /      \ \ | (_______          
       |  __________|| |        | |    | |    | |        | | \________ \        
        \ \_________ | |        | |    | |     \ \______/ /___________) |       
         \__________||_|        |_|    |_|      \________//____________/        
                                                                                
====================================[ Qcore ]===================================

 Git hash:   15a3e7daff0cda5fa9af010ccd19a80288182ecf
 Git date:   Fri, 16 Apr 2021 15:57:16 +0100
 Compiler:   GNU 9.1.0
 Build type: Release
 Version:    1.1.0

 Start time: Tue Apr 27 14:56:23 2021

 Data directory: /work/zw18965/.local/qcore/share/entos/1.1.0/data
 Number of threads: 24
 Number of threads was determined by: command line argument
  - More threads can be used by running 'qcore -n 32'

 --------------------------------------------------------------------------------
                                command: optimize                                
 --------------------------------------------------------------------------------
 Using coordinate system:                tric
 Hessian update scheme:                  bfgs

 ------------------------------------------------------------------------------------------------------------
                   energy      change    grad rms    grad max    step rms    step max       trust    time (s)
 ------------------------------------------------------------------------------------------------------------
   1      -364.519300624                2.14e-03    3.71e-03                            2.00e-01        0.42
   2      -364.519309251   -8.63e-06    1.04e-03    1.80e-03    1.57e-03    3.13e-03    2.00e-01        0.17
   3      -364.519311963   -2.71e-06    9.31e-06    1.61e-05    1.48e-03    2.96e-03    2.00e-01        0.16
   4      -364.519311968   -5.22e-09    5.42e-09    9.39e-09    1.34e-05    2.68e-05    2.00e-01        0.15
 Geometry optimization stopped:          thresholds achieved

 Final energy:                        -364.519311968

 -----------
  Final XYZ 
 -----------
2
Final structure: -364.519 hartree
Si          -0.000000003         -0.000000005         -0.758549911
O            0.000000003          0.000000005          0.758549911

 Structure in entos input format:

  structure(
    xyz = [
      ['Si' ,         -0.000000003,         -0.000000005,         -0.758549911],
      ['O'  ,          0.000000003,          0.000000005,          0.758549911]
    ]
  )

 --------------------------------
  Geometry optimization finished 
 --------------------------------
 Saving results in set 'opt'

 --------------------------------------------------------------------------------
                                 command: hessian                                
 --------------------------------------------------------------------------------

WARNING: semianalytic method is specified for dft hessian, which is not efficient. Try switching to 'method = analytic'


 -------------------------------
  Numerical Geometrical Hessian 
 -------------------------------

 Compute hessian using two-point central differentiation.
 Step size (bohr):                       0.0100

 Frequencies (including translational and rotational modes):
 mode    frequency (cm-1)
    0                0.02 i (imaginary)
    1                0.00 i (imaginary)
    2                0.00
    3               23.27
    4               23.27
    5             1247.30

 Project out translational and rotational motions 

 The molecule is linear

 Degrees of freedom for translational and rotational motions: 5

 Vibrational frequencies:
 mode    frequency (cm-1)
    0             1247.30

 --------------------------------------------------------------------------------

 End time:                               Tue Apr 27 14:56:26 2021
 Total wall-clock time:                  3.245 seconds
==================================================================================
