
================================================================================
          _____________ ________ _______________ ________     _________         
         / ___________// ______ \\_____   _____// ______ \   / ________)        
        / /_________  / /      \ \     | |     / /      \ \ | (_______          
       |  __________|| |        | |    | |    | |        | | \________ \        
        \ \_________ | |        | |    | |     \ \______/ /___________) |       
         \__________||_|        |_|    |_|      \________//____________/        
                                                                                
====================================[ Qcore ]===================================

 Git hash:   15a3e7daff0cda5fa9af010ccd19a80288182ecf
 Git date:   Fri, 16 Apr 2021 15:57:16 +0100
 Compiler:   GNU 9.1.0
 Build type: Release
 Version:    1.1.0

 Start time: Fri Apr 23 14:41:34 2021

 Data directory: /work/zw18965/.local/qcore/share/entos/1.1.0/data
 Number of threads: 24
 Number of threads was determined by: command line argument
  - More threads can be used by running 'qcore -n 32'

 --------------------------------------------------------------------------------
                                command: optimize                                
 --------------------------------------------------------------------------------
 Using coordinate system:                tric
 Hessian update scheme:                  bfgs

 ------------------------------------------------------------------------------------------------------------
                   energy      change    grad rms    grad max    step rms    step max       trust    time (s)
 ------------------------------------------------------------------------------------------------------------
   1       -78.544379823                1.04e-03    1.79e-03                            2.00e-01        0.67
   2       -78.544440423   -6.06e-05    7.58e-04    1.96e-03    9.83e-03    1.13e-02    2.00e-01        0.48
   3       -78.544457556   -1.71e-05    1.78e-04    5.12e-04    7.72e-03    9.75e-03    2.00e-01        0.48
   4       -78.544457735   -1.79e-07    3.87e-05    1.06e-04    1.96e-04    4.94e-04    2.00e-01        0.46
 Geometry optimization stopped:          thresholds achieved

 Final energy:                         -78.544457735

 -----------
  Final XYZ 
 -----------
6
Final structure: -78.5445 hartree
C           -0.657783423         -0.052060004         -0.000150885
C            0.657714302          0.052056567          0.000183900
H           -1.231398152          0.003005620         -0.916925871
H           -1.216044738         -0.196767695          0.916325876
H            1.215978302          0.196760557         -0.916291833
H            1.231326293         -0.003011640          0.916960473

 Structure in entos input format:

  structure(
    xyz = [
      ['C'  ,         -0.657783423,         -0.052060004,         -0.000150885],
      ['C'  ,          0.657714302,          0.052056567,          0.000183900],
      ['H'  ,         -1.231398152,          0.003005620,         -0.916925871],
      ['H'  ,         -1.216044738,         -0.196767695,          0.916325876],
      ['H'  ,          1.215978302,          0.196760557,         -0.916291833],
      ['H'  ,          1.231326293,         -0.003011640,          0.916960473]
    ]
  )

 --------------------------------
  Geometry optimization finished 
 --------------------------------
 Saving results in set 'opt'

 --------------------------------------------------------------------------------
                                 command: hessian                                
 --------------------------------------------------------------------------------

WARNING: semianalytic method is specified for dft hessian, which is not efficient. Try switching to 'method = analytic'


 -------------------------------
  Numerical Geometrical Hessian 
 -------------------------------

 Compute hessian using two-point central differentiation.
 Step size (bohr):                       0.0100

 Frequencies (including translational and rotational modes):
 mode    frequency (cm-1)
    0               14.96 i (imaginary)
    1                0.05 i (imaginary)
    2                0.01 i (imaginary)
    3                0.25
    4               16.01
    5               28.55
    6              843.92
    7             1000.32
    8             1020.95
    9             1080.24
   10             1258.58
   11             1397.75
   12             1488.94
   13             1733.15
   14             3155.27
   15             3174.41
   16             3231.32
   17             3256.78

 Project out translational and rotational motions 

 Degrees of freedom for translational and rotational motions: 6

 Vibrational frequencies:
 mode    frequency (cm-1)
    0              843.92
    1             1000.32
    2             1020.95
    3             1080.24
    4             1258.58
    5             1397.75
    6             1488.94
    7             1733.15
    8             3155.27
    9             3174.41
   10             3231.32
   11             3256.78

 --------------------------------------------------------------------------------

 End time:                               Fri Apr 23 14:41:54 2021
 Total wall-clock time:                 20.417 seconds
==================================================================================
