
================================================================================
          _____________ ________ _______________ ________     _________         
         / ___________// ______ \\_____   _____// ______ \   / ________)        
        / /_________  / /      \ \     | |     / /      \ \ | (_______          
       |  __________|| |        | |    | |    | |        | | \________ \        
        \ \_________ | |        | |    | |     \ \______/ /___________) |       
         \__________||_|        |_|    |_|      \________//____________/        
                                                                                
====================================[ Qcore ]===================================

 Git hash:   15a3e7daff0cda5fa9af010ccd19a80288182ecf
 Git date:   Fri, 16 Apr 2021 15:57:16 +0100
 Compiler:   GNU 9.1.0
 Build type: Release
 Version:    1.1.0

 Start time: Fri Apr 23 14:42:31 2021

 Data directory: /work/zw18965/.local/qcore/share/entos/1.1.0/data
 Number of threads: 24
 Number of threads was determined by: command line argument
  - More threads can be used by running 'qcore -n 32'

 --------------------------------------------------------------------------------
                                command: optimize                                
 --------------------------------------------------------------------------------
 Using coordinate system:                tric
 Hessian update scheme:                  bfgs

 ------------------------------------------------------------------------------------------------------------
                   energy      change    grad rms    grad max    step rms    step max       trust    time (s)
 ------------------------------------------------------------------------------------------------------------
   1      -920.389422574                6.44e-03    1.11e-02                            2.00e-01        0.48
   2      -920.389713421   -2.91e-04    2.53e-04    4.38e-04    2.47e-02    4.93e-02    2.00e-01        0.31
   3      -920.389713835   -4.14e-07    1.59e-05    2.75e-05    1.01e-03    2.02e-03    2.00e-01        0.30
Rejecting step due to low quality: Quality: -5.96092 New trust radius: 2.97301e-05
   4      -920.389713825    9.73e-09    1.59e-05    2.75e-05    5.95e-05    1.19e-04    2.97e-05        0.29
 Geometry optimization stopped:          thresholds achieved

 Final energy:                        -920.389713825

 -----------
  Final XYZ 
 -----------
2
Final structure: -920.39 hartree
Cl          -0.991724297          0.000000014          0.000000014
Cl           0.991724297         -0.000000014         -0.000000014

 Structure in entos input format:

  structure(
    xyz = [
      ['Cl' ,         -0.991724297,          0.000000014,          0.000000014],
      ['Cl' ,          0.991724297,         -0.000000014,         -0.000000014]
    ]
  )

 --------------------------------
  Geometry optimization finished 
 --------------------------------
 Saving results in set 'opt'

 --------------------------------------------------------------------------------
                                 command: hessian                                
 --------------------------------------------------------------------------------

WARNING: semianalytic method is specified for dft hessian, which is not efficient. Try switching to 'method = analytic'


 -------------------------------
  Numerical Geometrical Hessian 
 -------------------------------

 Compute hessian using two-point central differentiation.
 Step size (bohr):                       0.0100

 Frequencies (including translational and rotational modes):
 mode    frequency (cm-1)
    0               12.00 i (imaginary)
    1               12.00 i (imaginary)
    2                0.03 i (imaginary)
    3                0.00 i (imaginary)
    4                0.01
    5              587.43

 Project out translational and rotational motions 

 The molecule is linear

 Degrees of freedom for translational and rotational motions: 5

 Vibrational frequencies:
 mode    frequency (cm-1)
    0              587.43

 --------------------------------------------------------------------------------

 End time:                               Fri Apr 23 14:42:36 2021
 Total wall-clock time:                  5.629 seconds
==================================================================================
