
================================================================================
          _____________ ________ _______________ ________     _________         
         / ___________// ______ \\_____   _____// ______ \   / ________)        
        / /_________  / /      \ \     | |     / /      \ \ | (_______          
       |  __________|| |        | |    | |    | |        | | \________ \        
        \ \_________ | |        | |    | |     \ \______/ /___________) |       
         \__________||_|        |_|    |_|      \________//____________/        
                                                                                
====================================[ Qcore ]===================================

 Git hash:   15a3e7daff0cda5fa9af010ccd19a80288182ecf
 Git date:   Fri, 16 Apr 2021 15:57:16 +0100
 Compiler:   GNU 9.1.0
 Build type: Release
 Version:    1.1.0

 Start time: Fri Apr 23 14:44:15 2021

 Data directory: /work/zw18965/.local/qcore/share/entos/1.1.0/data
 Number of threads: 24
 Number of threads was determined by: command line argument
  - More threads can be used by running 'qcore -n 32'

 --------------------------------------------------------------------------------
                                command: optimize                                
 --------------------------------------------------------------------------------
 Using coordinate system:                tric
 Hessian update scheme:                  bfgs

 ------------------------------------------------------------------------------------------------------------
                   energy      change    grad rms    grad max    step rms    step max       trust    time (s)
 ------------------------------------------------------------------------------------------------------------
   1      -535.957254098                5.53e-03    1.31e-02                            2.00e-01        0.64
   2      -535.957798436   -5.44e-04    2.24e-03    5.34e-03    3.34e-02    4.06e-02    2.00e-01        0.35
   3      -535.957884029   -8.56e-05    2.04e-04    4.07e-04    1.98e-02    2.33e-02    2.00e-01        0.35
   4      -535.957884559   -5.30e-07    1.51e-04    3.09e-04    1.17e-03    1.67e-03    2.00e-01        0.33
   5      -535.957884767   -2.08e-07    6.21e-05    1.26e-04    6.00e-04    9.42e-04    2.00e-01        0.32
 Geometry optimization stopped:          thresholds achieved

 Final energy:                        -535.957884767

 -----------
  Final XYZ 
 -----------
3
Final structure: -535.958 hartree
O           -0.340772131          0.461163030          0.000000234
Cl           1.227659515         -0.129052125         -0.000000643
H           -0.886887385         -0.332110900          0.000000409

 Structure in entos input format:

  structure(
    xyz = [
      ['O'  ,         -0.340772131,          0.461163030,          0.000000234],
      ['Cl' ,          1.227659515,         -0.129052125,         -0.000000643],
      ['H'  ,         -0.886887385,         -0.332110900,          0.000000409]
    ]
  )

 --------------------------------
  Geometry optimization finished 
 --------------------------------
 Saving results in set 'opt'

 --------------------------------------------------------------------------------
                                 command: hessian                                
 --------------------------------------------------------------------------------

WARNING: semianalytic method is specified for dft hessian, which is not efficient. Try switching to 'method = analytic'


 -------------------------------
  Numerical Geometrical Hessian 
 -------------------------------

 Compute hessian using two-point central differentiation.
 Step size (bohr):                       0.0100

 Frequencies (including translational and rotational modes):
 mode    frequency (cm-1)
    0                0.65 i (imaginary)
    1                0.22 i (imaginary)
    2                0.01 i (imaginary)
    3               11.39
    4               15.29
    5               29.87
    6              801.60
    7             1295.51
    8             3848.80

 Project out translational and rotational motions 

 Degrees of freedom for translational and rotational motions: 6

 Vibrational frequencies:
 mode    frequency (cm-1)
    0              801.60
    1             1295.51
    2             3848.80

 --------------------------------------------------------------------------------

 End time:                               Fri Apr 23 14:44:24 2021
 Total wall-clock time:                  8.626 seconds
==================================================================================
