
================================================================================
          _____________ ________ _______________ ________     _________         
         / ___________// ______ \\_____   _____// ______ \   / ________)        
        / /_________  / /      \ \     | |     / /      \ \ | (_______          
       |  __________|| |        | |    | |    | |        | | \________ \        
        \ \_________ | |        | |    | |     \ \______/ /___________) |       
         \__________||_|        |_|    |_|      \________//____________/        
                                                                                
====================================[ Qcore ]===================================

 Git hash:   15a3e7daff0cda5fa9af010ccd19a80288182ecf
 Git date:   Fri, 16 Apr 2021 15:57:16 +0100
 Compiler:   GNU 9.1.0
 Build type: Release
 Version:    1.1.0

 Start time: Fri Apr 23 14:44:24 2021

 Data directory: /work/zw18965/.local/qcore/share/entos/1.1.0/data
 Number of threads: 24
 Number of threads was determined by: command line argument
  - More threads can be used by running 'qcore -n 32'

 --------------------------------------------------------------------------------
                                command: optimize                                
 --------------------------------------------------------------------------------
 Using coordinate system:                tric
 Hessian update scheme:                  bfgs

 ------------------------------------------------------------------------------------------------------------
                   energy      change    grad rms    grad max    step rms    step max       trust    time (s)
 ------------------------------------------------------------------------------------------------------------
   1      -109.498991303                2.12e-02    3.68e-02                            2.00e-01        0.28
   2      -109.499403377   -4.12e-04    3.85e-03    6.67e-03    1.34e-02    2.67e-02    2.00e-01        0.16
   3      -109.499416454   -1.31e-05    1.63e-04    2.82e-04    2.05e-03    4.10e-03    2.00e-01        0.15
   4      -109.499416477   -2.34e-08    1.03e-06    1.78e-06    8.33e-05    1.67e-04    2.00e-01        0.14
 Geometry optimization stopped:          thresholds achieved

 Final energy:                        -109.499416477

 -----------
  Final XYZ 
 -----------
2
Final structure: -109.499 hartree
N            0.543238995         -0.000000062          0.000000062
N           -0.543238995          0.000000062         -0.000000062

 Structure in entos input format:

  structure(
    xyz = [
      ['N'  ,          0.543238995,         -0.000000062,          0.000000062],
      ['N'  ,         -0.543238995,          0.000000062,         -0.000000062]
    ]
  )

 --------------------------------
  Geometry optimization finished 
 --------------------------------
 Saving results in set 'opt'

 --------------------------------------------------------------------------------
                                 command: hessian                                
 --------------------------------------------------------------------------------

WARNING: semianalytic method is specified for dft hessian, which is not efficient. Try switching to 'method = analytic'


 -------------------------------
  Numerical Geometrical Hessian 
 -------------------------------

 Compute hessian using two-point central differentiation.
 Step size (bohr):                       0.0100

 Frequencies (including translational and rotational modes):
 mode    frequency (cm-1)
    0                0.02 i (imaginary)
    1                0.01 i (imaginary)
    2                0.00
    3               20.93
    4               20.94
    5             2520.31

 Project out translational and rotational motions 

 The molecule is linear

 Degrees of freedom for translational and rotational motions: 5

 Vibrational frequencies:
 mode    frequency (cm-1)
    0             2520.31

 --------------------------------------------------------------------------------

 End time:                               Fri Apr 23 14:44:27 2021
 Total wall-clock time:                  2.912 seconds
==================================================================================
