
================================================================================
          _____________ ________ _______________ ________     _________         
         / ___________// ______ \\_____   _____// ______ \   / ________)        
        / /_________  / /      \ \     | |     / /      \ \ | (_______          
       |  __________|| |        | |    | |    | |        | | \________ \        
        \ \_________ | |        | |    | |     \ \______/ /___________) |       
         \__________||_|        |_|    |_|      \________//____________/        
                                                                                
====================================[ Qcore ]===================================

 Git hash:   15a3e7daff0cda5fa9af010ccd19a80288182ecf
 Git date:   Fri, 16 Apr 2021 15:57:16 +0100
 Compiler:   GNU 9.1.0
 Build type: Release
 Version:    1.1.0

 Start time: Fri Apr 23 14:45:08 2021

 Data directory: /work/zw18965/.local/qcore/share/entos/1.1.0/data
 Number of threads: 24
 Number of threads was determined by: command line argument
  - More threads can be used by running 'qcore -n 32'

 --------------------------------------------------------------------------------
                                command: optimize                                
 --------------------------------------------------------------------------------
 Using coordinate system:                tric
 Hessian update scheme:                  bfgs

 ------------------------------------------------------------------------------------------------------------
                   energy      change    grad rms    grad max    step rms    step max       trust    time (s)
 ------------------------------------------------------------------------------------------------------------
   1      -548.610232955                1.19e-02    2.03e-02                            2.00e-01        0.72
   2      -548.610684415   -4.51e-04    6.08e-03    1.06e-02    1.10e-02    1.44e-02    2.00e-01        0.46
   3      -548.610831423   -1.47e-04    2.97e-04    6.28e-04    1.09e-02    1.46e-02    2.00e-01        0.46
   4      -548.610832226   -8.03e-07    1.84e-04    4.33e-04    8.07e-04    6.75e-04    2.00e-01        0.46
   5      -548.610832591   -3.65e-07    1.52e-04    3.65e-04    6.43e-04    7.55e-04    2.00e-01        0.42
   6      -548.610832793   -2.02e-07    5.40e-05    9.67e-05    6.10e-04    1.24e-03    2.00e-01        0.43
   7      -548.610832823   -3.01e-08    1.47e-05    2.84e-05    1.17e-04    8.92e-04    2.00e-01        0.43
 Geometry optimization stopped:          thresholds achieved

 Final energy:                        -548.610832823

 -----------
  Final XYZ 
 -----------
3
Final structure: -548.611 hartree
S           -0.002158652          0.480718372          0.000000243
O            1.228060676         -0.234866521         -0.000001100
O           -1.225902023         -0.245851851          0.000000857

 Structure in entos input format:

  structure(
    xyz = [
      ['S'  ,         -0.002158652,          0.480718372,          0.000000243],
      ['O'  ,          1.228060676,         -0.234866521,         -0.000001100],
      ['O'  ,         -1.225902023,         -0.245851851,          0.000000857]
    ]
  )

 --------------------------------
  Geometry optimization finished 
 --------------------------------
 Saving results in set 'opt'

 --------------------------------------------------------------------------------
                                 command: hessian                                
 --------------------------------------------------------------------------------

WARNING: semianalytic method is specified for dft hessian, which is not efficient. Try switching to 'method = analytic'


 -------------------------------
  Numerical Geometrical Hessian 
 -------------------------------

 Compute hessian using two-point central differentiation.
 Step size (bohr):                       0.0100

 Frequencies (including translational and rotational modes):
 mode    frequency (cm-1)
    0               43.39 i (imaginary)
    1                0.17 i (imaginary)
    2                0.00
    3                0.02
    4               13.60
    5               31.26
    6              542.97
    7             1261.83
    8             1466.61

 Project out translational and rotational motions 

 Degrees of freedom for translational and rotational motions: 6

 Vibrational frequencies:
 mode    frequency (cm-1)
    0              542.97
    1             1261.83
    2             1466.61

 --------------------------------------------------------------------------------

 End time:                               Fri Apr 23 14:45:21 2021
 Total wall-clock time:                 12.345 seconds
==================================================================================
