
================================================================================
          _____________ ________ _______________ ________     _________         
         / ___________// ______ \\_____   _____// ______ \   / ________)        
        / /_________  / /      \ \     | |     / /      \ \ | (_______          
       |  __________|| |        | |    | |    | |        | | \________ \        
        \ \_________ | |        | |    | |     \ \______/ /___________) |       
         \__________||_|        |_|    |_|      \________//____________/        
                                                                                
====================================[ Qcore ]===================================

 Git hash:   15a3e7daff0cda5fa9af010ccd19a80288182ecf
 Git date:   Fri, 16 Apr 2021 15:57:16 +0100
 Compiler:   GNU 9.1.0
 Build type: Release
 Version:    1.1.0

 Start time: Fri Apr 23 14:22:18 2021

 Data directory: /work/zw18965/.local/qcore/share/entos/1.1.0/data
 Number of threads: 24
 Number of threads was determined by: command line argument
  - More threads can be used by running 'qcore -n 32'

 --------------------------------------------------------------------------------
                                command: optimize                                
 --------------------------------------------------------------------------------
 Using coordinate system:                tric
 Hessian update scheme:                  bfgs

 ------------------------------------------------------------------------------------------------------------
                   energy      change    grad rms    grad max    step rms    step max       trust    time (s)
 ------------------------------------------------------------------------------------------------------------
   1       -26.566494319                3.17e-03    5.55e-03                            2.00e-01        0.53
   2       -26.566707454   -2.13e-04    8.98e-04    1.58e-03    1.52e-02    1.76e-02    2.00e-01        0.31
   3       -26.566726674   -1.92e-05    2.67e-05    4.95e-05    6.02e-03    7.00e-03    2.00e-01        0.30
   4       -26.566726695   -2.05e-08    2.64e-06    4.91e-06    1.83e-04    2.23e-04    2.00e-01        0.30
 Geometry optimization stopped:          thresholds achieved

 Final energy:                         -26.566726695

 -----------
  Final XYZ 
 -----------
4
Final structure: -26.5667 hartree
B            0.000012002         -0.000002745         -0.198438086
H           -0.404003384         -1.041261703          0.220274580
H           -0.173343306          1.001540267          0.425743924
H            0.577334704          0.039724176         -1.241452684

 Structure in entos input format:

  structure(
    xyz = [
      ['B'  ,          0.000012002,         -0.000002745,         -0.198438086],
      ['H'  ,         -0.404003384,         -1.041261703,          0.220274580],
      ['H'  ,         -0.173343306,          1.001540267,          0.425743924],
      ['H'  ,          0.577334704,          0.039724176,         -1.241452684]
    ]
  )

 --------------------------------
  Geometry optimization finished 
 --------------------------------
 Saving results in set 'opt'

 --------------------------------------------------------------------------------
                                 command: hessian                                
 --------------------------------------------------------------------------------

WARNING: semianalytic method is specified for dft hessian, which is not efficient. Try switching to 'method = analytic'


 -------------------------------
  Numerical Geometrical Hessian 
 -------------------------------

 Compute hessian using two-point central differentiation.
 Step size (bohr):                       0.0100

 Frequencies (including translational and rotational modes):
 mode    frequency (cm-1)
    0               27.06 i (imaginary)
    1                6.28 i (imaginary)
    2                0.12 i (imaginary)
    3                0.05
    4                1.79
    5               34.37
    6             1147.14
    7             1190.07
    8             1190.75
    9             2552.81
   10             2690.77
   11             2692.94

 Project out translational and rotational motions 

 Degrees of freedom for translational and rotational motions: 6

 Vibrational frequencies:
 mode    frequency (cm-1)
    0             1147.14
    1             1190.07
    2             1190.75
    3             2552.81
    4             2690.77
    5             2692.94

 --------------------------------------------------------------------------------

 End time:                               Fri Apr 23 14:22:27 2021
 Total wall-clock time:                  9.512 seconds
==================================================================================
