
================================================================================
          _____________ ________ _______________ ________     _________         
         / ___________// ______ \\_____   _____// ______ \   / ________)        
        / /_________  / /      \ \     | |     / /      \ \ | (_______          
       |  __________|| |        | |    | |    | |        | | \________ \        
        \ \_________ | |        | |    | |     \ \______/ /___________) |       
         \__________||_|        |_|    |_|      \________//____________/        
                                                                                
====================================[ Qcore ]===================================

 Git hash:   15a3e7daff0cda5fa9af010ccd19a80288182ecf
 Git date:   Fri, 16 Apr 2021 15:57:16 +0100
 Compiler:   GNU 9.1.0
 Build type: Release
 Version:    1.1.0

 Start time: Fri Apr 23 14:22:40 2021

 Data directory: /work/zw18965/.local/qcore/share/entos/1.1.0/data
 Number of threads: 24
 Number of threads was determined by: command line argument
  - More threads can be used by running 'qcore -n 32'

 --------------------------------------------------------------------------------
                                command: optimize                                
 --------------------------------------------------------------------------------
 Using coordinate system:                tric
 Hessian update scheme:                  bfgs

 ------------------------------------------------------------------------------------------------------------
                   energy      change    grad rms    grad max    step rms    step max       trust    time (s)
 ------------------------------------------------------------------------------------------------------------
   1       -78.513884746                1.90e-03    5.00e-03                            2.00e-01        1.06
   2       -78.513950264   -6.55e-05    8.89e-04    2.39e-03    7.50e-03    1.00e-02    2.00e-01        0.81
   3       -78.513969356   -1.91e-05    1.22e-04    2.20e-04    7.31e-03    9.78e-03    2.00e-01        0.72
   4       -78.513969653   -2.96e-07    3.71e-05    5.73e-05    6.59e-04    6.95e-04    2.00e-01        0.73
 Geometry optimization stopped:          thresholds achieved

 Final energy:                         -78.513969653

 -----------
  Final XYZ 
 -----------
6
Final structure: -78.514 hartree
C           -0.659565621         -0.052248525          0.000137733
C            0.659496672          0.052245266         -0.000104777
H           -1.234628828          0.002777870         -0.917105928
H           -1.218416079         -0.197169342          0.917587593
H            1.218349724          0.197162318         -0.917553436
H            1.234556716         -0.002784183          0.917140474

 Structure in entos input format:

  structure(
    xyz = [
      ['C'  ,         -0.659565621,         -0.052248525,          0.000137733],
      ['C'  ,          0.659496672,          0.052245266,         -0.000104777],
      ['H'  ,         -1.234628828,          0.002777870,         -0.917105928],
      ['H'  ,         -1.218416079,         -0.197169342,          0.917587593],
      ['H'  ,          1.218349724,          0.197162318,         -0.917553436],
      ['H'  ,          1.234556716,         -0.002784183,          0.917140474]
    ]
  )

 --------------------------------
  Geometry optimization finished 
 --------------------------------
 Saving results in set 'opt'

 --------------------------------------------------------------------------------
                                 command: hessian                                
 --------------------------------------------------------------------------------

WARNING: semianalytic method is specified for dft hessian, which is not efficient. Try switching to 'method = analytic'


 -------------------------------
  Numerical Geometrical Hessian 
 -------------------------------

 Compute hessian using two-point central differentiation.
 Step size (bohr):                       0.0100

 Frequencies (including translational and rotational modes):
 mode    frequency (cm-1)
    0               18.77 i (imaginary)
    1                0.04 i (imaginary)
    2                0.01 i (imaginary)
    3                0.02
    4               29.71
    5               35.09
    6              825.69
    7              979.71
    8              985.90
    9             1064.09
   10             1238.26
   11             1379.80
   12             1466.79
   13             1701.58
   14             3142.63
   15             3158.58
   16             3218.86
   17             3246.52

 Project out translational and rotational motions 

 Degrees of freedom for translational and rotational motions: 6

 Vibrational frequencies:
 mode    frequency (cm-1)
    0              825.69
    1              979.71
    2              985.90
    3             1064.09
    4             1238.26
    5             1379.80
    6             1466.79
    7             1701.58
    8             3142.63
    9             3158.58
   10             3218.86
   11             3246.52

 --------------------------------------------------------------------------------

 End time:                               Fri Apr 23 14:23:11 2021
 Total wall-clock time:                 31.261 seconds
==================================================================================
