
================================================================================
          _____________ ________ _______________ ________     _________         
         / ___________// ______ \\_____   _____// ______ \   / ________)        
        / /_________  / /      \ \     | |     / /      \ \ | (_______          
       |  __________|| |        | |    | |    | |        | | \________ \        
        \ \_________ | |        | |    | |     \ \______/ /___________) |       
         \__________||_|        |_|    |_|      \________//____________/        
                                                                                
====================================[ Qcore ]===================================

 Git hash:   15a3e7daff0cda5fa9af010ccd19a80288182ecf
 Git date:   Fri, 16 Apr 2021 15:57:16 +0100
 Compiler:   GNU 9.1.0
 Build type: Release
 Version:    1.1.0

 Start time: Fri Apr 23 14:23:12 2021

 Data directory: /work/zw18965/.local/qcore/share/entos/1.1.0/data
 Number of threads: 24
 Number of threads was determined by: command line argument
  - More threads can be used by running 'qcore -n 32'

 --------------------------------------------------------------------------------
                                command: optimize                                
 --------------------------------------------------------------------------------
 Using coordinate system:                tric
 Hessian update scheme:                  bfgs

 ------------------------------------------------------------------------------------------------------------
                   energy      change    grad rms    grad max    step rms    step max       trust    time (s)
 ------------------------------------------------------------------------------------------------------------
   1      -958.100913965                1.44e-02    3.54e-02                            2.00e-01        0.94
   2      -958.104851815   -3.94e-03    8.16e-03    1.71e-02    1.19e-01    1.31e-01    2.00e-01        0.64
   3      -958.105359517   -5.08e-04    4.67e-03    7.96e-03    2.62e-02    3.08e-02    2.00e-01        0.62
   4      -958.105599242   -2.40e-04    1.01e-03    1.95e-03    1.65e-02    2.59e-02    2.00e-01        0.61
   5      -958.105616267   -1.70e-05    7.19e-05    1.56e-04    6.69e-03    6.45e-03    2.00e-01        0.63
   6      -958.105616533   -2.65e-07    1.58e-05    3.58e-05    8.28e-04    1.57e-03    2.00e-01        0.60
   7      -958.105616671   -1.38e-07    3.06e-05    6.29e-05    3.14e-04    2.41e-03    2.00e-01        0.60
   8      -958.105617308   -6.37e-07    9.43e-05    1.95e-04    8.54e-04    1.37e-02    2.00e-01        0.62
   9      -958.105618217   -9.08e-07    1.43e-04    2.97e-04    6.38e-04    2.53e-02    2.00e-01        0.63
  10      -958.105619138   -9.21e-07    1.30e-04    2.76e-04    1.31e-04    3.28e-02    2.00e-01        0.60
  11      -958.105619653   -5.15e-07    5.75e-05    1.26e-04    9.14e-04    1.45e-02    2.00e-01        0.62
  12      -958.105619743   -8.97e-08    6.68e-06    1.41e-05    6.64e-04    6.04e-04    2.00e-01        0.58
 Geometry optimization stopped:          thresholds achieved

 Final energy:                        -958.105619743

 -----------
  Final XYZ 
 -----------
3
Final structure: -958.106 hartree
C           -0.000000617         -0.028984870          0.023308858
Cl           0.000002084          0.955344760         -1.372059976
Cl          -0.000001467          0.956960711          1.417480562

 Structure in entos input format:

  structure(
    xyz = [
      ['C'  ,         -0.000000617,         -0.028984870,          0.023308858],
      ['Cl' ,          0.000002084,          0.955344760,         -1.372059976],
      ['Cl' ,         -0.000001467,          0.956960711,          1.417480562]
    ]
  )

 --------------------------------
  Geometry optimization finished 
 --------------------------------
 Saving results in set 'opt'

 --------------------------------------------------------------------------------
                                 command: hessian                                
 --------------------------------------------------------------------------------

WARNING: semianalytic method is specified for dft hessian, which is not efficient. Try switching to 'method = analytic'


 -------------------------------
  Numerical Geometrical Hessian 
 -------------------------------

 Compute hessian using two-point central differentiation.
 Step size (bohr):                       0.0100

 Frequencies (including translational and rotational modes):
 mode    frequency (cm-1)
    0                0.06 i (imaginary)
    1                0.03 i (imaginary)
    2                0.02 i (imaginary)
    3               15.47
    4               16.01
    5               41.04
    6              340.48
    7              735.95
    8              786.92

 Project out translational and rotational motions 

 Degrees of freedom for translational and rotational motions: 6

 Vibrational frequencies:
 mode    frequency (cm-1)
    0              340.48
    1              735.95
    2              786.92

 --------------------------------------------------------------------------------

 End time:                               Fri Apr 23 14:23:31 2021
 Total wall-clock time:                 19.639 seconds
==================================================================================
