
================================================================================
          _____________ ________ _______________ ________     _________         
         / ___________// ______ \\_____   _____// ______ \   / ________)        
        / /_________  / /      \ \     | |     / /      \ \ | (_______          
       |  __________|| |        | |    | |    | |        | | \________ \        
        \ \_________ | |        | |    | |     \ \______/ /___________) |       
         \__________||_|        |_|    |_|      \________//____________/        
                                                                                
====================================[ Qcore ]===================================

 Git hash:   15a3e7daff0cda5fa9af010ccd19a80288182ecf
 Git date:   Fri, 16 Apr 2021 15:57:16 +0100
 Compiler:   GNU 9.1.0
 Build type: Release
 Version:    1.1.0

 Start time: Fri Apr 23 14:23:31 2021

 Data directory: /work/zw18965/.local/qcore/share/entos/1.1.0/data
 Number of threads: 24
 Number of threads was determined by: command line argument
  - More threads can be used by running 'qcore -n 32'

 --------------------------------------------------------------------------------
                                command: optimize                                
 --------------------------------------------------------------------------------
 Using coordinate system:                tric
 Hessian update scheme:                  bfgs

 ------------------------------------------------------------------------------------------------------------
                   energy      change    grad rms    grad max    step rms    step max       trust    time (s)
 ------------------------------------------------------------------------------------------------------------
   1      -237.560347132                2.64e-03    4.31e-03                            2.00e-01        0.70
   2      -237.560447262   -1.00e-04    4.44e-04    8.46e-04    1.61e-02    1.99e-02    2.00e-01        0.42
   3      -237.560448669   -1.41e-06    1.66e-04    3.55e-04    1.42e-03    1.33e-03    2.00e-01        0.41
   4      -237.560448792   -1.22e-07    5.10e-05    1.21e-04    2.37e-04    3.82e-04    2.00e-01        0.39
 Geometry optimization stopped:          thresholds achieved

 Final energy:                        -237.560448792

 -----------
  Final XYZ 
 -----------
3
Final structure: -237.56 hartree
C            0.000000049          0.139253999          0.000000045
F            0.000000329          0.930372896         -1.026854198
F           -0.000000378          0.930373100          1.026854153

 Structure in entos input format:

  structure(
    xyz = [
      ['C'  ,          0.000000049,          0.139253999,          0.000000045],
      ['F'  ,          0.000000329,          0.930372896,         -1.026854198],
      ['F'  ,         -0.000000378,          0.930373100,          1.026854153]
    ]
  )

 --------------------------------
  Geometry optimization finished 
 --------------------------------
 Saving results in set 'opt'

 --------------------------------------------------------------------------------
                                 command: hessian                                
 --------------------------------------------------------------------------------

WARNING: semianalytic method is specified for dft hessian, which is not efficient. Try switching to 'method = analytic'


 -------------------------------
  Numerical Geometrical Hessian 
 -------------------------------

 Compute hessian using two-point central differentiation.
 Step size (bohr):                       0.0100

 Frequencies (including translational and rotational modes):
 mode    frequency (cm-1)
    0               49.16 i (imaginary)
    1               34.09 i (imaginary)
    2               21.46 i (imaginary)
    3                0.01
    4                0.04
    5                0.06
    6              681.19
    7             1150.93
    8             1248.14

 Project out translational and rotational motions 

 Degrees of freedom for translational and rotational motions: 6

 Vibrational frequencies:
 mode    frequency (cm-1)
    0              681.19
    1             1150.92
    2             1248.14

 --------------------------------------------------------------------------------

 End time:                               Fri Apr 23 14:23:42 2021
 Total wall-clock time:                 10.349 seconds
==================================================================================
