
================================================================================
          _____________ ________ _______________ ________     _________         
         / ___________// ______ \\_____   _____// ______ \   / ________)        
        / /_________  / /      \ \     | |     / /      \ \ | (_______          
       |  __________|| |        | |    | |    | |        | | \________ \        
        \ \_________ | |        | |    | |     \ \______/ /___________) |       
         \__________||_|        |_|    |_|      \________//____________/        
                                                                                
====================================[ Qcore ]===================================

 Git hash:   15a3e7daff0cda5fa9af010ccd19a80288182ecf
 Git date:   Fri, 16 Apr 2021 15:57:16 +0100
 Compiler:   GNU 9.1.0
 Build type: Release
 Version:    1.1.0

 Start time: Fri Apr 23 14:24:04 2021

 Data directory: /work/zw18965/.local/qcore/share/entos/1.1.0/data
 Number of threads: 24
 Number of threads was determined by: command line argument
  - More threads can be used by running 'qcore -n 32'

 --------------------------------------------------------------------------------
                                command: optimize                                
 --------------------------------------------------------------------------------
 Using coordinate system:                tric
 Hessian update scheme:                  bfgs

 ------------------------------------------------------------------------------------------------------------
                   energy      change    grad rms    grad max    step rms    step max       trust    time (s)
 ------------------------------------------------------------------------------------------------------------
   1      -552.812046813                6.38e-03    1.46e-02                            2.00e-01        0.96
   2      -552.812112605   -6.58e-05    1.27e-03    2.63e-03    3.58e-03    8.66e-03    2.00e-01        0.54
   3      -552.812120709   -8.10e-06    5.29e-04    1.22e-03    1.84e-03    4.17e-03    2.00e-01        0.55
   4      -552.812123193   -2.48e-06    1.01e-04    2.14e-04    1.75e-03    3.47e-03    2.00e-01        0.53
   5      -552.812123214   -2.14e-08    1.40e-05    2.86e-05    1.19e-04    2.17e-04    2.00e-01        0.51
 Geometry optimization stopped:          thresholds achieved

 Final energy:                        -552.812123214

 -----------
  Final XYZ 
 -----------
3
Final structure: -552.812 hartree
Cl           1.401267590         -0.803713152          0.000032194
C           -0.149525127         -0.330409469         -0.000076547
N           -1.251742457          0.006185386          0.000044353

 Structure in entos input format:

  structure(
    xyz = [
      ['Cl' ,          1.401267590,         -0.803713152,          0.000032194],
      ['C'  ,         -0.149525127,         -0.330409469,         -0.000076547],
      ['N'  ,         -1.251742457,          0.006185386,          0.000044353]
    ]
  )

 --------------------------------
  Geometry optimization finished 
 --------------------------------
 Saving results in set 'opt'

 --------------------------------------------------------------------------------
                                 command: hessian                                
 --------------------------------------------------------------------------------

WARNING: semianalytic method is specified for dft hessian, which is not efficient. Try switching to 'method = analytic'


 -------------------------------
  Numerical Geometrical Hessian 
 -------------------------------

 Compute hessian using two-point central differentiation.
 Step size (bohr):                       0.0100

 Frequencies (including translational and rotational modes):
 mode    frequency (cm-1)
    0                4.55 i (imaginary)
    1                0.03 i (imaginary)
    2                0.01 i (imaginary)
    3                0.01
    4                9.65
    5              414.39
    6              414.73
    7              769.85
    8             2336.45

 Project out translational and rotational motions 

 Degrees of freedom for translational and rotational motions: 6

 Vibrational frequencies:
 mode    frequency (cm-1)
    0              414.57
    1              769.85
    2             2336.45

 --------------------------------------------------------------------------------

 End time:                               Fri Apr 23 14:24:17 2021
 Total wall-clock time:                 13.812 seconds
==================================================================================
