
================================================================================
          _____________ ________ _______________ ________     _________         
         / ___________// ______ \\_____   _____// ______ \   / ________)        
        / /_________  / /      \ \     | |     / /      \ \ | (_______          
       |  __________|| |        | |    | |    | |        | | \________ \        
        \ \_________ | |        | |    | |     \ \______/ /___________) |       
         \__________||_|        |_|    |_|      \________//____________/        
                                                                                
====================================[ Qcore ]===================================

 Git hash:   15a3e7daff0cda5fa9af010ccd19a80288182ecf
 Git date:   Fri, 16 Apr 2021 15:57:16 +0100
 Compiler:   GNU 9.1.0
 Build type: Release
 Version:    1.1.0

 Start time: Fri Apr 23 14:24:57 2021

 Data directory: /work/zw18965/.local/qcore/share/entos/1.1.0/data
 Number of threads: 24
 Number of threads was determined by: command line argument
  - More threads can be used by running 'qcore -n 32'

 --------------------------------------------------------------------------------
                                command: optimize                                
 --------------------------------------------------------------------------------
 Using coordinate system:                tric
 Hessian update scheme:                  bfgs

 ------------------------------------------------------------------------------------------------------------
                   energy      change    grad rms    grad max    step rms    step max       trust    time (s)
 ------------------------------------------------------------------------------------------------------------
   1      -199.400104444                1.64e-03    2.84e-03                            2.00e-01        0.38
Rejecting step due to low quality: Quality: -17.4319 New trust radius: 0.0283903
   2      -199.397294394    2.81e-03    1.64e-03    2.84e-03    5.68e-02    5.68e-02    2.84e-02        0.21
Rejecting step due to low quality: Quality: -4.74868 New trust radius: 0.0141951
   3      -199.399530325    5.74e-04    1.64e-03    2.84e-03    2.84e-02    2.84e-02    1.42e-02        0.22
Rejecting step due to low quality: Quality: -1.38368 New trust radius: 0.00709756
   4      -199.400006859    9.76e-05    1.64e-03    2.84e-03    1.42e-02    1.42e-02    7.10e-03        0.20
   5      -199.400100884    3.56e-06    1.96e-03    3.39e-03    7.10e-03    7.10e-03    3.55e-03        0.19
   6      -199.400113714   -1.28e-05    1.38e-04    2.39e-04    3.55e-03    3.55e-03    5.02e-03        0.19
   7      -199.400113779   -6.51e-08    1.66e-06    2.88e-06    2.69e-04    2.69e-04    5.02e-03        0.21
 Geometry optimization stopped:          thresholds achieved

 Final energy:                        -199.400113779

 -----------
  Final XYZ 
 -----------
2
Final structure: -199.4 hartree
F           -0.000000002         -0.000000014         -0.688026820
F            0.000000002          0.000000014          0.688026820

 Structure in entos input format:

  structure(
    xyz = [
      ['F'  ,         -0.000000002,         -0.000000014,         -0.688026820],
      ['F'  ,          0.000000002,          0.000000014,          0.688026820]
    ]
  )

 --------------------------------
  Geometry optimization finished 
 --------------------------------
 Saving results in set 'opt'

 --------------------------------------------------------------------------------
                                 command: hessian                                
 --------------------------------------------------------------------------------

WARNING: semianalytic method is specified for dft hessian, which is not efficient. Try switching to 'method = analytic'


 -------------------------------
  Numerical Geometrical Hessian 
 -------------------------------

 Compute hessian using two-point central differentiation.
 Step size (bohr):                       0.0100

 Frequencies (including translational and rotational modes):
 mode    frequency (cm-1)
    0                0.00 i (imaginary)
    1                0.00 i (imaginary)
    2                0.00
    3               13.29
    4               13.29
    5             1103.79

 Project out translational and rotational motions 

 The molecule is linear

 Degrees of freedom for translational and rotational motions: 5

 Vibrational frequencies:
 mode    frequency (cm-1)
    0             1103.79

 --------------------------------------------------------------------------------

 End time:                               Fri Apr 23 14:25:02 2021
 Total wall-clock time:                  4.445 seconds
==================================================================================
