
================================================================================
          _____________ ________ _______________ ________     _________         
         / ___________// ______ \\_____   _____// ______ \   / ________)        
        / /_________  / /      \ \     | |     / /      \ \ | (_______          
       |  __________|| |        | |    | |    | |        | | \________ \        
        \ \_________ | |        | |    | |     \ \______/ /___________) |       
         \__________||_|        |_|    |_|      \________//____________/        
                                                                                
====================================[ Qcore ]===================================

 Git hash:   15a3e7daff0cda5fa9af010ccd19a80288182ecf
 Git date:   Fri, 16 Apr 2021 15:57:16 +0100
 Compiler:   GNU 9.1.0
 Build type: Release
 Version:    1.1.0

 Start time: Fri Apr 23 14:25:33 2021

 Data directory: /work/zw18965/.local/qcore/share/entos/1.1.0/data
 Number of threads: 24
 Number of threads was determined by: command line argument
  - More threads can be used by running 'qcore -n 32'

 --------------------------------------------------------------------------------
                                command: optimize                                
 --------------------------------------------------------------------------------
 Using coordinate system:                tric
 Hessian update scheme:                  bfgs

 ------------------------------------------------------------------------------------------------------------
                   energy      change    grad rms    grad max    step rms    step max       trust    time (s)
 ------------------------------------------------------------------------------------------------------------
   1       -76.380180276                2.28e-03    3.63e-03                            2.00e-01        0.46
   2       -76.380259042   -7.88e-05    1.51e-03    2.64e-03    9.42e-03    1.65e-02    2.00e-01        0.23
   3       -76.380300025   -4.10e-05    2.40e-04    3.67e-04    1.26e-02    2.31e-02    2.00e-01        0.22
   4       -76.380300300   -2.75e-07    6.02e-05    9.13e-05    3.94e-04    5.48e-04    2.00e-01        0.22
 Geometry optimization stopped:          thresholds achieved

 Final energy:                         -76.380300300

 -----------
  Final XYZ 
 -----------
3
Final structure: -76.3803 hartree
O            0.006039543          0.004289720         -0.003336966
H            0.274606117          0.887979112          0.253809058
H            0.603554335         -0.237668832         -0.712972090

 Structure in entos input format:

  structure(
    xyz = [
      ['O'  ,          0.006039543,          0.004289720,         -0.003336966],
      ['H'  ,          0.274606117,          0.887979112,          0.253809058],
      ['H'  ,          0.603554335,         -0.237668832,         -0.712972090]
    ]
  )

 --------------------------------
  Geometry optimization finished 
 --------------------------------
 Saving results in set 'opt'

 --------------------------------------------------------------------------------
                                 command: hessian                                
 --------------------------------------------------------------------------------

WARNING: semianalytic method is specified for dft hessian, which is not efficient. Try switching to 'method = analytic'


 -------------------------------
  Numerical Geometrical Hessian 
 -------------------------------

 Compute hessian using two-point central differentiation.
 Step size (bohr):                       0.0100

 Frequencies (including translational and rotational modes):
 mode    frequency (cm-1)
    0               59.62 i (imaginary)
    1               43.88 i (imaginary)
    2               34.86 i (imaginary)
    3                0.03
    4                0.06
    5                0.22
    6             1633.11
    7             3857.53
    8             3962.78

 Project out translational and rotational motions 

 Degrees of freedom for translational and rotational motions: 6

 Vibrational frequencies:
 mode    frequency (cm-1)
    0             1633.11
    1             3857.53
    2             3962.78

 --------------------------------------------------------------------------------

 End time:                               Fri Apr 23 14:25:39 2021
 Total wall-clock time:                  5.647 seconds
==================================================================================
