
================================================================================
          _____________ ________ _______________ ________     _________         
         / ___________// ______ \\_____   _____// ______ \   / ________)        
        / /_________  / /      \ \     | |     / /      \ \ | (_______          
       |  __________|| |        | |    | |    | |        | | \________ \        
        \ \_________ | |        | |    | |     \ \______/ /___________) |       
         \__________||_|        |_|    |_|      \________//____________/        
                                                                                
====================================[ Qcore ]===================================

 Git hash:   15a3e7daff0cda5fa9af010ccd19a80288182ecf
 Git date:   Fri, 16 Apr 2021 15:57:16 +0100
 Compiler:   GNU 9.1.0
 Build type: Release
 Version:    1.1.0

 Start time: Fri Apr 23 14:26:01 2021

 Data directory: /work/zw18965/.local/qcore/share/entos/1.1.0/data
 Number of threads: 24
 Number of threads was determined by: command line argument
  - More threads can be used by running 'qcore -n 32'

 --------------------------------------------------------------------------------
                                command: optimize                                
 --------------------------------------------------------------------------------
 Using coordinate system:                tric
 Hessian update scheme:                  bfgs

 ------------------------------------------------------------------------------------------------------------
                   energy      change    grad rms    grad max    step rms    step max       trust    time (s)
 ------------------------------------------------------------------------------------------------------------
   1      -130.383120401                9.01e-03    1.93e-02                            2.00e-01        0.64
   2      -130.383414316   -2.94e-04    1.20e-03    2.30e-03    1.78e-02    1.94e-02    2.00e-01        0.33
   3      -130.383418166   -3.85e-06    2.14e-04    4.49e-04    1.08e-03    2.63e-03    2.00e-01        0.31
   4      -130.383418582   -4.17e-07    5.31e-05    1.22e-04    6.56e-04    1.40e-03    2.00e-01        0.32
   5      -130.383418717   -1.35e-07    4.42e-05    7.79e-05    3.72e-04    1.86e-03    2.00e-01        0.31
   6      -130.383418854   -1.36e-07    7.13e-05    1.34e-04    2.58e-04    3.32e-03    2.00e-01        0.32
   7      -130.383419251   -3.97e-07    1.49e-04    3.12e-04    4.50e-04    1.16e-02    2.00e-01        0.33
   8      -130.383419953   -7.02e-07    2.40e-04    5.20e-04    4.49e-04    2.49e-02    2.00e-01        0.32
   9      -130.383420730   -7.77e-07    2.52e-04    5.47e-04    4.99e-05    3.17e-02    2.00e-01        0.35
  10      -130.383421328   -5.99e-07    1.40e-04    2.99e-04    5.74e-04    1.64e-02    2.00e-01        0.35
  11      -130.383421532   -2.03e-07    1.36e-05    2.65e-05    6.05e-04    1.00e-03    2.00e-01        0.32
 Geometry optimization stopped:          thresholds achieved

 Final energy:                        -130.383421532

 -----------
  Final XYZ 
 -----------
3
Final structure: -130.383 hartree
N           -0.039881639          0.436270913          0.000000384
O            0.935777518         -0.246811540         -0.000005653
H           -0.895895874         -0.189459373          0.000005268

 Structure in entos input format:

  structure(
    xyz = [
      ['N'  ,         -0.039881639,          0.436270913,          0.000000384],
      ['O'  ,          0.935777518,         -0.246811540,         -0.000005653],
      ['H'  ,         -0.895895874,         -0.189459373,          0.000005268]
    ]
  )

 --------------------------------
  Geometry optimization finished 
 --------------------------------
 Saving results in set 'opt'

 --------------------------------------------------------------------------------
                                 command: hessian                                
 --------------------------------------------------------------------------------

WARNING: semianalytic method is specified for dft hessian, which is not efficient. Try switching to 'method = analytic'


 -------------------------------
  Numerical Geometrical Hessian 
 -------------------------------

 Compute hessian using two-point central differentiation.
 Step size (bohr):                       0.0100

 Frequencies (including translational and rotational modes):
 mode    frequency (cm-1)
    0               13.95 i (imaginary)
    1                0.06 i (imaginary)
    2                0.01 i (imaginary)
    3                1.05
    4               34.06
    5               48.87
    6             1572.04
    7             1721.23
    8             2907.84

 Project out translational and rotational motions 

 Degrees of freedom for translational and rotational motions: 6

 Vibrational frequencies:
 mode    frequency (cm-1)
    0             1572.04
    1             1721.23
    2             2907.84

 --------------------------------------------------------------------------------

 End time:                               Fri Apr 23 14:26:12 2021
 Total wall-clock time:                 10.540 seconds
==================================================================================
