
================================================================================
          _____________ ________ _______________ ________     _________         
         / ___________// ______ \\_____   _____// ______ \   / ________)        
        / /_________  / /      \ \     | |     / /      \ \ | (_______          
       |  __________|| |        | |    | |    | |        | | \________ \        
        \ \_________ | |        | |    | |     \ \______/ /___________) |       
         \__________||_|        |_|    |_|      \________//____________/        
                                                                                
====================================[ Qcore ]===================================

 Git hash:   15a3e7daff0cda5fa9af010ccd19a80288182ecf
 Git date:   Fri, 16 Apr 2021 15:57:16 +0100
 Compiler:   GNU 9.1.0
 Build type: Release
 Version:    1.1.0

 Start time: Fri Apr 23 14:26:12 2021

 Data directory: /work/zw18965/.local/qcore/share/entos/1.1.0/data
 Number of threads: 24
 Number of threads was determined by: command line argument
  - More threads can be used by running 'qcore -n 32'

 --------------------------------------------------------------------------------
                                command: optimize                                
 --------------------------------------------------------------------------------
 Using coordinate system:                tric
 Hessian update scheme:                  bfgs

 ------------------------------------------------------------------------------------------------------------
                   energy      change    grad rms    grad max    step rms    step max       trust    time (s)
 ------------------------------------------------------------------------------------------------------------
   1      -535.782816740                5.55e-03    1.26e-02                            2.00e-01        0.79
   2      -535.783383037   -5.66e-04    2.23e-03    5.18e-03    3.41e-02    4.23e-02    2.00e-01        0.43
   3      -535.783478964   -9.59e-05    1.22e-04    2.09e-04    2.16e-02    2.62e-02    2.00e-01        0.45
   4      -535.783479316   -3.52e-07    8.98e-05    1.82e-04    1.15e-03    1.56e-03    2.00e-01        0.40
   5      -535.783479374   -5.79e-08    5.38e-05    1.06e-04    2.47e-04    3.89e-04    2.00e-01        0.39
 Geometry optimization stopped:          thresholds achieved

 Final energy:                        -535.783479374

 -----------
  Final XYZ 
 -----------
3
Final structure: -535.783 hartree
O           -0.341495865          0.463091265         -0.000000027
Cl           1.226870673         -0.130040484          0.000000139
H           -0.885374807         -0.333050776         -0.000000112

 Structure in entos input format:

  structure(
    xyz = [
      ['O'  ,         -0.341495865,          0.463091265,         -0.000000027],
      ['Cl' ,          1.226870673,         -0.130040484,          0.000000139],
      ['H'  ,         -0.885374807,         -0.333050776,         -0.000000112]
    ]
  )

 --------------------------------
  Geometry optimization finished 
 --------------------------------
 Saving results in set 'opt'

 --------------------------------------------------------------------------------
                                 command: hessian                                
 --------------------------------------------------------------------------------

WARNING: semianalytic method is specified for dft hessian, which is not efficient. Try switching to 'method = analytic'


 -------------------------------
  Numerical Geometrical Hessian 
 -------------------------------

 Compute hessian using two-point central differentiation.
 Step size (bohr):                       0.0100

 Frequencies (including translational and rotational modes):
 mode    frequency (cm-1)
    0                0.15 i (imaginary)
    1                0.05 i (imaginary)
    2                0.01
    3               14.20
    4               16.10
    5               43.06
    6              786.00
    7             1277.60
    8             3823.30

 Project out translational and rotational motions 

 Degrees of freedom for translational and rotational motions: 6

 Vibrational frequencies:
 mode    frequency (cm-1)
    0              785.99
    1             1277.60
    2             3823.30

 --------------------------------------------------------------------------------

 End time:                               Fri Apr 23 14:26:22 2021
 Total wall-clock time:                 10.407 seconds
==================================================================================
