
================================================================================
          _____________ ________ _______________ ________     _________         
         / ___________// ______ \\_____   _____// ______ \   / ________)        
        / /_________  / /      \ \     | |     / /      \ \ | (_______          
       |  __________|| |        | |    | |    | |        | | \________ \        
        \ \_________ | |        | |    | |     \ \______/ /___________) |       
         \__________||_|        |_|    |_|      \________//____________/        
                                                                                
====================================[ Qcore ]===================================

 Git hash:   15a3e7daff0cda5fa9af010ccd19a80288182ecf
 Git date:   Fri, 16 Apr 2021 15:57:16 +0100
 Compiler:   GNU 9.1.0
 Build type: Release
 Version:    1.1.0

 Start time: Fri Apr 23 14:26:36 2021

 Data directory: /work/zw18965/.local/qcore/share/entos/1.1.0/data
 Number of threads: 24
 Number of threads was determined by: command line argument
  - More threads can be used by running 'qcore -n 32'

 --------------------------------------------------------------------------------
                                command: optimize                                
 --------------------------------------------------------------------------------
 Using coordinate system:                tric
 Hessian update scheme:                  bfgs

 ------------------------------------------------------------------------------------------------------------
                   energy      change    grad rms    grad max    step rms    step max       trust    time (s)
 ------------------------------------------------------------------------------------------------------------
   1      -184.539165938                1.75e-02    4.07e-02                            2.00e-01        0.71
   2      -184.540202244   -1.04e-03    3.29e-03    7.83e-03    2.26e-02    2.94e-02    2.00e-01        0.43
   3      -184.540222047   -1.98e-05    8.76e-04    2.14e-03    2.21e-03    5.20e-03    2.00e-01        0.45
   4      -184.540223335   -1.29e-06    1.88e-05    4.33e-05    6.16e-04    1.51e-03    2.00e-01        0.43
   5      -184.540223339   -4.20e-09    6.07e-07    1.49e-06    1.07e-05    2.63e-05    2.00e-01        0.38
 Geometry optimization stopped:          thresholds achieved

 Final energy:                        -184.540223339

 -----------
  Final XYZ 
 -----------
3
Final structure: -184.54 hartree
N            0.000000002         -0.000000031         -1.117681329
N           -0.000000025          0.000000004          0.000538120
O            0.000000023          0.000000027          1.176143214

 Structure in entos input format:

  structure(
    xyz = [
      ['N'  ,          0.000000002,         -0.000000031,         -1.117681329],
      ['N'  ,         -0.000000025,          0.000000004,          0.000538120],
      ['O'  ,          0.000000023,          0.000000027,          1.176143214]
    ]
  )

 --------------------------------
  Geometry optimization finished 
 --------------------------------
 Saving results in set 'opt'

 --------------------------------------------------------------------------------
                                 command: hessian                                
 --------------------------------------------------------------------------------

WARNING: semianalytic method is specified for dft hessian, which is not efficient. Try switching to 'method = analytic'


 -------------------------------
  Numerical Geometrical Hessian 
 -------------------------------

 Compute hessian using two-point central differentiation.
 Step size (bohr):                       0.0100

 Frequencies (including translational and rotational modes):
 mode    frequency (cm-1)
    0                0.02 i (imaginary)
    1                0.01 i (imaginary)
    2                0.01 i (imaginary)
    3               10.07
    4               10.07
    5              637.76
    6              637.76
    7             1371.66
    8             2403.91

 Project out translational and rotational motions 

 Degrees of freedom for translational and rotational motions: 6

 Vibrational frequencies:
 mode    frequency (cm-1)
    0              637.76
    1             1371.66
    2             2403.91

 --------------------------------------------------------------------------------

 End time:                               Fri Apr 23 14:26:47 2021
 Total wall-clock time:                 10.889 seconds
==================================================================================
