
================================================================================
          _____________ ________ _______________ ________     _________         
         / ___________// ______ \\_____   _____// ______ \   / ________)        
        / /_________  / /      \ \     | |     / /      \ \ | (_______          
       |  __________|| |        | |    | |    | |        | | \________ \        
        \ \_________ | |        | |    | |     \ \______/ /___________) |       
         \__________||_|        |_|    |_|      \________//____________/        
                                                                                
====================================[ Qcore ]===================================

 Git hash:   bfa4c3a672cc1ff01df8911b87991f8932a2a687
 Git date:   Fri, 12 Feb 2021 10:05:04 +0000
 Compiler:   GNU 9.1.0
 Build type: Release
 Version:    0.8.19

 Start time: Fri Apr 16 16:34:18 2021

 Data directory: /home/zw18965/.local/qcore/share/entos/0.8.19/data
 Number of threads: 24
 Number of threads was determined by: command line argument
  - More threads can be used by running 'qcore -n 32'

 --------------------------------------------------------------------------------
                                command: optimize                                
 --------------------------------------------------------------------------------
 Using coordinate system:                tric
 Hessian update scheme:                  bfgs

 ------------------------------------------------------------------------------------------------------------
                   energy      change    grad rms    grad max    step rms    step max       trust    time (s)
 ------------------------------------------------------------------------------------------------------------
   1       -26.586334214                2.43e-03    4.26e-03                            2.00e-01        1.00
   2       -26.586458867   -1.25e-04    6.74e-04    1.19e-03    1.16e-02    1.35e-02    2.00e-01        0.69
   3       -26.586469570   -1.07e-05    1.61e-05    2.93e-05    4.49e-03    5.23e-03    2.00e-01        0.64
   4       -26.586469584   -1.42e-08    4.61e-06    9.81e-06    1.06e-04    3.83e-04    2.00e-01        0.63
 Geometry optimization stopped:          thresholds achieved

 Final energy:                         -26.586469584

 -----------
  Final XYZ 
 -----------
4
Final structure: -26.5865 hartree
B            0.000000455          0.000018004         -0.198482737
H           -0.402869184         -1.038530808          0.219089847
H           -0.171991177          0.998624829          0.424759739
H            0.574859922          0.039887969         -1.239239115

 Structure in entos input format:

  structure(
    xyz = [
      ['B'  ,          0.000000455,          0.000018004,         -0.198482737],
      ['H'  ,         -0.402869184,         -1.038530808,          0.219089847],
      ['H'  ,         -0.171991177,          0.998624829,          0.424759739],
      ['H'  ,          0.574859922,          0.039887969,         -1.239239115]
    ]
  )

 --------------------------------
  Geometry optimization finished 
 --------------------------------
 Saving results in set 'opt'

 --------------------------------------------------------------------------------
                                 command: hessian                                
 --------------------------------------------------------------------------------

WARNING: semianalytic method is specified for dft hessian, which is not efficient. Try switching to 'method = analytic'


 -------------------------------
  Numerical Geometrical Hessian 
 -------------------------------

 Compute hessian using two-point central differentiation.
 Step size (bohr):                       0.0100

 Frequencies (including translational and rotational modes):
 mode    frequency (cm-1)
    0               59.81 i (imaginary)
    1                0.15 i (imaginary)
    2                0.03 i (imaginary)
    3                0.04
    4               20.15
    5               48.85
    6             1164.76
    7             1217.71
    8             1218.91
    9             2574.70
   10             2706.70
   11             2707.82

 Project out translational and rotational motions 

 Degrees of freedom for translational and rotational motions: 6

 Vibrational frequencies:
 mode    frequency (cm-1)
    0             1164.75
    1             1217.71
    2             1218.91
    3             2574.70
    4             2706.70
    5             2707.82

 --------------------------------------------------------------------------------

 End time:                               Fri Apr 16 16:34:38 2021
 Total wall-clock time:                 20.381 seconds
==================================================================================
