
================================================================================
          _____________ ________ _______________ ________     _________         
         / ___________// ______ \\_____   _____// ______ \   / ________)        
        / /_________  / /      \ \     | |     / /      \ \ | (_______          
       |  __________|| |        | |    | |    | |        | | \________ \        
        \ \_________ | |        | |    | |     \ \______/ /___________) |       
         \__________||_|        |_|    |_|      \________//____________/        
                                                                                
====================================[ Qcore ]===================================

 Git hash:   bfa4c3a672cc1ff01df8911b87991f8932a2a687
 Git date:   Fri, 12 Feb 2021 10:05:04 +0000
 Compiler:   GNU 9.1.0
 Build type: Release
 Version:    0.8.19

 Start time: Fri Apr 16 16:45:36 2021

 Data directory: /home/zw18965/.local/qcore/share/entos/0.8.19/data
 Number of threads: 24
 Number of threads was determined by: command line argument
  - More threads can be used by running 'qcore -n 32'

 --------------------------------------------------------------------------------
                                command: optimize                                
 --------------------------------------------------------------------------------
 Using coordinate system:                tric
 Hessian update scheme:                  bfgs

 ------------------------------------------------------------------------------------------------------------
                   energy      change    grad rms    grad max    step rms    step max       trust    time (s)
 ------------------------------------------------------------------------------------------------------------
   1      -364.719040991                1.03e-02    1.79e-02                            2.00e-01        1.16
   2      -364.719239773   -1.99e-04    4.85e-03    8.40e-03    7.55e-03    1.51e-02    2.00e-01        0.60
   3      -364.719294116   -5.43e-05    2.10e-04    3.64e-04    6.71e-03    1.34e-02    2.00e-01        0.63
   4      -364.719294216   -9.92e-08    3.99e-06    6.91e-06    2.78e-04    5.56e-04    2.00e-01        0.58
 Geometry optimization stopped:          thresholds achieved

 Final energy:                        -364.719294216

 -----------
  Final XYZ 
 -----------
2
Final structure: -364.719 hartree
Si          -0.000000034         -0.000000041         -0.749533172
O            0.000000034          0.000000041          0.749533172

 Structure in entos input format:

  structure(
    xyz = [
      ['Si' ,         -0.000000034,         -0.000000041,         -0.749533172],
      ['O'  ,          0.000000034,          0.000000041,          0.749533172]
    ]
  )

 --------------------------------
  Geometry optimization finished 
 --------------------------------
 Saving results in set 'opt'

 --------------------------------------------------------------------------------
                                 command: hessian                                
 --------------------------------------------------------------------------------

WARNING: semianalytic method is specified for dft hessian, which is not efficient. Try switching to 'method = analytic'


 -------------------------------
  Numerical Geometrical Hessian 
 -------------------------------

 Compute hessian using two-point central differentiation.
 Step size (bohr):                       0.0100

 Frequencies (including translational and rotational modes):
 mode    frequency (cm-1)
    0               16.34 i (imaginary)
    1               16.26 i (imaginary)
    2                0.01 i (imaginary)
    3                0.00
    4                0.05
    5             1313.43

 Project out translational and rotational motions 

 The molecule is linear

 Degrees of freedom for translational and rotational motions: 5

 Vibrational frequencies:
 mode    frequency (cm-1)
    0             1313.43

 --------------------------------------------------------------------------------

 End time:                               Fri Apr 16 16:45:47 2021
 Total wall-clock time:                 11.236 seconds
==================================================================================
