
================================================================================
          _____________ ________ _______________ ________     _________         
         / ___________// ______ \\_____   _____// ______ \   / ________)        
        / /_________  / /      \ \     | |     / /      \ \ | (_______          
       |  __________|| |        | |    | |    | |        | | \________ \        
        \ \_________ | |        | |    | |     \ \______/ /___________) |       
         \__________||_|        |_|    |_|      \________//____________/        
                                                                                
====================================[ Qcore ]===================================

 Git hash:   bfa4c3a672cc1ff01df8911b87991f8932a2a687
 Git date:   Fri, 12 Feb 2021 10:05:04 +0000
 Compiler:   GNU 9.1.0
 Build type: Release
 Version:    0.8.19

 Start time: Tue Apr 20 10:49:37 2021

 Data directory: /home/zw18965/.local/qcore/share/entos/0.8.19/data
 Number of threads: 24
 Number of threads was determined by: command line argument
  - More threads can be used by running 'qcore -n 32'

 --------------------------------------------------------------------------------
                                command: optimize                                
 --------------------------------------------------------------------------------
 Using coordinate system:                tric
 Hessian update scheme:                  bfgs

 ------------------------------------------------------------------------------------------------------------
                   energy      change    grad rms    grad max    step rms    step max       trust    time (s)
 ------------------------------------------------------------------------------------------------------------
   1      -956.815558271                1.34e-02    3.27e-02                            2.00e-01        3.24
   2      -956.819176255   -3.62e-03    6.85e-03    1.31e-02    1.22e-01    1.34e-01    2.00e-01        3.03
   3      -956.819483191   -3.07e-04    3.91e-03    7.01e-03    1.19e-02    1.73e-02    2.00e-01        3.00
   4      -956.819638658   -1.55e-04    1.79e-04    3.93e-04    1.51e-02    2.31e-02    2.00e-01        2.98
   5      -956.819639021   -3.63e-07    5.55e-06    1.16e-05    8.39e-04    1.07e-03    2.00e-01        2.96
 Geometry optimization stopped:          thresholds achieved

 Final energy:                        -956.819639021

 -----------
  Final XYZ 
 -----------
3
Final structure: -956.82 hartree
C           -0.000000620         -0.017767611         -0.003266579
Cl          -0.000001592          1.007023197         -1.357278682
Cl          -0.000002544          0.894051813          1.429259416

 Structure in entos input format:

  structure(
    xyz = [
      ['C'  ,         -0.000000620,         -0.017767611,         -0.003266579],
      ['Cl' ,         -0.000001592,          1.007023197,         -1.357278682],
      ['Cl' ,         -0.000002544,          0.894051813,          1.429259416]
    ]
  )

 --------------------------------
  Geometry optimization finished 
 --------------------------------
 Saving results in set 'opt'

 --------------------------------------------------------------------------------
                                 command: hessian                                
 --------------------------------------------------------------------------------

WARNING: numerical method is specified for dft hessian, which is not efficient. Try switching to 'method = analytic'


 -------------------------------
  Numerical Geometrical Hessian 
 -------------------------------

 Compute hessian using two-point central differentiation.
 Step size (bohr):                       0.0100

 Frequencies (including translational and rotational modes):
 mode    frequency (cm-1)
    0                3.62 i (imaginary)
    1                1.45 i (imaginary)
    2                0.98 i (imaginary)
    3                0.40 i (imaginary)
    4                0.75
    5                3.44
    6              362.32
    7              779.82
    8              849.79

 Project out translational and rotational motions 

 Degrees of freedom for translational and rotational motions: 6

 Vibrational frequencies:
 mode    frequency (cm-1)
    0              362.32
    1              779.82
    2              849.79

 --------------------------------------------------------------------------------

 End time:                               Tue Apr 20 10:50:53 2021
 Total wall-clock time:                 75.422 seconds
==================================================================================
