
================================================================================
          _____________ ________ _______________ ________     _________         
         / ___________// ______ \\_____   _____// ______ \   / ________)        
        / /_________  / /      \ \     | |     / /      \ \ | (_______          
       |  __________|| |        | |    | |    | |        | | \________ \        
        \ \_________ | |        | |    | |     \ \______/ /___________) |       
         \__________||_|        |_|    |_|      \________//____________/        
                                                                                
====================================[ Qcore ]===================================

 Git hash:   bfa4c3a672cc1ff01df8911b87991f8932a2a687
 Git date:   Fri, 12 Feb 2021 10:05:04 +0000
 Compiler:   GNU 9.1.0
 Build type: Release
 Version:    0.8.19

 Start time: Tue Apr 20 10:50:53 2021

 Data directory: /home/zw18965/.local/qcore/share/entos/0.8.19/data
 Number of threads: 24
 Number of threads was determined by: command line argument
  - More threads can be used by running 'qcore -n 32'

 --------------------------------------------------------------------------------
                                command: optimize                                
 --------------------------------------------------------------------------------
 Using coordinate system:                tric
 Hessian update scheme:                  bfgs

 ------------------------------------------------------------------------------------------------------------
                   energy      change    grad rms    grad max    step rms    step max       trust    time (s)
 ------------------------------------------------------------------------------------------------------------
   1      -236.774956415                1.64e-02    2.69e-02                            2.00e-01        1.79
   2      -236.776326614   -1.37e-03    6.02e-03    1.42e-02    3.99e-02    3.46e-02    2.00e-01        1.61
   3      -236.776503936   -1.77e-04    7.01e-04    1.70e-03    1.06e-02    1.49e-02    2.00e-01        1.57
   4      -236.776507673   -3.74e-06    1.19e-05    2.20e-05    2.36e-03    3.53e-03    2.00e-01        1.56
   5      -236.776507675   -1.74e-09    5.75e-07    9.43e-07    5.65e-05    6.99e-05    2.00e-01        1.54
 Geometry optimization stopped:          thresholds achieved

 Final energy:                        -236.776507675

 -----------
  Final XYZ 
 -----------
3
Final structure: -236.777 hartree
C            0.000000066          0.152366367          0.000000178
F            0.000000681          0.923816151         -1.010139373
F           -0.000000234          0.923815865          1.010139946

 Structure in entos input format:

  structure(
    xyz = [
      ['C'  ,          0.000000066,          0.152366367,          0.000000178],
      ['F'  ,          0.000000681,          0.923816151,         -1.010139373],
      ['F'  ,         -0.000000234,          0.923815865,          1.010139946]
    ]
  )

 --------------------------------
  Geometry optimization finished 
 --------------------------------
 Saving results in set 'opt'

 --------------------------------------------------------------------------------
                                 command: hessian                                
 --------------------------------------------------------------------------------

WARNING: numerical method is specified for dft hessian, which is not efficient. Try switching to 'method = analytic'


 -------------------------------
  Numerical Geometrical Hessian 
 -------------------------------

 Compute hessian using two-point central differentiation.
 Step size (bohr):                       0.0100

 Frequencies (including translational and rotational modes):
 mode    frequency (cm-1)
    0                8.29 i (imaginary)
    1                0.74 i (imaginary)
    2                0.24
    3                0.55
    4                3.39
    5                8.38
    6              743.46
    7             1276.62
    8             1376.30

 Project out translational and rotational motions 

 Degrees of freedom for translational and rotational motions: 6

 Vibrational frequencies:
 mode    frequency (cm-1)
    0              743.46
    1             1276.62
    2             1376.30

 --------------------------------------------------------------------------------

 End time:                               Tue Apr 20 10:51:33 2021
 Total wall-clock time:                 40.209 seconds
==================================================================================
