
================================================================================
          _____________ ________ _______________ ________     _________         
         / ___________// ______ \\_____   _____// ______ \   / ________)        
        / /_________  / /      \ \     | |     / /      \ \ | (_______          
       |  __________|| |        | |    | |    | |        | | \________ \        
        \ \_________ | |        | |    | |     \ \______/ /___________) |       
         \__________||_|        |_|    |_|      \________//____________/        
                                                                                
====================================[ Qcore ]===================================

 Git hash:   bfa4c3a672cc1ff01df8911b87991f8932a2a687
 Git date:   Fri, 12 Feb 2021 10:05:04 +0000
 Compiler:   GNU 9.1.0
 Build type: Release
 Version:    0.8.19

 Start time: Tue Apr 20 10:59:04 2021

 Data directory: /home/zw18965/.local/qcore/share/entos/0.8.19/data
 Number of threads: 24
 Number of threads was determined by: command line argument
  - More threads can be used by running 'qcore -n 32'

 --------------------------------------------------------------------------------
                                command: optimize                                
 --------------------------------------------------------------------------------
 Using coordinate system:                tric
 Hessian update scheme:                  bfgs

 ------------------------------------------------------------------------------------------------------------
                   energy      change    grad rms    grad max    step rms    step max       trust    time (s)
 ------------------------------------------------------------------------------------------------------------
   1      -460.112060740                3.01e-04    5.22e-04                            2.00e-01        0.60
   2      -460.112061052   -3.12e-07    1.22e-04    2.12e-04    4.25e-04    8.49e-04    2.00e-01        0.42
 Geometry optimization stopped:          thresholds achieved

 Final energy:                        -460.112061052

 -----------
  Final XYZ 
 -----------
2
Final structure: -460.112 hartree
Cl           0.632334789         -0.000000001          0.000000090
H           -0.632334792          0.000000002         -0.000000087

 Structure in entos input format:

  structure(
    xyz = [
      ['Cl' ,          0.632334789,         -0.000000001,          0.000000090],
      ['H'  ,         -0.632334792,          0.000000002,         -0.000000087]
    ]
  )

 --------------------------------
  Geometry optimization finished 
 --------------------------------
 Saving results in set 'opt'

 --------------------------------------------------------------------------------
                                 command: hessian                                
 --------------------------------------------------------------------------------

WARNING: numerical method is specified for dft hessian, which is not efficient. Try switching to 'method = analytic'


 -------------------------------
  Numerical Geometrical Hessian 
 -------------------------------

 Compute hessian using two-point central differentiation.
 Step size (bohr):                       0.0100

 Frequencies (including translational and rotational modes):
 mode    frequency (cm-1)
    0                0.36 i (imaginary)
    1                0.06
    2                0.25
    3               50.61
    4               50.67
    5             3140.54

 Project out translational and rotational motions 

 The molecule is linear

 Degrees of freedom for translational and rotational motions: 5

 Vibrational frequencies:
 mode    frequency (cm-1)
    0             3140.54

 --------------------------------------------------------------------------------

 End time:                               Tue Apr 20 10:59:11 2021
 Total wall-clock time:                  7.039 seconds
==================================================================================
