
================================================================================
          _____________ ________ _______________ ________     _________         
         / ___________// ______ \\_____   _____// ______ \   / ________)        
        / /_________  / /      \ \     | |     / /      \ \ | (_______          
       |  __________|| |        | |    | |    | |        | | \________ \        
        \ \_________ | |        | |    | |     \ \______/ /___________) |       
         \__________||_|        |_|    |_|      \________//____________/        
                                                                                
====================================[ Qcore ]===================================

 Git hash:   bfa4c3a672cc1ff01df8911b87991f8932a2a687
 Git date:   Fri, 12 Feb 2021 10:05:04 +0000
 Compiler:   GNU 9.1.0
 Build type: Release
 Version:    0.8.19

 Start time: Tue Apr 20 11:02:02 2021

 Data directory: /home/zw18965/.local/qcore/share/entos/0.8.19/data
 Number of threads: 24
 Number of threads was determined by: command line argument
  - More threads can be used by running 'qcore -n 32'

 --------------------------------------------------------------------------------
                                command: optimize                                
 --------------------------------------------------------------------------------
 Using coordinate system:                tric
 Hessian update scheme:                  bfgs

 ------------------------------------------------------------------------------------------------------------
                   energy      change    grad rms    grad max    step rms    step max       trust    time (s)
 ------------------------------------------------------------------------------------------------------------
   1      -510.353407733                3.82e-02    8.72e-02                            2.00e-01        2.52
   2      -510.356038815   -2.63e-03    8.02e-03    1.91e-02    2.57e-02    6.02e-02    2.00e-01        2.20
   3      -510.356199215   -1.60e-04    2.90e-03    7.03e-03    5.94e-03    1.45e-02    2.00e-01        2.20
   4      -510.356248580   -4.94e-05    4.82e-04    1.13e-03    5.94e-03    1.25e-02    2.00e-01        2.20
   5      -510.356249676   -1.10e-06    3.00e-05    7.06e-05    9.48e-04    1.59e-03    2.00e-01        2.18
   6      -510.356249679   -2.08e-09    1.18e-06    2.81e-06    3.20e-05    4.99e-05    2.00e-01        2.12
 Geometry optimization stopped:          thresholds achieved

 Final energy:                        -510.356249679

 -----------
  Final XYZ 
 -----------
3
Final structure: -510.356 hartree
O           -0.000002021          0.000001887         -1.249571285
C           -0.000000928          0.000000744         -0.126921962
S            0.000001421         -0.000000248          1.435491804

 Structure in entos input format:

  structure(
    xyz = [
      ['O'  ,         -0.000002021,          0.000001887,         -1.249571285],
      ['C'  ,         -0.000000928,          0.000000744,         -0.126921962],
      ['S'  ,          0.000001421,         -0.000000248,          1.435491804]
    ]
  )

 --------------------------------
  Geometry optimization finished 
 --------------------------------
 Saving results in set 'opt'

 --------------------------------------------------------------------------------
                                 command: hessian                                
 --------------------------------------------------------------------------------

WARNING: numerical method is specified for dft hessian, which is not efficient. Try switching to 'method = analytic'


 -------------------------------
  Numerical Geometrical Hessian 
 -------------------------------

 Compute hessian using two-point central differentiation.
 Step size (bohr):                       0.0100

 Frequencies (including translational and rotational modes):
 mode    frequency (cm-1)
    0                0.89 i (imaginary)
    1                0.45 i (imaginary)
    2                1.00
    3                3.58
    4                3.72
    5              594.20
    6              594.20
    7              897.43
    8             2281.87

 Project out translational and rotational motions 

 Degrees of freedom for translational and rotational motions: 6

 Vibrational frequencies:
 mode    frequency (cm-1)
    0              594.20
    1              897.43
    2             2281.87

 --------------------------------------------------------------------------------

 End time:                               Tue Apr 20 11:03:01 2021
 Total wall-clock time:                 58.435 seconds
==================================================================================
