
================================================================================
          _____________ ________ _______________ ________     _________         
         / ___________// ______ \\_____   _____// ______ \   / ________)        
        / /_________  / /      \ \     | |     / /      \ \ | (_______          
       |  __________|| |        | |    | |    | |        | | \________ \        
        \ \_________ | |        | |    | |     \ \______/ /___________) |       
         \__________||_|        |_|    |_|      \________//____________/        
                                                                                
====================================[ Qcore ]===================================

 Git hash:   15a3e7daff0cda5fa9af010ccd19a80288182ecf
 Git date:   Fri, 16 Apr 2021 15:57:16 +0100
 Compiler:   GNU 9.1.0
 Build type: Release
 Version:    1.1.0

 Start time: Sun May  9 16:20:51 2021

 Data directory: /work/zw18965/.local/qcore/share/entos/1.1.0/data
 Number of threads: 24
 Number of threads was determined by: command line argument
  - More threads can be used by running 'qcore -n 32'

 --------------------------------------------------------------------------------
                                command: optimize                                
 --------------------------------------------------------------------------------
 Using coordinate system:                tric
 Hessian update scheme:                  bfgs

 ------------------------------------------------------------------------------------------------------------
                   energy      change    grad rms    grad max    step rms    step max       trust    time (s)
 ------------------------------------------------------------------------------------------------------------
   1       -26.597271276                2.13e-03    3.74e-03                            2.00e-01        1.17
   2       -26.597368177   -9.69e-05    6.15e-04    1.08e-03    1.02e-02    1.19e-02    2.00e-01        0.32
   3       -26.597377187   -9.01e-06    1.29e-05    2.43e-05    4.15e-03    4.84e-03    2.00e-01        0.32
   4       -26.597377195   -8.31e-09    2.49e-06    3.95e-06    8.73e-05    1.64e-04    2.00e-01        0.29
 Geometry optimization stopped:          thresholds achieved

 Final energy:                         -26.597377195

 -----------
  Final XYZ 
 -----------
4
Final structure: -26.5974 hartree
B            0.000011144         -0.000002736         -0.198435248
H           -0.402531621         -1.037545571          0.218840282
H           -0.172703322          0.998005324          0.423501031
H            0.575223815          0.039542978         -1.237778332

 Structure in entos input format:

  structure(
    xyz = [
      ['B'  ,          0.000011144,         -0.000002736,         -0.198435248],
      ['H'  ,         -0.402531621,         -1.037545571,          0.218840282],
      ['H'  ,         -0.172703322,          0.998005324,          0.423501031],
      ['H'  ,          0.575223815,          0.039542978,         -1.237778332]
    ]
  )

 --------------------------------
  Geometry optimization finished 
 --------------------------------
 Saving results in set 'opt'

 --------------------------------------------------------------------------------
                                 command: hessian                                
 --------------------------------------------------------------------------------
 AO basis set:                           aug-cc-pvtz-merged
 Number of AO basis functions:         115

 Formula:                                H3B
 Nuclear charge:                         8.000000000
 Total charge:                           0.000000000
 Number of electrons:                    8.000000000

 Number of alpha electrons:              4
 Number of beta electrons:               4
 Number of unpaired electrons:           0
 Spin:                                   0
 Multiplicity:                           singlet

 Theory:                                 dft
 Exchange-correlation functional:        b3lyp
 Method for Coulomb:                     incore_df
 Method for exact exchange:              pre_transformed_df
 Integral threshold:                     1.00e-12
 DF basis set:                           def2-universal-jkfit
 Number of DF basis functions:         129
 Schwarz screening threshold:            1.00e-10
 Coulomb fitting method:                 Cholesky
 Total number of grid points:        24470
 Method for AO orthogonalization:        symmetric
 Threshold for linear dependence:        1.00e-08
 D3BJ dispersion energy:                -0.001405487

 -------------------------------------
  Running restricted closed-shell SCF 
 -------------------------------------
 Max number of iterations:             128
 Conv. threshold (gradient):             1.00e-05
 Conv. threshold (energy):               1.00e-06
 Interpolation scheme:                   adiis+cdiis
 Initial guess:                          SAD

 ---------------------------------------------------------------
                  energy        change          grad        time
 ---------------------------------------------------------------
   0       -26.427350148                    6.49e+00        0.02
   1       -26.584243216     -1.57e-01      3.90e-01        0.02
   2       -26.592859771     -8.62e-03      2.73e-01        0.01
   3       -26.596114626     -3.25e-03      1.54e-01        0.01
   4       -26.597115080     -1.00e-03      7.00e-02        0.02
   5       -26.597285754     -1.71e-04      4.15e-02        0.02
   6       -26.597377195     -9.14e-05      1.79e-05        0.01
   7       -26.597377195     -1.78e-11      4.75e-07        0.02

 SCF converged in 7 iterations.

 Dipole moment (in Debye):               0.000043      -0.000014       0.000074

 Quadrupole moment (in Debye-Angstrom):
                  1            2            3
 1        -7.748880    -0.276634     0.901395
 2        -0.276634    -9.349844    -0.151329
 3         0.901395    -0.151329    -8.903350

 Spin-squared expectation <S^2>:         0.000
 Total spin quantum number S:            0.000

 ------------------------------
  Analytic Geometrical Hessian 
 ------------------------------

 Frequencies (including translational and rotational modes):
 mode    frequency (cm-1)
    0               39.93 i (imaginary)
    1               23.89 i (imaginary)
    2                7.21 i (imaginary)
    3                9.05
    4               24.92
    5               64.45
    6             1162.56
    7             1204.35
    8             1205.27
    9             2561.69
   10             2691.09
   11             2691.57

 Project out translational and rotational motions 

 Degrees of freedom for translational and rotational motions: 6

 Vibrational frequencies:
 mode    frequency (cm-1)
    0             1162.55
    1             1204.35
    2             1205.27
    3             2561.69
    4             2691.09
    5             2691.57

 --------------------------------------------------------------------------------

 End time:                               Sun May  9 16:20:56 2021
 Total wall-clock time:                  5.570 seconds
==================================================================================
