
================================================================================
          _____________ ________ _______________ ________     _________         
         / ___________// ______ \\_____   _____// ______ \   / ________)        
        / /_________  / /      \ \     | |     / /      \ \ | (_______          
       |  __________|| |        | |    | |    | |        | | \________ \        
        \ \_________ | |        | |    | |     \ \______/ /___________) |       
         \__________||_|        |_|    |_|      \________//____________/        
                                                                                
====================================[ Qcore ]===================================

 Git hash:   15a3e7daff0cda5fa9af010ccd19a80288182ecf
 Git date:   Fri, 16 Apr 2021 15:57:16 +0100
 Compiler:   GNU 9.1.0
 Build type: Release
 Version:    1.1.0

 Start time: Sun May  9 16:21:02 2021

 Data directory: /work/zw18965/.local/qcore/share/entos/1.1.0/data
 Number of threads: 24
 Number of threads was determined by: command line argument
  - More threads can be used by running 'qcore -n 32'

 --------------------------------------------------------------------------------
                                command: optimize                                
 --------------------------------------------------------------------------------
 Using coordinate system:                tric
 Hessian update scheme:                  bfgs

 ------------------------------------------------------------------------------------------------------------
                   energy      change    grad rms    grad max    step rms    step max       trust    time (s)
 ------------------------------------------------------------------------------------------------------------
   1       -78.569822815                2.65e-03    7.69e-03                            2.00e-01        1.01
   2       -78.569884996   -6.22e-05    1.04e-03    2.93e-03    5.34e-03    8.40e-03    2.00e-01        0.72
   3       -78.569902498   -1.75e-05    7.03e-05    1.30e-04    6.06e-03    8.74e-03    2.00e-01        0.72
   4       -78.569902794   -2.96e-07    2.70e-05    6.60e-05    8.91e-04    9.22e-04    2.00e-01        0.69
 Geometry optimization stopped:          thresholds achieved

 Final energy:                         -78.569902794

 -----------
  Final XYZ 
 -----------
6
Final structure: -78.5699 hartree
C           -0.660521157         -0.052280282          0.000149983
C            0.660451651          0.052276932         -0.000117028
H           -1.235992416          0.002669453         -0.915239896
H           -1.219782123         -0.197095019          0.915761097
H            1.219716076          0.197088194         -0.915727244
H            1.235920552         -0.002675873          0.915274748

 Structure in entos input format:

  structure(
    xyz = [
      ['C'  ,         -0.660521157,         -0.052280282,          0.000149983],
      ['C'  ,          0.660451651,          0.052276932,         -0.000117028],
      ['H'  ,         -1.235992416,          0.002669453,         -0.915239896],
      ['H'  ,         -1.219782123,         -0.197095019,          0.915761097],
      ['H'  ,          1.219716076,          0.197088194,         -0.915727244],
      ['H'  ,          1.235920552,         -0.002675873,          0.915274748]
    ]
  )

 --------------------------------
  Geometry optimization finished 
 --------------------------------
 Saving results in set 'opt'

 --------------------------------------------------------------------------------
                                 command: hessian                                
 --------------------------------------------------------------------------------
 AO basis set:                           aug-cc-pvtz-merged
 Number of AO basis functions:         184

 Formula:                                C2H4
 Nuclear charge:                        16.000000000
 Total charge:                           0.000000000
 Number of electrons:                   16.000000000

 Number of alpha electrons:              8
 Number of beta electrons:               8
 Number of unpaired electrons:           0
 Spin:                                   0
 Multiplicity:                           singlet

 Theory:                                 dft
 Exchange-correlation functional:        b3lyp
 Method for Coulomb:                     incore_df
 Method for exact exchange:              pre_transformed_df
 Integral threshold:                     1.00e-12
 DF basis set:                           def2-universal-jkfit
 Number of DF basis functions:         222
 Schwarz screening threshold:            1.00e-10
 Coulomb fitting method:                 Cholesky
 Total number of grid points:        37160
 Method for AO orthogonalization:        symmetric
 Threshold for linear dependence:        1.00e-08
 D3BJ dispersion energy:                -0.003945543

 -------------------------------------
  Running restricted closed-shell SCF 
 -------------------------------------
 Max number of iterations:             128
 Conv. threshold (gradient):             1.00e-05
 Conv. threshold (energy):               1.00e-06
 Interpolation scheme:                   adiis+cdiis
 Initial guess:                          SAD

 ---------------------------------------------------------------
                  energy        change          grad        time
 ---------------------------------------------------------------
   0       -78.704844483                    1.47e+01        0.05
   1       -78.487478759      2.17e-01      1.19e+00        0.04
   2       -78.453270606      3.42e-02      1.53e+00        0.04
   3       -78.569394754     -1.16e-01      1.10e-01        0.04
   4       -78.569256021      1.39e-04      1.14e-01        0.03
   5       -78.569901044     -6.45e-04      5.50e-03        0.04
   6       -78.569901075     -3.13e-08      5.78e-03        0.04
   7       -78.569902794     -1.72e-06      2.28e-05        0.04
   8       -78.569902794     -2.95e-11      1.82e-06        0.04

 SCF converged in 8 iterations.

 Dipole moment (in Debye):               0.000002      -0.000004      -0.000000

 Quadrupole moment (in Debye-Angstrom):
                  1            2            3
 1       -12.482474     0.256437     0.027697
 2         0.256437   -15.701701    -0.349581
 3         0.027697    -0.349581   -12.557709

 Spin-squared expectation <S^2>:         0.000
 Total spin quantum number S:            0.000

 ------------------------------
  Analytic Geometrical Hessian 
 ------------------------------

 Frequencies (including translational and rotational modes):
 mode    frequency (cm-1)
    0               20.39 i (imaginary)
    1                0.17 i (imaginary)
    2                0.11 i (imaginary)
    3                0.03 i (imaginary)
    4               14.68
    5               22.11
    6              834.33
    7              977.99
    8              983.94
    9             1059.75
   10             1245.08
   11             1380.24
   12             1478.63
   13             1687.39
   14             3124.34
   15             3137.72
   16             3192.68
   17             3220.98

 Project out translational and rotational motions 

 Degrees of freedom for translational and rotational motions: 6

 Vibrational frequencies:
 mode    frequency (cm-1)
    0              834.33
    1              977.99
    2              983.94
    3             1059.75
    4             1245.08
    5             1380.24
    6             1478.63
    7             1687.39
    8             3124.34
    9             3137.72
   10             3192.68
   11             3220.98

 --------------------------------------------------------------------------------

 End time:                               Sun May  9 16:21:14 2021
 Total wall-clock time:                 11.310 seconds
==================================================================================
