
================================================================================
          _____________ ________ _______________ ________     _________         
         / ___________// ______ \\_____   _____// ______ \   / ________)        
        / /_________  / /      \ \     | |     / /      \ \ | (_______          
       |  __________|| |        | |    | |    | |        | | \________ \        
        \ \_________ | |        | |    | |     \ \______/ /___________) |       
         \__________||_|        |_|    |_|      \________//____________/        
                                                                                
====================================[ Qcore ]===================================

 Git hash:   15a3e7daff0cda5fa9af010ccd19a80288182ecf
 Git date:   Fri, 16 Apr 2021 15:57:16 +0100
 Compiler:   GNU 9.1.0
 Build type: Release
 Version:    1.1.0

 Start time: Tue Apr 27 14:05:54 2021

 Data directory: /work/zw18965/.local/qcore/share/entos/1.1.0/data
 Number of threads: 24
 Number of threads was determined by: command line argument
  - More threads can be used by running 'qcore -n 32'

 --------------------------------------------------------------------------------
                                command: optimize                                
 --------------------------------------------------------------------------------
 Using coordinate system:                tric
 Hessian update scheme:                  bfgs

 ------------------------------------------------------------------------------------------------------------
                   energy      change    grad rms    grad max    step rms    step max       trust    time (s)
 ------------------------------------------------------------------------------------------------------------
   1       -40.434008418                4.22e-03    6.82e-03                            2.00e-01        1.48
   2       -40.434343278   -3.35e-04    9.64e-04    1.56e-03    1.50e-02    1.68e-02    2.00e-01        1.34
   3       -40.434362323   -1.90e-05    3.06e-05    4.96e-05    4.44e-03    4.97e-03    2.00e-01        1.31
   4       -40.434362343   -2.02e-08    2.91e-07    6.58e-07    1.46e-04    1.63e-04    2.00e-01        1.32
 Geometry optimization stopped:          thresholds achieved

 Final energy:                         -40.434362343

 -----------
  Final XYZ 
 -----------
5
Final structure: -40.4344 hartree
C           -0.000030001          0.000034303          0.000021656
H            0.556767893          0.803568751          0.498964302
H            0.686712064         -0.817338308         -0.254792838
H           -0.782024893         -0.375361605          0.672481950
H           -0.461566801          0.389260014         -0.916563259

 Structure in entos input format:

  structure(
    xyz = [
      ['C'  ,         -0.000030001,          0.000034303,          0.000021656],
      ['H'  ,          0.556767893,          0.803568751,          0.498964302],
      ['H'  ,          0.686712064,         -0.817338308,         -0.254792838],
      ['H'  ,         -0.782024893,         -0.375361605,          0.672481950],
      ['H'  ,         -0.461566801,          0.389260014,         -0.916563259]
    ]
  )

 --------------------------------
  Geometry optimization finished 
 --------------------------------
 Saving results in set 'opt'

 --------------------------------------------------------------------------------
                                 command: hessian                                
 --------------------------------------------------------------------------------

WARNING: numerical method is specified for dft hessian, which is not efficient. Try switching to 'method = analytic'


 -------------------------------
  Numerical Geometrical Hessian 
 -------------------------------

 Compute hessian using two-point central differentiation.
 Step size (bohr):                       0.0100

 Frequencies (including translational and rotational modes):
 mode    frequency (cm-1)
    0               24.57 i (imaginary)
    1               20.25 i (imaginary)
    2                4.30 i (imaginary)
    3                7.92
    4                8.17
    5                8.57
    6             1340.20
    7             1340.42
    8             1340.46
    9             1564.35
   10             1564.53
   11             3075.63
   12             3212.45
   13             3212.50
   14             3212.53

 Project out translational and rotational motions 

 Degrees of freedom for translational and rotational motions: 6

 Vibrational frequencies:
 mode    frequency (cm-1)
    0             1340.20
    1             1340.42
    2             1340.46
    3             1564.35
    4             1564.53
    5             3075.63
    6             3212.45
    7             3212.50
    8             3212.53

 --------------------------------------------------------------------------------

 End time:                               Tue Apr 27 14:06:44 2021
 Total wall-clock time:                 50.622 seconds
==================================================================================
