
================================================================================
          _____________ ________ _______________ ________     _________         
         / ___________// ______ \\_____   _____// ______ \   / ________)        
        / /_________  / /      \ \     | |     / /      \ \ | (_______          
       |  __________|| |        | |    | |    | |        | | \________ \        
        \ \_________ | |        | |    | |     \ \______/ /___________) |       
         \__________||_|        |_|    |_|      \________//____________/        
                                                                                
====================================[ Qcore ]===================================

 Git hash:   15a3e7daff0cda5fa9af010ccd19a80288182ecf
 Git date:   Fri, 16 Apr 2021 15:57:16 +0100
 Compiler:   GNU 9.1.0
 Build type: Release
 Version:    1.1.0

 Start time: Tue Apr 27 14:06:58 2021

 Data directory: /work/zw18965/.local/qcore/share/entos/1.1.0/data
 Number of threads: 24
 Number of threads was determined by: command line argument
  - More threads can be used by running 'qcore -n 32'

 --------------------------------------------------------------------------------
                                command: optimize                                
 --------------------------------------------------------------------------------
 Using coordinate system:                tric
 Hessian update scheme:                  bfgs

 ------------------------------------------------------------------------------------------------------------
                   energy      change    grad rms    grad max    step rms    step max       trust    time (s)
 ------------------------------------------------------------------------------------------------------------
   1      -552.646243179                2.76e-02    5.88e-02                            2.00e-01        1.61
   2      -552.647777025   -1.53e-03    1.52e-03    3.43e-03    2.51e-02    4.94e-02    2.00e-01        1.33
   3      -552.647789509   -1.25e-05    9.75e-04    2.05e-03    2.32e-03    4.37e-03    2.00e-01        1.28
   4      -552.647794882   -5.37e-06    1.36e-04    3.04e-04    2.50e-03    5.29e-03    2.00e-01        1.30
   5      -552.647794927   -4.58e-08    2.01e-05    4.51e-05    9.90e-05    2.30e-04    2.00e-01        1.27
 Geometry optimization stopped:          thresholds achieved

 Final energy:                        -552.647794927

 -----------
  Final XYZ 
 -----------
3
Final structure: -552.648 hartree
Cl           1.418622301         -0.808800172         -0.000000137
C           -0.147409272         -0.330691235          0.000000496
N           -1.270658883          0.012184520         -0.000000212

 Structure in entos input format:

  structure(
    xyz = [
      ['Cl' ,          1.418622301,         -0.808800172,         -0.000000137],
      ['C'  ,         -0.147409272,         -0.330691235,          0.000000496],
      ['N'  ,         -1.270658883,          0.012184520,         -0.000000212]
    ]
  )

 --------------------------------
  Geometry optimization finished 
 --------------------------------
 Saving results in set 'opt'

 --------------------------------------------------------------------------------
                                 command: hessian                                
 --------------------------------------------------------------------------------

WARNING: numerical method is specified for dft hessian, which is not efficient. Try switching to 'method = analytic'


 -------------------------------
  Numerical Geometrical Hessian 
 -------------------------------

 Compute hessian using two-point central differentiation.
 Step size (bohr):                       0.0100

 Frequencies (including translational and rotational modes):
 mode    frequency (cm-1)
    0                6.62 i (imaginary)
    1                5.02 i (imaginary)
    2                1.32 i (imaginary)
    3                0.97
    4                2.20
    5              387.36
    6              387.56
    7              756.46
    8             2233.17

 Project out translational and rotational motions 

 Degrees of freedom for translational and rotational motions: 6

 Vibrational frequencies:
 mode    frequency (cm-1)
    0              387.36
    1              756.46
    2             2233.17

 --------------------------------------------------------------------------------

 End time:                               Tue Apr 27 14:07:31 2021
 Total wall-clock time:                 33.445 seconds
==================================================================================
