
================================================================================
          _____________ ________ _______________ ________     _________         
         / ___________// ______ \\_____   _____// ______ \   / ________)        
        / /_________  / /      \ \     | |     / /      \ \ | (_______          
       |  __________|| |        | |    | |    | |        | | \________ \        
        \ \_________ | |        | |    | |     \ \______/ /___________) |       
         \__________||_|        |_|    |_|      \________//____________/        
                                                                                
====================================[ Qcore ]===================================

 Git hash:   15a3e7daff0cda5fa9af010ccd19a80288182ecf
 Git date:   Fri, 16 Apr 2021 15:57:16 +0100
 Compiler:   GNU 9.1.0
 Build type: Release
 Version:    1.1.0

 Start time: Tue Apr 27 14:08:06 2021

 Data directory: /work/zw18965/.local/qcore/share/entos/1.1.0/data
 Number of threads: 24
 Number of threads was determined by: command line argument
  - More threads can be used by running 'qcore -n 32'

 --------------------------------------------------------------------------------
                                command: optimize                                
 --------------------------------------------------------------------------------
 Using coordinate system:                tric
 Hessian update scheme:                  bfgs

 ------------------------------------------------------------------------------------------------------------
                   energy      change    grad rms    grad max    step rms    step max       trust    time (s)
 ------------------------------------------------------------------------------------------------------------
   1      -113.176356337                2.04e-02    3.54e-02                            2.00e-01        0.59
   2      -113.176837525   -4.81e-04    3.38e-04    5.85e-04    1.36e-02    2.72e-02    2.00e-01        0.41
   3      -113.176837654   -1.29e-07    1.73e-05    3.00e-05    2.29e-04    4.58e-04    2.00e-01        0.39
 Geometry optimization stopped:          thresholds achieved

 Final energy:                        -113.176837654

 -----------
  Final XYZ 
 -----------
2
Final structure: -113.177 hartree
O            0.569561037          0.000000089         -0.000000010
C           -0.569563354         -0.000000088          0.000000010

 Structure in entos input format:

  structure(
    xyz = [
      ['O'  ,          0.569561037,          0.000000089,         -0.000000010],
      ['C'  ,         -0.569563354,         -0.000000088,          0.000000010]
    ]
  )

 --------------------------------
  Geometry optimization finished 
 --------------------------------
 Saving results in set 'opt'

 --------------------------------------------------------------------------------
                                 command: hessian                                
 --------------------------------------------------------------------------------

WARNING: numerical method is specified for dft hessian, which is not efficient. Try switching to 'method = analytic'


 -------------------------------
  Numerical Geometrical Hessian 
 -------------------------------

 Compute hessian using two-point central differentiation.
 Step size (bohr):                       0.0100

 Frequencies (including translational and rotational modes):
 mode    frequency (cm-1)
    0                0.17 i (imaginary)
    1                0.09
    2                1.16
    3               10.83
    4               10.85
    5             2161.53

 Project out translational and rotational motions 

 The molecule is linear

 Degrees of freedom for translational and rotational motions: 5

 Vibrational frequencies:
 mode    frequency (cm-1)
    0             2161.53

 --------------------------------------------------------------------------------

 End time:                               Tue Apr 27 14:08:13 2021
 Total wall-clock time:                  7.131 seconds
==================================================================================
