
================================================================================
          _____________ ________ _______________ ________     _________         
         / ___________// ______ \\_____   _____// ______ \   / ________)        
        / /_________  / /      \ \     | |     / /      \ \ | (_______          
       |  __________|| |        | |    | |    | |        | | \________ \        
        \ \_________ | |        | |    | |     \ \______/ /___________) |       
         \__________||_|        |_|    |_|      \________//____________/        
                                                                                
====================================[ Qcore ]===================================

 Git hash:   15a3e7daff0cda5fa9af010ccd19a80288182ecf
 Git date:   Fri, 16 Apr 2021 15:57:16 +0100
 Compiler:   GNU 9.1.0
 Build type: Release
 Version:    1.1.0

 Start time: Tue Apr 27 14:08:13 2021

 Data directory: /work/zw18965/.local/qcore/share/entos/1.1.0/data
 Number of threads: 24
 Number of threads was determined by: command line argument
  - More threads can be used by running 'qcore -n 32'

 --------------------------------------------------------------------------------
                                command: optimize                                
 --------------------------------------------------------------------------------
 Using coordinate system:                tric
 Hessian update scheme:                  bfgs

 ------------------------------------------------------------------------------------------------------------
                   energy      change    grad rms    grad max    step rms    step max       trust    time (s)
 ------------------------------------------------------------------------------------------------------------
   1      -833.974444043                5.58e-03    1.18e-02                            2.00e-01        1.76
   2      -833.974632520   -1.88e-04    2.53e-03    5.37e-03    8.99e-03    1.10e-02    2.00e-01        1.61
   3      -833.974682627   -5.01e-05    7.12e-05    1.51e-04    7.47e-03    9.17e-03    2.00e-01        1.56
   4      -833.974682698   -7.12e-08    3.04e-06    5.24e-06    2.16e-04    2.65e-04    2.00e-01        1.57
 Geometry optimization stopped:          thresholds achieved

 Final energy:                        -833.974682698

 -----------
  Final XYZ 
 -----------
3
Final structure: -833.975 hartree
S            1.564332986          0.000657483          0.000000155
C            0.000010859         -0.000004254          0.000000517
S           -1.564310930         -0.000652666          0.000000082

 Structure in entos input format:

  structure(
    xyz = [
      ['S'  ,          1.564332986,          0.000657483,          0.000000155],
      ['C'  ,          0.000010859,         -0.000004254,          0.000000517],
      ['S'  ,         -1.564310930,         -0.000652666,          0.000000082]
    ]
  )

 --------------------------------
  Geometry optimization finished 
 --------------------------------
 Saving results in set 'opt'

 --------------------------------------------------------------------------------
                                 command: hessian                                
 --------------------------------------------------------------------------------

WARNING: numerical method is specified for dft hessian, which is not efficient. Try switching to 'method = analytic'


 -------------------------------
  Numerical Geometrical Hessian 
 -------------------------------

 Compute hessian using two-point central differentiation.
 Step size (bohr):                       0.0100

 Frequencies (including translational and rotational modes):
 mode    frequency (cm-1)
    0               11.01 i (imaginary)
    1               10.96 i (imaginary)
    2                2.83 i (imaginary)
    3                2.43 i (imaginary)
    4                0.76 i (imaginary)
    5              399.24
    6              399.25
    7              679.98
    8             1602.72

 Project out translational and rotational motions 

 Degrees of freedom for translational and rotational motions: 6

 Vibrational frequencies:
 mode    frequency (cm-1)
    0              399.25
    1              679.98
    2             1602.72

 --------------------------------------------------------------------------------

 End time:                               Tue Apr 27 14:08:52 2021
 Total wall-clock time:                 39.071 seconds
==================================================================================
