
================================================================================
          _____________ ________ _______________ ________     _________         
         / ___________// ______ \\_____   _____// ______ \   / ________)        
        / /_________  / /      \ \     | |     / /      \ \ | (_______          
       |  __________|| |        | |    | |    | |        | | \________ \        
        \ \_________ | |        | |    | |     \ \______/ /___________) |       
         \__________||_|        |_|    |_|      \________//____________/        
                                                                                
====================================[ Qcore ]===================================

 Git hash:   15a3e7daff0cda5fa9af010ccd19a80288182ecf
 Git date:   Fri, 16 Apr 2021 15:57:16 +0100
 Compiler:   GNU 9.1.0
 Build type: Release
 Version:    1.1.0

 Start time: Tue Apr 27 14:09:05 2021

 Data directory: /work/zw18965/.local/qcore/share/entos/1.1.0/data
 Number of threads: 24
 Number of threads was determined by: command line argument
  - More threads can be used by running 'qcore -n 32'

 --------------------------------------------------------------------------------
                                command: optimize                                
 --------------------------------------------------------------------------------
 Using coordinate system:                tric
 Hessian update scheme:                  bfgs

 ------------------------------------------------------------------------------------------------------------
                   energy      change    grad rms    grad max    step rms    step max       trust    time (s)
 ------------------------------------------------------------------------------------------------------------
   1      -199.288426722                1.40e-02    2.42e-02                            2.00e-01        0.48
Rejecting step due to low quality: Quality: -1.63021 New trust radius: 0.1
   2      -199.275925591    1.25e-02    1.40e-02    2.42e-02    2.00e-01    2.00e-01    1.00e-01        0.36
   3      -199.286510764    1.92e-03    2.11e-02    3.65e-02    1.00e-01    1.00e-01    5.00e-02        0.37
   4      -199.288974875   -2.46e-03    6.51e-03    1.13e-02    5.00e-02    5.00e-02    7.07e-02        0.39
   5      -199.289164708   -1.90e-04    1.81e-03    3.13e-03    2.23e-02    2.23e-02    7.07e-02        0.39
   6      -199.289178955   -1.42e-05    1.07e-04    1.85e-04    4.85e-03    4.86e-03    7.07e-02        0.38
   7      -199.289179010   -5.57e-08    6.73e-07    1.59e-06    2.71e-04    2.71e-04    7.07e-02        0.39
 Geometry optimization stopped:          thresholds achieved

 Final energy:                        -199.289179010

 -----------
  Final XYZ 
 -----------
2
Final structure: -199.289 hartree
F            0.000000064         -0.000000082         -0.706817876
F            0.000000050          0.000000133          0.706829601

 Structure in entos input format:

  structure(
    xyz = [
      ['F'  ,          0.000000064,         -0.000000082,         -0.706817876],
      ['F'  ,          0.000000050,          0.000000133,          0.706829601]
    ]
  )

 --------------------------------
  Geometry optimization finished 
 --------------------------------
 Saving results in set 'opt'

 --------------------------------------------------------------------------------
                                 command: hessian                                
 --------------------------------------------------------------------------------

WARNING: numerical method is specified for dft hessian, which is not efficient. Try switching to 'method = analytic'


 -------------------------------
  Numerical Geometrical Hessian 
 -------------------------------

 Compute hessian using two-point central differentiation.
 Step size (bohr):                       0.0100

 Frequencies (including translational and rotational modes):
 mode    frequency (cm-1)
    0               11.91 i (imaginary)
    1               11.91 i (imaginary)
    2                0.14 i (imaginary)
    3                0.13
    4                2.89
    5              967.91

 Project out translational and rotational motions 

 The molecule is linear

 Degrees of freedom for translational and rotational motions: 5

 Vibrational frequencies:
 mode    frequency (cm-1)
    0              967.91

 --------------------------------------------------------------------------------

 End time:                               Tue Apr 27 14:09:13 2021
 Total wall-clock time:                  7.966 seconds
==================================================================================
