
================================================================================
          _____________ ________ _______________ ________     _________         
         / ___________// ______ \\_____   _____// ______ \   / ________)        
        / /_________  / /      \ \     | |     / /      \ \ | (_______          
       |  __________|| |        | |    | |    | |        | | \________ \        
        \ \_________ | |        | |    | |     \ \______/ /___________) |       
         \__________||_|        |_|    |_|      \________//____________/        
                                                                                
====================================[ Qcore ]===================================

 Git hash:   15a3e7daff0cda5fa9af010ccd19a80288182ecf
 Git date:   Fri, 16 Apr 2021 15:57:16 +0100
 Compiler:   GNU 9.1.0
 Build type: Release
 Version:    1.1.0

 Start time: Tue Apr 27 14:09:13 2021

 Data directory: /work/zw18965/.local/qcore/share/entos/1.1.0/data
 Number of threads: 24
 Number of threads was determined by: command line argument
  - More threads can be used by running 'qcore -n 32'

 --------------------------------------------------------------------------------
                                command: optimize                                
 --------------------------------------------------------------------------------
 Using coordinate system:                tric
 Hessian update scheme:                  bfgs

 ------------------------------------------------------------------------------------------------------------
                   energy      change    grad rms    grad max    step rms    step max       trust    time (s)
 ------------------------------------------------------------------------------------------------------------
   1      -114.344461232                1.11e-02    2.75e-02                            2.00e-01        1.38
   2      -114.345032428   -5.71e-04    2.11e-03    5.63e-03    1.78e-02    2.55e-02    2.00e-01        1.18
   3      -114.345066284   -3.39e-05    4.34e-04    1.23e-03    6.90e-03    1.14e-02    2.00e-01        1.17
   4      -114.345069264   -2.98e-06    1.25e-04    2.05e-04    2.48e-03    4.50e-03    2.00e-01        1.19
   5      -114.345069517   -2.53e-07    2.29e-05    4.54e-05    6.27e-04    1.01e-03    2.00e-01        1.14
 Geometry optimization stopped:          thresholds achieved

 Final energy:                        -114.345069517

 -----------
  Final XYZ 
 -----------
4
Final structure: -114.345 hartree
C           -0.003608160          0.000534915          0.000337585
O            1.191858732         -0.157985936         -0.076675456
H           -0.488512143          0.987160890         -0.184890999
H           -0.700626704         -0.829383827          0.261650784

 Structure in entos input format:

  structure(
    xyz = [
      ['C'  ,         -0.003608160,          0.000534915,          0.000337585],
      ['O'  ,          1.191858732,         -0.157985936,         -0.076675456],
      ['H'  ,         -0.488512143,          0.987160890,         -0.184890999],
      ['H'  ,         -0.700626704,         -0.829383827,          0.261650784]
    ]
  )

 --------------------------------
  Geometry optimization finished 
 --------------------------------
 Saving results in set 'opt'

 --------------------------------------------------------------------------------
                                 command: hessian                                
 --------------------------------------------------------------------------------

WARNING: numerical method is specified for dft hessian, which is not efficient. Try switching to 'method = analytic'


 -------------------------------
  Numerical Geometrical Hessian 
 -------------------------------

 Compute hessian using two-point central differentiation.
 Step size (bohr):                       0.0100

 Frequencies (including translational and rotational modes):
 mode    frequency (cm-1)
    0                3.83 i (imaginary)
    1                1.07
    2                3.78
    3                9.65
    4               13.51
    5               26.62
    6             1204.93
    7             1274.78
    8             1544.98
    9             1814.80
   10             2950.30
   11             3013.88

 Project out translational and rotational motions 

 Degrees of freedom for translational and rotational motions: 6

 Vibrational frequencies:
 mode    frequency (cm-1)
    0             1204.93
    1             1274.78
    2             1544.98
    3             1814.80
    4             2950.30
    5             3013.88

 --------------------------------------------------------------------------------

 End time:                               Tue Apr 27 14:09:53 2021
 Total wall-clock time:                 39.679 seconds
==================================================================================
