
================================================================================
          _____________ ________ _______________ ________     _________         
         / ___________// ______ \\_____   _____// ______ \   / ________)        
        / /_________  / /      \ \     | |     / /      \ \ | (_______          
       |  __________|| |        | |    | |    | |        | | \________ \        
        \ \_________ | |        | |    | |     \ \______/ /___________) |       
         \__________||_|        |_|    |_|      \________//____________/        
                                                                                
====================================[ Qcore ]===================================

 Git hash:   15a3e7daff0cda5fa9af010ccd19a80288182ecf
 Git date:   Fri, 16 Apr 2021 15:57:16 +0100
 Compiler:   GNU 9.1.0
 Build type: Release
 Version:    1.1.0

 Start time: Tue Apr 27 14:11:19 2021

 Data directory: /work/zw18965/.local/qcore/share/entos/1.1.0/data
 Number of threads: 24
 Number of threads was determined by: command line argument
  - More threads can be used by running 'qcore -n 32'

 --------------------------------------------------------------------------------
                                command: optimize                                
 --------------------------------------------------------------------------------
 Using coordinate system:                tric
 Hessian update scheme:                  bfgs

 ------------------------------------------------------------------------------------------------------------
                   energy      change    grad rms    grad max    step rms    step max       trust    time (s)
 ------------------------------------------------------------------------------------------------------------
   1      -460.553145190                6.86e-03    1.19e-02                            2.00e-01        0.68
   2      -460.553305521   -1.60e-04    2.75e-03    4.77e-03    9.66e-03    1.93e-02    2.00e-01        0.47
   3      -460.553337617   -3.21e-05    1.25e-04    2.17e-04    6.47e-03    1.29e-02    2.00e-01        0.51
   4      -460.553337685   -6.81e-08    2.61e-06    4.55e-06    3.09e-04    6.18e-04    2.00e-01        0.50
 Geometry optimization stopped:          thresholds achieved

 Final energy:                        -460.553337685

 -----------
  Final XYZ 
 -----------
2
Final structure: -460.553 hartree
Cl           0.641260111          0.000000118         -0.000000165
H           -0.641261337         -0.000000113          0.000000157

 Structure in entos input format:

  structure(
    xyz = [
      ['Cl' ,          0.641260111,          0.000000118,         -0.000000165],
      ['H'  ,         -0.641261337,         -0.000000113,          0.000000157]
    ]
  )

 --------------------------------
  Geometry optimization finished 
 --------------------------------
 Saving results in set 'opt'

 --------------------------------------------------------------------------------
                                 command: hessian                                
 --------------------------------------------------------------------------------

WARNING: numerical method is specified for dft hessian, which is not efficient. Try switching to 'method = analytic'


 -------------------------------
  Numerical Geometrical Hessian 
 -------------------------------

 Compute hessian using two-point central differentiation.
 Step size (bohr):                       0.0100

 Frequencies (including translational and rotational modes):
 mode    frequency (cm-1)
    0                0.37 i (imaginary)
    1                0.25 i (imaginary)
    2                1.14
    3                3.47
    4                4.47
    5             3047.36

 Project out translational and rotational motions 

 The molecule is linear

 Degrees of freedom for translational and rotational motions: 5

 Vibrational frequencies:
 mode    frequency (cm-1)
    0             3047.36

 --------------------------------------------------------------------------------

 End time:                               Tue Apr 27 14:11:28 2021
 Total wall-clock time:                  9.065 seconds
==================================================================================
