
================================================================================
          _____________ ________ _______________ ________     _________         
         / ___________// ______ \\_____   _____// ______ \   / ________)        
        / /_________  / /      \ \     | |     / /      \ \ | (_______          
       |  __________|| |        | |    | |    | |        | | \________ \        
        \ \_________ | |        | |    | |     \ \______/ /___________) |       
         \__________||_|        |_|    |_|      \________//____________/        
                                                                                
====================================[ Qcore ]===================================

 Git hash:   15a3e7daff0cda5fa9af010ccd19a80288182ecf
 Git date:   Fri, 16 Apr 2021 15:57:16 +0100
 Compiler:   GNU 9.1.0
 Build type: Release
 Version:    1.1.0

 Start time: Tue Apr 27 14:11:28 2021

 Data directory: /work/zw18965/.local/qcore/share/entos/1.1.0/data
 Number of threads: 24
 Number of threads was determined by: command line argument
  - More threads can be used by running 'qcore -n 32'

 --------------------------------------------------------------------------------
                                command: optimize                                
 --------------------------------------------------------------------------------
 Using coordinate system:                tric
 Hessian update scheme:                  bfgs

 ------------------------------------------------------------------------------------------------------------
                   energy      change    grad rms    grad max    step rms    step max       trust    time (s)
 ------------------------------------------------------------------------------------------------------------
   1       -93.295172401                2.55e-02    5.79e-02                            2.00e-01        0.90
   2       -93.296526597   -1.35e-03    1.77e-03    4.17e-03    2.57e-02    4.60e-02    2.00e-01        0.67
   3       -93.296538195   -1.16e-05    3.99e-04    9.50e-04    2.62e-03    5.82e-03    2.00e-01        0.66
   4       -93.296538791   -5.97e-07    6.21e-06    1.69e-05    7.32e-04    1.64e-03    2.00e-01        0.64
   5       -93.296538822   -3.09e-08    5.01e-06    1.07e-05    1.16e-05    1.68e-04    2.00e-01        0.65
 Geometry optimization stopped:          thresholds achieved

 Final energy:                         -93.296538822

 -----------
  Final XYZ 
 -----------
3
Final structure: -93.2965 hartree
C           -0.030389090         -0.000080869          0.000000163
N            1.137538458         -0.000577323         -0.000000056
H           -1.106138960          0.000456076          0.000000218

 Structure in entos input format:

  structure(
    xyz = [
      ['C'  ,         -0.030389090,         -0.000080869,          0.000000163],
      ['N'  ,          1.137538458,         -0.000577323,         -0.000000056],
      ['H'  ,         -1.106138960,          0.000456076,          0.000000218]
    ]
  )

 --------------------------------
  Geometry optimization finished 
 --------------------------------
 Saving results in set 'opt'

 --------------------------------------------------------------------------------
                                 command: hessian                                
 --------------------------------------------------------------------------------

WARNING: numerical method is specified for dft hessian, which is not efficient. Try switching to 'method = analytic'


 -------------------------------
  Numerical Geometrical Hessian 
 -------------------------------

 Compute hessian using two-point central differentiation.
 Step size (bohr):                       0.0100

 Frequencies (including translational and rotational modes):
 mode    frequency (cm-1)
    0                6.30 i (imaginary)
    1                1.54 i (imaginary)
    2                5.53
    3               14.54
    4               14.69
    5              752.67
    6              752.67
    7             2116.37
    8             3499.81

 Project out translational and rotational motions 

 Degrees of freedom for translational and rotational motions: 6

 Vibrational frequencies:
 mode    frequency (cm-1)
    0              752.67
    1             2116.37
    2             3499.81

 --------------------------------------------------------------------------------

 End time:                               Tue Apr 27 14:11:46 2021
 Total wall-clock time:                 17.934 seconds
==================================================================================
