
================================================================================
          _____________ ________ _______________ ________     _________         
         / ___________// ______ \\_____   _____// ______ \   / ________)        
        / /_________  / /      \ \     | |     / /      \ \ | (_______          
       |  __________|| |        | |    | |    | |        | | \________ \        
        \ \_________ | |        | |    | |     \ \______/ /___________) |       
         \__________||_|        |_|    |_|      \________//____________/        
                                                                                
====================================[ Qcore ]===================================

 Git hash:   15a3e7daff0cda5fa9af010ccd19a80288182ecf
 Git date:   Fri, 16 Apr 2021 15:57:16 +0100
 Compiler:   GNU 9.1.0
 Build type: Release
 Version:    1.1.0

 Start time: Tue Apr 27 14:12:11 2021

 Data directory: /work/zw18965/.local/qcore/share/entos/1.1.0/data
 Number of threads: 24
 Number of threads was determined by: command line argument
  - More threads can be used by running 'qcore -n 32'

 --------------------------------------------------------------------------------
                                command: optimize                                
 --------------------------------------------------------------------------------
 Using coordinate system:                tric
 Hessian update scheme:                  bfgs

 ------------------------------------------------------------------------------------------------------------
                   energy      change    grad rms    grad max    step rms    step max       trust    time (s)
 ------------------------------------------------------------------------------------------------------------
   1      -535.608357378                7.31e-03    1.64e-02                            2.00e-01        1.29
   2      -535.609040600   -6.83e-04    4.29e-03    7.72e-03    3.30e-02    5.03e-02    2.00e-01        1.06
   3      -535.609298826   -2.58e-04    1.87e-03    3.89e-03    3.18e-02    4.91e-02    2.00e-01        1.01
   4      -535.609320952   -2.21e-05    1.00e-03    2.13e-03    3.17e-03    7.64e-03    2.00e-01        1.03
   5      -535.609331465   -1.05e-05    5.00e-05    8.44e-05    4.10e-03    8.58e-03    2.00e-01        1.00
   6      -535.609331794   -3.28e-07    4.19e-05    7.02e-05    4.11e-04    2.44e-03    2.00e-01        1.00
   7      -535.609333375   -1.58e-06    1.75e-04    3.96e-04    1.35e-03    1.61e-02    2.00e-01        1.02
   8      -535.609336743   -3.37e-06    4.04e-04    8.80e-04    1.94e-03    4.16e-02    2.00e-01        1.02
   9      -535.609341162   -4.42e-06    7.62e-04    1.63e-03    2.96e-03    1.07e-01    2.00e-01        0.99
  10      -535.609345067   -3.91e-06    4.93e-04    1.04e-03    2.28e-03    2.89e-02    2.00e-01        1.01
  11      -535.609350315   -5.25e-06    1.56e-04    2.94e-04    2.90e-03    2.05e-02    2.00e-01        1.01
  12      -535.609351794   -1.48e-06    1.25e-05    2.85e-05    1.31e-03    3.16e-02    2.00e-01        1.02
Rejecting step due to low quality: Quality: -1.21315 New trust radius: 5.77604e-05
  13      -535.609351787    6.40e-09    1.25e-05    2.85e-05    1.16e-04    1.61e-03    5.78e-05        1.02
  14      -535.609351784    9.34e-09    6.93e-06    1.43e-05    5.78e-05    8.07e-04    2.89e-05        1.00
 Geometry optimization stopped:          thresholds achieved

 Final energy:                        -535.609351784

 -----------
  Final XYZ 
 -----------
3
Final structure: -535.609 hartree
O           -0.409640722          0.438341651          0.000001773
Cl           1.248211328          0.001718423         -0.000046727
H           -0.840951295         -0.431249209          0.000016073

 Structure in entos input format:

  structure(
    xyz = [
      ['O'  ,         -0.409640722,          0.438341651,          0.000001773],
      ['Cl' ,          1.248211328,          0.001718423,         -0.000046727],
      ['H'  ,         -0.840951295,         -0.431249209,          0.000016073]
    ]
  )

 --------------------------------
  Geometry optimization finished 
 --------------------------------
 Saving results in set 'opt'

 --------------------------------------------------------------------------------
                                 command: hessian                                
 --------------------------------------------------------------------------------

WARNING: numerical method is specified for dft hessian, which is not efficient. Try switching to 'method = analytic'


 -------------------------------
  Numerical Geometrical Hessian 
 -------------------------------

 Compute hessian using two-point central differentiation.
 Step size (bohr):                       0.0100

 Frequencies (including translational and rotational modes):
 mode    frequency (cm-1)
    0               22.48 i (imaginary)
    1                1.74 i (imaginary)
    2                1.04 i (imaginary)
    3                0.92
    4               34.42
    5               45.97
    6              732.53
    7             1258.31
    8             3794.20

 Project out translational and rotational motions 

 Degrees of freedom for translational and rotational motions: 6

 Vibrational frequencies:
 mode    frequency (cm-1)
    0              732.53
    1             1258.31
    2             3794.20

 --------------------------------------------------------------------------------

 End time:                               Tue Apr 27 14:12:47 2021
 Total wall-clock time:                 35.987 seconds
==================================================================================
