
================================================================================
          _____________ ________ _______________ ________     _________         
         / ___________// ______ \\_____   _____// ______ \   / ________)        
        / /_________  / /      \ \     | |     / /      \ \ | (_______          
       |  __________|| |        | |    | |    | |        | | \________ \        
        \ \_________ | |        | |    | |     \ \______/ /___________) |       
         \__________||_|        |_|    |_|      \________//____________/        
                                                                                
====================================[ Qcore ]===================================

 Git hash:   15a3e7daff0cda5fa9af010ccd19a80288182ecf
 Git date:   Fri, 16 Apr 2021 15:57:16 +0100
 Compiler:   GNU 9.1.0
 Build type: Release
 Version:    1.1.0

 Start time: Tue Apr 27 14:13:47 2021

 Data directory: /work/zw18965/.local/qcore/share/entos/1.1.0/data
 Number of threads: 24
 Number of threads was determined by: command line argument
  - More threads can be used by running 'qcore -n 32'

 --------------------------------------------------------------------------------
                                command: optimize                                
 --------------------------------------------------------------------------------
 Using coordinate system:                tric
 Hessian update scheme:                  bfgs

 ------------------------------------------------------------------------------------------------------------
                   energy      change    grad rms    grad max    step rms    step max       trust    time (s)
 ------------------------------------------------------------------------------------------------------------
   1      -511.166804389                1.42e-02    3.41e-02                            2.00e-01        1.50
   2      -511.167782963   -9.79e-04    6.94e-03    1.54e-02    2.03e-02    3.07e-02    2.00e-01        1.30
   3      -511.167991168   -2.08e-04    2.30e-03    5.64e-03    1.17e-02    2.33e-02    2.00e-01        1.25
   4      -511.168003232   -1.21e-05    5.29e-04    1.22e-03    2.20e-03    5.34e-03    2.00e-01        1.27
   5      -511.168003781   -5.49e-07    4.48e-05    1.04e-04    3.75e-04    8.88e-04    2.00e-01        1.23
 Geometry optimization stopped:          thresholds achieved

 Final energy:                        -511.168003781

 -----------
  Final XYZ 
 -----------
3
Final structure: -511.168 hartree
O           -0.000000553         -0.000000731         -1.282896007
C            0.000000106         -0.000000774         -0.115103013
S            0.000001151         -0.000001155          1.456481746

 Structure in entos input format:

  structure(
    xyz = [
      ['O'  ,         -0.000000553,         -0.000000731,         -1.282896007],
      ['C'  ,          0.000000106,         -0.000000774,         -0.115103013],
      ['S'  ,          0.000001151,         -0.000001155,          1.456481746]
    ]
  )

 --------------------------------
  Geometry optimization finished 
 --------------------------------
 Saving results in set 'opt'

 --------------------------------------------------------------------------------
                                 command: hessian                                
 --------------------------------------------------------------------------------

WARNING: numerical method is specified for dft hessian, which is not efficient. Try switching to 'method = analytic'


 -------------------------------
  Numerical Geometrical Hessian 
 -------------------------------

 Compute hessian using two-point central differentiation.
 Step size (bohr):                       0.0100

 Frequencies (including translational and rotational modes):
 mode    frequency (cm-1)
    0                1.44
    1                8.27
    2                8.31
    3                8.84
    4                8.92
    5              522.42
    6              522.42
    7              888.18
    8             2111.17

 Project out translational and rotational motions 

 Degrees of freedom for translational and rotational motions: 6

 Vibrational frequencies:
 mode    frequency (cm-1)
    0              522.42
    1              888.18
    2             2111.17

 --------------------------------------------------------------------------------

 End time:                               Tue Apr 27 14:14:20 2021
 Total wall-clock time:                 33.611 seconds
==================================================================================
