
================================================================================
          _____________ ________ _______________ ________     _________         
         / ___________// ______ \\_____   _____// ______ \   / ________)        
        / /_________  / /      \ \     | |     / /      \ \ | (_______          
       |  __________|| |        | |    | |    | |        | | \________ \        
        \ \_________ | |        | |    | |     \ \______/ /___________) |       
         \__________||_|        |_|    |_|      \________//____________/        
                                                                                
====================================[ Qcore ]===================================

 Git hash:   15a3e7daff0cda5fa9af010ccd19a80288182ecf
 Git date:   Fri, 16 Apr 2021 15:57:16 +0100
 Compiler:   GNU 9.1.0
 Build type: Release
 Version:    1.1.0

 Start time: Tue Apr 27 14:14:20 2021

 Data directory: /work/zw18965/.local/qcore/share/entos/1.1.0/data
 Number of threads: 24
 Number of threads was determined by: command line argument
  - More threads can be used by running 'qcore -n 32'

 --------------------------------------------------------------------------------
                                command: optimize                                
 --------------------------------------------------------------------------------
 Using coordinate system:                tric
 Hessian update scheme:                  bfgs

 ------------------------------------------------------------------------------------------------------------
                   energy      change    grad rms    grad max    step rms    step max       trust    time (s)
 ------------------------------------------------------------------------------------------------------------
   1      -342.902123804                7.60e-03    1.40e-02                            2.00e-01        1.33
   2      -342.903082226   -9.58e-04    3.24e-03    9.34e-03    7.88e-02    5.31e-02    2.00e-01        1.15
   3      -342.903276851   -1.95e-04    4.13e-04    1.08e-03    2.24e-02    2.29e-02    2.00e-01        1.14
   4      -342.903279224   -2.37e-06    1.37e-05    2.72e-05    1.66e-03    2.41e-03    2.00e-01        1.13
   5      -342.903279230   -6.02e-09    3.78e-06    7.55e-06    1.50e-04    2.30e-04    2.00e-01        1.15
 Geometry optimization stopped:          thresholds achieved

 Final energy:                        -342.903279230

 -----------
  Final XYZ 
 -----------
4
Final structure: -342.903 hartree
P           -0.005663680         -0.001327851          0.575054351
H           -0.660765919         -0.994874222         -0.200351928
H           -0.529092013          1.071697625         -0.194476781
H            1.194684953         -0.075673860         -0.180721450

 Structure in entos input format:

  structure(
    xyz = [
      ['P'  ,         -0.005663680,         -0.001327851,          0.575054351],
      ['H'  ,         -0.660765919,         -0.994874222,         -0.200351928],
      ['H'  ,         -0.529092013,          1.071697625,         -0.194476781],
      ['H'  ,          1.194684953,         -0.075673860,         -0.180721450]
    ]
  )

 --------------------------------
  Geometry optimization finished 
 --------------------------------
 Saving results in set 'opt'

 --------------------------------------------------------------------------------
                                 command: hessian                                
 --------------------------------------------------------------------------------

WARNING: numerical method is specified for dft hessian, which is not efficient. Try switching to 'method = analytic'


 -------------------------------
  Numerical Geometrical Hessian 
 -------------------------------

 Compute hessian using two-point central differentiation.
 Step size (bohr):                       0.0100

 Frequencies (including translational and rotational modes):
 mode    frequency (cm-1)
    0               33.92 i (imaginary)
    1                3.10 i (imaginary)
    2                2.04 i (imaginary)
    3                2.70
    4               20.27
    5               37.68
    6             1045.93
    7             1162.72
    8             1163.62
    9             2454.97
   10             2467.33
   11             2467.42

 Project out translational and rotational motions 

 Degrees of freedom for translational and rotational motions: 6

 Vibrational frequencies:
 mode    frequency (cm-1)
    0             1045.93
    1             1162.72
    2             1163.62
    3             2454.97
    4             2467.33
    5             2467.42

 --------------------------------------------------------------------------------

 End time:                               Tue Apr 27 14:14:58 2021
 Total wall-clock time:                 38.033 seconds
==================================================================================
