
================================================================================
          _____________ ________ _______________ ________     _________         
         / ___________// ______ \\_____   _____// ______ \   / ________)        
        / /_________  / /      \ \     | |     / /      \ \ | (_______          
       |  __________|| |        | |    | |    | |        | | \________ \        
        \ \_________ | |        | |    | |     \ \______/ /___________) |       
         \__________||_|        |_|    |_|      \________//____________/        
                                                                                
====================================[ Qcore ]===================================

 Git hash:   15a3e7daff0cda5fa9af010ccd19a80288182ecf
 Git date:   Fri, 16 Apr 2021 15:57:16 +0100
 Compiler:   GNU 9.1.0
 Build type: Release
 Version:    1.1.0

 Start time: Tue Apr 27 13:54:12 2021

 Data directory: /work/zw18965/.local/qcore/share/entos/1.1.0/data
 Number of threads: 24
 Number of threads was determined by: command line argument
  - More threads can be used by running 'qcore -n 32'

 --------------------------------------------------------------------------------
                                command: optimize                                
 --------------------------------------------------------------------------------
 Using coordinate system:                tric
 Hessian update scheme:                  bfgs

 ------------------------------------------------------------------------------------------------------------
                   energy      change    grad rms    grad max    step rms    step max       trust    time (s)
 ------------------------------------------------------------------------------------------------------------
   1       -26.579172543                6.15e-03    1.08e-02                            2.00e-01        1.52
   2       -26.579975892   -8.03e-04    1.77e-03    3.10e-03    2.95e-02    3.42e-02    2.00e-01        0.17
   3       -26.580052628   -7.67e-05    1.04e-04    1.85e-04    1.19e-02    1.38e-02    2.00e-01        0.17
   4       -26.580052909   -2.81e-07    4.67e-06    8.74e-06    7.46e-04    8.72e-04    2.00e-01        0.17
 Geometry optimization stopped:          thresholds achieved

 Final energy:                         -26.580052909

 -----------
  Final XYZ 
 -----------
4
Final structure: -26.5801 hartree
B            0.000005062          0.000015957         -0.198493274
H           -0.408277150         -1.052399603          0.224546615
H           -0.174330558          1.011863410          0.433137690
H            0.582602662          0.040520231         -1.253063296

 Structure in entos input format:

  structure(
    xyz = [
      ['B'  ,          0.000005062,          0.000015957,         -0.198493274],
      ['H'  ,         -0.408277150,         -1.052399603,          0.224546615],
      ['H'  ,         -0.174330558,          1.011863410,          0.433137690],
      ['H'  ,          0.582602662,          0.040520231,         -1.253063296]
    ]
  )

 --------------------------------
  Geometry optimization finished 
 --------------------------------
 Saving results in set 'opt'

 --------------------------------------------------------------------------------
                                 command: hessian                                
 --------------------------------------------------------------------------------

WARNING: semianalytic method is specified for dft hessian, which is not efficient. Try switching to 'method = analytic'


 -------------------------------
  Numerical Geometrical Hessian 
 -------------------------------

 Compute hessian using two-point central differentiation.
 Step size (bohr):                       0.0100

 Frequencies (including translational and rotational modes):
 mode    frequency (cm-1)
    0               55.68 i (imaginary)
    1                0.15 i (imaginary)
    2                0.08 i (imaginary)
    3                0.06 i (imaginary)
    4               22.85
    5               33.41
    6             1131.47
    7             1157.41
    8             1157.82
    9             2493.87
   10             2630.12
   11             2630.25

 Project out translational and rotational motions 

 Degrees of freedom for translational and rotational motions: 6

 Vibrational frequencies:
 mode    frequency (cm-1)
    0             1131.46
    1             1157.41
    2             1157.82
    3             2493.87
    4             2630.12
    5             2630.25

 --------------------------------------------------------------------------------

 End time:                               Tue Apr 27 13:54:19 2021
 Total wall-clock time:                  7.124 seconds
==================================================================================
