
================================================================================
          _____________ ________ _______________ ________     _________         
         / ___________// ______ \\_____   _____// ______ \   / ________)        
        / /_________  / /      \ \     | |     / /      \ \ | (_______          
       |  __________|| |        | |    | |    | |        | | \________ \        
        \ \_________ | |        | |    | |     \ \______/ /___________) |       
         \__________||_|        |_|    |_|      \________//____________/        
                                                                                
====================================[ Qcore ]===================================

 Git hash:   15a3e7daff0cda5fa9af010ccd19a80288182ecf
 Git date:   Fri, 16 Apr 2021 15:57:16 +0100
 Compiler:   GNU 9.1.0
 Build type: Release
 Version:    1.1.0

 Start time: Tue Apr 27 13:54:40 2021

 Data directory: /work/zw18965/.local/qcore/share/entos/1.1.0/data
 Number of threads: 24
 Number of threads was determined by: command line argument
  - More threads can be used by running 'qcore -n 32'

 --------------------------------------------------------------------------------
                                command: optimize                                
 --------------------------------------------------------------------------------
 Using coordinate system:                tric
 Hessian update scheme:                  bfgs

 ------------------------------------------------------------------------------------------------------------
                   energy      change    grad rms    grad max    step rms    step max       trust    time (s)
 ------------------------------------------------------------------------------------------------------------
   1      -958.406909739                2.46e-02    5.52e-02                            2.00e-01        0.57
   2      -958.412446279   -5.54e-03    1.62e-02    3.26e-02    9.64e-02    1.14e-01    2.00e-01        0.35
   3      -958.415133266   -2.69e-03    6.17e-03    1.10e-02    6.34e-02    7.49e-02    2.00e-01        0.38
   4      -958.415708085   -5.75e-04    1.55e-03    3.07e-03    3.02e-02    3.92e-02    2.00e-01        0.36
   5      -958.415761502   -5.34e-05    1.21e-04    2.65e-04    1.36e-02    1.23e-02    2.00e-01        0.36
   6      -958.415762250   -7.48e-07    2.03e-05    4.54e-05    1.53e-03    2.20e-03    2.00e-01        0.35
   7      -958.415762436   -1.86e-07    3.40e-05    6.77e-05    3.86e-04    2.82e-03    2.00e-01        0.32
   8      -958.415763747   -1.31e-06    1.19e-04    2.50e-04    1.32e-03    2.04e-02    2.00e-01        0.34
   9      -958.415765185   -1.44e-06    1.61e-04    3.47e-04    6.57e-04    3.04e-02    2.00e-01        0.35
  10      -958.415766278   -1.09e-06    1.16e-04    2.56e-04    6.35e-04    2.66e-02    2.00e-01        0.35
  11      -958.415766785   -5.07e-07    3.07e-05    7.29e-05    1.25e-03    7.10e-03    2.00e-01        0.35
  12      -958.415766861   -7.54e-08    9.70e-06    2.21e-05    3.95e-04    1.99e-03    2.00e-01        0.33
Rejecting step due to low quality: Quality: -28.6889 New trust radius: 9.28625e-06
  13      -958.415766846    1.49e-08    9.70e-06    2.21e-05    1.86e-05    5.52e-04    9.29e-06        0.32
 Geometry optimization stopped:          thresholds achieved

 Final energy:                        -958.415766846

 -----------
  Final XYZ 
 -----------
3
Final structure: -958.416 hartree
C            0.000000202         -0.053315371          0.023089628
Cl           0.000007296          0.968040448         -1.414238404
Cl          -0.000007498          0.968595504          1.459878197

 Structure in entos input format:

  structure(
    xyz = [
      ['C'  ,          0.000000202,         -0.053315371,          0.023089628],
      ['Cl' ,          0.000007296,          0.968040448,         -1.414238404],
      ['Cl' ,         -0.000007498,          0.968595504,          1.459878197]
    ]
  )

 --------------------------------
  Geometry optimization finished 
 --------------------------------
 Saving results in set 'opt'

 --------------------------------------------------------------------------------
                                 command: hessian                                
 --------------------------------------------------------------------------------

WARNING: semianalytic method is specified for dft hessian, which is not efficient. Try switching to 'method = analytic'


 -------------------------------
  Numerical Geometrical Hessian 
 -------------------------------

 Compute hessian using two-point central differentiation.
 Step size (bohr):                       0.0100

 Frequencies (including translational and rotational modes):
 mode    frequency (cm-1)
    0                0.03 i (imaginary)
    1                0.02 i (imaginary)
    2                0.01 i (imaginary)
    3               17.68
    4               19.14
    5               44.47
    6              310.39
    7              664.62
    8              672.19

 Project out translational and rotational motions 

 Degrees of freedom for translational and rotational motions: 6

 Vibrational frequencies:
 mode    frequency (cm-1)
    0              310.39
    1              664.62
    2              672.19

 --------------------------------------------------------------------------------

 End time:                               Tue Apr 27 13:54:52 2021
 Total wall-clock time:                 11.332 seconds
==================================================================================
