
================================================================================
          _____________ ________ _______________ ________     _________         
         / ___________// ______ \\_____   _____// ______ \   / ________)        
        / /_________  / /      \ \     | |     / /      \ \ | (_______          
       |  __________|| |        | |    | |    | |        | | \________ \        
        \ \_________ | |        | |    | |     \ \______/ /___________) |       
         \__________||_|        |_|    |_|      \________//____________/        
                                                                                
====================================[ Qcore ]===================================

 Git hash:   15a3e7daff0cda5fa9af010ccd19a80288182ecf
 Git date:   Fri, 16 Apr 2021 15:57:16 +0100
 Compiler:   GNU 9.1.0
 Build type: Release
 Version:    1.1.0

 Start time: Tue Apr 27 13:56:43 2021

 Data directory: /work/zw18965/.local/qcore/share/entos/1.1.0/data
 Number of threads: 24
 Number of threads was determined by: command line argument
  - More threads can be used by running 'qcore -n 32'

 --------------------------------------------------------------------------------
                                command: optimize                                
 --------------------------------------------------------------------------------
 Using coordinate system:                tric
 Hessian update scheme:                  bfgs

 ------------------------------------------------------------------------------------------------------------
                   energy      change    grad rms    grad max    step rms    step max       trust    time (s)
 ------------------------------------------------------------------------------------------------------------
   1      -511.556662227                2.08e-02    4.48e-02                            2.00e-01        0.59
   2      -511.558792452   -2.13e-03    8.52e-03    2.02e-02    3.07e-02    3.90e-02    2.00e-01        0.30
   3      -511.559163107   -3.71e-04    3.91e-03    9.51e-03    1.56e-02    2.83e-02    2.00e-01        0.28
   4      -511.559204580   -4.15e-05    1.42e-03    3.38e-03    4.51e-03    1.04e-02    2.00e-01        0.27
   5      -511.559208902   -4.32e-06    2.16e-04    4.91e-04    1.14e-03    2.59e-03    2.00e-01        0.29
   6      -511.559209031   -1.29e-07    1.81e-05    4.04e-05    2.35e-04    4.80e-04    2.00e-01        0.30
 Geometry optimization stopped:          thresholds achieved

 Final energy:                        -511.559209031

 -----------
  Final XYZ 
 -----------
3
Final structure: -511.559 hartree
O           -0.000000022          0.000000493         -1.293856226
C           -0.000000042          0.000000033         -0.114742884
S            0.000000064         -0.000000526          1.467599110

 Structure in entos input format:

  structure(
    xyz = [
      ['O'  ,         -0.000000022,          0.000000493,         -1.293856226],
      ['C'  ,         -0.000000042,          0.000000033,         -0.114742884],
      ['S'  ,          0.000000064,         -0.000000526,          1.467599110]
    ]
  )

 --------------------------------
  Geometry optimization finished 
 --------------------------------
 Saving results in set 'opt'

 --------------------------------------------------------------------------------
                                 command: hessian                                
 --------------------------------------------------------------------------------

WARNING: semianalytic method is specified for dft hessian, which is not efficient. Try switching to 'method = analytic'


 -------------------------------
  Numerical Geometrical Hessian 
 -------------------------------

 Compute hessian using two-point central differentiation.
 Step size (bohr):                       0.0100

 Frequencies (including translational and rotational modes):
 mode    frequency (cm-1)
    0                2.62 i (imaginary)
    1                2.60 i (imaginary)
    2                0.01 i (imaginary)
    3                0.07
    4                0.13
    5              483.94
    6              483.94
    7              845.42
    8             2009.57

 Project out translational and rotational motions 

 Degrees of freedom for translational and rotational motions: 6

 Vibrational frequencies:
 mode    frequency (cm-1)
    0              483.94
    1              845.42
    2             2009.57

 --------------------------------------------------------------------------------

 End time:                               Tue Apr 27 13:56:51 2021
 Total wall-clock time:                  7.741 seconds
==================================================================================
