
================================================================================
          _____________ ________ _______________ ________     _________         
         / ___________// ______ \\_____   _____// ______ \   / ________)        
        / /_________  / /      \ \     | |     / /      \ \ | (_______          
       |  __________|| |        | |    | |    | |        | | \________ \        
        \ \_________ | |        | |    | |     \ \______/ /___________) |       
         \__________||_|        |_|    |_|      \________//____________/        
                                                                                
====================================[ Qcore ]===================================

 Git hash:   15a3e7daff0cda5fa9af010ccd19a80288182ecf
 Git date:   Fri, 16 Apr 2021 15:57:16 +0100
 Compiler:   GNU 9.1.0
 Build type: Release
 Version:    1.1.0

 Start time: Tue Apr 27 14:03:00 2021

 Data directory: /work/zw18965/.local/qcore/share/entos/1.1.0/data
 Number of threads: 24
 Number of threads was determined by: command line argument
  - More threads can be used by running 'qcore -n 32'

 --------------------------------------------------------------------------------
                                command: optimize                                
 --------------------------------------------------------------------------------
 Using coordinate system:                tric
 Hessian update scheme:                  bfgs

 ------------------------------------------------------------------------------------------------------------
                   energy      change    grad rms    grad max    step rms    step max       trust    time (s)
 ------------------------------------------------------------------------------------------------------------
   1       -40.497311696                4.67e-03    7.56e-03                            2.00e-01        1.46
   2       -40.497728748   -4.17e-04    1.15e-03    1.84e-03    1.66e-02    1.86e-02    2.00e-01        1.07
   3       -40.497756725   -2.80e-05    4.42e-05    7.14e-05    5.41e-03    6.12e-03    2.00e-01        1.02
   4       -40.497756771   -4.56e-08    7.73e-06    1.71e-05    2.20e-04    2.67e-04    2.00e-01        1.05
 Geometry optimization stopped:          thresholds achieved

 Final energy:                         -40.497756771

 -----------
  Final XYZ 
 -----------
5
Final structure: -40.4978 hartree
C           -0.000021584          0.000027397         -0.000048061
H            0.557520799          0.804656857          0.499774826
H            0.687720490         -0.818510337         -0.255206964
H           -0.783136735         -0.375966341          0.673369951
H           -0.462182969          0.389892422         -0.917889847

 Structure in entos input format:

  structure(
    xyz = [
      ['C'  ,         -0.000021584,          0.000027397,         -0.000048061],
      ['H'  ,          0.557520799,          0.804656857,          0.499774826],
      ['H'  ,          0.687720490,         -0.818510337,         -0.255206964],
      ['H'  ,         -0.783136735,         -0.375966341,          0.673369951],
      ['H'  ,         -0.462182969,          0.389892422,         -0.917889847]
    ]
  )

 --------------------------------
  Geometry optimization finished 
 --------------------------------
 Saving results in set 'opt'

 --------------------------------------------------------------------------------
                                 command: hessian                                
 --------------------------------------------------------------------------------

WARNING: semianalytic method is specified for dft hessian, which is not efficient. Try switching to 'method = analytic'


 -------------------------------
  Numerical Geometrical Hessian 
 -------------------------------

 Compute hessian using two-point central differentiation.
 Step size (bohr):                       0.0100

 Frequencies (including translational and rotational modes):
 mode    frequency (cm-1)
    0               96.12 i (imaginary)
    1               67.20 i (imaginary)
    2               10.91 i (imaginary)
    3                4.46
    4               70.33
    5              159.54
    6             1295.01
    7             1303.22
    8             1306.79
    9             1518.51
   10             1523.09
   11             3033.68
   12             3149.31
   13             3150.78
   14             3160.02

 Project out translational and rotational motions 

 Degrees of freedom for translational and rotational motions: 6

 Vibrational frequencies:
 mode    frequency (cm-1)
    0             1294.97
    1             1303.14
    2             1306.71
    3             1518.49
    4             1523.03
    5             3033.60
    6             3149.30
    7             3150.77
    8             3160.02

 --------------------------------------------------------------------------------

 End time:                               Tue Apr 27 14:03:38 2021
 Total wall-clock time:                 37.407 seconds
==================================================================================
