
================================================================================
          _____________ ________ _______________ ________     _________         
         / ___________// ______ \\_____   _____// ______ \   / ________)        
        / /_________  / /      \ \     | |     / /      \ \ | (_______          
       |  __________|| |        | |    | |    | |        | | \________ \        
        \ \_________ | |        | |    | |     \ \______/ /___________) |       
         \__________||_|        |_|    |_|      \________//____________/        
                                                                                
====================================[ Qcore ]===================================

 Git hash:   15a3e7daff0cda5fa9af010ccd19a80288182ecf
 Git date:   Fri, 16 Apr 2021 15:57:16 +0100
 Compiler:   GNU 9.1.0
 Build type: Release
 Version:    1.1.0

 Start time: Sat May  8 09:38:58 2021

 Data directory: /work/zw18965/.local/qcore/share/entos/1.1.0/data
 Number of threads: 24
 Number of threads was determined by: command line argument

 --------------------------------------------------------------------------------
                                command: optimize                                
 --------------------------------------------------------------------------------
 Using coordinate system:                tric
 Hessian update scheme:                  bfgs

 ------------------------------------------------------------------------------------------------------------
                   energy      change    grad rms    grad max    step rms    step max       trust    time (s)
 ------------------------------------------------------------------------------------------------------------
   1      -552.993733812                1.51e-02    3.45e-02                            2.00e-01        4.18
   2      -552.994328344   -5.95e-04    3.05e-03    6.69e-03    1.72e-02    2.89e-02    2.00e-01        3.08
   3      -552.994361609   -3.33e-05    1.81e-03    4.12e-03    3.53e-03    7.53e-03    2.00e-01        3.01
   4      -552.994375585   -1.40e-05    6.41e-05    1.52e-04    3.80e-03    8.52e-03    2.00e-01        3.04
   5      -552.994375594   -9.15e-09    4.13e-06    6.41e-06    8.85e-05    1.97e-04    2.00e-01        2.78
 Geometry optimization stopped:          thresholds achieved

 Final energy:                        -552.994375594

 -----------
  Final XYZ 
 -----------
3
Final structure: -552.994 hartree
Cl           1.418511569         -0.809022091         -0.000011389
C           -0.153327783         -0.329202430          0.000027608
N           -1.265183781          0.010287286         -0.000016219

 Structure in entos input format:

  structure(
    xyz = [
      ['Cl' ,          1.418511569,         -0.809022091,         -0.000011389],
      ['C'  ,         -0.153327783,         -0.329202430,          0.000027608],
      ['N'  ,         -1.265183781,          0.010287286,         -0.000016219]
    ]
  )

 --------------------------------
  Geometry optimization finished 
 --------------------------------
 Saving results in set 'opt'

 --------------------------------------------------------------------------------
                                 command: hessian                                
 --------------------------------------------------------------------------------

WARNING: semianalytic method is specified for dft hessian, which is not efficient. Try switching to 'method = analytic'


 -------------------------------
  Numerical Geometrical Hessian 
 -------------------------------

 Compute hessian using two-point central differentiation.
 Step size (bohr):                       0.0100

 Frequencies (including translational and rotational modes):
 mode    frequency (cm-1)
    0                3.09 i (imaginary)
    1                0.02 i (imaginary)
    2                0.01 i (imaginary)
    3                0.14
    4               10.38
    5              383.64
    6              384.69
    7              753.11
    8             2328.22

 Project out translational and rotational motions 

 Degrees of freedom for translational and rotational motions: 6

 Vibrational frequencies:
 mode    frequency (cm-1)
    0              384.10
    1              753.11
    2             2328.22

 --------------------------------------------------------------------------------

 End time:                               Sat May  8 09:40:11 2021
 Total wall-clock time:                 73.393 seconds
==================================================================================
