
================================================================================
          _____________ ________ _______________ ________     _________         
         / ___________// ______ \\_____   _____// ______ \   / ________)        
        / /_________  / /      \ \     | |     / /      \ \ | (_______          
       |  __________|| |        | |    | |    | |        | | \________ \        
        \ \_________ | |        | |    | |     \ \______/ /___________) |       
         \__________||_|        |_|    |_|      \________//____________/        
                                                                                
====================================[ Qcore ]===================================

 Git hash:   15a3e7daff0cda5fa9af010ccd19a80288182ecf
 Git date:   Fri, 16 Apr 2021 15:57:16 +0100
 Compiler:   GNU 9.1.0
 Build type: Release
 Version:    1.1.0

 Start time: Sat May  8 09:43:05 2021

 Data directory: /work/zw18965/.local/qcore/share/entos/1.1.0/data
 Number of threads: 24
 Number of threads was determined by: command line argument

 --------------------------------------------------------------------------------
                                command: optimize                                
 --------------------------------------------------------------------------------
 Using coordinate system:                tric
 Hessian update scheme:                  bfgs

 ------------------------------------------------------------------------------------------------------------
                   energy      change    grad rms    grad max    step rms    step max       trust    time (s)
 ------------------------------------------------------------------------------------------------------------
   1      -436.199419689                1.34e-02    2.31e-02                            2.00e-01        2.12
   2      -436.199749263   -3.30e-04    6.03e-03    1.04e-02    9.87e-03    1.97e-02    2.00e-01        1.27
   3      -436.199837005   -8.77e-05    3.04e-04    5.27e-04    8.11e-03    1.62e-02    2.00e-01        1.30
   4      -436.199837205   -1.99e-07    7.39e-06    1.28e-05    4.31e-04    8.62e-04    2.00e-01        1.17
 Geometry optimization stopped:          thresholds achieved

 Final energy:                        -436.199837205

 -----------
  Final XYZ 
 -----------
2
Final structure: -436.2 hartree
C           -0.000000229          0.000000063          0.001558333
S            0.000000229         -0.000000063          1.538141665

 Structure in entos input format:

  structure(
    xyz = [
      ['C'  ,         -0.000000229,          0.000000063,          0.001558333],
      ['S'  ,          0.000000229,         -0.000000063,          1.538141665]
    ]
  )

 --------------------------------
  Geometry optimization finished 
 --------------------------------
 Saving results in set 'opt'

 --------------------------------------------------------------------------------
                                 command: hessian                                
 --------------------------------------------------------------------------------

WARNING: semianalytic method is specified for dft hessian, which is not efficient. Try switching to 'method = analytic'


 -------------------------------
  Numerical Geometrical Hessian 
 -------------------------------

 Compute hessian using two-point central differentiation.
 Step size (bohr):                       0.0100

 Frequencies (including translational and rotational modes):
 mode    frequency (cm-1)
    0               20.40 i (imaginary)
    1               20.40 i (imaginary)
    2                0.00 i (imaginary)
    3                0.00 i (imaginary)
    4                0.02
    5             1341.72

 Project out translational and rotational motions 

 The molecule is linear

 Degrees of freedom for translational and rotational motions: 5

 Vibrational frequencies:
 mode    frequency (cm-1)
    0             1341.72

 --------------------------------------------------------------------------------

 End time:                               Sat May  8 09:43:28 2021
 Total wall-clock time:                 23.126 seconds
==================================================================================
