
================================================================================
          _____________ ________ _______________ ________     _________         
         / ___________// ______ \\_____   _____// ______ \   / ________)        
        / /_________  / /      \ \     | |     / /      \ \ | (_______          
       |  __________|| |        | |    | |    | |        | | \________ \        
        \ \_________ | |        | |    | |     \ \______/ /___________) |       
         \__________||_|        |_|    |_|      \________//____________/        
                                                                                
====================================[ Qcore ]===================================

 Git hash:   15a3e7daff0cda5fa9af010ccd19a80288182ecf
 Git date:   Fri, 16 Apr 2021 15:57:16 +0100
 Compiler:   GNU 9.1.0
 Build type: Release
 Version:    1.1.0

 Start time: Tue Apr 27 14:11:12 2021

 Data directory: /work/zw18965/.local/qcore/share/entos/1.1.0/data
 Number of threads: 24
 Number of threads was determined by: command line argument
  - More threads can be used by running 'qcore -n 32'

 --------------------------------------------------------------------------------
                                command: optimize                                
 --------------------------------------------------------------------------------
 Using coordinate system:                tric
 Hessian update scheme:                  bfgs

 ------------------------------------------------------------------------------------------------------------
                   energy      change    grad rms    grad max    step rms    step max       trust    time (s)
 ------------------------------------------------------------------------------------------------------------
   1      -460.803707401                9.36e-03    1.62e-02                            2.00e-01        1.28
   2      -460.804008306   -3.01e-04    3.88e-03    6.72e-03    1.32e-02    2.64e-02    2.00e-01        0.70
   3      -460.804074436   -6.61e-05    2.46e-04    4.26e-04    9.33e-03    1.87e-02    2.00e-01        0.68
   4      -460.804074704   -2.68e-07    2.70e-06    4.67e-06    6.31e-04    1.26e-03    2.00e-01        0.67
Rejecting step due to low quality: Quality: -1.80864 New trust radius: 3.50315e-06
   5      -460.804074704    5.92e-11    2.70e-06    4.67e-06    7.01e-06    1.40e-05    3.50e-06        0.61
 Geometry optimization stopped:          thresholds achieved

 Final energy:                        -460.804074704

 -----------
  Final XYZ 
 -----------
2
Final structure: -460.804 hartree
Cl           0.644809977          0.000000017         -0.000000010
H           -0.644809977         -0.000000017          0.000000010

 Structure in entos input format:

  structure(
    xyz = [
      ['Cl' ,          0.644809977,          0.000000017,         -0.000000010],
      ['H'  ,         -0.644809977,         -0.000000017,          0.000000010]
    ]
  )

 --------------------------------
  Geometry optimization finished 
 --------------------------------
 Saving results in set 'opt'

 --------------------------------------------------------------------------------
                                 command: hessian                                
 --------------------------------------------------------------------------------

WARNING: semianalytic method is specified for dft hessian, which is not efficient. Try switching to 'method = analytic'


 -------------------------------
  Numerical Geometrical Hessian 
 -------------------------------

 Compute hessian using two-point central differentiation.
 Step size (bohr):                       0.0100

 Frequencies (including translational and rotational modes):
 mode    frequency (cm-1)
    0                0.65 i (imaginary)
    1                0.28 i (imaginary)
    2                0.16 i (imaginary)
    3               18.44
    4               19.25
    5             2972.42

 Project out translational and rotational motions 

 The molecule is linear

 Degrees of freedom for translational and rotational motions: 5

 Vibrational frequencies:
 mode    frequency (cm-1)
    0             2972.42

 --------------------------------------------------------------------------------

 End time:                               Tue Apr 27 14:11:26 2021
 Total wall-clock time:                 13.355 seconds
==================================================================================
