
================================================================================
          _____________ ________ _______________ ________     _________         
         / ___________// ______ \\_____   _____// ______ \   / ________)        
        / /_________  / /      \ \     | |     / /      \ \ | (_______          
       |  __________|| |        | |    | |    | |        | | \________ \        
        \ \_________ | |        | |    | |     \ \______/ /___________) |       
         \__________||_|        |_|    |_|      \________//____________/        
                                                                                
====================================[ Qcore ]===================================

 Git hash:   15a3e7daff0cda5fa9af010ccd19a80288182ecf
 Git date:   Fri, 16 Apr 2021 15:57:16 +0100
 Compiler:   GNU 9.1.0
 Build type: Release
 Version:    1.1.0

 Start time: Tue Apr 27 14:13:57 2021

 Data directory: /work/zw18965/.local/qcore/share/entos/1.1.0/data
 Number of threads: 24
 Number of threads was determined by: command line argument
  - More threads can be used by running 'qcore -n 32'

 --------------------------------------------------------------------------------
                                command: optimize                                
 --------------------------------------------------------------------------------
 Using coordinate system:                tric
 Hessian update scheme:                  bfgs

 ------------------------------------------------------------------------------------------------------------
                   energy      change    grad rms    grad max    step rms    step max       trust    time (s)
 ------------------------------------------------------------------------------------------------------------
   1      -184.628748580                3.52e-02    8.28e-02                            2.00e-01        2.46
   2      -184.632693669   -3.95e-03    6.46e-03    1.57e-02    4.50e-02    5.99e-02    2.00e-01        1.88
   3      -184.632762820   -6.92e-05    1.92e-03    4.68e-03    3.57e-03    8.72e-03    2.00e-01        1.90
   4      -184.632769400   -6.58e-06    4.75e-05    1.13e-04    1.40e-03    3.44e-03    2.00e-01        1.81
   5      -184.632769405   -5.33e-09    6.53e-06    1.58e-05    4.30e-05    1.03e-04    2.00e-01        1.78
 Geometry optimization stopped:          thresholds achieved

 Final energy:                        -184.632769405

 -----------
  Final XYZ 
 -----------
3
Final structure: -184.633 hartree
N            0.000000077          0.000000010         -1.132418228
N            0.000000006         -0.000000013          0.000053907
O           -0.000000084          0.000000003          1.191364326

 Structure in entos input format:

  structure(
    xyz = [
      ['N'  ,          0.000000077,          0.000000010,         -1.132418228],
      ['N'  ,          0.000000006,         -0.000000013,          0.000053907],
      ['O'  ,         -0.000000084,          0.000000003,          1.191364326]
    ]
  )

 --------------------------------
  Geometry optimization finished 
 --------------------------------
 Saving results in set 'opt'

 --------------------------------------------------------------------------------
                                 command: hessian                                
 --------------------------------------------------------------------------------

WARNING: semianalytic method is specified for dft hessian, which is not efficient. Try switching to 'method = analytic'


 -------------------------------
  Numerical Geometrical Hessian 
 -------------------------------

 Compute hessian using two-point central differentiation.
 Step size (bohr):                       0.0100

 Frequencies (including translational and rotational modes):
 mode    frequency (cm-1)
    0               11.38 i (imaginary)
    1               10.12 i (imaginary)
    2                0.87 i (imaginary)
    3                0.11 i (imaginary)
    4                0.84
    5              593.73
    6              593.76
    7             1340.22
    8             2355.54

 Project out translational and rotational motions 

 Degrees of freedom for translational and rotational motions: 6

 Vibrational frequencies:
 mode    frequency (cm-1)
    0              593.75
    1             1340.22
    2             2355.54

 --------------------------------------------------------------------------------

 End time:                               Tue Apr 27 14:14:42 2021
 Total wall-clock time:                 45.371 seconds
==================================================================================
