
================================================================================
          _____________ ________ _______________ ________     _________         
         / ___________// ______ \\_____   _____// ______ \   / ________)        
        / /_________  / /      \ \     | |     / /      \ \ | (_______          
       |  __________|| |        | |    | |    | |        | | \________ \        
        \ \_________ | |        | |    | |     \ \______/ /___________) |       
         \__________||_|        |_|    |_|      \________//____________/        
                                                                                
====================================[ Qcore ]===================================

 Git hash:   15a3e7daff0cda5fa9af010ccd19a80288182ecf
 Git date:   Fri, 16 Apr 2021 15:57:16 +0100
 Compiler:   GNU 9.1.0
 Build type: Release
 Version:    1.1.0

 Start time: Tue Apr 27 14:15:53 2021

 Data directory: /work/zw18965/.local/qcore/share/entos/1.1.0/data
 Number of threads: 24
 Number of threads was determined by: command line argument
  - More threads can be used by running 'qcore -n 32'

 --------------------------------------------------------------------------------
                                command: optimize                                
 --------------------------------------------------------------------------------
 Using coordinate system:                tric
 Hessian update scheme:                  bfgs

 ------------------------------------------------------------------------------------------------------------
                   energy      change    grad rms    grad max    step rms    step max       trust    time (s)
 ------------------------------------------------------------------------------------------------------------
   1      -343.125658901                9.07e-03    1.76e-02                            2.00e-01        1.91
   2      -343.126971713   -1.31e-03    3.70e-03    1.04e-02    8.32e-02    5.39e-02    2.00e-01        1.27
   3      -343.127199101   -2.27e-04    3.70e-04    9.42e-04    2.20e-02    2.30e-02    2.00e-01        1.28
   4      -343.127200953   -1.85e-06    1.41e-05    2.97e-05    1.49e-03    2.29e-03    2.00e-01        1.24
   5      -343.127200966   -1.38e-08    7.04e-06    1.32e-05    2.54e-04    4.04e-04    2.00e-01        1.23
 Geometry optimization stopped:          thresholds achieved

 Final energy:                        -343.127200966

 -----------
  Final XYZ 
 -----------
4
Final structure: -343.127 hartree
P           -0.005664643         -0.001356206          0.576620109
H           -0.663668242         -0.998839227         -0.201111669
H           -0.530757950          1.076538118         -0.194905348
H            1.200090829         -0.076342684         -0.180603091

 Structure in entos input format:

  structure(
    xyz = [
      ['P'  ,         -0.005664643,         -0.001356206,          0.576620109],
      ['H'  ,         -0.663668242,         -0.998839227,         -0.201111669],
      ['H'  ,         -0.530757950,          1.076538118,         -0.194905348],
      ['H'  ,          1.200090829,         -0.076342684,         -0.180603091]
    ]
  )

 --------------------------------
  Geometry optimization finished 
 --------------------------------
 Saving results in set 'opt'

 --------------------------------------------------------------------------------
                                 command: hessian                                
 --------------------------------------------------------------------------------

WARNING: semianalytic method is specified for dft hessian, which is not efficient. Try switching to 'method = analytic'


 -------------------------------
  Numerical Geometrical Hessian 
 -------------------------------

 Compute hessian using two-point central differentiation.
 Step size (bohr):                       0.0100

 Frequencies (including translational and rotational modes):
 mode    frequency (cm-1)
    0               48.17 i (imaginary)
    1               14.61 i (imaginary)
    2                2.30 i (imaginary)
    3                8.00
    4               60.98
    5               67.30
    6             1021.51
    7             1140.41
    8             1142.22
    9             2423.29
   10             2435.20
   11             2437.86

 Project out translational and rotational motions 

 Degrees of freedom for translational and rotational motions: 6

 Vibrational frequencies:
 mode    frequency (cm-1)
    0             1021.51
    1             1140.41
    2             1142.22
    3             2423.29
    4             2435.20
    5             2437.86

 --------------------------------------------------------------------------------

 End time:                               Tue Apr 27 14:16:31 2021
 Total wall-clock time:                 37.984 seconds
==================================================================================
