
================================================================================
          _____________ ________ _______________ ________     _________         
         / ___________// ______ \\_____   _____// ______ \   / ________)        
        / /_________  / /      \ \     | |     / /      \ \ | (_______          
       |  __________|| |        | |    | |    | |        | | \________ \        
        \ \_________ | |        | |    | |     \ \______/ /___________) |       
         \__________||_|        |_|    |_|      \________//____________/        
                                                                                
====================================[ Qcore ]===================================

 Git hash:   15a3e7daff0cda5fa9af010ccd19a80288182ecf
 Git date:   Fri, 16 Apr 2021 15:57:16 +0100
 Compiler:   GNU 9.1.0
 Build type: Release
 Version:    1.1.0

 Start time: Sat May  8 09:53:18 2021

 Data directory: /work/zw18965/.local/qcore/share/entos/1.1.0/data
 Number of threads: 24
 Number of threads was determined by: command line argument

 --------------------------------------------------------------------------------
                                command: optimize                                
 --------------------------------------------------------------------------------
 Using coordinate system:                tric
 Hessian update scheme:                  bfgs

 ------------------------------------------------------------------------------------------------------------
                   energy      change    grad rms    grad max    step rms    step max       trust    time (s)
 ------------------------------------------------------------------------------------------------------------
   1      -115.697438010                3.92e-03    1.22e-02                            2.00e-01        3.33
   2      -115.697683539   -2.46e-04    1.59e-03    4.71e-03    1.34e-02    1.67e-02    2.00e-01        2.54
   3      -115.697726206   -4.27e-05    5.80e-04    1.81e-03    5.63e-03    9.82e-03    2.00e-01        2.49
   4      -115.697732024   -5.82e-06    2.17e-04    6.24e-04    3.04e-03    4.14e-03    2.00e-01        2.46
   5      -115.697732848   -8.24e-07    3.96e-05    7.93e-05    1.22e-03    1.19e-03    2.00e-01        2.41
 Geometry optimization stopped:          thresholds achieved

 Final energy:                        -115.697732848

 -----------
  Final XYZ 
 -----------
6
Final structure: -115.698 hartree
C           -0.364165320         -0.041154318         -0.013802648
O            1.002784586         -0.347871652         -0.276251911
H           -0.527675561          1.045527980          0.099649755
H           -0.620177069         -0.534749263          0.934140459
H           -1.031950887         -0.428503310         -0.804060006
H            1.257741411          0.072925702         -1.105480594

 Structure in entos input format:

  structure(
    xyz = [
      ['C'  ,         -0.364165320,         -0.041154318,         -0.013802648],
      ['O'  ,          1.002784586,         -0.347871652,         -0.276251911],
      ['H'  ,         -0.527675561,          1.045527980,          0.099649755],
      ['H'  ,         -0.620177069,         -0.534749263,          0.934140459],
      ['H'  ,         -1.031950887,         -0.428503310,         -0.804060006],
      ['H'  ,          1.257741411,          0.072925702,         -1.105480594]
    ]
  )

 --------------------------------
  Geometry optimization finished 
 --------------------------------
 Saving results in set 'opt'

 --------------------------------------------------------------------------------
                                 command: hessian                                
 --------------------------------------------------------------------------------

WARNING: semianalytic method is specified for dft hessian, which is not efficient. Try switching to 'method = analytic'


 -------------------------------
  Numerical Geometrical Hessian 
 -------------------------------

 Compute hessian using two-point central differentiation.
 Step size (bohr):                       0.0100

 Frequencies (including translational and rotational modes):
 mode    frequency (cm-1)
    0                1.26 i (imaginary)
    1                0.14 i (imaginary)
    2                0.03 i (imaginary)
    3                5.88
    4               16.79
    5               27.51
    6              303.71
    7             1058.42
    8             1084.19
    9             1159.43
   10             1363.31
   11             1452.06
   12             1470.51
   13             1481.71
   14             3008.11
   15             3069.64
   16             3132.95
   17             3856.25

 Project out translational and rotational motions 

 Degrees of freedom for translational and rotational motions: 6

 Vibrational frequencies:
 mode    frequency (cm-1)
    0              303.71
    1             1058.42
    2             1084.19
    3             1159.43
    4             1363.31
    5             1452.06
    6             1470.51
    7             1481.71
    8             3008.11
    9             3069.64
   10             3132.95
   11             3856.25

 --------------------------------------------------------------------------------

 End time:                               Sat May  8 09:55:06 2021
 Total wall-clock time:                108.700 seconds
==================================================================================
