
================================================================================
          _____________ ________ _______________ ________     _________         
         / ___________// ______ \\_____   _____// ______ \   / ________)        
        / /_________  / /      \ \     | |     / /      \ \ | (_______          
       |  __________|| |        | |    | |    | |        | | \________ \        
        \ \_________ | |        | |    | |     \ \______/ /___________) |       
         \__________||_|        |_|    |_|      \________//____________/        
                                                                                
====================================[ Qcore ]===================================

 Git hash:   15a3e7daff0cda5fa9af010ccd19a80288182ecf
 Git date:   Fri, 16 Apr 2021 15:57:16 +0100
 Compiler:   GNU 9.1.0
 Build type: Release
 Version:    1.1.0

 Start time: Tue Apr 20 11:39:02 2021

 Data directory: /work/zw18965/.local/qcore/share/entos/1.1.0/data
 Number of threads: 24
 Number of threads was determined by: command line argument
  - More threads can be used by running 'qcore -n 32'

 --------------------------------------------------------------------------------
                                command: optimize                                
 --------------------------------------------------------------------------------
 Using coordinate system:                tric
 Hessian update scheme:                  bfgs

 ------------------------------------------------------------------------------------------------------------
                   energy      change    grad rms    grad max    step rms    step max       trust    time (s)
 ------------------------------------------------------------------------------------------------------------
   1      -535.741985691                4.28e-03    8.59e-03                            2.00e-01        5.53
   2      -535.742457400   -4.72e-04    1.63e-03    2.84e-03    3.23e-02    4.19e-02    2.00e-01        4.98
   3      -535.742539830   -8.24e-05    3.86e-04    7.82e-04    2.10e-02    2.77e-02    2.00e-01        4.82
   4      -535.742540781   -9.51e-07    2.40e-04    4.69e-04    7.18e-04    1.42e-03    2.00e-01        4.83
   5      -535.742541648   -8.67e-07    3.40e-05    6.83e-05    9.50e-04    4.17e-03    2.00e-01        4.85
   6      -535.742541836   -1.88e-07    6.89e-05    1.31e-04    2.98e-04    2.67e-03    2.00e-01        4.87
   7      -535.742542474   -6.38e-07    1.73e-04    3.52e-04    7.24e-04    1.12e-02    2.00e-01        4.89
   8      -535.742544264   -1.79e-06    4.24e-04    9.31e-04    1.57e-03    3.99e-02    2.00e-01        4.86
   9      -535.742546629   -2.37e-06    6.66e-04    1.51e-03    1.57e-03    6.74e-02    2.00e-01        4.91
  10      -535.742549442   -2.81e-06    5.50e-04    1.25e-03    6.11e-04    2.05e-02    2.00e-01        4.89
  11      -535.742553998   -4.56e-06    6.31e-05    1.38e-04    3.53e-03    3.85e-02    2.00e-01        4.94
  12      -535.742554024   -2.70e-08    6.14e-06    1.24e-05    2.81e-04    7.00e-03    2.00e-01        4.86
  13      -535.742554029   -4.53e-09    1.33e-05    2.94e-05    8.86e-05    3.79e-03    2.00e-01        4.79
  14      -535.742554043   -1.36e-08    2.22e-06    3.59e-06    6.52e-05    1.17e-03    2.00e-01        4.71
 Geometry optimization stopped:          thresholds achieved

 Final energy:                        -535.742554043

 -----------
  Final XYZ 
 -----------
3
Final structure: -535.743 hartree
O           -0.393454583          0.411932927          0.000037855
Cl           1.235011400         -0.022698385          0.000025647
H           -0.850560699         -0.436055655          0.000052589

 Structure in entos input format:

  structure(
    xyz = [
      ['O'  ,         -0.393454583,          0.411932927,          0.000037855],
      ['Cl' ,          1.235011400,         -0.022698385,          0.000025647],
      ['H'  ,         -0.850560699,         -0.436055655,          0.000052589]
    ]
  )

 --------------------------------
  Geometry optimization finished 
 --------------------------------
 Saving results in set 'opt'

 --------------------------------------------------------------------------------
                                 command: hessian                                
 --------------------------------------------------------------------------------

WARNING: numerical method is specified for dft hessian, which is not efficient. Try switching to 'method = analytic'


 -------------------------------
  Numerical Geometrical Hessian 
 -------------------------------

 Compute hessian using two-point central differentiation.
 Step size (bohr):                       0.0100

 Frequencies (including translational and rotational modes):
 mode    frequency (cm-1)
    0                2.60 i (imaginary)
    1                2.02 i (imaginary)
    2                0.56
    3                5.13
    4               30.24
    5               38.68
    6              763.47
    7             1277.44
    8             3813.45

 Project out translational and rotational motions 

 Degrees of freedom for translational and rotational motions: 6

 Vibrational frequencies:
 mode    frequency (cm-1)
    0              763.47
    1             1277.44
    2             3813.45

 --------------------------------------------------------------------------------

 End time:                               Tue Apr 20 11:41:56 2021
 Total wall-clock time:                173.251 seconds
==================================================================================
