
================================================================================
          _____________ ________ _______________ ________     _________         
         / ___________// ______ \\_____   _____// ______ \   / ________)        
        / /_________  / /      \ \     | |     / /      \ \ | (_______          
       |  __________|| |        | |    | |    | |        | | \________ \        
        \ \_________ | |        | |    | |     \ \______/ /___________) |       
         \__________||_|        |_|    |_|      \________//____________/        
                                                                                
====================================[ Qcore ]===================================

 Git hash:   15a3e7daff0cda5fa9af010ccd19a80288182ecf
 Git date:   Fri, 16 Apr 2021 15:57:16 +0100
 Compiler:   GNU 9.1.0
 Build type: Release
 Version:    1.1.0

 Start time: Fri Apr 23 14:46:33 2021

 Data directory: /work/zw18965/.local/qcore/share/entos/1.1.0/data
 Number of threads: 24
 Number of threads was determined by: command line argument
  - More threads can be used by running 'qcore -n 32'

 --------------------------------------------------------------------------------
                                command: optimize                                
 --------------------------------------------------------------------------------
 Using coordinate system:                tric
 Hessian update scheme:                  bfgs

 ------------------------------------------------------------------------------------------------------------
                   energy      change    grad rms    grad max    step rms    step max       trust    time (s)
 ------------------------------------------------------------------------------------------------------------
   1       -26.603823913                3.03e-03    5.30e-03                            2.00e-01        1.43
   2       -26.604018727   -1.95e-04    8.38e-04    1.47e-03    1.45e-02    1.68e-02    2.00e-01        0.99
   3       -26.604035711   -1.70e-05    2.59e-05    4.63e-05    5.56e-03    6.48e-03    2.00e-01        1.00
   4       -26.604035742   -3.04e-08    2.48e-06    4.74e-06    1.75e-04    2.82e-04    2.00e-01        0.95
 Geometry optimization stopped:          thresholds achieved

 Final energy:                         -26.604035742

 -----------
  Final XYZ 
 -----------
4
Final structure: -26.6040 hartree
B           -0.000008270          0.000011441         -0.198472341
H           -0.403885874         -1.040425074          0.220435169
H           -0.172858514          1.001149028          0.425182731
H            0.576752674          0.039264600         -1.241017824

 Structure in entos input format:

  structure(
    xyz = [
      ['B'  ,         -0.000008270,          0.000011441,         -0.198472341],
      ['H'  ,         -0.403885874,         -1.040425074,          0.220435169],
      ['H'  ,         -0.172858514,          1.001149028,          0.425182731],
      ['H'  ,          0.576752674,          0.039264600,         -1.241017824]
    ]
  )

 --------------------------------
  Geometry optimization finished 
 --------------------------------
 Saving results in set 'opt'

 --------------------------------------------------------------------------------
                                 command: hessian                                
 --------------------------------------------------------------------------------

WARNING: semianalytic method is specified for dft hessian, which is not efficient. Try switching to 'method = analytic'


 -------------------------------
  Numerical Geometrical Hessian 
 -------------------------------

 Compute hessian using two-point central differentiation.
 Step size (bohr):                       0.0100

 Frequencies (including translational and rotational modes):
 mode    frequency (cm-1)
    0               84.74 i (imaginary)
    1               80.35 i (imaginary)
    2               19.52 i (imaginary)
    3                9.75
    4               28.12
    5               80.81
    6             1157.72
    7             1210.34
    8             1213.38
    9             2567.88
   10             2696.63
   11             2699.82

 Project out translational and rotational motions 

 Degrees of freedom for translational and rotational motions: 6

 Vibrational frequencies:
 mode    frequency (cm-1)
    0             1157.70
    1             1210.31
    2             1213.38
    3             2567.87
    4             2696.63
    5             2699.82

 --------------------------------------------------------------------------------

 End time:                               Fri Apr 23 14:47:02 2021
 Total wall-clock time:                 28.707 seconds
==================================================================================
