
================================================================================
          _____________ ________ _______________ ________     _________         
         / ___________// ______ \\_____   _____// ______ \   / ________)        
        / /_________  / /      \ \     | |     / /      \ \ | (_______          
       |  __________|| |        | |    | |    | |        | | \________ \        
        \ \_________ | |        | |    | |     \ \______/ /___________) |       
         \__________||_|        |_|    |_|      \________//____________/        
                                                                                
====================================[ Qcore ]===================================

 Git hash:   15a3e7daff0cda5fa9af010ccd19a80288182ecf
 Git date:   Fri, 16 Apr 2021 15:57:16 +0100
 Compiler:   GNU 9.1.0
 Build type: Release
 Version:    1.1.0

 Start time: Sat May  8 10:43:54 2021

 Data directory: /work/zw18965/.local/qcore/share/entos/1.1.0/data
 Number of threads: 24
 Number of threads was determined by: command line argument

 --------------------------------------------------------------------------------
                                command: optimize                                
 --------------------------------------------------------------------------------
 Using coordinate system:                tric
 Hessian update scheme:                  bfgs

 ------------------------------------------------------------------------------------------------------------
                   energy      change    grad rms    grad max    step rms    step max       trust    time (s)
 ------------------------------------------------------------------------------------------------------------
   1       -40.513543055                1.84e-03    2.98e-03                            2.00e-01        2.18
   2       -40.513609426   -6.64e-05    4.92e-04    7.95e-04    6.56e-03    7.34e-03    2.00e-01        1.67
   3       -40.513614644   -5.22e-06    7.09e-06    1.08e-05    2.39e-03    2.67e-03    2.00e-01        1.60
   4       -40.513614647   -2.57e-09    9.48e-07    1.96e-06    3.49e-05    1.33e-04    2.00e-01        1.49
 Geometry optimization stopped:          thresholds achieved

 Final energy:                         -40.513614647

 -----------
  Final XYZ 
 -----------
5
Final structure: -40.5136 hartree
C           -0.000019797          0.000010608          0.000009131
H            0.553754915          0.798960591          0.495902881
H            0.682744579         -0.812668139         -0.253515259
H           -0.777397607         -0.373195904          0.668807607
H           -0.459182088          0.386992842         -0.911204455

 Structure in entos input format:

  structure(
    xyz = [
      ['C'  ,         -0.000019797,          0.000010608,          0.000009131],
      ['H'  ,          0.553754915,          0.798960591,          0.495902881],
      ['H'  ,          0.682744579,         -0.812668139,         -0.253515259],
      ['H'  ,         -0.777397607,         -0.373195904,          0.668807607],
      ['H'  ,         -0.459182088,          0.386992842,         -0.911204455]
    ]
  )

 --------------------------------
  Geometry optimization finished 
 --------------------------------
 Saving results in set 'opt'

 --------------------------------------------------------------------------------
                                 command: hessian                                
 --------------------------------------------------------------------------------

WARNING: semianalytic method is specified for dft hessian, which is not efficient. Try switching to 'method = analytic'


 -------------------------------
  Numerical Geometrical Hessian 
 -------------------------------

 Compute hessian using two-point central differentiation.
 Step size (bohr):                       0.0100

 Frequencies (including translational and rotational modes):
 mode    frequency (cm-1)
    0               38.92 i (imaginary)
    1               13.06 i (imaginary)
    2                0.08 i (imaginary)
    3                0.04
    4                0.22
    5               20.54
    6             1341.19
    7             1341.25
    8             1341.78
    9             1560.49
   10             1560.94
   11             3030.42
   12             3139.25
   13             3139.29
   14             3139.43

 Project out translational and rotational motions 

 Degrees of freedom for translational and rotational motions: 6

 Vibrational frequencies:
 mode    frequency (cm-1)
    0             1341.19
    1             1341.25
    2             1341.78
    3             1560.49
    4             1560.94
    5             3030.42
    6             3139.25
    7             3139.29
    8             3139.43

 --------------------------------------------------------------------------------

 End time:                               Sat May  8 10:44:50 2021
 Total wall-clock time:                 56.170 seconds
==================================================================================
