
================================================================================
          _____________ ________ _______________ ________     _________         
         / ___________// ______ \\_____   _____// ______ \   / ________)        
        / /_________  / /      \ \     | |     / /      \ \ | (_______          
       |  __________|| |        | |    | |    | |        | | \________ \        
        \ \_________ | |        | |    | |     \ \______/ /___________) |       
         \__________||_|        |_|    |_|      \________//____________/        
                                                                                
====================================[ Qcore ]===================================

 Git hash:   15a3e7daff0cda5fa9af010ccd19a80288182ecf
 Git date:   Fri, 16 Apr 2021 15:57:16 +0100
 Compiler:   GNU 9.1.0
 Build type: Release
 Version:    1.1.0

 Start time: Tue Apr 27 11:38:30 2021

 Data directory: /work/zw18965/.local/qcore/share/entos/1.1.0/data
 Number of threads: 12
 Number of threads was determined by: command line argument
  - More threads can be used by running 'qcore -n 24'

 --------------------------------------------------------------------------------
                                command: optimize                                
 --------------------------------------------------------------------------------
 Using coordinate system:                tric
 Hessian update scheme:                  bfgs

 ------------------------------------------------------------------------------------------------------------
                   energy      change    grad rms    grad max    step rms    step max       trust    time (s)
 ------------------------------------------------------------------------------------------------------------
   1      -188.595636555                2.26e-02    4.79e-02                            2.00e-01        4.05
   2      -188.597442002   -1.81e-03    6.97e-04    1.48e-03    3.05e-02    3.74e-02    2.00e-01        3.29
   3      -188.597443932   -1.93e-06    4.71e-05    1.04e-04    9.73e-04    1.19e-03    2.00e-01        3.19
   4      -188.597443934   -1.99e-09    6.74e-06    1.44e-05    7.05e-05    8.95e-05    3.52e-05        2.99
 Geometry optimization stopped:          thresholds achieved

 Final energy:                        -188.597443934

 -----------
  Final XYZ 
 -----------
3
Final structure: -188.597 hartree
O           -1.160906807         -0.000000013          0.000000004
O            1.160907986          0.000000014         -0.000000004
C           -0.000001179         -0.000000001          0.000000000

 Structure in entos input format:

  structure(
    xyz = [
      ['O'  ,         -1.160906807,         -0.000000013,          0.000000004],
      ['O'  ,          1.160907986,          0.000000014,         -0.000000004],
      ['C'  ,         -0.000001179,         -0.000000001,          0.000000000]
    ]
  )

 --------------------------------
  Geometry optimization finished 
 --------------------------------
 Saving results in set 'opt'

 --------------------------------------------------------------------------------
                                 command: hessian                                
 --------------------------------------------------------------------------------

WARNING: semianalytic method is specified for dft hessian, which is not efficient. Try switching to 'method = analytic'


 -------------------------------
  Numerical Geometrical Hessian 
 -------------------------------

 Compute hessian using two-point central differentiation.
 Step size (bohr):                       0.0100

 Frequencies (including translational and rotational modes):
 mode    frequency (cm-1)
    0               13.24 i (imaginary)
    1               12.33 i (imaginary)
    2                1.23 i (imaginary)
    3                0.44 i (imaginary)
    4                0.55
    5              673.28
    6              673.46
    7             1379.62
    8             2421.43

 Project out translational and rotational motions 

 Degrees of freedom for translational and rotational motions: 6

 Vibrational frequencies:
 mode    frequency (cm-1)
    0              673.31
    1             1379.61
    2             2421.43

 --------------------------------------------------------------------------------

 End time:                               Tue Apr 27 11:39:46 2021
 Total wall-clock time:                 75.683 seconds
==================================================================================
