
================================================================================
          _____________ ________ _______________ ________     _________         
         / ___________// ______ \\_____   _____// ______ \   / ________)        
        / /_________  / /      \ \     | |     / /      \ \ | (_______          
       |  __________|| |        | |    | |    | |        | | \________ \        
        \ \_________ | |        | |    | |     \ \______/ /___________) |       
         \__________||_|        |_|    |_|      \________//____________/        
                                                                                
====================================[ Qcore ]===================================

 Git hash:   15a3e7daff0cda5fa9af010ccd19a80288182ecf
 Git date:   Fri, 16 Apr 2021 15:57:16 +0100
 Compiler:   GNU 9.1.0
 Build type: Release
 Version:    1.1.0

 Start time: Fri Apr 23 14:49:04 2021

 Data directory: /work/zw18965/.local/qcore/share/entos/1.1.0/data
 Number of threads: 24
 Number of threads was determined by: command line argument
  - More threads can be used by running 'qcore -n 32'

 --------------------------------------------------------------------------------
                                command: optimize                                
 --------------------------------------------------------------------------------
 Using coordinate system:                tric
 Hessian update scheme:                  bfgs

 ------------------------------------------------------------------------------------------------------------
                   energy      change    grad rms    grad max    step rms    step max       trust    time (s)
 ------------------------------------------------------------------------------------------------------------
   1      -437.465480548                3.53e-03    9.30e-03                            2.00e-01        4.27
   2      -437.465702040   -2.21e-04    1.27e-03    3.55e-03    1.77e-02    2.47e-02    2.00e-01        3.04
   3      -437.465745188   -4.31e-05    2.73e-04    7.99e-04    1.19e-02    1.73e-02    2.00e-01        2.84
   4      -437.465745617   -4.29e-07    1.44e-04    4.10e-04    5.50e-04    1.09e-03    2.00e-01        2.85
   5      -437.465745754   -1.38e-07    3.39e-05    6.21e-05    3.42e-04    7.38e-04    2.00e-01        2.79
 Geometry optimization stopped:          thresholds achieved

 Final energy:                        -437.465745754

 -----------
  Final XYZ 
 -----------
4
Final structure: -437.466 hartree
C           -0.111088437          0.008847157          0.001258531
S            1.485528104         -0.118886042         -0.016891424
H           -0.659475083          0.274306051          0.905396978
H           -0.714968723         -0.164329460         -0.889684683

 Structure in entos input format:

  structure(
    xyz = [
      ['C'  ,         -0.111088437,          0.008847157,          0.001258531],
      ['S'  ,          1.485528104,         -0.118886042,         -0.016891424],
      ['H'  ,         -0.659475083,          0.274306051,          0.905396978],
      ['H'  ,         -0.714968723,         -0.164329460,         -0.889684683]
    ]
  )

 --------------------------------
  Geometry optimization finished 
 --------------------------------
 Saving results in set 'opt'

 --------------------------------------------------------------------------------
                                 command: hessian                                
 --------------------------------------------------------------------------------

WARNING: semianalytic method is specified for dft hessian, which is not efficient. Try switching to 'method = analytic'

