
================================================================================
          _____________ ________ _______________ ________     _________         
         / ___________// ______ \\_____   _____// ______ \   / ________)        
        / /_________  / /      \ \     | |     / /      \ \ | (_______          
       |  __________|| |        | |    | |    | |        | | \________ \        
        \ \_________ | |        | |    | |     \ \______/ /___________) |       
         \__________||_|        |_|    |_|      \________//____________/        
                                                                                
====================================[ Qcore ]===================================

 Git hash:   15a3e7daff0cda5fa9af010ccd19a80288182ecf
 Git date:   Fri, 16 Apr 2021 15:57:16 +0100
 Compiler:   GNU 9.1.0
 Build type: Release
 Version:    1.1.0

 Start time: Sat May  8 10:55:41 2021

 Data directory: /work/zw18965/.local/qcore/share/entos/1.1.0/data
 Number of threads: 24
 Number of threads was determined by: command line argument

 --------------------------------------------------------------------------------
                                command: optimize                                
 --------------------------------------------------------------------------------
 Using coordinate system:                tric
 Hessian update scheme:                  bfgs

 ------------------------------------------------------------------------------------------------------------
                   energy      change    grad rms    grad max    step rms    step max       trust    time (s)
 ------------------------------------------------------------------------------------------------------------
   1      -460.817572922                6.00e-03    1.04e-02                            2.00e-01        1.74
   2      -460.817697782   -1.25e-04    2.58e-03    4.47e-03    8.46e-03    1.69e-02    2.00e-01        0.90
   3      -460.817727193   -2.94e-05    1.06e-04    1.83e-04    6.37e-03    1.27e-02    2.00e-01        0.91
   4      -460.817727238   -4.58e-08    1.93e-06    3.34e-06    2.72e-04    5.44e-04    2.00e-01        0.82
 Geometry optimization stopped:          thresholds achieved

 Final energy:                        -460.817727238

 -----------
  Final XYZ 
 -----------
2
Final structure: -460.818 hartree
Cl           0.640547148          0.000000006          0.000000013
H           -0.640547148         -0.000000006         -0.000000013

 Structure in entos input format:

  structure(
    xyz = [
      ['Cl' ,          0.640547148,          0.000000006,          0.000000013],
      ['H'  ,         -0.640547148,         -0.000000006,         -0.000000013]
    ]
  )

 --------------------------------
  Geometry optimization finished 
 --------------------------------
 Saving results in set 'opt'

 --------------------------------------------------------------------------------
                                 command: hessian                                
 --------------------------------------------------------------------------------

WARNING: semianalytic method is specified for dft hessian, which is not efficient. Try switching to 'method = analytic'


 -------------------------------
  Numerical Geometrical Hessian 
 -------------------------------

 Compute hessian using two-point central differentiation.
 Step size (bohr):                       0.0100

 Frequencies (including translational and rotational modes):
 mode    frequency (cm-1)
    0                0.00 i (imaginary)
    1                0.00 i (imaginary)
    2                0.01
    3               46.53
    4               46.53
    5             2982.67

 Project out translational and rotational motions 

 The molecule is linear

 Degrees of freedom for translational and rotational motions: 5

 Vibrational frequencies:
 mode    frequency (cm-1)
    0             2982.67

 --------------------------------------------------------------------------------

 End time:                               Sat May  8 10:55:58 2021
 Total wall-clock time:                 16.764 seconds
==================================================================================
