
================================================================================
          _____________ ________ _______________ ________     _________         
         / ___________// ______ \\_____   _____// ______ \   / ________)        
        / /_________  / /      \ \     | |     / /      \ \ | (_______          
       |  __________|| |        | |    | |    | |        | | \________ \        
        \ \_________ | |        | |    | |     \ \______/ /___________) |       
         \__________||_|        |_|    |_|      \________//____________/        
                                                                                
====================================[ Qcore ]===================================

 Git hash:   15a3e7daff0cda5fa9af010ccd19a80288182ecf
 Git date:   Fri, 16 Apr 2021 15:57:16 +0100
 Compiler:   GNU 9.1.0
 Build type: Release
 Version:    1.1.0

 Start time: Tue Apr 27 11:40:57 2021

 Data directory: /work/zw18965/.local/qcore/share/entos/1.1.0/data
 Number of threads: 12
 Number of threads was determined by: command line argument
  - More threads can be used by running 'qcore -n 24'

 --------------------------------------------------------------------------------
                                command: optimize                                
 --------------------------------------------------------------------------------
 Using coordinate system:                tric
 Hessian update scheme:                  bfgs

 ------------------------------------------------------------------------------------------------------------
                   energy      change    grad rms    grad max    step rms    step max       trust    time (s)
 ------------------------------------------------------------------------------------------------------------
   1       -93.425923066                3.46e-03    8.44e-03                            2.00e-01        2.44
   2       -93.425966063   -4.30e-05    5.94e-04    1.36e-03    5.32e-03    6.64e-03    2.00e-01        1.55
   3       -93.425967693   -1.63e-06    1.32e-04    3.17e-04    1.13e-03    2.41e-03    2.00e-01        1.60
   4       -93.425967729   -3.55e-08    1.50e-05    3.61e-05    2.48e-04    5.54e-04    2.00e-01        1.52
 Geometry optimization stopped:          thresholds achieved

 Final energy:                         -93.425967729

 -----------
  Final XYZ 
 -----------
3
Final structure: -93.426 hartree
C           -0.026099700         -0.000008045          0.000000018
N            1.121375190         -0.000593276         -0.000000069
H           -1.095275489          0.000601327          0.000000051

 Structure in entos input format:

  structure(
    xyz = [
      ['C'  ,         -0.026099700,         -0.000008045,          0.000000018],
      ['N'  ,          1.121375190,         -0.000593276,         -0.000000069],
      ['H'  ,         -1.095275489,          0.000601327,          0.000000051]
    ]
  )

 --------------------------------
  Geometry optimization finished 
 --------------------------------
 Saving results in set 'opt'

 --------------------------------------------------------------------------------
                                 command: hessian                                
 --------------------------------------------------------------------------------

WARNING: semianalytic method is specified for dft hessian, which is not efficient. Try switching to 'method = analytic'


 -------------------------------
  Numerical Geometrical Hessian 
 -------------------------------

 Compute hessian using two-point central differentiation.
 Step size (bohr):                       0.0100

 Frequencies (including translational and rotational modes):
 mode    frequency (cm-1)
    0                4.74 i (imaginary)
    1                2.03 i (imaginary)
    2                1.00 i (imaginary)
    3               28.00
    4               28.86
    5              763.29
    6              763.80
    7             2210.75
    8             3453.57

 Project out translational and rotational motions 

 Degrees of freedom for translational and rotational motions: 6

 Vibrational frequencies:
 mode    frequency (cm-1)
    0              763.80
    1             2210.74
    2             3453.56

 --------------------------------------------------------------------------------

 End time:                               Tue Apr 27 11:41:36 2021
 Total wall-clock time:                 39.180 seconds
==================================================================================
