
================================================================================
          _____________ ________ _______________ ________     _________         
         / ___________// ______ \\_____   _____// ______ \   / ________)        
        / /_________  / /      \ \     | |     / /      \ \ | (_______          
       |  __________|| |        | |    | |    | |        | | \________ \        
        \ \_________ | |        | |    | |     \ \______/ /___________) |       
         \__________||_|        |_|    |_|      \________//____________/        
                                                                                
====================================[ Qcore ]===================================

 Git hash:   15a3e7daff0cda5fa9af010ccd19a80288182ecf
 Git date:   Fri, 16 Apr 2021 15:57:16 +0100
 Compiler:   GNU 9.1.0
 Build type: Release
 Version:    1.1.0

 Start time: Sat May  8 10:56:33 2021

 Data directory: /work/zw18965/.local/qcore/share/entos/1.1.0/data
 Number of threads: 24
 Number of threads was determined by: command line argument

 --------------------------------------------------------------------------------
                                command: optimize                                
 --------------------------------------------------------------------------------
 Using coordinate system:                tric
 Hessian update scheme:                  bfgs

 ------------------------------------------------------------------------------------------------------------
                   energy      change    grad rms    grad max    step rms    step max       trust    time (s)
 ------------------------------------------------------------------------------------------------------------
   1      -100.451136300                3.25e-03    5.63e-03                            2.00e-01        0.83
   2      -100.451161241   -2.49e-05    7.82e-04    1.35e-03    3.56e-03    7.13e-03    2.00e-01        0.43
   3      -100.451162746   -1.51e-06    1.42e-05    2.45e-05    1.13e-03    2.26e-03    2.00e-01        0.44
   4      -100.451162748   -1.29e-09    1.29e-07    2.23e-07    2.01e-05    4.02e-05    2.00e-01        0.43
 Geometry optimization stopped:          thresholds achieved

 Final energy:                        -100.451162748

 -----------
  Final XYZ 
 -----------
2
Final structure: -100.451 hartree
F            0.460991005         -0.000000006          0.000000010
H           -0.460991005          0.000000006         -0.000000010

 Structure in entos input format:

  structure(
    xyz = [
      ['F'  ,          0.460991005,         -0.000000006,          0.000000010],
      ['H'  ,         -0.460991005,          0.000000006,         -0.000000010]
    ]
  )

 --------------------------------
  Geometry optimization finished 
 --------------------------------
 Saving results in set 'opt'

 --------------------------------------------------------------------------------
                                 command: hessian                                
 --------------------------------------------------------------------------------

WARNING: semianalytic method is specified for dft hessian, which is not efficient. Try switching to 'method = analytic'


 -------------------------------
  Numerical Geometrical Hessian 
 -------------------------------

 Compute hessian using two-point central differentiation.
 Step size (bohr):                       0.0100

 Frequencies (including translational and rotational modes):
 mode    frequency (cm-1)
    0                0.00 i (imaginary)
    1                0.00 i (imaginary)
    2                0.00 i (imaginary)
    3               29.61
    4               29.61
    5             4113.30

 Project out translational and rotational motions 

 The molecule is linear

 Degrees of freedom for translational and rotational motions: 5

 Vibrational frequencies:
 mode    frequency (cm-1)
    0             4113.30

 --------------------------------------------------------------------------------

 End time:                               Sat May  8 10:56:41 2021
 Total wall-clock time:                  8.143 seconds
==================================================================================
