
================================================================================
          _____________ ________ _______________ ________     _________         
         / ___________// ______ \\_____   _____// ______ \   / ________)        
        / /_________  / /      \ \     | |     / /      \ \ | (_______          
       |  __________|| |        | |    | |    | |        | | \________ \        
        \ \_________ | |        | |    | |     \ \______/ /___________) |       
         \__________||_|        |_|    |_|      \________//____________/        
                                                                                
====================================[ Qcore ]===================================

 Git hash:   bfa4c3a672cc1ff01df8911b87991f8932a2a687
 Git date:   Fri, 12 Feb 2021 10:05:04 +0000
 Compiler:   GNU 9.1.0
 Build type: Release
 Version:    0.8.19

 Start time: Fri Apr 16 16:35:09 2021

 Data directory: /home/zw18965/.local/qcore/share/entos/0.8.19/data
 Number of threads: 24
 Number of threads was determined by: command line argument
  - More threads can be used by running 'qcore -n 32'

 --------------------------------------------------------------------------------
                                command: optimize                                
 --------------------------------------------------------------------------------
 Using coordinate system:                tric
 Hessian update scheme:                  bfgs

 ------------------------------------------------------------------------------------------------------------
                   energy      change    grad rms    grad max    step rms    step max       trust    time (s)
 ------------------------------------------------------------------------------------------------------------
   1       -78.550713543                1.13e-03    2.25e-03                            2.00e-01        2.35
   2       -78.550774613   -6.11e-05    8.05e-04    2.10e-03    9.85e-03    1.14e-02    2.00e-01        1.79
   3       -78.550792580   -1.80e-05    1.54e-04    4.53e-04    7.93e-03    1.00e-02    2.00e-01        1.78
   4       -78.550792712   -1.33e-07    2.99e-05    8.55e-05    1.52e-04    4.90e-04    2.00e-01        1.67
 Geometry optimization stopped:          thresholds achieved

 Final energy:                         -78.550792712

 -----------
  Final XYZ 
 -----------
6
Final structure: -78.5508 hartree
C           -0.657833787         -0.052033218         -0.000201195
C            0.657764603          0.052029748          0.000234204
H           -1.230958169          0.003048334         -0.916632257
H           -1.215768098         -0.196617035          0.915858196
H            1.215701705          0.196609935         -0.915824109
H            1.230886330         -0.003054358          0.916666820

 Structure in entos input format:

  structure(
    xyz = [
      ['C'  ,         -0.657833787,         -0.052033218,         -0.000201195],
      ['C'  ,          0.657764603,          0.052029748,          0.000234204],
      ['H'  ,         -1.230958169,          0.003048334,         -0.916632257],
      ['H'  ,         -1.215768098,         -0.196617035,          0.915858196],
      ['H'  ,          1.215701705,          0.196609935,         -0.915824109],
      ['H'  ,          1.230886330,         -0.003054358,          0.916666820]
    ]
  )

 --------------------------------
  Geometry optimization finished 
 --------------------------------
 Saving results in set 'opt'

 --------------------------------------------------------------------------------
                                 command: hessian                                
 --------------------------------------------------------------------------------

WARNING: semianalytic method is specified for dft hessian, which is not efficient. Try switching to 'method = analytic'


 -------------------------------
  Numerical Geometrical Hessian 
 -------------------------------

 Compute hessian using two-point central differentiation.
 Step size (bohr):                       0.0100

 Frequencies (including translational and rotational modes):
 mode    frequency (cm-1)
    0               12.19 i (imaginary)
    1                0.37 i (imaginary)
    2                0.05 i (imaginary)
    3                0.04
    4                5.01
    5               28.41
    6              843.43
    7             1000.45
    8             1023.64
    9             1077.89
   10             1259.86
   11             1396.78
   12             1489.75
   13             1728.90
   14             3153.91
   15             3172.25
   16             3230.17
   17             3255.10

 Project out translational and rotational motions 

 Degrees of freedom for translational and rotational motions: 6

 Vibrational frequencies:
 mode    frequency (cm-1)
    0              843.43
    1             1000.45
    2             1023.64
    3             1077.89
    4             1259.86
    5             1396.78
    6             1489.75
    7             1728.90
    8             3153.91
    9             3172.25
   10             3230.17
   11             3255.10

 --------------------------------------------------------------------------------

 End time:                               Fri Apr 16 16:36:28 2021
 Total wall-clock time:                 79.103 seconds
==================================================================================
