
================================================================================
          _____________ ________ _______________ ________     _________         
         / ___________// ______ \\_____   _____// ______ \   / ________)        
        / /_________  / /      \ \     | |     / /      \ \ | (_______          
       |  __________|| |        | |    | |    | |        | | \________ \        
        \ \_________ | |        | |    | |     \ \______/ /___________) |       
         \__________||_|        |_|    |_|      \________//____________/        
                                                                                
====================================[ Qcore ]===================================

 Git hash:   bfa4c3a672cc1ff01df8911b87991f8932a2a687
 Git date:   Fri, 12 Feb 2021 10:05:04 +0000
 Compiler:   GNU 9.1.0
 Build type: Release
 Version:    0.8.19

 Start time: Fri Apr 16 16:39:46 2021

 Data directory: /home/zw18965/.local/qcore/share/entos/0.8.19/data
 Number of threads: 24
 Number of threads was determined by: command line argument
  - More threads can be used by running 'qcore -n 32'

 --------------------------------------------------------------------------------
                                command: optimize                                
 --------------------------------------------------------------------------------
 Using coordinate system:                tric
 Hessian update scheme:                  bfgs

 ------------------------------------------------------------------------------------------------------------
                   energy      change    grad rms    grad max    step rms    step max       trust    time (s)
 ------------------------------------------------------------------------------------------------------------
   1      -834.489729198                6.24e-03    1.32e-02                            2.00e-01        2.09
   2      -834.489968662   -2.39e-04    2.91e-03    6.16e-03    1.01e-02    1.23e-02    2.00e-01        1.57
   3      -834.490032904   -6.42e-05    9.87e-05    2.09e-04    8.76e-03    1.07e-02    2.00e-01        1.47
   4      -834.490032977   -7.23e-08    1.57e-06    3.26e-06    2.88e-04    3.52e-04    2.00e-01        1.46
 Geometry optimization stopped:          thresholds achieved

 Final energy:                        -834.490032977

 -----------
  Final XYZ 
 -----------
3
Final structure: -834.49 hartree
S            1.541513450          0.000499106         -0.000000004
C            0.000000080         -0.000003939          0.000000006
S           -1.541513276         -0.000495172         -0.000000003

 Structure in entos input format:

  structure(
    xyz = [
      ['S'  ,          1.541513450,          0.000499106,         -0.000000004],
      ['C'  ,          0.000000080,         -0.000003939,          0.000000006],
      ['S'  ,         -1.541513276,         -0.000495172,         -0.000000003]
    ]
  )

 --------------------------------
  Geometry optimization finished 
 --------------------------------
 Saving results in set 'opt'

 --------------------------------------------------------------------------------
                                 command: hessian                                
 --------------------------------------------------------------------------------

WARNING: semianalytic method is specified for dft hessian, which is not efficient. Try switching to 'method = analytic'


 -------------------------------
  Numerical Geometrical Hessian 
 -------------------------------

 Compute hessian using two-point central differentiation.
 Step size (bohr):                       0.0100

 Frequencies (including translational and rotational modes):
 mode    frequency (cm-1)
    0                6.12 i (imaginary)
    1                5.97 i (imaginary)
    2                0.00 i (imaginary)
    3                0.04
    4                0.07
    5              420.89
    6              420.90
    7              704.84
    8             1592.05

 Project out translational and rotational motions 

 Degrees of freedom for translational and rotational motions: 6

 Vibrational frequencies:
 mode    frequency (cm-1)
    0              420.89
    1              704.84
    2             1592.05

 --------------------------------------------------------------------------------

 End time:                               Fri Apr 16 16:40:22 2021
 Total wall-clock time:                 36.330 seconds
==================================================================================
