
================================================================================
          _____________ ________ _______________ ________     _________         
         / ___________// ______ \\_____   _____// ______ \   / ________)        
        / /_________  / /      \ \     | |     / /      \ \ | (_______          
       |  __________|| |        | |    | |    | |        | | \________ \        
        \ \_________ | |        | |    | |     \ \______/ /___________) |       
         \__________||_|        |_|    |_|      \________//____________/        
                                                                                
====================================[ Qcore ]===================================

 Git hash:   bfa4c3a672cc1ff01df8911b87991f8932a2a687
 Git date:   Fri, 12 Feb 2021 10:05:04 +0000
 Compiler:   GNU 9.1.0
 Build type: Release
 Version:    0.8.19

 Start time: Fri Apr 16 16:40:42 2021

 Data directory: /home/zw18965/.local/qcore/share/entos/0.8.19/data
 Number of threads: 24
 Number of threads was determined by: command line argument
  - More threads can be used by running 'qcore -n 32'

 --------------------------------------------------------------------------------
                                command: optimize                                
 --------------------------------------------------------------------------------
 Using coordinate system:                tric
 Hessian update scheme:                  bfgs

 ------------------------------------------------------------------------------------------------------------
                   energy      change    grad rms    grad max    step rms    step max       trust    time (s)
 ------------------------------------------------------------------------------------------------------------
   1      -114.480144876                3.51e-03    9.87e-03                            2.00e-01        1.67
   2      -114.480360922   -2.16e-04    2.04e-03    6.03e-03    1.71e-02    2.96e-02    2.00e-01        1.13
   3      -114.480417653   -5.67e-05    2.93e-04    7.89e-04    1.28e-02    2.34e-02    2.00e-01        1.10
   4      -114.480418019   -3.66e-07    6.62e-05    1.64e-04    3.59e-04    6.11e-04    2.00e-01        1.01
 Geometry optimization stopped:          thresholds achieved

 Final energy:                        -114.480418019

 -----------
  Final XYZ 
 -----------
4
Final structure: -114.48 hartree
C           -0.007577710          0.000984254          0.000486207
O            1.174216387         -0.155585976         -0.075050981
H           -0.477552332          0.982804499         -0.185096578
H           -0.689094733         -0.828270004          0.259669300

 Structure in entos input format:

  structure(
    xyz = [
      ['C'  ,         -0.007577710,          0.000984254,          0.000486207],
      ['O'  ,          1.174216387,         -0.155585976,         -0.075050981],
      ['H'  ,         -0.477552332,          0.982804499,         -0.185096578],
      ['H'  ,         -0.689094733,         -0.828270004,          0.259669300]
    ]
  )

 --------------------------------
  Geometry optimization finished 
 --------------------------------
 Saving results in set 'opt'

 --------------------------------------------------------------------------------
                                 command: hessian                                
 --------------------------------------------------------------------------------

WARNING: semianalytic method is specified for dft hessian, which is not efficient. Try switching to 'method = analytic'


 -------------------------------
  Numerical Geometrical Hessian 
 -------------------------------

 Compute hessian using two-point central differentiation.
 Step size (bohr):                       0.0100

 Frequencies (including translational and rotational modes):
 mode    frequency (cm-1)
    0               11.03 i (imaginary)
    1                1.99 i (imaginary)
    2                0.33 i (imaginary)
    3                0.66
    4                6.57
    5               35.93
    6             1222.22
    7             1282.46
    8             1545.50
    9             1860.59
   10             2934.44
   11             2998.69

 Project out translational and rotational motions 

 Degrees of freedom for translational and rotational motions: 6

 Vibrational frequencies:
 mode    frequency (cm-1)
    0             1222.22
    1             1282.46
    2             1545.50
    3             1860.59
    4             2934.44
    5             2998.69

 --------------------------------------------------------------------------------

 End time:                               Fri Apr 16 16:41:15 2021
 Total wall-clock time:                 33.583 seconds
==================================================================================
