
================================================================================
          _____________ ________ _______________ ________     _________         
         / ___________// ______ \\_____   _____// ______ \   / ________)        
        / /_________  / /      \ \     | |     / /      \ \ | (_______          
       |  __________|| |        | |    | |    | |        | | \________ \        
        \ \_________ | |        | |    | |     \ \______/ /___________) |       
         \__________||_|        |_|    |_|      \________//____________/        
                                                                                
====================================[ Qcore ]===================================

 Git hash:   15a3e7daff0cda5fa9af010ccd19a80288182ecf
 Git date:   Fri, 16 Apr 2021 15:57:16 +0100
 Compiler:   GNU 9.1.0
 Build type: Release
 Version:    1.1.0

 Start time: Fri Apr 23 14:22:28 2021

 Data directory: /work/zw18965/.local/qcore/share/entos/1.1.0/data
 Number of threads: 12
 Number of threads was determined by: command line argument
  - More threads can be used by running 'qcore -n 24'

 --------------------------------------------------------------------------------
                                command: optimize                                
 --------------------------------------------------------------------------------
 Using coordinate system:                tric
 Hessian update scheme:                  bfgs

 ------------------------------------------------------------------------------------------------------------
                   energy      change    grad rms    grad max    step rms    step max       trust    time (s)
 ------------------------------------------------------------------------------------------------------------
   1      -553.060678500                1.77e-02    3.96e-02                            2.00e-01        1.24
   2      -553.061464444   -7.86e-04    2.17e-03    5.06e-03    1.86e-02    3.32e-02    2.00e-01        0.74
   3      -553.061495427   -3.10e-05    1.61e-03    3.56e-03    4.06e-03    7.06e-03    2.00e-01        0.69
   4      -553.061509258   -1.38e-05    6.07e-04    1.39e-03    3.90e-03    8.20e-03    2.00e-01        0.70
   5      -553.061510006   -7.48e-07    1.25e-04    2.60e-04    5.70e-04    1.39e-03    2.00e-01        0.71
   6      -553.061510066   -6.01e-08    7.19e-06    1.30e-05    1.20e-04    2.25e-04    2.00e-01        0.65
 Geometry optimization stopped:          thresholds achieved

 Final energy:                        -553.061510066

 -----------
  Final XYZ 
 -----------
3
Final structure: -553.062 hartree
Cl           1.419350946         -0.809130460          0.000033154
C           -0.151929158         -0.329687553         -0.000078055
N           -1.267421783          0.010880778          0.000044901

 Structure in entos input format:

  structure(
    xyz = [
      ['Cl' ,          1.419350946,         -0.809130460,          0.000033154],
      ['C'  ,         -0.151929158,         -0.329687553,         -0.000078055],
      ['N'  ,         -1.267421783,          0.010880778,          0.000044901]
    ]
  )

 --------------------------------
  Geometry optimization finished 
 --------------------------------
 Saving results in set 'opt'

 --------------------------------------------------------------------------------
                                 command: hessian                                
 --------------------------------------------------------------------------------

WARNING: semianalytic method is specified for dft hessian, which is not efficient. Try switching to 'method = analytic'


 -------------------------------
  Numerical Geometrical Hessian 
 -------------------------------

 Compute hessian using two-point central differentiation.
 Step size (bohr):                       0.0100

 Frequencies (including translational and rotational modes):
 mode    frequency (cm-1)
    0                0.13 i (imaginary)
    1                0.03 i (imaginary)
    2                0.02 i (imaginary)
    3                4.17
    4                9.79
    5              384.10
    6              384.25
    7              709.58
    8             2197.79

 Project out translational and rotational motions 

 Degrees of freedom for translational and rotational motions: 6

 Vibrational frequencies:
 mode    frequency (cm-1)
    0              384.18
    1              709.58
    2             2197.79

 --------------------------------------------------------------------------------

 End time:                               Fri Apr 23 14:22:47 2021
 Total wall-clock time:                 18.655 seconds
==================================================================================
