
================================================================================
          _____________ ________ _______________ ________     _________         
         / ___________// ______ \\_____   _____// ______ \   / ________)        
        / /_________  / /      \ \     | |     / /      \ \ | (_______          
       |  __________|| |        | |    | |    | |        | | \________ \        
        \ \_________ | |        | |    | |     \ \______/ /___________) |       
         \__________||_|        |_|    |_|      \________//____________/        
                                                                                
====================================[ Qcore ]===================================

 Git hash:   15a3e7daff0cda5fa9af010ccd19a80288182ecf
 Git date:   Fri, 16 Apr 2021 15:57:16 +0100
 Compiler:   GNU 9.1.0
 Build type: Release
 Version:    1.1.0

 Start time: Fri Apr 23 14:22:47 2021

 Data directory: /work/zw18965/.local/qcore/share/entos/1.1.0/data
 Number of threads: 12
 Number of threads was determined by: command line argument
  - More threads can be used by running 'qcore -n 24'

 --------------------------------------------------------------------------------
                                command: optimize                                
 --------------------------------------------------------------------------------
 Using coordinate system:                tric
 Hessian update scheme:                  bfgs

 ------------------------------------------------------------------------------------------------------------
                   energy      change    grad rms    grad max    step rms    step max       trust    time (s)
 ------------------------------------------------------------------------------------------------------------
   1      -560.023651566                1.46e-03    2.53e-03                            2.00e-01        0.76
   2      -560.023658781   -7.21e-06    9.57e-04    1.66e-03    1.72e-03    3.45e-03    2.00e-01        0.35
   3      -560.023664281   -5.50e-06    1.16e-05    2.00e-05    3.29e-03    6.58e-03    2.00e-01        0.33
   4      -560.023664282   -8.11e-10    7.79e-08    1.35e-07    4.02e-05    8.04e-05    2.00e-01        0.31
 Geometry optimization stopped:          thresholds achieved

 Final energy:                        -560.023664282

 -----------
  Final XYZ 
 -----------
2
Final structure: -560.024 hartree
Cl           0.836884669         -0.000000024         -0.000000180
F           -0.836884669          0.000000024          0.000000180

 Structure in entos input format:

  structure(
    xyz = [
      ['Cl' ,          0.836884669,         -0.000000024,         -0.000000180],
      ['F'  ,         -0.836884669,          0.000000024,          0.000000180]
    ]
  )

 --------------------------------
  Geometry optimization finished 
 --------------------------------
 Saving results in set 'opt'

 --------------------------------------------------------------------------------
                                 command: hessian                                
 --------------------------------------------------------------------------------

WARNING: semianalytic method is specified for dft hessian, which is not efficient. Try switching to 'method = analytic'


 -------------------------------
  Numerical Geometrical Hessian 
 -------------------------------

 Compute hessian using two-point central differentiation.
 Step size (bohr):                       0.0100

 Frequencies (including translational and rotational modes):
 mode    frequency (cm-1)
    0                0.00 i (imaginary)
    1                0.00 i (imaginary)
    2                0.02
    3               68.81
    4               68.81
    5              726.36

 Project out translational and rotational motions 

 The molecule is linear

 Degrees of freedom for translational and rotational motions: 5

 Vibrational frequencies:
 mode    frequency (cm-1)
    0              726.36

 --------------------------------------------------------------------------------

 End time:                               Fri Apr 23 14:22:54 2021
 Total wall-clock time:                  6.796 seconds
==================================================================================
