
================================================================================
          _____________ ________ _______________ ________     _________         
         / ___________// ______ \\_____   _____// ______ \   / ________)        
        / /_________  / /      \ \     | |     / /      \ \ | (_______          
       |  __________|| |        | |    | |    | |        | | \________ \        
        \ \_________ | |        | |    | |     \ \______/ /___________) |       
         \__________||_|        |_|    |_|      \________//____________/        
                                                                                
====================================[ Qcore ]===================================

 Git hash:   15a3e7daff0cda5fa9af010ccd19a80288182ecf
 Git date:   Fri, 16 Apr 2021 15:57:16 +0100
 Compiler:   GNU 9.1.0
 Build type: Release
 Version:    1.1.0

 Start time: Fri Apr 23 14:22:54 2021

 Data directory: /work/zw18965/.local/qcore/share/entos/1.1.0/data
 Number of threads: 12
 Number of threads was determined by: command line argument
  - More threads can be used by running 'qcore -n 24'

 --------------------------------------------------------------------------------
                                command: optimize                                
 --------------------------------------------------------------------------------
 Using coordinate system:                tric
 Hessian update scheme:                  bfgs

 ------------------------------------------------------------------------------------------------------------
                   energy      change    grad rms    grad max    step rms    step max       trust    time (s)
 ------------------------------------------------------------------------------------------------------------
   1      -188.646159142                3.42e-02    7.26e-02                            2.00e-01        0.87
   2      -188.650493660   -4.33e-03    2.94e-03    6.24e-03    4.63e-02    5.67e-02    2.00e-01        0.53
   3      -188.650530469   -3.68e-05    3.26e-04    6.92e-04    4.35e-03    5.33e-03    2.00e-01        0.56
   4      -188.650530933   -4.64e-07    3.67e-06    7.86e-06    5.43e-04    6.65e-04    2.00e-01        0.52
 Geometry optimization stopped:          thresholds achieved

 Final energy:                        -188.650530933

 -----------
  Final XYZ 
 -----------
3
Final structure: -188.651 hartree
O           -1.173616978         -0.000000032          0.000000019
O            1.173616946          0.000000031         -0.000000020
C            0.000000033          0.000000000          0.000000000

 Structure in entos input format:

  structure(
    xyz = [
      ['O'  ,         -1.173616978,         -0.000000032,          0.000000019],
      ['O'  ,          1.173616946,          0.000000031,         -0.000000020],
      ['C'  ,          0.000000033,          0.000000000,          0.000000000]
    ]
  )

 --------------------------------
  Geometry optimization finished 
 --------------------------------
 Saving results in set 'opt'

 --------------------------------------------------------------------------------
                                 command: hessian                                
 --------------------------------------------------------------------------------

WARNING: semianalytic method is specified for dft hessian, which is not efficient. Try switching to 'method = analytic'


 -------------------------------
  Numerical Geometrical Hessian 
 -------------------------------

 Compute hessian using two-point central differentiation.
 Step size (bohr):                       0.0100

 Frequencies (including translational and rotational modes):
 mode    frequency (cm-1)
    0                0.01 i (imaginary)
    1                0.01 i (imaginary)
    2                0.00
    3                7.80
    4                7.80
    5              635.60
    6              635.60
    7             1302.88
    8             2308.39

 Project out translational and rotational motions 

 Degrees of freedom for translational and rotational motions: 6

 Vibrational frequencies:
 mode    frequency (cm-1)
    0              635.60
    1             1302.88
    2             2308.39

 --------------------------------------------------------------------------------

 End time:                               Fri Apr 23 14:23:07 2021
 Total wall-clock time:                 13.143 seconds
==================================================================================
