
================================================================================
          _____________ ________ _______________ ________     _________         
         / ___________// ______ \\_____   _____// ______ \   / ________)        
        / /_________  / /      \ \     | |     / /      \ \ | (_______          
       |  __________|| |        | |    | |    | |        | | \________ \        
        \ \_________ | |        | |    | |     \ \______/ /___________) |       
         \__________||_|        |_|    |_|      \________//____________/        
                                                                                
====================================[ Qcore ]===================================

 Git hash:   15a3e7daff0cda5fa9af010ccd19a80288182ecf
 Git date:   Fri, 16 Apr 2021 15:57:16 +0100
 Compiler:   GNU 9.1.0
 Build type: Release
 Version:    1.1.0

 Start time: Fri Apr 23 14:23:07 2021

 Data directory: /work/zw18965/.local/qcore/share/entos/1.1.0/data
 Number of threads: 12
 Number of threads was determined by: command line argument
  - More threads can be used by running 'qcore -n 24'

 --------------------------------------------------------------------------------
                                command: optimize                                
 --------------------------------------------------------------------------------
 Using coordinate system:                tric
 Hessian update scheme:                  bfgs

 ------------------------------------------------------------------------------------------------------------
                   energy      change    grad rms    grad max    step rms    step max       trust    time (s)
 ------------------------------------------------------------------------------------------------------------
   1      -113.346287579                1.73e-02    2.99e-02                            2.00e-01        0.54
   2      -113.346649569   -3.62e-04    1.11e-03    1.92e-03    1.15e-02    2.30e-02    2.00e-01        0.28
   3      -113.346651157   -1.59e-06    5.11e-05    8.85e-05    7.90e-04    1.58e-03    2.00e-01        0.27
   4      -113.346651160   -3.39e-09    1.41e-07    2.44e-07    3.81e-05    7.62e-05    2.00e-01        0.25
 Geometry optimization stopped:          thresholds achieved

 Final energy:                        -113.346651160

 -----------
  Final XYZ 
 -----------
2
Final structure: -113.347 hartree
O            0.568770905          0.000000057          0.000000056
C           -0.568770904         -0.000000057         -0.000000056

 Structure in entos input format:

  structure(
    xyz = [
      ['O'  ,          0.568770905,          0.000000057,          0.000000056],
      ['C'  ,         -0.568770904,         -0.000000057,         -0.000000056]
    ]
  )

 --------------------------------
  Geometry optimization finished 
 --------------------------------
 Saving results in set 'opt'

 --------------------------------------------------------------------------------
                                 command: hessian                                
 --------------------------------------------------------------------------------

WARNING: semianalytic method is specified for dft hessian, which is not efficient. Try switching to 'method = analytic'


 -------------------------------
  Numerical Geometrical Hessian 
 -------------------------------

 Compute hessian using two-point central differentiation.
 Step size (bohr):                       0.0100

 Frequencies (including translational and rotational modes):
 mode    frequency (cm-1)
    0                0.00 i (imaginary)
    1                0.00 i (imaginary)
    2                0.00
    3               20.67
    4               20.68
    5             2111.43

 Project out translational and rotational motions 

 The molecule is linear

 Degrees of freedom for translational and rotational motions: 5

 Vibrational frequencies:
 mode    frequency (cm-1)
    0             2111.43

 --------------------------------------------------------------------------------

 End time:                               Fri Apr 23 14:23:12 2021
 Total wall-clock time:                  4.984 seconds
==================================================================================
