
================================================================================
          _____________ ________ _______________ ________     _________         
         / ___________// ______ \\_____   _____// ______ \   / ________)        
        / /_________  / /      \ \     | |     / /      \ \ | (_______          
       |  __________|| |        | |    | |    | |        | | \________ \        
        \ \_________ | |        | |    | |     \ \______/ /___________) |       
         \__________||_|        |_|    |_|      \________//____________/        
                                                                                
====================================[ Qcore ]===================================

 Git hash:   15a3e7daff0cda5fa9af010ccd19a80288182ecf
 Git date:   Fri, 16 Apr 2021 15:57:16 +0100
 Compiler:   GNU 9.1.0
 Build type: Release
 Version:    1.1.0

 Start time: Fri Apr 23 14:23:45 2021

 Data directory: /work/zw18965/.local/qcore/share/entos/1.1.0/data
 Number of threads: 12
 Number of threads was determined by: command line argument
  - More threads can be used by running 'qcore -n 24'

 --------------------------------------------------------------------------------
                                command: optimize                                
 --------------------------------------------------------------------------------
 Using coordinate system:                tric
 Hessian update scheme:                  bfgs

 ------------------------------------------------------------------------------------------------------------
                   energy      change    grad rms    grad max    step rms    step max       trust    time (s)
 ------------------------------------------------------------------------------------------------------------
   1      -114.527831388                1.30e-02    3.12e-02                            2.00e-01        0.98
   2      -114.528585687   -7.54e-04    3.33e-03    8.93e-03    1.94e-02    2.89e-02    2.00e-01        0.60
   3      -114.528663302   -7.76e-05    6.31e-04    1.79e-03    1.01e-02    1.71e-02    2.00e-01        0.56
   4      -114.528669801   -6.50e-06    2.12e-04    3.70e-04    3.50e-03    6.47e-03    2.00e-01        0.62
   5      -114.528670632   -8.30e-07    4.52e-05    8.45e-05    1.21e-03    1.99e-03    2.00e-01        0.58
   6      -114.528670672   -4.07e-08    7.83e-06    1.75e-05    1.87e-04    3.39e-04    2.00e-01        0.53
 Geometry optimization stopped:          thresholds achieved

 Final energy:                        -114.528670672

 -----------
  Final XYZ 
 -----------
4
Final structure: -114.529 hartree
C           -0.007737007          0.001028395          0.000462292
O            1.191667143         -0.159020841         -0.074985919
H           -0.484507821          0.990362603         -0.186862585
H           -0.699430703         -0.832437383          0.261394159

 Structure in entos input format:

  structure(
    xyz = [
      ['C'  ,         -0.007737007,          0.001028395,          0.000462292],
      ['O'  ,          1.191667143,         -0.159020841,         -0.074985919],
      ['H'  ,         -0.484507821,          0.990362603,         -0.186862585],
      ['H'  ,         -0.699430703,         -0.832437383,          0.261394159]
    ]
  )

 --------------------------------
  Geometry optimization finished 
 --------------------------------
 Saving results in set 'opt'

 --------------------------------------------------------------------------------
                                 command: hessian                                
 --------------------------------------------------------------------------------

WARNING: semianalytic method is specified for dft hessian, which is not efficient. Try switching to 'method = analytic'


 -------------------------------
  Numerical Geometrical Hessian 
 -------------------------------

 Compute hessian using two-point central differentiation.
 Step size (bohr):                       0.0100

 Frequencies (including translational and rotational modes):
 mode    frequency (cm-1)
    0               16.79 i (imaginary)
    1                0.18 i (imaginary)
    2                0.01 i (imaginary)
    3                0.11
    4                9.45
    5               16.23
    6             1151.84
    7             1224.69
    8             1488.97
    9             1732.38
   10             2787.45
   11             2828.54

 Project out translational and rotational motions 

 Degrees of freedom for translational and rotational motions: 6

 Vibrational frequencies:
 mode    frequency (cm-1)
    0             1151.84
    1             1224.69
    2             1488.97
    3             1732.38
    4             2787.45
    5             2828.54

 --------------------------------------------------------------------------------

 End time:                               Fri Apr 23 14:24:04 2021
 Total wall-clock time:                 19.459 seconds
==================================================================================
