
================================================================================
          _____________ ________ _______________ ________     _________         
         / ___________// ______ \\_____   _____// ______ \   / ________)        
        / /_________  / /      \ \     | |     / /      \ \ | (_______          
       |  __________|| |        | |    | |    | |        | | \________ \        
        \ \_________ | |        | |    | |     \ \______/ /___________) |       
         \__________||_|        |_|    |_|      \________//____________/        
                                                                                
====================================[ Qcore ]===================================

 Git hash:   15a3e7daff0cda5fa9af010ccd19a80288182ecf
 Git date:   Fri, 16 Apr 2021 15:57:16 +0100
 Compiler:   GNU 9.1.0
 Build type: Release
 Version:    1.1.0

 Start time: Fri Apr 23 14:24:28 2021

 Data directory: /work/zw18965/.local/qcore/share/entos/1.1.0/data
 Number of threads: 12
 Number of threads was determined by: command line argument
  - More threads can be used by running 'qcore -n 24'

 --------------------------------------------------------------------------------
                                command: optimize                                
 --------------------------------------------------------------------------------
 Using coordinate system:                tric
 Hessian update scheme:                  bfgs

 ------------------------------------------------------------------------------------------------------------
                   energy      change    grad rms    grad max    step rms    step max       trust    time (s)
 ------------------------------------------------------------------------------------------------------------
   1       -76.449641903                8.63e-03    1.42e-02                            2.00e-01        0.55
   2       -76.449978441   -3.37e-04    3.35e-03    5.96e-03    1.09e-02    1.70e-02    2.00e-01        0.29
   3       -76.450067807   -8.94e-05    6.06e-04    1.01e-03    1.00e-02    2.00e-02    2.00e-01        0.27
   4       -76.450076753   -8.95e-06    3.36e-04    5.73e-04    4.44e-03    8.09e-03    2.00e-01        0.29
   5       -76.450078332   -1.58e-06    8.85e-05    1.36e-04    2.22e-03    3.34e-03    2.00e-01        0.29
   6       -76.450078380   -4.82e-08    1.04e-05    1.48e-05    2.09e-04    2.71e-04    2.00e-01        0.27
 Geometry optimization stopped:          thresholds achieved

 Final energy:                         -76.450078380

 -----------
  Final XYZ 
 -----------
3
Final structure: -76.4501 hartree
O            0.000772760          0.000199734         -0.000816583
H            0.274785825          0.896098497          0.257893372
H            0.608641410         -0.241698232         -0.719576787

 Structure in entos input format:

  structure(
    xyz = [
      ['O'  ,          0.000772760,          0.000199734,         -0.000816583],
      ['H'  ,          0.274785825,          0.896098497,          0.257893372],
      ['H'  ,          0.608641410,         -0.241698232,         -0.719576787]
    ]
  )

 --------------------------------
  Geometry optimization finished 
 --------------------------------
 Saving results in set 'opt'

 --------------------------------------------------------------------------------
                                 command: hessian                                
 --------------------------------------------------------------------------------

WARNING: semianalytic method is specified for dft hessian, which is not efficient. Try switching to 'method = analytic'


 -------------------------------
  Numerical Geometrical Hessian 
 -------------------------------

 Compute hessian using two-point central differentiation.
 Step size (bohr):                       0.0100

 Frequencies (including translational and rotational modes):
 mode    frequency (cm-1)
    0               47.47 i (imaginary)
    1                6.36 i (imaginary)
    2                0.11 i (imaginary)
    3                0.02
    4                0.75
    5               27.65
    6             1595.95
    7             3654.36
    8             3755.68

 Project out translational and rotational motions 

 Degrees of freedom for translational and rotational motions: 6

 Vibrational frequencies:
 mode    frequency (cm-1)
    0             1595.95
    1             3654.36
    2             3755.68

 --------------------------------------------------------------------------------

 End time:                               Fri Apr 23 14:24:36 2021
 Total wall-clock time:                  7.652 seconds
==================================================================================
