
================================================================================
          _____________ ________ _______________ ________     _________         
         / ___________// ______ \\_____   _____// ______ \   / ________)        
        / /_________  / /      \ \     | |     / /      \ \ | (_______          
       |  __________|| |        | |    | |    | |        | | \________ \        
        \ \_________ | |        | |    | |     \ \______/ /___________) |       
         \__________||_|        |_|    |_|      \________//____________/        
                                                                                
====================================[ Qcore ]===================================

 Git hash:   15a3e7daff0cda5fa9af010ccd19a80288182ecf
 Git date:   Fri, 16 Apr 2021 15:57:16 +0100
 Compiler:   GNU 9.1.0
 Build type: Release
 Version:    1.1.0

 Start time: Fri Apr 23 14:24:46 2021

 Data directory: /work/zw18965/.local/qcore/share/entos/1.1.0/data
 Number of threads: 12
 Number of threads was determined by: command line argument
  - More threads can be used by running 'qcore -n 24'

 --------------------------------------------------------------------------------
                                command: optimize                                
 --------------------------------------------------------------------------------
 Using coordinate system:                tric
 Hessian update scheme:                  bfgs

 ------------------------------------------------------------------------------------------------------------
                   energy      change    grad rms    grad max    step rms    step max       trust    time (s)
 ------------------------------------------------------------------------------------------------------------
   1      -460.823026030                9.00e-03    1.56e-02                            2.00e-01        0.56
   2      -460.823312230   -2.86e-04    4.09e-03    7.09e-03    1.27e-02    2.54e-02    2.00e-01        0.24
   3      -460.823391449   -7.92e-05    2.70e-04    4.68e-04    1.06e-02    2.12e-02    2.00e-01        0.24
   4      -460.823391797   -3.48e-07    8.93e-06    1.55e-05    7.47e-04    1.49e-03    2.00e-01        0.24
   5      -460.823391797   -3.97e-10    4.46e-09    5.33e-09    2.55e-05    5.11e-05    2.00e-01        0.21
 Geometry optimization stopped:          thresholds achieved

 Final energy:                        -460.823391797

 -----------
  Final XYZ 
 -----------
2
Final structure: -460.823 hartree
Cl           0.645273965          0.000000137         -0.000000008
H           -0.645273965         -0.000000137          0.000000008

 Structure in entos input format:

  structure(
    xyz = [
      ['Cl' ,          0.645273965,          0.000000137,         -0.000000008],
      ['H'  ,         -0.645273965,         -0.000000137,          0.000000008]
    ]
  )

 --------------------------------
  Geometry optimization finished 
 --------------------------------
 Saving results in set 'opt'

 --------------------------------------------------------------------------------
                                 command: hessian                                
 --------------------------------------------------------------------------------

WARNING: semianalytic method is specified for dft hessian, which is not efficient. Try switching to 'method = analytic'


 -------------------------------
  Numerical Geometrical Hessian 
 -------------------------------

 Compute hessian using two-point central differentiation.
 Step size (bohr):                       0.0100

 Frequencies (including translational and rotational modes):
 mode    frequency (cm-1)
    0                0.04 i (imaginary)
    1                0.01 i (imaginary)
    2                0.00 i (imaginary)
    3               31.76
    4               32.02
    5             2854.16

 Project out translational and rotational motions 

 The molecule is linear

 Degrees of freedom for translational and rotational motions: 5

 Vibrational frequencies:
 mode    frequency (cm-1)
    0             2854.16

 --------------------------------------------------------------------------------

 End time:                               Fri Apr 23 14:24:50 2021
 Total wall-clock time:                  4.634 seconds
==================================================================================
