
================================================================================
          _____________ ________ _______________ ________     _________         
         / ___________// ______ \\_____   _____// ______ \   / ________)        
        / /_________  / /      \ \     | |     / /      \ \ | (_______          
       |  __________|| |        | |    | |    | |        | | \________ \        
        \ \_________ | |        | |    | |     \ \______/ /___________) |       
         \__________||_|        |_|    |_|      \________//____________/        
                                                                                
====================================[ Qcore ]===================================

 Git hash:   15a3e7daff0cda5fa9af010ccd19a80288182ecf
 Git date:   Fri, 16 Apr 2021 15:57:16 +0100
 Compiler:   GNU 9.1.0
 Build type: Release
 Version:    1.1.0

 Start time: Fri Apr 23 14:28:06 2021

 Data directory: /work/zw18965/.local/qcore/share/entos/1.1.0/data
 Number of threads: 12
 Number of threads was determined by: command line argument
  - More threads can be used by running 'qcore -n 24'

 --------------------------------------------------------------------------------
                                command: optimize                                
 --------------------------------------------------------------------------------
 Using coordinate system:                tric
 Hessian update scheme:                  bfgs

 ------------------------------------------------------------------------------------------------------------
                   energy      change    grad rms    grad max    step rms    step max       trust    time (s)
 ------------------------------------------------------------------------------------------------------------
   1      -473.421408399                1.51e-02    2.61e-02                            2.00e-01        0.81
   2      -473.421829417   -4.21e-04    8.88e-03    1.54e-02    1.02e-02    2.03e-02    2.00e-01        0.44
   3      -473.422067008   -2.38e-04    6.54e-04    1.13e-03    1.46e-02    2.92e-02    2.00e-01        0.46
   4      -473.422068377   -1.37e-06    3.13e-05    5.43e-05    1.16e-03    2.32e-03    2.00e-01        0.38
   5      -473.422068384   -6.87e-09    2.57e-08    4.29e-08    5.83e-05    1.17e-04    2.00e-01        0.36
 Geometry optimization stopped:          thresholds achieved

 Final energy:                        -473.422068384

 -----------
  Final XYZ 
 -----------
2
Final structure: -473.422 hartree
S            0.000000635         -0.000000043         -0.013742831
O           -0.000000635          0.000000043          1.499957381

 Structure in entos input format:

  structure(
    xyz = [
      ['S'  ,          0.000000635,         -0.000000043,         -0.013742831],
      ['O'  ,         -0.000000635,          0.000000043,          1.499957381]
    ]
  )

 --------------------------------
  Geometry optimization finished 
 --------------------------------
 Saving results in set 'opt'

 --------------------------------------------------------------------------------
                                 command: hessian                                
 --------------------------------------------------------------------------------

WARNING: semianalytic method is specified for dft hessian, which is not efficient. Try switching to 'method = analytic'


 -------------------------------
  Numerical Geometrical Hessian 
 -------------------------------

 Compute hessian using two-point central differentiation.
 Step size (bohr):                       0.0100

 Frequencies (including translational and rotational modes):
 mode    frequency (cm-1)
    0               47.03 i (imaginary)
    1               47.02 i (imaginary)
    2                0.02 i (imaginary)
    3                0.00 i (imaginary)
    4                0.00
    5             1071.23

 Project out translational and rotational motions 

 The molecule is linear

 Degrees of freedom for translational and rotational motions: 5

 Vibrational frequencies:
 mode    frequency (cm-1)
    0             1071.23

 --------------------------------------------------------------------------------

 End time:                               Fri Apr 23 14:28:14 2021
 Total wall-clock time:                  8.264 seconds
==================================================================================
