
================================================================================
          _____________ ________ _______________ ________     _________         
         / ___________// ______ \\_____   _____// ______ \   / ________)        
        / /_________  / /      \ \     | |     / /      \ \ | (_______          
       |  __________|| |        | |    | |    | |        | | \________ \        
        \ \_________ | |        | |    | |     \ \______/ /___________) |       
         \__________||_|        |_|    |_|      \________//____________/        
                                                                                
====================================[ Qcore ]===================================

 Git hash:   15a3e7daff0cda5fa9af010ccd19a80288182ecf
 Git date:   Fri, 16 Apr 2021 15:57:16 +0100
 Compiler:   GNU 9.1.0
 Build type: Release
 Version:    1.1.0

 Start time: Tue Apr 20 14:22:44 2021

 Data directory: /work/zw18965/.local/qcore/share/entos/1.1.0/data
 Number of threads: 12
 Number of threads was determined by: command line argument
  - More threads can be used by running 'qcore -n 24'

 --------------------------------------------------------------------------------
                                command: optimize                                
 --------------------------------------------------------------------------------
 Using coordinate system:                tric
 Hessian update scheme:                  bfgs

 ------------------------------------------------------------------------------------------------------------
                   energy      change    grad rms    grad max    step rms    step max       trust    time (s)
 ------------------------------------------------------------------------------------------------------------
   1      -552.791690560                1.97e-02    4.07e-02                            2.00e-01        2.15
   2      -552.792438918   -7.48e-04    8.08e-04    1.83e-03    1.64e-02    3.42e-02    2.00e-01        1.33
   3      -552.792440790   -1.87e-06    1.19e-04    2.78e-04    9.41e-04    1.61e-03    2.00e-01        1.26
   4      -552.792440872   -8.20e-08    8.91e-05    2.04e-04    2.30e-04    3.99e-04    2.00e-01        1.15
 Geometry optimization stopped:          thresholds achieved

 Final energy:                        -552.792440872

 -----------
  Final XYZ 
 -----------
3
Final structure: -552.792 hartree
Cl           1.411122733         -0.806549646         -0.000000145
C           -0.147510041         -0.330967602          0.000000417
N           -1.263612686          0.009580013         -0.000000273

 Structure in entos input format:

  structure(
    xyz = [
      ['Cl' ,          1.411122733,         -0.806549646,         -0.000000145],
      ['C'  ,         -0.147510041,         -0.330967602,          0.000000417],
      ['N'  ,         -1.263612686,          0.009580013,         -0.000000273]
    ]
  )

 --------------------------------
  Geometry optimization finished 
 --------------------------------
 Saving results in set 'opt'

 --------------------------------------------------------------------------------
                                 command: hessian                                
 --------------------------------------------------------------------------------

WARNING: semianalytic method is specified for dft hessian, which is not efficient. Try switching to 'method = analytic'


 -------------------------------
  Numerical Geometrical Hessian 
 -------------------------------

 Compute hessian using two-point central differentiation.
 Step size (bohr):                       0.0100

 Frequencies (including translational and rotational modes):
 mode    frequency (cm-1)
    0                4.37 i (imaginary)
    1                0.02 i (imaginary)
    2                0.01
    3                0.27
    4                6.71
    5              390.41
    6              390.81
    7              737.67
    8             2213.74

 Project out translational and rotational motions 

 Degrees of freedom for translational and rotational motions: 6

 Vibrational frequencies:
 mode    frequency (cm-1)
    0              390.42
    1              737.67
    2             2213.74

 --------------------------------------------------------------------------------

 End time:                               Tue Apr 20 14:23:14 2021
 Total wall-clock time:                 30.140 seconds
==================================================================================
