
================================================================================
          _____________ ________ _______________ ________     _________         
         / ___________// ______ \\_____   _____// ______ \   / ________)        
        / /_________  / /      \ \     | |     / /      \ \ | (_______          
       |  __________|| |        | |    | |    | |        | | \________ \        
        \ \_________ | |        | |    | |     \ \______/ /___________) |       
         \__________||_|        |_|    |_|      \________//____________/        
                                                                                
====================================[ Qcore ]===================================

 Git hash:   15a3e7daff0cda5fa9af010ccd19a80288182ecf
 Git date:   Fri, 16 Apr 2021 15:57:16 +0100
 Compiler:   GNU 9.1.0
 Build type: Release
 Version:    1.1.0

 Start time: Tue Apr 20 14:23:09 2021

 Data directory: /work/zw18965/.local/qcore/share/entos/1.1.0/data
 Number of threads: 12
 Number of threads was determined by: command line argument
  - More threads can be used by running 'qcore -n 24'

 --------------------------------------------------------------------------------
                                command: optimize                                
 --------------------------------------------------------------------------------
 Using coordinate system:                tric
 Hessian update scheme:                  bfgs

 ------------------------------------------------------------------------------------------------------------
                   energy      change    grad rms    grad max    step rms    step max       trust    time (s)
 ------------------------------------------------------------------------------------------------------------
   1       -56.516072924                5.52e-03    1.30e-02                            2.00e-01        1.21
   2       -56.516380674   -3.08e-04    2.59e-03    7.14e-03    1.13e-02    1.30e-02    2.00e-01        0.81
   3       -56.516535813   -1.55e-04    5.68e-04    9.88e-04    1.75e-02    2.13e-02    2.00e-01        0.78
   4       -56.516550799   -1.50e-05    3.29e-04    6.43e-04    6.70e-03    7.59e-03    2.00e-01        0.71
   5       -56.516552902   -2.10e-06    6.90e-05    1.22e-04    2.54e-03    2.37e-03    2.00e-01        0.72
   6       -56.516552951   -4.87e-08    5.89e-06    1.42e-05    2.02e-04    2.66e-04    2.00e-01        0.68
 Geometry optimization stopped:          thresholds achieved

 Final energy:                         -56.516552951

 -----------
  Final XYZ 
 -----------
4
Final structure: -56.5166 hartree
N           -0.002694227         -0.000652435          0.292840630
H           -0.521557596         -0.785570402         -0.104173538
H           -0.418363748          0.845609358         -0.099577294
H            0.942615572         -0.059386521         -0.089089798

 Structure in entos input format:

  structure(
    xyz = [
      ['N'  ,         -0.002694227,         -0.000652435,          0.292840630],
      ['H'  ,         -0.521557596,         -0.785570402,         -0.104173538],
      ['H'  ,         -0.418363748,          0.845609358,         -0.099577294],
      ['H'  ,          0.942615572,         -0.059386521,         -0.089089798]
    ]
  )

 --------------------------------
  Geometry optimization finished 
 --------------------------------
 Saving results in set 'opt'

 --------------------------------------------------------------------------------
                                 command: hessian                                
 --------------------------------------------------------------------------------

WARNING: semianalytic method is specified for dft hessian, which is not efficient. Try switching to 'method = analytic'


 -------------------------------
  Numerical Geometrical Hessian 
 -------------------------------

 Compute hessian using two-point central differentiation.
 Step size (bohr):                       0.0100

 Frequencies (including translational and rotational modes):
 mode    frequency (cm-1)
    0               38.67 i (imaginary)
    1               33.72 i (imaginary)
    2               15.03 i (imaginary)
    3                0.03
    4                0.24
    5                0.56
    6             1017.35
    7             1616.74
    8             1616.83
    9             3383.76
   10             3507.20
   11             3507.31

 Project out translational and rotational motions 

 Degrees of freedom for translational and rotational motions: 6

 Vibrational frequencies:
 mode    frequency (cm-1)
    0             1017.35
    1             1616.74
    2             1616.83
    3             3383.76
    4             3507.20
    5             3507.31

 --------------------------------------------------------------------------------

 End time:                               Tue Apr 20 14:23:34 2021
 Total wall-clock time:                 24.149 seconds
==================================================================================
