
================================================================================
          _____________ ________ _______________ ________     _________         
         / ___________// ______ \\_____   _____// ______ \   / ________)        
        / /_________  / /      \ \     | |     / /      \ \ | (_______          
       |  __________|| |        | |    | |    | |        | | \________ \        
        \ \_________ | |        | |    | |     \ \______/ /___________) |       
         \__________||_|        |_|    |_|      \________//____________/        
                                                                                
====================================[ Qcore ]===================================

 Git hash:   15a3e7daff0cda5fa9af010ccd19a80288182ecf
 Git date:   Fri, 16 Apr 2021 15:57:16 +0100
 Compiler:   GNU 9.1.0
 Build type: Release
 Version:    1.1.0

 Start time: Tue Apr 20 14:23:12 2021

 Data directory: /work/zw18965/.local/qcore/share/entos/1.1.0/data
 Number of threads: 12
 Number of threads was determined by: command line argument
  - More threads can be used by running 'qcore -n 24'

 --------------------------------------------------------------------------------
                                command: optimize                                
 --------------------------------------------------------------------------------
 Using coordinate system:                tric
 Hessian update scheme:                  bfgs

 ------------------------------------------------------------------------------------------------------------
                   energy      change    grad rms    grad max    step rms    step max       trust    time (s)
 ------------------------------------------------------------------------------------------------------------
   1      -184.574318661                3.53e-02    8.50e-02                            2.00e-01        1.67
   2      -184.578362454   -4.04e-03    4.61e-03    1.07e-02    4.37e-02    6.16e-02    2.00e-01        1.06
   3      -184.578428811   -6.64e-05    1.40e-03    3.29e-03    5.21e-03    9.87e-03    2.00e-01        0.91
   4      -184.578433125   -4.31e-06    2.10e-04    4.97e-04    1.32e-03    3.03e-03    2.00e-01        0.91
   5      -184.578433196   -7.03e-08    2.70e-05    6.13e-05    1.16e-04    2.70e-04    2.00e-01        0.89
 Geometry optimization stopped:          thresholds achieved

 Final energy:                        -184.578433196

 -----------
  Final XYZ 
 -----------
3
Final structure: -184.578 hartree
N           -0.000000209         -0.000000212         -1.134695642
N           -0.000000052          0.000000091          0.002339104
O            0.000000261          0.000000121          1.191356543

 Structure in entos input format:

  structure(
    xyz = [
      ['N'  ,         -0.000000209,         -0.000000212,         -1.134695642],
      ['N'  ,         -0.000000052,          0.000000091,          0.002339104],
      ['O'  ,          0.000000261,          0.000000121,          1.191356543]
    ]
  )

 --------------------------------
  Geometry optimization finished 
 --------------------------------
 Saving results in set 'opt'

 --------------------------------------------------------------------------------
                                 command: hessian                                
 --------------------------------------------------------------------------------

WARNING: semianalytic method is specified for dft hessian, which is not efficient. Try switching to 'method = analytic'


 -------------------------------
  Numerical Geometrical Hessian 
 -------------------------------

 Compute hessian using two-point central differentiation.
 Step size (bohr):                       0.0100

 Frequencies (including translational and rotational modes):
 mode    frequency (cm-1)
    0                9.39 i (imaginary)
    1                9.37 i (imaginary)
    2                0.00 i (imaginary)
    3                0.01
    4                0.07
    5              591.75
    6              591.76
    7             1302.15
    8             2278.11

 Project out translational and rotational motions 

 Degrees of freedom for translational and rotational motions: 6

 Vibrational frequencies:
 mode    frequency (cm-1)
    0              591.75
    1             1302.15
    2             2278.11

 --------------------------------------------------------------------------------

 End time:                               Tue Apr 20 14:23:35 2021
 Total wall-clock time:                 23.244 seconds
==================================================================================
