
================================================================================
          _____________ ________ _______________ ________     _________         
         / ___________// ______ \\_____   _____// ______ \   / ________)        
        / /_________  / /      \ \     | |     / /      \ \ | (_______          
       |  __________|| |        | |    | |    | |        | | \________ \        
        \ \_________ | |        | |    | |     \ \______/ /___________) |       
         \__________||_|        |_|    |_|      \________//____________/        
                                                                                
====================================[ Qcore ]===================================

 Git hash:   15a3e7daff0cda5fa9af010ccd19a80288182ecf
 Git date:   Fri, 16 Apr 2021 15:57:16 +0100
 Compiler:   GNU 9.1.0
 Build type: Release
 Version:    1.1.0

 Start time: Tue Apr 20 14:23:18 2021

 Data directory: /work/zw18965/.local/qcore/share/entos/1.1.0/data
 Number of threads: 12
 Number of threads was determined by: command line argument
  - More threads can be used by running 'qcore -n 24'

 --------------------------------------------------------------------------------
                                command: optimize                                
 --------------------------------------------------------------------------------
 Using coordinate system:                tric
 Hessian update scheme:                  bfgs

 ------------------------------------------------------------------------------------------------------------
                   energy      change    grad rms    grad max    step rms    step max       trust    time (s)
 ------------------------------------------------------------------------------------------------------------
   1      -364.556769839                7.59e-03    1.32e-02                            2.00e-01        1.18
   2      -364.556879336   -1.09e-04    3.80e-03    6.59e-03    5.56e-03    1.11e-02    2.00e-01        0.62
   3      -364.556917100   -3.78e-05    1.30e-04    2.24e-04    5.58e-03    1.12e-02    2.00e-01        0.63
   4      -364.556917150   -5.05e-08    2.37e-06    4.11e-06    1.97e-04    3.94e-04    2.00e-01        0.60
 Geometry optimization stopped:          thresholds achieved

 Final energy:                        -364.556917150

 -----------
  Final XYZ 
 -----------
2
Final structure: -364.557 hartree
Si          -0.000000311         -0.000000922         -0.762926627
O            0.000000311          0.000000922          0.762926627

 Structure in entos input format:

  structure(
    xyz = [
      ['Si' ,         -0.000000311,         -0.000000922,         -0.762926627],
      ['O'  ,          0.000000311,          0.000000922,          0.762926627]
    ]
  )

 --------------------------------
  Geometry optimization finished 
 --------------------------------
 Saving results in set 'opt'

 --------------------------------------------------------------------------------
                                 command: hessian                                
 --------------------------------------------------------------------------------

WARNING: semianalytic method is specified for dft hessian, which is not efficient. Try switching to 'method = analytic'


 -------------------------------
  Numerical Geometrical Hessian 
 -------------------------------

 Compute hessian using two-point central differentiation.
 Step size (bohr):                       0.0100

 Frequencies (including translational and rotational modes):
 mode    frequency (cm-1)
    0                9.26 i (imaginary)
    1                8.99 i (imaginary)
    2                0.00 i (imaginary)
    3                0.09
    4                0.21
    5             1204.77

 Project out translational and rotational motions 

 The molecule is linear

 Degrees of freedom for translational and rotational motions: 5

 Vibrational frequencies:
 mode    frequency (cm-1)
    0             1204.77

 --------------------------------------------------------------------------------

 End time:                               Tue Apr 20 14:23:29 2021
 Total wall-clock time:                 11.441 seconds
==================================================================================
