
================================================================================
          _____________ ________ _______________ ________     _________         
         / ___________// ______ \\_____   _____// ______ \   / ________)        
        / /_________  / /      \ \     | |     / /      \ \ | (_______          
       |  __________|| |        | |    | |    | |        | | \________ \        
        \ \_________ | |        | |    | |     \ \______/ /___________) |       
         \__________||_|        |_|    |_|      \________//____________/        
                                                                                
====================================[ Qcore ]===================================

 Git hash:   bfa4c3a672cc1ff01df8911b87991f8932a2a687
 Git date:   Fri, 12 Feb 2021 10:05:04 +0000
 Compiler:   GNU 9.1.0
 Build type: Release
 Version:    0.8.19

 Start time: Fri Apr 23 11:56:50 2021

 Data directory: /home/zw18965/.local/qcore/share/entos/0.8.19/data
 Number of threads: 24
 Number of threads was determined by: command line argument
  - More threads can be used by running 'qcore -n 32'

 --------------------------------------------------------------------------------
                                command: optimize                                
 --------------------------------------------------------------------------------
 Using coordinate system:                tric
 Hessian update scheme:                  bfgs

 ------------------------------------------------------------------------------------------------------------
                   energy      change    grad rms    grad max    step rms    step max       trust    time (s)
 ------------------------------------------------------------------------------------------------------------
   1       -77.253887034                8.58e-03    2.10e-02                            2.00e-01        3.27
   2       -77.254053401   -1.66e-04    4.33e-04    1.06e-03    7.20e-03    1.74e-02    2.00e-01        3.18
   3       -77.254053840   -4.39e-07    1.40e-05    3.21e-05    3.89e-04    8.67e-04    2.00e-01        3.14
 Geometry optimization stopped:          thresholds achieved

 Final energy:                         -77.254053840

 -----------
  Final XYZ 
 -----------
4
Final structure: -77.2541 hartree
C           -0.593816771         -0.000000007         -0.000011429
C            0.593816736         -0.000000055          0.000011308
H           -1.653310475         -0.000000110         -0.000094669
H            1.653310437          0.000000063          0.000094548

 Structure in entos input format:

  structure(
    xyz = [
      ['C'  ,         -0.593816771,         -0.000000007,         -0.000011429],
      ['C'  ,          0.593816736,         -0.000000055,          0.000011308],
      ['H'  ,         -1.653310475,         -0.000000110,         -0.000094669],
      ['H'  ,          1.653310437,          0.000000063,          0.000094548]
    ]
  )

 --------------------------------
  Geometry optimization finished 
 --------------------------------
 Saving results in set 'opt'

 --------------------------------------------------------------------------------
                                 command: hessian                                
 --------------------------------------------------------------------------------

 -------------------------------
  Numerical Geometrical Hessian 
 -------------------------------

 Compute hessian using two-point central differentiation.
 Step size (bohr):                       0.0100

 Frequencies (including translational and rotational modes):
 mode    frequency (cm-1)
    0                3.14
    1                8.50
    2                8.56
    3               24.13
    4               24.15
    5              748.95
    6              748.95
    7              814.03
    8              814.04
    9             2144.57
   10             3469.43
   11             3582.95

 Project out translational and rotational motions 

 Degrees of freedom for translational and rotational motions: 6

 Vibrational frequencies:
 mode    frequency (cm-1)
    0              748.95
    1              814.03
    2              814.04
    3             2144.57
    4             3469.43
    5             3582.95

 --------------------------------------------------------------------------------

 End time:                               Fri Apr 23 11:58:17 2021
 Total wall-clock time:                 86.927 seconds
==================================================================================
