
================================================================================
          _____________ ________ _______________ ________     _________         
         / ___________// ______ \\_____   _____// ______ \   / ________)        
        / /_________  / /      \ \     | |     / /      \ \ | (_______          
       |  __________|| |        | |    | |    | |        | | \________ \        
        \ \_________ | |        | |    | |     \ \______/ /___________) |       
         \__________||_|        |_|    |_|      \________//____________/        
                                                                                
====================================[ Qcore ]===================================

 Git hash:   bfa4c3a672cc1ff01df8911b87991f8932a2a687
 Git date:   Fri, 12 Feb 2021 10:05:04 +0000
 Compiler:   GNU 9.1.0
 Build type: Release
 Version:    0.8.19

 Start time: Fri Apr 23 12:14:22 2021

 Data directory: /home/zw18965/.local/qcore/share/entos/0.8.19/data
 Number of threads: 24
 Number of threads was determined by: command line argument
  - More threads can be used by running 'qcore -n 32'

 --------------------------------------------------------------------------------
                                command: optimize                                
 --------------------------------------------------------------------------------
 Using coordinate system:                tric
 Hessian update scheme:                  bfgs

 ------------------------------------------------------------------------------------------------------------
                   energy      change    grad rms    grad max    step rms    step max       trust    time (s)
 ------------------------------------------------------------------------------------------------------------
   1      -834.387353407                6.16e-03    1.31e-02                            2.00e-01        5.26
   2      -834.387586383   -2.33e-04    2.85e-03    6.04e-03    9.92e-03    1.22e-02    2.00e-01        5.13
   3      -834.387648241   -6.19e-05    7.85e-05    1.67e-04    8.54e-03    1.05e-02    2.00e-01        5.12
   4      -834.387648289   -4.82e-08    1.45e-06    2.92e-06    2.29e-04    2.81e-04    2.00e-01        5.08
 Geometry optimization stopped:          thresholds achieved

 Final energy:                        -834.387648289

 -----------
  Final XYZ 
 -----------
3
Final structure: -834.388 hartree
S            1.541703351          0.000469240         -0.000002238
C           -0.000000750         -0.000004253          0.000001594
S           -1.541704878         -0.000466154         -0.000000186

 Structure in entos input format:

  structure(
    xyz = [
      ['S'  ,          1.541703351,          0.000469240,         -0.000002238],
      ['C'  ,         -0.000000750,         -0.000004253,          0.000001594],
      ['S'  ,         -1.541704878,         -0.000466154,         -0.000000186]
    ]
  )

 --------------------------------
  Geometry optimization finished 
 --------------------------------
 Saving results in set 'opt'

 --------------------------------------------------------------------------------
                                 command: hessian                                
 --------------------------------------------------------------------------------

 -------------------------------
  Numerical Geometrical Hessian 
 -------------------------------

 Compute hessian using two-point central differentiation.
 Step size (bohr):                       0.0100

 Frequencies (including translational and rotational modes):
 mode    frequency (cm-1)
    0                4.31 i (imaginary)
    1                4.14 i (imaginary)
    2                1.87 i (imaginary)
    3                1.52 i (imaginary)
    4                0.47
    5              432.05
    6              432.06
    7              705.78
    8             1577.95

 Project out translational and rotational motions 

 Degrees of freedom for translational and rotational motions: 6

 Vibrational frequencies:
 mode    frequency (cm-1)
    0              432.05
    1              705.78
    2             1577.95

 --------------------------------------------------------------------------------

 End time:                               Fri Apr 23 12:16:13 2021
 Total wall-clock time:                110.934 seconds
==================================================================================
