
================================================================================
          _____________ ________ _______________ ________     _________         
         / ___________// ______ \\_____   _____// ______ \   / ________)        
        / /_________  / /      \ \     | |     / /      \ \ | (_______          
       |  __________|| |        | |    | |    | |        | | \________ \        
        \ \_________ | |        | |    | |     \ \______/ /___________) |       
         \__________||_|        |_|    |_|      \________//____________/        
                                                                                
====================================[ Qcore ]===================================

 Git hash:   bfa4c3a672cc1ff01df8911b87991f8932a2a687
 Git date:   Fri, 12 Feb 2021 10:05:04 +0000
 Compiler:   GNU 9.1.0
 Build type: Release
 Version:    0.8.19

 Start time: Fri Apr 23 12:16:13 2021

 Data directory: /home/zw18965/.local/qcore/share/entos/0.8.19/data
 Number of threads: 24
 Number of threads was determined by: command line argument
  - More threads can be used by running 'qcore -n 32'

 --------------------------------------------------------------------------------
                                command: optimize                                
 --------------------------------------------------------------------------------
 Using coordinate system:                tric
 Hessian update scheme:                  bfgs

 ------------------------------------------------------------------------------------------------------------
                   energy      change    grad rms    grad max    step rms    step max       trust    time (s)
 ------------------------------------------------------------------------------------------------------------
   1      -436.150468525                6.84e-04    1.18e-03                            2.00e-01        1.74
   2      -436.150469398   -8.73e-07    3.16e-04    5.48e-04    5.05e-04    1.01e-03    2.00e-01        1.69
   3      -436.150469635   -2.37e-07    9.37e-07    1.62e-06    4.35e-04    8.69e-04    2.00e-01        1.63
 Geometry optimization stopped:          thresholds achieved

 Final energy:                        -436.150469635

 -----------
  Final XYZ 
 -----------
2
Final structure: -436.15 hartree
C            0.000000341         -0.000000251          0.011801540
S           -0.000000342          0.000000249          1.527898600

 Structure in entos input format:

  structure(
    xyz = [
      ['C'  ,          0.000000341,         -0.000000251,          0.011801540],
      ['S'  ,         -0.000000342,          0.000000249,          1.527898600]
    ]
  )

 --------------------------------
  Geometry optimization finished 
 --------------------------------
 Saving results in set 'opt'

 --------------------------------------------------------------------------------
                                 command: hessian                                
 --------------------------------------------------------------------------------

 -------------------------------
  Numerical Geometrical Hessian 
 -------------------------------

 Compute hessian using two-point central differentiation.
 Step size (bohr):                       0.0100

 Frequencies (including translational and rotational modes):
 mode    frequency (cm-1)
    0               22.88 i (imaginary)
    1               22.85 i (imaginary)
    2                0.32 i (imaginary)
    3                0.28
    4                0.54
    5             1383.18

 Project out translational and rotational motions 

 The molecule is linear

 Degrees of freedom for translational and rotational motions: 5

 Vibrational frequencies:
 mode    frequency (cm-1)
    0             1383.18

 --------------------------------------------------------------------------------

 End time:                               Fri Apr 23 12:16:33 2021
 Total wall-clock time:                 20.322 seconds
==================================================================================
