
================================================================================
          _____________ ________ _______________ ________     _________         
         / ___________// ______ \\_____   _____// ______ \   / ________)        
        / /_________  / /      \ \     | |     / /      \ \ | (_______          
       |  __________|| |        | |    | |    | |        | | \________ \        
        \ \_________ | |        | |    | |     \ \______/ /___________) |       
         \__________||_|        |_|    |_|      \________//____________/        
                                                                                
====================================[ Qcore ]===================================

 Git hash:   bfa4c3a672cc1ff01df8911b87991f8932a2a687
 Git date:   Fri, 12 Feb 2021 10:05:04 +0000
 Compiler:   GNU 9.1.0
 Build type: Release
 Version:    0.8.19

 Start time: Fri Apr 23 12:21:19 2021

 Data directory: /home/zw18965/.local/qcore/share/entos/0.8.19/data
 Number of threads: 24
 Number of threads was determined by: command line argument
  - More threads can be used by running 'qcore -n 32'

 --------------------------------------------------------------------------------
                                command: optimize                                
 --------------------------------------------------------------------------------
 Using coordinate system:                tric
 Hessian update scheme:                  bfgs

 ------------------------------------------------------------------------------------------------------------
                   energy      change    grad rms    grad max    step rms    step max       trust    time (s)
 ------------------------------------------------------------------------------------------------------------
   1      -399.358245528                4.39e-03    8.84e-03                            2.00e-01        2.00
   2      -399.358382997   -1.37e-04    1.73e-03    3.72e-03    1.31e-02    1.43e-02    2.00e-01        1.93
   3      -399.358406236   -2.32e-05    3.88e-05    6.30e-05    5.12e-03    8.70e-03    2.00e-01        1.89
   4      -399.358406259   -2.37e-08    7.72e-07    2.27e-06    3.26e-04    2.70e-04    2.00e-01        1.90
 Geometry optimization stopped:          thresholds achieved

 Final energy:                        -399.358406259

 -----------
  Final XYZ 
 -----------
3
Final structure: -399.358 hartree
S           -0.001430674          0.609853105         -0.000001033
H            0.970886079         -0.302546630         -0.000000838
H           -0.969457970         -0.307097244         -0.000001920

 Structure in entos input format:

  structure(
    xyz = [
      ['S'  ,         -0.001430674,          0.609853105,         -0.000001033],
      ['H'  ,          0.970886079,         -0.302546630,         -0.000000838],
      ['H'  ,         -0.969457970,         -0.307097244,         -0.000001920]
    ]
  )

 --------------------------------
  Geometry optimization finished 
 --------------------------------
 Saving results in set 'opt'

 --------------------------------------------------------------------------------
                                 command: hessian                                
 --------------------------------------------------------------------------------

 -------------------------------
  Numerical Geometrical Hessian 
 -------------------------------

 Compute hessian using two-point central differentiation.
 Step size (bohr):                       0.0100

 Frequencies (including translational and rotational modes):
 mode    frequency (cm-1)
    0                1.22 i (imaginary)
    1                0.66 i (imaginary)
    2                0.65
    3               17.63
    4               84.50
    5               86.93
    6             1263.59
    7             2776.77
    8             2787.22

 Project out translational and rotational motions 

 Degrees of freedom for translational and rotational motions: 6

 Vibrational frequencies:
 mode    frequency (cm-1)
    0             1263.59
    1             2776.77
    2             2787.22

 --------------------------------------------------------------------------------

 End time:                               Fri Apr 23 12:21:57 2021
 Total wall-clock time:                 37.744 seconds
==================================================================================
