
================================================================================
          _____________ ________ _______________ ________     _________         
         / ___________// ______ \\_____   _____// ______ \   / ________)        
        / /_________  / /      \ \     | |     / /      \ \ | (_______          
       |  __________|| |        | |    | |    | |        | | \________ \        
        \ \_________ | |        | |    | |     \ \______/ /___________) |       
         \__________||_|        |_|    |_|      \________//____________/        
                                                                                
====================================[ Qcore ]===================================

 Git hash:   bfa4c3a672cc1ff01df8911b87991f8932a2a687
 Git date:   Fri, 12 Feb 2021 10:05:04 +0000
 Compiler:   GNU 9.1.0
 Build type: Release
 Version:    0.8.19

 Start time: Fri Apr 23 12:21:57 2021

 Data directory: /home/zw18965/.local/qcore/share/entos/0.8.19/data
 Number of threads: 24
 Number of threads was determined by: command line argument
  - More threads can be used by running 'qcore -n 32'

 --------------------------------------------------------------------------------
                                command: optimize                                
 --------------------------------------------------------------------------------
 Using coordinate system:                tric
 Hessian update scheme:                  bfgs

 ------------------------------------------------------------------------------------------------------------
                   energy      change    grad rms    grad max    step rms    step max       trust    time (s)
 ------------------------------------------------------------------------------------------------------------
   1      -460.780175712                3.31e-03    5.74e-03                            2.00e-01        1.21
   2      -460.780213750   -3.80e-05    1.40e-03    2.42e-03    4.67e-03    9.34e-03    2.00e-01        1.16
   3      -460.780222146   -8.40e-06    3.12e-05    5.40e-05    3.40e-03    6.81e-03    2.00e-01        1.14
   4      -460.780222150   -4.29e-09    2.87e-07    5.07e-07    7.77e-05    1.55e-04    2.00e-01        1.13
 Geometry optimization stopped:          thresholds achieved

 Final energy:                        -460.780222150

 -----------
  Final XYZ 
 -----------
2
Final structure: -460.78 hartree
Cl           0.636871468          0.000000588         -0.000000354
H           -0.636871904         -0.000000585          0.000000344

 Structure in entos input format:

  structure(
    xyz = [
      ['Cl' ,          0.636871468,          0.000000588,         -0.000000354],
      ['H'  ,         -0.636871904,         -0.000000585,          0.000000344]
    ]
  )

 --------------------------------
  Geometry optimization finished 
 --------------------------------
 Saving results in set 'opt'

 --------------------------------------------------------------------------------
                                 command: hessian                                
 --------------------------------------------------------------------------------

 -------------------------------
  Numerical Geometrical Hessian 
 -------------------------------

 Compute hessian using two-point central differentiation.
 Step size (bohr):                       0.0100

 Frequencies (including translational and rotational modes):
 mode    frequency (cm-1)
    0                0.49 i (imaginary)
    1                0.30 i (imaginary)
    2                0.02
    3               52.54
    4               52.70
    5             3047.15

 Project out translational and rotational motions 

 The molecule is linear

 Degrees of freedom for translational and rotational motions: 5

 Vibrational frequencies:
 mode    frequency (cm-1)
    0             3047.15

 --------------------------------------------------------------------------------

 End time:                               Fri Apr 23 12:22:11 2021
 Total wall-clock time:                 13.852 seconds
==================================================================================
