
================================================================================
          _____________ ________ _______________ ________     _________         
         / ___________// ______ \\_____   _____// ______ \   / ________)        
        / /_________  / /      \ \     | |     / /      \ \ | (_______          
       |  __________|| |        | |    | |    | |        | | \________ \        
        \ \_________ | |        | |    | |     \ \______/ /___________) |       
         \__________||_|        |_|    |_|      \________//____________/        
                                                                                
====================================[ Qcore ]===================================

 Git hash:   bfa4c3a672cc1ff01df8911b87991f8932a2a687
 Git date:   Fri, 12 Feb 2021 10:05:04 +0000
 Compiler:   GNU 9.1.0
 Build type: Release
 Version:    0.8.19

 Start time: Fri Apr 23 12:22:50 2021

 Data directory: /home/zw18965/.local/qcore/share/entos/0.8.19/data
 Number of threads: 24
 Number of threads was determined by: command line argument
  - More threads can be used by running 'qcore -n 32'

 --------------------------------------------------------------------------------
                                command: optimize                                
 --------------------------------------------------------------------------------
 Using coordinate system:                tric
 Hessian update scheme:                  bfgs

 ------------------------------------------------------------------------------------------------------------
                   energy      change    grad rms    grad max    step rms    step max       trust    time (s)
 ------------------------------------------------------------------------------------------------------------
   1      -100.408819551                1.03e-02    1.79e-02                            2.00e-01        0.72
   2      -100.409068132   -2.49e-04    2.22e-03    3.85e-03    1.13e-02    2.27e-02    2.00e-01        0.62
   3      -100.409079475   -1.13e-05    1.24e-04    2.15e-04    3.11e-03    6.21e-03    2.00e-01        0.63
   4      -100.409079510   -3.51e-08    1.40e-06    2.42e-06    1.65e-04    3.29e-04    2.00e-01        0.63
 Geometry optimization stopped:          thresholds achieved

 Final energy:                        -100.409079510

 -----------
  Final XYZ 
 -----------
2
Final structure: -100.409 hartree
F            0.455910865         -0.000000106         -0.000000056
H           -0.455910861          0.000000105          0.000000057

 Structure in entos input format:

  structure(
    xyz = [
      ['F'  ,          0.455910865,         -0.000000106,         -0.000000056],
      ['H'  ,         -0.455910861,          0.000000105,          0.000000057]
    ]
  )

 --------------------------------
  Geometry optimization finished 
 --------------------------------
 Saving results in set 'opt'

 --------------------------------------------------------------------------------
                                 command: hessian                                
 --------------------------------------------------------------------------------

 -------------------------------
  Numerical Geometrical Hessian 
 -------------------------------

 Compute hessian using two-point central differentiation.
 Step size (bohr):                       0.0100

 Frequencies (including translational and rotational modes):
 mode    frequency (cm-1)
    0                0.03 i (imaginary)
    1                0.06
    2                0.12
    3               34.17
    4               34.18
    5             4273.27

 Project out translational and rotational motions 

 The molecule is linear

 Degrees of freedom for translational and rotational motions: 5

 Vibrational frequencies:
 mode    frequency (cm-1)
    0             4273.27

 --------------------------------------------------------------------------------

 End time:                               Fri Apr 23 12:22:58 2021
 Total wall-clock time:                  8.083 seconds
==================================================================================
