
================================================================================
          _____________ ________ _______________ ________     _________         
         / ___________// ______ \\_____   _____// ______ \   / ________)        
        / /_________  / /      \ \     | |     / /      \ \ | (_______          
       |  __________|| |        | |    | |    | |        | | \________ \        
        \ \_________ | |        | |    | |     \ \______/ /___________) |       
         \__________||_|        |_|    |_|      \________//____________/        
                                                                                
====================================[ Qcore ]===================================

 Git hash:   bfa4c3a672cc1ff01df8911b87991f8932a2a687
 Git date:   Fri, 12 Feb 2021 10:05:04 +0000
 Compiler:   GNU 9.1.0
 Build type: Release
 Version:    0.8.19

 Start time: Fri Apr 23 12:23:43 2021

 Data directory: /home/zw18965/.local/qcore/share/entos/0.8.19/data
 Number of threads: 24
 Number of threads was determined by: command line argument
  - More threads can be used by running 'qcore -n 32'

 --------------------------------------------------------------------------------
                                command: optimize                                
 --------------------------------------------------------------------------------
 Using coordinate system:                tric
 Hessian update scheme:                  bfgs

 ------------------------------------------------------------------------------------------------------------
                   energy      change    grad rms    grad max    step rms    step max       trust    time (s)
 ------------------------------------------------------------------------------------------------------------
   1      -535.888840373                7.12e-03    1.62e-02                            2.00e-01        2.97
   2      -535.889477390   -6.37e-04    3.17e-03    7.38e-03    3.36e-02    3.53e-02    2.00e-01        2.91
   3      -535.889581933   -1.05e-04    7.93e-04    1.80e-03    1.83e-02    1.84e-02    2.00e-01        2.88
   4      -535.889586454   -4.52e-06    4.44e-04    9.56e-04    1.79e-03    2.70e-03    2.00e-01        2.87
   5      -535.889588802   -2.35e-06    4.94e-05    9.65e-05    2.52e-03    3.95e-03    2.00e-01        2.89
   6      -535.889588812   -1.02e-08    1.21e-05    2.23e-05    8.83e-05    1.32e-04    2.00e-01        2.88
 Geometry optimization stopped:          thresholds achieved

 Final energy:                        -535.889588812

 -----------
  Final XYZ 
 -----------
3
Final structure: -535.89 hartree
O           -0.338011264          0.453497350          0.000000226
Cl           1.225763292         -0.125643513         -0.000000907
H           -0.887863859         -0.327847071          0.000000899

 Structure in entos input format:

  structure(
    xyz = [
      ['O'  ,         -0.338011264,          0.453497350,          0.000000226],
      ['Cl' ,          1.225763292,         -0.125643513,         -0.000000907],
      ['H'  ,         -0.887863859,         -0.327847071,          0.000000899]
    ]
  )

 --------------------------------
  Geometry optimization finished 
 --------------------------------
 Saving results in set 'opt'

 --------------------------------------------------------------------------------
                                 command: hessian                                
 --------------------------------------------------------------------------------

 -------------------------------
  Numerical Geometrical Hessian 
 -------------------------------

 Compute hessian using two-point central differentiation.
 Step size (bohr):                       0.0100

 Frequencies (including translational and rotational modes):
 mode    frequency (cm-1)
    0               94.24 i (imaginary)
    1               10.55 i (imaginary)
    2                0.19
    3                0.88
    4                1.58
    5               10.62
    6              820.47
    7             1321.87
    8             3957.28

 Project out translational and rotational motions 

 Degrees of freedom for translational and rotational motions: 6

 Vibrational frequencies:
 mode    frequency (cm-1)
    0              820.47
    1             1321.87
    2             3957.28

 --------------------------------------------------------------------------------

 End time:                               Fri Apr 23 12:24:48 2021
 Total wall-clock time:                 65.833 seconds
==================================================================================
