
================================================================================
          _____________ ________ _______________ ________     _________         
         / ___________// ______ \\_____   _____// ______ \   / ________)        
        / /_________  / /      \ \     | |     / /      \ \ | (_______          
       |  __________|| |        | |    | |    | |        | | \________ \        
        \ \_________ | |        | |    | |     \ \______/ /___________) |       
         \__________||_|        |_|    |_|      \________//____________/        
                                                                                
====================================[ Qcore ]===================================

 Git hash:   bfa4c3a672cc1ff01df8911b87991f8932a2a687
 Git date:   Fri, 12 Feb 2021 10:05:04 +0000
 Compiler:   GNU 9.1.0
 Build type: Release
 Version:    0.8.19

 Start time: Fri Apr 23 12:27:10 2021

 Data directory: /home/zw18965/.local/qcore/share/entos/0.8.19/data
 Number of threads: 24
 Number of threads was determined by: command line argument
  - More threads can be used by running 'qcore -n 32'

 --------------------------------------------------------------------------------
                                command: optimize                                
 --------------------------------------------------------------------------------
 Using coordinate system:                tric
 Hessian update scheme:                  bfgs

 ------------------------------------------------------------------------------------------------------------
                   energy      change    grad rms    grad max    step rms    step max       trust    time (s)
 ------------------------------------------------------------------------------------------------------------
   1      -511.430648183                2.21e-02    5.30e-02                            2.00e-01        3.99
   2      -511.431482554   -8.34e-04    6.68e-03    1.59e-02    1.21e-02    2.96e-02    2.00e-01        3.89
   3      -511.431607511   -1.25e-04    1.87e-03    4.53e-03    6.09e-03    1.49e-02    2.00e-01        3.89
   4      -511.431629127   -2.16e-05    5.01e-04    1.22e-03    3.77e-03    7.60e-03    2.00e-01        3.87
   5      -511.431630191   -1.06e-06    4.44e-05    9.77e-05    8.98e-04    1.34e-03    2.00e-01        3.88
   6      -511.431630195   -3.36e-09    3.34e-06    7.15e-06    3.43e-05    1.21e-04    2.00e-01        3.89
 Geometry optimization stopped:          thresholds achieved

 Final energy:                        -511.431630195

 -----------
  Final XYZ 
 -----------
3
Final structure: -511.432 hartree
O           -0.000001183          0.000000760         -1.260469515
C            0.000000173         -0.000000741         -0.121069071
S            0.000002207         -0.000002169          1.439964761

 Structure in entos input format:

  structure(
    xyz = [
      ['O'  ,         -0.000001183,          0.000000760,         -1.260469515],
      ['C'  ,          0.000000173,         -0.000000741,         -0.121069071],
      ['S'  ,          0.000002207,         -0.000002169,          1.439964761]
    ]
  )

 --------------------------------
  Geometry optimization finished 
 --------------------------------
 Saving results in set 'opt'

 --------------------------------------------------------------------------------
                                 command: hessian                                
 --------------------------------------------------------------------------------

 -------------------------------
  Numerical Geometrical Hessian 
 -------------------------------

 Compute hessian using two-point central differentiation.
 Step size (bohr):                       0.0100

 Frequencies (including translational and rotational modes):
 mode    frequency (cm-1)
    0                1.32 i (imaginary)
    1                1.23 i (imaginary)
    2                0.85
    3                6.17
    4                6.31
    5              563.08
    6              563.08
    7              892.77
    8             2202.94

 Project out translational and rotational motions 

 Degrees of freedom for translational and rotational motions: 6

 Vibrational frequencies:
 mode    frequency (cm-1)
    0              563.08
    1              892.77
    2             2202.94

 --------------------------------------------------------------------------------

 End time:                               Fri Apr 23 12:28:41 2021
 Total wall-clock time:                 90.952 seconds
==================================================================================
