
================================================================================
          _____________ ________ _______________ ________     _________         
         / ___________// ______ \\_____   _____// ______ \   / ________)        
        / /_________  / /      \ \     | |     / /      \ \ | (_______          
       |  __________|| |        | |    | |    | |        | | \________ \        
        \ \_________ | |        | |    | |     \ \______/ /___________) |       
         \__________||_|        |_|    |_|      \________//____________/        
                                                                                
====================================[ Qcore ]===================================

 Git hash:   bfa4c3a672cc1ff01df8911b87991f8932a2a687
 Git date:   Fri, 12 Feb 2021 10:05:04 +0000
 Compiler:   GNU 9.1.0
 Build type: Release
 Version:    0.8.19

 Start time: Fri Apr 23 12:39:38 2021

 Data directory: /home/zw18965/.local/qcore/share/entos/0.8.19/data
 Number of threads: 24
 Number of threads was determined by: command line argument
  - More threads can be used by running 'qcore -n 32'

 --------------------------------------------------------------------------------
                                command: optimize                                
 --------------------------------------------------------------------------------
 Using coordinate system:                tric
 Hessian update scheme:                  bfgs

 ------------------------------------------------------------------------------------------------------------
                   energy      change    grad rms    grad max    step rms    step max       trust    time (s)
 ------------------------------------------------------------------------------------------------------------
   1      -473.300096554                1.63e-02    2.83e-02                            2.00e-01        2.02
   2      -473.300577095   -4.81e-04    8.87e-03    1.54e-02    1.10e-02    2.20e-02    2.00e-01        1.94
   3      -473.300763662   -1.87e-04    7.15e-04    1.24e-03    1.31e-02    2.62e-02    2.00e-01        1.94
   4      -473.300764950   -1.29e-06    2.82e-05    4.88e-05    9.78e-04    1.96e-03    2.00e-01        1.86
Rejecting step due to low quality: Quality: -1.71984 New trust radius: 1.85448e-05
   5      -473.300764947    3.11e-09    2.82e-05    4.88e-05    3.71e-05    7.42e-05    1.85e-05        1.90
 Geometry optimization stopped:          thresholds achieved

 Final energy:                        -473.300764947

 -----------
  Final XYZ 
 -----------
2
Final structure: -473.301 hartree
S            0.000000365          0.000000218          0.012249887
O           -0.000000368         -0.000000215          1.473964508

 Structure in entos input format:

  structure(
    xyz = [
      ['S'  ,          0.000000365,          0.000000218,          0.012249887],
      ['O'  ,         -0.000000368,         -0.000000215,          1.473964508]
    ]
  )

 --------------------------------
  Geometry optimization finished 
 --------------------------------
 Saving results in set 'opt'

 --------------------------------------------------------------------------------
                                 command: hessian                                
 --------------------------------------------------------------------------------

 -------------------------------
  Numerical Geometrical Hessian 
 -------------------------------

 Compute hessian using two-point central differentiation.
 Step size (bohr):                       0.0100

 Frequencies (including translational and rotational modes):
 mode    frequency (cm-1)
    0               16.12 i (imaginary)
    1               16.09 i (imaginary)
    2                0.65 i (imaginary)
    3                0.27
    4                0.47
    5             1274.24

 Project out translational and rotational motions 

 The molecule is linear

 Degrees of freedom for translational and rotational motions: 5

 Vibrational frequencies:
 mode    frequency (cm-1)
    0             1274.24

 --------------------------------------------------------------------------------

 End time:                               Fri Apr 23 12:40:06 2021
 Total wall-clock time:                 27.704 seconds
==================================================================================
