
================================================================================
          _____________ ________ _______________ ________     _________         
         / ___________// ______ \\_____   _____// ______ \   / ________)        
        / /_________  / /      \ \     | |     / /      \ \ | (_______          
       |  __________|| |        | |    | |    | |        | | \________ \        
        \ \_________ | |        | |    | |     \ \______/ /___________) |       
         \__________||_|        |_|    |_|      \________//____________/        
                                                                                
====================================[ Qcore ]===================================

 Git hash:   15a3e7daff0cda5fa9af010ccd19a80288182ecf
 Git date:   Fri, 16 Apr 2021 15:57:16 +0100
 Compiler:   GNU 9.1.0
 Build type: Release
 Version:    1.1.0

 Start time: Tue Apr 27 13:54:12 2021

 Data directory: /work/zw18965/.local/qcore/share/entos/1.1.0/data
 Number of threads: 24
 Number of threads was determined by: command line argument
  - More threads can be used by running 'qcore -n 32'

 --------------------------------------------------------------------------------
                                command: optimize                                
 --------------------------------------------------------------------------------
 Using coordinate system:                tric
 Hessian update scheme:                  bfgs

 ------------------------------------------------------------------------------------------------------------
                   energy      change    grad rms    grad max    step rms    step max       trust    time (s)
 ------------------------------------------------------------------------------------------------------------
   1       -26.579931375                4.80e-03    8.41e-03                            2.00e-01        1.60
   2       -26.580413136   -4.82e-04    1.27e-03    2.24e-03    2.30e-02    2.67e-02    2.00e-01        0.21
   3       -26.580451293   -3.82e-05    5.62e-05    1.01e-04    8.32e-03    9.65e-03    2.00e-01        0.21
   4       -26.580451372   -7.92e-08    3.69e-06    7.58e-06    3.84e-04    4.50e-04    2.00e-01        0.21
 Geometry optimization stopped:          thresholds achieved

 Final energy:                         -26.580451372

 -----------
  Final XYZ 
 -----------
4
Final structure: -26.5805 hartree
B            0.000004279          0.000011665         -0.198483848
H           -0.406127140         -1.046822398          0.222340890
H           -0.173516827          1.006568510          0.429692466
H            0.579639705          0.040242218         -1.247421773

 Structure in entos input format:

  structure(
    xyz = [
      ['B'  ,          0.000004279,          0.000011665,         -0.198483848],
      ['H'  ,         -0.406127140,         -1.046822398,          0.222340890],
      ['H'  ,         -0.173516827,          1.006568510,          0.429692466],
      ['H'  ,          0.579639705,          0.040242218,         -1.247421773]
    ]
  )

 --------------------------------
  Geometry optimization finished 
 --------------------------------
 Saving results in set 'opt'

 --------------------------------------------------------------------------------
                                 command: hessian                                
 --------------------------------------------------------------------------------

WARNING: semianalytic method is specified for dft hessian, which is not efficient. Try switching to 'method = analytic'


 -------------------------------
  Numerical Geometrical Hessian 
 -------------------------------

 Compute hessian using two-point central differentiation.
 Step size (bohr):                       0.0100

 Frequencies (including translational and rotational modes):
 mode    frequency (cm-1)
    0               50.48 i (imaginary)
    1                2.66 i (imaginary)
    2                0.65 i (imaginary)
    3                0.02 i (imaginary)
    4               14.13
    5               37.61
    6             1153.38
    7             1191.55
    8             1192.05
    9             2560.80
   10             2703.51
   11             2703.78

 Project out translational and rotational motions 

 Degrees of freedom for translational and rotational motions: 6

 Vibrational frequencies:
 mode    frequency (cm-1)
    0             1153.38
    1             1191.55
    2             1192.05
    3             2560.80
    4             2703.51
    5             2703.78

 --------------------------------------------------------------------------------

 End time:                               Tue Apr 27 13:54:20 2021
 Total wall-clock time:                  8.648 seconds
==================================================================================
