
================================================================================
          _____________ ________ _______________ ________     _________         
         / ___________// ______ \\_____   _____// ______ \   / ________)        
        / /_________  / /      \ \     | |     / /      \ \ | (_______          
       |  __________|| |        | |    | |    | |        | | \________ \        
        \ \_________ | |        | |    | |     \ \______/ /___________) |       
         \__________||_|        |_|    |_|      \________//____________/        
                                                                                
====================================[ Qcore ]===================================

 Git hash:   15a3e7daff0cda5fa9af010ccd19a80288182ecf
 Git date:   Fri, 16 Apr 2021 15:57:16 +0100
 Compiler:   GNU 9.1.0
 Build type: Release
 Version:    1.1.0

 Start time: Tue Apr 27 13:54:48 2021

 Data directory: /work/zw18965/.local/qcore/share/entos/1.1.0/data
 Number of threads: 24
 Number of threads was determined by: command line argument
  - More threads can be used by running 'qcore -n 32'

 --------------------------------------------------------------------------------
                                command: optimize                                
 --------------------------------------------------------------------------------
 Using coordinate system:                tric
 Hessian update scheme:                  bfgs

 ------------------------------------------------------------------------------------------------------------
                   energy      change    grad rms    grad max    step rms    step max       trust    time (s)
 ------------------------------------------------------------------------------------------------------------
   1      -958.416570655                1.61e-02    3.93e-02                            2.00e-01        0.84
   2      -958.420686376   -4.12e-03    9.42e-03    1.90e-02    1.18e-01    1.32e-01    2.00e-01        0.56
   3      -958.421349460   -6.63e-04    5.11e-03    8.55e-03    2.59e-02    2.96e-02    2.00e-01        0.58
   4      -958.421642826   -2.93e-04    7.42e-04    1.44e-03    1.97e-02    3.00e-02    2.00e-01        0.57
   5      -958.421651939   -9.11e-06    4.41e-05    9.55e-05    4.93e-03    4.69e-03    2.00e-01        0.54
   6      -958.421652123   -1.84e-07    1.73e-05    3.73e-05    4.71e-04    1.77e-03    2.00e-01        0.52
   7      -958.421652458   -3.35e-07    6.18e-05    1.31e-04    5.53e-04    5.48e-03    2.00e-01        0.54
   8      -958.421653220   -7.62e-07    1.33e-04    2.82e-04    7.55e-04    1.64e-02    2.00e-01        0.52
   9      -958.421654340   -1.12e-06    1.73e-04    3.65e-04    4.31e-04    2.97e-02    2.00e-01        0.55
  10      -958.421655276   -9.37e-07    1.26e-04    2.70e-04    4.71e-04    2.88e-02    2.00e-01        0.53
  11      -958.421655654   -3.78e-07    3.74e-05    8.22e-05    9.03e-04    1.02e-02    2.00e-01        0.55
  12      -958.421655697   -4.22e-08    2.83e-06    6.79e-06    3.60e-04    1.97e-03    2.00e-01        0.53
  13      -958.421655705   -8.85e-09    1.22e-06    2.77e-06    2.78e-05    9.47e-04    2.00e-01        0.50
 Geometry optimization stopped:          thresholds achieved

 Final energy:                        -958.421655705

 -----------
  Final XYZ 
 -----------
3
Final structure: -958.422 hartree
C            0.000000920         -0.031011515          0.022953066
Cl          -0.000005953          0.957082712         -1.377862715
Cl           0.000005032          0.957249394          1.423639085

 Structure in entos input format:

  structure(
    xyz = [
      ['C'  ,          0.000000920,         -0.031011515,          0.022953066],
      ['Cl' ,         -0.000005953,          0.957082712,         -1.377862715],
      ['Cl' ,          0.000005032,          0.957249394,          1.423639085]
    ]
  )

 --------------------------------
  Geometry optimization finished 
 --------------------------------
 Saving results in set 'opt'

 --------------------------------------------------------------------------------
                                 command: hessian                                
 --------------------------------------------------------------------------------

WARNING: semianalytic method is specified for dft hessian, which is not efficient. Try switching to 'method = analytic'


 -------------------------------
  Numerical Geometrical Hessian 
 -------------------------------

 Compute hessian using two-point central differentiation.
 Step size (bohr):                       0.0100

 Frequencies (including translational and rotational modes):
 mode    frequency (cm-1)
    0                0.18 i (imaginary)
    1                0.03 i (imaginary)
    2                0.02 i (imaginary)
    3               14.09
    4               16.13
    5               35.62
    6              345.24
    7              743.09
    8              792.33

 Project out translational and rotational motions 

 Degrees of freedom for translational and rotational motions: 6

 Vibrational frequencies:
 mode    frequency (cm-1)
    0              345.24
    1              743.09
    2              792.33

 --------------------------------------------------------------------------------

 End time:                               Tue Apr 27 13:55:06 2021
 Total wall-clock time:                 17.794 seconds
==================================================================================
