
================================================================================
          _____________ ________ _______________ ________     _________         
         / ___________// ______ \\_____   _____// ______ \   / ________)        
        / /_________  / /      \ \     | |     / /      \ \ | (_______          
       |  __________|| |        | |    | |    | |        | | \________ \        
        \ \_________ | |        | |    | |     \ \______/ /___________) |       
         \__________||_|        |_|    |_|      \________//____________/        
                                                                                
====================================[ Qcore ]===================================

 Git hash:   15a3e7daff0cda5fa9af010ccd19a80288182ecf
 Git date:   Fri, 16 Apr 2021 15:57:16 +0100
 Compiler:   GNU 9.1.0
 Build type: Release
 Version:    1.1.0

 Start time: Tue Apr 27 13:55:14 2021

 Data directory: /work/zw18965/.local/qcore/share/entos/1.1.0/data
 Number of threads: 24
 Number of threads was determined by: command line argument
  - More threads can be used by running 'qcore -n 32'

 --------------------------------------------------------------------------------
                                command: optimize                                
 --------------------------------------------------------------------------------
 Using coordinate system:                tric
 Hessian update scheme:                  bfgs

 ------------------------------------------------------------------------------------------------------------
                   energy      change    grad rms    grad max    step rms    step max       trust    time (s)
 ------------------------------------------------------------------------------------------------------------
   1       -40.486841670                3.40e-03    5.50e-03                            2.00e-01        0.49
   2       -40.487062606   -2.21e-04    8.36e-04    1.35e-03    1.21e-02    1.35e-02    2.00e-01        0.27
   3       -40.487077234   -1.46e-05    2.21e-05    3.61e-05    3.95e-03    4.41e-03    2.00e-01        0.26
   4       -40.487077244   -1.01e-08    5.89e-07    1.13e-06    1.07e-04    1.20e-04    2.00e-01        0.23
 Geometry optimization stopped:          thresholds achieved

 Final energy:                         -40.487077244

 -----------
  Final XYZ 
 -----------
5
Final structure: -40.4871 hartree
C           -0.000023043          0.000024826         -0.000001292
H            0.555677876          0.802131207          0.497968770
H            0.685492857         -0.815810279         -0.254274417
H           -0.780544158         -0.374678397          0.671227965
H           -0.460703530          0.388432642         -0.914921121

 Structure in entos input format:

  structure(
    xyz = [
      ['C'  ,         -0.000023043,          0.000024826,         -0.000001292],
      ['H'  ,          0.555677876,          0.802131207,          0.497968770],
      ['H'  ,          0.685492857,         -0.815810279,         -0.254274417],
      ['H'  ,         -0.780544158,         -0.374678397,          0.671227965],
      ['H'  ,         -0.460703530,          0.388432642,         -0.914921121]
    ]
  )

 --------------------------------
  Geometry optimization finished 
 --------------------------------
 Saving results in set 'opt'

 --------------------------------------------------------------------------------
                                 command: hessian                                
 --------------------------------------------------------------------------------

WARNING: semianalytic method is specified for dft hessian, which is not efficient. Try switching to 'method = analytic'


 -------------------------------
  Numerical Geometrical Hessian 
 -------------------------------

 Compute hessian using two-point central differentiation.
 Step size (bohr):                       0.0100

 Frequencies (including translational and rotational modes):
 mode    frequency (cm-1)
    0               27.21 i (imaginary)
    1               20.53 i (imaginary)
    2                0.22 i (imaginary)
    3                0.02
    4                0.26
    5               18.00
    6             1307.31
    7             1307.69
    8             1307.74
    9             1527.01
   10             1527.26
   11             3050.07
   12             3172.40
   13             3172.51
   14             3172.57

 Project out translational and rotational motions 

 Degrees of freedom for translational and rotational motions: 6

 Vibrational frequencies:
 mode    frequency (cm-1)
    0             1307.31
    1             1307.69
    2             1307.74
    3             1527.01
    4             1527.26
    5             3050.07
    6             3172.40
    7             3172.51
    8             3172.57

 --------------------------------------------------------------------------------

 End time:                               Tue Apr 27 13:55:24 2021
 Total wall-clock time:                  9.899 seconds
==================================================================================
