
================================================================================
          _____________ ________ _______________ ________     _________         
         / ___________// ______ \\_____   _____// ______ \   / ________)        
        / /_________  / /      \ \     | |     / /      \ \ | (_______          
       |  __________|| |        | |    | |    | |        | | \________ \        
        \ \_________ | |        | |    | |     \ \______/ /___________) |       
         \__________||_|        |_|    |_|      \________//____________/        
                                                                                
====================================[ Qcore ]===================================

 Git hash:   15a3e7daff0cda5fa9af010ccd19a80288182ecf
 Git date:   Fri, 16 Apr 2021 15:57:16 +0100
 Compiler:   GNU 9.1.0
 Build type: Release
 Version:    1.1.0

 Start time: Tue Apr 27 13:55:29 2021

 Data directory: /work/zw18965/.local/qcore/share/entos/1.1.0/data
 Number of threads: 24
 Number of threads was determined by: command line argument
  - More threads can be used by running 'qcore -n 32'

 --------------------------------------------------------------------------------
                                command: optimize                                
 --------------------------------------------------------------------------------
 Using coordinate system:                tric
 Hessian update scheme:                  bfgs

 ------------------------------------------------------------------------------------------------------------
                   energy      change    grad rms    grad max    step rms    step max       trust    time (s)
 ------------------------------------------------------------------------------------------------------------
   1      -553.003560644                9.59e-03    2.13e-02                            2.00e-01        0.84
   2      -553.003765376   -2.05e-04    1.49e-03    3.40e-03    9.85e-03    1.78e-02    2.00e-01        0.43
   3      -553.003771526   -6.15e-06    7.70e-04    1.73e-03    1.29e-03    2.97e-03    2.00e-01        0.43
   4      -553.003774292   -2.77e-06    9.66e-06    2.04e-05    1.73e-03    3.84e-03    2.00e-01        0.44
   5      -553.003774291    1.12e-09    3.38e-06    7.24e-06    4.48e-05    1.22e-04    2.24e-05        0.39
 Geometry optimization stopped:          thresholds achieved

 Final energy:                        -553.003774291

 -----------
  Final XYZ 
 -----------
3
Final structure: -553.004 hartree
Cl           1.411285895         -0.806388297         -0.000008749
C           -0.152408650         -0.329515706          0.000021175
N           -1.258877240          0.007966768         -0.000012425

 Structure in entos input format:

  structure(
    xyz = [
      ['Cl' ,          1.411285895,         -0.806388297,         -0.000008749],
      ['C'  ,         -0.152408650,         -0.329515706,          0.000021175],
      ['N'  ,         -1.258877240,          0.007966768,         -0.000012425]
    ]
  )

 --------------------------------
  Geometry optimization finished 
 --------------------------------
 Saving results in set 'opt'

 --------------------------------------------------------------------------------
                                 command: hessian                                
 --------------------------------------------------------------------------------

WARNING: semianalytic method is specified for dft hessian, which is not efficient. Try switching to 'method = analytic'


 -------------------------------
  Numerical Geometrical Hessian 
 -------------------------------

 Compute hessian using two-point central differentiation.
 Step size (bohr):                       0.0100

 Frequencies (including translational and rotational modes):
 mode    frequency (cm-1)
    0                0.12 i (imaginary)
    1                0.04 i (imaginary)
    2                0.01 i (imaginary)
    3                7.06
    4                9.94
    5              396.90
    6              397.21
    7              762.49
    8             2362.69

 Project out translational and rotational motions 

 Degrees of freedom for translational and rotational motions: 6

 Vibrational frequencies:
 mode    frequency (cm-1)
    0              397.08
    1              762.49
    2             2362.69

 --------------------------------------------------------------------------------

 End time:                               Tue Apr 27 13:55:40 2021
 Total wall-clock time:                 11.059 seconds
==================================================================================
