
================================================================================
          _____________ ________ _______________ ________     _________         
         / ___________// ______ \\_____   _____// ______ \   / ________)        
        / /_________  / /      \ \     | |     / /      \ \ | (_______          
       |  __________|| |        | |    | |    | |        | | \________ \        
        \ \_________ | |        | |    | |     \ \______/ /___________) |       
         \__________||_|        |_|    |_|      \________//____________/        
                                                                                
====================================[ Qcore ]===================================

 Git hash:   15a3e7daff0cda5fa9af010ccd19a80288182ecf
 Git date:   Fri, 16 Apr 2021 15:57:16 +0100
 Compiler:   GNU 9.1.0
 Build type: Release
 Version:    1.1.0

 Start time: Tue Apr 27 13:56:27 2021

 Data directory: /work/zw18965/.local/qcore/share/entos/1.1.0/data
 Number of threads: 24
 Number of threads was determined by: command line argument
  - More threads can be used by running 'qcore -n 32'

 --------------------------------------------------------------------------------
                                command: optimize                                
 --------------------------------------------------------------------------------
 Using coordinate system:                tric
 Hessian update scheme:                  bfgs

 ------------------------------------------------------------------------------------------------------------
                   energy      change    grad rms    grad max    step rms    step max       trust    time (s)
 ------------------------------------------------------------------------------------------------------------
   1      -437.457264337                3.97e-03    6.93e-03                            2.00e-01        0.77
   2      -437.457543282   -2.79e-04    1.10e-03    2.39e-03    2.05e-02    2.63e-02    2.00e-01        0.41
   3      -437.457583512   -4.02e-05    3.52e-04    1.01e-03    1.14e-02    1.65e-02    2.00e-01        0.42
   4      -437.457584576   -1.06e-06    2.00e-04    5.77e-04    1.15e-03    2.10e-03    2.00e-01        0.38
   5      -437.457584854   -2.78e-07    3.91e-05    9.96e-05    5.76e-04    1.14e-03    2.00e-01        0.40
 Geometry optimization stopped:          thresholds achieved

 Final energy:                        -437.457584854

 -----------
  Final XYZ 
 -----------
4
Final structure: -437.458 hartree
C           -0.110847436          0.008783981          0.001184868
S            1.488588965         -0.118337959         -0.015464391
H           -0.661946343          0.275476806          0.909869459
H           -0.715799324         -0.165985123         -0.895510532

 Structure in entos input format:

  structure(
    xyz = [
      ['C'  ,         -0.110847436,          0.008783981,          0.001184868],
      ['S'  ,          1.488588965,         -0.118337959,         -0.015464391],
      ['H'  ,         -0.661946343,          0.275476806,          0.909869459],
      ['H'  ,         -0.715799324,         -0.165985123,         -0.895510532]
    ]
  )

 --------------------------------
  Geometry optimization finished 
 --------------------------------
 Saving results in set 'opt'

 --------------------------------------------------------------------------------
                                 command: hessian                                
 --------------------------------------------------------------------------------

WARNING: semianalytic method is specified for dft hessian, which is not efficient. Try switching to 'method = analytic'


 -------------------------------
  Numerical Geometrical Hessian 
 -------------------------------

 Compute hessian using two-point central differentiation.
 Step size (bohr):                       0.0100

 Frequencies (including translational and rotational modes):
 mode    frequency (cm-1)
    0               18.54 i (imaginary)
    1               13.12 i (imaginary)
    2                3.38 i (imaginary)
    3                0.12
    4                1.00
    5               16.88
    6             1008.12
    7             1054.51
    8             1124.56
    9             1493.68
   10             3095.54
   11             3188.88

 Project out translational and rotational motions 

 Degrees of freedom for translational and rotational motions: 6

 Vibrational frequencies:
 mode    frequency (cm-1)
    0             1008.11
    1             1054.51
    2             1124.56
    3             1493.68
    4             3095.54
    5             3188.88

 --------------------------------------------------------------------------------

 End time:                               Tue Apr 27 13:56:40 2021
 Total wall-clock time:                 12.887 seconds
==================================================================================
