
================================================================================
          _____________ ________ _______________ ________     _________         
         / ___________// ______ \\_____   _____// ______ \   / ________)        
        / /_________  / /      \ \     | |     / /      \ \ | (_______          
       |  __________|| |        | |    | |    | |        | | \________ \        
        \ \_________ | |        | |    | |     \ \______/ /___________) |       
         \__________||_|        |_|    |_|      \________//____________/        
                                                                                
====================================[ Qcore ]===================================

 Git hash:   15a3e7daff0cda5fa9af010ccd19a80288182ecf
 Git date:   Fri, 16 Apr 2021 15:57:16 +0100
 Compiler:   GNU 9.1.0
 Build type: Release
 Version:    1.1.0

 Start time: Tue Apr 27 13:56:51 2021

 Data directory: /work/zw18965/.local/qcore/share/entos/1.1.0/data
 Number of threads: 24
 Number of threads was determined by: command line argument
  - More threads can be used by running 'qcore -n 32'

 --------------------------------------------------------------------------------
                                command: optimize                                
 --------------------------------------------------------------------------------
 Using coordinate system:                tric
 Hessian update scheme:                  bfgs

 ------------------------------------------------------------------------------------------------------------
                   energy      change    grad rms    grad max    step rms    step max       trust    time (s)
 ------------------------------------------------------------------------------------------------------------
   1      -460.825147248                8.24e-03    1.43e-02                            2.00e-01        0.48
   2      -460.825380990   -2.34e-04    3.44e-03    5.95e-03    1.16e-02    2.32e-02    2.00e-01        0.21
   3      -460.825432824   -5.18e-05    1.91e-04    3.31e-04    8.31e-03    1.66e-02    2.00e-01        0.20
   4      -460.825432989   -1.66e-07    4.77e-06    8.26e-06    4.88e-04    9.77e-04    2.00e-01        0.19
 Geometry optimization stopped:          thresholds achieved

 Final energy:                        -460.825432989

 -----------
  Final XYZ 
 -----------
2
Final structure: -460.825 hartree
Cl           0.643356314          0.000000002         -0.000000006
H           -0.643356314         -0.000000002          0.000000006

 Structure in entos input format:

  structure(
    xyz = [
      ['Cl' ,          0.643356314,          0.000000002,         -0.000000006],
      ['H'  ,         -0.643356314,         -0.000000002,          0.000000006]
    ]
  )

 --------------------------------
  Geometry optimization finished 
 --------------------------------
 Saving results in set 'opt'

 --------------------------------------------------------------------------------
                                 command: hessian                                
 --------------------------------------------------------------------------------

WARNING: semianalytic method is specified for dft hessian, which is not efficient. Try switching to 'method = analytic'


 -------------------------------
  Numerical Geometrical Hessian 
 -------------------------------

 Compute hessian using two-point central differentiation.
 Step size (bohr):                       0.0100

 Frequencies (including translational and rotational modes):
 mode    frequency (cm-1)
    0                5.04 i (imaginary)
    1                4.92 i (imaginary)
    2                0.01 i (imaginary)
    3                0.00 i (imaginary)
    4                0.02
    5             2981.07

 Project out translational and rotational motions 

 The molecule is linear

 Degrees of freedom for translational and rotational motions: 5

 Vibrational frequencies:
 mode    frequency (cm-1)
    0             2981.07

 --------------------------------------------------------------------------------

 End time:                               Tue Apr 27 13:56:55 2021
 Total wall-clock time:                  3.870 seconds
==================================================================================
