
================================================================================
          _____________ ________ _______________ ________     _________         
         / ___________// ______ \\_____   _____// ______ \   / ________)        
        / /_________  / /      \ \     | |     / /      \ \ | (_______          
       |  __________|| |        | |    | |    | |        | | \________ \        
        \ \_________ | |        | |    | |     \ \______/ /___________) |       
         \__________||_|        |_|    |_|      \________//____________/        
                                                                                
====================================[ Qcore ]===================================

 Git hash:   15a3e7daff0cda5fa9af010ccd19a80288182ecf
 Git date:   Fri, 16 Apr 2021 15:57:16 +0100
 Compiler:   GNU 9.1.0
 Build type: Release
 Version:    1.1.0

 Start time: Tue Apr 27 13:57:03 2021

 Data directory: /work/zw18965/.local/qcore/share/entos/1.1.0/data
 Number of threads: 24
 Number of threads was determined by: command line argument
  - More threads can be used by running 'qcore -n 32'

 --------------------------------------------------------------------------------
                                command: optimize                                
 --------------------------------------------------------------------------------
 Using coordinate system:                tric
 Hessian update scheme:                  bfgs

 ------------------------------------------------------------------------------------------------------------
                   energy      change    grad rms    grad max    step rms    step max       trust    time (s)
 ------------------------------------------------------------------------------------------------------------
   1      -130.448316498                3.76e-03    8.69e-03                            2.00e-01        0.54
   2      -130.448419183   -1.03e-04    3.84e-04    9.26e-04    1.33e-02    1.75e-02    2.00e-01        0.23
   3      -130.448420614   -1.43e-06    1.58e-04    2.77e-04    1.58e-03    2.56e-03    2.00e-01        0.22
   4      -130.448420702   -8.84e-08    2.81e-05    5.38e-05    2.78e-04    4.80e-04    2.00e-01        0.23
 Geometry optimization stopped:          thresholds achieved

 Final energy:                        -130.448420702

 -----------
  Final XYZ 
 -----------
3
Final structure: -130.448 hartree
N           -0.068731728          0.436013038         -0.000000019
O            0.952628386         -0.192165936          0.000000047
H           -0.883896653         -0.243847102         -0.000000028

 Structure in entos input format:

  structure(
    xyz = [
      ['N'  ,         -0.068731728,          0.436013038,         -0.000000019],
      ['O'  ,          0.952628386,         -0.192165936,          0.000000047],
      ['H'  ,         -0.883896653,         -0.243847102,         -0.000000028]
    ]
  )

 --------------------------------
  Geometry optimization finished 
 --------------------------------
 Saving results in set 'opt'

 --------------------------------------------------------------------------------
                                 command: hessian                                
 --------------------------------------------------------------------------------

WARNING: semianalytic method is specified for dft hessian, which is not efficient. Try switching to 'method = analytic'


 -------------------------------
  Numerical Geometrical Hessian 
 -------------------------------

 Compute hessian using two-point central differentiation.
 Step size (bohr):                       0.0100

 Frequencies (including translational and rotational modes):
 mode    frequency (cm-1)
    0               16.77 i (imaginary)
    1                1.44 i (imaginary)
    2                0.01 i (imaginary)
    3                0.11
    4                8.02
    5               23.15
    6             1566.50
    7             1729.95
    8             2950.11

 Project out translational and rotational motions 

 Degrees of freedom for translational and rotational motions: 6

 Vibrational frequencies:
 mode    frequency (cm-1)
    0             1566.50
    1             1729.95
    2             2950.11

 --------------------------------------------------------------------------------

 End time:                               Tue Apr 27 13:57:09 2021
 Total wall-clock time:                  5.888 seconds
==================================================================================
