
================================================================================
          _____________ ________ _______________ ________     _________         
         / ___________// ______ \\_____   _____// ______ \   / ________)        
        / /_________  / /      \ \     | |     / /      \ \ | (_______          
       |  __________|| |        | |    | |    | |        | | \________ \        
        \ \_________ | |        | |    | |     \ \______/ /___________) |       
         \__________||_|        |_|    |_|      \________//____________/        
                                                                                
====================================[ Qcore ]===================================

 Git hash:   15a3e7daff0cda5fa9af010ccd19a80288182ecf
 Git date:   Fri, 16 Apr 2021 15:57:16 +0100
 Compiler:   GNU 9.1.0
 Build type: Release
 Version:    1.1.0

 Start time: Tue Apr 27 13:57:09 2021

 Data directory: /work/zw18965/.local/qcore/share/entos/1.1.0/data
 Number of threads: 24
 Number of threads was determined by: command line argument
  - More threads can be used by running 'qcore -n 32'

 --------------------------------------------------------------------------------
                                command: optimize                                
 --------------------------------------------------------------------------------
 Using coordinate system:                tric
 Hessian update scheme:                  bfgs

 ------------------------------------------------------------------------------------------------------------
                   energy      change    grad rms    grad max    step rms    step max       trust    time (s)
 ------------------------------------------------------------------------------------------------------------
   1      -535.968773165                4.05e-03    9.27e-03                            2.00e-01        0.70
   2      -535.969032180   -2.59e-04    1.84e-03    3.95e-03    2.20e-02    3.18e-02    2.00e-01        0.33
   3      -535.969098976   -6.68e-05    8.59e-04    1.87e-03    1.70e-02    2.53e-02    2.00e-01        0.34
   4      -535.969105068   -6.09e-06    5.07e-04    1.08e-03    1.49e-03    7.06e-03    2.00e-01        0.34
   5      -535.969113455   -8.39e-06    3.24e-04    6.51e-04    2.71e-03    2.32e-02    2.00e-01        0.35
   6      -535.969117348   -3.89e-06    5.45e-04    1.12e-03    8.37e-04    1.75e-02    2.00e-01        0.33
   7      -535.969128453   -1.11e-05    1.37e-03    2.84e-03    3.19e-03    1.15e-01    2.00e-01        0.35
   8      -535.969136736   -8.28e-06    7.96e-04    1.64e-03    1.98e-03    2.64e-02    2.00e-01        0.35
   9      -535.969143973   -7.24e-06    2.04e-04    4.30e-04    2.02e-03    1.76e-02    2.00e-01        0.36
  10      -535.969145328   -1.35e-06    2.16e-05    4.27e-05    7.88e-04    2.14e-02    2.00e-01        0.33
  11      -535.969145338   -1.04e-08    4.90e-06    8.23e-06    4.80e-05    1.74e-03    2.00e-01        0.32
  12      -535.969145341   -2.85e-09    7.48e-07    1.41e-06    1.07e-05    1.04e-04    2.00e-01        0.29
 Geometry optimization stopped:          thresholds achieved

 Final energy:                        -535.969145341

 -----------
  Final XYZ 
 -----------
3
Final structure: -535.969 hartree
O           -0.393657829          0.425553903          0.000000435
Cl           1.249544749          0.000348201         -0.000000976
H           -0.855886933         -0.425902098          0.000000542

 Structure in entos input format:

  structure(
    xyz = [
      ['O'  ,         -0.393657829,          0.425553903,          0.000000435],
      ['Cl' ,          1.249544749,          0.000348201,         -0.000000976],
      ['H'  ,         -0.855886933,         -0.425902098,          0.000000542]
    ]
  )

 --------------------------------
  Geometry optimization finished 
 --------------------------------
 Saving results in set 'opt'

 --------------------------------------------------------------------------------
                                 command: hessian                                
 --------------------------------------------------------------------------------

WARNING: semianalytic method is specified for dft hessian, which is not efficient. Try switching to 'method = analytic'


 -------------------------------
  Numerical Geometrical Hessian 
 -------------------------------

 Compute hessian using two-point central differentiation.
 Step size (bohr):                       0.0100

 Frequencies (including translational and rotational modes):
 mode    frequency (cm-1)
    0               20.07 i (imaginary)
    1                0.09 i (imaginary)
    2                0.02
    3                0.25
    4               51.54
    5               72.38
    6              775.76
    7             1263.50
    8             3799.58

 Project out translational and rotational motions 

 Degrees of freedom for translational and rotational motions: 6

 Vibrational frequencies:
 mode    frequency (cm-1)
    0              775.76
    1             1263.50
    2             3799.58

 --------------------------------------------------------------------------------

 End time:                               Tue Apr 27 13:57:20 2021
 Total wall-clock time:                 10.972 seconds
==================================================================================
