
================================================================================
          _____________ ________ _______________ ________     _________         
         / ___________// ______ \\_____   _____// ______ \   / ________)        
        / /_________  / /      \ \     | |     / /      \ \ | (_______          
       |  __________|| |        | |    | |    | |        | | \________ \        
        \ \_________ | |        | |    | |     \ \______/ /___________) |       
         \__________||_|        |_|    |_|      \________//____________/        
                                                                                
====================================[ Qcore ]===================================

 Git hash:   15a3e7daff0cda5fa9af010ccd19a80288182ecf
 Git date:   Fri, 16 Apr 2021 15:57:16 +0100
 Compiler:   GNU 9.1.0
 Build type: Release
 Version:    1.1.0

 Start time: Tue Apr 27 13:57:20 2021

 Data directory: /work/zw18965/.local/qcore/share/entos/1.1.0/data
 Number of threads: 24
 Number of threads was determined by: command line argument
  - More threads can be used by running 'qcore -n 32'

 --------------------------------------------------------------------------------
                                command: optimize                                
 --------------------------------------------------------------------------------
 Using coordinate system:                tric
 Hessian update scheme:                  bfgs

 ------------------------------------------------------------------------------------------------------------
                   energy      change    grad rms    grad max    step rms    step max       trust    time (s)
 ------------------------------------------------------------------------------------------------------------
   1      -109.498579857                2.17e-03    3.76e-03                            2.00e-01        0.32
   2      -109.498583932   -4.08e-06    4.42e-04    7.66e-04    1.37e-03    2.73e-03    2.00e-01        0.16
   3      -109.498584112   -1.80e-07    1.88e-06    3.25e-06    2.31e-04    4.62e-04    2.00e-01        0.15
 Geometry optimization stopped:          thresholds achieved

 Final energy:                        -109.498584112

 -----------
  Final XYZ 
 -----------
2
Final structure: -109.499 hartree
N            0.549869342         -0.000000042          0.000000043
N           -0.549869342          0.000000042         -0.000000043

 Structure in entos input format:

  structure(
    xyz = [
      ['N'  ,          0.549869342,         -0.000000042,          0.000000043],
      ['N'  ,         -0.549869342,          0.000000042,         -0.000000043]
    ]
  )

 --------------------------------
  Geometry optimization finished 
 --------------------------------
 Saving results in set 'opt'

 --------------------------------------------------------------------------------
                                 command: hessian                                
 --------------------------------------------------------------------------------

WARNING: semianalytic method is specified for dft hessian, which is not efficient. Try switching to 'method = analytic'


 -------------------------------
  Numerical Geometrical Hessian 
 -------------------------------

 Compute hessian using two-point central differentiation.
 Step size (bohr):                       0.0100

 Frequencies (including translational and rotational modes):
 mode    frequency (cm-1)
    0                0.02 i (imaginary)
    1                0.00 i (imaginary)
    2                0.00
    3               16.71
    4               16.77
    5             2496.51

 Project out translational and rotational motions 

 The molecule is linear

 Degrees of freedom for translational and rotational motions: 5

 Vibrational frequencies:
 mode    frequency (cm-1)
    0             2496.51

 --------------------------------------------------------------------------------

 End time:                               Tue Apr 27 13:57:23 2021
 Total wall-clock time:                  2.822 seconds
==================================================================================
