
================================================================================
          _____________ ________ _______________ ________     _________         
         / ___________// ______ \\_____   _____// ______ \   / ________)        
        / /_________  / /      \ \     | |     / /      \ \ | (_______          
       |  __________|| |        | |    | |    | |        | | \________ \        
        \ \_________ | |        | |    | |     \ \______/ /___________) |       
         \__________||_|        |_|    |_|      \________//____________/        
                                                                                
====================================[ Qcore ]===================================

 Git hash:   bfa4c3a672cc1ff01df8911b87991f8932a2a687
 Git date:   Fri, 12 Feb 2021 10:05:04 +0000
 Compiler:   GNU 9.1.0
 Build type: Release
 Version:    0.8.19

 Start time: Fri Apr 16 16:29:51 2021

 Data directory: /home/zw18965/.local/qcore/share/entos/0.8.19/data
 Number of threads: 24
 Number of threads was determined by: command line argument

 --------------------------------------------------------------------------------
                                command: optimize                                
 --------------------------------------------------------------------------------
 Using coordinate system:                tric
 Hessian update scheme:                  bfgs

 ------------------------------------------------------------------------------------------------------------
                   energy      change    grad rms    grad max    step rms    step max       trust    time (s)
 ------------------------------------------------------------------------------------------------------------
   1      -114.510736243                3.44e-03    9.67e-03                            2.00e-01        1.75
   2      -114.510943345   -2.07e-04    2.04e-03    6.03e-03    1.66e-02    2.89e-02    2.00e-01        1.21
   3      -114.510999693   -5.63e-05    3.01e-04    8.07e-04    1.28e-02    2.34e-02    2.00e-01        1.14
   4      -114.511000054   -3.60e-07    6.71e-05    1.67e-04    3.33e-04    5.74e-04    2.00e-01        1.02
 Geometry optimization stopped:          thresholds achieved

 Final energy:                        -114.511000054

 -----------
  Final XYZ 
 -----------
4
Final structure: -114.511 hartree
C           -0.007483315          0.000970252          0.000479693
O            1.174154992         -0.155554190         -0.075098524
H           -0.477666635          0.982150318         -0.184889547
H           -0.689013430         -0.827633607          0.259516325

 Structure in entos input format:

  structure(
    xyz = [
      ['C'  ,         -0.007483315,          0.000970252,          0.000479693],
      ['O'  ,          1.174154992,         -0.155554190,         -0.075098524],
      ['H'  ,         -0.477666635,          0.982150318,         -0.184889547],
      ['H'  ,         -0.689013430,         -0.827633607,          0.259516325]
    ]
  )

 --------------------------------
  Geometry optimization finished 
 --------------------------------
 Saving results in set 'opt'

 --------------------------------------------------------------------------------
                                 command: hessian                                
 --------------------------------------------------------------------------------

WARNING: semianalytic method is specified for dft hessian, which is not efficient. Try switching to 'method = analytic'


 -------------------------------
  Numerical Geometrical Hessian 
 -------------------------------

 Compute hessian using two-point central differentiation.
 Step size (bohr):                       0.0100

 Frequencies (including translational and rotational modes):
 mode    frequency (cm-1)
    0               11.26 i (imaginary)
    1                2.92 i (imaginary)
    2                0.08 i (imaginary)
    3                0.22
    4                1.33
    5               36.10
    6             1213.80
    7             1276.53
    8             1539.36
    9             1848.36
   10             2916.83
   11             2979.81

 Project out translational and rotational motions 

 Degrees of freedom for translational and rotational motions: 6

 Vibrational frequencies:
 mode    frequency (cm-1)
    0             1213.80
    1             1276.53
    2             1539.36
    3             1848.36
    4             2916.83
    5             2979.81

 --------------------------------------------------------------------------------

 End time:                               Fri Apr 16 16:30:25 2021
 Total wall-clock time:                 34.119 seconds
==================================================================================
