
================================================================================
          _____________ ________ _______________ ________     _________         
         / ___________// ______ \\_____   _____// ______ \   / ________)        
        / /_________  / /      \ \     | |     / /      \ \ | (_______          
       |  __________|| |        | |    | |    | |        | | \________ \        
        \ \_________ | |        | |    | |     \ \______/ /___________) |       
         \__________||_|        |_|    |_|      \________//____________/        
                                                                                
====================================[ Qcore ]===================================

 Git hash:   15a3e7daff0cda5fa9af010ccd19a80288182ecf
 Git date:   Fri, 16 Apr 2021 15:57:16 +0100
 Compiler:   GNU 9.1.0
 Build type: Release
 Version:    1.1.0

 Start time: Tue Apr 27 13:58:09 2021

 Data directory: /work/zw18965/.local/qcore/share/entos/1.1.0/data
 Number of threads: 24
 Number of threads was determined by: command line argument
  - More threads can be used by running 'qcore -n 32'

 --------------------------------------------------------------------------------
                                command: optimize                                
 --------------------------------------------------------------------------------
 Using coordinate system:                tric
 Hessian update scheme:                  bfgs

 ------------------------------------------------------------------------------------------------------------
                   energy      change    grad rms    grad max    step rms    step max       trust    time (s)
 ------------------------------------------------------------------------------------------------------------
   1       -78.543643302                5.76e-03    1.44e-02                            2.00e-01        0.55
   2       -78.544164780   -5.21e-04    1.34e-03    3.25e-03    1.78e-02    2.43e-02    2.00e-01        0.37
   3       -78.544202782   -3.80e-05    2.85e-04    6.85e-04    6.30e-03    7.31e-03    2.00e-01        0.34
   4       -78.544205514   -2.73e-06    1.18e-04    2.22e-04    2.35e-03    2.99e-03    2.00e-01        0.37
   5       -78.544205999   -4.85e-07    2.47e-05    4.04e-05    1.21e-03    1.38e-03    2.00e-01        0.35
   6       -78.544206012   -1.33e-08    4.08e-06    8.40e-06    1.16e-04    3.14e-04    2.00e-01        0.33
 Geometry optimization stopped:          thresholds achieved

 Final energy:                         -78.544206012

 -----------
  Final XYZ 
 -----------
6
Final structure: -78.5442 hartree
C           -0.665662199         -0.052812452          0.000206861
C            0.665593094          0.052807747         -0.000173296
H           -1.245111283          0.002348289         -0.923208689
H           -1.228614875         -0.198660861          0.923960078
H            1.228546716          0.198654857         -0.923926052
H            1.245041131         -0.002354175          0.923242759

 Structure in entos input format:

  structure(
    xyz = [
      ['C'  ,         -0.665662199,         -0.052812452,          0.000206861],
      ['C'  ,          0.665593094,          0.052807747,         -0.000173296],
      ['H'  ,         -1.245111283,          0.002348289,         -0.923208689],
      ['H'  ,         -1.228614875,         -0.198660861,          0.923960078],
      ['H'  ,          1.228546716,          0.198654857,         -0.923926052],
      ['H'  ,          1.245041131,         -0.002354175,          0.923242759]
    ]
  )

 --------------------------------
  Geometry optimization finished 
 --------------------------------
 Saving results in set 'opt'

 --------------------------------------------------------------------------------
                                 command: hessian                                
 --------------------------------------------------------------------------------

WARNING: semianalytic method is specified for dft hessian, which is not efficient. Try switching to 'method = analytic'


 -------------------------------
  Numerical Geometrical Hessian 
 -------------------------------

 Compute hessian using two-point central differentiation.
 Step size (bohr):                       0.0100

 Frequencies (including translational and rotational modes):
 mode    frequency (cm-1)
    0               15.56 i (imaginary)
    1                0.06 i (imaginary)
    2                0.02 i (imaginary)
    3                0.05
    4               15.46
    5               19.84
    6              826.30
    7              981.46
    8              984.42
    9             1044.73
   10             1228.44
   11             1369.10
   12             1457.45
   13             1682.52
   14             3130.58
   15             3144.59
   16             3209.73
   17             3237.68

 Project out translational and rotational motions 

 Degrees of freedom for translational and rotational motions: 6

 Vibrational frequencies:
 mode    frequency (cm-1)
    0              826.30
    1              981.46
    2              984.42
    3             1044.73
    4             1228.44
    5             1369.10
    6             1457.45
    7             1682.52
    8             3130.58
    9             3144.59
   10             3209.73
   11             3237.68

 --------------------------------------------------------------------------------

 End time:                               Tue Apr 27 13:58:25 2021
 Total wall-clock time:                 15.816 seconds
==================================================================================
