
================================================================================
          _____________ ________ _______________ ________     _________         
         / ___________// ______ \\_____   _____// ______ \   / ________)        
        / /_________  / /      \ \     | |     / /      \ \ | (_______          
       |  __________|| |        | |    | |    | |        | | \________ \        
        \ \_________ | |        | |    | |     \ \______/ /___________) |       
         \__________||_|        |_|    |_|      \________//____________/        
                                                                                
====================================[ Qcore ]===================================

 Git hash:   15a3e7daff0cda5fa9af010ccd19a80288182ecf
 Git date:   Fri, 16 Apr 2021 15:57:16 +0100
 Compiler:   GNU 9.1.0
 Build type: Release
 Version:    1.1.0

 Start time: Tue Apr 27 13:58:37 2021

 Data directory: /work/zw18965/.local/qcore/share/entos/1.1.0/data
 Number of threads: 24
 Number of threads was determined by: command line argument
  - More threads can be used by running 'qcore -n 32'

 --------------------------------------------------------------------------------
                                command: optimize                                
 --------------------------------------------------------------------------------
 Using coordinate system:                tric
 Hessian update scheme:                  bfgs

 ------------------------------------------------------------------------------------------------------------
                   energy      change    grad rms    grad max    step rms    step max       trust    time (s)
 ------------------------------------------------------------------------------------------------------------
   1      -237.640877883                1.12e-02    2.48e-02                            2.00e-01        0.44
   2      -237.641411484   -5.34e-04    5.20e-03    1.11e-02    1.35e-02    1.85e-02    2.00e-01        0.22
   3      -237.641562721   -1.51e-04    3.09e-04    6.53e-04    1.07e-02    1.71e-02    2.00e-01        0.23
   4      -237.641563274   -5.54e-07    9.88e-06    1.95e-05    6.69e-04    1.08e-03    2.00e-01        0.20
 Geometry optimization stopped:          thresholds achieved

 Final energy:                        -237.641563274

 -----------
  Final XYZ 
 -----------
3
Final structure: -237.642 hartree
C           -0.000000115          0.127858459         -0.000000598
F            0.000000005          0.936071923         -1.039035613
F            0.000000110          0.936069613          1.039036211

 Structure in entos input format:

  structure(
    xyz = [
      ['C'  ,         -0.000000115,          0.127858459,         -0.000000598],
      ['F'  ,          0.000000005,          0.936071923,         -1.039035613],
      ['F'  ,          0.000000110,          0.936069613,          1.039036211]
    ]
  )

 --------------------------------
  Geometry optimization finished 
 --------------------------------
 Saving results in set 'opt'

 --------------------------------------------------------------------------------
                                 command: hessian                                
 --------------------------------------------------------------------------------

WARNING: semianalytic method is specified for dft hessian, which is not efficient. Try switching to 'method = analytic'


 -------------------------------
  Numerical Geometrical Hessian 
 -------------------------------

 Compute hessian using two-point central differentiation.
 Step size (bohr):                       0.0100

 Frequencies (including translational and rotational modes):
 mode    frequency (cm-1)
    0                0.04 i (imaginary)
    1                0.02 i (imaginary)
    2                0.00 i (imaginary)
    3               39.92
    4               42.76
    5               79.97
    6              652.07
    7             1057.20
    8             1183.46

 Project out translational and rotational motions 

 Degrees of freedom for translational and rotational motions: 6

 Vibrational frequencies:
 mode    frequency (cm-1)
    0              652.07
    1             1057.20
    2             1183.46

 --------------------------------------------------------------------------------

 End time:                               Tue Apr 27 13:58:43 2021
 Total wall-clock time:                  5.575 seconds
==================================================================================
