
================================================================================
          _____________ ________ _______________ ________     _________         
         / ___________// ______ \\_____   _____// ______ \   / ________)        
        / /_________  / /      \ \     | |     / /      \ \ | (_______          
       |  __________|| |        | |    | |    | |        | | \________ \        
        \ \_________ | |        | |    | |     \ \______/ /___________) |       
         \__________||_|        |_|    |_|      \________//____________/        
                                                                                
====================================[ Qcore ]===================================

 Git hash:   15a3e7daff0cda5fa9af010ccd19a80288182ecf
 Git date:   Fri, 16 Apr 2021 15:57:16 +0100
 Compiler:   GNU 9.1.0
 Build type: Release
 Version:    1.1.0

 Start time: Tue Apr 27 13:58:51 2021

 Data directory: /work/zw18965/.local/qcore/share/entos/1.1.0/data
 Number of threads: 24
 Number of threads was determined by: command line argument
  - More threads can be used by running 'qcore -n 32'

 --------------------------------------------------------------------------------
                                command: optimize                                
 --------------------------------------------------------------------------------
 Using coordinate system:                tric
 Hessian update scheme:                  bfgs

 ------------------------------------------------------------------------------------------------------------
                   energy      change    grad rms    grad max    step rms    step max       trust    time (s)
 ------------------------------------------------------------------------------------------------------------
   1      -920.278384316                3.12e-03    5.41e-03                            2.00e-01        0.40
   2      -920.278457385   -7.31e-05    4.32e-04    7.48e-04    1.20e-02    2.39e-02    2.00e-01        0.22
   3      -920.278458860   -1.48e-06    1.52e-05    2.63e-05    1.92e-03    3.84e-03    2.00e-01        0.23
   4      -920.278458869   -8.76e-09    1.87e-08    2.51e-08    6.99e-05    1.40e-04    2.00e-01        0.21
 Geometry optimization stopped:          thresholds achieved

 Final energy:                        -920.278458869

 -----------
  Final XYZ 
 -----------
2
Final structure: -920.278 hartree
Cl          -1.012682729         -0.000000015          0.000000015
Cl           1.012682729          0.000000015         -0.000000015

 Structure in entos input format:

  structure(
    xyz = [
      ['Cl' ,         -1.012682729,         -0.000000015,          0.000000015],
      ['Cl' ,          1.012682729,          0.000000015,         -0.000000015]
    ]
  )

 --------------------------------
  Geometry optimization finished 
 --------------------------------
 Saving results in set 'opt'

 --------------------------------------------------------------------------------
                                 command: hessian                                
 --------------------------------------------------------------------------------

WARNING: semianalytic method is specified for dft hessian, which is not efficient. Try switching to 'method = analytic'


 -------------------------------
  Numerical Geometrical Hessian 
 -------------------------------

 Compute hessian using two-point central differentiation.
 Step size (bohr):                       0.0100

 Frequencies (including translational and rotational modes):
 mode    frequency (cm-1)
    0                0.07 i (imaginary)
    1                0.02 i (imaginary)
    2                0.02
    3                4.98
    4                5.04
    5              528.05

 Project out translational and rotational motions 

 The molecule is linear

 Degrees of freedom for translational and rotational motions: 5

 Vibrational frequencies:
 mode    frequency (cm-1)
    0              528.05

 --------------------------------------------------------------------------------

 End time:                               Tue Apr 27 13:58:55 2021
 Total wall-clock time:                  3.947 seconds
==================================================================================
