
================================================================================
          _____________ ________ _______________ ________     _________         
         / ___________// ______ \\_____   _____// ______ \   / ________)        
        / /_________  / /      \ \     | |     / /      \ \ | (_______          
       |  __________|| |        | |    | |    | |        | | \________ \        
        \ \_________ | |        | |    | |     \ \______/ /___________) |       
         \__________||_|        |_|    |_|      \________//____________/        
                                                                                
====================================[ Qcore ]===================================

 Git hash:   15a3e7daff0cda5fa9af010ccd19a80288182ecf
 Git date:   Fri, 16 Apr 2021 15:57:16 +0100
 Compiler:   GNU 9.1.0
 Build type: Release
 Version:    1.1.0

 Start time: Tue Apr 27 13:59:38 2021

 Data directory: /work/zw18965/.local/qcore/share/entos/1.1.0/data
 Number of threads: 24
 Number of threads was determined by: command line argument
  - More threads can be used by running 'qcore -n 32'

 --------------------------------------------------------------------------------
                                command: optimize                                
 --------------------------------------------------------------------------------
 Using coordinate system:                tric
 Hessian update scheme:                  bfgs

 ------------------------------------------------------------------------------------------------------------
                   energy      change    grad rms    grad max    step rms    step max       trust    time (s)
 ------------------------------------------------------------------------------------------------------------
   1      -437.405286295                3.31e-03    7.67e-03                            2.00e-01        0.61
   2      -437.405537072   -2.51e-04    1.27e-03    2.69e-03    1.85e-02    2.27e-02    2.00e-01        0.30
   3      -437.405575647   -3.86e-05    6.53e-04    1.92e-03    1.02e-02    1.53e-02    2.00e-01        0.30
   4      -437.405578467   -2.82e-06    3.25e-04    9.13e-04    1.78e-03    3.54e-03    2.00e-01        0.30
   5      -437.405579190   -7.23e-07    3.43e-05    7.63e-05    8.08e-04    1.61e-03    2.00e-01        0.30
   6      -437.405579202   -1.26e-08    6.08e-06    1.72e-05    1.30e-04    1.29e-04    2.00e-01        0.27
 Geometry optimization stopped:          thresholds achieved

 Final energy:                        -437.405579202

 -----------
  Final XYZ 
 -----------
4
Final structure: -437.406 hartree
C           -0.112286113          0.008922997          0.001206740
S            1.497637385         -0.119426285         -0.015655567
H           -0.665609512          0.276147950          0.910617221
H           -0.719745899         -0.165706957         -0.896088991

 Structure in entos input format:

  structure(
    xyz = [
      ['C'  ,         -0.112286113,          0.008922997,          0.001206740],
      ['S'  ,          1.497637385,         -0.119426285,         -0.015655567],
      ['H'  ,         -0.665609512,          0.276147950,          0.910617221],
      ['H'  ,         -0.719745899,         -0.165706957,         -0.896088991]
    ]
  )

 --------------------------------
  Geometry optimization finished 
 --------------------------------
 Saving results in set 'opt'

 --------------------------------------------------------------------------------
                                 command: hessian                                
 --------------------------------------------------------------------------------

WARNING: semianalytic method is specified for dft hessian, which is not efficient. Try switching to 'method = analytic'


 -------------------------------
  Numerical Geometrical Hessian 
 -------------------------------

 Compute hessian using two-point central differentiation.
 Step size (bohr):                       0.0100

 Frequencies (including translational and rotational modes):
 mode    frequency (cm-1)
    0               15.10 i (imaginary)
    1               10.30 i (imaginary)
    2                0.19 i (imaginary)
    3                0.02
    4                0.12
    5               15.67
    6              998.22
    7             1034.31
    8             1089.43
    9             1478.95
   10             3058.59
   11             3148.53

 Project out translational and rotational motions 

 Degrees of freedom for translational and rotational motions: 6

 Vibrational frequencies:
 mode    frequency (cm-1)
    0              998.22
    1             1034.31
    2             1089.43
    3             1478.95
    4             3058.59
    5             3148.53

 --------------------------------------------------------------------------------

 End time:                               Tue Apr 27 13:59:48 2021
 Total wall-clock time:                  9.959 seconds
==================================================================================
