
================================================================================
          _____________ ________ _______________ ________     _________         
         / ___________// ______ \\_____   _____// ______ \   / ________)        
        / /_________  / /      \ \     | |     / /      \ \ | (_______          
       |  __________|| |        | |    | |    | |        | | \________ \        
        \ \_________ | |        | |    | |     \ \______/ /___________) |       
         \__________||_|        |_|    |_|      \________//____________/        
                                                                                
====================================[ Qcore ]===================================

 Git hash:   15a3e7daff0cda5fa9af010ccd19a80288182ecf
 Git date:   Fri, 16 Apr 2021 15:57:16 +0100
 Compiler:   GNU 9.1.0
 Build type: Release
 Version:    1.1.0

 Start time: Tue Apr 27 13:59:57 2021

 Data directory: /work/zw18965/.local/qcore/share/entos/1.1.0/data
 Number of threads: 24
 Number of threads was determined by: command line argument
  - More threads can be used by running 'qcore -n 32'

 --------------------------------------------------------------------------------
                                command: optimize                                
 --------------------------------------------------------------------------------
 Using coordinate system:                tric
 Hessian update scheme:                  bfgs

 ------------------------------------------------------------------------------------------------------------
                   energy      change    grad rms    grad max    step rms    step max       trust    time (s)
 ------------------------------------------------------------------------------------------------------------
   1      -460.760752206                9.49e-03    1.64e-02                            2.00e-01        0.37
   2      -460.761064290   -3.12e-04    4.05e-03    7.01e-03    1.34e-02    2.67e-02    2.00e-01        0.16
   3      -460.761137948   -7.37e-05    2.65e-04    4.58e-04    9.94e-03    1.99e-02    2.00e-01        0.14
   4      -460.761138277   -3.29e-07    8.15e-06    1.41e-05    6.95e-04    1.39e-03    2.00e-01        0.15
Rejecting step due to low quality: Quality: -2.43327 New trust radius: 1.10513e-05
   5      -460.761138276    7.59e-10    8.15e-06    1.41e-05    2.21e-05    4.42e-05    1.11e-05        0.14
 Geometry optimization stopped:          thresholds achieved

 Final energy:                        -460.761138276

 -----------
  Final XYZ 
 -----------
2
Final structure: -460.761 hartree
Cl           0.645265680          0.000000017          0.000000013
H           -0.645265680         -0.000000017         -0.000000013

 Structure in entos input format:

  structure(
    xyz = [
      ['Cl' ,          0.645265680,          0.000000017,          0.000000013],
      ['H'  ,         -0.645265680,         -0.000000017,         -0.000000013]
    ]
  )

 --------------------------------
  Geometry optimization finished 
 --------------------------------
 Saving results in set 'opt'

 --------------------------------------------------------------------------------
                                 command: hessian                                
 --------------------------------------------------------------------------------

WARNING: semianalytic method is specified for dft hessian, which is not efficient. Try switching to 'method = analytic'


 -------------------------------
  Numerical Geometrical Hessian 
 -------------------------------

 Compute hessian using two-point central differentiation.
 Step size (bohr):                       0.0100

 Frequencies (including translational and rotational modes):
 mode    frequency (cm-1)
    0               12.11 i (imaginary)
    1               12.06 i (imaginary)
    2                0.00 i (imaginary)
    3                0.01
    4                0.01
    5             2932.43

 Project out translational and rotational motions 

 The molecule is linear

 Degrees of freedom for translational and rotational motions: 5

 Vibrational frequencies:
 mode    frequency (cm-1)
    0             2932.43

 --------------------------------------------------------------------------------

 End time:                               Tue Apr 27 14:00:00 2021
 Total wall-clock time:                  3.056 seconds
==================================================================================
