
================================================================================
          _____________ ________ _______________ ________     _________         
         / ___________// ______ \\_____   _____// ______ \   / ________)        
        / /_________  / /      \ \     | |     / /      \ \ | (_______          
       |  __________|| |        | |    | |    | |        | | \________ \        
        \ \_________ | |        | |    | |     \ \______/ /___________) |       
         \__________||_|        |_|    |_|      \________//____________/        
                                                                                
====================================[ Qcore ]===================================

 Git hash:   15a3e7daff0cda5fa9af010ccd19a80288182ecf
 Git date:   Fri, 16 Apr 2021 15:57:16 +0100
 Compiler:   GNU 9.1.0
 Build type: Release
 Version:    1.1.0

 Start time: Tue Apr 27 14:00:49 2021

 Data directory: /work/zw18965/.local/qcore/share/entos/1.1.0/data
 Number of threads: 24
 Number of threads was determined by: command line argument
  - More threads can be used by running 'qcore -n 32'

 --------------------------------------------------------------------------------
                                command: optimize                                
 --------------------------------------------------------------------------------
 Using coordinate system:                tric
 Hessian update scheme:                  bfgs

 ------------------------------------------------------------------------------------------------------------
                   energy      change    grad rms    grad max    step rms    step max       trust    time (s)
 ------------------------------------------------------------------------------------------------------------
   1      -364.673517993                7.81e-03    1.35e-02                            2.00e-01        0.49
   2      -364.673633481   -1.15e-04    3.88e-03    6.71e-03    5.72e-03    1.14e-02    2.00e-01        0.18
   3      -364.673672382   -3.89e-05    1.32e-04    2.28e-04    5.63e-03    1.13e-02    2.00e-01        0.19
   4      -364.673672438   -5.55e-08    2.31e-06    4.00e-06    1.98e-04    3.96e-04    2.00e-01        0.18
 Geometry optimization stopped:          thresholds achieved

 Final energy:                        -364.673672438

 -----------
  Final XYZ 
 -----------
2
Final structure: -364.674 hartree
Si          -0.000000016         -0.000000049         -0.763041806
O            0.000000016          0.000000049          0.763041806

 Structure in entos input format:

  structure(
    xyz = [
      ['Si' ,         -0.000000016,         -0.000000049,         -0.763041806],
      ['O'  ,          0.000000016,          0.000000049,          0.763041806]
    ]
  )

 --------------------------------
  Geometry optimization finished 
 --------------------------------
 Saving results in set 'opt'

 --------------------------------------------------------------------------------
                                 command: hessian                                
 --------------------------------------------------------------------------------

WARNING: semianalytic method is specified for dft hessian, which is not efficient. Try switching to 'method = analytic'


 -------------------------------
  Numerical Geometrical Hessian 
 -------------------------------

 Compute hessian using two-point central differentiation.
 Step size (bohr):                       0.0100

 Frequencies (including translational and rotational modes):
 mode    frequency (cm-1)
    0                0.01 i (imaginary)
    1                0.00 i (imaginary)
    2                0.00
    3               31.85
    4               31.85
    5             1210.36

 Project out translational and rotational motions 

 The molecule is linear

 Degrees of freedom for translational and rotational motions: 5

 Vibrational frequencies:
 mode    frequency (cm-1)
    0             1210.36

 --------------------------------------------------------------------------------

 End time:                               Tue Apr 27 14:00:53 2021
 Total wall-clock time:                  3.815 seconds
==================================================================================
