
================================================================================
          _____________ ________ _______________ ________     _________         
         / ___________// ______ \\_____   _____// ______ \   / ________)        
        / /_________  / /      \ \     | |     / /      \ \ | (_______          
       |  __________|| |        | |    | |    | |        | | \________ \        
        \ \_________ | |        | |    | |     \ \______/ /___________) |       
         \__________||_|        |_|    |_|      \________//____________/        
                                                                                
====================================[ Qcore ]===================================

 Git hash:   15a3e7daff0cda5fa9af010ccd19a80288182ecf
 Git date:   Fri, 16 Apr 2021 15:57:16 +0100
 Compiler:   GNU 9.1.0
 Build type: Release
 Version:    1.1.0

 Start time: Tue Apr 27 14:00:53 2021

 Data directory: /work/zw18965/.local/qcore/share/entos/1.1.0/data
 Number of threads: 24
 Number of threads was determined by: command line argument
  - More threads can be used by running 'qcore -n 32'

 --------------------------------------------------------------------------------
                                command: optimize                                
 --------------------------------------------------------------------------------
 Using coordinate system:                tric
 Hessian update scheme:                  bfgs

 ------------------------------------------------------------------------------------------------------------
                   energy      change    grad rms    grad max    step rms    step max       trust    time (s)
 ------------------------------------------------------------------------------------------------------------
   1      -548.539290732                1.30e-02    2.20e-02                            2.00e-01        0.59
   2      -548.539840316   -5.50e-04    7.01e-03    1.21e-02    1.21e-02    1.57e-02    2.00e-01        0.31
   3      -548.540070139   -2.30e-04    5.54e-04    1.24e-03    1.36e-02    1.80e-02    2.00e-01        0.32
   4      -548.540071417   -1.28e-06    1.90e-04    4.53e-04    7.69e-04    1.16e-03    2.00e-01        0.31
   5      -548.540071732   -3.15e-07    1.10e-04    1.81e-04    4.44e-04    6.21e-04    2.00e-01        0.29
 Geometry optimization stopped:          thresholds achieved

 Final energy:                        -548.540071732

 -----------
  Final XYZ 
 -----------
3
Final structure: -548.54 hartree
S           -0.001223771          0.492462471         -0.000000026
O            1.256250516         -0.243108910         -0.000000028
O           -1.255026745         -0.249353561          0.000000054

 Structure in entos input format:

  structure(
    xyz = [
      ['S'  ,         -0.001223771,          0.492462471,         -0.000000026],
      ['O'  ,          1.256250516,         -0.243108910,         -0.000000028],
      ['O'  ,         -1.255026745,         -0.249353561,          0.000000054]
    ]
  )

 --------------------------------
  Geometry optimization finished 
 --------------------------------
 Saving results in set 'opt'

 --------------------------------------------------------------------------------
                                 command: hessian                                
 --------------------------------------------------------------------------------

WARNING: semianalytic method is specified for dft hessian, which is not efficient. Try switching to 'method = analytic'


 -------------------------------
  Numerical Geometrical Hessian 
 -------------------------------

 Compute hessian using two-point central differentiation.
 Step size (bohr):                       0.0100

 Frequencies (including translational and rotational modes):
 mode    frequency (cm-1)
    0                7.46 i (imaginary)
    1                0.09 i (imaginary)
    2                0.01
    3                0.27
    4               36.66
    5               53.06
    6              499.30
    7             1125.19
    8             1314.77

 Project out translational and rotational motions 

 Degrees of freedom for translational and rotational motions: 6

 Vibrational frequencies:
 mode    frequency (cm-1)
    0              499.30
    1             1125.19
    2             1314.77

 --------------------------------------------------------------------------------

 End time:                               Tue Apr 27 14:01:01 2021
 Total wall-clock time:                  7.987 seconds
==================================================================================
