
================================================================================
          _____________ ________ _______________ ________     _________         
         / ___________// ______ \\_____   _____// ______ \   / ________)        
        / /_________  / /      \ \     | |     / /      \ \ | (_______          
       |  __________|| |        | |    | |    | |        | | \________ \        
        \ \_________ | |        | |    | |     \ \______/ /___________) |       
         \__________||_|        |_|    |_|      \________//____________/        
                                                                                
====================================[ Qcore ]===================================

 Git hash:   15a3e7daff0cda5fa9af010ccd19a80288182ecf
 Git date:   Fri, 16 Apr 2021 15:57:16 +0100
 Compiler:   GNU 9.1.0
 Build type: Release
 Version:    1.1.0

 Start time: Tue Apr 27 14:05:50 2021

 Data directory: /work/zw18965/.local/qcore/share/entos/1.1.0/data
 Number of threads: 24
 Number of threads was determined by: command line argument
  - More threads can be used by running 'qcore -n 32'

 --------------------------------------------------------------------------------
                                command: optimize                                
 --------------------------------------------------------------------------------
 Using coordinate system:                tric
 Hessian update scheme:                  bfgs

 ------------------------------------------------------------------------------------------------------------
                   energy      change    grad rms    grad max    step rms    step max       trust    time (s)
 ------------------------------------------------------------------------------------------------------------
   1       -77.227310131                3.99e-03    9.66e-03                            2.00e-01        1.50
   2       -77.227533648   -2.24e-04    1.26e-03    2.39e-03    1.41e-02    1.96e-02    2.00e-01        1.55
   3       -77.227546817   -1.32e-05    3.79e-05    7.78e-05    3.95e-03    5.59e-03    2.00e-01        1.54
   4       -77.227546829   -1.16e-08    3.16e-06    7.27e-06    1.32e-04    1.83e-04    2.00e-01        1.47
 Geometry optimization stopped:          thresholds achieved

 Final energy:                         -77.227546829

 -----------
  Final XYZ 
 -----------
4
Final structure: -77.2275 hartree
C           -0.600018029          0.000000013         -0.000014376
C            0.600002149          0.000000114          0.000014553
H           -1.669374658         -0.000000005         -0.000094327
H            1.669359231          0.000000070          0.000094487

 Structure in entos input format:

  structure(
    xyz = [
      ['C'  ,         -0.600018029,          0.000000013,         -0.000014376],
      ['C'  ,          0.600002149,          0.000000114,          0.000014553],
      ['H'  ,         -1.669374658,         -0.000000005,         -0.000094327],
      ['H'  ,          1.669359231,          0.000000070,          0.000094487]
    ]
  )

 --------------------------------
  Geometry optimization finished 
 --------------------------------
 Saving results in set 'opt'

 --------------------------------------------------------------------------------
                                 command: hessian                                
 --------------------------------------------------------------------------------

 -------------------------------
  Numerical Geometrical Hessian 
 -------------------------------

 Compute hessian using two-point central differentiation.
 Step size (bohr):                       0.0100

 Frequencies (including translational and rotational modes):
 mode    frequency (cm-1)
    0                3.18 i (imaginary)
    1                1.41 i (imaginary)
    2                1.54
    3               31.33
    4               31.63
    5              726.95
    6              726.97
    7              817.06
    8              817.06
    9             2150.58
   10             3490.86
   11             3599.91

 Project out translational and rotational motions 

 Degrees of freedom for translational and rotational motions: 6

 Vibrational frequencies:
 mode    frequency (cm-1)
    0              726.97
    1              817.06
    2              817.06
    3             2150.58
    4             3490.86
    5             3599.91

 --------------------------------------------------------------------------------

 End time:                               Tue Apr 27 14:06:29 2021
 Total wall-clock time:                 38.568 seconds
==================================================================================
