
================================================================================
          _____________ ________ _______________ ________     _________         
         / ___________// ______ \\_____   _____// ______ \   / ________)        
        / /_________  / /      \ \     | |     / /      \ \ | (_______          
       |  __________|| |        | |    | |    | |        | | \________ \        
        \ \_________ | |        | |    | |     \ \______/ /___________) |       
         \__________||_|        |_|    |_|      \________//____________/        
                                                                                
====================================[ Qcore ]===================================

 Git hash:   15a3e7daff0cda5fa9af010ccd19a80288182ecf
 Git date:   Fri, 16 Apr 2021 15:57:16 +0100
 Compiler:   GNU 9.1.0
 Build type: Release
 Version:    1.1.0

 Start time: Tue Apr 27 14:16:45 2021

 Data directory: /work/zw18965/.local/qcore/share/entos/1.1.0/data
 Number of threads: 24
 Number of threads was determined by: command line argument
  - More threads can be used by running 'qcore -n 32'

 --------------------------------------------------------------------------------
                                command: optimize                                
 --------------------------------------------------------------------------------
 Using coordinate system:                tric
 Hessian update scheme:                  bfgs

 ------------------------------------------------------------------------------------------------------------
                   energy      change    grad rms    grad max    step rms    step max       trust    time (s)
 ------------------------------------------------------------------------------------------------------------
   1      -100.361413165                8.32e-03    1.44e-02                            2.00e-01        0.57
   2      -100.361575174   -1.62e-04    1.85e-03    3.21e-03    9.13e-03    1.83e-02    2.00e-01        0.53
   3      -100.361583195   -8.02e-06    8.58e-05    1.49e-04    2.61e-03    5.23e-03    2.00e-01        0.53
   4      -100.361583212   -1.70e-08    8.36e-07    1.53e-06    1.16e-04    2.31e-04    2.00e-01        0.52
 Geometry optimization stopped:          thresholds achieved

 Final energy:                        -100.361583212

 -----------
  Final XYZ 
 -----------
2
Final structure: -100.362 hartree
F            0.457312676          0.000000628          0.000000709
H           -0.457312759          0.000000029         -0.000000047

 Structure in entos input format:

  structure(
    xyz = [
      ['F'  ,          0.457312676,          0.000000628,          0.000000709],
      ['H'  ,         -0.457312759,          0.000000029,         -0.000000047]
    ]
  )

 --------------------------------
  Geometry optimization finished 
 --------------------------------
 Saving results in set 'opt'

 --------------------------------------------------------------------------------
                                 command: hessian                                
 --------------------------------------------------------------------------------

 -------------------------------
  Numerical Geometrical Hessian 
 -------------------------------

 Compute hessian using two-point central differentiation.
 Step size (bohr):                       0.0100

 Frequencies (including translational and rotational modes):
 mode    frequency (cm-1)
    0                0.52
    1                0.61
    2                1.36
    3               30.91
    4               31.03
    5             4231.11

 Project out translational and rotational motions 

 The molecule is linear

 Degrees of freedom for translational and rotational motions: 5

 Vibrational frequencies:
 mode    frequency (cm-1)
    0             4231.11

 --------------------------------------------------------------------------------

 End time:                               Tue Apr 27 14:16:50 2021
 Total wall-clock time:                  5.749 seconds
==================================================================================
