
================================================================================
          _____________ ________ _______________ ________     _________         
         / ___________// ______ \\_____   _____// ______ \   / ________)        
        / /_________  / /      \ \     | |     / /      \ \ | (_______          
       |  __________|| |        | |    | |    | |        | | \________ \        
        \ \_________ | |        | |    | |     \ \______/ /___________) |       
         \__________||_|        |_|    |_|      \________//____________/        
                                                                                
====================================[ Qcore ]===================================

 Git hash:   15a3e7daff0cda5fa9af010ccd19a80288182ecf
 Git date:   Fri, 16 Apr 2021 15:57:16 +0100
 Compiler:   GNU 9.1.0
 Build type: Release
 Version:    1.1.0

 Start time: Tue Apr 27 14:18:59 2021

 Data directory: /work/zw18965/.local/qcore/share/entos/1.1.0/data
 Number of threads: 24
 Number of threads was determined by: command line argument
  - More threads can be used by running 'qcore -n 32'

 --------------------------------------------------------------------------------
                                command: optimize                                
 --------------------------------------------------------------------------------
 Using coordinate system:                tric
 Hessian update scheme:                  bfgs

 ------------------------------------------------------------------------------------------------------------
                   energy      change    grad rms    grad max    step rms    step max       trust    time (s)
 ------------------------------------------------------------------------------------------------------------
   1      -511.383345681                2.02e-02    4.95e-02                            2.00e-01        2.08
   2      -511.384096137   -7.50e-04    7.71e-03    1.77e-02    1.05e-02    2.42e-02    2.00e-01        2.04
   3      -511.384301716   -2.06e-04    1.23e-03    2.66e-03    1.01e-02    2.39e-02    2.00e-01        2.01
   4      -511.384310430   -8.71e-06    2.04e-04    5.05e-04    2.55e-03    4.61e-03    2.00e-01        2.01
   5      -511.384310568   -1.38e-07    9.39e-06    2.08e-05    3.30e-04    5.16e-04    2.00e-01        1.98
 Geometry optimization stopped:          thresholds achieved

 Final energy:                        -511.384310568

 -----------
  Final XYZ 
 -----------
3
Final structure: -511.384 hartree
O           -0.000000432         -0.000000509         -1.266714937
C           -0.000001267         -0.000000272         -0.121463085
S           -0.000001657          0.000000953          1.446519432

 Structure in entos input format:

  structure(
    xyz = [
      ['O'  ,         -0.000000432,         -0.000000509,         -1.266714937],
      ['C'  ,         -0.000001267,         -0.000000272,         -0.121463085],
      ['S'  ,         -0.000001657,          0.000000953,          1.446519432]
    ]
  )

 --------------------------------
  Geometry optimization finished 
 --------------------------------
 Saving results in set 'opt'

 --------------------------------------------------------------------------------
                                 command: hessian                                
 --------------------------------------------------------------------------------

 -------------------------------
  Numerical Geometrical Hessian 
 -------------------------------

 Compute hessian using two-point central differentiation.
 Step size (bohr):                       0.0100

 Frequencies (including translational and rotational modes):
 mode    frequency (cm-1)
    0                6.30 i (imaginary)
    1                6.28 i (imaginary)
    2                3.27 i (imaginary)
    3                9.69
    4                9.73
    5              553.33
    6              553.34
    7              900.19
    8             2219.23

 Project out translational and rotational motions 

 Degrees of freedom for translational and rotational motions: 6

 Vibrational frequencies:
 mode    frequency (cm-1)
    0              553.34
    1              900.19
    2             2219.23

 --------------------------------------------------------------------------------

 End time:                               Tue Apr 27 14:19:38 2021
 Total wall-clock time:                 39.160 seconds
==================================================================================
