
================================================================================
          _____________ ________ _______________ ________     _________         
         / ___________// ______ \\_____   _____// ______ \   / ________)        
        / /_________  / /      \ \     | |     / /      \ \ | (_______          
       |  __________|| |        | |    | |    | |        | | \________ \        
        \ \_________ | |        | |    | |     \ \______/ /___________) |       
         \__________||_|        |_|    |_|      \________//____________/        
                                                                                
====================================[ Qcore ]===================================

 Git hash:   15a3e7daff0cda5fa9af010ccd19a80288182ecf
 Git date:   Fri, 16 Apr 2021 15:57:16 +0100
 Compiler:   GNU 9.1.0
 Build type: Release
 Version:    1.1.0

 Start time: Tue Apr 27 13:59:28 2021

 Data directory: /work/zw18965/.local/qcore/share/entos/1.1.0/data
 Number of threads: 24
 Number of threads was determined by: command line argument
  - More threads can be used by running 'qcore -n 32'

 --------------------------------------------------------------------------------
                                command: optimize                                
 --------------------------------------------------------------------------------
 Using coordinate system:                tric
 Hessian update scheme:                  bfgs

 ------------------------------------------------------------------------------------------------------------
                   energy      change    grad rms    grad max    step rms    step max       trust    time (s)
 ------------------------------------------------------------------------------------------------------------
   1       -40.477213420                7.23e-03    1.17e-02                            2.00e-01        0.32
   2       -40.478223129   -1.01e-03    1.90e-03    3.08e-03    2.57e-02    2.88e-02    2.00e-01        0.17
   3       -40.478302715   -7.96e-05    1.09e-04    1.77e-04    9.18e-03    1.03e-02    2.00e-01        0.17
   4       -40.478302987   -2.72e-07    1.88e-06    3.28e-06    5.61e-04    6.27e-04    2.00e-01        0.16
 Geometry optimization stopped:          thresholds achieved

 Final energy:                         -40.478302987

 -----------
  Final XYZ 
 -----------
5
Final structure: -40.4783 hartree
C           -0.000022544          0.000025737         -0.000002996
H            0.561446792          0.810503150          0.503207673
H            0.692667734         -0.824319924         -0.256921059
H           -0.788711353         -0.378612429          0.678203221
H           -0.465480628          0.392503464         -0.924486934

 Structure in entos input format:

  structure(
    xyz = [
      ['C'  ,         -0.000022544,          0.000025737,         -0.000002996],
      ['H'  ,          0.561446792,          0.810503150,          0.503207673],
      ['H'  ,          0.692667734,         -0.824319924,         -0.256921059],
      ['H'  ,         -0.788711353,         -0.378612429,          0.678203221],
      ['H'  ,         -0.465480628,          0.392503464,         -0.924486934]
    ]
  )

 --------------------------------
  Geometry optimization finished 
 --------------------------------
 Saving results in set 'opt'

 --------------------------------------------------------------------------------
                                 command: hessian                                
 --------------------------------------------------------------------------------

WARNING: semianalytic method is specified for dft hessian, which is not efficient. Try switching to 'method = analytic'


 -------------------------------
  Numerical Geometrical Hessian 
 -------------------------------

 Compute hessian using two-point central differentiation.
 Step size (bohr):                       0.0100

 Frequencies (including translational and rotational modes):
 mode    frequency (cm-1)
    0               27.49 i (imaginary)
    1               19.50 i (imaginary)
    2                0.12 i (imaginary)
    3                0.06
    4                0.14
    5               18.03
    6             1274.06
    7             1274.49
    8             1274.54
    9             1493.88
   10             1494.15
   11             2951.41
   12             3065.08
   13             3065.22
   14             3065.24

 Project out translational and rotational motions 

 Degrees of freedom for translational and rotational motions: 6

 Vibrational frequencies:
 mode    frequency (cm-1)
    0             1274.06
    1             1274.49
    2             1274.54
    3             1493.88
    4             1494.15
    5             2951.41
    6             3065.08
    7             3065.22
    8             3065.24

 --------------------------------------------------------------------------------

 End time:                               Tue Apr 27 13:59:34 2021
 Total wall-clock time:                  6.161 seconds
==================================================================================
