
================================================================================
          _____________ ________ _______________ ________     _________         
         / ___________// ______ \\_____   _____// ______ \   / ________)        
        / /_________  / /      \ \     | |     / /      \ \ | (_______          
       |  __________|| |        | |    | |    | |        | | \________ \        
        \ \_________ | |        | |    | |     \ \______/ /___________) |       
         \__________||_|        |_|    |_|      \________//____________/        
                                                                                
====================================[ Qcore ]===================================

 Git hash:   15a3e7daff0cda5fa9af010ccd19a80288182ecf
 Git date:   Fri, 16 Apr 2021 15:57:16 +0100
 Compiler:   GNU 9.1.0
 Build type: Release
 Version:    1.1.0

 Start time: Tue Apr 27 13:59:52 2021

 Data directory: /work/zw18965/.local/qcore/share/entos/1.1.0/data
 Number of threads: 24
 Number of threads was determined by: command line argument
  - More threads can be used by running 'qcore -n 32'

 --------------------------------------------------------------------------------
                                command: optimize                                
 --------------------------------------------------------------------------------
 Using coordinate system:                tric
 Hessian update scheme:                  bfgs

 ------------------------------------------------------------------------------------------------------------
                   energy      change    grad rms    grad max    step rms    step max       trust    time (s)
 ------------------------------------------------------------------------------------------------------------
   1      -113.305481245                3.06e-02    5.30e-02                            2.00e-01        0.27
   2      -113.306580309   -1.10e-03    1.30e-03    2.26e-03    2.04e-02    4.07e-02    2.00e-01        0.12
   3      -113.306582513   -2.20e-06    1.01e-04    1.76e-04    9.07e-04    1.81e-03    2.00e-01        0.11
   4      -113.306582527   -1.34e-08    2.28e-07    3.95e-07    7.64e-05    1.53e-04    2.00e-01        0.11
 Geometry optimization stopped:          thresholds achieved

 Final energy:                        -113.306582527

 -----------
  Final XYZ 
 -----------
2
Final structure: -113.307 hartree
O            0.573541148          0.000000002          0.000000002
C           -0.573541148         -0.000000002         -0.000000002

 Structure in entos input format:

  structure(
    xyz = [
      ['O'  ,          0.573541148,          0.000000002,          0.000000002],
      ['C'  ,         -0.573541148,         -0.000000002,         -0.000000002]
    ]
  )

 --------------------------------
  Geometry optimization finished 
 --------------------------------
 Saving results in set 'opt'

 --------------------------------------------------------------------------------
                                 command: hessian                                
 --------------------------------------------------------------------------------

WARNING: semianalytic method is specified for dft hessian, which is not efficient. Try switching to 'method = analytic'


 -------------------------------
  Numerical Geometrical Hessian 
 -------------------------------

 Compute hessian using two-point central differentiation.
 Step size (bohr):                       0.0100

 Frequencies (including translational and rotational modes):
 mode    frequency (cm-1)
    0                1.12 i (imaginary)
    1                1.08 i (imaginary)
    2                0.00 i (imaginary)
    3                0.00
    4                0.27
    5             2099.27

 Project out translational and rotational motions 

 The molecule is linear

 Degrees of freedom for translational and rotational motions: 5

 Vibrational frequencies:
 mode    frequency (cm-1)
    0             2099.27

 --------------------------------------------------------------------------------

 End time:                               Tue Apr 27 13:59:54 2021
 Total wall-clock time:                  2.227 seconds
==================================================================================
