
================================================================================
          _____________ ________ _______________ ________     _________         
         / ___________// ______ \\_____   _____// ______ \   / ________)        
        / /_________  / /      \ \     | |     / /      \ \ | (_______          
       |  __________|| |        | |    | |    | |        | | \________ \        
        \ \_________ | |        | |    | |     \ \______/ /___________) |       
         \__________||_|        |_|    |_|      \________//____________/        
                                                                                
====================================[ Qcore ]===================================

 Git hash:   15a3e7daff0cda5fa9af010ccd19a80288182ecf
 Git date:   Fri, 16 Apr 2021 15:57:16 +0100
 Compiler:   GNU 9.1.0
 Build type: Release
 Version:    1.1.0

 Start time: Tue Apr 27 13:59:54 2021

 Data directory: /work/zw18965/.local/qcore/share/entos/1.1.0/data
 Number of threads: 24
 Number of threads was determined by: command line argument
  - More threads can be used by running 'qcore -n 32'

 --------------------------------------------------------------------------------
                                command: optimize                                
 --------------------------------------------------------------------------------
 Using coordinate system:                tric
 Hessian update scheme:                  bfgs

 ------------------------------------------------------------------------------------------------------------
                   energy      change    grad rms    grad max    step rms    step max       trust    time (s)
 ------------------------------------------------------------------------------------------------------------
   1      -834.509310655                1.08e-02    2.30e-02                            2.00e-01        0.52
   2      -834.510031048   -7.20e-04    5.15e-03    1.09e-02    1.74e-02    2.13e-02    2.00e-01        0.27
   3      -834.510252709   -2.22e-04    3.00e-04    6.38e-04    1.58e-02    1.94e-02    2.00e-01        0.29
   4      -834.510253474   -7.65e-07    9.14e-06    2.03e-05    9.79e-04    1.20e-03    2.00e-01        0.28
 Geometry optimization stopped:          thresholds achieved

 Final energy:                        -834.510253474

 -----------
  Final XYZ 
 -----------
3
Final structure: -834.51 hartree
S            1.575688494          0.000509913         -0.000000101
C            0.000000812         -0.000004265          0.000000040
S           -1.575689052         -0.000505654          0.000000062

 Structure in entos input format:

  structure(
    xyz = [
      ['S'  ,          1.575688494,          0.000509913,         -0.000000101],
      ['C'  ,          0.000000812,         -0.000004265,          0.000000040],
      ['S'  ,         -1.575689052,         -0.000505654,          0.000000062]
    ]
  )

 --------------------------------
  Geometry optimization finished 
 --------------------------------
 Saving results in set 'opt'

 --------------------------------------------------------------------------------
                                 command: hessian                                
 --------------------------------------------------------------------------------

WARNING: semianalytic method is specified for dft hessian, which is not efficient. Try switching to 'method = analytic'


 -------------------------------
  Numerical Geometrical Hessian 
 -------------------------------

 Compute hessian using two-point central differentiation.
 Step size (bohr):                       0.0100

 Frequencies (including translational and rotational modes):
 mode    frequency (cm-1)
    0                0.21 i (imaginary)
    1                0.07 i (imaginary)
    2                0.01 i (imaginary)
    3                1.82
    4                1.84
    5              381.91
    6              381.91
    7              650.99
    8             1524.35

 Project out translational and rotational motions 

 Degrees of freedom for translational and rotational motions: 6

 Vibrational frequencies:
 mode    frequency (cm-1)
    0              381.91
    1              650.99
    2             1524.35

 --------------------------------------------------------------------------------

 End time:                               Tue Apr 27 14:00:01 2021
 Total wall-clock time:                  7.187 seconds
==================================================================================
