
================================================================================
          _____________ ________ _______________ ________     _________         
         / ___________// ______ \\_____   _____// ______ \   / ________)        
        / /_________  / /      \ \     | |     / /      \ \ | (_______          
       |  __________|| |        | |    | |    | |        | | \________ \        
        \ \_________ | |        | |    | |     \ \______/ /___________) |       
         \__________||_|        |_|    |_|      \________//____________/        
                                                                                
====================================[ Qcore ]===================================

 Git hash:   15a3e7daff0cda5fa9af010ccd19a80288182ecf
 Git date:   Fri, 16 Apr 2021 15:57:16 +0100
 Compiler:   GNU 9.1.0
 Build type: Release
 Version:    1.1.0

 Start time: Tue Apr 27 14:00:02 2021

 Data directory: /work/zw18965/.local/qcore/share/entos/1.1.0/data
 Number of threads: 24
 Number of threads was determined by: command line argument
  - More threads can be used by running 'qcore -n 32'

 --------------------------------------------------------------------------------
                                command: optimize                                
 --------------------------------------------------------------------------------
 Using coordinate system:                tric
 Hessian update scheme:                  bfgs

 ------------------------------------------------------------------------------------------------------------
                   energy      change    grad rms    grad max    step rms    step max       trust    time (s)
 ------------------------------------------------------------------------------------------------------------
   1      -436.216996451                2.86e-02    4.96e-02                            2.00e-01        0.36
   2      -436.218536496   -1.54e-03    1.37e-02    2.37e-02    2.12e-02    4.23e-02    2.00e-01        0.17
   3      -436.219036074   -5.00e-04    1.51e-03    2.62e-03    1.93e-02    3.86e-02    2.00e-01        0.17
   4      -436.219042769   -6.70e-06    9.38e-05    1.63e-04    2.40e-03    4.81e-03    2.00e-01        0.15
   5      -436.219042775   -5.95e-09    7.24e-07    1.25e-06    1.59e-04    3.18e-04    7.95e-05        0.16
 Geometry optimization stopped:          thresholds achieved

 Final energy:                        -436.219042775

 -----------
  Final XYZ 
 -----------
2
Final structure: -436.219 hartree
C            0.000000519          0.000000513         -0.011468070
S           -0.000000519         -0.000000513          1.551168067

 Structure in entos input format:

  structure(
    xyz = [
      ['C'  ,          0.000000519,          0.000000513,         -0.011468070],
      ['S'  ,         -0.000000519,         -0.000000513,          1.551168067]
    ]
  )

 --------------------------------
  Geometry optimization finished 
 --------------------------------
 Saving results in set 'opt'

 --------------------------------------------------------------------------------
                                 command: hessian                                
 --------------------------------------------------------------------------------

WARNING: semianalytic method is specified for dft hessian, which is not efficient. Try switching to 'method = analytic'


 -------------------------------
  Numerical Geometrical Hessian 
 -------------------------------

 Compute hessian using two-point central differentiation.
 Step size (bohr):                       0.0100

 Frequencies (including translational and rotational modes):
 mode    frequency (cm-1)
    0               14.52 i (imaginary)
    1               14.52 i (imaginary)
    2                0.01 i (imaginary)
    3                0.00 i (imaginary)
    4                0.00
    5             1238.56

 Project out translational and rotational motions 

 The molecule is linear

 Degrees of freedom for translational and rotational motions: 5

 Vibrational frequencies:
 mode    frequency (cm-1)
    0             1238.56

 --------------------------------------------------------------------------------

 End time:                               Tue Apr 27 14:00:05 2021
 Total wall-clock time:                  3.372 seconds
==================================================================================
