
================================================================================
          _____________ ________ _______________ ________     _________         
         / ___________// ______ \\_____   _____// ______ \   / ________)        
        / /_________  / /      \ \     | |     / /      \ \ | (_______          
       |  __________|| |        | |    | |    | |        | | \________ \        
        \ \_________ | |        | |    | |     \ \______/ /___________) |       
         \__________||_|        |_|    |_|      \________//____________/        
                                                                                
====================================[ Qcore ]===================================

 Git hash:   15a3e7daff0cda5fa9af010ccd19a80288182ecf
 Git date:   Fri, 16 Apr 2021 15:57:16 +0100
 Compiler:   GNU 9.1.0
 Build type: Release
 Version:    1.1.0

 Start time: Tue Apr 27 14:00:05 2021

 Data directory: /work/zw18965/.local/qcore/share/entos/1.1.0/data
 Number of threads: 24
 Number of threads was determined by: command line argument
  - More threads can be used by running 'qcore -n 32'

 --------------------------------------------------------------------------------
                                command: optimize                                
 --------------------------------------------------------------------------------
 Using coordinate system:                tric
 Hessian update scheme:                  bfgs

 ------------------------------------------------------------------------------------------------------------
                   energy      change    grad rms    grad max    step rms    step max       trust    time (s)
 ------------------------------------------------------------------------------------------------------------
   1      -199.507353334                2.60e-02    4.51e-02                            2.00e-01        0.21
   2      -199.500477843    6.88e-03    3.32e-02    5.75e-02    2.00e-01    2.00e-01    1.00e-01        0.13
   3      -199.508911612   -8.43e-03    1.31e-02    2.26e-02    1.00e-01    1.00e-01    1.41e-01        0.12
   4      -199.509478694   -5.67e-04    9.55e-03    1.65e-02    6.50e-02    6.50e-02    1.41e-01        0.11
   5      -199.509865053   -3.86e-04    1.13e-03    1.95e-03    2.74e-02    2.74e-02    1.41e-01        0.12
   6      -199.509871128   -6.08e-06    8.27e-05    1.43e-04    2.89e-03    2.89e-03    1.41e-01        0.11
   7      -199.509871161   -3.25e-08    8.02e-07    1.39e-06    2.29e-04    2.29e-04    1.41e-01        0.11
 Geometry optimization stopped:          thresholds achieved

 Final energy:                        -199.509871161

 -----------
  Final XYZ 
 -----------
2
Final structure: -199.51 hartree
F           -0.000000104         -0.000000142         -0.721171647
F            0.000000104          0.000000142          0.721171647

 Structure in entos input format:

  structure(
    xyz = [
      ['F'  ,         -0.000000104,         -0.000000142,         -0.721171647],
      ['F'  ,          0.000000104,          0.000000142,          0.721171647]
    ]
  )

 --------------------------------
  Geometry optimization finished 
 --------------------------------
 Saving results in set 'opt'

 --------------------------------------------------------------------------------
                                 command: hessian                                
 --------------------------------------------------------------------------------

WARNING: semianalytic method is specified for dft hessian, which is not efficient. Try switching to 'method = analytic'


 -------------------------------
  Numerical Geometrical Hessian 
 -------------------------------

 Compute hessian using two-point central differentiation.
 Step size (bohr):                       0.0100

 Frequencies (including translational and rotational modes):
 mode    frequency (cm-1)
    0               28.98 i (imaginary)
    1               28.97 i (imaginary)
    2                0.00
    3                0.01
    4                0.02
    5              937.08

 Project out translational and rotational motions 

 The molecule is linear

 Degrees of freedom for translational and rotational motions: 5

 Vibrational frequencies:
 mode    frequency (cm-1)
    0              937.08

 --------------------------------------------------------------------------------

 End time:                               Tue Apr 27 14:00:07 2021
 Total wall-clock time:                  2.498 seconds
==================================================================================
