
================================================================================
          _____________ ________ _______________ ________     _________         
         / ___________// ______ \\_____   _____// ______ \   / ________)        
        / /_________  / /      \ \     | |     / /      \ \ | (_______          
       |  __________|| |        | |    | |    | |        | | \________ \        
        \ \_________ | |        | |    | |     \ \______/ /___________) |       
         \__________||_|        |_|    |_|      \________//____________/        
                                                                                
====================================[ Qcore ]===================================

 Git hash:   15a3e7daff0cda5fa9af010ccd19a80288182ecf
 Git date:   Fri, 16 Apr 2021 15:57:16 +0100
 Compiler:   GNU 9.1.0
 Build type: Release
 Version:    1.1.0

 Start time: Tue Apr 27 14:00:08 2021

 Data directory: /work/zw18965/.local/qcore/share/entos/1.1.0/data
 Number of threads: 24
 Number of threads was determined by: command line argument
  - More threads can be used by running 'qcore -n 32'

 --------------------------------------------------------------------------------
                                command: optimize                                
 --------------------------------------------------------------------------------
 Using coordinate system:                tric
 Hessian update scheme:                  bfgs

 ------------------------------------------------------------------------------------------------------------
                   energy      change    grad rms    grad max    step rms    step max       trust    time (s)
 ------------------------------------------------------------------------------------------------------------
   1      -114.479105848                1.57e-02    4.12e-02                            2.00e-01        0.38
   2      -114.480677081   -1.57e-03    2.41e-03    5.35e-03    3.15e-02    3.81e-02    2.00e-01        0.19
   3      -114.480748114   -7.10e-05    2.43e-04    5.68e-04    9.79e-03    9.86e-03    2.00e-01        0.17
   4      -114.480750411   -2.30e-06    7.97e-05    2.20e-04    2.37e-03    3.16e-03    2.00e-01        0.18
   5      -114.480750563   -1.52e-07    2.72e-05    5.92e-05    6.64e-04    1.02e-03    2.00e-01        0.17
 Geometry optimization stopped:          thresholds achieved

 Final energy:                        -114.480750563

 -----------
  Final XYZ 
 -----------
4
Final structure: -114.481 hartree
C            0.001343437         -0.000200986         -0.000080523
O            1.203920341         -0.159623871         -0.077010796
H           -0.495255491          0.998559785         -0.187074827
H           -0.710016674         -0.838802154          0.264174094

 Structure in entos input format:

  structure(
    xyz = [
      ['C'  ,          0.001343437,         -0.000200986,         -0.000080523],
      ['O'  ,          1.203920341,         -0.159623871,         -0.077010796],
      ['H'  ,         -0.495255491,          0.998559785,         -0.187074827],
      ['H'  ,         -0.710016674,         -0.838802154,          0.264174094]
    ]
  )

 --------------------------------
  Geometry optimization finished 
 --------------------------------
 Saving results in set 'opt'

 --------------------------------------------------------------------------------
                                 command: hessian                                
 --------------------------------------------------------------------------------

WARNING: semianalytic method is specified for dft hessian, which is not efficient. Try switching to 'method = analytic'


 -------------------------------
  Numerical Geometrical Hessian 
 -------------------------------

 Compute hessian using two-point central differentiation.
 Step size (bohr):                       0.0100

 Frequencies (including translational and rotational modes):
 mode    frequency (cm-1)
    0                0.17 i (imaginary)
    1                0.09 i (imaginary)
    2                0.04 i (imaginary)
    3               12.92
    4               18.21
    5               20.75
    6             1140.61
    7             1214.27
    8             1473.15
    9             1755.41
   10             2749.51
   11             2783.16

 Project out translational and rotational motions 

 Degrees of freedom for translational and rotational motions: 6

 Vibrational frequencies:
 mode    frequency (cm-1)
    0             1140.61
    1             1214.27
    2             1473.15
    3             1755.41
    4             2749.51
    5             2783.16

 --------------------------------------------------------------------------------

 End time:                               Tue Apr 27 14:00:13 2021
 Total wall-clock time:                  5.616 seconds
==================================================================================
