
================================================================================
          _____________ ________ _______________ ________     _________         
         / ___________// ______ \\_____   _____// ______ \   / ________)        
        / /_________  / /      \ \     | |     / /      \ \ | (_______          
       |  __________|| |        | |    | |    | |        | | \________ \        
        \ \_________ | |        | |    | |     \ \______/ /___________) |       
         \__________||_|        |_|    |_|      \________//____________/        
                                                                                
====================================[ Qcore ]===================================

 Git hash:   15a3e7daff0cda5fa9af010ccd19a80288182ecf
 Git date:   Fri, 16 Apr 2021 15:57:16 +0100
 Compiler:   GNU 9.1.0
 Build type: Release
 Version:    1.1.0

 Start time: Tue Apr 27 14:00:21 2021

 Data directory: /work/zw18965/.local/qcore/share/entos/1.1.0/data
 Number of threads: 24
 Number of threads was determined by: command line argument
  - More threads can be used by running 'qcore -n 32'

 --------------------------------------------------------------------------------
                                command: optimize                                
 --------------------------------------------------------------------------------
 Using coordinate system:                tric
 Hessian update scheme:                  bfgs

 ------------------------------------------------------------------------------------------------------------
                   energy      change    grad rms    grad max    step rms    step max       trust    time (s)
 ------------------------------------------------------------------------------------------------------------
   1       -76.398336212                1.39e-02    2.36e-02                            2.00e-01        0.25
   2       -76.399264538   -9.28e-04    5.95e-03    1.07e-02    1.85e-02    3.28e-02    2.00e-01        0.11
   3       -76.399597944   -3.33e-04    8.42e-04    1.44e-03    2.30e-02    4.58e-02    2.00e-01        0.12
   4       -76.399614810   -1.69e-05    4.60e-04    7.81e-04    6.58e-03    1.14e-02    2.00e-01        0.12
   5       -76.399616909   -2.10e-06    1.08e-04    1.61e-04    2.30e-03    3.03e-03    2.00e-01        0.11
   6       -76.399616977   -6.77e-08    9.06e-06    1.71e-05    2.28e-04    3.51e-04    2.00e-01        0.11
 Geometry optimization stopped:          thresholds achieved

 Final energy:                         -76.399616977

 -----------
  Final XYZ 
 -----------
3
Final structure: -76.3996 hartree
O           -0.010381896         -0.007992668          0.005359584
H            0.282874646          0.894409896          0.250029211
H            0.611707245         -0.231817228         -0.717888794

 Structure in entos input format:

  structure(
    xyz = [
      ['O'  ,         -0.010381896,         -0.007992668,          0.005359584],
      ['H'  ,          0.282874646,          0.894409896,          0.250029211],
      ['H'  ,          0.611707245,         -0.231817228,         -0.717888794]
    ]
  )

 --------------------------------
  Geometry optimization finished 
 --------------------------------
 Saving results in set 'opt'

 --------------------------------------------------------------------------------
                                 command: hessian                                
 --------------------------------------------------------------------------------

WARNING: semianalytic method is specified for dft hessian, which is not efficient. Try switching to 'method = analytic'


 -------------------------------
  Numerical Geometrical Hessian 
 -------------------------------

 Compute hessian using two-point central differentiation.
 Step size (bohr):                       0.0100

 Frequencies (including translational and rotational modes):
 mode    frequency (cm-1)
    0               46.68 i (imaginary)
    1               20.58 i (imaginary)
    2               14.44 i (imaginary)
    3                0.09
    4                0.20
    5                0.39
    6             1629.45
    7             3589.77
    8             3691.81

 Project out translational and rotational motions 

 Degrees of freedom for translational and rotational motions: 6

 Vibrational frequencies:
 mode    frequency (cm-1)
    0             1629.45
    1             3589.77
    2             3691.81

 --------------------------------------------------------------------------------

 End time:                               Tue Apr 27 14:00:24 2021
 Total wall-clock time:                  3.100 seconds
==================================================================================
