
================================================================================
          _____________ ________ _______________ ________     _________         
         / ___________// ______ \\_____   _____// ______ \   / ________)        
        / /_________  / /      \ \     | |     / /      \ \ | (_______          
       |  __________|| |        | |    | |    | |        | | \________ \        
        \ \_________ | |        | |    | |     \ \______/ /___________) |       
         \__________||_|        |_|    |_|      \________//____________/        
                                                                                
====================================[ Qcore ]===================================

 Git hash:   15a3e7daff0cda5fa9af010ccd19a80288182ecf
 Git date:   Fri, 16 Apr 2021 15:57:16 +0100
 Compiler:   GNU 9.1.0
 Build type: Release
 Version:    1.1.0

 Start time: Tue Apr 27 14:00:48 2021

 Data directory: /work/zw18965/.local/qcore/share/entos/1.1.0/data
 Number of threads: 24
 Number of threads was determined by: command line argument
  - More threads can be used by running 'qcore -n 32'

 --------------------------------------------------------------------------------
                                command: optimize                                
 --------------------------------------------------------------------------------
 Using coordinate system:                tric
 Hessian update scheme:                  bfgs

 ------------------------------------------------------------------------------------------------------------
                   energy      change    grad rms    grad max    step rms    step max       trust    time (s)
 ------------------------------------------------------------------------------------------------------------
   1      -109.518956597                3.13e-02    5.43e-02                            2.00e-01        0.20
   2      -109.519876769   -9.20e-04    3.50e-03    6.07e-03    1.97e-02    3.94e-02    2.00e-01        0.12
   3      -109.519889639   -1.29e-05    2.35e-04    4.08e-04    1.98e-03    3.97e-03    2.00e-01        0.10
   4      -109.519889696   -5.77e-08    1.98e-06    3.42e-06    1.43e-04    2.85e-04    2.00e-01        0.11
 Geometry optimization stopped:          thresholds achieved

 Final energy:                        -109.519889696

 -----------
  Final XYZ 
 -----------
2
Final structure: -109.52 hartree
N            0.558576859          0.000000113         -0.000000111
N           -0.558576859         -0.000000113          0.000000111

 Structure in entos input format:

  structure(
    xyz = [
      ['N'  ,          0.558576859,          0.000000113,         -0.000000111],
      ['N'  ,         -0.558576859,         -0.000000113,          0.000000111]
    ]
  )

 --------------------------------
  Geometry optimization finished 
 --------------------------------
 Saving results in set 'opt'

 --------------------------------------------------------------------------------
                                 command: hessian                                
 --------------------------------------------------------------------------------

WARNING: semianalytic method is specified for dft hessian, which is not efficient. Try switching to 'method = analytic'


 -------------------------------
  Numerical Geometrical Hessian 
 -------------------------------

 Compute hessian using two-point central differentiation.
 Step size (bohr):                       0.0100

 Frequencies (including translational and rotational modes):
 mode    frequency (cm-1)
    0                0.09 i (imaginary)
    1                0.07 i (imaginary)
    2                0.00
    3               16.70
    4               16.70
    5             2331.40

 Project out translational and rotational motions 

 The molecule is linear

 Degrees of freedom for translational and rotational motions: 5

 Vibrational frequencies:
 mode    frequency (cm-1)
    0             2331.40

 --------------------------------------------------------------------------------

 End time:                               Tue Apr 27 14:00:50 2021
 Total wall-clock time:                  2.094 seconds
==================================================================================
