
================================================================================
          _____________ ________ _______________ ________     _________         
         / ___________// ______ \\_____   _____// ______ \   / ________)        
        / /_________  / /      \ \     | |     / /      \ \ | (_______          
       |  __________|| |        | |    | |    | |        | | \________ \        
        \ \_________ | |        | |    | |     \ \______/ /___________) |       
         \__________||_|        |_|    |_|      \________//____________/        
                                                                                
====================================[ Qcore ]===================================

 Git hash:   15a3e7daff0cda5fa9af010ccd19a80288182ecf
 Git date:   Fri, 16 Apr 2021 15:57:16 +0100
 Compiler:   GNU 9.1.0
 Build type: Release
 Version:    1.1.0

 Start time: Tue Apr 27 14:00:50 2021

 Data directory: /work/zw18965/.local/qcore/share/entos/1.1.0/data
 Number of threads: 24
 Number of threads was determined by: command line argument
  - More threads can be used by running 'qcore -n 32'

 --------------------------------------------------------------------------------
                                command: optimize                                
 --------------------------------------------------------------------------------
 Using coordinate system:                tric
 Hessian update scheme:                  bfgs

 ------------------------------------------------------------------------------------------------------------
                   energy      change    grad rms    grad max    step rms    step max       trust    time (s)
 ------------------------------------------------------------------------------------------------------------
   1       -56.523038843                1.14e-02    2.77e-02                            2.00e-01        0.26
   2       -56.524428880   -1.39e-03    5.78e-03    1.62e-02    2.47e-02    2.74e-02    2.00e-01        0.15
   3       -56.525235136   -8.06e-04    8.87e-04    1.59e-03    4.24e-02    5.32e-02    2.00e-01        0.15
   4       -56.525268462   -3.33e-05    4.64e-04    8.67e-04    1.00e-02    1.15e-02    2.00e-01        0.14
   5       -56.525271799   -3.34e-06    1.08e-04    2.11e-04    2.68e-03    2.21e-03    2.00e-01        0.15
   6       -56.525271920   -1.21e-07    6.53e-06    1.76e-05    3.21e-04    4.46e-04    2.00e-01        0.14
 Geometry optimization stopped:          thresholds achieved

 Final energy:                         -56.525271920

 -----------
  Final XYZ 
 -----------
4
Final structure: -56.5253 hartree
N           -0.003073249         -0.000734437          0.328850325
H           -0.518340364         -0.780343609         -0.116235991
H           -0.415296574          0.840378786         -0.111605914
H            0.936710187         -0.059300740         -0.101008420

 Structure in entos input format:

  structure(
    xyz = [
      ['N'  ,         -0.003073249,         -0.000734437,          0.328850325],
      ['H'  ,         -0.518340364,         -0.780343609,         -0.116235991],
      ['H'  ,         -0.415296574,          0.840378786,         -0.111605914],
      ['H'  ,          0.936710187,         -0.059300740,         -0.101008420]
    ]
  )

 --------------------------------
  Geometry optimization finished 
 --------------------------------
 Saving results in set 'opt'

 --------------------------------------------------------------------------------
                                 command: hessian                                
 --------------------------------------------------------------------------------

WARNING: semianalytic method is specified for dft hessian, which is not efficient. Try switching to 'method = analytic'


 -------------------------------
  Numerical Geometrical Hessian 
 -------------------------------

 Compute hessian using two-point central differentiation.
 Step size (bohr):                       0.0100

 Frequencies (including translational and rotational modes):
 mode    frequency (cm-1)
    0               26.19 i (imaginary)
    1               21.62 i (imaginary)
    2                0.26 i (imaginary)
    3                0.03
    4                0.28
    5               20.80
    6             1120.30
    7             1638.35
    8             1638.43
    9             3285.84
   10             3395.22
   11             3395.28

 Project out translational and rotational motions 

 Degrees of freedom for translational and rotational motions: 6

 Vibrational frequencies:
 mode    frequency (cm-1)
    0             1120.30
    1             1638.35
    2             1638.43
    3             3285.84
    4             3395.22
    5             3395.28

 --------------------------------------------------------------------------------

 End time:                               Tue Apr 27 14:00:55 2021
 Total wall-clock time:                  4.678 seconds
==================================================================================
