
================================================================================
          _____________ ________ _______________ ________     _________         
         / ___________// ______ \\_____   _____// ______ \   / ________)        
        / /_________  / /      \ \     | |     / /      \ \ | (_______          
       |  __________|| |        | |    | |    | |        | | \________ \        
        \ \_________ | |        | |    | |     \ \______/ /___________) |       
         \__________||_|        |_|    |_|      \________//____________/        
                                                                                
====================================[ Qcore ]===================================

 Git hash:   15a3e7daff0cda5fa9af010ccd19a80288182ecf
 Git date:   Fri, 16 Apr 2021 15:57:16 +0100
 Compiler:   GNU 9.1.0
 Build type: Release
 Version:    1.1.0

 Start time: Tue Apr 27 14:01:23 2021

 Data directory: /work/zw18965/.local/qcore/share/entos/1.1.0/data
 Number of threads: 24
 Number of threads was determined by: command line argument
  - More threads can be used by running 'qcore -n 32'

 --------------------------------------------------------------------------------
                                command: optimize                                
 --------------------------------------------------------------------------------
 Using coordinate system:                tric
 Hessian update scheme:                  bfgs

 ------------------------------------------------------------------------------------------------------------
                   energy      change    grad rms    grad max    step rms    step max       trust    time (s)
 ------------------------------------------------------------------------------------------------------------
   1      -115.677413238                8.28e-03    1.64e-02                            2.00e-01        0.45
   2      -115.678736136   -1.32e-03    2.70e-03    5.50e-03    3.27e-02    2.95e-02    2.00e-01        0.26
   3      -115.678897636   -1.62e-04    7.00e-04    1.81e-03    1.16e-02    2.11e-02    2.00e-01        0.26
   4      -115.678909635   -1.20e-05    4.29e-04    1.33e-03    4.99e-03    7.33e-03    2.00e-01        0.25
   5      -115.678912825   -3.19e-06    1.80e-04    5.56e-04    2.84e-03    3.58e-03    2.00e-01        0.24
   6      -115.678913264   -4.39e-07    4.58e-05    1.44e-04    4.81e-04    8.55e-04    2.00e-01        0.25
 Geometry optimization stopped:          thresholds achieved

 Final energy:                        -115.678913264

 -----------
  Final XYZ 
 -----------
6
Final structure: -115.679 hartree
C           -0.353348681         -0.042072206         -0.017958304
O            1.020009144         -0.359698004         -0.266526359
H           -0.539154902          1.053890527          0.098846713
H           -0.626771912         -0.533441155          0.937418863
H           -1.045421221         -0.425975950         -0.807216746
H            1.261244732          0.073471926         -1.110369110

 Structure in entos input format:

  structure(
    xyz = [
      ['C'  ,         -0.353348681,         -0.042072206,         -0.017958304],
      ['O'  ,          1.020009144,         -0.359698004,         -0.266526359],
      ['H'  ,         -0.539154902,          1.053890527,          0.098846713],
      ['H'  ,         -0.626771912,         -0.533441155,          0.937418863],
      ['H'  ,         -1.045421221,         -0.425975950,         -0.807216746],
      ['H'  ,          1.261244732,          0.073471926,         -1.110369110]
    ]
  )

 --------------------------------
  Geometry optimization finished 
 --------------------------------
 Saving results in set 'opt'

 --------------------------------------------------------------------------------
                                 command: hessian                                
 --------------------------------------------------------------------------------

WARNING: semianalytic method is specified for dft hessian, which is not efficient. Try switching to 'method = analytic'


 -------------------------------
  Numerical Geometrical Hessian 
 -------------------------------

 Compute hessian using two-point central differentiation.
 Step size (bohr):                       0.0100

 Frequencies (including translational and rotational modes):
 mode    frequency (cm-1)
    0               33.56 i (imaginary)
    1                7.20 i (imaginary)
    2                0.18 i (imaginary)
    3                0.03
    4                0.18
    5               14.35
    6              331.52
    7             1010.22
    8             1052.60
    9             1116.99
   10             1344.75
   11             1421.50
   12             1426.09
   13             1444.22
   14             2868.73
   15             2903.36
   16             3012.51
   17             3615.75

 Project out translational and rotational motions 

 Degrees of freedom for translational and rotational motions: 6

 Vibrational frequencies:
 mode    frequency (cm-1)
    0              331.50
    1             1010.22
    2             1052.60
    3             1116.99
    4             1344.75
    5             1421.50
    6             1426.09
    7             1444.22
    8             2868.73
    9             2903.36
   10             3012.51
   11             3615.75

 --------------------------------------------------------------------------------

 End time:                               Tue Apr 27 14:01:34 2021
 Total wall-clock time:                 11.086 seconds
==================================================================================
