
================================================================================
          _____________ ________ _______________ ________     _________         
         / ___________// ______ \\_____   _____// ______ \   / ________)        
        / /_________  / /      \ \     | |     / /      \ \ | (_______          
       |  __________|| |        | |    | |    | |        | | \________ \        
        \ \_________ | |        | |    | |     \ \______/ /___________) |       
         \__________||_|        |_|    |_|      \________//____________/        
                                                                                
====================================[ Qcore ]===================================

 Git hash:   15a3e7daff0cda5fa9af010ccd19a80288182ecf
 Git date:   Fri, 16 Apr 2021 15:57:16 +0100
 Compiler:   GNU 9.1.0
 Build type: Release
 Version:    1.1.0

 Start time: Tue Apr 27 14:01:38 2021

 Data directory: /work/zw18965/.local/qcore/share/entos/1.1.0/data
 Number of threads: 24
 Number of threads was determined by: command line argument
  - More threads can be used by running 'qcore -n 32'

 --------------------------------------------------------------------------------
                                command: optimize                                
 --------------------------------------------------------------------------------
 Using coordinate system:                tric
 Hessian update scheme:                  bfgs

 ------------------------------------------------------------------------------------------------------------
                   energy      change    grad rms    grad max    step rms    step max       trust    time (s)
 ------------------------------------------------------------------------------------------------------------
   1      -473.366327867                2.70e-02    4.68e-02                            2.00e-01        0.39
   2      -473.367668835   -1.34e-03    1.56e-02    2.71e-02    1.82e-02    3.65e-02    2.00e-01        0.18
   3      -473.368413625   -7.45e-04    1.88e-03    3.25e-03    2.50e-02    5.01e-02    2.00e-01        0.19
   4      -473.368425613   -1.20e-05    1.53e-04    2.66e-04    3.42e-03    6.84e-03    2.00e-01        0.17
   5      -473.368425695   -8.16e-08    1.64e-06    2.85e-06    3.04e-04    6.08e-04    2.00e-01        0.17
 Geometry optimization stopped:          thresholds achieved

 Final energy:                        -473.368425695

 -----------
  Final XYZ 
 -----------
2
Final structure: -473.368 hartree
S            0.000000077          0.000000127         -0.024869692
O           -0.000000077         -0.000000127          1.511084242

 Structure in entos input format:

  structure(
    xyz = [
      ['S'  ,          0.000000077,          0.000000127,         -0.024869692],
      ['O'  ,         -0.000000077,         -0.000000127,          1.511084242]
    ]
  )

 --------------------------------
  Geometry optimization finished 
 --------------------------------
 Saving results in set 'opt'

 --------------------------------------------------------------------------------
                                 command: hessian                                
 --------------------------------------------------------------------------------

WARNING: semianalytic method is specified for dft hessian, which is not efficient. Try switching to 'method = analytic'


 -------------------------------
  Numerical Geometrical Hessian 
 -------------------------------

 Compute hessian using two-point central differentiation.
 Step size (bohr):                       0.0100

 Frequencies (including translational and rotational modes):
 mode    frequency (cm-1)
    0                0.02 i (imaginary)
    1                0.01 i (imaginary)
    2                0.00
    3               34.49
    4               34.50
    5             1033.91

 Project out translational and rotational motions 

 The molecule is linear

 Degrees of freedom for translational and rotational motions: 5

 Vibrational frequencies:
 mode    frequency (cm-1)
    0             1033.91

 --------------------------------------------------------------------------------

 End time:                               Tue Apr 27 14:01:42 2021
 Total wall-clock time:                  3.580 seconds
==================================================================================
