
================================================================================
          _____________ ________ _______________ ________     _________         
         / ___________// ______ \\_____   _____// ______ \   / ________)        
        / /_________  / /      \ \     | |     / /      \ \ | (_______          
       |  __________|| |        | |    | |    | |        | | \________ \        
        \ \_________ | |        | |    | |     \ \______/ /___________) |       
         \__________||_|        |_|    |_|      \________//____________/        
                                                                                
====================================[ Qcore ]===================================

 Git hash:   15a3e7daff0cda5fa9af010ccd19a80288182ecf
 Git date:   Fri, 16 Apr 2021 15:57:16 +0100
 Compiler:   GNU 9.1.0
 Build type: Release
 Version:    1.1.0

 Start time: Thu Apr 29 11:58:45 2021

 Data directory: /work/zw18965/.local/qcore/share/entos/1.1.0/data
 Number of threads: 24
 Number of threads was determined by: command line argument

 --------------------------------------------------------------------------------
                                command: optimize                                
 --------------------------------------------------------------------------------
 Using coordinate system:                tric
 Hessian update scheme:                  bfgs

 ------------------------------------------------------------------------------------------------------------
                   energy      change    grad rms    grad max    step rms    step max       trust    time (s)
 ------------------------------------------------------------------------------------------------------------
   1       -78.575389719                2.55e-03    7.39e-03                            2.00e-01        2.46
   2       -78.575445433   -5.57e-05    1.03e-03    2.90e-03    5.18e-03    8.27e-03    2.00e-01        2.01
   3       -78.575462290   -1.69e-05    6.27e-05    1.42e-04    6.14e-03    8.83e-03    2.00e-01        1.84
   4       -78.575462480   -1.90e-07    2.32e-05    6.58e-05    6.85e-04    6.80e-04    2.00e-01        1.68
   5       -78.575462497   -1.63e-08    2.48e-06    4.70e-06    1.62e-04    5.06e-04    2.00e-01        1.64
   6       -78.575462518   -2.15e-08    9.86e-06    2.61e-05    5.63e-05    7.23e-04    2.00e-01        1.65
   7       -78.575462580   -6.23e-08    3.92e-05    1.10e-04    1.77e-04    4.58e-03    2.00e-01        1.75
   8       -78.575462685   -1.05e-07    7.26e-05    2.04e-04    2.02e-04    1.04e-02    2.00e-01        1.73
   9       -78.575462911   -2.26e-07    1.05e-04    2.93e-04    2.01e-04    2.31e-02    2.00e-01        1.97
  10       -78.575463202   -2.91e-07    1.02e-04    2.82e-04    8.17e-05    3.27e-02    2.00e-01        1.91
  11       -78.575463410   -2.08e-07    5.53e-05    1.43e-04    2.92e-04    2.42e-02    2.00e-01        1.88
  12       -78.575463453   -4.32e-08    1.77e-05    4.60e-05    2.71e-04    6.50e-03    2.00e-01        1.77
  13       -78.575463469   -1.56e-08    1.20e-05    2.93e-05    9.33e-05    1.40e-03    2.00e-01        1.55
  14       -78.575463488   -1.94e-08    9.47e-06    2.46e-05    7.09e-05    1.71e-03    2.00e-01        1.63
Rejecting step due to low quality: Quality: -1.51793 New trust radius: 2.98294e-05
  15       -78.575463483    5.33e-09    9.47e-06    2.46e-05    5.97e-05    5.31e-04    2.98e-05        1.65
  16       -78.575463489   -5.20e-10    7.41e-06    2.07e-05    2.98e-05    2.66e-04    1.49e-05        1.38
  17       -78.575463497   -8.20e-09    6.20e-06    1.70e-05    1.49e-05    1.69e-04    2.11e-05        1.36
  18       -78.575463497    2.77e-10    5.14e-06    1.17e-05    2.11e-05    6.54e-04    1.05e-05        1.74
  19       -78.575463512   -1.52e-08    5.02e-06    1.23e-05    1.05e-05    2.61e-04    1.49e-05        1.45
  20       -78.575463504    7.80e-09    5.47e-06    1.59e-05    1.49e-05    4.17e-04    7.46e-06        1.47
  21       -78.575463501    3.31e-09    5.94e-06    1.77e-05    7.46e-06    2.49e-04    3.73e-06        1.63
  22       -78.575463499    2.22e-09    6.24e-06    1.87e-05    3.73e-06    1.56e-04    1.86e-06        1.38
  23       -78.575463498    7.26e-10    6.38e-06    1.91e-05    1.86e-06    7.83e-05    1.00e-06        1.42
  24       -78.575463494    3.38e-09    6.48e-06    1.93e-05    9.97e-07    5.28e-05    1.00e-06        1.49
  25       -78.575463498   -3.13e-09    6.55e-06    1.96e-05    9.97e-07    5.28e-05    1.41e-06        1.32
  26       -78.575463496    1.61e-09    6.70e-06    1.99e-05    1.41e-06    7.47e-05    1.00e-06        1.41
  27       -78.575463510   -1.39e-08    6.78e-06    2.02e-05    1.00e-06    5.29e-05    1.41e-06        1.29
  28       -78.575463511   -8.15e-10    6.93e-06    2.05e-05    1.41e-06    7.47e-05    2.00e-06        1.38
  29       -78.575463493    1.77e-08    7.13e-06    2.10e-05    2.00e-06    1.06e-04    1.00e-06        1.43
  30       -78.575463506   -1.33e-08    7.23e-06    2.13e-05    9.97e-07    5.29e-05    1.41e-06        1.51
  31       -78.575463498    8.29e-09    7.38e-06    2.16e-05    1.41e-06    7.49e-05    1.00e-06        1.37
  32       -78.575463499   -8.03e-10    7.48e-06    2.18e-05    1.00e-06    5.30e-05    1.41e-06        1.31
  33       -78.575463511   -1.21e-08    7.65e-06    2.22e-05    1.41e-06    7.51e-05    2.00e-06        1.54
  34       -78.575463520   -9.20e-09    7.87e-06    2.27e-05    2.00e-06    1.06e-04    2.83e-06        1.46
  35       -78.575463509    1.13e-08    8.18e-06    2.33e-05    2.83e-06    1.69e-04    1.41e-06        1.47
  36       -78.575463491    1.76e-08    8.33e-06    2.37e-05    1.41e-06    9.45e-05    1.00e-06        1.47
  37       -78.575463504   -1.29e-08    8.40e-06    2.38e-05    1.00e-06    6.70e-05    1.41e-06        1.28
  38       -78.575463518   -1.38e-08    8.56e-06    2.42e-05    1.42e-06    9.47e-05    2.00e-06        1.41
  39       -78.575463513    4.64e-09    8.76e-06    2.46e-05    2.00e-06    1.34e-04    1.00e-06        1.37
  40       -78.575463518   -4.95e-09    8.88e-06    2.48e-05    1.00e-06    7.84e-05    1.42e-06        1.47
  41       -78.575463514    4.41e-09    9.06e-06    2.51e-05    1.42e-06    1.11e-04    1.00e-06        1.37
  42       -78.575463514    2.09e-10    9.18e-06    2.54e-05    1.00e-06    7.86e-05    1.00e-06        1.37
  43       -78.575463512    1.92e-09    9.28e-06    2.56e-05    1.00e-06    7.86e-05    1.00e-06        1.41
  44       -78.575463518   -6.75e-09    9.41e-06    2.58e-05    1.00e-06    7.87e-05    1.41e-06        1.52
  45       -78.575463517    1.17e-09    9.59e-06    2.61e-05    1.41e-06    1.11e-04    1.00e-06        1.44
  46       -78.575463521   -3.47e-09    9.71e-06    2.63e-05    1.00e-06    7.89e-05    1.41e-06        1.40
  47       -78.575463522   -1.76e-09    9.88e-06    2.67e-05    1.41e-06    1.12e-04    2.00e-06        1.44
  48       -78.575463524   -1.44e-09    1.01e-05    2.71e-05    2.00e-06    1.58e-04    2.83e-06        1.62
  49       -78.575463516    8.34e-09    1.05e-05    2.78e-05    2.82e-06    2.29e-04    1.41e-06        1.33
  50       -78.575463512    3.47e-09    1.07e-05    2.80e-05    1.41e-06    1.30e-04    1.00e-06        1.43
  51       -78.575463525   -1.27e-08    1.08e-05    2.83e-05    1.00e-06    9.24e-05    1.41e-06        1.51
  52       -78.575463512    1.29e-08    1.09e-05    2.86e-05    1.41e-06    1.31e-04    1.00e-06        1.43
  53       -78.575463518   -6.54e-09    1.11e-05    2.88e-05    1.00e-06    9.25e-05    1.41e-06        1.44
  54       -78.575463528   -9.89e-09    1.12e-05    2.91e-05    1.41e-06    1.31e-04    2.00e-06        1.45
  55       -78.575463516    1.25e-08    1.15e-05    2.96e-05    2.00e-06    1.85e-04    1.00e-06        1.42
  56       -78.575463515    6.75e-10    1.16e-05    2.97e-05    9.97e-07    1.05e-04    1.00e-06        1.37
  57       -78.575463533   -1.80e-08    1.17e-05    3.00e-05    9.99e-07    1.05e-04    1.41e-06        1.53
  58       -78.575463534   -9.02e-10    1.19e-05    3.03e-05    1.42e-06    1.48e-04    2.00e-06        1.32
  59       -78.575463519    1.51e-08    1.21e-05    3.07e-05    2.00e-06    2.10e-04    1.00e-06        1.41
  60       -78.575463535   -1.57e-08    1.23e-05    3.10e-05    9.99e-07    1.19e-04    1.41e-06        1.51
  61       -78.575463523    1.17e-08    1.24e-05    3.13e-05    1.41e-06    1.69e-04    1.00e-06        1.43
  62       -78.575463522    1.36e-09    1.25e-05    3.15e-05    9.97e-07    1.19e-04    1.00e-06        1.38
  63       -78.575463529   -7.32e-09    1.27e-05    3.17e-05    9.94e-07    1.20e-04    1.41e-06        1.60
  64       -78.575463519    9.81e-09    1.28e-05    3.20e-05    1.42e-06    1.69e-04    1.00e-06        1.52
  65       -78.575463543   -2.38e-08    1.29e-05    3.22e-05    1.00e-06    1.20e-04    1.41e-06        1.44
  66       -78.575463535    7.82e-09    1.31e-05    3.25e-05    1.41e-06    1.69e-04    1.00e-06        1.59
  67       -78.575463535   -3.49e-10    1.33e-05    3.27e-05    1.00e-06    1.20e-04    1.00e-06        1.40
  68       -78.575463538   -2.18e-09    1.34e-05    3.30e-05    9.99e-07    1.20e-04    1.41e-06        1.36
  69       -78.575463543   -5.36e-09    1.35e-05    3.33e-05    1.42e-06    1.70e-04    2.00e-06        1.37
  70       -78.575463529    1.39e-08    1.38e-05    3.37e-05    2.00e-06    2.40e-04    1.00e-06        1.60
  71       -78.575463546   -1.65e-08    1.37e-05    3.35e-05    9.99e-07    1.37e-04    1.00e-06        1.43
  72       -78.575463553   -7.72e-09    1.35e-05    3.32e-05    1.00e-06    1.37e-04    1.00e-06        1.40
  73       -78.575463541    1.23e-08    1.34e-05    3.30e-05    9.97e-07    1.37e-04    1.41e-06        1.55
  74       -78.575463542   -8.69e-10    1.32e-05    3.26e-05    1.42e-06    1.94e-04    1.00e-06        1.47
  75       -78.575463544   -2.12e-09    1.31e-05    3.23e-05    1.00e-06    1.37e-04    1.00e-06        1.53
  76       -78.575463539    5.02e-09    1.30e-05    3.20e-05    9.99e-07    1.37e-04    1.41e-06        1.39
  77       -78.575463525    1.40e-08    1.28e-05    3.17e-05    1.41e-06    1.94e-04    2.00e-06        1.65
  78       -78.575463515    9.88e-09    1.26e-05    3.12e-05    2.00e-06    2.75e-04    2.83e-06        1.45
  79       -78.575463519   -3.63e-09    1.22e-05    3.04e-05    2.83e-06    3.89e-04    1.41e-06        1.49
  80       -78.575463528   -9.57e-09    1.20e-05    3.00e-05    1.41e-06    2.06e-04    1.00e-06        1.57
  81       -78.575463531   -2.84e-09    1.19e-05    2.98e-05    9.99e-07    1.45e-04    1.00e-06        1.48
  82       -78.575463534   -2.92e-09    1.18e-05    2.96e-05    1.00e-06    1.46e-04    1.00e-06        1.41
  83       -78.575463525    8.91e-09    1.16e-05    2.93e-05    9.99e-07    1.46e-04    1.41e-06        1.62
  84       -78.575463531   -5.41e-09    1.14e-05    2.89e-05    1.41e-06    2.06e-04    1.00e-06        1.43
  85       -78.575463521    9.55e-09    1.13e-05    2.87e-05    1.00e-06    1.46e-04    1.41e-06        1.47
  86       -78.575463516    4.71e-09    1.11e-05    2.83e-05    1.41e-06    2.06e-04    2.00e-06        1.40
  87       -78.575463510    6.20e-09    1.09e-05    2.78e-05    2.00e-06    2.92e-04    2.83e-06        1.59
  88       -78.575463516   -5.85e-09    1.05e-05    2.70e-05    2.83e-06    4.13e-04    1.41e-06        1.54
  89       -78.575463529   -1.26e-08    1.07e-05    2.73e-05    1.41e-06    2.18e-04    2.00e-06        1.47
  90       -78.575463530   -1.67e-09    1.10e-05    2.79e-05    2.00e-06    3.09e-04    2.00e-06        1.67
  91       -78.575463500    2.98e-08    1.12e-05    2.84e-05    2.00e-06    3.09e-04    1.00e-06        1.46
  92       -78.575463519   -1.81e-08    1.13e-05    2.86e-05    9.96e-07    1.69e-04    1.41e-06        1.46
  93       -78.575463538   -1.94e-08    1.15e-05    2.90e-05    1.42e-06    2.39e-04    2.00e-06        1.60
  94       -78.575463522    1.57e-08    1.18e-05    2.94e-05    2.00e-06    3.38e-04    1.00e-06        1.38
  95       -78.575463518    4.14e-09    1.19e-05    2.96e-05    9.94e-07    1.80e-04    1.00e-06        1.45
  96       -78.575463523   -4.99e-09    1.21e-05    2.98e-05    9.96e-07    1.80e-04    1.41e-06        1.61
  97       -78.575463540   -1.64e-08    1.23e-05    3.00e-05    1.41e-06    2.55e-04    2.00e-06        1.43
  98       -78.575463532    7.69e-09    1.25e-05    3.04e-05    2.00e-06    3.61e-04    1.00e-06        1.50
  99       -78.575463540   -8.03e-09    1.24e-05    3.02e-05    1.00e-06    1.95e-04    1.00e-06        1.60
 100       -78.575463525    1.46e-08    1.23e-05    3.00e-05    9.99e-07    1.95e-04    1.41e-06        1.42
 101       -78.575463520    5.28e-09    1.21e-05    2.97e-05    1.41e-06    2.76e-04    2.00e-06        1.42
 102       -78.575463526   -6.16e-09    1.18e-05    2.92e-05    2.00e-06    3.90e-04    1.00e-06        1.56
 103       -78.575463528   -1.98e-09    1.17e-05    2.89e-05    1.00e-06    2.03e-04    1.00e-06        1.34
 104       -78.575463523    5.12e-09    1.16e-05    2.87e-05    1.00e-06    2.03e-04    1.41e-06        1.41
 105       -78.575463524   -1.37e-09    1.14e-05    2.83e-05    1.41e-06    2.87e-04    1.00e-06        1.57
 106       -78.575463510    1.44e-08    1.12e-05    2.81e-05    1.00e-06    2.03e-04    1.41e-06        1.40
 107       -78.575463512   -1.72e-09    1.11e-05    2.77e-05    1.42e-06    2.87e-04    1.00e-06        1.41
 108       -78.575463510    2.11e-09    1.09e-05    2.74e-05    1.00e-06    2.03e-04    1.41e-06        1.57
 109       -78.575463512   -2.78e-09    1.07e-05    2.71e-05    1.42e-06    2.88e-04    1.00e-06        1.42
 110       -78.575463505    7.00e-09    1.06e-05    2.68e-05    1.00e-06    2.04e-04    1.41e-06        1.41
 111       -78.575463506   -3.71e-10    1.04e-05    2.64e-05    1.42e-06    2.88e-04    1.00e-06        1.55
 112       -78.575463511   -5.52e-09    1.03e-05    2.62e-05    9.97e-07    2.04e-04    1.00e-06        1.37
 113       -78.575463506    5.46e-09    1.02e-05    2.60e-05    1.00e-06    2.04e-04    1.41e-06        1.43
 114       -78.575463511   -4.94e-09    9.98e-06    2.56e-05    1.41e-06    2.89e-04    1.00e-06        1.61
 115       -78.575463511   -5.38e-10    9.85e-06    2.53e-05    9.96e-07    2.04e-04    1.00e-06        1.42
 116       -78.575463500    1.17e-08    9.73e-06    2.51e-05    1.00e-06    2.04e-04    1.41e-06        1.42
 117       -78.575463493    6.39e-09    9.55e-06    2.47e-05    1.41e-06    2.89e-04    2.00e-06        1.60
 118       -78.575463483    1.02e-08    9.30e-06    2.42e-05    2.00e-06    4.09e-04    2.83e-06        1.52
 119       -78.575463487   -3.98e-09    8.94e-06    2.35e-05    2.83e-06    5.79e-04    1.41e-06        1.56
 120       -78.575463495   -7.63e-09    9.12e-06    2.38e-05    1.41e-06    3.04e-04    2.00e-06        1.41
 121       -78.575463491    3.81e-09    9.38e-06    2.43e-05    2.00e-06    4.31e-04    1.00e-06        1.59
 122       -78.575463487    3.91e-09    9.25e-06    2.40e-05    9.96e-07    2.19e-04    1.41e-06        1.52
 123       -78.575463482    4.82e-09    9.06e-06    2.37e-05    1.42e-06    3.10e-04    2.00e-06        1.42
 124       -78.575463499   -1.73e-08    8.81e-06    2.31e-05    2.00e-06    4.38e-04    1.00e-06        1.71
 125       -78.575463488    1.14e-08    8.69e-06    2.29e-05    9.99e-07    2.19e-04    1.42e-06        1.41
 126       -78.575463487    8.43e-10    8.51e-06    2.25e-05    1.42e-06    3.11e-04    1.42e-06        1.42
 127       -78.575463492   -5.22e-09    8.32e-06    2.21e-05    1.42e-06    3.11e-04    1.00e-06        1.61
 128       -78.575463470    2.21e-08    8.20e-06    2.19e-05    1.00e-06    2.19e-04    1.41e-06        1.41
 129       -78.575463471   -5.84e-10    8.03e-06    2.16e-05    1.42e-06    3.11e-04    1.00e-06        1.38
 130       -78.575463479   -7.99e-09    7.90e-06    2.13e-05    1.00e-06    2.20e-04    1.00e-06        1.61
 131       -78.575463477    1.63e-09    7.78e-06    2.10e-05    1.00e-06    2.20e-04    1.41e-06        1.40
 132       -78.575463463    1.41e-08    7.61e-06    2.07e-05    1.42e-06    3.11e-04    2.00e-06        1.38
 133       -78.575463471   -8.45e-09    7.36e-06    2.02e-05    2.00e-06    4.40e-04    1.00e-06        1.45
 134       -78.575463447    2.44e-08    7.24e-06    1.99e-05    1.00e-06    2.26e-04    1.41e-06        1.55
 135       -78.575463451   -3.88e-09    7.06e-06    1.95e-05    1.42e-06    3.20e-04    1.00e-06        1.41
 136       -78.575463467   -1.57e-08    6.94e-06    1.92e-05    1.00e-06    2.26e-04    1.00e-06        1.43
 137       -78.575463450    1.65e-08    6.83e-06    1.90e-05    9.99e-07    2.26e-04    1.41e-06        1.41
 138       -78.575463452   -1.65e-09    6.65e-06    1.86e-05    1.42e-06    3.20e-04    1.00e-06        1.56
 139       -78.575463452   -5.75e-10    6.54e-06    1.84e-05    1.00e-06    2.27e-04    1.00e-06        1.43
 140       -78.575463448    4.72e-09    6.42e-06    1.81e-05    9.97e-07    2.27e-04    1.41e-06        1.49
 141       -78.575463462   -1.42e-08    6.25e-06    1.77e-05    1.41e-06    3.21e-04    1.00e-06        1.42
 142       -78.575463436    2.62e-08    6.14e-06    1.75e-05    9.96e-07    2.27e-04    1.41e-06        1.42
 143       -78.575463431    4.51e-09    5.97e-06    1.71e-05    1.41e-06    3.21e-04    2.00e-06        1.50
 144       -78.575463433   -1.71e-09    5.73e-06    1.66e-05    2.00e-06    4.54e-04    1.00e-06        1.56
 145       -78.575463437   -4.32e-09    5.62e-06    1.63e-05    1.00e-06    2.27e-04    1.00e-06        1.43
 146       -78.575463441   -4.36e-09    5.51e-06    1.60e-05    1.00e-06    2.27e-04    1.00e-06        1.56
 147       -78.575463435    6.51e-09    5.40e-06    1.58e-05    1.00e-06    2.27e-04    1.41e-06        1.72
 148       -78.575463433    2.23e-09    5.25e-06    1.54e-05    1.41e-06    3.21e-04    2.00e-06        1.39
 149       -78.575463413    1.94e-08    5.03e-06    1.49e-05    2.00e-06    4.54e-04    2.83e-06        1.53
 150       -78.575463430   -1.67e-08    4.74e-06    1.42e-05    2.83e-06    6.43e-04    1.41e-06        1.54
 151       -78.575463437   -6.97e-09    4.87e-06    1.45e-05    1.41e-06    3.40e-04    2.00e-06        1.64
 152       -78.575463429    7.57e-09    5.08e-06    1.50e-05    2.00e-06    4.81e-04    1.00e-06        1.46
 153       -78.575463451   -2.11e-08    5.18e-06    1.52e-05    1.00e-06    2.53e-04    1.41e-06        1.39
 154       -78.575463434    1.67e-08    5.36e-06    1.56e-05    1.41e-06    3.57e-04    1.00e-06        1.61
 155       -78.575463435   -1.06e-09    5.46e-06    1.58e-05    9.95e-07    2.53e-04    1.00e-06        1.31
 156       -78.575463440   -5.50e-09    5.58e-06    1.61e-05    1.00e-06    2.53e-04    1.41e-06        1.39
 157       -78.575463429    1.17e-08    5.75e-06    1.64e-05    1.41e-06    3.57e-04    1.00e-06        1.61
 158       -78.575463453   -2.38e-08    5.85e-06    1.67e-05    9.99e-07    2.53e-04    1.41e-06        1.38
 159       -78.575463435    1.80e-08    6.04e-06    1.71e-05    1.41e-06    3.57e-04    1.00e-06        1.49
 160       -78.575463446   -1.18e-08    6.16e-06    1.73e-05    9.94e-07    2.53e-04    1.41e-06        1.53
 161       -78.575463456   -9.33e-09    6.32e-06    1.76e-05    1.41e-06    3.57e-04    2.00e-06        1.39
 162       -78.575463444    1.12e-08    6.57e-06    1.81e-05    2.00e-06    5.05e-04    1.00e-06        1.50
 163       -78.575463457   -1.24e-08    6.44e-06    1.79e-05    9.96e-07    2.59e-04    1.00e-06        1.61
 164       -78.575463452    4.34e-09    6.33e-06    1.77e-05    1.00e-06    2.59e-04    1.41e-06        1.38
 165       -78.575463458   -5.65e-09    6.15e-06    1.73e-05    1.42e-06    3.67e-04    1.00e-06        1.37
 166       -78.575463457    1.41e-09    6.03e-06    1.70e-05    1.00e-06    2.60e-04    1.00e-06        1.42
 167       -78.575463453    3.68e-09    5.91e-06    1.68e-05    1.00e-06    2.60e-04    1.41e-06        1.46
 168       -78.575463455   -1.57e-09    5.73e-06    1.64e-05    1.41e-06    3.67e-04    1.00e-06        1.55
 169       -78.575463435    1.95e-08    5.62e-06    1.61e-05    1.00e-06    2.60e-04    1.41e-06        1.42
 170       -78.575463456   -2.12e-08    5.45e-06    1.58e-05    1.41e-06    3.67e-04    1.00e-06        1.47
 171       -78.575463432    2.47e-08    5.33e-06    1.55e-05    9.94e-07    2.60e-04    1.41e-06        1.46
 172       -78.575463441   -9.48e-09    5.17e-06    1.51e-05    1.41e-06    3.68e-04    1.00e-06        1.55
 173       -78.575463431    1.01e-08    5.07e-06    1.49e-05    1.00e-06    2.60e-04    1.41e-06        1.40
 174       -78.575463424    6.92e-09    4.91e-06    1.45e-05    1.42e-06    3.68e-04    2.00e-06        1.53
 175       -78.575463419    5.22e-09    4.70e-06    1.40e-05    2.00e-06    5.20e-04    2.83e-06        1.54
 176       -78.575463425   -6.25e-09    4.99e-06    1.47e-05    2.83e-06    7.52e-04    4.00e-06        1.50
 177       -78.575463432   -6.84e-09    5.43e-06    1.56e-05    4.00e-06    1.13e-03    5.66e-06        1.54
 178       -78.575463469   -3.68e-08    6.08e-06    1.70e-05    5.65e-06    1.65e-03    8.00e-06        1.68
 179       -78.575463429    3.93e-08    5.20e-06    1.51e-05    8.01e-06    2.42e-03    1.13e-05        1.66
 180       -78.575463459   -3.00e-08    6.49e-06    1.78e-05    1.13e-05    3.58e-03    1.60e-05        1.72
 181       -78.575463502   -4.28e-08    8.51e-06    2.17e-05    1.60e-05    5.28e-03    2.26e-05        1.70
 182       -78.575463556   -5.43e-08    1.16e-05    2.72e-05    2.26e-05    7.80e-03    3.20e-05        1.87
 183       -78.575463664   -1.07e-07    1.60e-05    3.50e-05    3.20e-05    1.15e-02    4.53e-05        1.74
 184       -78.575463792   -1.29e-07    2.25e-05    4.62e-05    4.52e-05    1.68e-02    6.40e-05        1.92
 185       -78.575463943   -1.50e-07    3.21e-05    6.79e-05    6.40e-05    2.47e-02    9.05e-05        1.90
 186       -78.575464158   -2.15e-07    4.61e-05    1.01e-04    9.05e-05    3.64e-02    1.28e-04        1.87
 187       -78.575464290   -1.32e-07    6.69e-05    1.51e-04    1.28e-04    5.48e-02    1.81e-04        1.88
 188       -78.575464326   -3.66e-08    7.01e-05    1.61e-04    2.24e-05    1.07e-02    1.81e-04        1.67
 189       -78.575464821   -4.94e-07    8.82e-05    2.14e-04    1.81e-04    1.04e-01    2.56e-04        1.98
 190       -78.575464945   -1.24e-07    7.94e-05    1.91e-04    4.70e-05    6.20e-02    2.56e-04        2.01
 191       -78.575464974   -2.87e-08    6.61e-05    1.52e-04    1.17e-04    2.66e-02    2.56e-04        1.96
 192       -78.575465000   -2.58e-08    5.54e-05    1.19e-04    1.14e-04    2.80e-03    2.56e-04        1.77
 193       -78.575465045   -4.54e-08    3.78e-05    9.83e-05    2.29e-04    6.13e-04    3.62e-04        1.72
 194       -78.575465044    1.30e-09    2.61e-05    6.92e-05    1.73e-04    4.16e-03    8.64e-05        1.77
 195       -78.575465061   -1.76e-08    1.88e-05    4.38e-05    8.64e-05    2.89e-03    1.22e-04        1.76
 196       -78.575465095   -3.42e-08    1.04e-05    2.60e-05    1.22e-04    3.88e-03    1.73e-04        1.68
 197       -78.575465107   -1.12e-08    9.22e-06    2.00e-05    1.73e-04    1.61e-03    2.44e-04        1.77
 198       -78.575465120   -1.38e-08    9.64e-06    2.45e-05    9.04e-05    4.08e-04    2.44e-04        1.69
 199       -78.575465110    1.09e-08    9.74e-06    2.56e-05    1.48e-04    8.52e-04    7.40e-05        1.71
 200       -78.575465133   -2.35e-08    9.94e-06    2.44e-05    7.40e-05    9.83e-04    1.05e-04        1.72
 201       -78.575465133   -2.63e-10    1.09e-05    2.14e-05    1.05e-04    1.64e-03    5.23e-05        1.68
 202       -78.575465138   -4.56e-09    1.18e-05    1.97e-05    5.23e-05    1.24e-03    5.23e-05        1.61
 203       -78.575465163   -2.53e-08    1.28e-05    2.07e-05    5.23e-05    1.67e-03    7.40e-05        1.67
 204       -78.575465178   -1.50e-08    1.47e-05    2.62e-05    7.40e-05    3.16e-03    7.40e-05        1.63
 205       -78.575465189   -1.04e-08    1.67e-05    3.22e-05    7.40e-05    3.96e-03    7.40e-05        1.80
 206       -78.575465250   -6.13e-08    1.90e-05    3.84e-05    7.40e-05    4.92e-03    1.05e-04        1.74
 207       -78.575465288   -3.83e-08    2.24e-05    4.71e-05    1.05e-04    8.45e-03    1.05e-04        1.83
 208       -78.575465368   -7.98e-08    2.60e-05    5.59e-05    1.05e-04    1.03e-02    1.48e-04        1.80
 209       -78.575465443   -7.50e-08    3.12e-05    6.88e-05    1.48e-04    1.76e-02    1.48e-04        1.72
 210       -78.575465598   -1.56e-07    3.67e-05    8.23e-05    1.48e-04    2.21e-02    2.09e-04        1.86
 211       -78.575465761   -1.63e-07    4.48e-05    1.02e-04    2.09e-04    4.05e-02    2.96e-04        1.88
 212       -78.575465981   -2.20e-07    5.75e-05    1.34e-04    2.96e-04    1.00e-01    4.19e-04        1.92
 213       -78.575466028   -4.61e-08    4.79e-05    1.12e-04    2.79e-04    1.39e-02    4.19e-04        1.90
 214       -78.575466127   -9.94e-08    3.38e-05    7.95e-05    4.19e-04    4.81e-03    5.92e-04        1.73
 215       -78.575466216   -8.91e-08    1.34e-05    3.10e-05    5.92e-04    1.01e-02    8.37e-04        1.76
 216       -78.575466253   -3.72e-08    9.57e-07    1.72e-06    3.67e-04    1.03e-02    8.37e-04        1.84
 217       -78.575466220    3.29e-08    3.71e-07    6.71e-07    1.65e-05    1.94e-03    8.27e-06        1.56
 218       -78.575466243   -2.25e-08    1.24e-07    2.70e-07    8.27e-06    3.13e-04    1.17e-05        1.57
 219       -78.575466257   -1.46e-08    7.85e-08    1.82e-07    3.19e-06    2.31e-04    1.17e-05        1.46
 220       -78.575466247    1.05e-08    2.02e-07    3.77e-07    6.74e-06    1.53e-03    3.37e-06        1.71
 221       -78.575466240    6.59e-09    9.85e-08    1.84e-07    3.37e-06    2.87e-04    1.68e-06        1.40
 222       -78.575466244   -4.16e-09    4.30e-08    7.73e-08    1.68e-06    3.57e-05    2.38e-06        1.33
 Geometry optimization stopped:          thresholds achieved

 Final energy:                         -78.575466244

 -----------
  Final XYZ 
 -----------
6
Final structure: -78.5755 hartree
C           -0.647309443         -0.140082511          0.000104865
C            0.647240309          0.140076959         -0.000070724
H           -1.203577301         -0.259924435         -0.920305218
H           -1.203143620         -0.260777912          0.920665382
H            1.203073614          0.260772284         -0.920631719
H            1.203508750          0.259919014          0.920339013

 Structure in entos input format:

  structure(
    xyz = [
      ['C'  ,         -0.647309443,         -0.140082511,          0.000104865],
      ['C'  ,          0.647240309,          0.140076959,         -0.000070724],
      ['H'  ,         -1.203577301,         -0.259924435,         -0.920305218],
      ['H'  ,         -1.203143620,         -0.260777912,          0.920665382],
      ['H'  ,          1.203073614,          0.260772284,         -0.920631719],
      ['H'  ,          1.203508750,          0.259919014,          0.920339013]
    ]
  )

 --------------------------------
  Geometry optimization finished 
 --------------------------------
 Saving results in set 'opt'

 --------------------------------------------------------------------------------
                                 command: hessian                                
 --------------------------------------------------------------------------------

WARNING: semianalytic method is specified for dft hessian, which is not efficient. Try switching to 'method = analytic'


 -------------------------------
  Numerical Geometrical Hessian 
 -------------------------------

 Compute hessian using two-point central differentiation.
 Step size (bohr):                       0.0100

 Frequencies (including translational and rotational modes):
 mode    frequency (cm-1)
    0                0.04 i (imaginary)
    1                0.03 i (imaginary)
    2                0.02 i (imaginary)
    3               18.98
    4               19.23
    5               44.01
    6              836.90
    7              979.53
    8              987.05
    9             1064.45
   10             1247.65
   11             1381.22
   12             1479.85
   13             1688.03
   14             3124.11
   15             3136.79
   16             3193.18
   17             3221.02

 Project out translational and rotational motions 

 Degrees of freedom for translational and rotational motions: 6

 Vibrational frequencies:
 mode    frequency (cm-1)
    0              836.90
    1              979.53
    2              987.05
    3             1064.45
    4             1247.65
    5             1381.22
    6             1479.85
    7             1688.03
    8             3124.11
    9             3136.79
   10             3193.18
   11             3221.02

 --------------------------------------------------------------------------------

 End time:                               Thu Apr 29 12:05:38 2021
 Total wall-clock time:                412.935 seconds
==================================================================================
