
================================================================================
          _____________ ________ _______________ ________     _________         
         / ___________// ______ \\_____   _____// ______ \   / ________)        
        / /_________  / /      \ \     | |     / /      \ \ | (_______          
       |  __________|| |        | |    | |    | |        | | \________ \        
        \ \_________ | |        | |    | |     \ \______/ /___________) |       
         \__________||_|        |_|    |_|      \________//____________/        
                                                                                
====================================[ Qcore ]===================================

 Git hash:   15a3e7daff0cda5fa9af010ccd19a80288182ecf
 Git date:   Fri, 16 Apr 2021 15:57:16 +0100
 Compiler:   GNU 9.1.0
 Build type: Release
 Version:    1.1.0

 Start time: Thu Apr 29 11:58:49 2021

 Data directory: /work/zw18965/.local/qcore/share/entos/1.1.0/data
 Number of threads: 24
 Number of threads was determined by: command line argument

 --------------------------------------------------------------------------------
                                command: optimize                                
 --------------------------------------------------------------------------------
 Using coordinate system:                tric
 Hessian update scheme:                  bfgs

 ------------------------------------------------------------------------------------------------------------
                   energy      change    grad rms    grad max    step rms    step max       trust    time (s)
 ------------------------------------------------------------------------------------------------------------
   1      -188.595051642                2.02e-02    4.27e-02                            2.00e-01        1.60
   2      -188.596520884   -1.47e-03    9.85e-04    2.09e-03    2.73e-02    3.34e-02    2.00e-01        1.09
   3      -188.596524692   -3.81e-06    6.23e-05    1.32e-04    1.40e-03    1.72e-03    2.00e-01        0.95
   4      -188.596524703   -1.03e-08    2.20e-07    5.28e-07    9.47e-05    1.16e-04    2.00e-01        0.98
   5      -188.596524708   -5.11e-09    4.02e-08    9.47e-08    3.21e-07    4.58e-07    2.00e-01        0.81
 Geometry optimization stopped:          thresholds achieved

 Final energy:                        -188.596524708

 -----------
  Final XYZ 
 -----------
3
Final structure: -188.597 hartree
O           -1.159092010          0.000000024         -0.000000022
O            1.159091997          0.000000026         -0.000000011
C            0.000000013         -0.000000050          0.000000032

 Structure in entos input format:

  structure(
    xyz = [
      ['O'  ,         -1.159092010,          0.000000024,         -0.000000022],
      ['O'  ,          1.159091997,          0.000000026,         -0.000000011],
      ['C'  ,          0.000000013,         -0.000000050,          0.000000032]
    ]
  )

 --------------------------------
  Geometry optimization finished 
 --------------------------------
 Saving results in set 'opt'

 --------------------------------------------------------------------------------
                                 command: hessian                                
 --------------------------------------------------------------------------------

WARNING: semianalytic method is specified for dft hessian, which is not efficient. Try switching to 'method = analytic'


 -------------------------------
  Numerical Geometrical Hessian 
 -------------------------------

 Compute hessian using two-point central differentiation.
 Step size (bohr):                       0.0100

 Frequencies (including translational and rotational modes):
 mode    frequency (cm-1)
    0               12.37 i (imaginary)
    1               12.37 i (imaginary)
    2                0.01 i (imaginary)
    3                0.00
    4                0.01
    5              674.33
    6              674.33
    7             1370.23
    8             2402.13

 Project out translational and rotational motions 

 Degrees of freedom for translational and rotational motions: 6

 Vibrational frequencies:
 mode    frequency (cm-1)
    0              674.33
    1             1370.23
    2             2402.13

 --------------------------------------------------------------------------------

 End time:                               Thu Apr 29 11:59:16 2021
 Total wall-clock time:                 26.924 seconds
==================================================================================
