
================================================================================
          _____________ ________ _______________ ________     _________         
         / ___________// ______ \\_____   _____// ______ \   / ________)        
        / /_________  / /      \ \     | |     / /      \ \ | (_______          
       |  __________|| |        | |    | |    | |        | | \________ \        
        \ \_________ | |        | |    | |     \ \______/ /___________) |       
         \__________||_|        |_|    |_|      \________//____________/        
                                                                                
====================================[ Qcore ]===================================

 Git hash:   15a3e7daff0cda5fa9af010ccd19a80288182ecf
 Git date:   Fri, 16 Apr 2021 15:57:16 +0100
 Compiler:   GNU 9.1.0
 Build type: Release
 Version:    1.1.0

 Start time: Thu Apr 29 12:01:11 2021

 Data directory: /work/zw18965/.local/qcore/share/entos/1.1.0/data
 Number of threads: 24
 Number of threads was determined by: command line argument

 --------------------------------------------------------------------------------
                                command: optimize                                
 --------------------------------------------------------------------------------
 Using coordinate system:                tric
 Hessian update scheme:                  bfgs

 ------------------------------------------------------------------------------------------------------------
                   energy      change    grad rms    grad max    step rms    step max       trust    time (s)
 ------------------------------------------------------------------------------------------------------------
   1      -113.315727514                6.08e-04    1.05e-03                            2.00e-01        0.91
   2      -113.315727943   -4.29e-07    1.50e-05    2.59e-05    4.05e-04    8.09e-04    2.00e-01        0.39
Rejecting step due to low quality: Quality: -9.29922 New trust radius: 5.1089e-06
   3      -113.315727941    2.46e-09    1.50e-05    2.59e-05    1.02e-05    2.04e-05    5.11e-06        0.41
   4      -113.315727953   -1.00e-08    7.52e-06    1.30e-05    5.11e-06    1.02e-05    7.23e-06        0.39
 Geometry optimization stopped:          thresholds achieved

 Final energy:                        -113.315727953

 -----------
  Final XYZ 
 -----------
2
Final structure: -113.316 hartree
O            0.562025728         -0.000000022          0.000000003
C           -0.562025728          0.000000022         -0.000000003

 Structure in entos input format:

  structure(
    xyz = [
      ['O'  ,          0.562025728,         -0.000000022,          0.000000003],
      ['C'  ,         -0.562025728,          0.000000022,         -0.000000003]
    ]
  )

 --------------------------------
  Geometry optimization finished 
 --------------------------------
 Saving results in set 'opt'

 --------------------------------------------------------------------------------
                                 command: hessian                                
 --------------------------------------------------------------------------------

WARNING: semianalytic method is specified for dft hessian, which is not efficient. Try switching to 'method = analytic'


 -------------------------------
  Numerical Geometrical Hessian 
 -------------------------------

 Compute hessian using two-point central differentiation.
 Step size (bohr):                       0.0100

 Frequencies (including translational and rotational modes):
 mode    frequency (cm-1)
    0               17.28 i (imaginary)
    1               17.27 i (imaginary)
    2                0.00 i (imaginary)
    3                0.00 i (imaginary)
    4                0.01
    5             2212.38

 Project out translational and rotational motions 

 The molecule is linear

 Degrees of freedom for translational and rotational motions: 5

 Vibrational frequencies:
 mode    frequency (cm-1)
    0             2212.38

 --------------------------------------------------------------------------------

 End time:                               Thu Apr 29 12:01:20 2021
 Total wall-clock time:                  8.419 seconds
==================================================================================
