
================================================================================
          _____________ ________ _______________ ________     _________         
         / ___________// ______ \\_____   _____// ______ \   / ________)        
        / /_________  / /      \ \     | |     / /      \ \ | (_______          
       |  __________|| |        | |    | |    | |        | | \________ \        
        \ \_________ | |        | |    | |     \ \______/ /___________) |       
         \__________||_|        |_|    |_|      \________//____________/        
                                                                                
====================================[ Qcore ]===================================

 Git hash:   15a3e7daff0cda5fa9af010ccd19a80288182ecf
 Git date:   Fri, 16 Apr 2021 15:57:16 +0100
 Compiler:   GNU 9.1.0
 Build type: Release
 Version:    1.1.0

 Start time: Thu Apr 29 11:59:21 2021

 Data directory: /work/zw18965/.local/qcore/share/entos/1.1.0/data
 Number of threads: 24
 Number of threads was determined by: command line argument

 --------------------------------------------------------------------------------
                                command: optimize                                
 --------------------------------------------------------------------------------
 Using coordinate system:                tric
 Hessian update scheme:                  bfgs

 ------------------------------------------------------------------------------------------------------------
                   energy      change    grad rms    grad max    step rms    step max       trust    time (s)
 ------------------------------------------------------------------------------------------------------------
   1      -114.502945550                5.21e-03    1.46e-02                            2.00e-01        1.77
   2      -114.503147316   -2.02e-04    2.17e-03    6.37e-03    1.42e-02    2.51e-02    2.00e-01        1.11
   3      -114.503199763   -5.24e-05    2.23e-04    4.94e-04    1.17e-02    2.15e-02    2.00e-01        1.11
   4      -114.503200358   -5.95e-07    6.47e-05    1.22e-04    7.49e-04    1.16e-03    2.00e-01        0.97
   5      -114.503200414   -5.59e-08    6.38e-06    1.37e-05    2.67e-04    4.20e-04    2.00e-01        0.92
   6      -114.503200417   -2.69e-09    1.42e-06    3.76e-06    3.97e-05    5.27e-05    2.00e-01        0.88
 Geometry optimization stopped:          thresholds achieved

 Final energy:                        -114.503200417

 -----------
  Final XYZ 
 -----------
4
Final structure: -114.503 hartree
C           -0.006839896          0.000884591          0.000438194
O            1.179106955         -0.156250350         -0.075535910
H           -0.480402395          0.982949407         -0.184686133
H           -0.691873052         -0.827650874          0.259791797

 Structure in entos input format:

  structure(
    xyz = [
      ['C'  ,         -0.006839896,          0.000884591,          0.000438194],
      ['O'  ,          1.179106955,         -0.156250350,         -0.075535910],
      ['H'  ,         -0.480402395,          0.982949407,         -0.184686133],
      ['H'  ,         -0.691873052,         -0.827650874,          0.259791797]
    ]
  )

 --------------------------------
  Geometry optimization finished 
 --------------------------------
 Saving results in set 'opt'

 --------------------------------------------------------------------------------
                                 command: hessian                                
 --------------------------------------------------------------------------------

WARNING: semianalytic method is specified for dft hessian, which is not efficient. Try switching to 'method = analytic'


 -------------------------------
  Numerical Geometrical Hessian 
 -------------------------------

 Compute hessian using two-point central differentiation.
 Step size (bohr):                       0.0100

 Frequencies (including translational and rotational modes):
 mode    frequency (cm-1)
    0               10.19 i (imaginary)
    1                0.76 i (imaginary)
    2                0.09 i (imaginary)
    3                0.30
    4                4.96
    5               17.83
    6             1199.07
    7             1265.70
    8             1531.61
    9             1813.03
   10             2877.69
   11             2933.54

 Project out translational and rotational motions 

 Degrees of freedom for translational and rotational motions: 6

 Vibrational frequencies:
 mode    frequency (cm-1)
    0             1199.07
    1             1265.70
    2             1531.61
    3             1813.03
    4             2877.69
    5             2933.54

 --------------------------------------------------------------------------------

 End time:                               Thu Apr 29 11:59:55 2021
 Total wall-clock time:                 34.398 seconds
==================================================================================
