
================================================================================
          _____________ ________ _______________ ________     _________         
         / ___________// ______ \\_____   _____// ______ \   / ________)        
        / /_________  / /      \ \     | |     / /      \ \ | (_______          
       |  __________|| |        | |    | |    | |        | | \________ \        
        \ \_________ | |        | |    | |     \ \______/ /___________) |       
         \__________||_|        |_|    |_|      \________//____________/        
                                                                                
====================================[ Qcore ]===================================

 Git hash:   15a3e7daff0cda5fa9af010ccd19a80288182ecf
 Git date:   Fri, 16 Apr 2021 15:57:16 +0100
 Compiler:   GNU 9.1.0
 Build type: Release
 Version:    1.1.0

 Start time: Thu Apr 29 11:59:38 2021

 Data directory: /work/zw18965/.local/qcore/share/entos/1.1.0/data
 Number of threads: 24
 Number of threads was determined by: command line argument

 --------------------------------------------------------------------------------
                                command: optimize                                
 --------------------------------------------------------------------------------
 Using coordinate system:                tric
 Hessian update scheme:                  bfgs

 ------------------------------------------------------------------------------------------------------------
                   energy      change    grad rms    grad max    step rms    step max       trust    time (s)
 ------------------------------------------------------------------------------------------------------------
   1       -93.418787062                1.36e-03    3.27e-03                            2.00e-01        1.34
   2       -93.418792552   -5.49e-06    1.81e-04    4.07e-04    1.82e-03    2.58e-03    2.00e-01        0.72
   3       -93.418792695   -1.43e-07    4.78e-05    1.17e-04    3.44e-04    7.26e-04    2.00e-01        0.63
   4       -93.418792707   -1.14e-08    1.72e-06    3.67e-06    7.33e-05    1.69e-04    2.00e-01        0.60
   5       -93.418792709   -2.03e-09    1.30e-06    3.18e-06    3.81e-06    7.65e-06    2.00e-01        0.54
 Geometry optimization stopped:          thresholds achieved

 Final energy:                         -93.418792709

 -----------
  Final XYZ 
 -----------
3
Final structure: -93.4188 hartree
C           -0.026552543         -0.000005018          0.000000037
N            1.118802983         -0.000596315          0.000000024
H           -1.092250441          0.000601338         -0.000000061

 Structure in entos input format:

  structure(
    xyz = [
      ['C'  ,         -0.026552543,         -0.000005018,          0.000000037],
      ['N'  ,          1.118802983,         -0.000596315,          0.000000024],
      ['H'  ,         -1.092250441,          0.000601338,         -0.000000061]
    ]
  )

 --------------------------------
  Geometry optimization finished 
 --------------------------------
 Saving results in set 'opt'

 --------------------------------------------------------------------------------
                                 command: hessian                                
 --------------------------------------------------------------------------------

WARNING: semianalytic method is specified for dft hessian, which is not efficient. Try switching to 'method = analytic'


 -------------------------------
  Numerical Geometrical Hessian 
 -------------------------------

 Compute hessian using two-point central differentiation.
 Step size (bohr):                       0.0100

 Frequencies (including translational and rotational modes):
 mode    frequency (cm-1)
    0                1.67 i (imaginary)
    1                1.05 i (imaginary)
    2                0.00 i (imaginary)
    3                2.41
    4                3.23
    5              756.11
    6              756.11
    7             2199.73
    8             3438.99

 Project out translational and rotational motions 

 Degrees of freedom for translational and rotational motions: 6

 Vibrational frequencies:
 mode    frequency (cm-1)
    0              756.11
    1             2199.73
    2             3438.99

 --------------------------------------------------------------------------------

 End time:                               Thu Apr 29 11:59:56 2021
 Total wall-clock time:                 17.459 seconds
==================================================================================
