
================================================================================
          _____________ ________ _______________ ________     _________         
         / ___________// ______ \\_____   _____// ______ \   / ________)        
        / /_________  / /      \ \     | |     / /      \ \ | (_______          
       |  __________|| |        | |    | |    | |        | | \________ \        
        \ \_________ | |        | |    | |     \ \______/ /___________) |       
         \__________||_|        |_|    |_|      \________//____________/        
                                                                                
====================================[ Qcore ]===================================

 Git hash:   15a3e7daff0cda5fa9af010ccd19a80288182ecf
 Git date:   Fri, 16 Apr 2021 15:57:16 +0100
 Compiler:   GNU 9.1.0
 Build type: Release
 Version:    1.1.0

 Start time: Thu Apr 29 11:59:40 2021

 Data directory: /work/zw18965/.local/qcore/share/entos/1.1.0/data
 Number of threads: 24
 Number of threads was determined by: command line argument

 --------------------------------------------------------------------------------
                                command: optimize                                
 --------------------------------------------------------------------------------
 Using coordinate system:                tric
 Hessian update scheme:                  bfgs

 ------------------------------------------------------------------------------------------------------------
                   energy      change    grad rms    grad max    step rms    step max       trust    time (s)
 ------------------------------------------------------------------------------------------------------------
   1      -100.460697323                2.93e-03    5.08e-03                            2.00e-01        0.63
   2      -100.460717837   -2.05e-05    7.43e-04    1.29e-03    3.22e-03    6.43e-03    2.00e-01        0.28
   3      -100.460719222   -1.38e-06    1.24e-05    2.15e-05    1.09e-03    2.18e-03    2.00e-01        0.29
   4      -100.460719228   -5.91e-09    8.19e-08    1.42e-07    1.79e-05    3.59e-05    2.00e-01        0.27
 Geometry optimization stopped:          thresholds achieved

 Final energy:                        -100.460719228

 -----------
  Final XYZ 
 -----------
2
Final structure: -100.461 hartree
F            0.461193515         -0.000000003          0.000000001
H           -0.461193515          0.000000003         -0.000000001

 Structure in entos input format:

  structure(
    xyz = [
      ['F'  ,          0.461193515,         -0.000000003,          0.000000001],
      ['H'  ,         -0.461193515,          0.000000003,         -0.000000001]
    ]
  )

 --------------------------------
  Geometry optimization finished 
 --------------------------------
 Saving results in set 'opt'

 --------------------------------------------------------------------------------
                                 command: hessian                                
 --------------------------------------------------------------------------------

WARNING: semianalytic method is specified for dft hessian, which is not efficient. Try switching to 'method = analytic'


 -------------------------------
  Numerical Geometrical Hessian 
 -------------------------------

 Compute hessian using two-point central differentiation.
 Step size (bohr):                       0.0100

 Frequencies (including translational and rotational modes):
 mode    frequency (cm-1)
    0                0.00 i (imaginary)
    1                0.00 i (imaginary)
    2                0.00
    3               16.58
    4               16.60
    5             4075.64

 Project out translational and rotational motions 

 The molecule is linear

 Degrees of freedom for translational and rotational motions: 5

 Vibrational frequencies:
 mode    frequency (cm-1)
    0             4075.64

 --------------------------------------------------------------------------------

 End time:                               Thu Apr 29 11:59:45 2021
 Total wall-clock time:                  5.471 seconds
==================================================================================
