
================================================================================
          _____________ ________ _______________ ________     _________         
         / ___________// ______ \\_____   _____// ______ \   / ________)        
        / /_________  / /      \ \     | |     / /      \ \ | (_______          
       |  __________|| |        | |    | |    | |        | | \________ \        
        \ \_________ | |        | |    | |     \ \______/ /___________) |       
         \__________||_|        |_|    |_|      \________//____________/        
                                                                                
====================================[ Qcore ]===================================

 Git hash:   15a3e7daff0cda5fa9af010ccd19a80288182ecf
 Git date:   Fri, 16 Apr 2021 15:57:16 +0100
 Compiler:   GNU 9.1.0
 Build type: Release
 Version:    1.1.0

 Start time: Thu Apr 29 12:00:05 2021

 Data directory: /work/zw18965/.local/qcore/share/entos/1.1.0/data
 Number of threads: 24
 Number of threads was determined by: command line argument

 --------------------------------------------------------------------------------
                                command: optimize                                
 --------------------------------------------------------------------------------
 Using coordinate system:                tric
 Hessian update scheme:                  bfgs

 ------------------------------------------------------------------------------------------------------------
                   energy      change    grad rms    grad max    step rms    step max       trust    time (s)
 ------------------------------------------------------------------------------------------------------------
   1      -548.623066874                2.12e-03    3.54e-03                            2.00e-01        1.87
   2      -548.623081804   -1.49e-05    1.15e-03    1.96e-03    2.02e-03    2.58e-03    2.00e-01        1.09
   3      -548.623087856   -6.05e-06    2.90e-05    5.85e-05    2.32e-03    3.03e-03    2.00e-01        1.18
   4      -548.623087864   -8.00e-09    2.43e-05    5.74e-05    6.87e-05    8.29e-05    2.00e-01        0.95
   5      -548.623087882   -1.87e-08    6.91e-06    1.32e-05    1.71e-04    3.11e-04    2.00e-01        1.08
   6      -548.623087899   -1.67e-08    2.03e-06    4.15e-06    1.95e-05    1.35e-04    2.00e-01        1.05
Rejecting step due to low quality: Quality: -16.683 New trust radius: 1.01204e-05
   7      -548.623087886    1.27e-08    2.03e-06    4.15e-06    2.02e-05    3.40e-04    1.01e-05        1.08
   8      -548.623087877    2.22e-08    4.39e-06    1.05e-05    1.01e-05    1.70e-04    5.06e-06        1.04
   9      -548.623087885   -7.73e-09    6.32e-06    1.50e-05    5.06e-06    1.37e-04    7.16e-06        1.00
  10      -548.623087900   -1.50e-08    9.07e-06    2.12e-05    7.16e-06    2.53e-04    1.01e-05        1.01
  11      -548.623087894    5.68e-09    1.30e-05    2.99e-05    1.01e-05    4.11e-04    5.06e-06        0.99
  12      -548.623087896   -2.52e-09    1.50e-05    3.42e-05    5.06e-06    2.26e-04    7.16e-06        0.97
  13      -548.623087887    9.63e-09    1.26e-05    2.87e-05    7.16e-06    3.23e-04    1.01e-05        1.03
  14      -548.623087884    2.45e-09    8.99e-06    2.08e-05    1.01e-05    5.46e-04    1.43e-05        1.01
  15      -548.623087888   -3.55e-09    3.79e-06    8.98e-06    1.43e-05    9.60e-04    7.16e-06        0.99
  16      -548.623087880    8.00e-09    1.71e-06    3.39e-06    7.16e-06    6.05e-04    1.01e-05        1.03
  17      -548.623087869    1.10e-08    2.86e-06    5.25e-06    1.01e-05    1.06e-03    1.43e-05        0.98
  18      -548.623087863    5.87e-09    6.68e-06    1.38e-05    1.43e-05    1.97e-03    2.02e-05        1.08
  19      -548.623087865   -1.74e-09    7.01e-06    1.50e-05    3.64e-06    1.40e-03    1.82e-06        1.06
  20      -548.623087884   -1.93e-08    6.24e-06    1.33e-05    1.82e-06    3.99e-05    2.57e-06        0.94
 Geometry optimization stopped:          thresholds achieved

 Final energy:                        -548.623087884

 -----------
  Final XYZ 
 -----------
3
Final structure: -548.623 hartree
S            0.000019035          0.485431648         -0.000001319
O            1.236829388         -0.242763511         -0.000023861
O           -1.236848425         -0.242668147          0.000025179

 Structure in entos input format:

  structure(
    xyz = [
      ['S'  ,          0.000019035,          0.485431648,         -0.000001319],
      ['O'  ,          1.236829388,         -0.242763511,         -0.000023861],
      ['O'  ,         -1.236848425,         -0.242668147,          0.000025179]
    ]
  )

 --------------------------------
  Geometry optimization finished 
 --------------------------------
 Saving results in set 'opt'

 --------------------------------------------------------------------------------
                                 command: hessian                                
 --------------------------------------------------------------------------------

WARNING: semianalytic method is specified for dft hessian, which is not efficient. Try switching to 'method = analytic'


 -------------------------------
  Numerical Geometrical Hessian 
 -------------------------------

 Compute hessian using two-point central differentiation.
 Step size (bohr):                       0.0100

 Frequencies (including translational and rotational modes):
 mode    frequency (cm-1)
    0               21.59 i (imaginary)
    1                0.01 i (imaginary)
    2                0.01 i (imaginary)
    3                0.05
    4               39.55
    5               61.35
    6              522.28
    7             1180.25
    8             1377.46

 Project out translational and rotational motions 

 Degrees of freedom for translational and rotational motions: 6

 Vibrational frequencies:
 mode    frequency (cm-1)
    0              522.28
    1             1180.25
    2             1377.46

 --------------------------------------------------------------------------------

 End time:                               Thu Apr 29 12:00:49 2021
 Total wall-clock time:                 43.974 seconds
==================================================================================
