
================================================================================
          _____________ ________ _______________ ________     _________         
         / ___________// ______ \\_____   _____// ______ \   / ________)        
        / /_________  / /      \ \     | |     / /      \ \ | (_______          
       |  __________|| |        | |    | |    | |        | | \________ \        
        \ \_________ | |        | |    | |     \ \______/ /___________) |       
         \__________||_|        |_|    |_|      \________//____________/        
                                                                                
====================================[ Qcore ]===================================

 Git hash:   15a3e7daff0cda5fa9af010ccd19a80288182ecf
 Git date:   Fri, 16 Apr 2021 15:57:16 +0100
 Compiler:   GNU 9.1.0
 Build type: Release
 Version:    1.1.0

 Start time: Thu Apr 29 12:00:12 2021

 Data directory: /work/zw18965/.local/qcore/share/entos/1.1.0/data
 Number of threads: 24
 Number of threads was determined by: command line argument

 --------------------------------------------------------------------------------
                                command: optimize                                
 --------------------------------------------------------------------------------
 Using coordinate system:                tric
 Hessian update scheme:                  bfgs

 ------------------------------------------------------------------------------------------------------------
                   energy      change    grad rms    grad max    step rms    step max       trust    time (s)
 ------------------------------------------------------------------------------------------------------------
   1      -796.329625436                1.35e-03    2.34e-03                            2.00e-01        1.41
   2      -796.329634083   -8.65e-06    1.02e-04    1.77e-04    3.45e-03    6.90e-03    2.00e-01        0.86
   3      -796.329634123   -3.94e-08    6.93e-07    1.20e-06    2.83e-04    5.67e-04    2.00e-01        0.79
Rejecting step due to low quality: Quality: -4761.12 New trust radius: 1e-06
   4      -796.329634112    1.13e-08    6.93e-07    1.20e-06    1.93e-06    3.86e-06    1.00e-06        0.78
 Geometry optimization stopped:          thresholds achieved

 Final energy:                        -796.329634112

 -----------
  Final XYZ 
 -----------
2
Final structure: -796.33 hartree
S           -0.000000000         -0.000000000         -0.001976743
S            0.000000000          0.000000000          1.898861332

 Structure in entos input format:

  structure(
    xyz = [
      ['S'  ,         -0.000000000,         -0.000000000,         -0.001976743],
      ['S'  ,          0.000000000,          0.000000000,          1.898861332]
    ]
  )

 --------------------------------
  Geometry optimization finished 
 --------------------------------
 Saving results in set 'opt'

 --------------------------------------------------------------------------------
                                 command: hessian                                
 --------------------------------------------------------------------------------

WARNING: semianalytic method is specified for dft hessian, which is not efficient. Try switching to 'method = analytic'


 -------------------------------
  Numerical Geometrical Hessian 
 -------------------------------

 Compute hessian using two-point central differentiation.
 Step size (bohr):                       0.0100

 Frequencies (including translational and rotational modes):
 mode    frequency (cm-1)
    0                0.02 i (imaginary)
    1                0.01 i (imaginary)
    2                0.02
    3               10.83
    4               10.88
    5              714.56

 Project out translational and rotational motions 

 The molecule is linear

 Degrees of freedom for translational and rotational motions: 5

 Vibrational frequencies:
 mode    frequency (cm-1)
    0              714.56

 --------------------------------------------------------------------------------

 End time:                               Thu Apr 29 12:00:28 2021
 Total wall-clock time:                 16.076 seconds
==================================================================================
