
================================================================================
          _____________ ________ _______________ ________     _________         
         / ___________// ______ \\_____   _____// ______ \   / ________)        
        / /_________  / /      \ \     | |     / /      \ \ | (_______          
       |  __________|| |        | |    | |    | |        | | \________ \        
        \ \_________ | |        | |    | |     \ \______/ /___________) |       
         \__________||_|        |_|    |_|      \________//____________/        
                                                                                
====================================[ Qcore ]===================================

 Git hash:   bfa4c3a672cc1ff01df8911b87991f8932a2a687
 Git date:   Fri, 12 Feb 2021 10:05:04 +0000
 Compiler:   GNU 9.1.0
 Build type: Release
 Version:    0.8.19

 Start time: Fri Apr 16 16:34:44 2021

 Data directory: /home/zw18965/.local/qcore/share/entos/0.8.19/data
 Number of threads: 24
 Number of threads was determined by: command line argument

 --------------------------------------------------------------------------------
                                command: optimize                                
 --------------------------------------------------------------------------------
 Using coordinate system:                tric
 Hessian update scheme:                  bfgs

 ------------------------------------------------------------------------------------------------------------
                   energy      change    grad rms    grad max    step rms    step max       trust    time (s)
 ------------------------------------------------------------------------------------------------------------
   1      -552.821473399                5.65e-03    1.31e-02                            2.00e-01        1.62
   2      -552.821528943   -5.55e-05    1.46e-03    3.00e-03    3.13e-03    6.91e-03    2.00e-01        1.06
   3      -552.821540377   -1.14e-05    5.31e-04    1.11e-03    2.44e-03    5.57e-03    2.00e-01        0.99
   4      -552.821542624   -2.25e-06    1.49e-04    3.19e-04    1.60e-03    3.07e-03    2.00e-01        0.94
   5      -552.821542670   -4.61e-08    2.03e-05    4.58e-05    1.48e-04    2.36e-04    2.00e-01        0.90
 Geometry optimization stopped:          thresholds achieved

 Final energy:                        -552.821542670

 -----------
  Final XYZ 
 -----------
3
Final structure: -552.822 hartree
Cl           1.400401670         -0.803307889          0.000001077
C           -0.149483364         -0.330376136         -0.000002635
N           -1.250918301          0.005746790          0.000001558

 Structure in entos input format:

  structure(
    xyz = [
      ['Cl' ,          1.400401670,         -0.803307889,          0.000001077],
      ['C'  ,         -0.149483364,         -0.330376136,         -0.000002635],
      ['N'  ,         -1.250918301,          0.005746790,          0.000001558]
    ]
  )

 --------------------------------
  Geometry optimization finished 
 --------------------------------
 Saving results in set 'opt'

 --------------------------------------------------------------------------------
                                 command: hessian                                
 --------------------------------------------------------------------------------

WARNING: semianalytic method is specified for dft hessian, which is not efficient. Try switching to 'method = analytic'


 -------------------------------
  Numerical Geometrical Hessian 
 -------------------------------

 Compute hessian using two-point central differentiation.
 Step size (bohr):                       0.0100

 Frequencies (including translational and rotational modes):
 mode    frequency (cm-1)
    0                2.64 i (imaginary)
    1                0.08 i (imaginary)
    2                0.02
    3                0.19
    4                7.81
    5              412.37
    6              412.81
    7              770.89
    8             2336.35

 Project out translational and rotational motions 

 Degrees of freedom for translational and rotational motions: 6

 Vibrational frequencies:
 mode    frequency (cm-1)
    0              412.39
    1              770.89
    2             2336.35

 --------------------------------------------------------------------------------

 End time:                               Fri Apr 16 16:35:10 2021
 Total wall-clock time:                 25.537 seconds
==================================================================================
