
================================================================================
          _____________ ________ _______________ ________     _________         
         / ___________// ______ \\_____   _____// ______ \   / ________)        
        / /_________  / /      \ \     | |     / /      \ \ | (_______          
       |  __________|| |        | |    | |    | |        | | \________ \        
        \ \_________ | |        | |    | |     \ \______/ /___________) |       
         \__________||_|        |_|    |_|      \________//____________/        
                                                                                
====================================[ Qcore ]===================================

 Git hash:   bfa4c3a672cc1ff01df8911b87991f8932a2a687
 Git date:   Fri, 12 Feb 2021 10:05:04 +0000
 Compiler:   GNU 9.1.0
 Build type: Release
 Version:    0.8.19

 Start time: Fri Apr 16 16:35:19 2021

 Data directory: /home/zw18965/.local/qcore/share/entos/0.8.19/data
 Number of threads: 24
 Number of threads was determined by: command line argument

 --------------------------------------------------------------------------------
                                command: optimize                                
 --------------------------------------------------------------------------------
 Using coordinate system:                tric
 Hessian update scheme:                  bfgs

 ------------------------------------------------------------------------------------------------------------
                   energy      change    grad rms    grad max    step rms    step max       trust    time (s)
 ------------------------------------------------------------------------------------------------------------
   1      -188.473303900                1.72e-02    3.64e-02                            2.00e-01        1.16
   2      -188.474354004   -1.05e-03    5.13e-04    1.09e-03    2.32e-02    2.85e-02    2.00e-01        0.77
   3      -188.474355008   -1.00e-06    2.70e-05    5.75e-05    7.16e-04    8.77e-04    2.00e-01        0.74
   4      -188.474355011   -2.78e-09    1.46e-07    3.14e-07    3.98e-05    4.88e-05    2.00e-01        0.72
 Geometry optimization stopped:          thresholds achieved

 Final energy:                        -188.474355011

 -----------
  Final XYZ 
 -----------
3
Final structure: -188.474 hartree
O           -1.156000734          0.000000033          0.000000001
O            1.156000680         -0.000000036         -0.000000001
C            0.000000054          0.000000004         -0.000000000

 Structure in entos input format:

  structure(
    xyz = [
      ['O'  ,         -1.156000734,          0.000000033,          0.000000001],
      ['O'  ,          1.156000680,         -0.000000036,         -0.000000001],
      ['C'  ,          0.000000054,          0.000000004,         -0.000000000]
    ]
  )

 --------------------------------
  Geometry optimization finished 
 --------------------------------
 Saving results in set 'opt'

 --------------------------------------------------------------------------------
                                 command: hessian                                
 --------------------------------------------------------------------------------

WARNING: semianalytic method is specified for dft hessian, which is not efficient. Try switching to 'method = analytic'


 -------------------------------
  Numerical Geometrical Hessian 
 -------------------------------

 Compute hessian using two-point central differentiation.
 Step size (bohr):                       0.0100

 Frequencies (including translational and rotational modes):
 mode    frequency (cm-1)
    0               15.92 i (imaginary)
    1               15.90 i (imaginary)
    2                0.00 i (imaginary)
    3                0.00 i (imaginary)
    4                0.00
    5              685.86
    6              685.86
    7             1392.91
    8             2447.10

 Project out translational and rotational motions 

 Degrees of freedom for translational and rotational motions: 6

 Vibrational frequencies:
 mode    frequency (cm-1)
    0              685.86
    1             1392.91
    2             2447.10

 --------------------------------------------------------------------------------

 End time:                               Fri Apr 16 16:35:38 2021
 Total wall-clock time:                 18.559 seconds
==================================================================================
