
================================================================================
          _____________ ________ _______________ ________     _________         
         / ___________// ______ \\_____   _____// ______ \   / ________)        
        / /_________  / /      \ \     | |     / /      \ \ | (_______          
       |  __________|| |        | |    | |    | |        | | \________ \        
        \ \_________ | |        | |    | |     \ \______/ /___________) |       
         \__________||_|        |_|    |_|      \________//____________/        
                                                                                
====================================[ Qcore ]===================================

 Git hash:   bfa4c3a672cc1ff01df8911b87991f8932a2a687
 Git date:   Fri, 12 Feb 2021 10:05:04 +0000
 Compiler:   GNU 9.1.0
 Build type: Release
 Version:    0.8.19

 Start time: Fri Apr 16 16:35:38 2021

 Data directory: /home/zw18965/.local/qcore/share/entos/0.8.19/data
 Number of threads: 24
 Number of threads was determined by: command line argument

 --------------------------------------------------------------------------------
                                command: optimize                                
 --------------------------------------------------------------------------------
 Using coordinate system:                tric
 Hessian update scheme:                  bfgs

 ------------------------------------------------------------------------------------------------------------
                   energy      change    grad rms    grad max    step rms    step max       trust    time (s)
 ------------------------------------------------------------------------------------------------------------
   1      -113.235641281                2.96e-03    5.13e-03                            2.00e-01        0.69
   2      -113.235651489   -1.02e-05    1.92e-05    3.32e-05    1.97e-03    3.94e-03    2.00e-01        0.36
   3      -113.235651489   -4.24e-10    1.39e-07    2.40e-07    1.29e-05    2.57e-05    2.00e-01        0.31
 Geometry optimization stopped:          thresholds achieved

 Final energy:                        -113.235651489

 -----------
  Final XYZ 
 -----------
2
Final structure: -113.236 hartree
O            0.561192054         -0.000000095         -0.000000018
C           -0.561192054          0.000000095          0.000000018

 Structure in entos input format:

  structure(
    xyz = [
      ['O'  ,          0.561192054,         -0.000000095,         -0.000000018],
      ['C'  ,         -0.561192054,          0.000000095,          0.000000018]
    ]
  )

 --------------------------------
  Geometry optimization finished 
 --------------------------------
 Saving results in set 'opt'

 --------------------------------------------------------------------------------
                                 command: hessian                                
 --------------------------------------------------------------------------------

WARNING: semianalytic method is specified for dft hessian, which is not efficient. Try switching to 'method = analytic'


 -------------------------------
  Numerical Geometrical Hessian 
 -------------------------------

 Compute hessian using two-point central differentiation.
 Step size (bohr):                       0.0100

 Frequencies (including translational and rotational modes):
 mode    frequency (cm-1)
    0               16.33 i (imaginary)
    1               16.17 i (imaginary)
    2                0.00 i (imaginary)
    3                0.00
    4                0.08
    5             2239.47

 Project out translational and rotational motions 

 The molecule is linear

 Degrees of freedom for translational and rotational motions: 5

 Vibrational frequencies:
 mode    frequency (cm-1)
    0             2239.47

 --------------------------------------------------------------------------------

 End time:                               Fri Apr 16 16:35:44 2021
 Total wall-clock time:                  6.178 seconds
==================================================================================
