
================================================================================
          _____________ ________ _______________ ________     _________         
         / ___________// ______ \\_____   _____// ______ \   / ________)        
        / /_________  / /      \ \     | |     / /      \ \ | (_______          
       |  __________|| |        | |    | |    | |        | | \________ \        
        \ \_________ | |        | |    | |     \ \______/ /___________) |       
         \__________||_|        |_|    |_|      \________//____________/        
                                                                                
====================================[ Qcore ]===================================

 Git hash:   15a3e7daff0cda5fa9af010ccd19a80288182ecf
 Git date:   Fri, 16 Apr 2021 15:57:16 +0100
 Compiler:   GNU 9.1.0
 Build type: Release
 Version:    1.1.0

 Start time: Thu Apr 22 15:35:15 2021

 Data directory: /work/zw18965/.local/qcore/share/entos/1.1.0/data
 Number of threads: 12
 Number of threads was determined by: command line argument
  - More threads can be used by running 'qcore -n 24'

 --------------------------------------------------------------------------------
                                command: optimize                                
 --------------------------------------------------------------------------------
 Using coordinate system:                tric
 Hessian update scheme:                  bfgs

 ------------------------------------------------------------------------------------------------------------
                   energy      change    grad rms    grad max    step rms    step max       trust    time (s)
 ------------------------------------------------------------------------------------------------------------
   1      -473.208217934                6.36e-03    1.10e-02                            2.00e-01        1.48
   2      -473.208292180   -7.42e-05    3.62e-03    6.27e-03    4.29e-03    8.58e-03    2.00e-01        0.82
   3      -473.208326854   -3.47e-05    1.17e-04    2.03e-04    5.68e-03    1.14e-02    2.00e-01        0.78
   4      -473.208326889   -3.55e-08    2.22e-06    3.84e-06    1.78e-04    3.56e-04    2.00e-01        0.69
 Geometry optimization stopped:          thresholds achieved

 Final energy:                        -473.208326889

 -----------
  Final XYZ 
 -----------
2
Final structure: -473.208 hartree
S           -0.000000028         -0.000000153          0.005180527
O            0.000000028          0.000000153          1.481034023

 Structure in entos input format:

  structure(
    xyz = [
      ['S'  ,         -0.000000028,         -0.000000153,          0.005180527],
      ['O'  ,          0.000000028,          0.000000153,          1.481034023]
    ]
  )

 --------------------------------
  Geometry optimization finished 
 --------------------------------
 Saving results in set 'opt'

 --------------------------------------------------------------------------------
                                 command: hessian                                
 --------------------------------------------------------------------------------

WARNING: semianalytic method is specified for dft hessian, which is not efficient. Try switching to 'method = analytic'


 -------------------------------
  Numerical Geometrical Hessian 
 -------------------------------

 Compute hessian using two-point central differentiation.
 Step size (bohr):                       0.0100

 Frequencies (including translational and rotational modes):
 mode    frequency (cm-1)
    0                0.03 i (imaginary)
    1                0.02 i (imaginary)
    2                0.00
    3               21.07
    4               21.10
    5             1198.39

 Project out translational and rotational motions 

 The molecule is linear

 Degrees of freedom for translational and rotational motions: 5

 Vibrational frequencies:
 mode    frequency (cm-1)
    0             1198.39

 --------------------------------------------------------------------------------

 End time:                               Thu Apr 22 15:35:30 2021
 Total wall-clock time:                 15.105 seconds
==================================================================================
