
================================================================================
          _____________ ________ _______________ ________     _________         
         / ___________// ______ \\_____   _____// ______ \   / ________)        
        / /_________  / /      \ \     | |     / /      \ \ | (_______          
       |  __________|| |        | |    | |    | |        | | \________ \        
        \ \_________ | |        | |    | |     \ \______/ /___________) |       
         \__________||_|        |_|    |_|      \________//____________/        
                                                                                
====================================[ Qcore ]===================================

 Git hash:   15a3e7daff0cda5fa9af010ccd19a80288182ecf
 Git date:   Fri, 16 Apr 2021 15:57:16 +0100
 Compiler:   GNU 9.1.0
 Build type: Release
 Version:    1.1.0

 Start time: Tue Apr 20 14:22:42 2021

 Data directory: /work/zw18965/.local/qcore/share/entos/1.1.0/data
 Number of threads: 12
 Number of threads was determined by: command line argument
  - More threads can be used by running 'qcore -n 24'

 --------------------------------------------------------------------------------
                                command: optimize                                
 --------------------------------------------------------------------------------
 Using coordinate system:                tric
 Hessian update scheme:                  bfgs

 ------------------------------------------------------------------------------------------------------------
                   energy      change    grad rms    grad max    step rms    step max       trust    time (s)
 ------------------------------------------------------------------------------------------------------------
   1       -78.508257827                4.49e-03    1.06e-02                            2.00e-01        3.07
   2       -78.508621449   -3.64e-04    1.25e-03    2.94e-03    1.46e-02    1.87e-02    2.00e-01        2.30
   3       -78.508656771   -3.53e-05    2.51e-04    5.99e-04    6.19e-03    6.83e-03    2.00e-01        2.11
   4       -78.508658924   -2.15e-06    1.20e-04    2.40e-04    2.02e-03    2.56e-03    2.00e-01        1.92
   5       -78.508659421   -4.97e-07    2.55e-05    4.32e-05    1.30e-03    1.50e-03    2.00e-01        1.67
   6       -78.508659429   -8.47e-09    5.12e-06    9.97e-06    1.09e-04    4.12e-04    2.00e-01        1.91
 Geometry optimization stopped:          thresholds achieved

 Final energy:                         -78.508659429

 -----------
  Final XYZ 
 -----------
6
Final structure: -78.5087 hartree
C           -0.664165960         -0.052604066          0.000379582
C            0.664096624          0.052599510         -0.000346046
H           -1.244161468          0.002657063         -0.921785104
H           -1.227200501         -0.198400352          0.923188201
H            1.227132521          0.198394229         -0.923154194
H            1.244091368         -0.002662979          0.921819222

 Structure in entos input format:

  structure(
    xyz = [
      ['C'  ,         -0.664165960,         -0.052604066,          0.000379582],
      ['C'  ,          0.664096624,          0.052599510,         -0.000346046],
      ['H'  ,         -1.244161468,          0.002657063,         -0.921785104],
      ['H'  ,         -1.227200501,         -0.198400352,          0.923188201],
      ['H'  ,          1.227132521,          0.198394229,         -0.923154194],
      ['H'  ,          1.244091368,         -0.002662979,          0.921819222]
    ]
  )

 --------------------------------
  Geometry optimization finished 
 --------------------------------
 Saving results in set 'opt'

 --------------------------------------------------------------------------------
                                 command: hessian                                
 --------------------------------------------------------------------------------

WARNING: semianalytic method is specified for dft hessian, which is not efficient. Try switching to 'method = analytic'


 -------------------------------
  Numerical Geometrical Hessian 
 -------------------------------

 Compute hessian using two-point central differentiation.
 Step size (bohr):                       0.0100

 Frequencies (including translational and rotational modes):
 mode    frequency (cm-1)
    0               24.36 i (imaginary)
    1                0.03 i (imaginary)
    2                0.02 i (imaginary)
    3                0.04
    4               24.00
    5               28.70
    6              804.44
    7              937.12
    8              939.19
    9             1033.98
   10             1201.89
   11             1339.42
   12             1423.63
   13             1639.51
   14             3058.12
   15             3070.88
   16             3129.72
   17             3157.72

 Project out translational and rotational motions 

 Degrees of freedom for translational and rotational motions: 6

 Vibrational frequencies:
 mode    frequency (cm-1)
    0              804.44
    1              937.12
    2              939.19
    3             1033.98
    4             1201.89
    5             1339.42
    6             1423.63
    7             1639.51
    8             3058.12
    9             3070.88
   10             3129.72
   11             3157.72

 --------------------------------------------------------------------------------

 End time:                               Tue Apr 20 14:24:10 2021
 Total wall-clock time:                 87.660 seconds
==================================================================================
