
================================================================================
          _____________ ________ _______________ ________     _________         
         / ___________// ______ \\_____   _____// ______ \   / ________)        
        / /_________  / /      \ \     | |     / /      \ \ | (_______          
       |  __________|| |        | |    | |    | |        | | \________ \        
        \ \_________ | |        | |    | |     \ \______/ /___________) |       
         \__________||_|        |_|    |_|      \________//____________/        
                                                                                
====================================[ Qcore ]===================================

 Git hash:   15a3e7daff0cda5fa9af010ccd19a80288182ecf
 Git date:   Fri, 16 Apr 2021 15:57:16 +0100
 Compiler:   GNU 9.1.0
 Build type: Release
 Version:    1.1.0

 Start time: Tue Apr 20 14:22:45 2021

 Data directory: /work/zw18965/.local/qcore/share/entos/1.1.0/data
 Number of threads: 12
 Number of threads was determined by: command line argument
  - More threads can be used by running 'qcore -n 24'

 --------------------------------------------------------------------------------
                                command: optimize                                
 --------------------------------------------------------------------------------
 Using coordinate system:                tric
 Hessian update scheme:                  bfgs

 ------------------------------------------------------------------------------------------------------------
                   energy      change    grad rms    grad max    step rms    step max       trust    time (s)
 ------------------------------------------------------------------------------------------------------------
   1      -436.032039666                1.74e-02    3.02e-02                            2.00e-01        1.16
   2      -436.032619606   -5.80e-04    8.67e-03    1.50e-02    1.29e-02    2.58e-02    2.00e-01        0.65
   3      -436.032822236   -2.03e-04    6.15e-04    1.06e-03    1.27e-02    2.55e-02    2.00e-01        0.65
   4      -436.032823311   -1.08e-06    2.39e-05    4.14e-05    9.73e-04    1.95e-03    2.00e-01        0.61
   5      -436.032823329   -1.82e-08    8.56e-09    1.42e-08    3.93e-05    7.86e-05    2.00e-01        0.56
 Geometry optimization stopped:          thresholds achieved

 Final energy:                        -436.032823329

 -----------
  Final XYZ 
 -----------
2
Final structure: -436.033 hartree
C            0.000000049          0.000000218         -0.002790260
S           -0.000000049         -0.000000218          1.542490257

 Structure in entos input format:

  structure(
    xyz = [
      ['C'  ,          0.000000049,          0.000000218,         -0.002790260],
      ['S'  ,         -0.000000049,         -0.000000218,          1.542490257]
    ]
  )

 --------------------------------
  Geometry optimization finished 
 --------------------------------
 Saving results in set 'opt'

 --------------------------------------------------------------------------------
                                 command: hessian                                
 --------------------------------------------------------------------------------

WARNING: semianalytic method is specified for dft hessian, which is not efficient. Try switching to 'method = analytic'


 -------------------------------
  Numerical Geometrical Hessian 
 -------------------------------

 Compute hessian using two-point central differentiation.
 Step size (bohr):                       0.0100

 Frequencies (including translational and rotational modes):
 mode    frequency (cm-1)
    0               14.62 i (imaginary)
    1               14.62 i (imaginary)
    2                0.01 i (imaginary)
    3                0.00 i (imaginary)
    4                0.01
    5             1259.55

 Project out translational and rotational motions 

 The molecule is linear

 Degrees of freedom for translational and rotational motions: 5

 Vibrational frequencies:
 mode    frequency (cm-1)
    0             1259.55

 --------------------------------------------------------------------------------

 End time:                               Tue Apr 20 14:22:57 2021
 Total wall-clock time:                 12.122 seconds
==================================================================================
