
================================================================================
          _____________ ________ _______________ ________     _________         
         / ___________// ______ \\_____   _____// ______ \   / ________)        
        / /_________  / /      \ \     | |     / /      \ \ | (_______          
       |  __________|| |        | |    | |    | |        | | \________ \        
        \ \_________ | |        | |    | |     \ \______/ /___________) |       
         \__________||_|        |_|    |_|      \________//____________/        
                                                                                
====================================[ Qcore ]===================================

 Git hash:   15a3e7daff0cda5fa9af010ccd19a80288182ecf
 Git date:   Fri, 16 Apr 2021 15:57:16 +0100
 Compiler:   GNU 9.1.0
 Build type: Release
 Version:    1.1.0

 Start time: Tue Apr 20 14:23:17 2021

 Data directory: /work/zw18965/.local/qcore/share/entos/1.1.0/data
 Number of threads: 12
 Number of threads was determined by: command line argument
  - More threads can be used by running 'qcore -n 24'

 --------------------------------------------------------------------------------
                                command: optimize                                
 --------------------------------------------------------------------------------
 Using coordinate system:                tric
 Hessian update scheme:                  bfgs

 ------------------------------------------------------------------------------------------------------------
                   energy      change    grad rms    grad max    step rms    step max       trust    time (s)
 ------------------------------------------------------------------------------------------------------------
   1      -342.992275961                9.79e-03    2.18e-02                            2.00e-01        1.59
   2      -342.993532754   -1.26e-03    3.99e-03    1.04e-02    5.18e-02    4.10e-02    2.00e-01        1.14
   3      -342.993766967   -2.34e-04    1.64e-04    3.28e-04    1.82e-02    2.51e-02    2.00e-01        1.02
   4      -342.993768584   -1.62e-06    6.05e-06    1.22e-05    3.33e-03    2.52e-03    2.00e-01        0.94
   5      -342.993768602   -1.84e-08    3.94e-06    8.48e-06    1.19e-04    3.35e-04    2.00e-01        0.87
 Geometry optimization stopped:          thresholds achieved

 Final energy:                        -342.993768602

 -----------
  Final XYZ 
 -----------
4
Final structure: -342.994 hartree
P           -0.005689143         -0.001100357          0.591902479
H           -0.658812571         -0.991404974         -0.205565736
H           -0.526712991          1.068500400         -0.200352652
H            1.191214700         -0.075995068         -0.185984091

 Structure in entos input format:

  structure(
    xyz = [
      ['P'  ,         -0.005689143,         -0.001100357,          0.591902479],
      ['H'  ,         -0.658812571,         -0.991404974,         -0.205565736],
      ['H'  ,         -0.526712991,          1.068500400,         -0.200352652],
      ['H'  ,          1.191214700,         -0.075995068,         -0.185984091]
    ]
  )

 --------------------------------
  Geometry optimization finished 
 --------------------------------
 Saving results in set 'opt'

 --------------------------------------------------------------------------------
                                 command: hessian                                
 --------------------------------------------------------------------------------

WARNING: semianalytic method is specified for dft hessian, which is not efficient. Try switching to 'method = analytic'


 -------------------------------
  Numerical Geometrical Hessian 
 -------------------------------

 Compute hessian using two-point central differentiation.
 Step size (bohr):                       0.0100

 Frequencies (including translational and rotational modes):
 mode    frequency (cm-1)
    0               33.30 i (imaginary)
    1               18.00 i (imaginary)
    2                0.02 i (imaginary)
    3                0.01 i (imaginary)
    4                0.07
    5               43.62
    6              974.37
    7             1091.89
    8             1093.14
    9             2326.84
   10             2339.21
   11             2339.64

 Project out translational and rotational motions 

 Degrees of freedom for translational and rotational motions: 6

 Vibrational frequencies:
 mode    frequency (cm-1)
    0              974.37
    1             1091.89
    2             1093.14
    3             2326.84
    4             2339.21
    5             2339.64

 --------------------------------------------------------------------------------

 End time:                               Tue Apr 20 14:23:47 2021
 Total wall-clock time:                 30.140 seconds
==================================================================================
