
================================================================================
          _____________ ________ _______________ ________     _________         
         / ___________// ______ \\_____   _____// ______ \   / ________)        
        / /_________  / /      \ \     | |     / /      \ \ | (_______          
       |  __________|| |        | |    | |    | |        | | \________ \        
        \ \_________ | |        | |    | |     \ \______/ /___________) |       
         \__________||_|        |_|    |_|      \________//____________/        
                                                                                
====================================[ Qcore ]===================================

 Git hash:   bfa4c3a672cc1ff01df8911b87991f8932a2a687
 Git date:   Fri, 12 Feb 2021 10:05:04 +0000
 Compiler:   GNU 9.1.0
 Build type: Release
 Version:    0.8.19

 Start time: Tue Apr 20 10:46:37 2021

 Data directory: /home/zw18965/.local/qcore/share/entos/0.8.19/data
 Number of threads: 24
 Number of threads was determined by: command line argument

 --------------------------------------------------------------------------------
                                command: optimize                                
 --------------------------------------------------------------------------------
 Using coordinate system:                tric
 Hessian update scheme:                  bfgs

 ------------------------------------------------------------------------------------------------------------
                   energy      change    grad rms    grad max    step rms    step max       trust    time (s)
 ------------------------------------------------------------------------------------------------------------
 Fraction of exact exchange:             0.530000000
 Fraction of exact exchange:             0.530000000
 Fraction of exact exchange:             0.530000000
 Fraction of exact exchange:             0.530000000
 Fraction of exact exchange:             0.530000000
 Fraction of exact exchange:             0.530000000
 Fraction of exact exchange:             0.530000000
 Fraction of exact exchange:             0.530000000
 Fraction of exact exchange:             0.530000000
 Fraction of exact exchange:             0.530000000
 Fraction of exact exchange:             0.530000000
 Fraction of exact exchange:             0.530000000
 Fraction of exact exchange:             0.530000000
 Fraction of exact exchange:             0.530000000
 Fraction of exact exchange:             0.530000000
 Fraction of exact exchange:             0.530000000
 Fraction of exact exchange:             0.530000000
 Fraction of exact exchange:             0.530000000
 Fraction of exact exchange:             0.530000000
 Fraction of exact exchange:             0.530000000
 Fraction of exact exchange:             0.530000000
 Fraction of exact exchange:             0.530000000
 Fraction of exact exchange:             0.530000000
 Fraction of exact exchange:             0.530000000
 Fraction of exact exchange:             0.530000000
 Fraction of exact exchange:             0.530000000
 Fraction of exact exchange:             0.530000000
   1       -77.303771225                3.22e-03    7.63e-03                            2.00e-01        6.81
 Fraction of exact exchange:             0.530000000
 Fraction of exact exchange:             0.530000000
 Fraction of exact exchange:             0.530000000
 Fraction of exact exchange:             0.530000000
 Fraction of exact exchange:             0.530000000
 Fraction of exact exchange:             0.530000000
 Fraction of exact exchange:             0.530000000
 Fraction of exact exchange:             0.530000000
 Fraction of exact exchange:             0.530000000
 Fraction of exact exchange:             0.530000000
 Fraction of exact exchange:             0.530000000
 Fraction of exact exchange:             0.530000000
 Fraction of exact exchange:             0.530000000
 Fraction of exact exchange:             0.530000000
 Fraction of exact exchange:             0.530000000
 Fraction of exact exchange:             0.530000000
 Fraction of exact exchange:             0.530000000
 Fraction of exact exchange:             0.530000000
 Fraction of exact exchange:             0.530000000
 Fraction of exact exchange:             0.530000000
 Fraction of exact exchange:             0.530000000
 Fraction of exact exchange:             0.530000000
 Fraction of exact exchange:             0.530000000
 Fraction of exact exchange:             0.530000000
 Fraction of exact exchange:             0.530000000
   2       -77.303821638   -5.04e-05    3.12e-04    7.48e-04    5.88e-03    8.35e-03    2.00e-01        6.75
 Fraction of exact exchange:             0.530000000
 Fraction of exact exchange:             0.530000000
 Fraction of exact exchange:             0.530000000
 Fraction of exact exchange:             0.530000000
 Fraction of exact exchange:             0.530000000
 Fraction of exact exchange:             0.530000000
 Fraction of exact exchange:             0.530000000
 Fraction of exact exchange:             0.530000000
 Fraction of exact exchange:             0.530000000
 Fraction of exact exchange:             0.530000000
 Fraction of exact exchange:             0.530000000
 Fraction of exact exchange:             0.530000000
 Fraction of exact exchange:             0.530000000
 Fraction of exact exchange:             0.530000000
 Fraction of exact exchange:             0.530000000
 Fraction of exact exchange:             0.530000000
 Fraction of exact exchange:             0.530000000
 Fraction of exact exchange:             0.530000000
 Fraction of exact exchange:             0.530000000
 Fraction of exact exchange:             0.530000000
 Fraction of exact exchange:             0.530000000
 Fraction of exact exchange:             0.530000000
 Fraction of exact exchange:             0.530000000
 Fraction of exact exchange:             0.530000000
 Fraction of exact exchange:             0.530000000
   3       -77.303823094   -1.46e-06    1.12e-04    2.33e-04    1.29e-03    1.79e-03    2.00e-01        6.49
 Fraction of exact exchange:             0.530000000
 Fraction of exact exchange:             0.530000000
 Fraction of exact exchange:             0.530000000
 Fraction of exact exchange:             0.530000000
 Fraction of exact exchange:             0.530000000
 Fraction of exact exchange:             0.530000000
 Fraction of exact exchange:             0.530000000
 Fraction of exact exchange:             0.530000000
 Fraction of exact exchange:             0.530000000
 Fraction of exact exchange:             0.530000000
 Fraction of exact exchange:             0.530000000
 Fraction of exact exchange:             0.530000000
 Fraction of exact exchange:             0.530000000
 Fraction of exact exchange:             0.530000000
 Fraction of exact exchange:             0.530000000
 Fraction of exact exchange:             0.530000000
 Fraction of exact exchange:             0.530000000
 Fraction of exact exchange:             0.530000000
 Fraction of exact exchange:             0.530000000
 Fraction of exact exchange:             0.530000000
 Fraction of exact exchange:             0.530000000
 Fraction of exact exchange:             0.530000000
 Fraction of exact exchange:             0.530000000
 Fraction of exact exchange:             0.530000000
 Fraction of exact exchange:             0.530000000
   4       -77.303823132   -3.83e-08    1.28e-05    3.05e-05    2.14e-04    3.30e-04    2.00e-01        6.35
 Geometry optimization stopped:          thresholds achieved

 Final energy:                         -77.303823132

 -----------
  Final XYZ 
 -----------
4
Final structure: -77.3038 hartree
C           -0.600550771          0.000000337         -0.000013790
C            0.600551450         -0.000000049          0.000013491
H           -1.660854318          0.000000168         -0.000096164
H            1.660855023          0.000000082          0.000095868

 Structure in entos input format:

  structure(
    xyz = [
      ['C'  ,         -0.600550771,          0.000000337,         -0.000013790],
      ['C'  ,          0.600551450,         -0.000000049,          0.000013491],
      ['H'  ,         -1.660854318,          0.000000168,         -0.000096164],
      ['H'  ,          1.660855023,          0.000000082,          0.000095868]
    ]
  )

 --------------------------------
  Geometry optimization finished 
 --------------------------------
 Saving results in set 'opt'

 --------------------------------------------------------------------------------
                                 command: hessian                                
 --------------------------------------------------------------------------------

WARNING: numerical method is specified for dft hessian, which is not efficient. Try switching to 'method = analytic'

 Fraction of exact exchange:             0.530000000
 Fraction of exact exchange:             0.530000000
 Fraction of exact exchange:             0.530000000
 Fraction of exact exchange:             0.530000000
 Fraction of exact exchange:             0.530000000
 Fraction of exact exchange:             0.530000000
 Fraction of exact exchange:             0.530000000
 Fraction of exact exchange:             0.530000000
 Fraction of exact exchange:             0.530000000
 Fraction of exact exchange:             0.530000000
 Fraction of exact exchange:             0.530000000
 Fraction of exact exchange:             0.530000000
 Fraction of exact exchange:             0.530000000
 Fraction of exact exchange:             0.530000000
 Fraction of exact exchange:             0.530000000
 Fraction of exact exchange:             0.530000000
 Fraction of exact exchange:             0.530000000
 Fraction of exact exchange:             0.530000000
 Fraction of exact exchange:             0.530000000
 Fraction of exact exchange:             0.530000000
 Fraction of exact exchange:             0.530000000
 Fraction of exact exchange:             0.530000000
 Fraction of exact exchange:             0.530000000
 Fraction of exact exchange:             0.530000000
 Fraction of exact exchange:             0.530000000
 Fraction of exact exchange:             0.530000000
 Fraction of exact exchange:             0.530000000

 -------------------------------
  Numerical Geometrical Hessian 
 -------------------------------

 Compute hessian using two-point central differentiation.
 Step size (bohr):                       0.0100
 Fraction of exact exchange:             0.530000000
 Fraction of exact exchange:             0.530000000
 Fraction of exact exchange:             0.530000000
 Fraction of exact exchange:             0.530000000
 Fraction of exact exchange:             0.530000000
 Fraction of exact exchange:             0.530000000
 Fraction of exact exchange:             0.530000000
 Fraction of exact exchange:             0.530000000
 Fraction of exact exchange:             0.530000000
 Fraction of exact exchange:             0.530000000
 Fraction of exact exchange:             0.530000000
 Fraction of exact exchange:             0.530000000
 Fraction of exact exchange:             0.530000000
 Fraction of exact exchange:             0.530000000
 Fraction of exact exchange:             0.530000000
 Fraction of exact exchange:             0.530000000
 Fraction of exact exchange:             0.530000000
 Fraction of exact exchange:             0.530000000
 Fraction of exact exchange:             0.530000000
 Fraction of exact exchange:             0.530000000
 Fraction of exact exchange:             0.530000000
 Fraction of exact exchange:             0.530000000
 Fraction of exact exchange:             0.530000000
 Fraction of exact exchange:             0.530000000
 Fraction of exact exchange:             0.530000000
 Fraction of exact exchange:             0.530000000
 Fraction of exact exchange:             0.530000000
 Fraction of exact exchange:             0.530000000
 Fraction of exact exchange:             0.530000000
 Fraction of exact exchange:             0.530000000
 Fraction of exact exchange:             0.530000000
 Fraction of exact exchange:             0.530000000
 Fraction of exact exchange:             0.530000000
 Fraction of exact exchange:             0.530000000
 Fraction of exact exchange:             0.530000000
 Fraction of exact exchange:             0.530000000
 Fraction of exact exchange:             0.530000000
 Fraction of exact exchange:             0.530000000
 Fraction of exact exchange:             0.530000000
 Fraction of exact exchange:             0.530000000
 Fraction of exact exchange:             0.530000000
 Fraction of exact exchange:             0.530000000
 Fraction of exact exchange:             0.530000000
 Fraction of exact exchange:             0.530000000
 Fraction of exact exchange:             0.530000000
 Fraction of exact exchange:             0.530000000
 Fraction of exact exchange:             0.530000000
 Fraction of exact exchange:             0.530000000
 Fraction of exact exchange:             0.530000000
 Fraction of exact exchange:             0.530000000
 Fraction of exact exchange:             0.530000000
 Fraction of exact exchange:             0.530000000
 Fraction of exact exchange:             0.530000000
 Fraction of exact exchange:             0.530000000
 Fraction of exact exchange:             0.530000000
 Fraction of exact exchange:             0.530000000
 Fraction of exact exchange:             0.530000000
 Fraction of exact exchange:             0.530000000
 Fraction of exact exchange:             0.530000000
 Fraction of exact exchange:             0.530000000
 Fraction of exact exchange:             0.530000000
 Fraction of exact exchange:             0.530000000
 Fraction of exact exchange:             0.530000000
 Fraction of exact exchange:             0.530000000
 Fraction of exact exchange:             0.530000000
 Fraction of exact exchange:             0.530000000
 Fraction of exact exchange:             0.530000000
 Fraction of exact exchange:             0.530000000
 Fraction of exact exchange:             0.530000000
 Fraction of exact exchange:             0.530000000
 Fraction of exact exchange:             0.530000000
 Fraction of exact exchange:             0.530000000
 Fraction of exact exchange:             0.530000000
 Fraction of exact exchange:             0.530000000
 Fraction of exact exchange:             0.530000000
 Fraction of exact exchange:             0.530000000
 Fraction of exact exchange:             0.530000000
 Fraction of exact exchange:             0.530000000
 Fraction of exact exchange:             0.530000000
 Fraction of exact exchange:             0.530000000
 Fraction of exact exchange:             0.530000000
 Fraction of exact exchange:             0.530000000
 Fraction of exact exchange:             0.530000000
 Fraction of exact exchange:             0.530000000
 Fraction of exact exchange:             0.530000000
 Fraction of exact exchange:             0.530000000
 Fraction of exact exchange:             0.530000000
 Fraction of exact exchange:             0.530000000
 Fraction of exact exchange:             0.530000000
 Fraction of exact exchange:             0.530000000
 Fraction of exact exchange:             0.530000000
 Fraction of exact exchange:             0.530000000
 Fraction of exact exchange:             0.530000000
 Fraction of exact exchange:             0.530000000
 Fraction of exact exchange:             0.530000000
 Fraction of exact exchange:             0.530000000
 Fraction of exact exchange:             0.530000000
 Fraction of exact exchange:             0.530000000
 Fraction of exact exchange:             0.530000000
 Fraction of exact exchange:             0.530000000
 Fraction of exact exchange:             0.530000000
 Fraction of exact exchange:             0.530000000
 Fraction of exact exchange:             0.530000000
 Fraction of exact exchange:             0.530000000
 Fraction of exact exchange:             0.530000000
 Fraction of exact exchange:             0.530000000
 Fraction of exact exchange:             0.530000000
 Fraction of exact exchange:             0.530000000
 Fraction of exact exchange:             0.530000000
 Fraction of exact exchange:             0.530000000
 Fraction of exact exchange:             0.530000000
 Fraction of exact exchange:             0.530000000
 Fraction of exact exchange:             0.530000000
 Fraction of exact exchange:             0.530000000
 Fraction of exact exchange:             0.530000000
 Fraction of exact exchange:             0.530000000
 Fraction of exact exchange:             0.530000000
 Fraction of exact exchange:             0.530000000
 Fraction of exact exchange:             0.530000000
 Fraction of exact exchange:             0.530000000
 Fraction of exact exchange:             0.530000000
 Fraction of exact exchange:             0.530000000
 Fraction of exact exchange:             0.530000000
 Fraction of exact exchange:             0.530000000
 Fraction of exact exchange:             0.530000000
 Fraction of exact exchange:             0.530000000
 Fraction of exact exchange:             0.530000000
 Fraction of exact exchange:             0.530000000
 Fraction of exact exchange:             0.530000000
 Fraction of exact exchange:             0.530000000
 Fraction of exact exchange:             0.530000000
 Fraction of exact exchange:             0.530000000
 Fraction of exact exchange:             0.530000000
 Fraction of exact exchange:             0.530000000
 Fraction of exact exchange:             0.530000000
 Fraction of exact exchange:             0.530000000
 Fraction of exact exchange:             0.530000000
 Fraction of exact exchange:             0.530000000
 Fraction of exact exchange:             0.530000000
 Fraction of exact exchange:             0.530000000
 Fraction of exact exchange:             0.530000000
 Fraction of exact exchange:             0.530000000
 Fraction of exact exchange:             0.530000000
 Fraction of exact exchange:             0.530000000
 Fraction of exact exchange:             0.530000000
 Fraction of exact exchange:             0.530000000
 Fraction of exact exchange:             0.530000000
 Fraction of exact exchange:             0.530000000
 Fraction of exact exchange:             0.530000000
 Fraction of exact exchange:             0.530000000
 Fraction of exact exchange:             0.530000000
 Fraction of exact exchange:             0.530000000
 Fraction of exact exchange:             0.530000000
 Fraction of exact exchange:             0.530000000
 Fraction of exact exchange:             0.530000000
 Fraction of exact exchange:             0.530000000
 Fraction of exact exchange:             0.530000000
 Fraction of exact exchange:             0.530000000
 Fraction of exact exchange:             0.530000000
 Fraction of exact exchange:             0.530000000
 Fraction of exact exchange:             0.530000000
 Fraction of exact exchange:             0.530000000
 Fraction of exact exchange:             0.530000000
 Fraction of exact exchange:             0.530000000
 Fraction of exact exchange:             0.530000000
 Fraction of exact exchange:             0.530000000
 Fraction of exact exchange:             0.530000000
 Fraction of exact exchange:             0.530000000
 Fraction of exact exchange:             0.530000000
 Fraction of exact exchange:             0.530000000
 Fraction of exact exchange:             0.530000000
 Fraction of exact exchange:             0.530000000
 Fraction of exact exchange:             0.530000000
 Fraction of exact exchange:             0.530000000
 Fraction of exact exchange:             0.530000000
 Fraction of exact exchange:             0.530000000
 Fraction of exact exchange:             0.530000000
 Fraction of exact exchange:             0.530000000
 Fraction of exact exchange:             0.530000000
 Fraction of exact exchange:             0.530000000
 Fraction of exact exchange:             0.530000000
 Fraction of exact exchange:             0.530000000
 Fraction of exact exchange:             0.530000000
 Fraction of exact exchange:             0.530000000
 Fraction of exact exchange:             0.530000000
 Fraction of exact exchange:             0.530000000
 Fraction of exact exchange:             0.530000000
 Fraction of exact exchange:             0.530000000
 Fraction of exact exchange:             0.530000000
 Fraction of exact exchange:             0.530000000
 Fraction of exact exchange:             0.530000000
 Fraction of exact exchange:             0.530000000
 Fraction of exact exchange:             0.530000000
 Fraction of exact exchange:             0.530000000
 Fraction of exact exchange:             0.530000000
 Fraction of exact exchange:             0.530000000
 Fraction of exact exchange:             0.530000000
 Fraction of exact exchange:             0.530000000
 Fraction of exact exchange:             0.530000000
 Fraction of exact exchange:             0.530000000
 Fraction of exact exchange:             0.530000000
 Fraction of exact exchange:             0.530000000
 Fraction of exact exchange:             0.530000000
 Fraction of exact exchange:             0.530000000
 Fraction of exact exchange:             0.530000000
 Fraction of exact exchange:             0.530000000
 Fraction of exact exchange:             0.530000000
 Fraction of exact exchange:             0.530000000
 Fraction of exact exchange:             0.530000000
 Fraction of exact exchange:             0.530000000
 Fraction of exact exchange:             0.530000000
 Fraction of exact exchange:             0.530000000
 Fraction of exact exchange:             0.530000000
 Fraction of exact exchange:             0.530000000
 Fraction of exact exchange:             0.530000000
 Fraction of exact exchange:             0.530000000
 Fraction of exact exchange:             0.530000000
 Fraction of exact exchange:             0.530000000
 Fraction of exact exchange:             0.530000000
 Fraction of exact exchange:             0.530000000
 Fraction of exact exchange:             0.530000000
 Fraction of exact exchange:             0.530000000
 Fraction of exact exchange:             0.530000000
 Fraction of exact exchange:             0.530000000
 Fraction of exact exchange:             0.530000000
 Fraction of exact exchange:             0.530000000
 Fraction of exact exchange:             0.530000000
 Fraction of exact exchange:             0.530000000
 Fraction of exact exchange:             0.530000000
 Fraction of exact exchange:             0.530000000
 Fraction of exact exchange:             0.530000000
 Fraction of exact exchange:             0.530000000
 Fraction of exact exchange:             0.530000000
 Fraction of exact exchange:             0.530000000
 Fraction of exact exchange:             0.530000000
 Fraction of exact exchange:             0.530000000
 Fraction of exact exchange:             0.530000000
 Fraction of exact exchange:             0.530000000
 Fraction of exact exchange:             0.530000000
 Fraction of exact exchange:             0.530000000
 Fraction of exact exchange:             0.530000000
 Fraction of exact exchange:             0.530000000
 Fraction of exact exchange:             0.530000000
 Fraction of exact exchange:             0.530000000
 Fraction of exact exchange:             0.530000000
 Fraction of exact exchange:             0.530000000
 Fraction of exact exchange:             0.530000000
 Fraction of exact exchange:             0.530000000
 Fraction of exact exchange:             0.530000000
 Fraction of exact exchange:             0.530000000
 Fraction of exact exchange:             0.530000000
 Fraction of exact exchange:             0.530000000
 Fraction of exact exchange:             0.530000000
 Fraction of exact exchange:             0.530000000
 Fraction of exact exchange:             0.530000000
 Fraction of exact exchange:             0.530000000
 Fraction of exact exchange:             0.530000000
 Fraction of exact exchange:             0.530000000
 Fraction of exact exchange:             0.530000000
 Fraction of exact exchange:             0.530000000
 Fraction of exact exchange:             0.530000000
 Fraction of exact exchange:             0.530000000
 Fraction of exact exchange:             0.530000000
 Fraction of exact exchange:             0.530000000
 Fraction of exact exchange:             0.530000000
 Fraction of exact exchange:             0.530000000
 Fraction of exact exchange:             0.530000000
 Fraction of exact exchange:             0.530000000
 Fraction of exact exchange:             0.530000000
 Fraction of exact exchange:             0.530000000
 Fraction of exact exchange:             0.530000000
 Fraction of exact exchange:             0.530000000
 Fraction of exact exchange:             0.530000000
 Fraction of exact exchange:             0.530000000
 Fraction of exact exchange:             0.530000000
 Fraction of exact exchange:             0.530000000
 Fraction of exact exchange:             0.530000000
 Fraction of exact exchange:             0.530000000
 Fraction of exact exchange:             0.530000000
 Fraction of exact exchange:             0.530000000
 Fraction of exact exchange:             0.530000000
 Fraction of exact exchange:             0.530000000
 Fraction of exact exchange:             0.530000000
 Fraction of exact exchange:             0.530000000
 Fraction of exact exchange:             0.530000000
 Fraction of exact exchange:             0.530000000
 Fraction of exact exchange:             0.530000000
 Fraction of exact exchange:             0.530000000
 Fraction of exact exchange:             0.530000000
 Fraction of exact exchange:             0.530000000
 Fraction of exact exchange:             0.530000000
 Fraction of exact exchange:             0.530000000
 Fraction of exact exchange:             0.530000000
 Fraction of exact exchange:             0.530000000
 Fraction of exact exchange:             0.530000000
 Fraction of exact exchange:             0.530000000
 Fraction of exact exchange:             0.530000000
 Fraction of exact exchange:             0.530000000
 Fraction of exact exchange:             0.530000000
 Fraction of exact exchange:             0.530000000
 Fraction of exact exchange:             0.530000000
 Fraction of exact exchange:             0.530000000
 Fraction of exact exchange:             0.530000000
 Fraction of exact exchange:             0.530000000
 Fraction of exact exchange:             0.530000000
 Fraction of exact exchange:             0.530000000
 Fraction of exact exchange:             0.530000000
 Fraction of exact exchange:             0.530000000
 Fraction of exact exchange:             0.530000000
 Fraction of exact exchange:             0.530000000
 Fraction of exact exchange:             0.530000000
 Fraction of exact exchange:             0.530000000
 Fraction of exact exchange:             0.530000000
 Fraction of exact exchange:             0.530000000
 Fraction of exact exchange:             0.530000000
 Fraction of exact exchange:             0.530000000
 Fraction of exact exchange:             0.530000000
 Fraction of exact exchange:             0.530000000
 Fraction of exact exchange:             0.530000000
 Fraction of exact exchange:             0.530000000
 Fraction of exact exchange:             0.530000000
 Fraction of exact exchange:             0.530000000
 Fraction of exact exchange:             0.530000000
 Fraction of exact exchange:             0.530000000
 Fraction of exact exchange:             0.530000000
 Fraction of exact exchange:             0.530000000
 Fraction of exact exchange:             0.530000000
 Fraction of exact exchange:             0.530000000
 Fraction of exact exchange:             0.530000000
 Fraction of exact exchange:             0.530000000
 Fraction of exact exchange:             0.530000000
 Fraction of exact exchange:             0.530000000
 Fraction of exact exchange:             0.530000000
 Fraction of exact exchange:             0.530000000
 Fraction of exact exchange:             0.530000000
 Fraction of exact exchange:             0.530000000
 Fraction of exact exchange:             0.530000000
 Fraction of exact exchange:             0.530000000
 Fraction of exact exchange:             0.530000000
 Fraction of exact exchange:             0.530000000
 Fraction of exact exchange:             0.530000000
 Fraction of exact exchange:             0.530000000
 Fraction of exact exchange:             0.530000000
 Fraction of exact exchange:             0.530000000
 Fraction of exact exchange:             0.530000000
 Fraction of exact exchange:             0.530000000
 Fraction of exact exchange:             0.530000000
 Fraction of exact exchange:             0.530000000
 Fraction of exact exchange:             0.530000000
 Fraction of exact exchange:             0.530000000
 Fraction of exact exchange:             0.530000000
 Fraction of exact exchange:             0.530000000
 Fraction of exact exchange:             0.530000000
 Fraction of exact exchange:             0.530000000
 Fraction of exact exchange:             0.530000000
 Fraction of exact exchange:             0.530000000
 Fraction of exact exchange:             0.530000000
 Fraction of exact exchange:             0.530000000
 Fraction of exact exchange:             0.530000000
 Fraction of exact exchange:             0.530000000
 Fraction of exact exchange:             0.530000000
 Fraction of exact exchange:             0.530000000
 Fraction of exact exchange:             0.530000000
 Fraction of exact exchange:             0.530000000
 Fraction of exact exchange:             0.530000000
 Fraction of exact exchange:             0.530000000
 Fraction of exact exchange:             0.530000000
 Fraction of exact exchange:             0.530000000
 Fraction of exact exchange:             0.530000000
 Fraction of exact exchange:             0.530000000
 Fraction of exact exchange:             0.530000000
 Fraction of exact exchange:             0.530000000
 Fraction of exact exchange:             0.530000000
 Fraction of exact exchange:             0.530000000
 Fraction of exact exchange:             0.530000000
 Fraction of exact exchange:             0.530000000
 Fraction of exact exchange:             0.530000000
 Fraction of exact exchange:             0.530000000
 Fraction of exact exchange:             0.530000000
 Fraction of exact exchange:             0.530000000
 Fraction of exact exchange:             0.530000000
 Fraction of exact exchange:             0.530000000
 Fraction of exact exchange:             0.530000000
 Fraction of exact exchange:             0.530000000
 Fraction of exact exchange:             0.530000000
 Fraction of exact exchange:             0.530000000
 Fraction of exact exchange:             0.530000000
 Fraction of exact exchange:             0.530000000
 Fraction of exact exchange:             0.530000000
 Fraction of exact exchange:             0.530000000
 Fraction of exact exchange:             0.530000000
 Fraction of exact exchange:             0.530000000
 Fraction of exact exchange:             0.530000000
 Fraction of exact exchange:             0.530000000
 Fraction of exact exchange:             0.530000000
 Fraction of exact exchange:             0.530000000
 Fraction of exact exchange:             0.530000000
 Fraction of exact exchange:             0.530000000
 Fraction of exact exchange:             0.530000000
 Fraction of exact exchange:             0.530000000
 Fraction of exact exchange:             0.530000000
 Fraction of exact exchange:             0.530000000
 Fraction of exact exchange:             0.530000000
 Fraction of exact exchange:             0.530000000
 Fraction of exact exchange:             0.530000000
 Fraction of exact exchange:             0.530000000
 Fraction of exact exchange:             0.530000000
 Fraction of exact exchange:             0.530000000
 Fraction of exact exchange:             0.530000000
 Fraction of exact exchange:             0.530000000
 Fraction of exact exchange:             0.530000000
 Fraction of exact exchange:             0.530000000
 Fraction of exact exchange:             0.530000000
 Fraction of exact exchange:             0.530000000
 Fraction of exact exchange:             0.530000000
 Fraction of exact exchange:             0.530000000
 Fraction of exact exchange:             0.530000000
 Fraction of exact exchange:             0.530000000
 Fraction of exact exchange:             0.530000000
 Fraction of exact exchange:             0.530000000
 Fraction of exact exchange:             0.530000000
 Fraction of exact exchange:             0.530000000
 Fraction of exact exchange:             0.530000000
 Fraction of exact exchange:             0.530000000
 Fraction of exact exchange:             0.530000000
 Fraction of exact exchange:             0.530000000
 Fraction of exact exchange:             0.530000000
 Fraction of exact exchange:             0.530000000
 Fraction of exact exchange:             0.530000000
 Fraction of exact exchange:             0.530000000
 Fraction of exact exchange:             0.530000000
 Fraction of exact exchange:             0.530000000
 Fraction of exact exchange:             0.530000000
 Fraction of exact exchange:             0.530000000
 Fraction of exact exchange:             0.530000000
 Fraction of exact exchange:             0.530000000
 Fraction of exact exchange:             0.530000000
 Fraction of exact exchange:             0.530000000
 Fraction of exact exchange:             0.530000000
 Fraction of exact exchange:             0.530000000
 Fraction of exact exchange:             0.530000000
 Fraction of exact exchange:             0.530000000
 Fraction of exact exchange:             0.530000000
 Fraction of exact exchange:             0.530000000
 Fraction of exact exchange:             0.530000000
 Fraction of exact exchange:             0.530000000
 Fraction of exact exchange:             0.530000000
 Fraction of exact exchange:             0.530000000
 Fraction of exact exchange:             0.530000000
 Fraction of exact exchange:             0.530000000
 Fraction of exact exchange:             0.530000000
 Fraction of exact exchange:             0.530000000
 Fraction of exact exchange:             0.530000000
 Fraction of exact exchange:             0.530000000
 Fraction of exact exchange:             0.530000000
 Fraction of exact exchange:             0.530000000
 Fraction of exact exchange:             0.530000000
 Fraction of exact exchange:             0.530000000
 Fraction of exact exchange:             0.530000000
 Fraction of exact exchange:             0.530000000
 Fraction of exact exchange:             0.530000000
 Fraction of exact exchange:             0.530000000
 Fraction of exact exchange:             0.530000000
 Fraction of exact exchange:             0.530000000
 Fraction of exact exchange:             0.530000000
 Fraction of exact exchange:             0.530000000
 Fraction of exact exchange:             0.530000000
 Fraction of exact exchange:             0.530000000
 Fraction of exact exchange:             0.530000000
 Fraction of exact exchange:             0.530000000
 Fraction of exact exchange:             0.530000000
 Fraction of exact exchange:             0.530000000
 Fraction of exact exchange:             0.530000000
 Fraction of exact exchange:             0.530000000
 Fraction of exact exchange:             0.530000000
 Fraction of exact exchange:             0.530000000
 Fraction of exact exchange:             0.530000000
 Fraction of exact exchange:             0.530000000
 Fraction of exact exchange:             0.530000000
 Fraction of exact exchange:             0.530000000
 Fraction of exact exchange:             0.530000000
 Fraction of exact exchange:             0.530000000
 Fraction of exact exchange:             0.530000000
 Fraction of exact exchange:             0.530000000
 Fraction of exact exchange:             0.530000000
 Fraction of exact exchange:             0.530000000
 Fraction of exact exchange:             0.530000000
 Fraction of exact exchange:             0.530000000
 Fraction of exact exchange:             0.530000000
 Fraction of exact exchange:             0.530000000
 Fraction of exact exchange:             0.530000000
 Fraction of exact exchange:             0.530000000
 Fraction of exact exchange:             0.530000000
 Fraction of exact exchange:             0.530000000
 Fraction of exact exchange:             0.530000000
 Fraction of exact exchange:             0.530000000
 Fraction of exact exchange:             0.530000000
 Fraction of exact exchange:             0.530000000
 Fraction of exact exchange:             0.530000000
 Fraction of exact exchange:             0.530000000
 Fraction of exact exchange:             0.530000000
 Fraction of exact exchange:             0.530000000
 Fraction of exact exchange:             0.530000000
 Fraction of exact exchange:             0.530000000
 Fraction of exact exchange:             0.530000000
 Fraction of exact exchange:             0.530000000
 Fraction of exact exchange:             0.530000000
 Fraction of exact exchange:             0.530000000
 Fraction of exact exchange:             0.530000000
 Fraction of exact exchange:             0.530000000
 Fraction of exact exchange:             0.530000000
 Fraction of exact exchange:             0.530000000
 Fraction of exact exchange:             0.530000000
 Fraction of exact exchange:             0.530000000
 Fraction of exact exchange:             0.530000000
 Fraction of exact exchange:             0.530000000
 Fraction of exact exchange:             0.530000000
 Fraction of exact exchange:             0.530000000
 Fraction of exact exchange:             0.530000000
 Fraction of exact exchange:             0.530000000
 Fraction of exact exchange:             0.530000000
 Fraction of exact exchange:             0.530000000
 Fraction of exact exchange:             0.530000000
 Fraction of exact exchange:             0.530000000
 Fraction of exact exchange:             0.530000000
 Fraction of exact exchange:             0.530000000
 Fraction of exact exchange:             0.530000000
 Fraction of exact exchange:             0.530000000
 Fraction of exact exchange:             0.530000000
 Fraction of exact exchange:             0.530000000
 Fraction of exact exchange:             0.530000000
 Fraction of exact exchange:             0.530000000
 Fraction of exact exchange:             0.530000000
 Fraction of exact exchange:             0.530000000
 Fraction of exact exchange:             0.530000000
 Fraction of exact exchange:             0.530000000
 Fraction of exact exchange:             0.530000000
 Fraction of exact exchange:             0.530000000
 Fraction of exact exchange:             0.530000000
 Fraction of exact exchange:             0.530000000
 Fraction of exact exchange:             0.530000000
 Fraction of exact exchange:             0.530000000
 Fraction of exact exchange:             0.530000000
 Fraction of exact exchange:             0.530000000
 Fraction of exact exchange:             0.530000000
 Fraction of exact exchange:             0.530000000
 Fraction of exact exchange:             0.530000000
 Fraction of exact exchange:             0.530000000
 Fraction of exact exchange:             0.530000000
 Fraction of exact exchange:             0.530000000
 Fraction of exact exchange:             0.530000000
 Fraction of exact exchange:             0.530000000
 Fraction of exact exchange:             0.530000000
 Fraction of exact exchange:             0.530000000
 Fraction of exact exchange:             0.530000000
 Fraction of exact exchange:             0.530000000
 Fraction of exact exchange:             0.530000000
 Fraction of exact exchange:             0.530000000
 Fraction of exact exchange:             0.530000000
 Fraction of exact exchange:             0.530000000
 Fraction of exact exchange:             0.530000000
 Fraction of exact exchange:             0.530000000
 Fraction of exact exchange:             0.530000000
 Fraction of exact exchange:             0.530000000
 Fraction of exact exchange:             0.530000000
 Fraction of exact exchange:             0.530000000
 Fraction of exact exchange:             0.530000000
 Fraction of exact exchange:             0.530000000
 Fraction of exact exchange:             0.530000000
 Fraction of exact exchange:             0.530000000
 Fraction of exact exchange:             0.530000000
 Fraction of exact exchange:             0.530000000
 Fraction of exact exchange:             0.530000000
 Fraction of exact exchange:             0.530000000
 Fraction of exact exchange:             0.530000000
 Fraction of exact exchange:             0.530000000
 Fraction of exact exchange:             0.530000000
 Fraction of exact exchange:             0.530000000
 Fraction of exact exchange:             0.530000000
 Fraction of exact exchange:             0.530000000
 Fraction of exact exchange:             0.530000000
 Fraction of exact exchange:             0.530000000
 Fraction of exact exchange:             0.530000000
 Fraction of exact exchange:             0.530000000
 Fraction of exact exchange:             0.530000000
 Fraction of exact exchange:             0.530000000
 Fraction of exact exchange:             0.530000000
 Fraction of exact exchange:             0.530000000
 Fraction of exact exchange:             0.530000000
 Fraction of exact exchange:             0.530000000
 Fraction of exact exchange:             0.530000000
 Fraction of exact exchange:             0.530000000
 Fraction of exact exchange:             0.530000000
 Fraction of exact exchange:             0.530000000
 Fraction of exact exchange:             0.530000000
 Fraction of exact exchange:             0.530000000
 Fraction of exact exchange:             0.530000000
 Fraction of exact exchange:             0.530000000
 Fraction of exact exchange:             0.530000000
 Fraction of exact exchange:             0.530000000

 Frequencies (including translational and rotational modes):
 mode    frequency (cm-1)
    0                0.36 i (imaginary)
    1                2.87
    2                2.90
    3               13.27
    4               13.28
    5              648.70
    6              648.70
    7              761.43
    8              761.43
    9             2024.94
   10             3433.95
   11             3526.40

 Project out translational and rotational motions 

 Degrees of freedom for translational and rotational motions: 6

 Vibrational frequencies:
 mode    frequency (cm-1)
    0              648.70
    1              761.43
    2              761.43
    3             2024.94
    4             3433.95
    5             3526.40

 --------------------------------------------------------------------------------

 End time:                               Tue Apr 20 10:50:07 2021
 Total wall-clock time:                210.422 seconds
==================================================================================
