
================================================================================
          _____________ ________ _______________ ________     _________         
         / ___________// ______ \\_____   _____// ______ \   / ________)        
        / /_________  / /      \ \     | |     / /      \ \ | (_______          
       |  __________|| |        | |    | |    | |        | | \________ \        
        \ \_________ | |        | |    | |     \ \______/ /___________) |       
         \__________||_|        |_|    |_|      \________//____________/        
                                                                                
====================================[ Qcore ]===================================

 Git hash:   bfa4c3a672cc1ff01df8911b87991f8932a2a687
 Git date:   Fri, 12 Feb 2021 10:05:04 +0000
 Compiler:   GNU 9.1.0
 Build type: Release
 Version:    0.8.19

 Start time: Tue Apr 20 11:10:27 2021

 Data directory: /home/zw18965/.local/qcore/share/entos/0.8.19/data
 Number of threads: 24
 Number of threads was determined by: command line argument

 --------------------------------------------------------------------------------
                                command: optimize                                
 --------------------------------------------------------------------------------
 Using coordinate system:                tric
 Hessian update scheme:                  bfgs

 ------------------------------------------------------------------------------------------------------------
                   energy      change    grad rms    grad max    step rms    step max       trust    time (s)
 ------------------------------------------------------------------------------------------------------------
 Fraction of exact exchange:             0.530000000
 Fraction of exact exchange:             0.530000000
 Fraction of exact exchange:             0.530000000
 Fraction of exact exchange:             0.530000000
 Fraction of exact exchange:             0.530000000
 Fraction of exact exchange:             0.530000000
 Fraction of exact exchange:             0.530000000
 Fraction of exact exchange:             0.530000000
 Fraction of exact exchange:             0.530000000
 Fraction of exact exchange:             0.530000000
 Fraction of exact exchange:             0.530000000
 Fraction of exact exchange:             0.530000000
 Fraction of exact exchange:             0.530000000
 Fraction of exact exchange:             0.530000000
 Fraction of exact exchange:             0.530000000
 Fraction of exact exchange:             0.530000000
 Fraction of exact exchange:             0.530000000
 Fraction of exact exchange:             0.530000000
 Fraction of exact exchange:             0.530000000
 Fraction of exact exchange:             0.530000000
 Fraction of exact exchange:             0.530000000
   1      -237.698824849                3.37e-03    8.26e-03                            2.00e-01        5.53
 Fraction of exact exchange:             0.530000000
 Fraction of exact exchange:             0.530000000
 Fraction of exact exchange:             0.530000000
 Fraction of exact exchange:             0.530000000
 Fraction of exact exchange:             0.530000000
 Fraction of exact exchange:             0.530000000
 Fraction of exact exchange:             0.530000000
 Fraction of exact exchange:             0.530000000
 Fraction of exact exchange:             0.530000000
 Fraction of exact exchange:             0.530000000
 Fraction of exact exchange:             0.530000000
 Fraction of exact exchange:             0.530000000
 Fraction of exact exchange:             0.530000000
 Fraction of exact exchange:             0.530000000
 Fraction of exact exchange:             0.530000000
 Fraction of exact exchange:             0.530000000
 Fraction of exact exchange:             0.530000000
 Fraction of exact exchange:             0.530000000
 Fraction of exact exchange:             0.530000000
   2      -237.698902993   -7.81e-05    1.42e-03    2.87e-03    1.09e-02    1.54e-02    2.00e-01        5.12
 Fraction of exact exchange:             0.530000000
 Fraction of exact exchange:             0.530000000
 Fraction of exact exchange:             0.530000000
 Fraction of exact exchange:             0.530000000
 Fraction of exact exchange:             0.530000000
 Fraction of exact exchange:             0.530000000
 Fraction of exact exchange:             0.530000000
 Fraction of exact exchange:             0.530000000
 Fraction of exact exchange:             0.530000000
 Fraction of exact exchange:             0.530000000
 Fraction of exact exchange:             0.530000000
 Fraction of exact exchange:             0.530000000
 Fraction of exact exchange:             0.530000000
 Fraction of exact exchange:             0.530000000
 Fraction of exact exchange:             0.530000000
 Fraction of exact exchange:             0.530000000
 Fraction of exact exchange:             0.530000000
 Fraction of exact exchange:             0.530000000
 Fraction of exact exchange:             0.530000000
   3      -237.698912742   -9.75e-06    4.32e-04    7.41e-04    2.06e-03    3.29e-03    2.00e-01        5.12
 Fraction of exact exchange:             0.530000000
 Fraction of exact exchange:             0.530000000
 Fraction of exact exchange:             0.530000000
 Fraction of exact exchange:             0.530000000
 Fraction of exact exchange:             0.530000000
 Fraction of exact exchange:             0.530000000
 Fraction of exact exchange:             0.530000000
 Fraction of exact exchange:             0.530000000
 Fraction of exact exchange:             0.530000000
 Fraction of exact exchange:             0.530000000
 Fraction of exact exchange:             0.530000000
 Fraction of exact exchange:             0.530000000
 Fraction of exact exchange:             0.530000000
 Fraction of exact exchange:             0.530000000
 Fraction of exact exchange:             0.530000000
 Fraction of exact exchange:             0.530000000
 Fraction of exact exchange:             0.530000000
 Fraction of exact exchange:             0.530000000
 Fraction of exact exchange:             0.530000000
   4      -237.698913882   -1.14e-06    9.02e-06    1.61e-05    1.05e-03    1.49e-03    2.00e-01        5.07
 Fraction of exact exchange:             0.530000000
 Fraction of exact exchange:             0.530000000
 Fraction of exact exchange:             0.530000000
 Fraction of exact exchange:             0.530000000
 Fraction of exact exchange:             0.530000000
 Fraction of exact exchange:             0.530000000
 Fraction of exact exchange:             0.530000000
 Fraction of exact exchange:             0.530000000
 Fraction of exact exchange:             0.530000000
 Fraction of exact exchange:             0.530000000
 Fraction of exact exchange:             0.530000000
 Fraction of exact exchange:             0.530000000
 Fraction of exact exchange:             0.530000000
 Fraction of exact exchange:             0.530000000
 Fraction of exact exchange:             0.530000000
 Fraction of exact exchange:             0.530000000
 Fraction of exact exchange:             0.530000000
 Fraction of exact exchange:             0.530000000
 Fraction of exact exchange:             0.530000000
Rejecting step due to low quality: Quality: -1.04625 New trust radius: 2.23368e-05
   5      -237.698913874    7.37e-09    9.02e-06    1.61e-05    4.47e-05    5.05e-04    2.23e-05        5.05
 Geometry optimization stopped:          thresholds achieved

 Final energy:                        -237.698913874

 -----------
  Final XYZ 
 -----------
3
Final structure: -237.699 hartree
C           -0.000002263          0.136868495          0.000000308
F           -0.000000002          0.930190346         -1.031227395
F           -0.000000682          0.930192150          1.031226613

 Structure in entos input format:

  structure(
    xyz = [
      ['C'  ,         -0.000002263,          0.136868495,          0.000000308],
      ['F'  ,         -0.000000002,          0.930190346,         -1.031227395],
      ['F'  ,         -0.000000682,          0.930192150,          1.031226613]
    ]
  )

 --------------------------------
  Geometry optimization finished 
 --------------------------------
 Saving results in set 'opt'

 --------------------------------------------------------------------------------
                                 command: hessian                                
 --------------------------------------------------------------------------------

WARNING: numerical method is specified for dft hessian, which is not efficient. Try switching to 'method = analytic'

 Fraction of exact exchange:             0.530000000
 Fraction of exact exchange:             0.530000000
 Fraction of exact exchange:             0.530000000
 Fraction of exact exchange:             0.530000000
 Fraction of exact exchange:             0.530000000
 Fraction of exact exchange:             0.530000000
 Fraction of exact exchange:             0.530000000
 Fraction of exact exchange:             0.530000000
 Fraction of exact exchange:             0.530000000
 Fraction of exact exchange:             0.530000000
 Fraction of exact exchange:             0.530000000
 Fraction of exact exchange:             0.530000000
 Fraction of exact exchange:             0.530000000
 Fraction of exact exchange:             0.530000000
 Fraction of exact exchange:             0.530000000
 Fraction of exact exchange:             0.530000000
 Fraction of exact exchange:             0.530000000
 Fraction of exact exchange:             0.530000000
 Fraction of exact exchange:             0.530000000
 Fraction of exact exchange:             0.530000000
 Fraction of exact exchange:             0.530000000

 -------------------------------
  Numerical Geometrical Hessian 
 -------------------------------

 Compute hessian using two-point central differentiation.
 Step size (bohr):                       0.0100
 Fraction of exact exchange:             0.530000000
 Fraction of exact exchange:             0.530000000
 Fraction of exact exchange:             0.530000000
 Fraction of exact exchange:             0.530000000
 Fraction of exact exchange:             0.530000000
 Fraction of exact exchange:             0.530000000
 Fraction of exact exchange:             0.530000000
 Fraction of exact exchange:             0.530000000
 Fraction of exact exchange:             0.530000000
 Fraction of exact exchange:             0.530000000
 Fraction of exact exchange:             0.530000000
 Fraction of exact exchange:             0.530000000
 Fraction of exact exchange:             0.530000000
 Fraction of exact exchange:             0.530000000
 Fraction of exact exchange:             0.530000000
 Fraction of exact exchange:             0.530000000
 Fraction of exact exchange:             0.530000000
 Fraction of exact exchange:             0.530000000
 Fraction of exact exchange:             0.530000000
 Fraction of exact exchange:             0.530000000
 Fraction of exact exchange:             0.530000000
 Fraction of exact exchange:             0.530000000
 Fraction of exact exchange:             0.530000000
 Fraction of exact exchange:             0.530000000
 Fraction of exact exchange:             0.530000000
 Fraction of exact exchange:             0.530000000
 Fraction of exact exchange:             0.530000000
 Fraction of exact exchange:             0.530000000
 Fraction of exact exchange:             0.530000000
 Fraction of exact exchange:             0.530000000
 Fraction of exact exchange:             0.530000000
 Fraction of exact exchange:             0.530000000
 Fraction of exact exchange:             0.530000000
 Fraction of exact exchange:             0.530000000
 Fraction of exact exchange:             0.530000000
 Fraction of exact exchange:             0.530000000
 Fraction of exact exchange:             0.530000000
 Fraction of exact exchange:             0.530000000
 Fraction of exact exchange:             0.530000000
 Fraction of exact exchange:             0.530000000
 Fraction of exact exchange:             0.530000000
 Fraction of exact exchange:             0.530000000
 Fraction of exact exchange:             0.530000000
 Fraction of exact exchange:             0.530000000
 Fraction of exact exchange:             0.530000000
 Fraction of exact exchange:             0.530000000
 Fraction of exact exchange:             0.530000000
 Fraction of exact exchange:             0.530000000
 Fraction of exact exchange:             0.530000000
 Fraction of exact exchange:             0.530000000
 Fraction of exact exchange:             0.530000000
 Fraction of exact exchange:             0.530000000
 Fraction of exact exchange:             0.530000000
 Fraction of exact exchange:             0.530000000
 Fraction of exact exchange:             0.530000000
 Fraction of exact exchange:             0.530000000
 Fraction of exact exchange:             0.530000000
 Fraction of exact exchange:             0.530000000
 Fraction of exact exchange:             0.530000000
 Fraction of exact exchange:             0.530000000
 Fraction of exact exchange:             0.530000000
 Fraction of exact exchange:             0.530000000
 Fraction of exact exchange:             0.530000000
 Fraction of exact exchange:             0.530000000
 Fraction of exact exchange:             0.530000000
 Fraction of exact exchange:             0.530000000
 Fraction of exact exchange:             0.530000000
 Fraction of exact exchange:             0.530000000
 Fraction of exact exchange:             0.530000000
 Fraction of exact exchange:             0.530000000
 Fraction of exact exchange:             0.530000000
 Fraction of exact exchange:             0.530000000
 Fraction of exact exchange:             0.530000000
 Fraction of exact exchange:             0.530000000
 Fraction of exact exchange:             0.530000000
 Fraction of exact exchange:             0.530000000
 Fraction of exact exchange:             0.530000000
 Fraction of exact exchange:             0.530000000
 Fraction of exact exchange:             0.530000000
 Fraction of exact exchange:             0.530000000
 Fraction of exact exchange:             0.530000000
 Fraction of exact exchange:             0.530000000
 Fraction of exact exchange:             0.530000000
 Fraction of exact exchange:             0.530000000
 Fraction of exact exchange:             0.530000000
 Fraction of exact exchange:             0.530000000
 Fraction of exact exchange:             0.530000000
 Fraction of exact exchange:             0.530000000
 Fraction of exact exchange:             0.530000000
 Fraction of exact exchange:             0.530000000
 Fraction of exact exchange:             0.530000000
 Fraction of exact exchange:             0.530000000
 Fraction of exact exchange:             0.530000000
 Fraction of exact exchange:             0.530000000
 Fraction of exact exchange:             0.530000000
 Fraction of exact exchange:             0.530000000
 Fraction of exact exchange:             0.530000000
 Fraction of exact exchange:             0.530000000
 Fraction of exact exchange:             0.530000000
 Fraction of exact exchange:             0.530000000
 Fraction of exact exchange:             0.530000000
 Fraction of exact exchange:             0.530000000
 Fraction of exact exchange:             0.530000000
 Fraction of exact exchange:             0.530000000
 Fraction of exact exchange:             0.530000000
 Fraction of exact exchange:             0.530000000
 Fraction of exact exchange:             0.530000000
 Fraction of exact exchange:             0.530000000
 Fraction of exact exchange:             0.530000000
 Fraction of exact exchange:             0.530000000
 Fraction of exact exchange:             0.530000000
 Fraction of exact exchange:             0.530000000
 Fraction of exact exchange:             0.530000000
 Fraction of exact exchange:             0.530000000
 Fraction of exact exchange:             0.530000000
 Fraction of exact exchange:             0.530000000
 Fraction of exact exchange:             0.530000000
 Fraction of exact exchange:             0.530000000
 Fraction of exact exchange:             0.530000000
 Fraction of exact exchange:             0.530000000
 Fraction of exact exchange:             0.530000000
 Fraction of exact exchange:             0.530000000
 Fraction of exact exchange:             0.530000000
 Fraction of exact exchange:             0.530000000
 Fraction of exact exchange:             0.530000000
 Fraction of exact exchange:             0.530000000
 Fraction of exact exchange:             0.530000000
 Fraction of exact exchange:             0.530000000
 Fraction of exact exchange:             0.530000000
 Fraction of exact exchange:             0.530000000
 Fraction of exact exchange:             0.530000000
 Fraction of exact exchange:             0.530000000
 Fraction of exact exchange:             0.530000000
 Fraction of exact exchange:             0.530000000
 Fraction of exact exchange:             0.530000000
 Fraction of exact exchange:             0.530000000
 Fraction of exact exchange:             0.530000000
 Fraction of exact exchange:             0.530000000
 Fraction of exact exchange:             0.530000000
 Fraction of exact exchange:             0.530000000
 Fraction of exact exchange:             0.530000000
 Fraction of exact exchange:             0.530000000
 Fraction of exact exchange:             0.530000000
 Fraction of exact exchange:             0.530000000
 Fraction of exact exchange:             0.530000000
 Fraction of exact exchange:             0.530000000
 Fraction of exact exchange:             0.530000000
 Fraction of exact exchange:             0.530000000
 Fraction of exact exchange:             0.530000000
 Fraction of exact exchange:             0.530000000
 Fraction of exact exchange:             0.530000000
 Fraction of exact exchange:             0.530000000
 Fraction of exact exchange:             0.530000000
 Fraction of exact exchange:             0.530000000
 Fraction of exact exchange:             0.530000000
 Fraction of exact exchange:             0.530000000
 Fraction of exact exchange:             0.530000000
 Fraction of exact exchange:             0.530000000
 Fraction of exact exchange:             0.530000000
 Fraction of exact exchange:             0.530000000
 Fraction of exact exchange:             0.530000000
 Fraction of exact exchange:             0.530000000
 Fraction of exact exchange:             0.530000000
 Fraction of exact exchange:             0.530000000
 Fraction of exact exchange:             0.530000000
 Fraction of exact exchange:             0.530000000
 Fraction of exact exchange:             0.530000000
 Fraction of exact exchange:             0.530000000
 Fraction of exact exchange:             0.530000000
 Fraction of exact exchange:             0.530000000
 Fraction of exact exchange:             0.530000000
 Fraction of exact exchange:             0.530000000
 Fraction of exact exchange:             0.530000000
 Fraction of exact exchange:             0.530000000
 Fraction of exact exchange:             0.530000000
 Fraction of exact exchange:             0.530000000
 Fraction of exact exchange:             0.530000000
 Fraction of exact exchange:             0.530000000
 Fraction of exact exchange:             0.530000000
 Fraction of exact exchange:             0.530000000
 Fraction of exact exchange:             0.530000000
 Fraction of exact exchange:             0.530000000
 Fraction of exact exchange:             0.530000000
 Fraction of exact exchange:             0.530000000
 Fraction of exact exchange:             0.530000000
 Fraction of exact exchange:             0.530000000
 Fraction of exact exchange:             0.530000000
 Fraction of exact exchange:             0.530000000
 Fraction of exact exchange:             0.530000000
 Fraction of exact exchange:             0.530000000
 Fraction of exact exchange:             0.530000000
 Fraction of exact exchange:             0.530000000
 Fraction of exact exchange:             0.530000000
 Fraction of exact exchange:             0.530000000
 Fraction of exact exchange:             0.530000000
 Fraction of exact exchange:             0.530000000
 Fraction of exact exchange:             0.530000000
 Fraction of exact exchange:             0.530000000
 Fraction of exact exchange:             0.530000000
 Fraction of exact exchange:             0.530000000
 Fraction of exact exchange:             0.530000000
 Fraction of exact exchange:             0.530000000
 Fraction of exact exchange:             0.530000000
 Fraction of exact exchange:             0.530000000
 Fraction of exact exchange:             0.530000000
 Fraction of exact exchange:             0.530000000
 Fraction of exact exchange:             0.530000000
 Fraction of exact exchange:             0.530000000
 Fraction of exact exchange:             0.530000000
 Fraction of exact exchange:             0.530000000
 Fraction of exact exchange:             0.530000000
 Fraction of exact exchange:             0.530000000
 Fraction of exact exchange:             0.530000000
 Fraction of exact exchange:             0.530000000
 Fraction of exact exchange:             0.530000000
 Fraction of exact exchange:             0.530000000
 Fraction of exact exchange:             0.530000000
 Fraction of exact exchange:             0.530000000
 Fraction of exact exchange:             0.530000000
 Fraction of exact exchange:             0.530000000
 Fraction of exact exchange:             0.530000000
 Fraction of exact exchange:             0.530000000
 Fraction of exact exchange:             0.530000000
 Fraction of exact exchange:             0.530000000
 Fraction of exact exchange:             0.530000000
 Fraction of exact exchange:             0.530000000
 Fraction of exact exchange:             0.530000000
 Fraction of exact exchange:             0.530000000
 Fraction of exact exchange:             0.530000000
 Fraction of exact exchange:             0.530000000
 Fraction of exact exchange:             0.530000000
 Fraction of exact exchange:             0.530000000
 Fraction of exact exchange:             0.530000000
 Fraction of exact exchange:             0.530000000
 Fraction of exact exchange:             0.530000000
 Fraction of exact exchange:             0.530000000
 Fraction of exact exchange:             0.530000000
 Fraction of exact exchange:             0.530000000
 Fraction of exact exchange:             0.530000000
 Fraction of exact exchange:             0.530000000
 Fraction of exact exchange:             0.530000000
 Fraction of exact exchange:             0.530000000
 Fraction of exact exchange:             0.530000000
 Fraction of exact exchange:             0.530000000
 Fraction of exact exchange:             0.530000000
 Fraction of exact exchange:             0.530000000
 Fraction of exact exchange:             0.530000000
 Fraction of exact exchange:             0.530000000
 Fraction of exact exchange:             0.530000000
 Fraction of exact exchange:             0.530000000
 Fraction of exact exchange:             0.530000000
 Fraction of exact exchange:             0.530000000
 Fraction of exact exchange:             0.530000000
 Fraction of exact exchange:             0.530000000
 Fraction of exact exchange:             0.530000000
 Fraction of exact exchange:             0.530000000
 Fraction of exact exchange:             0.530000000
 Fraction of exact exchange:             0.530000000
 Fraction of exact exchange:             0.530000000
 Fraction of exact exchange:             0.530000000
 Fraction of exact exchange:             0.530000000
 Fraction of exact exchange:             0.530000000
 Fraction of exact exchange:             0.530000000
 Fraction of exact exchange:             0.530000000
 Fraction of exact exchange:             0.530000000
 Fraction of exact exchange:             0.530000000
 Fraction of exact exchange:             0.530000000
 Fraction of exact exchange:             0.530000000
 Fraction of exact exchange:             0.530000000
 Fraction of exact exchange:             0.530000000
 Fraction of exact exchange:             0.530000000
 Fraction of exact exchange:             0.530000000
 Fraction of exact exchange:             0.530000000
 Fraction of exact exchange:             0.530000000
 Fraction of exact exchange:             0.530000000
 Fraction of exact exchange:             0.530000000
 Fraction of exact exchange:             0.530000000
 Fraction of exact exchange:             0.530000000
 Fraction of exact exchange:             0.530000000
 Fraction of exact exchange:             0.530000000
 Fraction of exact exchange:             0.530000000
 Fraction of exact exchange:             0.530000000
 Fraction of exact exchange:             0.530000000
 Fraction of exact exchange:             0.530000000
 Fraction of exact exchange:             0.530000000
 Fraction of exact exchange:             0.530000000
 Fraction of exact exchange:             0.530000000
 Fraction of exact exchange:             0.530000000
 Fraction of exact exchange:             0.530000000
 Fraction of exact exchange:             0.530000000
 Fraction of exact exchange:             0.530000000
 Fraction of exact exchange:             0.530000000
 Fraction of exact exchange:             0.530000000
 Fraction of exact exchange:             0.530000000
 Fraction of exact exchange:             0.530000000
 Fraction of exact exchange:             0.530000000
 Fraction of exact exchange:             0.530000000
 Fraction of exact exchange:             0.530000000
 Fraction of exact exchange:             0.530000000
 Fraction of exact exchange:             0.530000000
 Fraction of exact exchange:             0.530000000
 Fraction of exact exchange:             0.530000000
 Fraction of exact exchange:             0.530000000
 Fraction of exact exchange:             0.530000000
 Fraction of exact exchange:             0.530000000
 Fraction of exact exchange:             0.530000000
 Fraction of exact exchange:             0.530000000
 Fraction of exact exchange:             0.530000000
 Fraction of exact exchange:             0.530000000
 Fraction of exact exchange:             0.530000000
 Fraction of exact exchange:             0.530000000
 Fraction of exact exchange:             0.530000000
 Fraction of exact exchange:             0.530000000
 Fraction of exact exchange:             0.530000000
 Fraction of exact exchange:             0.530000000
 Fraction of exact exchange:             0.530000000
 Fraction of exact exchange:             0.530000000
 Fraction of exact exchange:             0.530000000
 Fraction of exact exchange:             0.530000000
 Fraction of exact exchange:             0.530000000
 Fraction of exact exchange:             0.530000000
 Fraction of exact exchange:             0.530000000
 Fraction of exact exchange:             0.530000000
 Fraction of exact exchange:             0.530000000
 Fraction of exact exchange:             0.530000000
 Fraction of exact exchange:             0.530000000
 Fraction of exact exchange:             0.530000000
 Fraction of exact exchange:             0.530000000
 Fraction of exact exchange:             0.530000000
 Fraction of exact exchange:             0.530000000
 Fraction of exact exchange:             0.530000000
 Fraction of exact exchange:             0.530000000
 Fraction of exact exchange:             0.530000000
 Fraction of exact exchange:             0.530000000
 Fraction of exact exchange:             0.530000000
 Fraction of exact exchange:             0.530000000
 Fraction of exact exchange:             0.530000000
 Fraction of exact exchange:             0.530000000
 Fraction of exact exchange:             0.530000000
 Fraction of exact exchange:             0.530000000
 Fraction of exact exchange:             0.530000000
 Fraction of exact exchange:             0.530000000

 Frequencies (including translational and rotational modes):
 mode    frequency (cm-1)
    0                1.83
    1                2.27
    2                3.23
    3               30.34
    4               34.69
    5               73.54
    6              672.86
    7             1111.28
    8             1227.49

 Project out translational and rotational motions 

 Degrees of freedom for translational and rotational motions: 6

 Vibrational frequencies:
 mode    frequency (cm-1)
    0              672.86
    1             1111.27
    2             1227.49

 --------------------------------------------------------------------------------

 End time:                               Tue Apr 20 11:12:40 2021
 Total wall-clock time:                132.516 seconds
==================================================================================
