
================================================================================
          _____________ ________ _______________ ________     _________         
         / ___________// ______ \\_____   _____// ______ \   / ________)        
        / /_________  / /      \ \     | |     / /      \ \ | (_______          
       |  __________|| |        | |    | |    | |        | | \________ \        
        \ \_________ | |        | |    | |     \ \______/ /___________) |       
         \__________||_|        |_|    |_|      \________//____________/        
                                                                                
====================================[ Qcore ]===================================

 Git hash:   bfa4c3a672cc1ff01df8911b87991f8932a2a687
 Git date:   Fri, 12 Feb 2021 10:05:04 +0000
 Compiler:   GNU 9.1.0
 Build type: Release
 Version:    0.8.19

 Start time: Tue Apr 20 11:21:55 2021

 Data directory: /home/zw18965/.local/qcore/share/entos/0.8.19/data
 Number of threads: 24
 Number of threads was determined by: command line argument

 --------------------------------------------------------------------------------
                                command: optimize                                
 --------------------------------------------------------------------------------
 Using coordinate system:                tric
 Hessian update scheme:                  bfgs

 ------------------------------------------------------------------------------------------------------------
                   energy      change    grad rms    grad max    step rms    step max       trust    time (s)
 ------------------------------------------------------------------------------------------------------------
 Fraction of exact exchange:             0.530000000
 Fraction of exact exchange:             0.530000000
 Fraction of exact exchange:             0.530000000
 Fraction of exact exchange:             0.530000000
 Fraction of exact exchange:             0.530000000
 Fraction of exact exchange:             0.530000000
 Fraction of exact exchange:             0.530000000
 Fraction of exact exchange:             0.530000000
 Fraction of exact exchange:             0.530000000
 Fraction of exact exchange:             0.530000000
 Fraction of exact exchange:             0.530000000
 Fraction of exact exchange:             0.530000000
 Fraction of exact exchange:             0.530000000
 Fraction of exact exchange:             0.530000000
 Fraction of exact exchange:             0.530000000
 Fraction of exact exchange:             0.530000000
 Fraction of exact exchange:             0.530000000
 Fraction of exact exchange:             0.530000000
 Fraction of exact exchange:             0.530000000
 Fraction of exact exchange:             0.530000000
 Fraction of exact exchange:             0.530000000
   1      -188.571655984                2.33e-02    4.95e-02                            2.00e-01        5.59
 Fraction of exact exchange:             0.530000000
 Fraction of exact exchange:             0.530000000
 Fraction of exact exchange:             0.530000000
 Fraction of exact exchange:             0.530000000
 Fraction of exact exchange:             0.530000000
 Fraction of exact exchange:             0.530000000
 Fraction of exact exchange:             0.530000000
 Fraction of exact exchange:             0.530000000
 Fraction of exact exchange:             0.530000000
 Fraction of exact exchange:             0.530000000
 Fraction of exact exchange:             0.530000000
 Fraction of exact exchange:             0.530000000
 Fraction of exact exchange:             0.530000000
 Fraction of exact exchange:             0.530000000
 Fraction of exact exchange:             0.530000000
 Fraction of exact exchange:             0.530000000
 Fraction of exact exchange:             0.530000000
 Fraction of exact exchange:             0.530000000
 Fraction of exact exchange:             0.530000000
   2      -188.573660413   -2.00e-03    1.64e-03    3.48e-03    3.16e-02    3.87e-02    2.00e-01        5.00
 Fraction of exact exchange:             0.530000000
 Fraction of exact exchange:             0.530000000
 Fraction of exact exchange:             0.530000000
 Fraction of exact exchange:             0.530000000
 Fraction of exact exchange:             0.530000000
 Fraction of exact exchange:             0.530000000
 Fraction of exact exchange:             0.530000000
 Fraction of exact exchange:             0.530000000
 Fraction of exact exchange:             0.530000000
 Fraction of exact exchange:             0.530000000
 Fraction of exact exchange:             0.530000000
 Fraction of exact exchange:             0.530000000
 Fraction of exact exchange:             0.530000000
 Fraction of exact exchange:             0.530000000
 Fraction of exact exchange:             0.530000000
 Fraction of exact exchange:             0.530000000
 Fraction of exact exchange:             0.530000000
 Fraction of exact exchange:             0.530000000
 Fraction of exact exchange:             0.530000000
   3      -188.573671268   -1.09e-05    1.24e-04    2.63e-04    2.38e-03    2.92e-03    2.00e-01        5.08
 Fraction of exact exchange:             0.530000000
 Fraction of exact exchange:             0.530000000
 Fraction of exact exchange:             0.530000000
 Fraction of exact exchange:             0.530000000
 Fraction of exact exchange:             0.530000000
 Fraction of exact exchange:             0.530000000
 Fraction of exact exchange:             0.530000000
 Fraction of exact exchange:             0.530000000
 Fraction of exact exchange:             0.530000000
 Fraction of exact exchange:             0.530000000
 Fraction of exact exchange:             0.530000000
 Fraction of exact exchange:             0.530000000
 Fraction of exact exchange:             0.530000000
 Fraction of exact exchange:             0.530000000
 Fraction of exact exchange:             0.530000000
 Fraction of exact exchange:             0.530000000
 Fraction of exact exchange:             0.530000000
 Fraction of exact exchange:             0.530000000
 Fraction of exact exchange:             0.530000000
   4      -188.573671321   -5.31e-08    7.44e-07    1.59e-06    1.95e-04    2.39e-04    2.00e-01        4.98
 Geometry optimization stopped:          thresholds achieved

 Final energy:                        -188.573671321

 -----------
  Final XYZ 
 -----------
3
Final structure: -188.574 hartree
O           -1.162583523          0.000001269          0.000000099
O            1.162583104          0.000000389         -0.000000300
C           -0.000000213          0.000000528          0.000000000

 Structure in entos input format:

  structure(
    xyz = [
      ['O'  ,         -1.162583523,          0.000001269,          0.000000099],
      ['O'  ,          1.162583104,          0.000000389,         -0.000000300],
      ['C'  ,         -0.000000213,          0.000000528,          0.000000000]
    ]
  )

 --------------------------------
  Geometry optimization finished 
 --------------------------------
 Saving results in set 'opt'

 --------------------------------------------------------------------------------
                                 command: hessian                                
 --------------------------------------------------------------------------------

WARNING: numerical method is specified for dft hessian, which is not efficient. Try switching to 'method = analytic'

 Fraction of exact exchange:             0.530000000
 Fraction of exact exchange:             0.530000000
 Fraction of exact exchange:             0.530000000
 Fraction of exact exchange:             0.530000000
 Fraction of exact exchange:             0.530000000
 Fraction of exact exchange:             0.530000000
 Fraction of exact exchange:             0.530000000
 Fraction of exact exchange:             0.530000000
 Fraction of exact exchange:             0.530000000
 Fraction of exact exchange:             0.530000000
 Fraction of exact exchange:             0.530000000
 Fraction of exact exchange:             0.530000000
 Fraction of exact exchange:             0.530000000
 Fraction of exact exchange:             0.530000000
 Fraction of exact exchange:             0.530000000
 Fraction of exact exchange:             0.530000000
 Fraction of exact exchange:             0.530000000
 Fraction of exact exchange:             0.530000000
 Fraction of exact exchange:             0.530000000
 Fraction of exact exchange:             0.530000000
 Fraction of exact exchange:             0.530000000

 -------------------------------
  Numerical Geometrical Hessian 
 -------------------------------

 Compute hessian using two-point central differentiation.
 Step size (bohr):                       0.0100
 Fraction of exact exchange:             0.530000000
 Fraction of exact exchange:             0.530000000
 Fraction of exact exchange:             0.530000000
 Fraction of exact exchange:             0.530000000
 Fraction of exact exchange:             0.530000000
 Fraction of exact exchange:             0.530000000
 Fraction of exact exchange:             0.530000000
 Fraction of exact exchange:             0.530000000
 Fraction of exact exchange:             0.530000000
 Fraction of exact exchange:             0.530000000
 Fraction of exact exchange:             0.530000000
 Fraction of exact exchange:             0.530000000
 Fraction of exact exchange:             0.530000000
 Fraction of exact exchange:             0.530000000
 Fraction of exact exchange:             0.530000000
 Fraction of exact exchange:             0.530000000
 Fraction of exact exchange:             0.530000000
 Fraction of exact exchange:             0.530000000
 Fraction of exact exchange:             0.530000000
 Fraction of exact exchange:             0.530000000
 Fraction of exact exchange:             0.530000000
 Fraction of exact exchange:             0.530000000
 Fraction of exact exchange:             0.530000000
 Fraction of exact exchange:             0.530000000
 Fraction of exact exchange:             0.530000000
 Fraction of exact exchange:             0.530000000
 Fraction of exact exchange:             0.530000000
 Fraction of exact exchange:             0.530000000
 Fraction of exact exchange:             0.530000000
 Fraction of exact exchange:             0.530000000
 Fraction of exact exchange:             0.530000000
 Fraction of exact exchange:             0.530000000
 Fraction of exact exchange:             0.530000000
 Fraction of exact exchange:             0.530000000
 Fraction of exact exchange:             0.530000000
 Fraction of exact exchange:             0.530000000
 Fraction of exact exchange:             0.530000000
 Fraction of exact exchange:             0.530000000
 Fraction of exact exchange:             0.530000000
 Fraction of exact exchange:             0.530000000
 Fraction of exact exchange:             0.530000000
 Fraction of exact exchange:             0.530000000
 Fraction of exact exchange:             0.530000000
 Fraction of exact exchange:             0.530000000
 Fraction of exact exchange:             0.530000000
 Fraction of exact exchange:             0.530000000
 Fraction of exact exchange:             0.530000000
 Fraction of exact exchange:             0.530000000
 Fraction of exact exchange:             0.530000000
 Fraction of exact exchange:             0.530000000
 Fraction of exact exchange:             0.530000000
 Fraction of exact exchange:             0.530000000
 Fraction of exact exchange:             0.530000000
 Fraction of exact exchange:             0.530000000
 Fraction of exact exchange:             0.530000000
 Fraction of exact exchange:             0.530000000
 Fraction of exact exchange:             0.530000000
 Fraction of exact exchange:             0.530000000
 Fraction of exact exchange:             0.530000000
 Fraction of exact exchange:             0.530000000
 Fraction of exact exchange:             0.530000000
 Fraction of exact exchange:             0.530000000
 Fraction of exact exchange:             0.530000000
 Fraction of exact exchange:             0.530000000
 Fraction of exact exchange:             0.530000000
 Fraction of exact exchange:             0.530000000
 Fraction of exact exchange:             0.530000000
 Fraction of exact exchange:             0.530000000
 Fraction of exact exchange:             0.530000000
 Fraction of exact exchange:             0.530000000
 Fraction of exact exchange:             0.530000000
 Fraction of exact exchange:             0.530000000
 Fraction of exact exchange:             0.530000000
 Fraction of exact exchange:             0.530000000
 Fraction of exact exchange:             0.530000000
 Fraction of exact exchange:             0.530000000
 Fraction of exact exchange:             0.530000000
 Fraction of exact exchange:             0.530000000
 Fraction of exact exchange:             0.530000000
 Fraction of exact exchange:             0.530000000
 Fraction of exact exchange:             0.530000000
 Fraction of exact exchange:             0.530000000
 Fraction of exact exchange:             0.530000000
 Fraction of exact exchange:             0.530000000
 Fraction of exact exchange:             0.530000000
 Fraction of exact exchange:             0.530000000
 Fraction of exact exchange:             0.530000000
 Fraction of exact exchange:             0.530000000
 Fraction of exact exchange:             0.530000000
 Fraction of exact exchange:             0.530000000
 Fraction of exact exchange:             0.530000000
 Fraction of exact exchange:             0.530000000
 Fraction of exact exchange:             0.530000000
 Fraction of exact exchange:             0.530000000
 Fraction of exact exchange:             0.530000000
 Fraction of exact exchange:             0.530000000
 Fraction of exact exchange:             0.530000000
 Fraction of exact exchange:             0.530000000
 Fraction of exact exchange:             0.530000000
 Fraction of exact exchange:             0.530000000
 Fraction of exact exchange:             0.530000000
 Fraction of exact exchange:             0.530000000
 Fraction of exact exchange:             0.530000000
 Fraction of exact exchange:             0.530000000
 Fraction of exact exchange:             0.530000000
 Fraction of exact exchange:             0.530000000
 Fraction of exact exchange:             0.530000000
 Fraction of exact exchange:             0.530000000
 Fraction of exact exchange:             0.530000000
 Fraction of exact exchange:             0.530000000
 Fraction of exact exchange:             0.530000000
 Fraction of exact exchange:             0.530000000
 Fraction of exact exchange:             0.530000000
 Fraction of exact exchange:             0.530000000
 Fraction of exact exchange:             0.530000000
 Fraction of exact exchange:             0.530000000
 Fraction of exact exchange:             0.530000000
 Fraction of exact exchange:             0.530000000
 Fraction of exact exchange:             0.530000000
 Fraction of exact exchange:             0.530000000
 Fraction of exact exchange:             0.530000000
 Fraction of exact exchange:             0.530000000
 Fraction of exact exchange:             0.530000000
 Fraction of exact exchange:             0.530000000
 Fraction of exact exchange:             0.530000000
 Fraction of exact exchange:             0.530000000
 Fraction of exact exchange:             0.530000000
 Fraction of exact exchange:             0.530000000
 Fraction of exact exchange:             0.530000000
 Fraction of exact exchange:             0.530000000
 Fraction of exact exchange:             0.530000000
 Fraction of exact exchange:             0.530000000
 Fraction of exact exchange:             0.530000000
 Fraction of exact exchange:             0.530000000
 Fraction of exact exchange:             0.530000000
 Fraction of exact exchange:             0.530000000
 Fraction of exact exchange:             0.530000000
 Fraction of exact exchange:             0.530000000
 Fraction of exact exchange:             0.530000000
 Fraction of exact exchange:             0.530000000
 Fraction of exact exchange:             0.530000000
 Fraction of exact exchange:             0.530000000
 Fraction of exact exchange:             0.530000000
 Fraction of exact exchange:             0.530000000
 Fraction of exact exchange:             0.530000000
 Fraction of exact exchange:             0.530000000
 Fraction of exact exchange:             0.530000000
 Fraction of exact exchange:             0.530000000
 Fraction of exact exchange:             0.530000000
 Fraction of exact exchange:             0.530000000
 Fraction of exact exchange:             0.530000000
 Fraction of exact exchange:             0.530000000
 Fraction of exact exchange:             0.530000000
 Fraction of exact exchange:             0.530000000
 Fraction of exact exchange:             0.530000000
 Fraction of exact exchange:             0.530000000
 Fraction of exact exchange:             0.530000000
 Fraction of exact exchange:             0.530000000
 Fraction of exact exchange:             0.530000000
 Fraction of exact exchange:             0.530000000
 Fraction of exact exchange:             0.530000000
 Fraction of exact exchange:             0.530000000
 Fraction of exact exchange:             0.530000000
 Fraction of exact exchange:             0.530000000
 Fraction of exact exchange:             0.530000000
 Fraction of exact exchange:             0.530000000
 Fraction of exact exchange:             0.530000000
 Fraction of exact exchange:             0.530000000
 Fraction of exact exchange:             0.530000000
 Fraction of exact exchange:             0.530000000
 Fraction of exact exchange:             0.530000000
 Fraction of exact exchange:             0.530000000
 Fraction of exact exchange:             0.530000000
 Fraction of exact exchange:             0.530000000
 Fraction of exact exchange:             0.530000000
 Fraction of exact exchange:             0.530000000
 Fraction of exact exchange:             0.530000000
 Fraction of exact exchange:             0.530000000
 Fraction of exact exchange:             0.530000000
 Fraction of exact exchange:             0.530000000
 Fraction of exact exchange:             0.530000000
 Fraction of exact exchange:             0.530000000
 Fraction of exact exchange:             0.530000000
 Fraction of exact exchange:             0.530000000
 Fraction of exact exchange:             0.530000000
 Fraction of exact exchange:             0.530000000
 Fraction of exact exchange:             0.530000000
 Fraction of exact exchange:             0.530000000
 Fraction of exact exchange:             0.530000000
 Fraction of exact exchange:             0.530000000
 Fraction of exact exchange:             0.530000000
 Fraction of exact exchange:             0.530000000
 Fraction of exact exchange:             0.530000000
 Fraction of exact exchange:             0.530000000
 Fraction of exact exchange:             0.530000000
 Fraction of exact exchange:             0.530000000
 Fraction of exact exchange:             0.530000000
 Fraction of exact exchange:             0.530000000
 Fraction of exact exchange:             0.530000000
 Fraction of exact exchange:             0.530000000
 Fraction of exact exchange:             0.530000000
 Fraction of exact exchange:             0.530000000
 Fraction of exact exchange:             0.530000000
 Fraction of exact exchange:             0.530000000
 Fraction of exact exchange:             0.530000000
 Fraction of exact exchange:             0.530000000
 Fraction of exact exchange:             0.530000000
 Fraction of exact exchange:             0.530000000
 Fraction of exact exchange:             0.530000000
 Fraction of exact exchange:             0.530000000
 Fraction of exact exchange:             0.530000000
 Fraction of exact exchange:             0.530000000
 Fraction of exact exchange:             0.530000000
 Fraction of exact exchange:             0.530000000
 Fraction of exact exchange:             0.530000000
 Fraction of exact exchange:             0.530000000
 Fraction of exact exchange:             0.530000000
 Fraction of exact exchange:             0.530000000
 Fraction of exact exchange:             0.530000000
 Fraction of exact exchange:             0.530000000
 Fraction of exact exchange:             0.530000000
 Fraction of exact exchange:             0.530000000
 Fraction of exact exchange:             0.530000000
 Fraction of exact exchange:             0.530000000
 Fraction of exact exchange:             0.530000000
 Fraction of exact exchange:             0.530000000
 Fraction of exact exchange:             0.530000000
 Fraction of exact exchange:             0.530000000
 Fraction of exact exchange:             0.530000000
 Fraction of exact exchange:             0.530000000
 Fraction of exact exchange:             0.530000000
 Fraction of exact exchange:             0.530000000
 Fraction of exact exchange:             0.530000000
 Fraction of exact exchange:             0.530000000
 Fraction of exact exchange:             0.530000000
 Fraction of exact exchange:             0.530000000
 Fraction of exact exchange:             0.530000000
 Fraction of exact exchange:             0.530000000
 Fraction of exact exchange:             0.530000000
 Fraction of exact exchange:             0.530000000
 Fraction of exact exchange:             0.530000000
 Fraction of exact exchange:             0.530000000
 Fraction of exact exchange:             0.530000000
 Fraction of exact exchange:             0.530000000
 Fraction of exact exchange:             0.530000000
 Fraction of exact exchange:             0.530000000
 Fraction of exact exchange:             0.530000000
 Fraction of exact exchange:             0.530000000
 Fraction of exact exchange:             0.530000000
 Fraction of exact exchange:             0.530000000
 Fraction of exact exchange:             0.530000000
 Fraction of exact exchange:             0.530000000
 Fraction of exact exchange:             0.530000000
 Fraction of exact exchange:             0.530000000
 Fraction of exact exchange:             0.530000000
 Fraction of exact exchange:             0.530000000
 Fraction of exact exchange:             0.530000000
 Fraction of exact exchange:             0.530000000
 Fraction of exact exchange:             0.530000000
 Fraction of exact exchange:             0.530000000
 Fraction of exact exchange:             0.530000000
 Fraction of exact exchange:             0.530000000
 Fraction of exact exchange:             0.530000000
 Fraction of exact exchange:             0.530000000
 Fraction of exact exchange:             0.530000000
 Fraction of exact exchange:             0.530000000
 Fraction of exact exchange:             0.530000000
 Fraction of exact exchange:             0.530000000
 Fraction of exact exchange:             0.530000000
 Fraction of exact exchange:             0.530000000
 Fraction of exact exchange:             0.530000000
 Fraction of exact exchange:             0.530000000
 Fraction of exact exchange:             0.530000000
 Fraction of exact exchange:             0.530000000
 Fraction of exact exchange:             0.530000000
 Fraction of exact exchange:             0.530000000
 Fraction of exact exchange:             0.530000000
 Fraction of exact exchange:             0.530000000
 Fraction of exact exchange:             0.530000000
 Fraction of exact exchange:             0.530000000
 Fraction of exact exchange:             0.530000000
 Fraction of exact exchange:             0.530000000
 Fraction of exact exchange:             0.530000000
 Fraction of exact exchange:             0.530000000
 Fraction of exact exchange:             0.530000000
 Fraction of exact exchange:             0.530000000
 Fraction of exact exchange:             0.530000000
 Fraction of exact exchange:             0.530000000
 Fraction of exact exchange:             0.530000000
 Fraction of exact exchange:             0.530000000
 Fraction of exact exchange:             0.530000000
 Fraction of exact exchange:             0.530000000
 Fraction of exact exchange:             0.530000000
 Fraction of exact exchange:             0.530000000
 Fraction of exact exchange:             0.530000000
 Fraction of exact exchange:             0.530000000
 Fraction of exact exchange:             0.530000000
 Fraction of exact exchange:             0.530000000
 Fraction of exact exchange:             0.530000000
 Fraction of exact exchange:             0.530000000
 Fraction of exact exchange:             0.530000000
 Fraction of exact exchange:             0.530000000
 Fraction of exact exchange:             0.530000000
 Fraction of exact exchange:             0.530000000
 Fraction of exact exchange:             0.530000000
 Fraction of exact exchange:             0.530000000
 Fraction of exact exchange:             0.530000000
 Fraction of exact exchange:             0.530000000
 Fraction of exact exchange:             0.530000000
 Fraction of exact exchange:             0.530000000
 Fraction of exact exchange:             0.530000000
 Fraction of exact exchange:             0.530000000
 Fraction of exact exchange:             0.530000000
 Fraction of exact exchange:             0.530000000
 Fraction of exact exchange:             0.530000000
 Fraction of exact exchange:             0.530000000
 Fraction of exact exchange:             0.530000000
 Fraction of exact exchange:             0.530000000
 Fraction of exact exchange:             0.530000000
 Fraction of exact exchange:             0.530000000
 Fraction of exact exchange:             0.530000000
 Fraction of exact exchange:             0.530000000
 Fraction of exact exchange:             0.530000000
 Fraction of exact exchange:             0.530000000
 Fraction of exact exchange:             0.530000000
 Fraction of exact exchange:             0.530000000
 Fraction of exact exchange:             0.530000000
 Fraction of exact exchange:             0.530000000
 Fraction of exact exchange:             0.530000000
 Fraction of exact exchange:             0.530000000
 Fraction of exact exchange:             0.530000000
 Fraction of exact exchange:             0.530000000
 Fraction of exact exchange:             0.530000000
 Fraction of exact exchange:             0.530000000
 Fraction of exact exchange:             0.530000000
 Fraction of exact exchange:             0.530000000
 Fraction of exact exchange:             0.530000000
 Fraction of exact exchange:             0.530000000
 Fraction of exact exchange:             0.530000000
 Fraction of exact exchange:             0.530000000
 Fraction of exact exchange:             0.530000000
 Fraction of exact exchange:             0.530000000

 Frequencies (including translational and rotational modes):
 mode    frequency (cm-1)
    0               11.52 i (imaginary)
    1                7.39 i (imaginary)
    2                2.92 i (imaginary)
    3               15.96
    4               17.07
    5              667.69
    6              667.82
    7             1343.61
    8             2389.63

 Project out translational and rotational motions 

 Degrees of freedom for translational and rotational motions: 6

 Vibrational frequencies:
 mode    frequency (cm-1)
    0              667.70
    1             1343.61
    2             2389.63

 --------------------------------------------------------------------------------

 End time:                               Tue Apr 20 11:24:02 2021
 Total wall-clock time:                127.117 seconds
==================================================================================
