
================================================================================
          _____________ ________ _______________ ________     _________         
         / ___________// ______ \\_____   _____// ______ \   / ________)        
        / /_________  / /      \ \     | |     / /      \ \ | (_______          
       |  __________|| |        | |    | |    | |        | | \________ \        
        \ \_________ | |        | |    | |     \ \______/ /___________) |       
         \__________||_|        |_|    |_|      \________//____________/        
                                                                                
====================================[ Qcore ]===================================

 Git hash:   15a3e7daff0cda5fa9af010ccd19a80288182ecf
 Git date:   Fri, 16 Apr 2021 15:57:16 +0100
 Compiler:   GNU 9.1.0
 Build type: Release
 Version:    1.1.0

 Start time: Sun May  9 16:30:32 2021

 Data directory: /work/zw18965/.local/qcore/share/entos/1.1.0/data
 Number of threads: 24
 Number of threads was determined by: command line argument
  - More threads can be used by running 'qcore -n 32'

 --------------------------------------------------------------------------------
                                command: optimize                                
 --------------------------------------------------------------------------------
 Using coordinate system:                tric
 Hessian update scheme:                  bfgs

 ------------------------------------------------------------------------------------------------------------
                   energy      change    grad rms    grad max    step rms    step max       trust    time (s)
 ------------------------------------------------------------------------------------------------------------
   1       -77.204026376                4.20e-03    1.03e-02                            2.00e-01        3.77
   2       -77.204068816   -4.24e-05    1.98e-04    3.84e-04    4.66e-03    9.31e-03    2.00e-01        2.97
   3       -77.204069140   -3.24e-07    4.54e-05    7.94e-05    3.36e-04    5.10e-04    2.00e-01        2.80
   4       -77.204069182   -4.20e-08    1.41e-06    3.25e-06    1.34e-04    1.89e-04    2.00e-01        2.75
   5       -77.204069184   -1.34e-09    1.26e-06    2.88e-06    2.52e-06    5.24e-06    2.00e-01        2.60
 Geometry optimization stopped:          thresholds achieved

 Final energy:                         -77.204069184

 -----------
  Final XYZ 
 -----------
4
Final structure: -77.2041 hartree
C           -0.595736372          0.000000026         -0.000015692
C            0.595736511         -0.000000023          0.000015694
H           -1.653125309         -0.000000008         -0.000093936
H            1.653125171          0.000000005          0.000093934

 Structure in entos input format:

  structure(
    xyz = [
      ['C'  ,         -0.595736372,          0.000000026,         -0.000015692],
      ['C'  ,          0.595736511,         -0.000000023,          0.000015694],
      ['H'  ,         -1.653125309,         -0.000000008,         -0.000093936],
      ['H'  ,          1.653125171,          0.000000005,          0.000093934]
    ]
  )

 --------------------------------
  Geometry optimization finished 
 --------------------------------
 Saving results in set 'opt'

 --------------------------------------------------------------------------------
                                 command: hessian                                
 --------------------------------------------------------------------------------

WARNING: semianalytic method is specified for dft hessian, which is not efficient. Try switching to 'method = analytic'


 -------------------------------
  Numerical Geometrical Hessian 
 -------------------------------

 Compute hessian using two-point central differentiation.
 Step size (bohr):                       0.0100

 Frequencies (including translational and rotational modes):
 mode    frequency (cm-1)
    0                0.02 i (imaginary)
    1                0.01 i (imaginary)
    2                0.00 i (imaginary)
    3                9.20
    4                9.24
    5              692.43
    6              692.43
    7              789.05
    8              789.05
    9             2103.70
   10             3466.15
   11             3573.46

 Project out translational and rotational motions 

 Degrees of freedom for translational and rotational motions: 6

 Vibrational frequencies:
 mode    frequency (cm-1)
    0              692.43
    1              789.05
    2              789.05
    3             2103.70
    4             3466.15
    5             3573.46

 --------------------------------------------------------------------------------

 End time:                               Sun May  9 16:32:03 2021
 Total wall-clock time:                 90.657 seconds
==================================================================================
