
================================================================================
          _____________ ________ _______________ ________     _________         
         / ___________// ______ \\_____   _____// ______ \   / ________)        
        / /_________  / /      \ \     | |     / /      \ \ | (_______          
       |  __________|| |        | |    | |    | |        | | \________ \        
        \ \_________ | |        | |    | |     \ \______/ /___________) |       
         \__________||_|        |_|    |_|      \________//____________/        
                                                                                
====================================[ Qcore ]===================================

 Git hash:   15a3e7daff0cda5fa9af010ccd19a80288182ecf
 Git date:   Fri, 16 Apr 2021 15:57:16 +0100
 Compiler:   GNU 9.1.0
 Build type: Release
 Version:    1.1.0

 Start time: Sun May  9 16:43:05 2021

 Data directory: /work/zw18965/.local/qcore/share/entos/1.1.0/data
 Number of threads: 24
 Number of threads was determined by: command line argument
  - More threads can be used by running 'qcore -n 32'

 --------------------------------------------------------------------------------
                                command: optimize                                
 --------------------------------------------------------------------------------
 Using coordinate system:                tric
 Hessian update scheme:                  bfgs

 ------------------------------------------------------------------------------------------------------------
                   energy      change    grad rms    grad max    step rms    step max       trust    time (s)
 ------------------------------------------------------------------------------------------------------------
   1      -957.738053478                1.38e-02    3.36e-02                            2.00e-01        8.79
   2      -957.742026363   -3.97e-03    7.34e-03    1.52e-02    1.23e-01    1.35e-01    2.00e-01        7.52
   3      -957.742415922   -3.90e-04    4.32e-03    7.55e-03    2.10e-02    2.47e-02    2.00e-01        7.14
   4      -957.742617259   -2.01e-04    7.12e-04    1.38e-03    1.58e-02    2.48e-02    2.00e-01        7.47
   5      -957.742625273   -8.01e-06    4.55e-05    9.90e-05    4.63e-03    4.42e-03    2.00e-01        7.40
   6      -957.742625361   -8.85e-08    9.49e-06    2.13e-05    5.01e-04    9.77e-04    2.00e-01        6.84
   7      -957.742625426   -6.46e-08    1.98e-05    4.10e-05    1.95e-04    1.56e-03    2.00e-01        6.84
   8      -957.742625695   -2.70e-07    6.44e-05    1.34e-04    5.55e-04    9.22e-03    2.00e-01        6.97
   9      -957.742626119   -4.23e-07    1.05e-04    2.20e-04    4.92e-04    1.86e-02    2.00e-01        7.01
  10      -957.742626752   -6.33e-07    1.16e-04    2.48e-04    1.49e-04    3.21e-02    2.00e-01        7.22
  11      -957.742627206   -4.54e-07    7.04e-05    1.54e-04    5.37e-04    2.58e-02    2.00e-01        7.34
  12      -957.742627337   -1.31e-07    1.67e-05    3.89e-05    6.39e-04    6.37e-03    2.00e-01        7.04
  13      -957.742627349   -1.13e-08    3.57e-06    7.96e-06    1.79e-04    2.32e-03    2.00e-01        6.79
Rejecting step due to low quality: Quality: -4.14873 New trust radius: 6.63444e-06
  14      -957.742627348    1.08e-09    3.57e-06    7.96e-06    1.33e-05    8.53e-04    6.63e-06        6.54
  15      -957.742627356   -6.81e-09    2.92e-06    6.64e-06    6.63e-06    4.27e-04    9.38e-06        6.38
  16      -957.742627344    1.12e-08    1.40e-06    3.02e-06    9.38e-06    1.41e-03    4.69e-06        6.65
  17      -957.742627352   -7.20e-09    1.54e-06    3.49e-06    2.13e-06    7.13e-04    4.69e-06        6.67
  18      -957.742627353   -1.63e-09    7.93e-07    1.75e-06    1.95e-06    3.79e-06    4.69e-06        5.54
 Geometry optimization stopped:          thresholds achieved

 Final energy:                        -957.742627353

 -----------
  Final XYZ 
 -----------
3
Final structure: -957.743 hartree
C            0.000002381         -0.026522184          0.022892248
Cl           0.000004400          0.954966916         -1.367972968
Cl          -0.000006780          0.954875892          1.413810110

 Structure in entos input format:

  structure(
    xyz = [
      ['C'  ,          0.000002381,         -0.026522184,          0.022892248],
      ['Cl' ,          0.000004400,          0.954966916,         -1.367972968],
      ['Cl' ,         -0.000006780,          0.954875892,          1.413810110]
    ]
  )

 --------------------------------
  Geometry optimization finished 
 --------------------------------
 Saving results in set 'opt'

 --------------------------------------------------------------------------------
                                 command: hessian                                
 --------------------------------------------------------------------------------

WARNING: semianalytic method is specified for dft hessian, which is not efficient. Try switching to 'method = analytic'


 -------------------------------
  Numerical Geometrical Hessian 
 -------------------------------

 Compute hessian using two-point central differentiation.
 Step size (bohr):                       0.0100

 Frequencies (including translational and rotational modes):
 mode    frequency (cm-1)
    0                0.17 i (imaginary)
    1                0.01 i (imaginary)
    2                0.01 i (imaginary)
    3               11.58
    4               11.97
    5               33.75
    6              346.62
    7              745.08
    8              795.27

 Project out translational and rotational motions 

 Degrees of freedom for translational and rotational motions: 6

 Vibrational frequencies:
 mode    frequency (cm-1)
    0              346.62
    1              745.08
    2              795.27

 --------------------------------------------------------------------------------

 End time:                               Sun May  9 16:47:29 2021
 Total wall-clock time:                264.020 seconds
==================================================================================
