
================================================================================
          _____________ ________ _______________ ________     _________         
         / ___________// ______ \\_____   _____// ______ \   / ________)        
        / /_________  / /      \ \     | |     / /      \ \ | (_______          
       |  __________|| |        | |    | |    | |        | | \________ \        
        \ \_________ | |        | |    | |     \ \______/ /___________) |       
         \__________||_|        |_|    |_|      \________//____________/        
                                                                                
====================================[ Qcore ]===================================

 Git hash:   15a3e7daff0cda5fa9af010ccd19a80288182ecf
 Git date:   Fri, 16 Apr 2021 15:57:16 +0100
 Compiler:   GNU 9.1.0
 Build type: Release
 Version:    1.1.0

 Start time: Sun May  9 16:47:29 2021

 Data directory: /work/zw18965/.local/qcore/share/entos/1.1.0/data
 Number of threads: 24
 Number of threads was determined by: command line argument
  - More threads can be used by running 'qcore -n 32'

 --------------------------------------------------------------------------------
                                command: optimize                                
 --------------------------------------------------------------------------------
 Using coordinate system:                tric
 Hessian update scheme:                  bfgs

 ------------------------------------------------------------------------------------------------------------
                   energy      change    grad rms    grad max    step rms    step max       trust    time (s)
 ------------------------------------------------------------------------------------------------------------
   1      -237.552868962                4.20e-03    8.85e-03                            2.00e-01        4.94
   2      -237.553057010   -1.88e-04    9.95e-04    2.43e-03    2.11e-02    2.28e-02    2.00e-01        3.73
   3      -237.553062542   -5.53e-06    4.35e-04    9.81e-04    2.20e-03    3.26e-03    2.00e-01        3.72
   4      -237.553063369   -8.27e-07    3.04e-05    5.38e-05    8.79e-04    1.19e-03    2.00e-01        3.68
Rejecting step due to low quality: Quality: -1.75081 New trust radius: 4.01927e-05
   5      -237.553063359    1.01e-08    3.04e-05    5.38e-05    8.04e-05    9.25e-05    4.02e-05        3.41
   6      -237.553063364    4.62e-09    1.59e-05    2.87e-05    4.02e-05    4.63e-05    2.01e-05        3.28
   7      -237.553063367   -2.96e-09    9.07e-06    1.64e-05    2.01e-05    2.11e-05    2.84e-05        3.32
   8      -237.553063360    6.78e-09    1.06e-07    1.84e-07    2.67e-05    2.81e-05    1.34e-05        3.27
 Geometry optimization stopped:          thresholds achieved

 Final energy:                        -237.553063360

 -----------
  Final XYZ 
 -----------
3
Final structure: -237.553 hartree
C           -0.000000071          0.141481392         -0.000000232
F           -0.000000063          0.929259721         -1.022814241
F            0.000000134          0.929258882          1.022814473

 Structure in entos input format:

  structure(
    xyz = [
      ['C'  ,         -0.000000071,          0.141481392,         -0.000000232],
      ['F'  ,         -0.000000063,          0.929259721,         -1.022814241],
      ['F'  ,          0.000000134,          0.929258882,          1.022814473]
    ]
  )

 --------------------------------
  Geometry optimization finished 
 --------------------------------
 Saving results in set 'opt'

 --------------------------------------------------------------------------------
                                 command: hessian                                
 --------------------------------------------------------------------------------

WARNING: semianalytic method is specified for dft hessian, which is not efficient. Try switching to 'method = analytic'


 -------------------------------
  Numerical Geometrical Hessian 
 -------------------------------

 Compute hessian using two-point central differentiation.
 Step size (bohr):                       0.0100

 Frequencies (including translational and rotational modes):
 mode    frequency (cm-1)
    0               22.65 i (imaginary)
    1               17.16 i (imaginary)
    2                6.10 i (imaginary)
    3                0.01
    4                0.01
    5                0.03
    6              690.74
    7             1168.98
    8             1274.25

 Project out translational and rotational motions 

 Degrees of freedom for translational and rotational motions: 6

 Vibrational frequencies:
 mode    frequency (cm-1)
    0              690.74
    1             1168.98
    2             1274.25

 --------------------------------------------------------------------------------

 End time:                               Sun May  9 16:49:12 2021
 Total wall-clock time:                102.745 seconds
==================================================================================
