
================================================================================
          _____________ ________ _______________ ________     _________         
         / ___________// ______ \\_____   _____// ______ \   / ________)        
        / /_________  / /      \ \     | |     / /      \ \ | (_______          
       |  __________|| |        | |    | |    | |        | | \________ \        
        \ \_________ | |        | |    | |     \ \______/ /___________) |       
         \__________||_|        |_|    |_|      \________//____________/        
                                                                                
====================================[ Qcore ]===================================

 Git hash:   15a3e7daff0cda5fa9af010ccd19a80288182ecf
 Git date:   Fri, 16 Apr 2021 15:57:16 +0100
 Compiler:   GNU 9.1.0
 Build type: Release
 Version:    1.1.0

 Start time: Sun May  9 16:49:12 2021

 Data directory: /work/zw18965/.local/qcore/share/entos/1.1.0/data
 Number of threads: 24
 Number of threads was determined by: command line argument
  - More threads can be used by running 'qcore -n 32'

 --------------------------------------------------------------------------------
                                command: optimize                                
 --------------------------------------------------------------------------------
 Using coordinate system:                tric
 Hessian update scheme:                  bfgs

 ------------------------------------------------------------------------------------------------------------
                   energy      change    grad rms    grad max    step rms    step max       trust    time (s)
 ------------------------------------------------------------------------------------------------------------
   1       -40.437597062                1.07e-03    1.73e-03                            2.00e-01        3.27
   2       -40.437618652   -2.16e-05    2.80e-04    4.53e-04    3.81e-03    4.26e-03    2.00e-01        2.48
   3       -40.437620027   -1.38e-06    2.38e-06    3.61e-06    1.35e-03    1.51e-03    2.00e-01        2.57
   4       -40.437620030   -2.16e-09    2.71e-07    4.85e-07    1.13e-05    3.70e-05    2.00e-01        2.33
 Geometry optimization stopped:          thresholds achieved

 Final energy:                         -40.437620030

 -----------
  Final XYZ 
 -----------
5
Final structure: -40.4376 hartree
C           -0.000020896          0.000016136          0.000003948
H            0.549465805          0.792785625          0.492245204
H            0.677485553         -0.806485288         -0.251491785
H           -0.771567435         -0.370321339          0.663540997
H           -0.455463025          0.384104865         -0.904298459

 Structure in entos input format:

  structure(
    xyz = [
      ['C'  ,         -0.000020896,          0.000016136,          0.000003948],
      ['H'  ,          0.549465805,          0.792785625,          0.492245204],
      ['H'  ,          0.677485553,         -0.806485288,         -0.251491785],
      ['H'  ,         -0.771567435,         -0.370321339,          0.663540997],
      ['H'  ,         -0.455463025,          0.384104865,         -0.904298459]
    ]
  )

 --------------------------------
  Geometry optimization finished 
 --------------------------------
 Saving results in set 'opt'

 --------------------------------------------------------------------------------
                                 command: hessian                                
 --------------------------------------------------------------------------------

WARNING: semianalytic method is specified for dft hessian, which is not efficient. Try switching to 'method = analytic'


 -------------------------------
  Numerical Geometrical Hessian 
 -------------------------------

 Compute hessian using two-point central differentiation.
 Step size (bohr):                       0.0100

 Frequencies (including translational and rotational modes):
 mode    frequency (cm-1)
    0               27.98 i (imaginary)
    1               14.68 i (imaginary)
    2                4.84 i (imaginary)
    3                0.04
    4                0.22
    5                0.85
    6             1367.48
    7             1367.54
    8             1367.61
    9             1590.16
   10             1590.27
   11             3085.53
   12             3194.68
   13             3194.70
   14             3194.76

 Project out translational and rotational motions 

 Degrees of freedom for translational and rotational motions: 6

 Vibrational frequencies:
 mode    frequency (cm-1)
    0             1367.48
    1             1367.54
    2             1367.61
    3             1590.16
    4             1590.27
    5             3085.53
    6             3194.68
    7             3194.70
    8             3194.76

 --------------------------------------------------------------------------------

 End time:                               Sun May  9 16:50:41 2021
 Total wall-clock time:                 89.307 seconds
==================================================================================
