
================================================================================
          _____________ ________ _______________ ________     _________         
         / ___________// ______ \\_____   _____// ______ \   / ________)        
        / /_________  / /      \ \     | |     / /      \ \ | (_______          
       |  __________|| |        | |    | |    | |        | | \________ \        
        \ \_________ | |        | |    | |     \ \______/ /___________) |       
         \__________||_|        |_|    |_|      \________//____________/        
                                                                                
====================================[ Qcore ]===================================

 Git hash:   15a3e7daff0cda5fa9af010ccd19a80288182ecf
 Git date:   Fri, 16 Apr 2021 15:57:16 +0100
 Compiler:   GNU 9.1.0
 Build type: Release
 Version:    1.1.0

 Start time: Sun May  9 16:51:34 2021

 Data directory: /work/zw18965/.local/qcore/share/entos/1.1.0/data
 Number of threads: 24
 Number of threads was determined by: command line argument
  - More threads can be used by running 'qcore -n 32'

 --------------------------------------------------------------------------------
                                command: optimize                                
 --------------------------------------------------------------------------------
 Using coordinate system:                tric
 Hessian update scheme:                  bfgs

 ------------------------------------------------------------------------------------------------------------
                   energy      change    grad rms    grad max    step rms    step max       trust    time (s)
 ------------------------------------------------------------------------------------------------------------
   1      -552.603692772                1.26e-03    2.78e-03                            2.00e-01        7.50
   2      -552.603700452   -7.68e-06    6.51e-04    1.35e-03    2.07e-03    2.77e-03    2.00e-01        5.32
   3      -552.603702821   -2.37e-06    3.60e-04    8.39e-04    1.34e-03    2.68e-03    2.00e-01        5.17
   4      -552.603703358   -5.37e-07    6.40e-05    1.33e-04    4.59e-04    1.09e-03    2.00e-01        5.02
   5      -552.603703410   -5.12e-08    5.25e-06    1.06e-05    3.90e-05    9.32e-05    2.00e-01        4.90
   6      -552.603703412   -2.49e-09    2.95e-06    6.04e-06    2.06e-05    5.70e-05    2.00e-01        4.72
 Geometry optimization stopped:          thresholds achieved

 Final energy:                        -552.603703412

 -----------
  Final XYZ 
 -----------
3
Final structure: -552.604 hartree
Cl           1.401725652         -0.803724565         -0.000005755
C           -0.152482569         -0.329466872          0.000014273
N           -1.249243078          0.005254202         -0.000008518

 Structure in entos input format:

  structure(
    xyz = [
      ['Cl' ,          1.401725652,         -0.803724565,         -0.000005755],
      ['C'  ,         -0.152482569,         -0.329466872,          0.000014273],
      ['N'  ,         -1.249243078,          0.005254202,         -0.000008518]
    ]
  )

 --------------------------------
  Geometry optimization finished 
 --------------------------------
 Saving results in set 'opt'

 --------------------------------------------------------------------------------
                                 command: hessian                                
 --------------------------------------------------------------------------------

WARNING: semianalytic method is specified for dft hessian, which is not efficient. Try switching to 'method = analytic'


 -------------------------------
  Numerical Geometrical Hessian 
 -------------------------------

 Compute hessian using two-point central differentiation.
 Step size (bohr):                       0.0100

 Frequencies (including translational and rotational modes):
 mode    frequency (cm-1)
    0                0.07 i (imaginary)
    1                0.05 i (imaginary)
    2                0.01
    3                4.48
    4                8.64
    5              412.20
    6              412.35
    7              765.29
    8             2363.61

 Project out translational and rotational motions 

 Degrees of freedom for translational and rotational motions: 6

 Vibrational frequencies:
 mode    frequency (cm-1)
    0              412.26
    1              765.29
    2             2363.61

 --------------------------------------------------------------------------------

 End time:                               Sun May  9 16:53:49 2021
 Total wall-clock time:                135.140 seconds
==================================================================================
