
================================================================================
          _____________ ________ _______________ ________     _________         
         / ___________// ______ \\_____   _____// ______ \   / ________)        
        / /_________  / /      \ \     | |     / /      \ \ | (_______          
       |  __________|| |        | |    | |    | |        | | \________ \        
        \ \_________ | |        | |    | |     \ \______/ /___________) |       
         \__________||_|        |_|    |_|      \________//____________/        
                                                                                
====================================[ Qcore ]===================================

 Git hash:   15a3e7daff0cda5fa9af010ccd19a80288182ecf
 Git date:   Fri, 16 Apr 2021 15:57:16 +0100
 Compiler:   GNU 9.1.0
 Build type: Release
 Version:    1.1.0

 Start time: Sun May  9 16:54:31 2021

 Data directory: /work/zw18965/.local/qcore/share/entos/1.1.0/data
 Number of threads: 24
 Number of threads was determined by: command line argument
  - More threads can be used by running 'qcore -n 32'

 --------------------------------------------------------------------------------
                                command: optimize                                
 --------------------------------------------------------------------------------
 Using coordinate system:                tric
 Hessian update scheme:                  bfgs

 ------------------------------------------------------------------------------------------------------------
                   energy      change    grad rms    grad max    step rms    step max       trust    time (s)
 ------------------------------------------------------------------------------------------------------------
   1      -188.423838208                1.48e-02    3.14e-02                            2.00e-01        4.82
   2      -188.424626648   -7.88e-04    3.57e-04    7.58e-04    2.00e-02    2.46e-02    2.00e-01        3.70
   3      -188.424627374   -7.25e-07    1.61e-05    3.42e-05    4.95e-04    6.07e-04    2.00e-01        3.56
   4      -188.424627384   -1.04e-08    1.86e-08    4.55e-08    2.34e-05    2.87e-05    2.00e-01        3.33
 Geometry optimization stopped:          thresholds achieved

 Final energy:                        -188.424627384

 -----------
  Final XYZ 
 -----------
3
Final structure: -188.425 hartree
O           -1.153783338          0.000000004          0.000000011
O            1.153783328         -0.000000002         -0.000000010
C            0.000000010         -0.000000002         -0.000000001

 Structure in entos input format:

  structure(
    xyz = [
      ['O'  ,         -1.153783338,          0.000000004,          0.000000011],
      ['O'  ,          1.153783328,         -0.000000002,         -0.000000010],
      ['C'  ,          0.000000010,         -0.000000002,         -0.000000001]
    ]
  )

 --------------------------------
  Geometry optimization finished 
 --------------------------------
 Saving results in set 'opt'

 --------------------------------------------------------------------------------
                                 command: hessian                                
 --------------------------------------------------------------------------------

WARNING: semianalytic method is specified for dft hessian, which is not efficient. Try switching to 'method = analytic'


 -------------------------------
  Numerical Geometrical Hessian 
 -------------------------------

 Compute hessian using two-point central differentiation.
 Step size (bohr):                       0.0100

 Frequencies (including translational and rotational modes):
 mode    frequency (cm-1)
    0                0.01 i (imaginary)
    1                0.01 i (imaginary)
    2                0.01 i (imaginary)
    3                8.56
    4                8.56
    5              692.29
    6              692.29
    7             1402.85
    8             2456.08

 Project out translational and rotational motions 

 Degrees of freedom for translational and rotational motions: 6

 Vibrational frequencies:
 mode    frequency (cm-1)
    0              692.29
    1             1402.85
    2             2456.08

 --------------------------------------------------------------------------------

 End time:                               Sun May  9 16:55:58 2021
 Total wall-clock time:                 86.906 seconds
==================================================================================
