
================================================================================
          _____________ ________ _______________ ________     _________         
         / ___________// ______ \\_____   _____// ______ \   / ________)        
        / /_________  / /      \ \     | |     / /      \ \ | (_______          
       |  __________|| |        | |    | |    | |        | | \________ \        
        \ \_________ | |        | |    | |     \ \______/ /___________) |       
         \__________||_|        |_|    |_|      \________//____________/        
                                                                                
====================================[ Qcore ]===================================

 Git hash:   15a3e7daff0cda5fa9af010ccd19a80288182ecf
 Git date:   Fri, 16 Apr 2021 15:57:16 +0100
 Compiler:   GNU 9.1.0
 Build type: Release
 Version:    1.1.0

 Start time: Sun May  9 16:55:58 2021

 Data directory: /work/zw18965/.local/qcore/share/entos/1.1.0/data
 Number of threads: 24
 Number of threads was determined by: command line argument
  - More threads can be used by running 'qcore -n 32'

 --------------------------------------------------------------------------------
                                command: optimize                                
 --------------------------------------------------------------------------------
 Using coordinate system:                tric
 Hessian update scheme:                  bfgs

 ------------------------------------------------------------------------------------------------------------
                   energy      change    grad rms    grad max    step rms    step max       trust    time (s)
 ------------------------------------------------------------------------------------------------------------
   1      -113.203771729                5.60e-03    9.70e-03                            2.00e-01        2.14
   2      -113.203806283   -3.46e-05    4.46e-06    7.73e-06    3.73e-03    7.46e-03    2.00e-01        1.27
   3      -113.203806285   -1.52e-09    7.79e-08    1.35e-07    2.97e-06    5.94e-06    2.00e-01        1.21
 Geometry optimization stopped:          thresholds achieved

 Final energy:                        -113.203806285

 -----------
  Final XYZ 
 -----------
2
Final structure: -113.204 hartree
O            0.560270259          0.000000012          0.000000012
C           -0.560270259         -0.000000012         -0.000000012

 Structure in entos input format:

  structure(
    xyz = [
      ['O'  ,          0.560270259,          0.000000012,          0.000000012],
      ['C'  ,         -0.560270259,         -0.000000012,         -0.000000012]
    ]
  )

 --------------------------------
  Geometry optimization finished 
 --------------------------------
 Saving results in set 'opt'

 --------------------------------------------------------------------------------
                                 command: hessian                                
 --------------------------------------------------------------------------------

WARNING: semianalytic method is specified for dft hessian, which is not efficient. Try switching to 'method = analytic'


 -------------------------------
  Numerical Geometrical Hessian 
 -------------------------------

 Compute hessian using two-point central differentiation.
 Step size (bohr):                       0.0100

 Frequencies (including translational and rotational modes):
 mode    frequency (cm-1)
    0                0.00 i (imaginary)
    1                0.00 i (imaginary)
    2                0.00
    3               20.38
    4               20.38
    5             2254.86

 Project out translational and rotational motions 

 The molecule is linear

 Degrees of freedom for translational and rotational motions: 5

 Vibrational frequencies:
 mode    frequency (cm-1)
    0             2254.86

 --------------------------------------------------------------------------------

 End time:                               Sun May  9 16:56:20 2021
 Total wall-clock time:                 21.966 seconds
==================================================================================
