
================================================================================
          _____________ ________ _______________ ________     _________         
         / ___________// ______ \\_____   _____// ______ \   / ________)        
        / /_________  / /      \ \     | |     / /      \ \ | (_______          
       |  __________|| |        | |    | |    | |        | | \________ \        
        \ \_________ | |        | |    | |     \ \______/ /___________) |       
         \__________||_|        |_|    |_|      \________//____________/        
                                                                                
====================================[ Qcore ]===================================

 Git hash:   15a3e7daff0cda5fa9af010ccd19a80288182ecf
 Git date:   Fri, 16 Apr 2021 15:57:16 +0100
 Compiler:   GNU 9.1.0
 Build type: Release
 Version:    1.1.0

 Start time: Sun May  9 16:56:20 2021

 Data directory: /work/zw18965/.local/qcore/share/entos/1.1.0/data
 Number of threads: 24
 Number of threads was determined by: command line argument
  - More threads can be used by running 'qcore -n 32'

 --------------------------------------------------------------------------------
                                command: optimize                                
 --------------------------------------------------------------------------------
 Using coordinate system:                tric
 Hessian update scheme:                  bfgs

 ------------------------------------------------------------------------------------------------------------
                   energy      change    grad rms    grad max    step rms    step max       trust    time (s)
 ------------------------------------------------------------------------------------------------------------
   1      -833.846477667                4.47e-03    9.48e-03                            2.00e-01        8.65
   2      -833.846599593   -1.22e-04    2.11e-03    4.48e-03    7.20e-03    8.82e-03    2.00e-01        6.98
   3      -833.846632973   -3.34e-05    5.24e-05    1.11e-04    6.45e-03    7.90e-03    2.00e-01        7.05
   4      -833.846633040   -6.75e-08    7.62e-07    1.56e-06    1.56e-04    1.91e-04    2.00e-01        6.62
Rejecting step due to low quality: Quality: -3411.35 New trust radius: 1.10951e-06
   5      -833.846633026    1.49e-08    7.62e-07    1.56e-06    2.22e-06    2.58e-06    1.11e-06        5.84
 Geometry optimization stopped:          thresholds achieved

 Final energy:                        -833.846633026

 -----------
  Final XYZ 
 -----------
3
Final structure: -833.847 hartree
S            1.544769348          0.000498987         -0.000000084
C            0.000000039         -0.000003983          0.000000065
S           -1.544769133         -0.000495009          0.000000019

 Structure in entos input format:

  structure(
    xyz = [
      ['S'  ,          1.544769348,          0.000498987,         -0.000000084],
      ['C'  ,          0.000000039,         -0.000003983,          0.000000065],
      ['S'  ,         -1.544769133,         -0.000495009,          0.000000019]
    ]
  )

 --------------------------------
  Geometry optimization finished 
 --------------------------------
 Saving results in set 'opt'

 --------------------------------------------------------------------------------
                                 command: hessian                                
 --------------------------------------------------------------------------------

WARNING: semianalytic method is specified for dft hessian, which is not efficient. Try switching to 'method = analytic'


 -------------------------------
  Numerical Geometrical Hessian 
 -------------------------------

 Compute hessian using two-point central differentiation.
 Step size (bohr):                       0.0100

 Frequencies (including translational and rotational modes):
 mode    frequency (cm-1)
    0                2.09 i (imaginary)
    1                2.09 i (imaginary)
    2                0.00
    3                0.02
    4                0.04
    5              415.56
    6              415.56
    7              695.90
    8             1591.36

 Project out translational and rotational motions 

 Degrees of freedom for translational and rotational motions: 6

 Vibrational frequencies:
 mode    frequency (cm-1)
    0              415.56
    1              695.90
    2             1591.36

 --------------------------------------------------------------------------------

 End time:                               Sun May  9 16:59:10 2021
 Total wall-clock time:                170.122 seconds
==================================================================================
