
================================================================================
          _____________ ________ _______________ ________     _________         
         / ___________// ______ \\_____   _____// ______ \   / ________)        
        / /_________  / /      \ \     | |     / /      \ \ | (_______          
       |  __________|| |        | |    | |    | |        | | \________ \        
        \ \_________ | |        | |    | |     \ \______/ /___________) |       
         \__________||_|        |_|    |_|      \________//____________/        
                                                                                
====================================[ Qcore ]===================================

 Git hash:   15a3e7daff0cda5fa9af010ccd19a80288182ecf
 Git date:   Fri, 16 Apr 2021 15:57:16 +0100
 Compiler:   GNU 9.1.0
 Build type: Release
 Version:    1.1.0

 Start time: Sun May  9 16:59:10 2021

 Data directory: /work/zw18965/.local/qcore/share/entos/1.1.0/data
 Number of threads: 24
 Number of threads was determined by: command line argument
  - More threads can be used by running 'qcore -n 32'

 --------------------------------------------------------------------------------
                                command: optimize                                
 --------------------------------------------------------------------------------
 Using coordinate system:                tric
 Hessian update scheme:                  bfgs

 ------------------------------------------------------------------------------------------------------------
                   energy      change    grad rms    grad max    step rms    step max       trust    time (s)
 ------------------------------------------------------------------------------------------------------------
   1      -435.860247901                4.13e-03    7.16e-03                            2.00e-01        3.43
   2      -435.860280635   -3.27e-05    1.96e-03    3.40e-03    3.06e-03    6.11e-03    2.00e-01        1.96
   3      -435.860290590   -9.95e-06    3.25e-05    5.63e-05    2.76e-03    5.53e-03    2.00e-01        2.01
   4      -435.860290600   -1.01e-08    2.63e-07    4.55e-07    4.65e-05    9.31e-05    2.00e-01        1.85
Rejecting step due to low quality: Quality: -60717.9 New trust radius: 1e-06
   5      -435.860290590    1.05e-08    2.63e-07    4.55e-07    3.77e-07    7.58e-07    1.00e-06        1.75
 Geometry optimization stopped:          thresholds achieved

 Final energy:                        -435.860290590

 -----------
  Final XYZ 
 -----------
2
Final structure: -435.86 hartree
C           -0.000000087         -0.000000089          0.008200696
S            0.000000087          0.000000089          1.531499302

 Structure in entos input format:

  structure(
    xyz = [
      ['C'  ,         -0.000000087,         -0.000000089,          0.008200696],
      ['S'  ,          0.000000087,          0.000000089,          1.531499302]
    ]
  )

 --------------------------------
  Geometry optimization finished 
 --------------------------------
 Saving results in set 'opt'

 --------------------------------------------------------------------------------
                                 command: hessian                                
 --------------------------------------------------------------------------------

WARNING: semianalytic method is specified for dft hessian, which is not efficient. Try switching to 'method = analytic'


 -------------------------------
  Numerical Geometrical Hessian 
 -------------------------------

 Compute hessian using two-point central differentiation.
 Step size (bohr):                       0.0100

 Frequencies (including translational and rotational modes):
 mode    frequency (cm-1)
    0                8.90 i (imaginary)
    1                8.90 i (imaginary)
    2                0.00 i (imaginary)
    3                0.00
    4                0.03
    5             1347.34

 Project out translational and rotational motions 

 The molecule is linear

 Degrees of freedom for translational and rotational motions: 5

 Vibrational frequencies:
 mode    frequency (cm-1)
    0             1347.34

 --------------------------------------------------------------------------------

 End time:                               Sun May  9 16:59:49 2021
 Total wall-clock time:                 38.481 seconds
==================================================================================
