
================================================================================
          _____________ ________ _______________ ________     _________         
         / ___________// ______ \\_____   _____// ______ \   / ________)        
        / /_________  / /      \ \     | |     / /      \ \ | (_______          
       |  __________|| |        | |    | |    | |        | | \________ \        
        \ \_________ | |        | |    | |     \ \______/ /___________) |       
         \__________||_|        |_|    |_|      \________//____________/        
                                                                                
====================================[ Qcore ]===================================

 Git hash:   15a3e7daff0cda5fa9af010ccd19a80288182ecf
 Git date:   Fri, 16 Apr 2021 15:57:16 +0100
 Compiler:   GNU 9.1.0
 Build type: Release
 Version:    1.1.0

 Start time: Sun May  9 17:13:38 2021

 Data directory: /work/zw18965/.local/qcore/share/entos/1.1.0/data
 Number of threads: 24
 Number of threads was determined by: command line argument
  - More threads can be used by running 'qcore -n 32'

 --------------------------------------------------------------------------------
                                command: optimize                                
 --------------------------------------------------------------------------------
 Using coordinate system:                tric
 Hessian update scheme:                  bfgs

 ------------------------------------------------------------------------------------------------------------
                   energy      change    grad rms    grad max    step rms    step max       trust    time (s)
 ------------------------------------------------------------------------------------------------------------
   1      -535.605393463                5.48e-03    1.32e-02                            2.00e-01        4.84
   2      -535.605952890   -5.59e-04    2.31e-03    5.63e-03    3.39e-02    4.00e-02    2.00e-01        3.25
   3      -535.606044381   -9.15e-05    3.20e-04    7.21e-04    2.03e-02    2.34e-02    2.00e-01        3.18
   4      -535.606045312   -9.31e-07    2.16e-04    4.59e-04    1.25e-03    1.79e-03    2.00e-01        2.96
   5      -535.606045829   -5.17e-07    6.58e-05    1.16e-04    9.67e-04    1.49e-03    2.00e-01        2.95
   6      -535.606045881   -5.14e-08    1.81e-05    3.21e-05    1.79e-04    4.12e-04    2.00e-01        2.91
   7      -535.606045891   -1.07e-08    5.28e-06    8.98e-06    6.22e-05    3.27e-04    2.00e-01        2.87
   8      -535.606045898   -6.97e-09    1.53e-05    2.92e-05    4.37e-05    6.17e-04    2.00e-01        2.89
   9      -535.606045922   -2.37e-08    4.17e-05    7.81e-05    8.21e-05    2.33e-03    2.00e-01        3.00
  10      -535.606046005   -8.26e-08    8.68e-05    1.60e-04    1.37e-04    6.92e-03    2.00e-01        3.03
  11      -535.606046225   -2.21e-07    1.68e-04    3.05e-04    2.44e-04    2.03e-02    2.00e-01        3.19
  12      -535.606047008   -7.83e-07    4.04e-04    7.22e-04    7.15e-04    8.31e-02    2.00e-01        3.24
  13      -535.606047281   -2.73e-07    3.11e-04    5.55e-04    2.84e-04    8.37e-03    2.00e-01        2.97
  14      -535.606048084   -8.03e-07    4.09e-05    7.93e-05    1.05e-03    6.32e-02    2.00e-01        3.27
  15      -535.606048153   -6.88e-08    2.99e-05    5.21e-05    6.83e-05    4.02e-02    3.42e-05        3.07
  16      -535.606048181   -2.73e-08    1.91e-05    3.32e-05    3.42e-05    2.48e-03    4.83e-05        3.01
  17      -535.606048220   -3.96e-08    4.18e-06    7.19e-06    4.83e-05    6.01e-03    6.83e-05        3.07
  18      -535.606048225   -5.16e-09    1.61e-07    3.14e-07    1.49e-05    9.48e-04    6.83e-05        2.83
  19      -535.606048222    3.50e-09    2.33e-07    5.40e-07    3.12e-07    3.01e-04    1.00e-06        2.87
  20      -535.606048223   -8.67e-10    1.95e-07    4.10e-07    9.52e-07    2.42e-04    1.41e-06        2.90
  21      -535.606048225   -2.73e-09    1.17e-07    2.74e-07    7.65e-07    1.15e-04    1.41e-06        2.89
  22      -535.606048222    3.47e-09    1.59e-07    3.81e-07    5.90e-07    1.88e-04    1.00e-06        2.86
  23      -535.606048222    2.58e-10    2.66e-07    5.76e-07    9.03e-07    3.61e-04    1.00e-06        2.83
  24      -535.606048222    4.76e-11    1.47e-07    3.09e-07    1.00e-06    2.00e-04    1.00e-06        2.99
  25      -535.606048230   -8.08e-09    1.87e-07    3.84e-07    5.06e-07    5.66e-05    1.00e-06        2.67
 Geometry optimization stopped:          thresholds achieved

 Final energy:                        -535.606048230

 -----------
  Final XYZ 
 -----------
3
Final structure: -535.606 hartree
O           -0.305509238          0.483843614          0.000008269
Cl           1.213530718         -0.220606627         -0.000038309
H           -0.908021315         -0.263236980          0.000030040

 Structure in entos input format:

  structure(
    xyz = [
      ['O'  ,         -0.305509238,          0.483843614,          0.000008269],
      ['Cl' ,          1.213530718,         -0.220606627,         -0.000038309],
      ['H'  ,         -0.908021315,         -0.263236980,          0.000030040]
    ]
  )

 --------------------------------
  Geometry optimization finished 
 --------------------------------
 Saving results in set 'opt'

 --------------------------------------------------------------------------------
                                 command: hessian                                
 --------------------------------------------------------------------------------

WARNING: semianalytic method is specified for dft hessian, which is not efficient. Try switching to 'method = analytic'


 -------------------------------
  Numerical Geometrical Hessian 
 -------------------------------

 Compute hessian using two-point central differentiation.
 Step size (bohr):                       0.0100

 Frequencies (including translational and rotational modes):
 mode    frequency (cm-1)
    0                0.54 i (imaginary)
    1                0.17 i (imaginary)
    2                0.02 i (imaginary)
    3               18.23
    4               26.00
    5               35.63
    6              789.97
    7             1294.37
    8             3865.70

 Project out translational and rotational motions 

 Degrees of freedom for translational and rotational motions: 6

 Vibrational frequencies:
 mode    frequency (cm-1)
    0              789.97
    1             1294.37
    2             3865.70

 --------------------------------------------------------------------------------

 End time:                               Sun May  9 17:15:53 2021
 Total wall-clock time:                135.833 seconds
==================================================================================
