
================================================================================
          _____________ ________ _______________ ________     _________         
         / ___________// ______ \\_____   _____// ______ \   / ________)        
        / /_________  / /      \ \     | |     / /      \ \ | (_______          
       |  __________|| |        | |    | |    | |        | | \________ \        
        \ \_________ | |        | |    | |     \ \______/ /___________) |       
         \__________||_|        |_|    |_|      \________//____________/        
                                                                                
====================================[ Qcore ]===================================

 Git hash:   15a3e7daff0cda5fa9af010ccd19a80288182ecf
 Git date:   Fri, 16 Apr 2021 15:57:16 +0100
 Compiler:   GNU 9.1.0
 Build type: Release
 Version:    1.1.0

 Start time: Sun May  9 17:16:21 2021

 Data directory: /work/zw18965/.local/qcore/share/entos/1.1.0/data
 Number of threads: 24
 Number of threads was determined by: command line argument
  - More threads can be used by running 'qcore -n 32'

 --------------------------------------------------------------------------------
                                command: optimize                                
 --------------------------------------------------------------------------------
 Using coordinate system:                tric
 Hessian update scheme:                  bfgs

 ------------------------------------------------------------------------------------------------------------
                   energy      change    grad rms    grad max    step rms    step max       trust    time (s)
 ------------------------------------------------------------------------------------------------------------
   1       -56.488383565                1.86e-03    3.61e-03                            2.00e-01        2.25
   2       -56.488484126   -1.01e-04    7.35e-04    2.13e-03    1.28e-02    1.10e-02    2.00e-01        1.60
   3       -56.488507526   -2.34e-05    5.85e-04    1.45e-03    8.39e-03    8.85e-03    2.00e-01        1.56
   4       -56.488512081   -4.56e-06    2.72e-04    5.45e-04    2.88e-03    3.51e-03    2.00e-01        1.56
   5       -56.488512942   -8.61e-07    3.22e-05    6.00e-05    8.67e-04    9.68e-04    2.00e-01        1.53
   6       -56.488512967   -2.49e-08    2.09e-06    3.91e-06    1.46e-04    1.52e-04    2.00e-01        1.49
   7       -56.488512971   -4.14e-09    1.88e-06    3.39e-06    2.92e-05    1.61e-04    2.00e-01        1.53
   8       -56.488512974   -3.32e-09    8.15e-06    1.59e-05    6.67e-05    8.18e-04    2.00e-01        1.54
   9       -56.488512985   -1.04e-08    1.72e-05    3.38e-05    9.14e-05    2.20e-03    2.00e-01        1.48
  10       -56.488513018   -3.33e-08    3.43e-05    6.73e-05    1.71e-04    7.16e-03    2.00e-01        1.50
  11       -56.488513092   -7.41e-08    6.27e-05    1.23e-04    2.83e-04    1.96e-02    2.00e-01        1.57
  12       -56.488513206   -1.14e-07    9.05e-05    1.78e-04    2.76e-04    3.61e-02    2.00e-01        1.55
  13       -56.488513339   -1.33e-07    8.00e-05    1.57e-04    1.03e-04    2.41e-02    2.00e-01        1.52
  14       -56.488513506   -1.67e-07    1.41e-05    2.77e-05    6.55e-04    2.21e-02    2.00e-01        1.54
  15       -56.488513514   -7.63e-09    1.33e-06    3.49e-06    1.47e-04    5.75e-03    2.00e-01        1.52
  16       -56.488513516   -2.64e-09    1.53e-06    3.26e-06    6.92e-06    1.25e-04    2.00e-01        1.37
  17       -56.488513536   -1.97e-08    1.25e-05    2.18e-05    1.33e-04    5.78e-03    2.00e-01        1.56
  18       -56.488513605   -6.95e-08    3.08e-05    4.98e-05    2.06e-04    1.82e-02    2.00e-01        1.58
  19       -56.488513795   -1.90e-07    7.61e-05    1.17e-04    4.96e-04    7.34e-02    2.00e-01        1.56
  20       -56.488513905   -1.10e-07    6.01e-05    9.30e-05    1.80e-04    1.22e-02    2.00e-01        1.59
  21       -56.488514033   -1.28e-07    6.69e-06    1.37e-05    7.02e-04    1.93e-02    2.00e-01        1.60
  22       -56.488514040   -7.65e-09    3.12e-06    6.33e-06    9.28e-05    1.57e-02    2.00e-01        1.55
  23       -56.488514039    1.56e-09    1.38e-06    3.05e-06    1.75e-05    6.56e-03    8.76e-06        1.59
  24       -56.488514041   -1.98e-09    5.53e-07    1.24e-06    6.61e-06    2.52e-04    8.76e-06        1.38
  25       -56.488514042   -1.50e-09    1.13e-07    2.64e-07    5.12e-06    2.24e-04    8.76e-06        1.41
  26       -56.488514041    9.00e-10    1.45e-07    4.01e-07    1.43e-07    1.83e-04    1.00e-06        1.43
  27       -56.488514041    7.81e-10    8.95e-08    2.51e-07    1.00e-06    1.75e-04    1.00e-06        1.43
  28       -56.488514044   -3.46e-09    1.30e-07    3.54e-07    9.99e-07    1.56e-04    1.41e-06        1.43
  29       -56.488514040    4.10e-09    1.01e-07    2.55e-07    1.41e-06    1.74e-04    1.00e-06        1.43
  30       -56.488514041   -1.18e-09    7.10e-08    1.68e-07    1.00e-06    1.13e-04    1.41e-06        1.40
  31       -56.488514040    1.32e-09    1.33e-07    3.18e-07    1.41e-06    1.80e-04    1.00e-06        1.44
  32       -56.488514041   -1.55e-09    3.68e-08    6.52e-08    1.00e-06    1.03e-04    1.41e-06        1.43
  33       -56.488514038    3.11e-09    1.98e-07    4.82e-07    1.41e-06    1.94e-04    1.00e-06        1.41
  34       -56.488514043   -4.56e-09    5.13e-08    9.73e-08    9.98e-07    1.12e-04    1.41e-06        1.40
  35       -56.488514039    3.59e-09    1.98e-07    4.61e-07    1.23e-06    2.48e-04    1.00e-06        1.47
  36       -56.488514044   -4.26e-09    9.54e-08    1.89e-07    9.99e-07    1.20e-04    1.41e-06        1.41
  37       -56.488514041    2.87e-09    1.05e-07    2.74e-07    3.11e-07    8.51e-05    1.00e-06        1.43
  38       -56.488514040    1.18e-09    5.30e-08    9.97e-08    1.00e-06    1.44e-04    1.00e-06        1.53
  39       -56.488514044   -4.49e-09    8.60e-08    2.09e-07    3.07e-07    8.97e-05    1.00e-06        1.33
  40       -56.488514044   -7.73e-11    7.76e-08    2.14e-07    9.99e-07    1.04e-04    1.41e-06        1.44
  41       -56.488514043    1.48e-09    1.35e-07    2.92e-07    1.41e-06    1.93e-04    1.00e-06        1.48
  42       -56.488514043   -5.04e-11    2.63e-08    5.36e-08    1.00e-06    5.49e-05    1.41e-06        1.40
 Geometry optimization stopped:          thresholds achieved

 Final energy:                         -56.488514043

 -----------
  Final XYZ 
 -----------
4
Final structure: -56.4885 hartree
N            0.022629570          0.000426725          0.275980824
H           -0.473301426         -0.811636796         -0.052538772
H           -0.475128949          0.810412246         -0.054896424
H            0.925800805          0.000797826         -0.168545629

 Structure in entos input format:

  structure(
    xyz = [
      ['N'  ,          0.022629570,          0.000426725,          0.275980824],
      ['H'  ,         -0.473301426,         -0.811636796,         -0.052538772],
      ['H'  ,         -0.475128949,          0.810412246,         -0.054896424],
      ['H'  ,          0.925800805,          0.000797826,         -0.168545629]
    ]
  )

 --------------------------------
  Geometry optimization finished 
 --------------------------------
 Saving results in set 'opt'

 --------------------------------------------------------------------------------
                                 command: hessian                                
 --------------------------------------------------------------------------------

WARNING: semianalytic method is specified for dft hessian, which is not efficient. Try switching to 'method = analytic'


 -------------------------------
  Numerical Geometrical Hessian 
 -------------------------------

 Compute hessian using two-point central differentiation.
 Step size (bohr):                       0.0100

 Frequencies (including translational and rotational modes):
 mode    frequency (cm-1)
    0               16.92 i (imaginary)
    1                0.32 i (imaginary)
    2                0.01 i (imaginary)
    3                0.52
    4               30.61
    5               43.00
    6             1041.66
    7             1692.76
    8             1693.24
    9             3550.98
   10             3675.94
   11             3676.01

 Project out translational and rotational motions 

 Degrees of freedom for translational and rotational motions: 6

 Vibrational frequencies:
 mode    frequency (cm-1)
    0             1041.66
    1             1692.76
    2             1693.24
    3             3550.98
    4             3675.94
    5             3676.01

 --------------------------------------------------------------------------------

 End time:                               Sun May  9 17:18:05 2021
 Total wall-clock time:                103.196 seconds
==================================================================================
