
================================================================================
          _____________ ________ _______________ ________     _________         
         / ___________// ______ \\_____   _____// ______ \   / ________)        
        / /_________  / /      \ \     | |     / /      \ \ | (_______          
       |  __________|| |        | |    | |    | |        | | \________ \        
        \ \_________ | |        | |    | |     \ \______/ /___________) |       
         \__________||_|        |_|    |_|      \________//____________/        
                                                                                
====================================[ Qcore ]===================================

 Git hash:   15a3e7daff0cda5fa9af010ccd19a80288182ecf
 Git date:   Fri, 16 Apr 2021 15:57:16 +0100
 Compiler:   GNU 9.1.0
 Build type: Release
 Version:    1.1.0

 Start time: Sun May  9 17:18:05 2021

 Data directory: /work/zw18965/.local/qcore/share/entos/1.1.0/data
 Number of threads: 24
 Number of threads was determined by: command line argument
  - More threads can be used by running 'qcore -n 32'

 --------------------------------------------------------------------------------
                                command: optimize                                
 --------------------------------------------------------------------------------
 Using coordinate system:                tric
 Hessian update scheme:                  bfgs

 ------------------------------------------------------------------------------------------------------------
                   energy      change    grad rms    grad max    step rms    step max       trust    time (s)
 ------------------------------------------------------------------------------------------------------------
   1      -184.494040388                1.36e-02    2.91e-02                            2.00e-01        4.94
   2      -184.494732734   -6.92e-04    3.29e-03    7.73e-03    1.81e-02    2.37e-02    2.00e-01        3.86
   3      -184.494753481   -2.07e-05    8.00e-04    1.96e-03    2.47e-03    5.72e-03    2.00e-01        3.89
   4      -184.494754232   -7.52e-07    2.66e-05    5.92e-05    5.44e-04    1.33e-03    2.00e-01        3.77
Rejecting step due to low quality: Quality: -12.1016 New trust radius: 8.09752e-06
   5      -184.494754219    1.30e-08    2.66e-05    5.92e-05    1.62e-05    3.89e-05    8.10e-06        3.42
   6      -184.494754226    6.25e-09    1.38e-05    3.03e-05    8.10e-06    1.95e-05    4.05e-06        3.45
   7      -184.494754221    5.38e-09    7.52e-06    1.64e-05    4.05e-06    9.47e-06    2.02e-06        3.32
   8      -184.494754220    9.90e-10    4.66e-06    1.03e-05    2.02e-06    4.62e-06    1.01e-06        3.33
 Geometry optimization stopped:          thresholds achieved

 Final energy:                        -184.494754220

 -----------
  Final XYZ 
 -----------
3
Final structure: -184.495 hartree
N            0.000000043          0.000000004         -1.114364871
N            0.000000003          0.000000002         -0.000597430
O           -0.000000046         -0.000000006          1.173962305

 Structure in entos input format:

  structure(
    xyz = [
      ['N'  ,          0.000000043,          0.000000004,         -1.114364871],
      ['N'  ,          0.000000003,          0.000000002,         -0.000597430],
      ['O'  ,         -0.000000046,         -0.000000006,          1.173962305]
    ]
  )

 --------------------------------
  Geometry optimization finished 
 --------------------------------
 Saving results in set 'opt'

 --------------------------------------------------------------------------------
                                 command: hessian                                
 --------------------------------------------------------------------------------

WARNING: semianalytic method is specified for dft hessian, which is not efficient. Try switching to 'method = analytic'


 -------------------------------
  Numerical Geometrical Hessian 
 -------------------------------

 Compute hessian using two-point central differentiation.
 Step size (bohr):                       0.0100

 Frequencies (including translational and rotational modes):
 mode    frequency (cm-1)
    0                0.25 i (imaginary)
    1                0.21 i (imaginary)
    2                0.01 i (imaginary)
    3               10.16
    4               10.18
    5              637.13
    6              637.13
    7             1367.65
    8             2407.08

 Project out translational and rotational motions 

 Degrees of freedom for translational and rotational motions: 6

 Vibrational frequencies:
 mode    frequency (cm-1)
    0              637.13
    1             1367.65
    2             2407.08

 --------------------------------------------------------------------------------

 End time:                               Sun May  9 17:19:49 2021
 Total wall-clock time:                103.883 seconds
==================================================================================
