
================================================================================
          _____________ ________ _______________ ________     _________         
         / ___________// ______ \\_____   _____// ______ \   / ________)        
        / /_________  / /      \ \     | |     / /      \ \ | (_______          
       |  __________|| |        | |    | |    | |        | | \________ \        
        \ \_________ | |        | |    | |     \ \______/ /___________) |       
         \__________||_|        |_|    |_|      \________//____________/        
                                                                                
====================================[ Qcore ]===================================

 Git hash:   15a3e7daff0cda5fa9af010ccd19a80288182ecf
 Git date:   Fri, 16 Apr 2021 15:57:16 +0100
 Compiler:   GNU 9.1.0
 Build type: Release
 Version:    1.1.0

 Start time: Mon May 10 09:38:51 2021

 Data directory: /work/zw18965/.local/qcore/share/entos/1.1.0/data
 Number of threads: 24
 Number of threads was determined by: command line argument
  - More threads can be used by running 'qcore -n 32'

 --------------------------------------------------------------------------------
                                command: optimize                                
 --------------------------------------------------------------------------------
 Using coordinate system:                irc
 Hessian update scheme:                  bfgs

 ------------------------------------------------------------------------------------------------------------
                   energy      change    grad rms    grad max    step rms    step max       trust    time (s)
 ------------------------------------------------------------------------------------------------------------
   1      -115.594187366                4.79e-03    9.80e-03                            2.00e-01        7.73
   2      -115.594553080   -3.66e-04    1.31e-03    2.53e-03    1.66e-02    1.69e-02    2.00e-01        6.34
   3      -115.594576694   -2.36e-05    2.73e-04    8.15e-04    5.22e-03    5.86e-03    2.00e-01        6.22
   4      -115.594577533   -8.39e-07    1.49e-04    4.20e-04    7.38e-04    1.01e-03    2.00e-01        5.93
   5      -115.594577891   -3.58e-07    9.77e-06    2.51e-05    6.81e-04    1.25e-03    2.00e-01        6.01
   6      -115.594577890    9.95e-10    3.39e-06    7.47e-06    4.92e-05    5.55e-05    2.46e-05        5.39
   7      -115.594577891   -1.58e-09    2.15e-06    5.69e-06    2.15e-05    4.14e-05    3.48e-05        5.46
 Geometry optimization stopped:          thresholds achieved

 Final energy:                        -115.594577891

 -----------
  Final XYZ 
 -----------
6
Final structure: -115.595 hartree
C           -0.361016454         -0.041800082         -0.014883585
O            0.991172403         -0.342561340         -0.277763295
H           -0.525743319          1.028184661          0.097554863
H           -0.615378488         -0.527710958          0.918614091
H           -1.021203408         -0.421909595         -0.792263628
H            1.248726426          0.071972453         -1.097063391

 Structure in entos input format:

  structure(
    xyz = [
      ['C'  ,         -0.361016454,         -0.041800082,         -0.014883585],
      ['O'  ,          0.991172403,         -0.342561340,         -0.277763295],
      ['H'  ,         -0.525743319,          1.028184661,          0.097554863],
      ['H'  ,         -0.615378488,         -0.527710958,          0.918614091],
      ['H'  ,         -1.021203408,         -0.421909595,         -0.792263628],
      ['H'  ,          1.248726426,          0.071972453,         -1.097063391]
    ]
  )

 --------------------------------
  Geometry optimization finished 
 --------------------------------
 Saving results in set 'opt'

 --------------------------------------------------------------------------------
                                 command: hessian                                
 --------------------------------------------------------------------------------

WARNING: semianalytic method is specified for dft hessian, which is not efficient. Try switching to 'method = analytic'


 -------------------------------
  Numerical Geometrical Hessian 
 -------------------------------

 Compute hessian using two-point central differentiation.
 Step size (bohr):                       0.0100

 Frequencies (including translational and rotational modes):
 mode    frequency (cm-1)
    0               21.41 i (imaginary)
    1                0.31 i (imaginary)
    2                0.03 i (imaginary)
    3                0.35
    4               11.32
    5               18.35
    6              293.61
    7             1080.57
    8             1109.25
    9             1200.24
   10             1392.58
   11             1509.99
   12             1532.07
   13             1542.35
   14             3059.81
   15             3110.15
   16             3175.20
   17             3932.10

 Project out translational and rotational motions 

 Degrees of freedom for translational and rotational motions: 6

 Vibrational frequencies:
 mode    frequency (cm-1)
    0              293.61
    1             1080.57
    2             1109.25
    3             1200.24
    4             1392.58
    5             1509.99
    6             1532.07
    7             1542.35
    8             3059.81
    9             3110.15
   10             3175.20
   11             3932.10

 --------------------------------------------------------------------------------

 End time:                               Mon May 10 09:43:23 2021
 Total wall-clock time:                271.334 seconds
==================================================================================
