
================================================================================
          _____________ ________ _______________ ________     _________         
         / ___________// ______ \\_____   _____// ______ \   / ________)        
        / /_________  / /      \ \     | |     / /      \ \ | (_______          
       |  __________|| |        | |    | |    | |        | | \________ \        
        \ \_________ | |        | |    | |     \ \______/ /___________) |       
         \__________||_|        |_|    |_|      \________//____________/        
                                                                                
====================================[ Qcore ]===================================

 Git hash:   15a3e7daff0cda5fa9af010ccd19a80288182ecf
 Git date:   Fri, 16 Apr 2021 15:57:16 +0100
 Compiler:   GNU 9.1.0
 Build type: Release
 Version:    1.1.0

 Start time: Sun May  9 17:59:57 2021

 Data directory: /work/zw18965/.local/qcore/share/entos/1.1.0/data
 Number of threads: 24
 Number of threads was determined by: command line argument
  - More threads can be used by running 'qcore -n 32'

 --------------------------------------------------------------------------------
                                command: optimize                                
 --------------------------------------------------------------------------------
 Using coordinate system:                tric
 Hessian update scheme:                  bfgs

 ------------------------------------------------------------------------------------------------------------
                   energy      change    grad rms    grad max    step rms    step max       trust    time (s)
 ------------------------------------------------------------------------------------------------------------
   1      -795.785608613                5.47e-03    9.47e-03                            2.00e-01        5.18
   2      -795.785742654   -1.34e-04    3.76e-05    6.51e-05    1.40e-02    2.80e-02    2.00e-01        3.96
Rejecting step due to low quality: Quality: -5.08966 New trust radius: 4.83976e-05
   3      -795.785742622    3.21e-08    3.76e-05    6.51e-05    9.68e-05    1.94e-04    4.84e-05        3.29
   4      -795.785742591    6.28e-08    1.79e-05    3.10e-05    4.84e-05    9.68e-05    2.42e-05        3.30
   5      -795.785742590    4.45e-10    8.00e-06    1.39e-05    2.42e-05    4.84e-05    1.21e-05        3.12
 Geometry optimization stopped:          thresholds achieved

 Final energy:                        -795.785742590

 -----------
  Final XYZ 
 -----------
2
Final structure: -795.786 hartree
S            0.000000001          0.000000024          0.007436069
S           -0.000000001         -0.000000024          1.889448521

 Structure in entos input format:

  structure(
    xyz = [
      ['S'  ,          0.000000001,          0.000000024,          0.007436069],
      ['S'  ,         -0.000000001,         -0.000000024,          1.889448521]
    ]
  )

 --------------------------------
  Geometry optimization finished 
 --------------------------------
 Saving results in set 'opt'

 --------------------------------------------------------------------------------
                                 command: hessian                                
 --------------------------------------------------------------------------------

WARNING: semianalytic method is specified for dft hessian, which is not efficient. Try switching to 'method = analytic'


 -------------------------------
  Numerical Geometrical Hessian 
 -------------------------------

 Compute hessian using two-point central differentiation.
 Step size (bohr):                       0.0100

 Frequencies (including translational and rotational modes):
 mode    frequency (cm-1)
    0                0.05 i (imaginary)
    1                0.01 i (imaginary)
    2                0.00 i (imaginary)
    3               13.40
    4               13.41
    5              758.22

 Project out translational and rotational motions 

 The molecule is linear

 Degrees of freedom for translational and rotational motions: 5

 Vibrational frequencies:
 mode    frequency (cm-1)
    0              758.22

 --------------------------------------------------------------------------------

 End time:                               Sun May  9 18:01:07 2021
 Total wall-clock time:                 69.667 seconds
==================================================================================
