
================================================================================
          _____________ ________ _______________ ________     _________         
         / ___________// ______ \\_____   _____// ______ \   / ________)        
        / /_________  / /      \ \     | |     / /      \ \ | (_______          
       |  __________|| |        | |    | |    | |        | | \________ \        
        \ \_________ | |        | |    | |     \ \______/ /___________) |       
         \__________||_|        |_|    |_|      \________//____________/        
                                                                                
====================================[ Qcore ]===================================

 Git hash:   15a3e7daff0cda5fa9af010ccd19a80288182ecf
 Git date:   Fri, 16 Apr 2021 15:57:16 +0100
 Compiler:   GNU 9.1.0
 Build type: Release
 Version:    1.1.0

 Start time: Tue Apr 27 15:05:42 2021

 Data directory: /work/zw18965/.local/qcore/share/entos/1.1.0/data
 Number of threads: 24
 Number of threads was determined by: command line argument
  - More threads can be used by running 'qcore -n 32'

 --------------------------------------------------------------------------------
                                command: optimize                                
 --------------------------------------------------------------------------------
 Using coordinate system:                tric
 Hessian update scheme:                  bfgs

 ------------------------------------------------------------------------------------------------------------
                   energy      change    grad rms    grad max    step rms    step max       trust    time (s)
 ------------------------------------------------------------------------------------------------------------
   1       -26.390311879                4.95e-03    8.68e-03                            2.00e-01        0.21
   2       -26.390805304   -4.93e-04    1.08e-03    1.89e-03    2.38e-02    2.76e-02    2.00e-01        0.13
   3       -26.390830878   -2.56e-05    4.57e-05    8.11e-05    6.60e-03    7.65e-03    2.00e-01        0.13
   4       -26.390830925   -4.67e-08    1.37e-06    3.14e-06    2.93e-04    3.42e-04    2.00e-01        0.11
 Geometry optimization stopped:          thresholds achieved

 Final energy:                         -26.390830925

 -----------
  Final XYZ 
 -----------
4
Final structure: -26.3908 hartree
B            0.000009901         -0.000001867         -0.198461903
H           -0.405962603         -1.046229756          0.222146113
H           -0.173855968          1.006155812          0.429022448
H            0.579808676          0.040076091         -1.246577906

 Structure in entos input format:

  structure(
    xyz = [
      ['B'  ,          0.000009901,         -0.000001867,         -0.198461903],
      ['H'  ,         -0.405962603,         -1.046229756,          0.222146113],
      ['H'  ,         -0.173855968,          1.006155812,          0.429022448],
      ['H'  ,          0.579808676,          0.040076091,         -1.246577906]
    ]
  )

 --------------------------------
  Geometry optimization finished 
 --------------------------------
 Saving results in set 'opt'

 --------------------------------------------------------------------------------
                                 command: hessian                                
 --------------------------------------------------------------------------------

WARNING: numerical method is specified for dft hessian, which is not efficient. Try switching to 'method = analytic'


 -------------------------------
  Numerical Geometrical Hessian 
 -------------------------------

 Compute hessian using two-point central differentiation.
 Step size (bohr):                       0.0100

 Frequencies (including translational and rotational modes):
 mode    frequency (cm-1)
    0               14.42 i (imaginary)
    1               11.94 i (imaginary)
    2                2.23 i (imaginary)
    3                0.21 i (imaginary)
    4                0.08 i (imaginary)
    5                0.97
    6             1212.78
    7             1274.90
    8             1274.99
    9             2649.05
   10             2777.02
   11             2777.03

 Project out translational and rotational motions 

 Degrees of freedom for translational and rotational motions: 6

 Vibrational frequencies:
 mode    frequency (cm-1)
    0             1212.78
    1             1274.90
    2             1274.99
    3             2649.05
    4             2777.02
    5             2777.03

 --------------------------------------------------------------------------------

 End time:                               Tue Apr 27 15:05:46 2021
 Total wall-clock time:                  3.696 seconds
==================================================================================
