
================================================================================
          _____________ ________ _______________ ________     _________         
         / ___________// ______ \\_____   _____// ______ \   / ________)        
        / /_________  / /      \ \     | |     / /      \ \ | (_______          
       |  __________|| |        | |    | |    | |        | | \________ \        
        \ \_________ | |        | |    | |     \ \______/ /___________) |       
         \__________||_|        |_|    |_|      \________//____________/        
                                                                                
====================================[ Qcore ]===================================

 Git hash:   15a3e7daff0cda5fa9af010ccd19a80288182ecf
 Git date:   Fri, 16 Apr 2021 15:57:16 +0100
 Compiler:   GNU 9.1.0
 Build type: Release
 Version:    1.1.0

 Start time: Tue Apr 27 15:06:17 2021

 Data directory: /work/zw18965/.local/qcore/share/entos/1.1.0/data
 Number of threads: 24
 Number of threads was determined by: command line argument
  - More threads can be used by running 'qcore -n 32'

 --------------------------------------------------------------------------------
                                command: optimize                                
 --------------------------------------------------------------------------------
 Using coordinate system:                tric
 Hessian update scheme:                  bfgs

 ------------------------------------------------------------------------------------------------------------
                   energy      change    grad rms    grad max    step rms    step max       trust    time (s)
 ------------------------------------------------------------------------------------------------------------
   1       -40.198664240                1.83e-03    2.96e-03                            2.00e-01        0.22
   2       -40.198726328   -6.21e-05    3.72e-04    6.02e-04    6.52e-03    7.29e-03    2.00e-01        0.15
   3       -40.198729038   -2.71e-06    4.86e-06    7.88e-06    1.66e-03    1.86e-03    2.00e-01        0.15
   4       -40.198729038   -4.58e-10    2.47e-08    4.51e-08    2.20e-05    2.46e-05    2.00e-01        0.14
 Geometry optimization stopped:          thresholds achieved

 Final energy:                         -40.198729038

 -----------
  Final XYZ 
 -----------
5
Final structure: -40.1987 hartree
C           -0.000019958          0.000020065          0.000000457
H            0.553419478          0.798583913          0.495870343
H            0.682448748         -0.812369683         -0.253269728
H           -0.777224939         -0.373026499          0.668338004
H           -0.458723264          0.386892539         -0.910937238

 Structure in entos input format:

  structure(
    xyz = [
      ['C'  ,         -0.000019958,          0.000020065,          0.000000457],
      ['H'  ,          0.553419478,          0.798583913,          0.495870343],
      ['H'  ,          0.682448748,         -0.812369683,         -0.253269728],
      ['H'  ,         -0.777224939,         -0.373026499,          0.668338004],
      ['H'  ,         -0.458723264,          0.386892539,         -0.910937238]
    ]
  )

 --------------------------------
  Geometry optimization finished 
 --------------------------------
 Saving results in set 'opt'

 --------------------------------------------------------------------------------
                                 command: hessian                                
 --------------------------------------------------------------------------------

WARNING: numerical method is specified for dft hessian, which is not efficient. Try switching to 'method = analytic'


 -------------------------------
  Numerical Geometrical Hessian 
 -------------------------------

 Compute hessian using two-point central differentiation.
 Step size (bohr):                       0.0100

 Frequencies (including translational and rotational modes):
 mode    frequency (cm-1)
    0               21.69 i (imaginary)
    1               20.03 i (imaginary)
    2               14.94 i (imaginary)
    3                0.25 i (imaginary)
    4                0.58
    5                0.72
    6             1433.07
    7             1433.14
    8             1433.17
    9             1647.90
   10             1647.98
   11             3163.64
   12             3284.63
   13             3284.66
   14             3284.71

 Project out translational and rotational motions 

 Degrees of freedom for translational and rotational motions: 6

 Vibrational frequencies:
 mode    frequency (cm-1)
    0             1433.07
    1             1433.14
    2             1433.17
    3             1647.90
    4             1647.98
    5             3163.64
    6             3284.63
    7             3284.66
    8             3284.71

 --------------------------------------------------------------------------------

 End time:                               Tue Apr 27 15:06:22 2021
 Total wall-clock time:                  5.288 seconds
==================================================================================
