
================================================================================
          _____________ ________ _______________ ________     _________         
         / ___________// ______ \\_____   _____// ______ \   / ________)        
        / /_________  / /      \ \     | |     / /      \ \ | (_______          
       |  __________|| |        | |    | |    | |        | | \________ \        
        \ \_________ | |        | |    | |     \ \______/ /___________) |       
         \__________||_|        |_|    |_|      \________//____________/        
                                                                                
====================================[ Qcore ]===================================

 Git hash:   15a3e7daff0cda5fa9af010ccd19a80288182ecf
 Git date:   Fri, 16 Apr 2021 15:57:16 +0100
 Compiler:   GNU 9.1.0
 Build type: Release
 Version:    1.1.0

 Start time: Tue Apr 27 15:06:42 2021

 Data directory: /work/zw18965/.local/qcore/share/entos/1.1.0/data
 Number of threads: 24
 Number of threads was determined by: command line argument
  - More threads can be used by running 'qcore -n 32'

 --------------------------------------------------------------------------------
                                command: optimize                                
 --------------------------------------------------------------------------------
 Using coordinate system:                tric
 Hessian update scheme:                  bfgs

 ------------------------------------------------------------------------------------------------------------
                   energy      change    grad rms    grad max    step rms    step max       trust    time (s)
 ------------------------------------------------------------------------------------------------------------
   1      -112.749505727                2.28e-02    3.95e-02                            2.00e-01        0.19
   2      -112.750040541   -5.35e-04    2.99e-03    5.18e-03    1.52e-02    3.04e-02    2.00e-01        0.08
   3      -112.750049182   -8.64e-06    1.46e-04    2.52e-04    1.76e-03    3.52e-03    2.00e-01        0.11
   4      -112.750049203   -2.09e-08    8.70e-07    1.51e-06    8.18e-05    1.64e-04    2.00e-01        0.09
 Geometry optimization stopped:          thresholds achieved

 Final energy:                        -112.750049203

 -----------
  Final XYZ 
 -----------
2
Final structure: -112.75 hartree
O            0.555086029          0.000000061          0.000000058
C           -0.555086145         -0.000000063         -0.000000059

 Structure in entos input format:

  structure(
    xyz = [
      ['O'  ,          0.555086029,          0.000000061,          0.000000058],
      ['C'  ,         -0.555086145,         -0.000000063,         -0.000000059]
    ]
  )

 --------------------------------
  Geometry optimization finished 
 --------------------------------
 Saving results in set 'opt'

 --------------------------------------------------------------------------------
                                 command: hessian                                
 --------------------------------------------------------------------------------

WARNING: numerical method is specified for dft hessian, which is not efficient. Try switching to 'method = analytic'


 -------------------------------
  Numerical Geometrical Hessian 
 -------------------------------

 Compute hessian using two-point central differentiation.
 Step size (bohr):                       0.0100

 Frequencies (including translational and rotational modes):
 mode    frequency (cm-1)
    0                0.30 i (imaginary)
    1                0.02
    2                0.19
    3               11.77
    4               11.79
    5             2431.12

 Project out translational and rotational motions 

 The molecule is linear

 Degrees of freedom for translational and rotational motions: 5

 Vibrational frequencies:
 mode    frequency (cm-1)
    0             2431.12

 --------------------------------------------------------------------------------

 End time:                               Tue Apr 27 15:06:44 2021
 Total wall-clock time:                  1.698 seconds
==================================================================================
