
================================================================================
          _____________ ________ _______________ ________     _________         
         / ___________// ______ \\_____   _____// ______ \   / ________)        
        / /_________  / /      \ \     | |     / /      \ \ | (_______          
       |  __________|| |        | |    | |    | |        | | \________ \        
        \ \_________ | |        | |    | |     \ \______/ /___________) |       
         \__________||_|        |_|    |_|      \________//____________/        
                                                                                
====================================[ Qcore ]===================================

 Git hash:   15a3e7daff0cda5fa9af010ccd19a80288182ecf
 Git date:   Fri, 16 Apr 2021 15:57:16 +0100
 Compiler:   GNU 9.1.0
 Build type: Release
 Version:    1.1.0

 Start time: Tue Apr 27 15:06:57 2021

 Data directory: /work/zw18965/.local/qcore/share/entos/1.1.0/data
 Number of threads: 24
 Number of threads was determined by: command line argument
  - More threads can be used by running 'qcore -n 32'

 --------------------------------------------------------------------------------
                                command: optimize                                
 --------------------------------------------------------------------------------
 Using coordinate system:                tric
 Hessian update scheme:                  bfgs

 ------------------------------------------------------------------------------------------------------------
                   energy      change    grad rms    grad max    step rms    step max       trust    time (s)
 ------------------------------------------------------------------------------------------------------------
   1      -198.688007207                1.59e-02    2.75e-02                            2.00e-01        0.17
Rejecting step due to low quality: Quality: -4.61324 New trust radius: 0.1
   2      -198.646496227    4.15e-02    1.59e-02    2.75e-02    2.00e-01    2.00e-01    1.00e-01        0.09
   3      -198.683179279    4.83e-03    5.06e-02    8.76e-02    1.00e-01    1.00e-01    5.00e-02        0.08
   4      -198.688448676   -5.27e-03    1.22e-02    2.12e-02    5.00e-02    5.00e-02    7.07e-02        0.08
   5      -198.688845912   -3.97e-04    2.29e-03    3.97e-03    1.60e-02    1.60e-02    7.07e-02        0.09
   6      -198.688861365   -1.55e-05    1.37e-04    2.37e-04    3.68e-03    3.68e-03    7.07e-02        0.10
   7      -198.688861420   -5.59e-08    1.66e-06    2.88e-06    2.34e-04    2.34e-04    7.07e-02        0.08
 Geometry optimization stopped:          thresholds achieved

 Final energy:                        -198.688861420

 -----------
  Final XYZ 
 -----------
2
Final structure: -198.689 hartree
F            0.000000239          0.000000251         -0.673822410
F           -0.000000238         -0.000000251          0.673822428

 Structure in entos input format:

  structure(
    xyz = [
      ['F'  ,          0.000000239,          0.000000251,         -0.673822410],
      ['F'  ,         -0.000000238,         -0.000000251,          0.673822428]
    ]
  )

 --------------------------------
  Geometry optimization finished 
 --------------------------------
 Saving results in set 'opt'

 --------------------------------------------------------------------------------
                                 command: hessian                                
 --------------------------------------------------------------------------------

WARNING: numerical method is specified for dft hessian, which is not efficient. Try switching to 'method = analytic'


 -------------------------------
  Numerical Geometrical Hessian 
 -------------------------------

 Compute hessian using two-point central differentiation.
 Step size (bohr):                       0.0100

 Frequencies (including translational and rotational modes):
 mode    frequency (cm-1)
    0                0.01 i (imaginary)
    1                0.20
    2                0.26
    3                4.30
    4                4.34
    5             1180.52

 Project out translational and rotational motions 

 The molecule is linear

 Degrees of freedom for translational and rotational motions: 5

 Vibrational frequencies:
 mode    frequency (cm-1)
    0             1180.52

 --------------------------------------------------------------------------------

 End time:                               Tue Apr 27 15:06:59 2021
 Total wall-clock time:                  1.963 seconds
==================================================================================
