
================================================================================
          _____________ ________ _______________ ________     _________         
         / ___________// ______ \\_____   _____// ______ \   / ________)        
        / /_________  / /      \ \     | |     / /      \ \ | (_______          
       |  __________|| |        | |    | |    | |        | | \________ \        
        \ \_________ | |        | |    | |     \ \______/ /___________) |       
         \__________||_|        |_|    |_|      \________//____________/        
                                                                                
====================================[ Qcore ]===================================

 Git hash:   15a3e7daff0cda5fa9af010ccd19a80288182ecf
 Git date:   Fri, 16 Apr 2021 15:57:16 +0100
 Compiler:   GNU 9.1.0
 Build type: Release
 Version:    1.1.0

 Start time: Tue Apr 27 15:07:16 2021

 Data directory: /work/zw18965/.local/qcore/share/entos/1.1.0/data
 Number of threads: 24
 Number of threads was determined by: command line argument
  - More threads can be used by running 'qcore -n 32'

 --------------------------------------------------------------------------------
                                command: optimize                                
 --------------------------------------------------------------------------------
 Using coordinate system:                tric
 Hessian update scheme:                  bfgs

 ------------------------------------------------------------------------------------------------------------
                   energy      change    grad rms    grad max    step rms    step max       trust    time (s)
 ------------------------------------------------------------------------------------------------------------
   1      -398.698606119                4.84e-03    9.00e-03                            2.00e-01        0.29
   2      -398.698800188   -1.94e-04    1.78e-03    3.96e-03    2.34e-02    1.92e-02    2.00e-01        0.19
   3      -398.698823238   -2.31e-05    6.18e-05    1.34e-04    4.93e-03    7.96e-03    2.00e-01        0.18
   4      -398.698823266   -2.80e-08    6.79e-07    1.37e-06    1.74e-04    2.96e-04    2.00e-01        0.18
 Geometry optimization stopped:          thresholds achieved

 Final energy:                        -398.698823266

 -----------
  Final XYZ 
 -----------
3
Final structure: -398.699 hartree
S           -0.001435746          0.606807702         -0.000000782
H            0.976162737         -0.301097179          0.000000673
H           -0.974728209         -0.305711887         -0.000001531

 Structure in entos input format:

  structure(
    xyz = [
      ['S'  ,         -0.001435746,          0.606807702,         -0.000000782],
      ['H'  ,          0.976162737,         -0.301097179,          0.000000673],
      ['H'  ,         -0.974728209,         -0.305711887,         -0.000001531]
    ]
  )

 --------------------------------
  Geometry optimization finished 
 --------------------------------
 Saving results in set 'opt'

 --------------------------------------------------------------------------------
                                 command: hessian                                
 --------------------------------------------------------------------------------

WARNING: numerical method is specified for dft hessian, which is not efficient. Try switching to 'method = analytic'


 -------------------------------
  Numerical Geometrical Hessian 
 -------------------------------

 Compute hessian using two-point central differentiation.
 Step size (bohr):                       0.0100

 Frequencies (including translational and rotational modes):
 mode    frequency (cm-1)
    0               22.21 i (imaginary)
    1                1.03 i (imaginary)
    2                0.45
    3                0.61
    4               10.66
    5               11.10
    6             1316.93
    7             2869.30
    8             2882.31

 Project out translational and rotational motions 

 Degrees of freedom for translational and rotational motions: 6

 Vibrational frequencies:
 mode    frequency (cm-1)
    0             1316.93
    1             2869.30
    2             2882.31

 --------------------------------------------------------------------------------

 End time:                               Tue Apr 27 15:07:20 2021
 Total wall-clock time:                  4.505 seconds
==================================================================================
