
================================================================================
          _____________ ________ _______________ ________     _________         
         / ___________// ______ \\_____   _____// ______ \   / ________)        
        / /_________  / /      \ \     | |     / /      \ \ | (_______          
       |  __________|| |        | |    | |    | |        | | \________ \        
        \ \_________ | |        | |    | |     \ \______/ /___________) |       
         \__________||_|        |_|    |_|      \________//____________/        
                                                                                
====================================[ Qcore ]===================================

 Git hash:   15a3e7daff0cda5fa9af010ccd19a80288182ecf
 Git date:   Fri, 16 Apr 2021 15:57:16 +0100
 Compiler:   GNU 9.1.0
 Build type: Release
 Version:    1.1.0

 Start time: Tue Apr 27 15:07:23 2021

 Data directory: /work/zw18965/.local/qcore/share/entos/1.1.0/data
 Number of threads: 24
 Number of threads was determined by: command line argument
  - More threads can be used by running 'qcore -n 32'

 --------------------------------------------------------------------------------
                                command: optimize                                
 --------------------------------------------------------------------------------
 Using coordinate system:                tric
 Hessian update scheme:                  bfgs

 ------------------------------------------------------------------------------------------------------------
                   energy      change    grad rms    grad max    step rms    step max       trust    time (s)
 ------------------------------------------------------------------------------------------------------------
   1       -92.883910596                1.37e-02    3.02e-02                            2.00e-01        0.23
   2       -92.884161803   -2.51e-04    3.04e-03    6.53e-03    9.62e-03    2.24e-02    2.00e-01        0.13
   3       -92.884174626   -1.28e-05    9.93e-05    2.32e-04    1.87e-03    4.15e-03    2.00e-01        0.12
   4       -92.884174639   -1.33e-08    4.80e-06    9.55e-06    5.00e-05    1.13e-04    2.00e-01        0.12
 Geometry optimization stopped:          thresholds achieved

 Final energy:                         -92.884174639

 -----------
  Final XYZ 
 -----------
3
Final structure: -92.8842 hartree
C           -0.022558639         -0.000008581          0.000000164
N            1.111745738         -0.000591218          0.000000170
H           -1.089186930          0.000600093          0.000000049

 Structure in entos input format:

  structure(
    xyz = [
      ['C'  ,         -0.022558639,         -0.000008581,          0.000000164],
      ['N'  ,          1.111745738,         -0.000591218,          0.000000170],
      ['H'  ,         -1.089186930,          0.000600093,          0.000000049]
    ]
  )

 --------------------------------
  Geometry optimization finished 
 --------------------------------
 Saving results in set 'opt'

 --------------------------------------------------------------------------------
                                 command: hessian                                
 --------------------------------------------------------------------------------

WARNING: numerical method is specified for dft hessian, which is not efficient. Try switching to 'method = analytic'


 -------------------------------
  Numerical Geometrical Hessian 
 -------------------------------

 Compute hessian using two-point central differentiation.
 Step size (bohr):                       0.0100

 Frequencies (including translational and rotational modes):
 mode    frequency (cm-1)
    0                0.53 i (imaginary)
    1                0.44 i (imaginary)
    2                0.51
    3               10.63
    4               10.64
    5              869.67
    6              869.67
    7             2421.15
    8             3645.26

 Project out translational and rotational motions 

 Degrees of freedom for translational and rotational motions: 6

 Vibrational frequencies:
 mode    frequency (cm-1)
    0              869.67
    1             2421.15
    2             3645.26

 --------------------------------------------------------------------------------

 End time:                               Tue Apr 27 15:07:26 2021
 Total wall-clock time:                  2.984 seconds
==================================================================================
