
================================================================================
          _____________ ________ _______________ ________     _________         
         / ___________// ______ \\_____   _____// ______ \   / ________)        
        / /_________  / /      \ \     | |     / /      \ \ | (_______          
       |  __________|| |        | |    | |    | |        | | \________ \        
        \ \_________ | |        | |    | |     \ \______/ /___________) |       
         \__________||_|        |_|    |_|      \________//____________/        
                                                                                
====================================[ Qcore ]===================================

 Git hash:   15a3e7daff0cda5fa9af010ccd19a80288182ecf
 Git date:   Fri, 16 Apr 2021 15:57:16 +0100
 Compiler:   GNU 9.1.0
 Build type: Release
 Version:    1.1.0

 Start time: Tue Apr 27 15:07:37 2021

 Data directory: /work/zw18965/.local/qcore/share/entos/1.1.0/data
 Number of threads: 24
 Number of threads was determined by: command line argument
  - More threads can be used by running 'qcore -n 32'

 --------------------------------------------------------------------------------
                                command: optimize                                
 --------------------------------------------------------------------------------
 Using coordinate system:                tric
 Hessian update scheme:                  bfgs

 ------------------------------------------------------------------------------------------------------------
                   energy      change    grad rms    grad max    step rms    step max       trust    time (s)
 ------------------------------------------------------------------------------------------------------------
   1      -108.953927284                4.35e-02    7.53e-02                            2.00e-01        0.18
   2      -108.955257585   -1.33e-03    1.74e-02    3.02e-02    2.74e-02    5.47e-02    2.00e-01        0.10
   3      -108.955474719   -2.17e-04    1.24e-03    2.15e-03    7.83e-03    1.57e-02    2.00e-01        0.09
   4      -108.955475873   -1.15e-06    3.22e-05    5.58e-05    5.21e-04    1.04e-03    2.00e-01        0.09
   5      -108.955475873   -8.12e-10    6.29e-08    1.11e-07    1.39e-05    2.78e-05    2.00e-01        0.09
 Geometry optimization stopped:          thresholds achieved

 Final energy:                        -108.955475873

 -----------
  Final XYZ 
 -----------
2
Final structure: -108.955 hartree
N            0.538648492          0.000000074         -0.000000066
N           -0.538648768         -0.000000073          0.000000066

 Structure in entos input format:

  structure(
    xyz = [
      ['N'  ,          0.538648492,          0.000000074,         -0.000000066],
      ['N'  ,         -0.538648768,         -0.000000073,          0.000000066]
    ]
  )

 --------------------------------
  Geometry optimization finished 
 --------------------------------
 Saving results in set 'opt'

 --------------------------------------------------------------------------------
                                 command: hessian                                
 --------------------------------------------------------------------------------

WARNING: numerical method is specified for dft hessian, which is not efficient. Try switching to 'method = analytic'


 -------------------------------
  Numerical Geometrical Hessian 
 -------------------------------

 Compute hessian using two-point central differentiation.
 Step size (bohr):                       0.0100

 Frequencies (including translational and rotational modes):
 mode    frequency (cm-1)
    0                0.02
    1                0.15
    2                0.18
    3               13.62
    4               13.63
    5             2758.51

 Project out translational and rotational motions 

 The molecule is linear

 Degrees of freedom for translational and rotational motions: 5

 Vibrational frequencies:
 mode    frequency (cm-1)
    0             2758.51

 --------------------------------------------------------------------------------

 End time:                               Tue Apr 27 15:07:39 2021
 Total wall-clock time:                  1.750 seconds
==================================================================================
