
================================================================================
          _____________ ________ _______________ ________     _________         
         / ___________// ______ \\_____   _____// ______ \   / ________)        
        / /_________  / /      \ \     | |     / /      \ \ | (_______          
       |  __________|| |        | |    | |    | |        | | \________ \        
        \ \_________ | |        | |    | |     \ \______/ /___________) |       
         \__________||_|        |_|    |_|      \________//____________/        
                                                                                
====================================[ Qcore ]===================================

 Git hash:   15a3e7daff0cda5fa9af010ccd19a80288182ecf
 Git date:   Fri, 16 Apr 2021 15:57:16 +0100
 Compiler:   GNU 9.1.0
 Build type: Release
 Version:    1.1.0

 Start time: Tue Apr 27 15:07:47 2021

 Data directory: /work/zw18965/.local/qcore/share/entos/1.1.0/data
 Number of threads: 24
 Number of threads was determined by: command line argument
  - More threads can be used by running 'qcore -n 32'

 --------------------------------------------------------------------------------
                                command: optimize                                
 --------------------------------------------------------------------------------
 Using coordinate system:                tric
 Hessian update scheme:                  bfgs

 ------------------------------------------------------------------------------------------------------------
                   energy      change    grad rms    grad max    step rms    step max       trust    time (s)
 ------------------------------------------------------------------------------------------------------------
   1      -510.294603414                3.43e-02    8.17e-02                            2.00e-01        0.44
   2      -510.296565326   -1.96e-03    8.68e-03    1.99e-02    1.96e-02    4.81e-02    2.00e-01        0.30
   3      -510.296790494   -2.25e-04    2.85e-03    6.98e-03    8.01e-03    1.94e-02    2.00e-01        0.29
   4      -510.296840317   -4.98e-05    3.62e-04    8.49e-04    6.15e-03    1.24e-02    2.00e-01        0.29
   5      -510.296840937   -6.20e-07    1.50e-05    3.57e-05    7.15e-04    1.19e-03    2.00e-01        0.30
 Geometry optimization stopped:          thresholds achieved

 Final energy:                        -510.296840937

 -----------
  Final XYZ 
 -----------
3
Final structure: -510.297 hartree
O           -0.000000579          0.000000143         -1.256502732
C            0.000000351         -0.000000035         -0.126779643
S            0.000001583         -0.000000694          1.442279412

 Structure in entos input format:

  structure(
    xyz = [
      ['O'  ,         -0.000000579,          0.000000143,         -1.256502732],
      ['C'  ,          0.000000351,         -0.000000035,         -0.126779643],
      ['S'  ,          0.000001583,         -0.000000694,          1.442279412]
    ]
  )

 --------------------------------
  Geometry optimization finished 
 --------------------------------
 Saving results in set 'opt'

 --------------------------------------------------------------------------------
                                 command: hessian                                
 --------------------------------------------------------------------------------

WARNING: numerical method is specified for dft hessian, which is not efficient. Try switching to 'method = analytic'


 -------------------------------
  Numerical Geometrical Hessian 
 -------------------------------

 Compute hessian using two-point central differentiation.
 Step size (bohr):                       0.0100

 Frequencies (including translational and rotational modes):
 mode    frequency (cm-1)
    0                1.36 i (imaginary)
    1                0.49
    2                0.86
    3                1.97
    4                2.38
    5              583.55
    6              583.55
    7              904.22
    8             2294.54

 Project out translational and rotational motions 

 Degrees of freedom for translational and rotational motions: 6

 Vibrational frequencies:
 mode    frequency (cm-1)
    0              583.55
    1              904.22
    2             2294.54

 --------------------------------------------------------------------------------

 End time:                               Tue Apr 27 15:07:55 2021
 Total wall-clock time:                  7.395 seconds
==================================================================================
