
================================================================================
          _____________ ________ _______________ ________     _________         
         / ___________// ______ \\_____   _____// ______ \   / ________)        
        / /_________  / /      \ \     | |     / /      \ \ | (_______          
       |  __________|| |        | |    | |    | |        | | \________ \        
        \ \_________ | |        | |    | |     \ \______/ /___________) |       
         \__________||_|        |_|    |_|      \________//____________/        
                                                                                
====================================[ Qcore ]===================================

 Git hash:   15a3e7daff0cda5fa9af010ccd19a80288182ecf
 Git date:   Fri, 16 Apr 2021 15:57:16 +0100
 Compiler:   GNU 9.1.0
 Build type: Release
 Version:    1.1.0

 Start time: Tue Apr 27 15:07:55 2021

 Data directory: /work/zw18965/.local/qcore/share/entos/1.1.0/data
 Number of threads: 24
 Number of threads was determined by: command line argument
  - More threads can be used by running 'qcore -n 32'

 --------------------------------------------------------------------------------
                                command: optimize                                
 --------------------------------------------------------------------------------
 Using coordinate system:                tric
 Hessian update scheme:                  bfgs

 ------------------------------------------------------------------------------------------------------------
                   energy      change    grad rms    grad max    step rms    step max       trust    time (s)
 ------------------------------------------------------------------------------------------------------------
   1      -342.474762125                5.94e-03    1.16e-02                            2.00e-01        0.33
   2      -342.475607813   -8.46e-04    4.11e-03    1.22e-02    1.34e-01    1.05e-01    2.00e-01        0.24
   3      -342.476208566   -6.01e-04    8.15e-04    1.95e-03    5.30e-02    4.67e-02    2.00e-01        0.21
   4      -342.476216901   -8.33e-06    1.98e-04    4.47e-04    2.43e-03    3.72e-03    2.00e-01        0.23
   5      -342.476217461   -5.60e-07    1.25e-06    2.37e-06    9.26e-04    1.24e-03    2.00e-01        0.23
   6      -342.476217461   -8.44e-11    5.89e-08    1.28e-07    1.48e-05    1.01e-05    2.00e-01        0.22
 Geometry optimization stopped:          thresholds achieved

 Final energy:                        -342.476217461

 -----------
  Final XYZ 
 -----------
4
Final structure: -342.476 hartree
P           -0.005027495         -0.001198533          0.553591536
H           -0.665532034         -1.003034231         -0.192762965
H           -0.533697874          1.079974304         -0.187056127
H            1.204255248         -0.075739888         -0.173777079

 Structure in entos input format:

  structure(
    xyz = [
      ['P'  ,         -0.005027495,         -0.001198533,          0.553591536],
      ['H'  ,         -0.665532034,         -1.003034231,         -0.192762965],
      ['H'  ,         -0.533697874,          1.079974304,         -0.187056127],
      ['H'  ,          1.204255248,         -0.075739888,         -0.173777079]
    ]
  )

 --------------------------------
  Geometry optimization finished 
 --------------------------------
 Saving results in set 'opt'

 --------------------------------------------------------------------------------
                                 command: hessian                                
 --------------------------------------------------------------------------------

WARNING: numerical method is specified for dft hessian, which is not efficient. Try switching to 'method = analytic'


 -------------------------------
  Numerical Geometrical Hessian 
 -------------------------------

 Compute hessian using two-point central differentiation.
 Step size (bohr):                       0.0100

 Frequencies (including translational and rotational modes):
 mode    frequency (cm-1)
    0               15.29 i (imaginary)
    1               13.41 i (imaginary)
    2                4.08 i (imaginary)
    3                0.55 i (imaginary)
    4                0.03
    5                1.04
    6             1109.87
    7             1233.93
    8             1234.00
    9             2537.46
   10             2538.40
   11             2538.45

 Project out translational and rotational motions 

 Degrees of freedom for translational and rotational motions: 6

 Vibrational frequencies:
 mode    frequency (cm-1)
    0             1109.87
    1             1233.93
    2             1234.00
    3             2537.46
    4             2538.40
    5             2538.45

 --------------------------------------------------------------------------------

 End time:                               Tue Apr 27 15:08:02 2021
 Total wall-clock time:                  7.187 seconds
==================================================================================
