
================================================================================
          _____________ ________ _______________ ________     _________         
         / ___________// ______ \\_____   _____// ______ \   / ________)        
        / /_________  / /      \ \     | |     / /      \ \ | (_______          
       |  __________|| |        | |    | |    | |        | | \________ \        
        \ \_________ | |        | |    | |     \ \______/ /___________) |       
         \__________||_|        |_|    |_|      \________//____________/        
                                                                                
====================================[ Qcore ]===================================

 Git hash:   15a3e7daff0cda5fa9af010ccd19a80288182ecf
 Git date:   Fri, 16 Apr 2021 15:57:16 +0100
 Compiler:   GNU 9.1.0
 Build type: Release
 Version:    1.1.0

 Start time: Tue Apr 27 15:08:02 2021

 Data directory: /work/zw18965/.local/qcore/share/entos/1.1.0/data
 Number of threads: 24
 Number of threads was determined by: command line argument
  - More threads can be used by running 'qcore -n 32'

 --------------------------------------------------------------------------------
                                command: optimize                                
 --------------------------------------------------------------------------------
 Using coordinate system:                tric
 Hessian update scheme:                  bfgs

 ------------------------------------------------------------------------------------------------------------
                   energy      change    grad rms    grad max    step rms    step max       trust    time (s)
 ------------------------------------------------------------------------------------------------------------
   1      -363.800302646                2.02e-02    3.50e-02                            2.00e-01        0.32
   2      -363.801056177   -7.54e-04    9.03e-03    1.56e-02    1.48e-02    2.96e-02    2.00e-01        0.19
   3      -363.801230399   -1.74e-04    7.27e-04    1.26e-03    1.20e-02    2.39e-02    2.00e-01        0.18
   4      -363.801231484   -1.08e-06    2.35e-05    4.06e-05    8.91e-04    1.78e-03    2.00e-01        0.18
   5      -363.801231485   -1.16e-09    4.80e-08    8.74e-08    2.78e-05    5.56e-05    2.00e-01        0.18
 Geometry optimization stopped:          thresholds achieved

 Final energy:                        -363.801231485

 -----------
  Final XYZ 
 -----------
2
Final structure: -363.801 hartree
Si          -0.000000257          0.000000245         -0.743233250
O            0.000000255         -0.000000247          0.743233137

 Structure in entos input format:

  structure(
    xyz = [
      ['Si' ,         -0.000000257,          0.000000245,         -0.743233250],
      ['O'  ,          0.000000255,         -0.000000247,          0.743233137]
    ]
  )

 --------------------------------
  Geometry optimization finished 
 --------------------------------
 Saving results in set 'opt'

 --------------------------------------------------------------------------------
                                 command: hessian                                
 --------------------------------------------------------------------------------

WARNING: numerical method is specified for dft hessian, which is not efficient. Try switching to 'method = analytic'


 -------------------------------
  Numerical Geometrical Hessian 
 -------------------------------

 Compute hessian using two-point central differentiation.
 Step size (bohr):                       0.0100

 Frequencies (including translational and rotational modes):
 mode    frequency (cm-1)
    0                0.05 i (imaginary)
    1                0.03 i (imaginary)
    2                0.30
    3                4.91
    4                4.93
    5             1374.15

 Project out translational and rotational motions 

 The molecule is linear

 Degrees of freedom for translational and rotational motions: 5

 Vibrational frequencies:
 mode    frequency (cm-1)
    0             1374.15

 --------------------------------------------------------------------------------

 End time:                               Tue Apr 27 15:08:05 2021
 Total wall-clock time:                  3.524 seconds
==================================================================================
