
================================================================================
          _____________ ________ _______________ ________     _________         
         / ___________// ______ \\_____   _____// ______ \   / ________)        
        / /_________  / /      \ \     | |     / /      \ \ | (_______          
       |  __________|| |        | |    | |    | |        | | \________ \        
        \ \_________ | |        | |    | |     \ \______/ /___________) |       
         \__________||_|        |_|    |_|      \________//____________/        
                                                                                
====================================[ Qcore ]===================================

 Git hash:   15a3e7daff0cda5fa9af010ccd19a80288182ecf
 Git date:   Fri, 16 Apr 2021 15:57:16 +0100
 Compiler:   GNU 9.1.0
 Build type: Release
 Version:    1.1.0

 Start time: Tue Apr 27 14:54:08 2021

 Data directory: /work/zw18965/.local/qcore/share/entos/1.1.0/data
 Number of threads: 24
 Number of threads was determined by: command line argument
  - More threads can be used by running 'qcore -n 32'

 --------------------------------------------------------------------------------
                                command: optimize                                
 --------------------------------------------------------------------------------
 Using coordinate system:                tric
 Hessian update scheme:                  bfgs

 ------------------------------------------------------------------------------------------------------------
                   energy      change    grad rms    grad max    step rms    step max       trust    time (s)
 ------------------------------------------------------------------------------------------------------------
   1       -26.571012685                6.35e-03    1.11e-02                            2.00e-01        0.35
   2       -26.571844179   -8.31e-04    1.58e-03    2.77e-03    3.05e-02    3.53e-02    2.00e-01        0.16
   3       -26.571902320   -5.81e-05    8.89e-05    1.58e-04    1.01e-02    1.17e-02    2.00e-01        0.15
   4       -26.571902511   -1.91e-07    3.41e-06    6.35e-06    6.02e-04    7.02e-04    2.00e-01        0.15
 Geometry optimization stopped:          thresholds achieved

 Final energy:                         -26.571902511

 -----------
  Final XYZ 
 -----------
4
Final structure: -26.5719 hartree
B            0.000005007          0.000009983         -0.198480063
H           -0.408099952         -1.051863839          0.224379999
H           -0.174421443          1.011449754          0.432663203
H            0.582516403          0.040404096         -1.252435405

 Structure in entos input format:

  structure(
    xyz = [
      ['B'  ,          0.000005007,          0.000009983,         -0.198480063],
      ['H'  ,         -0.408099952,         -1.051863839,          0.224379999],
      ['H'  ,         -0.174421443,          1.011449754,          0.432663203],
      ['H'  ,          0.582516403,          0.040404096,         -1.252435405]
    ]
  )

 --------------------------------
  Geometry optimization finished 
 --------------------------------
 Saving results in set 'opt'

 --------------------------------------------------------------------------------
                                 command: hessian                                
 --------------------------------------------------------------------------------

WARNING: semianalytic method is specified for dft hessian, which is not efficient. Try switching to 'method = analytic'


 -------------------------------
  Numerical Geometrical Hessian 
 -------------------------------

 Compute hessian using two-point central differentiation.
 Step size (bohr):                       0.0100

 Frequencies (including translational and rotational modes):
 mode    frequency (cm-1)
    0               46.29 i (imaginary)
    1                0.54 i (imaginary)
    2                0.14 i (imaginary)
    3                0.01
    4               15.36
    5               35.71
    6             1152.02
    7             1193.01
    8             1193.44
    9             2568.83
   10             2713.38
   11             2713.42

 Project out translational and rotational motions 

 Degrees of freedom for translational and rotational motions: 6

 Vibrational frequencies:
 mode    frequency (cm-1)
    0             1152.02
    1             1193.01
    2             1193.44
    3             2568.83
    4             2713.38
    5             2713.42

 --------------------------------------------------------------------------------

 End time:                               Tue Apr 27 14:54:13 2021
 Total wall-clock time:                  4.938 seconds
==================================================================================
