
================================================================================
          _____________ ________ _______________ ________     _________         
         / ___________// ______ \\_____   _____// ______ \   / ________)        
        / /_________  / /      \ \     | |     / /      \ \ | (_______          
       |  __________|| |        | |    | |    | |        | | \________ \        
        \ \_________ | |        | |    | |     \ \______/ /___________) |       
         \__________||_|        |_|    |_|      \________//____________/        
                                                                                
====================================[ Qcore ]===================================

 Git hash:   15a3e7daff0cda5fa9af010ccd19a80288182ecf
 Git date:   Fri, 16 Apr 2021 15:57:16 +0100
 Compiler:   GNU 9.1.0
 Build type: Release
 Version:    1.1.0

 Start time: Tue Apr 27 14:54:32 2021

 Data directory: /work/zw18965/.local/qcore/share/entos/1.1.0/data
 Number of threads: 24
 Number of threads was determined by: command line argument
  - More threads can be used by running 'qcore -n 32'

 --------------------------------------------------------------------------------
                                command: optimize                                
 --------------------------------------------------------------------------------
 Using coordinate system:                tric
 Hessian update scheme:                  bfgs

 ------------------------------------------------------------------------------------------------------------
                   energy      change    grad rms    grad max    step rms    step max       trust    time (s)
 ------------------------------------------------------------------------------------------------------------
   1      -958.353430701                1.71e-02    4.18e-02                            2.00e-01        0.66
   2      -958.358149332   -4.72e-03    9.61e-03    1.92e-02    1.29e-01    1.44e-01    2.00e-01        0.43
   3      -958.358801688   -6.52e-04    5.12e-03    8.71e-03    2.27e-02    2.68e-02    2.00e-01        0.41
   4      -958.359082414   -2.81e-04    4.77e-04    8.52e-04    2.00e-02    2.98e-02    2.00e-01        0.41
   5      -958.359085578   -3.16e-06    2.45e-05    4.43e-05    2.63e-03    2.98e-03    2.00e-01        0.40
   6      -958.359085709   -1.32e-07    1.91e-05    3.91e-05    1.98e-04    1.73e-03    2.00e-01        0.39
   7      -958.359086505   -7.96e-07    1.27e-04    2.39e-04    7.35e-04    1.43e-02    2.00e-01        0.40
   8      -958.359087609   -1.10e-06    2.13e-04    3.97e-04    5.65e-04    2.72e-02    2.00e-01        0.41
   9      -958.359088680   -1.07e-06    1.95e-04    3.63e-04    1.03e-04    3.28e-02    2.00e-01        0.42
  10      -958.359089218   -5.38e-07    8.16e-05    1.54e-04    7.23e-04    1.47e-02    2.00e-01        0.40
  11      -958.359089315   -9.66e-08    5.89e-06    1.25e-05    4.83e-04    5.10e-04    2.00e-01        0.38
 Geometry optimization stopped:          thresholds achieved

 Final energy:                        -958.359089315

 -----------
  Final XYZ 
 -----------
3
Final structure: -958.359 hartree
C            0.000000967         -0.034090200          0.023299454
Cl           0.000011284          0.957892547         -1.373453809
Cl          -0.000012250          0.959518219          1.418883792

 Structure in entos input format:

  structure(
    xyz = [
      ['C'  ,          0.000000967,         -0.034090200,          0.023299454],
      ['Cl' ,          0.000011284,          0.957892547,         -1.373453809],
      ['Cl' ,         -0.000012250,          0.959518219,          1.418883792]
    ]
  )

 --------------------------------
  Geometry optimization finished 
 --------------------------------
 Saving results in set 'opt'

 --------------------------------------------------------------------------------
                                 command: hessian                                
 --------------------------------------------------------------------------------

WARNING: semianalytic method is specified for dft hessian, which is not efficient. Try switching to 'method = analytic'


 -------------------------------
  Numerical Geometrical Hessian 
 -------------------------------

 Compute hessian using two-point central differentiation.
 Step size (bohr):                       0.0100

 Frequencies (including translational and rotational modes):
 mode    frequency (cm-1)
    0                0.52 i (imaginary)
    1                0.05 i (imaginary)
    2                0.01 i (imaginary)
    3               13.86
    4               16.62
    5               36.02
    6              351.48
    7              767.63
    8              812.44

 Project out translational and rotational motions 

 Degrees of freedom for translational and rotational motions: 6

 Vibrational frequencies:
 mode    frequency (cm-1)
    0              351.48
    1              767.63
    2              812.44

 --------------------------------------------------------------------------------

 End time:                               Tue Apr 27 14:54:45 2021
 Total wall-clock time:                 12.641 seconds
==================================================================================
