
================================================================================
          _____________ ________ _______________ ________     _________         
         / ___________// ______ \\_____   _____// ______ \   / ________)        
        / /_________  / /      \ \     | |     / /      \ \ | (_______          
       |  __________|| |        | |    | |    | |        | | \________ \        
        \ \_________ | |        | |    | |     \ \______/ /___________) |       
         \__________||_|        |_|    |_|      \________//____________/        
                                                                                
====================================[ Qcore ]===================================

 Git hash:   15a3e7daff0cda5fa9af010ccd19a80288182ecf
 Git date:   Fri, 16 Apr 2021 15:57:16 +0100
 Compiler:   GNU 9.1.0
 Build type: Release
 Version:    1.1.0

 Start time: Tue Apr 27 14:54:45 2021

 Data directory: /work/zw18965/.local/qcore/share/entos/1.1.0/data
 Number of threads: 24
 Number of threads was determined by: command line argument
  - More threads can be used by running 'qcore -n 32'

 --------------------------------------------------------------------------------
                                command: optimize                                
 --------------------------------------------------------------------------------
 Using coordinate system:                tric
 Hessian update scheme:                  bfgs

 ------------------------------------------------------------------------------------------------------------
                   energy      change    grad rms    grad max    step rms    step max       trust    time (s)
 ------------------------------------------------------------------------------------------------------------
   1      -237.595219627                5.79e-03    1.41e-02                            2.00e-01        0.40
   2      -237.595421033   -2.01e-04    2.27e-03    4.48e-03    1.66e-02    2.39e-02    2.00e-01        0.21
   3      -237.595445436   -2.44e-05    5.07e-04    8.35e-04    3.40e-03    5.50e-03    2.00e-01        0.21
   4      -237.595446931   -1.50e-06    7.92e-06    1.56e-05    1.22e-03    1.62e-03    2.00e-01        0.20
Rejecting step due to low quality: Quality: -8.4425 New trust radius: 1.46052e-05
   5      -237.595446926    4.50e-09    7.92e-06    1.56e-05    2.92e-05    2.41e-05    1.46e-05        0.19
 Geometry optimization stopped:          thresholds achieved

 Final energy:                        -237.595446926

 -----------
  Final XYZ 
 -----------
3
Final structure: -237.595 hartree
C           -0.000000054          0.133632663          0.000000022
F            0.000000004          0.933183623         -1.029970802
F            0.000000049          0.933183709          1.029970780

 Structure in entos input format:

  structure(
    xyz = [
      ['C'  ,         -0.000000054,          0.133632663,          0.000000022],
      ['F'  ,          0.000000004,          0.933183623,         -1.029970802],
      ['F'  ,          0.000000049,          0.933183709,          1.029970780]
    ]
  )

 --------------------------------
  Geometry optimization finished 
 --------------------------------
 Saving results in set 'opt'

 --------------------------------------------------------------------------------
                                 command: hessian                                
 --------------------------------------------------------------------------------

WARNING: semianalytic method is specified for dft hessian, which is not efficient. Try switching to 'method = analytic'


 -------------------------------
  Numerical Geometrical Hessian 
 -------------------------------

 Compute hessian using two-point central differentiation.
 Step size (bohr):                       0.0100

 Frequencies (including translational and rotational modes):
 mode    frequency (cm-1)
    0                0.15 i (imaginary)
    1                0.01 i (imaginary)
    2                0.00 i (imaginary)
    3               40.29
    4               42.29
    5               84.62
    6              682.01
    7             1184.07
    8             1276.39

 Project out translational and rotational motions 

 Degrees of freedom for translational and rotational motions: 6

 Vibrational frequencies:
 mode    frequency (cm-1)
    0              682.01
    1             1184.07
    2             1276.39

 --------------------------------------------------------------------------------

 End time:                               Tue Apr 27 14:54:50 2021
 Total wall-clock time:                  5.385 seconds
==================================================================================
