
================================================================================
          _____________ ________ _______________ ________     _________         
         / ___________// ______ \\_____   _____// ______ \   / ________)        
        / /_________  / /      \ \     | |     / /      \ \ | (_______          
       |  __________|| |        | |    | |    | |        | | \________ \        
        \ \_________ | |        | |    | |     \ \______/ /___________) |       
         \__________||_|        |_|    |_|      \________//____________/        
                                                                                
====================================[ Qcore ]===================================

 Git hash:   15a3e7daff0cda5fa9af010ccd19a80288182ecf
 Git date:   Fri, 16 Apr 2021 15:57:16 +0100
 Compiler:   GNU 9.1.0
 Build type: Release
 Version:    1.1.0

 Start time: Tue Apr 27 14:55:46 2021

 Data directory: /work/zw18965/.local/qcore/share/entos/1.1.0/data
 Number of threads: 24
 Number of threads was determined by: command line argument
  - More threads can be used by running 'qcore -n 32'

 --------------------------------------------------------------------------------
                                command: optimize                                
 --------------------------------------------------------------------------------
 Using coordinate system:                tric
 Hessian update scheme:                  bfgs

 ------------------------------------------------------------------------------------------------------------
                   energy      change    grad rms    grad max    step rms    step max       trust    time (s)
 ------------------------------------------------------------------------------------------------------------
   1      -437.418054265                6.10e-03    1.32e-02                            2.00e-01        0.64
   2      -437.418433670   -3.79e-04    1.82e-03    4.12e-03    2.17e-02    2.39e-02    2.00e-01        0.31
   3      -437.418476000   -4.23e-05    1.70e-04    2.84e-04    1.03e-02    1.26e-02    2.00e-01        0.31
   4      -437.418476503   -5.03e-07    8.36e-05    2.18e-04    8.11e-04    1.20e-03    2.00e-01        0.31
 Geometry optimization stopped:          thresholds achieved

 Final energy:                        -437.418476503

 -----------
  Final XYZ 
 -----------
4
Final structure: -437.418 hartree
C           -0.106870968          0.008482683          0.001136941
S            1.488218901         -0.118444859         -0.015457558
H           -0.663705383          0.275800525          0.910477982
H           -0.717646689         -0.165900644         -0.896077962

 Structure in entos input format:

  structure(
    xyz = [
      ['C'  ,         -0.106870968,          0.008482683,          0.001136941],
      ['S'  ,          1.488218901,         -0.118444859,         -0.015457558],
      ['H'  ,         -0.663705383,          0.275800525,          0.910477982],
      ['H'  ,         -0.717646689,         -0.165900644,         -0.896077962]
    ]
  )

 --------------------------------
  Geometry optimization finished 
 --------------------------------
 Saving results in set 'opt'

 --------------------------------------------------------------------------------
                                 command: hessian                                
 --------------------------------------------------------------------------------

WARNING: semianalytic method is specified for dft hessian, which is not efficient. Try switching to 'method = analytic'


 -------------------------------
  Numerical Geometrical Hessian 
 -------------------------------

 Compute hessian using two-point central differentiation.
 Step size (bohr):                       0.0100

 Frequencies (including translational and rotational modes):
 mode    frequency (cm-1)
    0                8.94 i (imaginary)
    1                2.51 i (imaginary)
    2                0.92 i (imaginary)
    3                0.57
    4                4.29
    5               39.90
    6             1008.61
    7             1045.46
    8             1147.55
    9             1496.81
   10             3105.19
   11             3197.49

 Project out translational and rotational motions 

 Degrees of freedom for translational and rotational motions: 6

 Vibrational frequencies:
 mode    frequency (cm-1)
    0             1008.61
    1             1045.46
    2             1147.55
    3             1496.81
    4             3105.19
    5             3197.49

 --------------------------------------------------------------------------------

 End time:                               Tue Apr 27 14:55:56 2021
 Total wall-clock time:                  9.776 seconds
==================================================================================
