
================================================================================
          _____________ ________ _______________ ________     _________         
         / ___________// ______ \\_____   _____// ______ \   / ________)        
        / /_________  / /      \ \     | |     / /      \ \ | (_______          
       |  __________|| |        | |    | |    | |        | | \________ \        
        \ \_________ | |        | |    | |     \ \______/ /___________) |       
         \__________||_|        |_|    |_|      \________//____________/        
                                                                                
====================================[ Qcore ]===================================

 Git hash:   15a3e7daff0cda5fa9af010ccd19a80288182ecf
 Git date:   Fri, 16 Apr 2021 15:57:16 +0100
 Compiler:   GNU 9.1.0
 Build type: Release
 Version:    1.1.0

 Start time: Tue Apr 27 14:56:05 2021

 Data directory: /work/zw18965/.local/qcore/share/entos/1.1.0/data
 Number of threads: 24
 Number of threads was determined by: command line argument
  - More threads can be used by running 'qcore -n 32'

 --------------------------------------------------------------------------------
                                command: optimize                                
 --------------------------------------------------------------------------------
 Using coordinate system:                tric
 Hessian update scheme:                  bfgs

 ------------------------------------------------------------------------------------------------------------
                   energy      change    grad rms    grad max    step rms    step max       trust    time (s)
 ------------------------------------------------------------------------------------------------------------
   1      -460.796250085                8.01e-03    1.39e-02                            2.00e-01        0.43
   2      -460.796468786   -2.19e-04    3.23e-03    5.59e-03    1.13e-02    2.26e-02    2.00e-01        0.19
   3      -460.796513197   -4.44e-05    1.69e-04    2.93e-04    7.60e-03    1.52e-02    2.00e-01        0.19
   4      -460.796513324   -1.26e-07    3.83e-06    6.63e-06    4.21e-04    8.42e-04    2.00e-01        0.18
 Geometry optimization stopped:          thresholds achieved

 Final energy:                        -460.796513324

 -----------
  Final XYZ 
 -----------
2
Final structure: -460.797 hartree
Cl           0.642778335         -0.000000010          0.000000007
H           -0.642778336          0.000000010         -0.000000007

 Structure in entos input format:

  structure(
    xyz = [
      ['Cl' ,          0.642778335,         -0.000000010,          0.000000007],
      ['H'  ,         -0.642778336,          0.000000010,         -0.000000007]
    ]
  )

 --------------------------------
  Geometry optimization finished 
 --------------------------------
 Saving results in set 'opt'

 --------------------------------------------------------------------------------
                                 command: hessian                                
 --------------------------------------------------------------------------------

WARNING: semianalytic method is specified for dft hessian, which is not efficient. Try switching to 'method = analytic'


 -------------------------------
  Numerical Geometrical Hessian 
 -------------------------------

 Compute hessian using two-point central differentiation.
 Step size (bohr):                       0.0100

 Frequencies (including translational and rotational modes):
 mode    frequency (cm-1)
    0                0.01 i (imaginary)
    1                0.00
    2                0.01
    3                9.55
    4                9.61
    5             3026.93

 Project out translational and rotational motions 

 The molecule is linear

 Degrees of freedom for translational and rotational motions: 5

 Vibrational frequencies:
 mode    frequency (cm-1)
    0             3026.93

 --------------------------------------------------------------------------------

 End time:                               Tue Apr 27 14:56:08 2021
 Total wall-clock time:                  3.668 seconds
==================================================================================
