
================================================================================
          _____________ ________ _______________ ________     _________         
         / ___________// ______ \\_____   _____// ______ \   / ________)        
        / /_________  / /      \ \     | |     / /      \ \ | (_______          
       |  __________|| |        | |    | |    | |        | | \________ \        
        \ \_________ | |        | |    | |     \ \______/ /___________) |       
         \__________||_|        |_|    |_|      \________//____________/        
                                                                                
====================================[ Qcore ]===================================

 Git hash:   15a3e7daff0cda5fa9af010ccd19a80288182ecf
 Git date:   Fri, 16 Apr 2021 15:57:16 +0100
 Compiler:   GNU 9.1.0
 Build type: Release
 Version:    1.1.0

 Start time: Tue Apr 27 14:56:13 2021

 Data directory: /work/zw18965/.local/qcore/share/entos/1.1.0/data
 Number of threads: 24
 Number of threads was determined by: command line argument
  - More threads can be used by running 'qcore -n 32'

 --------------------------------------------------------------------------------
                                command: optimize                                
 --------------------------------------------------------------------------------
 Using coordinate system:                tric
 Hessian update scheme:                  bfgs

 ------------------------------------------------------------------------------------------------------------
                   energy      change    grad rms    grad max    step rms    step max       trust    time (s)
 ------------------------------------------------------------------------------------------------------------
   1      -100.390368229                1.97e-03    3.40e-03                            2.00e-01        0.29
   2      -100.390377360   -9.13e-06    4.76e-04    8.24e-04    2.16e-03    4.31e-03    2.00e-01        0.11
   3      -100.390377921   -5.61e-07    5.22e-06    9.04e-06    6.88e-04    1.38e-03    2.00e-01        0.10
   4      -100.390377921    3.25e-11    6.79e-08    1.18e-07    7.47e-06    1.49e-05    3.73e-06        0.08
 Geometry optimization stopped:          thresholds achieved

 Final energy:                        -100.390377921

 -----------
  Final XYZ 
 -----------
2
Final structure: -100.39 hartree
F            0.461962768          0.000000001          0.000000001
H           -0.461962768         -0.000000001         -0.000000001

 Structure in entos input format:

  structure(
    xyz = [
      ['F'  ,          0.461962768,          0.000000001,          0.000000001],
      ['H'  ,         -0.461962768,         -0.000000001,         -0.000000001]
    ]
  )

 --------------------------------
  Geometry optimization finished 
 --------------------------------
 Saving results in set 'opt'

 --------------------------------------------------------------------------------
                                 command: hessian                                
 --------------------------------------------------------------------------------

WARNING: semianalytic method is specified for dft hessian, which is not efficient. Try switching to 'method = analytic'


 -------------------------------
  Numerical Geometrical Hessian 
 -------------------------------

 Compute hessian using two-point central differentiation.
 Step size (bohr):                       0.0100

 Frequencies (including translational and rotational modes):
 mode    frequency (cm-1)
    0                0.00 i (imaginary)
    1                0.00 i (imaginary)
    2                0.00
    3               16.50
    4               16.50
    5             4092.67

 Project out translational and rotational motions 

 The molecule is linear

 Degrees of freedom for translational and rotational motions: 5

 Vibrational frequencies:
 mode    frequency (cm-1)
    0             4092.67

 --------------------------------------------------------------------------------

 End time:                               Tue Apr 27 14:56:15 2021
 Total wall-clock time:                  2.027 seconds
==================================================================================
