
================================================================================
          _____________ ________ _______________ ________     _________         
         / ___________// ______ \\_____   _____// ______ \   / ________)        
        / /_________  / /      \ \     | |     / /      \ \ | (_______          
       |  __________|| |        | |    | |    | |        | | \________ \        
        \ \_________ | |        | |    | |     \ \______/ /___________) |       
         \__________||_|        |_|    |_|      \________//____________/        
                                                                                
====================================[ Qcore ]===================================

 Git hash:   15a3e7daff0cda5fa9af010ccd19a80288182ecf
 Git date:   Fri, 16 Apr 2021 15:57:16 +0100
 Compiler:   GNU 9.1.0
 Build type: Release
 Version:    1.1.0

 Start time: Tue Apr 27 14:56:15 2021

 Data directory: /work/zw18965/.local/qcore/share/entos/1.1.0/data
 Number of threads: 24
 Number of threads was determined by: command line argument
  - More threads can be used by running 'qcore -n 32'

 --------------------------------------------------------------------------------
                                command: optimize                                
 --------------------------------------------------------------------------------
 Using coordinate system:                tric
 Hessian update scheme:                  bfgs

 ------------------------------------------------------------------------------------------------------------
                   energy      change    grad rms    grad max    step rms    step max       trust    time (s)
 ------------------------------------------------------------------------------------------------------------
   1      -130.400771135                7.12e-03    1.50e-02                            2.00e-01        0.41
   2      -130.401017040   -2.46e-04    9.20e-04    1.52e-03    1.84e-02    2.41e-02    2.00e-01        0.17
   3      -130.401021870   -4.83e-06    2.85e-04    5.04e-04    1.74e-03    3.46e-03    2.00e-01        0.16
   4      -130.401022518   -6.49e-07    4.61e-05    8.68e-05    8.13e-04    1.85e-03    2.00e-01        0.15
   5      -130.401022535   -1.69e-08    1.91e-05    3.67e-05    2.04e-04    3.16e-04    2.00e-01        0.15
 Geometry optimization stopped:          thresholds achieved

 Final energy:                        -130.401022535

 -----------
  Final XYZ 
 -----------
3
Final structure: -130.401 hartree
N           -0.065543343          0.438402144          0.000000010
O            0.949689436         -0.192394179         -0.000000043
H           -0.884146087         -0.246007965          0.000000033

 Structure in entos input format:

  structure(
    xyz = [
      ['N'  ,         -0.065543343,          0.438402144,          0.000000010],
      ['O'  ,          0.949689436,         -0.192394179,         -0.000000043],
      ['H'  ,         -0.884146087,         -0.246007965,          0.000000033]
    ]
  )

 --------------------------------
  Geometry optimization finished 
 --------------------------------
 Saving results in set 'opt'

 --------------------------------------------------------------------------------
                                 command: hessian                                
 --------------------------------------------------------------------------------

WARNING: semianalytic method is specified for dft hessian, which is not efficient. Try switching to 'method = analytic'


 -------------------------------
  Numerical Geometrical Hessian 
 -------------------------------

 Compute hessian using two-point central differentiation.
 Step size (bohr):                       0.0100

 Frequencies (including translational and rotational modes):
 mode    frequency (cm-1)
    0               12.37 i (imaginary)
    1                1.68 i (imaginary)
    2                0.02 i (imaginary)
    3                0.49
    4                9.05
    5               24.22
    6             1588.64
    7             1770.00
    8             2912.26

 Project out translational and rotational motions 

 Degrees of freedom for translational and rotational motions: 6

 Vibrational frequencies:
 mode    frequency (cm-1)
    0             1588.64
    1             1770.00
    2             2912.26

 --------------------------------------------------------------------------------

 End time:                               Tue Apr 27 14:56:19 2021
 Total wall-clock time:                  4.432 seconds
==================================================================================
