
================================================================================
          _____________ ________ _______________ ________     _________         
         / ___________// ______ \\_____   _____// ______ \   / ________)        
        / /_________  / /      \ \     | |     / /      \ \ | (_______          
       |  __________|| |        | |    | |    | |        | | \________ \        
        \ \_________ | |        | |    | |     \ \______/ /___________) |       
         \__________||_|        |_|    |_|      \________//____________/        
                                                                                
====================================[ Qcore ]===================================

 Git hash:   15a3e7daff0cda5fa9af010ccd19a80288182ecf
 Git date:   Fri, 16 Apr 2021 15:57:16 +0100
 Compiler:   GNU 9.1.0
 Build type: Release
 Version:    1.1.0

 Start time: Tue Apr 27 14:57:11 2021

 Data directory: /work/zw18965/.local/qcore/share/entos/1.1.0/data
 Number of threads: 24
 Number of threads was determined by: command line argument
  - More threads can be used by running 'qcore -n 32'

 --------------------------------------------------------------------------------
                                command: optimize                                
 --------------------------------------------------------------------------------
 Using coordinate system:                tric
 Hessian update scheme:                  bfgs

 ------------------------------------------------------------------------------------------------------------
                   energy      change    grad rms    grad max    step rms    step max       trust    time (s)
 ------------------------------------------------------------------------------------------------------------
   1      -115.639862836                3.79e-03    7.50e-03                            2.00e-01        0.57
   2      -115.640183928   -3.21e-04    1.05e-03    2.37e-03    1.66e-02    2.35e-02    2.00e-01        0.31
   3      -115.640218670   -3.47e-05    1.58e-04    3.23e-04    7.67e-03    1.33e-02    2.00e-01        0.32
   4      -115.640220407   -1.74e-06    7.74e-05    2.18e-04    2.65e-03    3.00e-03    2.00e-01        0.29
   5      -115.640220535   -1.29e-07    3.77e-05    1.23e-04    5.87e-04    5.46e-04    2.00e-01        0.29
 Geometry optimization stopped:          thresholds achieved

 Final energy:                        -115.640220535

 -----------
  Final XYZ 
 -----------
6
Final structure: -115.64 hartree
C           -0.350552069         -0.043627115         -0.017560038
O            1.002245833         -0.349837764         -0.272354578
H           -0.530090059          1.042069639          0.098288775
H           -0.621474726         -0.531733738          0.929478228
H           -1.031745632         -0.425358284         -0.801551366
H            1.248173814          0.074662400         -1.102105966

 Structure in entos input format:

  structure(
    xyz = [
      ['C'  ,         -0.350552069,         -0.043627115,         -0.017560038],
      ['O'  ,          1.002245833,         -0.349837764,         -0.272354578],
      ['H'  ,         -0.530090059,          1.042069639,          0.098288775],
      ['H'  ,         -0.621474726,         -0.531733738,          0.929478228],
      ['H'  ,         -1.031745632,         -0.425358284,         -0.801551366],
      ['H'  ,          1.248173814,          0.074662400,         -1.102105966]
    ]
  )

 --------------------------------
  Geometry optimization finished 
 --------------------------------
 Saving results in set 'opt'

 --------------------------------------------------------------------------------
                                 command: hessian                                
 --------------------------------------------------------------------------------

WARNING: semianalytic method is specified for dft hessian, which is not efficient. Try switching to 'method = analytic'


 -------------------------------
  Numerical Geometrical Hessian 
 -------------------------------

 Compute hessian using two-point central differentiation.
 Step size (bohr):                       0.0100

 Frequencies (including translational and rotational modes):
 mode    frequency (cm-1)
    0               13.72 i (imaginary)
    1                5.27 i (imaginary)
    2                2.78 i (imaginary)
    3                0.15
    4                2.25
    5                4.45
    6              328.61
    7             1081.84
    8             1128.00
    9             1175.02
   10             1389.76
   11             1487.06
   12             1487.42
   13             1504.13
   14             3015.41
   15             3070.04
   16             3151.12
   17             3865.39

 Project out translational and rotational motions 

 Degrees of freedom for translational and rotational motions: 6

 Vibrational frequencies:
 mode    frequency (cm-1)
    0              328.61
    1             1081.84
    2             1128.00
    3             1175.02
    4             1389.76
    5             1487.06
    6             1487.42
    7             1504.13
    8             3015.41
    9             3070.04
   10             3151.12
   11             3865.39

 --------------------------------------------------------------------------------

 End time:                               Tue Apr 27 14:57:24 2021
 Total wall-clock time:                 13.095 seconds
==================================================================================
