
================================================================================
          _____________ ________ _______________ ________     _________         
         / ___________// ______ \\_____   _____// ______ \   / ________)        
        / /_________  / /      \ \     | |     / /      \ \ | (_______          
       |  __________|| |        | |    | |    | |        | | \________ \        
        \ \_________ | |        | |    | |     \ \______/ /___________) |       
         \__________||_|        |_|    |_|      \________//____________/        
                                                                                
====================================[ Qcore ]===================================

 Git hash:   15a3e7daff0cda5fa9af010ccd19a80288182ecf
 Git date:   Fri, 16 Apr 2021 15:57:16 +0100
 Compiler:   GNU 9.1.0
 Build type: Release
 Version:    1.1.0

 Start time: Fri Apr 16 16:59:12 2021

 Data directory: /work/zw18965/.local/qcore/share/entos/1.1.0/data
 Number of threads: 24
 Number of threads was determined by: command line argument

 --------------------------------------------------------------------------------
                                command: optimize                                
 --------------------------------------------------------------------------------
 Using coordinate system:                tric
 Hessian update scheme:                  bfgs

 ------------------------------------------------------------------------------------------------------------
                   energy      change    grad rms    grad max    step rms    step max       trust    time (s)
 ------------------------------------------------------------------------------------------------------------
   1       -26.606097256                2.85e-03    5.02e-03                            2.00e-01        5.12
   2       -26.606271967   -1.75e-04    8.00e-04    1.40e-03    1.37e-02    1.59e-02    2.00e-01        4.16
   3       -26.606287740   -1.58e-05    2.44e-05    5.44e-05    5.35e-03    6.21e-03    2.00e-01        4.19
   4       -26.606287780   -3.96e-08    8.96e-06    1.76e-05    1.78e-04    4.91e-04    2.00e-01        3.73
 Geometry optimization stopped:          thresholds achieved

 Final energy:                         -26.606287780

 -----------
  Final XYZ 
 -----------
4
Final structure: -26.6063 hartree
B           -0.000038649          0.000033476         -0.198504499
H           -0.403910144         -1.039809453          0.219993253
H           -0.171903723          1.000419941          0.425381231
H            0.575852532          0.039356031         -1.240742250

 Structure in entos input format:

  structure(
    xyz = [
      ['B'  ,         -0.000038649,          0.000033476,         -0.198504499],
      ['H'  ,         -0.403910144,         -1.039809453,          0.219993253],
      ['H'  ,         -0.171903723,          1.000419941,          0.425381231],
      ['H'  ,          0.575852532,          0.039356031,         -1.240742250]
    ]
  )

 --------------------------------
  Geometry optimization finished 
 --------------------------------
 Saving results in set 'opt'

 --------------------------------------------------------------------------------
                                 command: hessian                                
 --------------------------------------------------------------------------------

WARNING: semianalytic method is specified for dft hessian, which is not efficient. Try switching to 'method = analytic'


 -------------------------------
  Numerical Geometrical Hessian 
 -------------------------------

 Compute hessian using two-point central differentiation.
 Step size (bohr):                       0.0100

 Frequencies (including translational and rotational modes):
 mode    frequency (cm-1)
    0              189.56 i (imaginary)
    1               53.83 i (imaginary)
    2               39.75 i (imaginary)
    3                4.79
    4              122.12
    5              191.49
    6             1164.62
    7             1203.91
    8             1214.89
    9             2560.29
   10             2698.47
   11             2700.93

 Project out translational and rotational motions 

 Degrees of freedom for translational and rotational motions: 6

 Vibrational frequencies:
 mode    frequency (cm-1)
    0             1164.44
    1             1203.80
    2             1214.88
    3             2560.27
    4             2698.45
    5             2700.92

 --------------------------------------------------------------------------------

 End time:                               Fri Apr 16 17:01:14 2021
 Total wall-clock time:                122.041 seconds
==================================================================================
