
================================================================================
          _____________ ________ _______________ ________     _________         
         / ___________// ______ \\_____   _____// ______ \   / ________)        
        / /_________  / /      \ \     | |     / /      \ \ | (_______          
       |  __________|| |        | |    | |    | |        | | \________ \        
        \ \_________ | |        | |    | |     \ \______/ /___________) |       
         \__________||_|        |_|    |_|      \________//____________/        
                                                                                
====================================[ Qcore ]===================================

 Git hash:   15a3e7daff0cda5fa9af010ccd19a80288182ecf
 Git date:   Fri, 16 Apr 2021 15:57:16 +0100
 Compiler:   GNU 9.1.0
 Build type: Release
 Version:    1.1.0

 Start time: Sat May  8 09:39:54 2021

 Data directory: /work/zw18965/.local/qcore/share/entos/1.1.0/data
 Number of threads: 24
 Number of threads was determined by: command line argument

 --------------------------------------------------------------------------------
                                command: optimize                                
 --------------------------------------------------------------------------------
 Using coordinate system:                tric
 Hessian update scheme:                  bfgs

 ------------------------------------------------------------------------------------------------------------
                   energy      change    grad rms    grad max    step rms    step max       trust    time (s)
 ------------------------------------------------------------------------------------------------------------
   1       -78.589550253                2.65e-03    6.90e-03                            2.00e-01       16.34
   2       -78.589666452   -1.16e-04    1.07e-03    2.84e-03    8.98e-03    1.16e-02    2.00e-01       14.13
   3       -78.589693306   -2.69e-05    1.79e-04    3.30e-04    7.83e-03    1.05e-02    2.00e-01       14.18
   4       -78.589694090   -7.84e-07    6.04e-05    8.44e-05    1.26e-03    1.43e-03    2.00e-01       13.83
   5       -78.589694156   -6.51e-08    4.63e-06    8.34e-06    3.98e-04    3.25e-04    2.00e-01       13.67
 Geometry optimization stopped:          thresholds achieved

 Final energy:                         -78.589694156

 -----------
  Final XYZ 
 -----------
6
Final structure: -78.5897 hartree
C           -0.660618258         -0.052089137         -0.000421907
C            0.660549047          0.052084838          0.000455367
H           -1.233950130          0.003684575         -0.920125146
H           -1.219370358         -0.197084006          0.918521516
H            1.219302480          0.197078492         -0.918487358
H            1.233879802         -0.003691357          0.920159188

 Structure in entos input format:

  structure(
    xyz = [
      ['C'  ,         -0.660618258,         -0.052089137,         -0.000421907],
      ['C'  ,          0.660549047,          0.052084838,          0.000455367],
      ['H'  ,         -1.233950130,          0.003684575,         -0.920125146],
      ['H'  ,         -1.219370358,         -0.197084006,          0.918521516],
      ['H'  ,          1.219302480,          0.197078492,         -0.918487358],
      ['H'  ,          1.233879802,         -0.003691357,          0.920159188]
    ]
  )

 --------------------------------
  Geometry optimization finished 
 --------------------------------
 Saving results in set 'opt'

 --------------------------------------------------------------------------------
                                 command: hessian                                
 --------------------------------------------------------------------------------

WARNING: semianalytic method is specified for dft hessian, which is not efficient. Try switching to 'method = analytic'


 -------------------------------
  Numerical Geometrical Hessian 
 -------------------------------

 Compute hessian using two-point central differentiation.
 Step size (bohr):                       0.0100

 Frequencies (including translational and rotational modes):
 mode    frequency (cm-1)
    0               16.64 i (imaginary)
    1                0.01 i (imaginary)
    2                0.01 i (imaginary)
    3                0.18
    4               12.18
    5               34.72
    6              834.36
    7              984.49
    8              996.72
    9             1066.99
   10             1247.78
   11             1381.99
   12             1474.95
   13             1704.19
   14             3126.79
   15             3144.76
   16             3202.91
   17             3228.55

 Project out translational and rotational motions 

 Degrees of freedom for translational and rotational motions: 6

 Vibrational frequencies:
 mode    frequency (cm-1)
    0              834.36
    1              984.49
    2              996.72
    3             1066.99
    4             1247.78
    5             1381.99
    6             1474.95
    7             1704.19
    8             3126.79
    9             3144.76
   10             3202.91
   11             3228.55

 --------------------------------------------------------------------------------

 End time:                               Sat May  8 09:50:14 2021
 Total wall-clock time:                620.134 seconds
==================================================================================
