
================================================================================
          _____________ ________ _______________ ________     _________         
         / ___________// ______ \\_____   _____// ______ \   / ________)        
        / /_________  / /      \ \     | |     / /      \ \ | (_______          
       |  __________|| |        | |    | |    | |        | | \________ \        
        \ \_________ | |        | |    | |     \ \______/ /___________) |       
         \__________||_|        |_|    |_|      \________//____________/        
                                                                                
====================================[ Qcore ]===================================

 Git hash:   15a3e7daff0cda5fa9af010ccd19a80288182ecf
 Git date:   Fri, 16 Apr 2021 15:57:16 +0100
 Compiler:   GNU 9.1.0
 Build type: Release
 Version:    1.1.0

 Start time: Sat May  8 10:05:17 2021

 Data directory: /work/zw18965/.local/qcore/share/entos/1.1.0/data
 Number of threads: 24
 Number of threads was determined by: command line argument

 --------------------------------------------------------------------------------
                                command: optimize                                
 --------------------------------------------------------------------------------
 Using coordinate system:                tric
 Hessian update scheme:                  bfgs

 ------------------------------------------------------------------------------------------------------------
                   energy      change    grad rms    grad max    step rms    step max       trust    time (s)
 ------------------------------------------------------------------------------------------------------------
   1      -920.398090145                4.64e-03    8.03e-03                            2.00e-01        6.99
   2      -920.398241431   -1.51e-04    2.06e-04    3.56e-04    1.78e-02    3.55e-02    2.00e-01        5.26
   3      -920.398241736   -3.05e-07    8.99e-06    1.56e-05    8.24e-04    1.65e-03    2.00e-01        5.12
Rejecting step due to low quality: Quality: -8.75522 New trust radius: 1.72637e-05
   4      -920.398241732    4.71e-09    8.99e-06    1.56e-05    3.45e-05    6.91e-05    1.73e-05        5.01
 Geometry optimization stopped:          thresholds achieved

 Final energy:                        -920.398241732

 -----------
  Final XYZ 
 -----------
2
Final structure: -920.398 hartree
Cl          -0.995468954          0.000000002          0.000000002
Cl           0.995468954         -0.000000002         -0.000000002

 Structure in entos input format:

  structure(
    xyz = [
      ['Cl' ,         -0.995468954,          0.000000002,          0.000000002],
      ['Cl' ,          0.995468954,         -0.000000002,         -0.000000002]
    ]
  )

 --------------------------------
  Geometry optimization finished 
 --------------------------------
 Saving results in set 'opt'

 --------------------------------------------------------------------------------
                                 command: hessian                                
 --------------------------------------------------------------------------------

WARNING: semianalytic method is specified for dft hessian, which is not efficient. Try switching to 'method = analytic'


 -------------------------------
  Numerical Geometrical Hessian 
 -------------------------------

 Compute hessian using two-point central differentiation.
 Step size (bohr):                       0.0100

 Frequencies (including translational and rotational modes):
 mode    frequency (cm-1)
    0               10.66 i (imaginary)
    1               10.64 i (imaginary)
    2                0.02 i (imaginary)
    3                0.01 i (imaginary)
    4                0.02
    5              580.56

 Project out translational and rotational motions 

 The molecule is linear

 Degrees of freedom for translational and rotational motions: 5

 Vibrational frequencies:
 mode    frequency (cm-1)
    0              580.56

 --------------------------------------------------------------------------------

 End time:                               Sat May  8 10:06:50 2021
 Total wall-clock time:                 93.078 seconds
==================================================================================
