
================================================================================
          _____________ ________ _______________ ________     _________         
         / ___________// ______ \\_____   _____// ______ \   / ________)        
        / /_________  / /      \ \     | |     / /      \ \ | (_______          
       |  __________|| |        | |    | |    | |        | | \________ \        
        \ \_________ | |        | |    | |     \ \______/ /___________) |       
         \__________||_|        |_|    |_|      \________//____________/        
                                                                                
====================================[ Qcore ]===================================

 Git hash:   15a3e7daff0cda5fa9af010ccd19a80288182ecf
 Git date:   Fri, 16 Apr 2021 15:57:16 +0100
 Compiler:   GNU 9.1.0
 Build type: Release
 Version:    1.1.0

 Start time: Sat May  8 10:11:21 2021

 Data directory: /work/zw18965/.local/qcore/share/entos/1.1.0/data
 Number of threads: 24
 Number of threads was determined by: command line argument

 --------------------------------------------------------------------------------
                                command: optimize                                
 --------------------------------------------------------------------------------
 Using coordinate system:                tric
 Hessian update scheme:                  bfgs

 ------------------------------------------------------------------------------------------------------------
                   energy      change    grad rms    grad max    step rms    step max       trust    time (s)
 ------------------------------------------------------------------------------------------------------------
   1      -559.994502384                1.24e-02    2.14e-02                            2.00e-01        6.55
   2      -559.995017735   -5.15e-04    7.93e-03    1.37e-02    1.46e-02    2.92e-02    2.00e-01        3.87
   3      -559.995348796   -3.31e-04    8.18e-04    1.42e-03    2.61e-02    5.22e-02    2.00e-01        4.12
   4      -559.995351984   -3.19e-06    4.91e-05    8.50e-05    2.44e-03    4.88e-03    2.00e-01        3.80
   5      -559.995351999   -1.50e-08    2.31e-07    3.99e-07    1.38e-04    2.77e-04    2.00e-01        3.62
 Geometry optimization stopped:          thresholds achieved

 Final energy:                        -559.995351999

 -----------
  Final XYZ 
 -----------
2
Final structure: -559.995 hartree
Cl           0.813875873         -0.000000203         -0.000000041
F           -0.813875873          0.000000203          0.000000041

 Structure in entos input format:

  structure(
    xyz = [
      ['Cl' ,          0.813875873,         -0.000000203,         -0.000000041],
      ['F'  ,         -0.813875873,          0.000000203,          0.000000041]
    ]
  )

 --------------------------------
  Geometry optimization finished 
 --------------------------------
 Saving results in set 'opt'

 --------------------------------------------------------------------------------
                                 command: hessian                                
 --------------------------------------------------------------------------------

WARNING: semianalytic method is specified for dft hessian, which is not efficient. Try switching to 'method = analytic'


 -------------------------------
  Numerical Geometrical Hessian 
 -------------------------------

 Compute hessian using two-point central differentiation.
 Step size (bohr):                       0.0100

 Frequencies (including translational and rotational modes):
 mode    frequency (cm-1)
    0               65.77 i (imaginary)
    1               65.76 i (imaginary)
    2                0.01 i (imaginary)
    3                0.00
    4                0.00
    5              808.32

 Project out translational and rotational motions 

 The molecule is linear

 Degrees of freedom for translational and rotational motions: 5

 Vibrational frequencies:
 mode    frequency (cm-1)
    0              808.32

 --------------------------------------------------------------------------------

 End time:                               Sat May  8 10:12:38 2021
 Total wall-clock time:                 77.002 seconds
==================================================================================
