
================================================================================
          _____________ ________ _______________ ________     _________         
         / ___________// ______ \\_____   _____// ______ \   / ________)        
        / /_________  / /      \ \     | |     / /      \ \ | (_______          
       |  __________|| |        | |    | |    | |        | | \________ \        
        \ \_________ | |        | |    | |     \ \______/ /___________) |       
         \__________||_|        |_|    |_|      \________//____________/        
                                                                                
====================================[ Qcore ]===================================

 Git hash:   15a3e7daff0cda5fa9af010ccd19a80288182ecf
 Git date:   Fri, 16 Apr 2021 15:57:16 +0100
 Compiler:   GNU 9.1.0
 Build type: Release
 Version:    1.1.0

 Start time: Fri Apr 16 17:07:31 2021

 Data directory: /work/zw18965/.local/qcore/share/entos/1.1.0/data
 Number of threads: 24
 Number of threads was determined by: command line argument

 --------------------------------------------------------------------------------
                                command: optimize                                
 --------------------------------------------------------------------------------
 Using coordinate system:                tric
 Hessian update scheme:                  bfgs

 ------------------------------------------------------------------------------------------------------------
                   energy      change    grad rms    grad max    step rms    step max       trust    time (s)
 ------------------------------------------------------------------------------------------------------------
   1      -188.612949727                2.10e-02    4.45e-02                            2.00e-01       10.29
   2      -188.614521625   -1.57e-03    7.55e-04    1.61e-03    2.84e-02    3.47e-02    2.00e-01        8.46
   3      -188.614524075   -2.45e-06    8.41e-05    2.02e-04    1.06e-03    1.30e-03    2.00e-01        7.76
   4      -188.614524099   -2.44e-08    3.34e-05    7.52e-05    1.27e-04    1.83e-04    2.00e-01        7.22
 Geometry optimization stopped:          thresholds achieved

 Final energy:                        -188.614524099

 -----------
  Final XYZ 
 -----------
3
Final structure: -188.615 hartree
O           -1.159602350         -0.000000005         -0.000000011
O            1.159597026          0.000000004          0.000000016
C            0.000005324          0.000000002         -0.000000005

 Structure in entos input format:

  structure(
    xyz = [
      ['O'  ,         -1.159602350,         -0.000000005,         -0.000000011],
      ['O'  ,          1.159597026,          0.000000004,          0.000000016],
      ['C'  ,          0.000005324,          0.000000002,         -0.000000005]
    ]
  )

 --------------------------------
  Geometry optimization finished 
 --------------------------------
 Saving results in set 'opt'

 --------------------------------------------------------------------------------
                                 command: hessian                                
 --------------------------------------------------------------------------------

WARNING: semianalytic method is specified for dft hessian, which is not efficient. Try switching to 'method = analytic'


 -------------------------------
  Numerical Geometrical Hessian 
 -------------------------------

 Compute hessian using two-point central differentiation.
 Step size (bohr):                       0.0100

 Frequencies (including translational and rotational modes):
 mode    frequency (cm-1)
    0               25.01 i (imaginary)
    1               16.77 i (imaginary)
    2                6.76 i (imaginary)
    3                3.61 i (imaginary)
    4                5.17
    5              676.02
    6              676.88
    7             1376.37
    8             2402.68

 Project out translational and rotational motions 

 Degrees of freedom for translational and rotational motions: 6

 Vibrational frequencies:
 mode    frequency (cm-1)
    0              676.81
    1             1376.32
    2             2402.66

 --------------------------------------------------------------------------------

 End time:                               Fri Apr 16 17:10:41 2021
 Total wall-clock time:                190.032 seconds
==================================================================================
