
================================================================================
          _____________ ________ _______________ ________     _________         
         / ___________// ______ \\_____   _____// ______ \   / ________)        
        / /_________  / /      \ \     | |     / /      \ \ | (_______          
       |  __________|| |        | |    | |    | |        | | \________ \        
        \ \_________ | |        | |    | |     \ \______/ /___________) |       
         \__________||_|        |_|    |_|      \________//____________/        
                                                                                
====================================[ Qcore ]===================================

 Git hash:   15a3e7daff0cda5fa9af010ccd19a80288182ecf
 Git date:   Fri, 16 Apr 2021 15:57:16 +0100
 Compiler:   GNU 9.1.0
 Build type: Release
 Version:    1.1.0

 Start time: Fri Apr 16 17:10:46 2021

 Data directory: /work/zw18965/.local/qcore/share/entos/1.1.0/data
 Number of threads: 24
 Number of threads was determined by: command line argument

 --------------------------------------------------------------------------------
                                command: optimize                                
 --------------------------------------------------------------------------------
 Using coordinate system:                tric
 Hessian update scheme:                  bfgs

 ------------------------------------------------------------------------------------------------------------
                   energy      change    grad rms    grad max    step rms    step max       trust    time (s)
 ------------------------------------------------------------------------------------------------------------
   1      -460.822287539                5.85e-03    1.01e-02                            2.00e-01        3.82
   2      -460.822406430   -1.19e-04    2.52e-03    4.37e-03    8.24e-03    1.65e-02    2.00e-01        2.00
   3      -460.822434550   -2.81e-05    1.01e-04    1.75e-04    6.25e-03    1.25e-02    2.00e-01        1.99
   4      -460.822434592   -4.19e-08    2.76e-06    4.79e-06    2.61e-04    5.23e-04    2.00e-01        1.90
 Geometry optimization stopped:          thresholds achieved

 Final energy:                        -460.822434592

 -----------
  Final XYZ 
 -----------
2
Final structure: -460.822 hartree
Cl           0.640361958         -0.000000041         -0.000000099
H           -0.640361958          0.000000041          0.000000099

 Structure in entos input format:

  structure(
    xyz = [
      ['Cl' ,          0.640361958,         -0.000000041,         -0.000000099],
      ['H'  ,         -0.640361958,          0.000000041,          0.000000099]
    ]
  )

 --------------------------------
  Geometry optimization finished 
 --------------------------------
 Saving results in set 'opt'

 --------------------------------------------------------------------------------
                                 command: hessian                                
 --------------------------------------------------------------------------------

WARNING: semianalytic method is specified for dft hessian, which is not efficient. Try switching to 'method = analytic'


 -------------------------------
  Numerical Geometrical Hessian 
 -------------------------------

 Compute hessian using two-point central differentiation.
 Step size (bohr):                       0.0100

 Frequencies (including translational and rotational modes):
 mode    frequency (cm-1)
    0                0.73 i (imaginary)
    1                0.12 i (imaginary)
    2                0.07 i (imaginary)
    3               39.26
    4               42.64
    5             2979.78

 Project out translational and rotational motions 

 The molecule is linear

 Degrees of freedom for translational and rotational motions: 5

 Vibrational frequencies:
 mode    frequency (cm-1)
    0             2979.78

 --------------------------------------------------------------------------------

 End time:                               Fri Apr 16 17:11:24 2021
 Total wall-clock time:                 37.198 seconds
==================================================================================
