
================================================================================
          _____________ ________ _______________ ________     _________         
         / ___________// ______ \\_____   _____// ______ \   / ________)        
        / /_________  / /      \ \     | |     / /      \ \ | (_______          
       |  __________|| |        | |    | |    | |        | | \________ \        
        \ \_________ | |        | |    | |     \ \______/ /___________) |       
         \__________||_|        |_|    |_|      \________//____________/        
                                                                                
====================================[ Qcore ]===================================

 Git hash:   15a3e7daff0cda5fa9af010ccd19a80288182ecf
 Git date:   Fri, 16 Apr 2021 15:57:16 +0100
 Compiler:   GNU 9.1.0
 Build type: Release
 Version:    1.1.0

 Start time: Sat May  8 10:35:47 2021

 Data directory: /work/zw18965/.local/qcore/share/entos/1.1.0/data
 Number of threads: 24
 Number of threads was determined by: command line argument

 --------------------------------------------------------------------------------
                                command: optimize                                
 --------------------------------------------------------------------------------
 Using coordinate system:                tric
 Hessian update scheme:                  bfgs

 ------------------------------------------------------------------------------------------------------------
                   energy      change    grad rms    grad max    step rms    step max       trust    time (s)
 ------------------------------------------------------------------------------------------------------------
   1       -93.433635675                2.35e-03    5.60e-03                            2.00e-01        6.48
   2       -93.433666032   -3.04e-05    5.52e-04    1.19e-03    4.65e-03    6.92e-03    2.00e-01        4.62
   3       -93.433667805   -1.77e-06    7.56e-05    1.85e-04    1.28e-03    2.67e-03    2.00e-01        4.28
   4       -93.433667818   -1.33e-08    3.27e-06    6.42e-06    8.28e-05    2.00e-04    2.00e-01        4.16
 Geometry optimization stopped:          thresholds achieved

 Final energy:                         -93.433667818

 -----------
  Final XYZ 
 -----------
3
Final structure: -93.4337 hartree
C           -0.025634373         -0.000008576          0.000000008
N            1.120684835         -0.000593556         -0.000000023
H           -1.095050462          0.000602137          0.000000015

 Structure in entos input format:

  structure(
    xyz = [
      ['C'  ,         -0.025634373,         -0.000008576,          0.000000008],
      ['N'  ,          1.120684835,         -0.000593556,         -0.000000023],
      ['H'  ,         -1.095050462,          0.000602137,          0.000000015]
    ]
  )

 --------------------------------
  Geometry optimization finished 
 --------------------------------
 Saving results in set 'opt'

 --------------------------------------------------------------------------------
                                 command: hessian                                
 --------------------------------------------------------------------------------

WARNING: semianalytic method is specified for dft hessian, which is not efficient. Try switching to 'method = analytic'


 -------------------------------
  Numerical Geometrical Hessian 
 -------------------------------

 Compute hessian using two-point central differentiation.
 Step size (bohr):                       0.0100

 Frequencies (including translational and rotational modes):
 mode    frequency (cm-1)
    0                0.92 i (imaginary)
    1                0.92 i (imaginary)
    2                0.00 i (imaginary)
    3               20.60
    4               20.63
    5              757.98
    6              757.98
    7             2209.03
    8             3433.06

 Project out translational and rotational motions 

 Degrees of freedom for translational and rotational motions: 6

 Vibrational frequencies:
 mode    frequency (cm-1)
    0              757.98
    1             2209.03
    2             3433.06

 --------------------------------------------------------------------------------

 End time:                               Sat May  8 10:37:36 2021
 Total wall-clock time:                108.817 seconds
==================================================================================
