
================================================================================
          _____________ ________ _______________ ________     _________         
         / ___________// ______ \\_____   _____// ______ \   / ________)        
        / /_________  / /      \ \     | |     / /      \ \ | (_______          
       |  __________|| |        | |    | |    | |        | | \________ \        
        \ \_________ | |        | |    | |     \ \______/ /___________) |       
         \__________||_|        |_|    |_|      \________//____________/        
                                                                                
====================================[ Qcore ]===================================

 Git hash:   15a3e7daff0cda5fa9af010ccd19a80288182ecf
 Git date:   Fri, 16 Apr 2021 15:57:16 +0100
 Compiler:   GNU 9.1.0
 Build type: Release
 Version:    1.1.0

 Start time: Sat May  8 10:43:57 2021

 Data directory: /work/zw18965/.local/qcore/share/entos/1.1.0/data
 Number of threads: 24
 Number of threads was determined by: command line argument

 --------------------------------------------------------------------------------
                                command: optimize                                
 --------------------------------------------------------------------------------
 Using coordinate system:                tric
 Hessian update scheme:                  bfgs

 ------------------------------------------------------------------------------------------------------------
                   energy      change    grad rms    grad max    step rms    step max       trust    time (s)
 ------------------------------------------------------------------------------------------------------------
   1       -56.566841574                2.70e-03    7.10e-03                            2.00e-01        5.22
   2       -56.566934334   -9.28e-05    1.44e-03    4.12e-03    7.50e-03    8.95e-03    2.00e-01        3.84
   3       -56.566992613   -5.83e-05    2.07e-04    4.12e-04    1.39e-02    1.68e-02    2.00e-01        3.96
   4       -56.566993481   -8.68e-07    7.29e-05    1.36e-04    1.50e-03    1.47e-03    2.00e-01        3.93
   5       -56.566993550   -6.95e-08    3.57e-06    5.42e-06    4.06e-04    4.78e-04    2.00e-01        3.64
 Geometry optimization stopped:          thresholds achieved

 Final energy:                         -56.566993550

 -----------
  Final XYZ 
 -----------
4
Final structure: -56.567 hartree
N           -0.002419777         -0.000658094          0.281102946
H           -0.520012933         -0.785244972         -0.100035534
H           -0.419015446          0.844003581         -0.095368747
H            0.941448156         -0.058100515         -0.085698665

 Structure in entos input format:

  structure(
    xyz = [
      ['N'  ,         -0.002419777,         -0.000658094,          0.281102946],
      ['H'  ,         -0.520012933,         -0.785244972,         -0.100035534],
      ['H'  ,         -0.419015446,          0.844003581,         -0.095368747],
      ['H'  ,          0.941448156,         -0.058100515,         -0.085698665]
    ]
  )

 --------------------------------
  Geometry optimization finished 
 --------------------------------
 Saving results in set 'opt'

 --------------------------------------------------------------------------------
                                 command: hessian                                
 --------------------------------------------------------------------------------

WARNING: semianalytic method is specified for dft hessian, which is not efficient. Try switching to 'method = analytic'


 -------------------------------
  Numerical Geometrical Hessian 
 -------------------------------

 Compute hessian using two-point central differentiation.
 Step size (bohr):                       0.0100

 Frequencies (including translational and rotational modes):
 mode    frequency (cm-1)
    0               53.98 i (imaginary)
    1                0.09 i (imaginary)
    2                0.00 i (imaginary)
    3                0.04
    4               15.76
    5               56.29
    6             1025.01
    7             1660.43
    8             1660.55
    9             3486.23
   10             3605.64
   11             3605.82

 Project out translational and rotational motions 

 Degrees of freedom for translational and rotational motions: 6

 Vibrational frequencies:
 mode    frequency (cm-1)
    0             1025.01
    1             1660.43
    2             1660.55
    3             3486.23
    4             3605.64
    5             3605.82

 --------------------------------------------------------------------------------

 End time:                               Sat May  8 10:45:58 2021
 Total wall-clock time:                120.331 seconds
==================================================================================
