
================================================================================
          _____________ ________ _______________ ________     _________         
         / ___________// ______ \\_____   _____// ______ \   / ________)        
        / /_________  / /      \ \     | |     / /      \ \ | (_______          
       |  __________|| |        | |    | |    | |        | | \________ \        
        \ \_________ | |        | |    | |     \ \______/ /___________) |       
         \__________||_|        |_|    |_|      \________//____________/        
                                                                                
====================================[ Qcore ]===================================

 Git hash:   15a3e7daff0cda5fa9af010ccd19a80288182ecf
 Git date:   Fri, 16 Apr 2021 15:57:16 +0100
 Compiler:   GNU 9.1.0
 Build type: Release
 Version:    1.1.0

 Start time: Fri Apr 16 17:13:23 2021

 Data directory: /work/zw18965/.local/qcore/share/entos/1.1.0/data
 Number of threads: 24
 Number of threads was determined by: command line argument

 --------------------------------------------------------------------------------
                                command: optimize                                
 --------------------------------------------------------------------------------
 Using coordinate system:                tric
 Hessian update scheme:                  bfgs

 ------------------------------------------------------------------------------------------------------------
                   energy      change    grad rms    grad max    step rms    step max       trust    time (s)
 ------------------------------------------------------------------------------------------------------------
   1      -511.561674077                1.22e-02    2.88e-02                            2.00e-01       15.38
   2      -511.562015176   -3.41e-04    5.88e-03    1.34e-02    7.91e-03    1.91e-02    2.00e-01       10.96
   3      -511.562146707   -1.32e-04    3.63e-04    8.63e-04    9.21e-03    2.13e-02    2.00e-01       11.69
   4      -511.562147605   -8.99e-07    2.73e-05    5.87e-05    8.60e-04    1.62e-03    2.00e-01       10.51
   5      -511.562147607   -1.07e-09    2.87e-05    6.86e-05    5.53e-05    1.23e-04    2.00e-01        9.21
 Geometry optimization stopped:          thresholds achieved

 Final energy:                        -511.562147607

 -----------
  Final XYZ 
 -----------
3
Final structure: -511.562 hartree
O            0.000000005         -0.000000029         -1.269387612
C            0.000000017         -0.000000012         -0.116884940
S           -0.000000022          0.000000041          1.445272552

 Structure in entos input format:

  structure(
    xyz = [
      ['O'  ,          0.000000005,         -0.000000029,         -1.269387612],
      ['C'  ,          0.000000017,         -0.000000012,         -0.116884940],
      ['S'  ,         -0.000000022,          0.000000041,          1.445272552]
    ]
  )

 --------------------------------
  Geometry optimization finished 
 --------------------------------
 Saving results in set 'opt'

 --------------------------------------------------------------------------------
                                 command: hessian                                
 --------------------------------------------------------------------------------

WARNING: semianalytic method is specified for dft hessian, which is not efficient. Try switching to 'method = analytic'


 -------------------------------
  Numerical Geometrical Hessian 
 -------------------------------

 Compute hessian using two-point central differentiation.
 Step size (bohr):                       0.0100

 Frequencies (including translational and rotational modes):
 mode    frequency (cm-1)
    0                9.25 i (imaginary)
    1                2.91 i (imaginary)
    2                1.15 i (imaginary)
    3                3.43
    4                8.56
    5              532.88
    6              532.95
    7              884.61
    8             2129.39

 Project out translational and rotational motions 

 Degrees of freedom for translational and rotational motions: 6

 Vibrational frequencies:
 mode    frequency (cm-1)
    0              532.89
    1              884.61
    2             2129.39

 --------------------------------------------------------------------------------

 End time:                               Fri Apr 16 17:17:55 2021
 Total wall-clock time:                271.126 seconds
==================================================================================
