
================================================================================
          _____________ ________ _______________ ________     _________         
         / ___________// ______ \\_____   _____// ______ \   / ________)        
        / /_________  / /      \ \     | |     / /      \ \ | (_______          
       |  __________|| |        | |    | |    | |        | | \________ \        
        \ \_________ | |        | |    | |     \ \______/ /___________) |       
         \__________||_|        |_|    |_|      \________//____________/        
                                                                                
====================================[ Qcore ]===================================

 Git hash:   15a3e7daff0cda5fa9af010ccd19a80288182ecf
 Git date:   Fri, 16 Apr 2021 15:57:16 +0100
 Compiler:   GNU 9.1.0
 Build type: Release
 Version:    1.1.0

 Start time: Sat May  8 10:57:53 2021

 Data directory: /work/zw18965/.local/qcore/share/entos/1.1.0/data
 Number of threads: 24
 Number of threads was determined by: command line argument

 --------------------------------------------------------------------------------
                                command: optimize                                
 --------------------------------------------------------------------------------
 Using coordinate system:                tric
 Hessian update scheme:                  bfgs

 ------------------------------------------------------------------------------------------------------------
                   energy      change    grad rms    grad max    step rms    step max       trust    time (s)
 ------------------------------------------------------------------------------------------------------------
   1      -548.668028146                6.57e-03    1.09e-02                            2.00e-01       14.96
   2      -548.668171002   -1.43e-04    3.42e-03    5.75e-03    6.31e-03    8.02e-03    2.00e-01       11.20
   3      -548.668222057   -5.11e-05    9.52e-05    2.01e-04    6.65e-03    8.58e-03    2.00e-01       11.27
   4      -548.668222128   -7.18e-08    6.21e-05    1.48e-04    2.84e-04    2.34e-04    2.00e-01       10.34
 Geometry optimization stopped:          thresholds achieved

 Final energy:                        -548.668222128

 -----------
  Final XYZ 
 -----------
3
Final structure: -548.668 hartree
S           -0.001231512          0.484007994         -0.000000120
O            1.232084818         -0.238875066          0.000000001
O           -1.230853306         -0.245132928          0.000000119

 Structure in entos input format:

  structure(
    xyz = [
      ['S'  ,         -0.001231512,          0.484007994,         -0.000000120],
      ['O'  ,          1.232084818,         -0.238875066,          0.000000001],
      ['O'  ,         -1.230853306,         -0.245132928,          0.000000119]
    ]
  )

 --------------------------------
  Geometry optimization finished 
 --------------------------------
 Saving results in set 'opt'

 --------------------------------------------------------------------------------
                                 command: hessian                                
 --------------------------------------------------------------------------------

WARNING: semianalytic method is specified for dft hessian, which is not efficient. Try switching to 'method = analytic'


 -------------------------------
  Numerical Geometrical Hessian 
 -------------------------------

 Compute hessian using two-point central differentiation.
 Step size (bohr):                       0.0100

 Frequencies (including translational and rotational modes):
 mode    frequency (cm-1)
    0               22.34 i (imaginary)
    1                0.09 i (imaginary)
    2                0.01
    3                0.05
    4               40.04
    5               64.75
    6              530.14
    7             1225.05
    8             1424.61

 Project out translational and rotational motions 

 Degrees of freedom for translational and rotational motions: 6

 Vibrational frequencies:
 mode    frequency (cm-1)
    0              530.14
    1             1225.05
    2             1424.61

 --------------------------------------------------------------------------------

 End time:                               Sat May  8 11:02:24 2021
 Total wall-clock time:                270.813 seconds
==================================================================================
