
================================================================================
          _____________ ________ _______________ ________     _________         
         / ___________// ______ \\_____   _____// ______ \   / ________)        
        / /_________  / /      \ \     | |     / /      \ \ | (_______          
       |  __________|| |        | |    | |    | |        | | \________ \        
        \ \_________ | |        | |    | |     \ \______/ /___________) |       
         \__________||_|        |_|    |_|      \________//____________/        
                                                                                
====================================[ Qcore ]===================================

 Git hash:   15a3e7daff0cda5fa9af010ccd19a80288182ecf
 Git date:   Fri, 16 Apr 2021 15:57:16 +0100
 Compiler:   GNU 9.1.0
 Build type: Release
 Version:    1.1.0

 Start time: Sat May  8 11:02:24 2021

 Data directory: /work/zw18965/.local/qcore/share/entos/1.1.0/data
 Number of threads: 24
 Number of threads was determined by: command line argument

 --------------------------------------------------------------------------------
                                command: optimize                                
 --------------------------------------------------------------------------------
 Using coordinate system:                tric
 Hessian update scheme:                  bfgs

 ------------------------------------------------------------------------------------------------------------
                   energy      change    grad rms    grad max    step rms    step max       trust    time (s)
 ------------------------------------------------------------------------------------------------------------
   1      -115.738467775                3.37e-03    9.55e-03                            2.00e-01       18.47
   2      -115.738605013   -1.37e-04    1.36e-03    3.71e-03    1.08e-02    1.11e-02    2.00e-01       14.88
   3      -115.738629011   -2.40e-05    4.87e-04    1.46e-03    4.23e-03    8.10e-03    2.00e-01       14.86
   4      -115.738633555   -4.54e-06    1.53e-04    3.63e-04    2.96e-03    3.82e-03    2.00e-01       14.86
   5      -115.738633909   -3.55e-07    3.10e-05    7.38e-05    7.71e-04    7.42e-04    2.00e-01       14.28
 Geometry optimization stopped:          thresholds achieved

 Final energy:                        -115.738633909

 -----------
  Final XYZ 
 -----------
6
Final structure: -115.739 hartree
C           -0.362814369         -0.041470022         -0.014041912
O            0.999110052         -0.346261569         -0.276653303
H           -0.527106866          1.036737372          0.098173648
H           -0.620134831         -0.529974017          0.926582969
H           -1.026938938         -0.424843100         -0.797669408
H            1.254442110          0.071986475         -1.102196938

 Structure in entos input format:

  structure(
    xyz = [
      ['C'  ,         -0.362814369,         -0.041470022,         -0.014041912],
      ['O'  ,          0.999110052,         -0.346261569,         -0.276653303],
      ['H'  ,         -0.527106866,          1.036737372,          0.098173648],
      ['H'  ,         -0.620134831,         -0.529974017,          0.926582969],
      ['H'  ,         -1.026938938,         -0.424843100,         -0.797669408],
      ['H'  ,          1.254442110,          0.071986475,         -1.102196938]
    ]
  )

 --------------------------------
  Geometry optimization finished 
 --------------------------------
 Saving results in set 'opt'

 --------------------------------------------------------------------------------
                                 command: hessian                                
 --------------------------------------------------------------------------------

WARNING: semianalytic method is specified for dft hessian, which is not efficient. Try switching to 'method = analytic'


 -------------------------------
  Numerical Geometrical Hessian 
 -------------------------------

 Compute hessian using two-point central differentiation.
 Step size (bohr):                       0.0100

 Frequencies (including translational and rotational modes):
 mode    frequency (cm-1)
    0                6.18 i (imaginary)
    1                1.19 i (imaginary)
    2                0.08 i (imaginary)
    3                0.24
    4                8.89
    5               19.30
    6              287.74
    7             1061.11
    8             1089.35
    9             1175.56
   10             1369.73
   11             1480.31
   12             1501.15
   13             1510.96
   14             3002.27
   15             3053.68
   16             3117.01
   17             3863.83

 Project out translational and rotational motions 

 Degrees of freedom for translational and rotational motions: 6

 Vibrational frequencies:
 mode    frequency (cm-1)
    0              287.74
    1             1061.11
    2             1089.35
    3             1175.56
    4             1369.73
    5             1480.31
    6             1501.15
    7             1510.96
    8             3002.27
    9             3053.68
   10             3117.01
   11             3863.83

 --------------------------------------------------------------------------------

 End time:                               Sat May  8 11:12:54 2021
 Total wall-clock time:                629.947 seconds
==================================================================================
