
================================================================================
          _____________ ________ _______________ ________     _________         
         / ___________// ______ \\_____   _____// ______ \   / ________)        
        / /_________  / /      \ \     | |     / /      \ \ | (_______          
       |  __________|| |        | |    | |    | |        | | \________ \        
        \ \_________ | |        | |    | |     \ \______/ /___________) |       
         \__________||_|        |_|    |_|      \________//____________/        
                                                                                
====================================[ Qcore ]===================================

 Git hash:   15a3e7daff0cda5fa9af010ccd19a80288182ecf
 Git date:   Fri, 16 Apr 2021 15:57:16 +0100
 Compiler:   GNU 9.1.0
 Build type: Release
 Version:    1.1.0

 Start time: Thu Apr 22 15:43:24 2021

 Data directory: /work/zw18965/.local/qcore/share/entos/1.1.0/data
 Number of threads: 12
 Number of threads was determined by: command line argument
  - More threads can be used by running 'qcore -n 24'

 --------------------------------------------------------------------------------
                                command: optimize                                
 --------------------------------------------------------------------------------
 Using coordinate system:                tric
 Hessian update scheme:                  bfgs

 ------------------------------------------------------------------------------------------------------------
                   energy      change    grad rms    grad max    step rms    step max       trust    time (s)
 ------------------------------------------------------------------------------------------------------------
   1      -796.383921144                4.52e-03    7.83e-03                            2.00e-01       11.94
   2      -796.384012694   -9.16e-05    5.01e-07    8.68e-07    1.16e-02    2.31e-02    2.00e-01        9.25
   3      -796.384012695   -5.50e-10    3.62e-06    6.27e-06    1.28e-06    2.56e-06    2.00e-01        7.57
 Geometry optimization stopped:          thresholds achieved

 Final energy:                        -796.384012695

 -----------
  Final XYZ 
 -----------
2
Final structure: -796.384 hartree
S            0.000000097         -0.000000097          0.006117796
S           -0.000000097          0.000000097          1.890766793

 Structure in entos input format:

  structure(
    xyz = [
      ['S'  ,          0.000000097,         -0.000000097,          0.006117796],
      ['S'  ,         -0.000000097,          0.000000097,          1.890766793]
    ]
  )

 --------------------------------
  Geometry optimization finished 
 --------------------------------
 Saving results in set 'opt'

 --------------------------------------------------------------------------------
                                 command: hessian                                
 --------------------------------------------------------------------------------

WARNING: semianalytic method is specified for dft hessian, which is not efficient. Try switching to 'method = analytic'


 -------------------------------
  Numerical Geometrical Hessian 
 -------------------------------

 Compute hessian using two-point central differentiation.
 Step size (bohr):                       0.0100

 Frequencies (including translational and rotational modes):
 mode    frequency (cm-1)
    0               13.95 i (imaginary)
    1               13.89 i (imaginary)
    2                0.84 i (imaginary)
    3                0.05
    4                0.11
    5              757.33

 Project out translational and rotational motions 

 The molecule is linear

 Degrees of freedom for translational and rotational motions: 5

 Vibrational frequencies:
 mode    frequency (cm-1)
    0              757.33

 --------------------------------------------------------------------------------

 End time:                               Thu Apr 22 15:45:55 2021
 Total wall-clock time:                150.525 seconds
==================================================================================
