
================================================================================
          _____________ ________ _______________ ________     _________         
         / ___________// ______ \\_____   _____// ______ \   / ________)        
        / /_________  / /      \ \     | |     / /      \ \ | (_______          
       |  __________|| |        | |    | |    | |        | | \________ \        
        \ \_________ | |        | |    | |     \ \______/ /___________) |       
         \__________||_|        |_|    |_|      \________//____________/        
                                                                                
====================================[ Qcore ]===================================

 Git hash:   15a3e7daff0cda5fa9af010ccd19a80288182ecf
 Git date:   Fri, 16 Apr 2021 15:57:16 +0100
 Compiler:   GNU 9.1.0
 Build type: Release
 Version:    1.1.0

 Start time: Mon May 10 14:29:03 2021

 Data directory: /work/zw18965/.local/qcore/share/entos/1.1.0/data
 Number of threads: 24
 Number of threads was determined by: command line argument
  - More threads can be used by running 'qcore -n 32'

 --------------------------------------------------------------------------------
                                 command: hessian                                
 --------------------------------------------------------------------------------

WARNING: numerical method is specified for dft hessian, which is not efficient. Try switching to 'method = analytic'


 -------------------------------
  Numerical Geometrical Hessian 
 -------------------------------

 Compute hessian using two-point central differentiation.
 Step size (bohr):                       0.0100

 Frequencies (including translational and rotational modes):
 mode    frequency (cm-1)
    0               24.68 i (imaginary)
    1               10.66 i (imaginary)
    2                2.37 i (imaginary)
    3                6.59
    4                9.13
    5               21.71
    6              845.92
    7             1001.24
    8             1007.87
    9             1083.19
   10             1268.56
   11             1406.11
   12             1504.81
   13             1729.60
   14             3191.67
   15             3208.02
   16             3268.02
   17             3295.07

 Project out translational and rotational motions 

 Degrees of freedom for translational and rotational motions: 6

 Vibrational frequencies:
 mode    frequency (cm-1)
    0              845.92
    1             1001.24
    2             1007.87
    3             1083.19
    4             1268.56
    5             1406.11
    6             1504.81
    7             1729.60
    8             3191.67
    9             3208.02
   10             3268.02
   11             3295.07

 --------------------------------------------------------------------------------

 End time:                               Mon May 10 15:02:17 2021
 Total wall-clock time:               1994.059 seconds
==================================================================================
