
================================================================================
          _____________ ________ _______________ ________     _________         
         / ___________// ______ \\_____   _____// ______ \   / ________)        
        / /_________  / /      \ \     | |     / /      \ \ | (_______          
       |  __________|| |        | |    | |    | |        | | \________ \        
        \ \_________ | |        | |    | |     \ \______/ /___________) |       
         \__________||_|        |_|    |_|      \________//____________/        
                                                                                
====================================[ Qcore ]===================================

 Git hash:   15a3e7daff0cda5fa9af010ccd19a80288182ecf
 Git date:   Fri, 16 Apr 2021 15:57:16 +0100
 Compiler:   GNU 9.1.0
 Build type: Release
 Version:    1.1.0

 Start time: Mon May 10 14:29:03 2021

 Data directory: /work/zw18965/.local/qcore/share/entos/1.1.0/data
 Number of threads: 24
 Number of threads was determined by: command line argument
  - More threads can be used by running 'qcore -n 32'

 --------------------------------------------------------------------------------
                                 command: hessian                                
 --------------------------------------------------------------------------------

WARNING: numerical method is specified for dft hessian, which is not efficient. Try switching to 'method = analytic'


 -------------------------------
  Numerical Geometrical Hessian 
 -------------------------------

 Compute hessian using two-point central differentiation.
 Step size (bohr):                       0.0100

 Frequencies (including translational and rotational modes):
 mode    frequency (cm-1)
    0               39.69 i (imaginary)
    1               30.69 i (imaginary)
    2               27.79 i (imaginary)
    3                5.61 i (imaginary)
    4                3.73 i (imaginary)
    5                5.95
    6             1367.27
    7             1367.33
    8             1367.40
    9             1590.15
   10             1590.20
   11             3085.87
   12             3196.25
   13             3196.27
   14             3196.34

 Project out translational and rotational motions 

 Degrees of freedom for translational and rotational motions: 6

 Vibrational frequencies:
 mode    frequency (cm-1)
    0             1367.27
    1             1367.33
    2             1367.40
    3             1590.15
    4             1590.20
    5             3085.87
    6             3196.25
    7             3196.27
    8             3196.34

 --------------------------------------------------------------------------------

 End time:                               Mon May 10 14:35:51 2021
 Total wall-clock time:                407.610 seconds
==================================================================================
