
================================================================================
          _____________ ________ _______________ ________     _________         
         / ___________// ______ \\_____   _____// ______ \   / ________)        
        / /_________  / /      \ \     | |     / /      \ \ | (_______          
       |  __________|| |        | |    | |    | |        | | \________ \        
        \ \_________ | |        | |    | |     \ \______/ /___________) |       
         \__________||_|        |_|    |_|      \________//____________/        
                                                                                
====================================[ Qcore ]===================================

 Git hash:   15a3e7daff0cda5fa9af010ccd19a80288182ecf
 Git date:   Fri, 16 Apr 2021 15:57:16 +0100
 Compiler:   GNU 9.1.0
 Build type: Release
 Version:    1.1.0

 Start time: Tue Apr 27 14:02:19 2021

 Data directory: /work/zw18965/.local/qcore/share/entos/1.1.0/data
 Number of threads: 24
 Number of threads was determined by: command line argument
  - More threads can be used by running 'qcore -n 32'

 --------------------------------------------------------------------------------
                                command: optimize                                
 --------------------------------------------------------------------------------
 Using coordinate system:                tric
 Hessian update scheme:                  bfgs

 ------------------------------------------------------------------------------------------------------------
                   energy      change    grad rms    grad max    step rms    step max       trust    time (s)
 ------------------------------------------------------------------------------------------------------------
   1      -237.643717295                5.74e-03    1.40e-02                            2.00e-01        0.44
   2      -237.643921605   -2.04e-04    2.26e-03    4.48e-03    1.70e-02    2.43e-02    2.00e-01        0.23
   3      -237.643945795   -2.42e-05    5.50e-04    9.17e-04    3.33e-03    5.39e-03    2.00e-01        0.22
   4      -237.643947558   -1.76e-06    9.05e-06    1.80e-05    1.32e-03    1.78e-03    2.00e-01        0.21
Rejecting step due to low quality: Quality: -4.95635 New trust radius: 1.70875e-05
   5      -237.643947555    3.54e-09    9.05e-06    1.80e-05    3.42e-05    2.78e-05    1.71e-05        0.20
 Geometry optimization stopped:          thresholds achieved

 Final energy:                        -237.643947555

 -----------
  Final XYZ 
 -----------
3
Final structure: -237.644 hartree
C           -0.000000001          0.133481196          0.000000120
F           -0.000000070          0.933259177         -1.029654438
F            0.000000071          0.933259623          1.029654318

 Structure in entos input format:

  structure(
    xyz = [
      ['C'  ,         -0.000000001,          0.133481196,          0.000000120],
      ['F'  ,         -0.000000070,          0.933259177,         -1.029654438],
      ['F'  ,          0.000000071,          0.933259623,          1.029654318]
    ]
  )

 --------------------------------
  Geometry optimization finished 
 --------------------------------
 Saving results in set 'opt'

 --------------------------------------------------------------------------------
                                 command: hessian                                
 --------------------------------------------------------------------------------

WARNING: semianalytic method is specified for dft hessian, which is not efficient. Try switching to 'method = analytic'


 -------------------------------
  Numerical Geometrical Hessian 
 -------------------------------

 Compute hessian using two-point central differentiation.
 Step size (bohr):                       0.0100

 Frequencies (including translational and rotational modes):
 mode    frequency (cm-1)
    0                0.18 i (imaginary)
    1                0.04 i (imaginary)
    2                0.00
    3               41.48
    4               41.94
    5               83.39
    6              678.60
    7             1174.67
    8             1268.35

 Project out translational and rotational motions 

 Degrees of freedom for translational and rotational motions: 6

 Vibrational frequencies:
 mode    frequency (cm-1)
    0              678.60
    1             1174.67
    2             1268.35

 --------------------------------------------------------------------------------

 End time:                               Tue Apr 27 14:02:25 2021
 Total wall-clock time:                  5.698 seconds
==================================================================================
