
================================================================================
          _____________ ________ _______________ ________     _________         
         / ___________// ______ \\_____   _____// ______ \   / ________)        
        / /_________  / /      \ \     | |     / /      \ \ | (_______          
       |  __________|| |        | |    | |    | |        | | \________ \        
        \ \_________ | |        | |    | |     \ \______/ /___________) |       
         \__________||_|        |_|    |_|      \________//____________/        
                                                                                
====================================[ Qcore ]===================================

 Git hash:   15a3e7daff0cda5fa9af010ccd19a80288182ecf
 Git date:   Fri, 16 Apr 2021 15:57:16 +0100
 Compiler:   GNU 9.1.0
 Build type: Release
 Version:    1.1.0

 Start time: Tue Apr 27 14:03:12 2021

 Data directory: /work/zw18965/.local/qcore/share/entos/1.1.0/data
 Number of threads: 24
 Number of threads was determined by: command line argument
  - More threads can be used by running 'qcore -n 32'

 --------------------------------------------------------------------------------
                                command: optimize                                
 --------------------------------------------------------------------------------
 Using coordinate system:                tric
 Hessian update scheme:                  bfgs

 ------------------------------------------------------------------------------------------------------------
                   energy      change    grad rms    grad max    step rms    step max       trust    time (s)
 ------------------------------------------------------------------------------------------------------------
   1      -199.465381164                6.01e-03    1.04e-02                            2.00e-01        0.29
Rejecting step due to low quality: Quality: -9.073 New trust radius: 0.1
   2      -199.445776004    1.96e-02    6.01e-03    1.04e-02    2.00e-01    2.00e-01    1.00e-01        0.15
Rejecting step due to low quality: Quality: -3.21653 New trust radius: 0.05
   3      -199.460297720    5.08e-03    6.01e-03    1.04e-02    1.00e-01    1.00e-01    5.00e-02        0.15
Rejecting step due to low quality: Quality: -1.02045 New trust radius: 0.025
   4      -199.464447237    9.34e-04    6.01e-03    1.04e-02    5.00e-02    5.00e-02    2.50e-02        0.14
   5      -199.465382384   -1.22e-06    5.67e-03    9.83e-03    2.50e-02    2.50e-02    1.25e-02        0.13
   6      -199.465507977   -1.26e-04    2.27e-04    3.94e-04    1.21e-02    1.21e-02    1.77e-02        0.15
   7      -199.465508162   -1.86e-07    9.19e-06    1.59e-05    5.07e-04    5.07e-04    1.77e-02        0.14
 Geometry optimization stopped:          thresholds achieved

 Final energy:                        -199.465508162

 -----------
  Final XYZ 
 -----------
2
Final structure: -199.466 hartree
F           -0.000000033         -0.000000032         -0.696296627
F            0.000000033          0.000000032          0.696296627

 Structure in entos input format:

  structure(
    xyz = [
      ['F'  ,         -0.000000033,         -0.000000032,         -0.696296627],
      ['F'  ,          0.000000033,          0.000000032,          0.696296627]
    ]
  )

 --------------------------------
  Geometry optimization finished 
 --------------------------------
 Saving results in set 'opt'

 --------------------------------------------------------------------------------
                                 command: hessian                                
 --------------------------------------------------------------------------------

WARNING: semianalytic method is specified for dft hessian, which is not efficient. Try switching to 'method = analytic'


 -------------------------------
  Numerical Geometrical Hessian 
 -------------------------------

 Compute hessian using two-point central differentiation.
 Step size (bohr):                       0.0100

 Frequencies (including translational and rotational modes):
 mode    frequency (cm-1)
    0               14.78 i (imaginary)
    1               14.78 i (imaginary)
    2                0.00
    3                0.05
    4                0.06
    5             1060.95

 Project out translational and rotational motions 

 The molecule is linear

 Degrees of freedom for translational and rotational motions: 5

 Vibrational frequencies:
 mode    frequency (cm-1)
    0             1060.95

 --------------------------------------------------------------------------------

 End time:                               Tue Apr 27 14:03:15 2021
 Total wall-clock time:                  3.160 seconds
==================================================================================
