
================================================================================
          _____________ ________ _______________ ________     _________         
         / ___________// ______ \\_____   _____// ______ \   / ________)        
        / /_________  / /      \ \     | |     / /      \ \ | (_______          
       |  __________|| |        | |    | |    | |        | | \________ \        
        \ \_________ | |        | |    | |     \ \______/ /___________) |       
         \__________||_|        |_|    |_|      \________//____________/        
                                                                                
====================================[ Qcore ]===================================

 Git hash:   15a3e7daff0cda5fa9af010ccd19a80288182ecf
 Git date:   Fri, 16 Apr 2021 15:57:16 +0100
 Compiler:   GNU 9.1.0
 Build type: Release
 Version:    1.1.0

 Start time: Tue Apr 27 14:03:33 2021

 Data directory: /work/zw18965/.local/qcore/share/entos/1.1.0/data
 Number of threads: 24
 Number of threads was determined by: command line argument
  - More threads can be used by running 'qcore -n 32'

 --------------------------------------------------------------------------------
                                command: optimize                                
 --------------------------------------------------------------------------------
 Using coordinate system:                tric
 Hessian update scheme:                  bfgs

 ------------------------------------------------------------------------------------------------------------
                   energy      change    grad rms    grad max    step rms    step max       trust    time (s)
 ------------------------------------------------------------------------------------------------------------
   1       -76.391737700                6.90e-03    1.24e-02                            2.00e-01        0.37
   2       -76.392045286   -3.08e-04    3.42e-03    6.20e-03    1.34e-02    2.73e-02    2.00e-01        0.15
   3       -76.392194789   -1.50e-04    3.72e-04    6.19e-04    2.09e-02    4.05e-02    2.00e-01        0.14
   4       -76.392195748   -9.59e-07    1.13e-04    1.84e-04    1.12e-03    1.27e-03    2.00e-01        0.15
   5       -76.392195830   -8.25e-08    1.13e-06    1.65e-06    3.66e-04    3.60e-04    2.00e-01        0.13
 Geometry optimization stopped:          thresholds achieved

 Final energy:                         -76.392195830

 -----------
  Final XYZ 
 -----------
3
Final structure: -76.3922 hartree
O           -0.001930817         -0.001544135          0.001010221
H            0.279596324          0.889031257          0.250090062
H            0.606534488         -0.232887123         -0.713600282

 Structure in entos input format:

  structure(
    xyz = [
      ['O'  ,         -0.001930817,         -0.001544135,          0.001010221],
      ['H'  ,          0.279596324,          0.889031257,          0.250090062],
      ['H'  ,          0.606534488,         -0.232887123,         -0.713600282]
    ]
  )

 --------------------------------
  Geometry optimization finished 
 --------------------------------
 Saving results in set 'opt'

 --------------------------------------------------------------------------------
                                 command: hessian                                
 --------------------------------------------------------------------------------

WARNING: semianalytic method is specified for dft hessian, which is not efficient. Try switching to 'method = analytic'


 -------------------------------
  Numerical Geometrical Hessian 
 -------------------------------

 Compute hessian using two-point central differentiation.
 Step size (bohr):                       0.0100

 Frequencies (including translational and rotational modes):
 mode    frequency (cm-1)
    0               36.70 i (imaginary)
    1               20.76 i (imaginary)
    2               15.42 i (imaginary)
    3                0.01 i (imaginary)
    4                0.27
    5                1.39
    6             1652.60
    7             3796.22
    8             3897.64

 Project out translational and rotational motions 

 Degrees of freedom for translational and rotational motions: 6

 Vibrational frequencies:
 mode    frequency (cm-1)
    0             1652.60
    1             3796.22
    2             3897.64

 --------------------------------------------------------------------------------

 End time:                               Tue Apr 27 14:03:36 2021
 Total wall-clock time:                  3.766 seconds
==================================================================================
