
================================================================================
          _____________ ________ _______________ ________     _________         
         / ___________// ______ \\_____   _____// ______ \   / ________)        
        / /_________  / /      \ \     | |     / /      \ \ | (_______          
       |  __________|| |        | |    | |    | |        | | \________ \        
        \ \_________ | |        | |    | |     \ \______/ /___________) |       
         \__________||_|        |_|    |_|      \________//____________/        
                                                                                
====================================[ Qcore ]===================================

 Git hash:   15a3e7daff0cda5fa9af010ccd19a80288182ecf
 Git date:   Fri, 16 Apr 2021 15:57:16 +0100
 Compiler:   GNU 9.1.0
 Build type: Release
 Version:    1.1.0

 Start time: Tue Apr 27 14:03:36 2021

 Data directory: /work/zw18965/.local/qcore/share/entos/1.1.0/data
 Number of threads: 24
 Number of threads was determined by: command line argument
  - More threads can be used by running 'qcore -n 32'

 --------------------------------------------------------------------------------
                                command: optimize                                
 --------------------------------------------------------------------------------
 Using coordinate system:                tric
 Hessian update scheme:                  bfgs

 ------------------------------------------------------------------------------------------------------------
                   energy      change    grad rms    grad max    step rms    step max       trust    time (s)
 ------------------------------------------------------------------------------------------------------------
   1      -399.400242947                1.00e-02    2.15e-02                            2.00e-01        0.51
   2      -399.400886149   -6.43e-04    3.74e-03    7.97e-03    1.84e-02    3.11e-02    2.00e-01        0.23
   3      -399.400996778   -1.11e-04    2.41e-04    5.09e-04    1.12e-02    1.86e-02    2.00e-01        0.22
   4      -399.400997256   -4.78e-07    6.41e-06    1.35e-05    8.00e-04    1.28e-03    2.00e-01        0.21
   5      -399.400997260   -4.01e-09    3.36e-07    7.03e-07    2.17e-05    3.89e-05    2.00e-01        0.21
 Geometry optimization stopped:          thresholds achieved

 Final energy:                        -399.400997260

 -----------
  Final XYZ 
 -----------
3
Final structure: -399.401 hartree
S           -0.001402831          0.622039965          0.000000024
H            0.973607517         -0.308825107         -0.000000025
H           -0.972204687         -0.313214853          0.000000002

 Structure in entos input format:

  structure(
    xyz = [
      ['S'  ,         -0.001402831,          0.622039965,          0.000000024],
      ['H'  ,          0.973607517,         -0.308825107,         -0.000000025],
      ['H'  ,         -0.972204687,         -0.313214853,          0.000000002]
    ]
  )

 --------------------------------
  Geometry optimization finished 
 --------------------------------
 Saving results in set 'opt'

 --------------------------------------------------------------------------------
                                 command: hessian                                
 --------------------------------------------------------------------------------

WARNING: semianalytic method is specified for dft hessian, which is not efficient. Try switching to 'method = analytic'


 -------------------------------
  Numerical Geometrical Hessian 
 -------------------------------

 Compute hessian using two-point central differentiation.
 Step size (bohr):                       0.0100

 Frequencies (including translational and rotational modes):
 mode    frequency (cm-1)
    0                0.34 i (imaginary)
    1                0.21 i (imaginary)
    2                0.00 i (imaginary)
    3               54.16
    4               80.60
    5               82.17
    6             1212.52
    7             2726.49
    8             2742.96

 Project out translational and rotational motions 

 Degrees of freedom for translational and rotational motions: 6

 Vibrational frequencies:
 mode    frequency (cm-1)
    0             1212.52
    1             2726.49
    2             2742.96

 --------------------------------------------------------------------------------

 End time:                               Tue Apr 27 14:03:42 2021
 Total wall-clock time:                  5.706 seconds
==================================================================================
