
================================================================================
          _____________ ________ _______________ ________     _________         
         / ___________// ______ \\_____   _____// ______ \   / ________)        
        / /_________  / /      \ \     | |     / /      \ \ | (_______          
       |  __________|| |        | |    | |    | |        | | \________ \        
        \ \_________ | |        | |    | |     \ \______/ /___________) |       
         \__________||_|        |_|    |_|      \________//____________/        
                                                                                
====================================[ Qcore ]===================================

 Git hash:   15a3e7daff0cda5fa9af010ccd19a80288182ecf
 Git date:   Fri, 16 Apr 2021 15:57:16 +0100
 Compiler:   GNU 9.1.0
 Build type: Release
 Version:    1.1.0

 Start time: Tue Apr 27 14:03:46 2021

 Data directory: /work/zw18965/.local/qcore/share/entos/1.1.0/data
 Number of threads: 24
 Number of threads was determined by: command line argument
  - More threads can be used by running 'qcore -n 32'

 --------------------------------------------------------------------------------
                                command: optimize                                
 --------------------------------------------------------------------------------
 Using coordinate system:                tric
 Hessian update scheme:                  bfgs

 ------------------------------------------------------------------------------------------------------------
                   energy      change    grad rms    grad max    step rms    step max       trust    time (s)
 ------------------------------------------------------------------------------------------------------------
   1       -93.381769168                8.82e-03    2.16e-02                            2.00e-01        0.48
   2       -93.382040941   -2.72e-04    1.78e-03    4.32e-03    1.39e-02    1.70e-02    2.00e-01        0.18
   3       -93.382050170   -9.23e-06    2.81e-04    6.87e-04    2.41e-03    5.51e-03    2.00e-01        0.16
   4       -93.382050372   -2.02e-07    2.64e-06    5.16e-06    3.71e-04    8.75e-04    2.00e-01        0.16
 Geometry optimization stopped:          thresholds achieved

 Final energy:                         -93.382050372

 -----------
  Final XYZ 
 -----------
3
Final structure: -93.3821 hartree
C           -0.025254504         -0.000007918          0.000000002
N            1.127123364         -0.000598842         -0.000000000
H           -1.101868860          0.000606765         -0.000000002

 Structure in entos input format:

  structure(
    xyz = [
      ['C'  ,         -0.025254504,         -0.000007918,          0.000000002],
      ['N'  ,          1.127123364,         -0.000598842,         -0.000000000],
      ['H'  ,         -1.101868860,          0.000606765,         -0.000000002]
    ]
  )

 --------------------------------
  Geometry optimization finished 
 --------------------------------
 Saving results in set 'opt'

 --------------------------------------------------------------------------------
                                 command: hessian                                
 --------------------------------------------------------------------------------

WARNING: semianalytic method is specified for dft hessian, which is not efficient. Try switching to 'method = analytic'


 -------------------------------
  Numerical Geometrical Hessian 
 -------------------------------

 Compute hessian using two-point central differentiation.
 Step size (bohr):                       0.0100

 Frequencies (including translational and rotational modes):
 mode    frequency (cm-1)
    0                1.08 i (imaginary)
    1                1.08 i (imaginary)
    2                0.00 i (imaginary)
    3               14.78
    4               14.78
    5              789.13
    6              789.13
    7             2248.18
    8             3486.87

 Project out translational and rotational motions 

 Degrees of freedom for translational and rotational motions: 6

 Vibrational frequencies:
 mode    frequency (cm-1)
    0              789.13
    1             2248.18
    2             3486.87

 --------------------------------------------------------------------------------

 End time:                               Tue Apr 27 14:03:51 2021
 Total wall-clock time:                  4.498 seconds
==================================================================================
