
================================================================================
          _____________ ________ _______________ ________     _________         
         / ___________// ______ \\_____   _____// ______ \   / ________)        
        / /_________  / /      \ \     | |     / /      \ \ | (_______          
       |  __________|| |        | |    | |    | |        | | \________ \        
        \ \_________ | |        | |    | |     \ \______/ /___________) |       
         \__________||_|        |_|    |_|      \________//____________/        
                                                                                
====================================[ Qcore ]===================================

 Git hash:   15a3e7daff0cda5fa9af010ccd19a80288182ecf
 Git date:   Fri, 16 Apr 2021 15:57:16 +0100
 Compiler:   GNU 9.1.0
 Build type: Release
 Version:    1.1.0

 Start time: Tue Apr 27 14:03:58 2021

 Data directory: /work/zw18965/.local/qcore/share/entos/1.1.0/data
 Number of threads: 24
 Number of threads was determined by: command line argument
  - More threads can be used by running 'qcore -n 32'

 --------------------------------------------------------------------------------
                                command: optimize                                
 --------------------------------------------------------------------------------
 Using coordinate system:                tric
 Hessian update scheme:                  bfgs

 ------------------------------------------------------------------------------------------------------------
                   energy      change    grad rms    grad max    step rms    step max       trust    time (s)
 ------------------------------------------------------------------------------------------------------------
   1      -535.948828192                6.42e-03    1.50e-02                            2.00e-01        0.66
   2      -535.949361294   -5.33e-04    2.84e-03    6.11e-03    3.03e-02    4.46e-02    2.00e-01        0.27
   3      -535.949503464   -1.42e-04    1.33e-03    2.93e-03    2.47e-02    3.70e-02    2.00e-01        0.27
   4      -535.949515008   -1.15e-05    7.75e-04    1.67e-03    2.15e-03    7.01e-03    2.00e-01        0.28
   5      -535.949525627   -1.06e-05    2.30e-04    4.54e-04    3.22e-03    1.88e-02    2.00e-01        0.29
   6      -535.949528882   -3.25e-06    4.00e-04    8.17e-04    7.52e-04    1.26e-02    2.00e-01        0.27
   7      -535.949544218   -1.53e-05    1.45e-03    3.12e-03    4.61e-03    1.27e-01    2.00e-01        0.28
   8      -535.949553626   -9.41e-06    8.39e-04    1.79e-03    2.35e-03    2.57e-02    2.00e-01        0.29
   9      -535.949563818   -1.02e-05    2.07e-04    4.35e-04    2.42e-03    2.64e-02    2.00e-01        0.27
  10      -535.949565455   -1.64e-06    3.83e-05    6.78e-05    8.86e-04    2.47e-02    2.00e-01        0.28
  11      -535.949565466   -1.07e-08    1.02e-05    1.86e-05    5.93e-05    1.10e-04    2.00e-01        0.28
 Geometry optimization stopped:          thresholds achieved

 Final energy:                        -535.949565466

 -----------
  Final XYZ 
 -----------
3
Final structure: -535.95 hartree
O           -0.401847347          0.430561011          0.000000559
Cl           1.245305922          0.005188710         -0.000002060
H           -0.843458570         -0.435749715          0.000001501

 Structure in entos input format:

  structure(
    xyz = [
      ['O'  ,         -0.401847347,          0.430561011,          0.000000559],
      ['Cl' ,          1.245305922,          0.005188710,         -0.000002060],
      ['H'  ,         -0.843458570,         -0.435749715,          0.000001501]
    ]
  )

 --------------------------------
  Geometry optimization finished 
 --------------------------------
 Saving results in set 'opt'

 --------------------------------------------------------------------------------
                                 command: hessian                                
 --------------------------------------------------------------------------------

WARNING: semianalytic method is specified for dft hessian, which is not efficient. Try switching to 'method = analytic'


 -------------------------------
  Numerical Geometrical Hessian 
 -------------------------------

 Compute hessian using two-point central differentiation.
 Step size (bohr):                       0.0100

 Frequencies (including translational and rotational modes):
 mode    frequency (cm-1)
    0               24.44 i (imaginary)
    1                0.14 i (imaginary)
    2                0.02
    3                0.11
    4               53.83
    5               72.66
    6              762.78
    7             1255.69
    8             3762.77

 Project out translational and rotational motions 

 Degrees of freedom for translational and rotational motions: 6

 Vibrational frequencies:
 mode    frequency (cm-1)
    0              762.78
    1             1255.69
    2             3762.77

 --------------------------------------------------------------------------------

 End time:                               Tue Apr 27 14:04:07 2021
 Total wall-clock time:                  8.922 seconds
==================================================================================
