
================================================================================
          _____________ ________ _______________ ________     _________         
         / ___________// ______ \\_____   _____// ______ \   / ________)        
        / /_________  / /      \ \     | |     / /      \ \ | (_______          
       |  __________|| |        | |    | |    | |        | | \________ \        
        \ \_________ | |        | |    | |     \ \______/ /___________) |       
         \__________||_|        |_|    |_|      \________//____________/        
                                                                                
====================================[ Qcore ]===================================

 Git hash:   15a3e7daff0cda5fa9af010ccd19a80288182ecf
 Git date:   Fri, 16 Apr 2021 15:57:16 +0100
 Compiler:   GNU 9.1.0
 Build type: Release
 Version:    1.1.0

 Start time: Tue Apr 27 14:04:30 2021

 Data directory: /work/zw18965/.local/qcore/share/entos/1.1.0/data
 Number of threads: 24
 Number of threads was determined by: command line argument
  - More threads can be used by running 'qcore -n 32'

 --------------------------------------------------------------------------------
                                command: optimize                                
 --------------------------------------------------------------------------------
 Using coordinate system:                tric
 Hessian update scheme:                  bfgs

 ------------------------------------------------------------------------------------------------------------
                   energy      change    grad rms    grad max    step rms    step max       trust    time (s)
 ------------------------------------------------------------------------------------------------------------
   1      -343.143601505                8.83e-03    1.77e-02                            2.00e-01        0.54
   2      -343.144777750   -1.18e-03    3.61e-03    1.01e-02    7.35e-02    4.59e-02    2.00e-01        0.26
   3      -343.144986781   -2.09e-04    1.98e-04    4.41e-04    2.07e-02    2.18e-02    2.00e-01        0.27
   4      -343.144987436   -6.55e-07    9.80e-06    1.40e-05    1.11e-03    1.33e-03    2.00e-01        0.25
   5      -343.144987447   -1.08e-08    7.66e-06    1.36e-05    2.41e-04    4.60e-04    2.00e-01        0.26
 Geometry optimization stopped:          thresholds achieved

 Final energy:                        -343.144987447

 -----------
  Final XYZ 
 -----------
4
Final structure: -343.145 hartree
P           -0.005742174         -0.001344784          0.579953482
H           -0.661708833         -0.995474212         -0.202244049
H           -0.528791603          1.073204256         -0.196042559
H            1.196242605         -0.076385260         -0.181666873

 Structure in entos input format:

  structure(
    xyz = [
      ['P'  ,         -0.005742174,         -0.001344784,          0.579953482],
      ['H'  ,         -0.661708833,         -0.995474212,         -0.202244049],
      ['H'  ,         -0.528791603,          1.073204256,         -0.196042559],
      ['H'  ,          1.196242605,         -0.076385260,         -0.181666873]
    ]
  )

 --------------------------------
  Geometry optimization finished 
 --------------------------------
 Saving results in set 'opt'

 --------------------------------------------------------------------------------
                                 command: hessian                                
 --------------------------------------------------------------------------------

WARNING: semianalytic method is specified for dft hessian, which is not efficient. Try switching to 'method = analytic'


 -------------------------------
  Numerical Geometrical Hessian 
 -------------------------------

 Compute hessian using two-point central differentiation.
 Step size (bohr):                       0.0100

 Frequencies (including translational and rotational modes):
 mode    frequency (cm-1)
    0               41.45 i (imaginary)
    1                0.44 i (imaginary)
    2                0.01
    3                0.31
    4               41.85
    5               58.44
    6             1029.54
    7             1142.75
    8             1144.73
    9             2419.43
   10             2431.74
   11             2431.91

 Project out translational and rotational motions 

 Degrees of freedom for translational and rotational motions: 6

 Vibrational frequencies:
 mode    frequency (cm-1)
    0             1029.54
    1             1142.75
    2             1144.73
    3             2419.43
    4             2431.74
    5             2431.91

 --------------------------------------------------------------------------------

 End time:                               Tue Apr 27 14:04:38 2021
 Total wall-clock time:                  8.287 seconds
==================================================================================
