
================================================================================
          _____________ ________ _______________ ________     _________         
         / ___________// ______ \\_____   _____// ______ \   / ________)        
        / /_________  / /      \ \     | |     / /      \ \ | (_______          
       |  __________|| |        | |    | |    | |        | | \________ \        
        \ \_________ | |        | |    | |     \ \______/ /___________) |       
         \__________||_|        |_|    |_|      \________//____________/        
                                                                                
====================================[ Qcore ]===================================

 Git hash:   15a3e7daff0cda5fa9af010ccd19a80288182ecf
 Git date:   Fri, 16 Apr 2021 15:57:16 +0100
 Compiler:   GNU 9.1.0
 Build type: Release
 Version:    1.1.0

 Start time: Tue Apr 27 14:05:05 2021

 Data directory: /work/zw18965/.local/qcore/share/entos/1.1.0/data
 Number of threads: 24
 Number of threads was determined by: command line argument
  - More threads can be used by running 'qcore -n 32'

 --------------------------------------------------------------------------------
                                command: optimize                                
 --------------------------------------------------------------------------------
 Using coordinate system:                tric
 Hessian update scheme:                  bfgs

 ------------------------------------------------------------------------------------------------------------
                   energy      change    grad rms    grad max    step rms    step max       trust    time (s)
 ------------------------------------------------------------------------------------------------------------
   1      -796.395732573                1.48e-03    2.57e-03                            2.00e-01        0.51
   2      -796.395742870   -1.03e-05    1.36e-05    2.35e-05    3.79e-03    7.59e-03    2.00e-01        0.27
   3      -796.395742878   -8.73e-09    1.66e-07    2.79e-07    3.44e-05    6.87e-05    2.00e-01        0.24
 Geometry optimization stopped:          thresholds achieved

 Final energy:                        -796.395742878

 -----------
  Final XYZ 
 -----------
2
Final structure: -796.396 hartree
S            0.000000000          0.000000787          0.001989938
S           -0.000000000         -0.000000787          1.894894652

 Structure in entos input format:

  structure(
    xyz = [
      ['S'  ,          0.000000000,          0.000000787,          0.001989938],
      ['S'  ,         -0.000000000,         -0.000000787,          1.894894652]
    ]
  )

 --------------------------------
  Geometry optimization finished 
 --------------------------------
 Saving results in set 'opt'

 --------------------------------------------------------------------------------
                                 command: hessian                                
 --------------------------------------------------------------------------------

WARNING: semianalytic method is specified for dft hessian, which is not efficient. Try switching to 'method = analytic'


 -------------------------------
  Numerical Geometrical Hessian 
 -------------------------------

 Compute hessian using two-point central differentiation.
 Step size (bohr):                       0.0100

 Frequencies (including translational and rotational modes):
 mode    frequency (cm-1)
    0                0.06 i (imaginary)
    1                0.02 i (imaginary)
    2                0.00 i (imaginary)
    3               13.09
    4               13.11
    5              754.17

 Project out translational and rotational motions 

 The molecule is linear

 Degrees of freedom for translational and rotational motions: 5

 Vibrational frequencies:
 mode    frequency (cm-1)
    0              754.17

 --------------------------------------------------------------------------------

 End time:                               Tue Apr 27 14:05:10 2021
 Total wall-clock time:                  5.007 seconds
==================================================================================
