
================================================================================
          _____________ ________ _______________ ________     _________         
         / ___________// ______ \\_____   _____// ______ \   / ________)        
        / /_________  / /      \ \     | |     / /      \ \ | (_______          
       |  __________|| |        | |    | |    | |        | | \________ \        
        \ \_________ | |        | |    | |     \ \______/ /___________) |       
         \__________||_|        |_|    |_|      \________//____________/        
                                                                                
====================================[ Qcore ]===================================

 Git hash:   15a3e7daff0cda5fa9af010ccd19a80288182ecf
 Git date:   Fri, 16 Apr 2021 15:57:16 +0100
 Compiler:   GNU 9.1.0
 Build type: Release
 Version:    1.1.0

 Start time: Tue Apr 27 14:05:10 2021

 Data directory: /work/zw18965/.local/qcore/share/entos/1.1.0/data
 Number of threads: 24
 Number of threads was determined by: command line argument
  - More threads can be used by running 'qcore -n 32'

 --------------------------------------------------------------------------------
                                command: optimize                                
 --------------------------------------------------------------------------------
 Using coordinate system:                tric
 Hessian update scheme:                  bfgs

 ------------------------------------------------------------------------------------------------------------
                   energy      change    grad rms    grad max    step rms    step max       trust    time (s)
 ------------------------------------------------------------------------------------------------------------
   1      -473.352305108                5.55e-03    9.62e-03                            2.00e-01        0.56
   2      -473.352359675   -5.46e-05    3.07e-03    5.32e-03    3.75e-03    7.49e-03    2.00e-01        0.25
   3      -473.352383224   -2.35e-05    7.73e-05    1.34e-04    4.64e-03    9.28e-03    2.00e-01        0.24
Rejecting step due to low quality: Quality: -1.39439 New trust radius: 5.98896e-05
   4      -473.352383201    2.24e-08    7.73e-05    1.34e-04    1.20e-04    2.40e-04    5.99e-05        0.22
 Geometry optimization stopped:          thresholds achieved

 Final energy:                        -473.352383201

 -----------
  Final XYZ 
 -----------
2
Final structure: -473.352 hartree
S           -0.000000285          0.000000515         -0.004437871
O            0.000000285         -0.000000515          1.490652421

 Structure in entos input format:

  structure(
    xyz = [
      ['S'  ,         -0.000000285,          0.000000515,         -0.004437871],
      ['O'  ,          0.000000285,         -0.000000515,          1.490652421]
    ]
  )

 --------------------------------
  Geometry optimization finished 
 --------------------------------
 Saving results in set 'opt'

 --------------------------------------------------------------------------------
                                 command: hessian                                
 --------------------------------------------------------------------------------

WARNING: semianalytic method is specified for dft hessian, which is not efficient. Try switching to 'method = analytic'


 -------------------------------
  Numerical Geometrical Hessian 
 -------------------------------

 Compute hessian using two-point central differentiation.
 Step size (bohr):                       0.0100

 Frequencies (including translational and rotational modes):
 mode    frequency (cm-1)
    0                0.02 i (imaginary)
    1                0.01 i (imaginary)
    2                0.00
    3               33.25
    4               33.28
    5             1168.11

 Project out translational and rotational motions 

 The molecule is linear

 Degrees of freedom for translational and rotational motions: 5

 Vibrational frequencies:
 mode    frequency (cm-1)
    0             1168.11

 --------------------------------------------------------------------------------

 End time:                               Tue Apr 27 14:05:15 2021
 Total wall-clock time:                  4.806 seconds
==================================================================================
