
================================================================================
          _____________ ________ _______________ ________     _________         
         / ___________// ______ \\_____   _____// ______ \   / ________)        
        / /_________  / /      \ \     | |     / /      \ \ | (_______          
       |  __________|| |        | |    | |    | |        | | \________ \        
        \ \_________ | |        | |    | |     \ \______/ /___________) |       
         \__________||_|        |_|    |_|      \________//____________/        
                                                                                
====================================[ Qcore ]===================================

 Git hash:   15a3e7daff0cda5fa9af010ccd19a80288182ecf
 Git date:   Fri, 16 Apr 2021 15:57:16 +0100
 Compiler:   GNU 9.1.0
 Build type: Release
 Version:    1.1.0

 Start time: Sat May  8 10:32:09 2021

 Data directory: /work/zw18965/.local/qcore/share/entos/1.1.0/data
 Number of threads: 24
 Number of threads was determined by: command line argument
  - More threads can be used by running 'qcore -n 32'

 --------------------------------------------------------------------------------
                                command: optimize                                
 --------------------------------------------------------------------------------
 Using coordinate system:                tric
 Hessian update scheme:                  bfgs

 ------------------------------------------------------------------------------------------------------------
                   energy      change    grad rms    grad max    step rms    step max       trust    time (s)
 ------------------------------------------------------------------------------------------------------------
   1      -553.039515920                3.41e-03    7.85e-03                            2.00e-01        9.51
   2      -553.039569381   -5.35e-05    1.46e-03    3.00e-03    5.24e-03    6.52e-03    2.00e-01        6.96
   3      -553.039580412   -1.10e-05    8.92e-04    2.09e-03    2.75e-03    5.44e-03    2.00e-01        6.91
   4      -553.039582672   -2.26e-06    1.69e-04    3.68e-04    1.36e-03    3.14e-03    2.00e-01        6.94
   5      -553.039582708   -3.54e-08    1.64e-05    3.65e-05    1.07e-04    2.36e-04    2.00e-01        6.72
 Geometry optimization stopped:          thresholds achieved

 Final energy:                        -553.039582708

 -----------
  Final XYZ 
 -----------
3
Final structure: -553.04 hartree
Cl           1.410455419         -0.806468231          0.000010738
C           -0.154692007         -0.328794720         -0.000025520
N           -1.255763407          0.007325716          0.000014782

 Structure in entos input format:

  structure(
    xyz = [
      ['Cl' ,          1.410455419,         -0.806468231,          0.000010738],
      ['C'  ,         -0.154692007,         -0.328794720,         -0.000025520],
      ['N'  ,         -1.255763407,          0.007325716,          0.000014782]
    ]
  )

 --------------------------------
  Geometry optimization finished 
 --------------------------------
 Saving results in set 'opt'

 --------------------------------------------------------------------------------
                                 command: hessian                                
 --------------------------------------------------------------------------------

WARNING: semianalytic method is specified for dft hessian, which is not efficient. Try switching to 'method = analytic'


 -------------------------------
  Numerical Geometrical Hessian 
 -------------------------------

 Compute hessian using two-point central differentiation.
 Step size (bohr):                       0.0100

 Frequencies (including translational and rotational modes):
 mode    frequency (cm-1)
    0                0.48 i (imaginary)
    1                0.07 i (imaginary)
    2                0.00 i (imaginary)
    3                1.60
    4                9.79
    5              400.07
    6              400.76
    7              751.44
    8             2335.12

 Project out translational and rotational motions 

 Degrees of freedom for translational and rotational motions: 6

 Vibrational frequencies:
 mode    frequency (cm-1)
    0              400.36
    1              751.44
    2             2335.12

 --------------------------------------------------------------------------------

 End time:                               Sat May  8 10:34:59 2021
 Total wall-clock time:                170.225 seconds
==================================================================================
