
================================================================================
          _____________ ________ _______________ ________     _________         
         / ___________// ______ \\_____   _____// ______ \   / ________)        
        / /_________  / /      \ \     | |     / /      \ \ | (_______          
       |  __________|| |        | |    | |    | |        | | \________ \        
        \ \_________ | |        | |    | |     \ \______/ /___________) |       
         \__________||_|        |_|    |_|      \________//____________/        
                                                                                
====================================[ Qcore ]===================================

 Git hash:   15a3e7daff0cda5fa9af010ccd19a80288182ecf
 Git date:   Fri, 16 Apr 2021 15:57:16 +0100
 Compiler:   GNU 9.1.0
 Build type: Release
 Version:    1.1.0

 Start time: Fri Apr 23 10:34:17 2021

 Data directory: /work/zw18965/.local/qcore/share/entos/1.1.0/data
 Number of threads: 24
 Number of threads was determined by: command line argument
  - More threads can be used by running 'qcore -n 32'

 --------------------------------------------------------------------------------
                                command: optimize                                
 --------------------------------------------------------------------------------
 Using coordinate system:                tric
 Hessian update scheme:                  bfgs

 ------------------------------------------------------------------------------------------------------------
                   energy      change    grad rms    grad max    step rms    step max       trust    time (s)
 ------------------------------------------------------------------------------------------------------------
   1      -834.504166603                2.30e-03    4.90e-03                            2.00e-01       11.05
   2      -834.504199385   -3.28e-05    1.09e-03    2.33e-03    3.71e-03    4.55e-03    2.00e-01        8.76
   3      -834.504208835   -9.45e-06    2.06e-05    4.66e-05    3.35e-03    4.12e-03    2.00e-01        8.90
   4      -834.504208842   -7.31e-09    8.90e-06    2.18e-05    6.17e-05    7.86e-05    2.00e-01        8.04
 Geometry optimization stopped:          thresholds achieved

 Final energy:                        -834.504208842

 -----------
  Final XYZ 
 -----------
3
Final structure: -834.504 hartree
S            1.548986856          0.000500550         -0.000000079
C            0.000000387         -0.000003988         -0.000000005
S           -1.548986989         -0.000496567          0.000000084

 Structure in entos input format:

  structure(
    xyz = [
      ['S'  ,          1.548986856,          0.000500550,         -0.000000079],
      ['C'  ,          0.000000387,         -0.000003988,         -0.000000005],
      ['S'  ,         -1.548986989,         -0.000496567,          0.000000084]
    ]
  )

 --------------------------------
  Geometry optimization finished 
 --------------------------------
 Saving results in set 'opt'

 --------------------------------------------------------------------------------
                                 command: hessian                                
 --------------------------------------------------------------------------------

WARNING: semianalytic method is specified for dft hessian, which is not efficient. Try switching to 'method = analytic'


 -------------------------------
  Numerical Geometrical Hessian 
 -------------------------------

 Compute hessian using two-point central differentiation.
 Step size (bohr):                       0.0100

 Frequencies (including translational and rotational modes):
 mode    frequency (cm-1)
    0                4.09 i (imaginary)
    1                2.71 i (imaginary)
    2                0.71 i (imaginary)
    3                0.60 i (imaginary)
    4                0.61
    5              413.38
    6              413.45
    7              689.30
    8             1568.05

 Project out translational and rotational motions 

 Degrees of freedom for translational and rotational motions: 6

 Vibrational frequencies:
 mode    frequency (cm-1)
    0              413.38
    1              689.30
    2             1568.05

 --------------------------------------------------------------------------------

 End time:                               Fri Apr 23 10:37:49 2021
 Total wall-clock time:                212.060 seconds
==================================================================================
