
================================================================================
          _____________ ________ _______________ ________     _________         
         / ___________// ______ \\_____   _____// ______ \   / ________)        
        / /_________  / /      \ \     | |     / /      \ \ | (_______          
       |  __________|| |        | |    | |    | |        | | \________ \        
        \ \_________ | |        | |    | |     \ \______/ /___________) |       
         \__________||_|        |_|    |_|      \________//____________/        
                                                                                
====================================[ Qcore ]===================================

 Git hash:   15a3e7daff0cda5fa9af010ccd19a80288182ecf
 Git date:   Fri, 16 Apr 2021 15:57:16 +0100
 Compiler:   GNU 9.1.0
 Build type: Release
 Version:    1.1.0

 Start time: Sat May  8 10:42:35 2021

 Data directory: /work/zw18965/.local/qcore/share/entos/1.1.0/data
 Number of threads: 24
 Number of threads was determined by: command line argument
  - More threads can be used by running 'qcore -n 32'

 --------------------------------------------------------------------------------
                                command: optimize                                
 --------------------------------------------------------------------------------
 Using coordinate system:                tric
 Hessian update scheme:                  bfgs

 ------------------------------------------------------------------------------------------------------------
                   energy      change    grad rms    grad max    step rms    step max       trust    time (s)
 ------------------------------------------------------------------------------------------------------------
   1      -199.545410933                3.95e-03    6.85e-03                            2.00e-01        2.31
Rejecting step due to low quality: Quality: -11.3729 New trust radius: 0.0685013
   2      -199.534737615    1.07e-02    3.95e-03    6.85e-03    1.37e-01    1.37e-01    6.85e-02        1.74
Rejecting step due to low quality: Quality: -3.73214 New trust radius: 0.0342507
   3      -199.542784007    2.63e-03    3.95e-03    6.85e-03    6.85e-02    6.85e-02    3.43e-02        1.65
Rejecting step due to low quality: Quality: -1.17607 New trust radius: 0.0171253
   4      -199.544928052    4.83e-04    3.95e-03    6.85e-03    3.43e-02    3.43e-02    1.71e-02        1.62
   5      -199.545399131    1.18e-05    4.20e-03    7.28e-03    1.71e-02    1.71e-02    8.56e-03        1.77
   6      -199.545465494   -6.64e-05    2.32e-04    4.02e-04    8.56e-03    8.56e-03    1.21e-02        1.64
   7      -199.545465695   -2.01e-07    6.54e-06    1.13e-05    5.00e-04    5.00e-04    1.21e-02        1.62
 Geometry optimization stopped:          thresholds achieved

 Final energy:                        -199.545465695

 -----------
  Final XYZ 
 -----------
2
Final structure: -199.545 hartree
F            0.000000000          0.000000018         -0.694028627
F           -0.000000000         -0.000000018          0.694028627

 Structure in entos input format:

  structure(
    xyz = [
      ['F'  ,          0.000000000,          0.000000018,         -0.694028627],
      ['F'  ,         -0.000000000,         -0.000000018,          0.694028627]
    ]
  )

 --------------------------------
  Geometry optimization finished 
 --------------------------------
 Saving results in set 'opt'

 --------------------------------------------------------------------------------
                                 command: hessian                                
 --------------------------------------------------------------------------------

WARNING: semianalytic method is specified for dft hessian, which is not efficient. Try switching to 'method = analytic'


 -------------------------------
  Numerical Geometrical Hessian 
 -------------------------------

 Compute hessian using two-point central differentiation.
 Step size (bohr):                       0.0100

 Frequencies (including translational and rotational modes):
 mode    frequency (cm-1)
    0               13.73 i (imaginary)
    1               13.72 i (imaginary)
    2                0.00 i (imaginary)
    3                0.00
    4                0.01
    5             1072.65

 Project out translational and rotational motions 

 The molecule is linear

 Degrees of freedom for translational and rotational motions: 5

 Vibrational frequencies:
 mode    frequency (cm-1)
    0             1072.65

 --------------------------------------------------------------------------------

 End time:                               Sat May  8 10:43:10 2021
 Total wall-clock time:                 34.573 seconds
==================================================================================
