
================================================================================
          _____________ ________ _______________ ________     _________         
         / ___________// ______ \\_____   _____// ______ \   / ________)        
        / /_________  / /      \ \     | |     / /      \ \ | (_______          
       |  __________|| |        | |    | |    | |        | | \________ \        
        \ \_________ | |        | |    | |     \ \______/ /___________) |       
         \__________||_|        |_|    |_|      \________//____________/        
                                                                                
====================================[ Qcore ]===================================

 Git hash:   15a3e7daff0cda5fa9af010ccd19a80288182ecf
 Git date:   Fri, 16 Apr 2021 15:57:16 +0100
 Compiler:   GNU 9.1.0
 Build type: Release
 Version:    1.1.0

 Start time: Fri Apr 23 10:36:13 2021

 Data directory: /work/zw18965/.local/qcore/share/entos/1.1.0/data
 Number of threads: 24
 Number of threads was determined by: command line argument

 --------------------------------------------------------------------------------
                                command: optimize                                
 --------------------------------------------------------------------------------
 Using coordinate system:                tric
 Hessian update scheme:                  bfgs

 ------------------------------------------------------------------------------------------------------------
                   energy      change    grad rms    grad max    step rms    step max       trust    time (s)
 ------------------------------------------------------------------------------------------------------------
   1      -114.515744808                5.70e-03    1.54e-02                            2.00e-01        5.83
   2      -114.515997906   -2.53e-04    2.19e-03    6.35e-03    1.63e-02    2.75e-02    2.00e-01        4.46
   3      -114.516055624   -5.77e-05    2.78e-04    6.13e-04    1.23e-02    2.22e-02    2.00e-01        4.38
   4      -114.516056666   -1.04e-06    8.90e-05    1.82e-04    1.11e-03    1.88e-03    2.00e-01        4.20
   5      -114.516056776   -1.10e-07    2.48e-05    5.29e-05    3.29e-04    5.47e-04    2.00e-01        4.02
 Geometry optimization stopped:          thresholds achieved

 Final energy:                        -114.516056776

 -----------
  Final XYZ 
 -----------
4
Final structure: -114.516 hartree
C           -0.007416249          0.000975833          0.000480961
O            1.179147703         -0.156570410         -0.075460803
H           -0.479626011          0.985610196         -0.185726141
H           -0.692113831         -0.830082846          0.260713932

 Structure in entos input format:

  structure(
    xyz = [
      ['C'  ,         -0.007416249,          0.000975833,          0.000480961],
      ['O'  ,          1.179147703,         -0.156570410,         -0.075460803],
      ['H'  ,         -0.479626011,          0.985610196,         -0.185726141],
      ['H'  ,         -0.692113831,         -0.830082846,          0.260713932]
    ]
  )

 --------------------------------
  Geometry optimization finished 
 --------------------------------
 Saving results in set 'opt'

 --------------------------------------------------------------------------------
                                 command: hessian                                
 --------------------------------------------------------------------------------

WARNING: semianalytic method is specified for dft hessian, which is not efficient. Try switching to 'method = analytic'


 -------------------------------
  Numerical Geometrical Hessian 
 -------------------------------

 Compute hessian using two-point central differentiation.
 Step size (bohr):                       0.0100

 Frequencies (including translational and rotational modes):
 mode    frequency (cm-1)
    0               85.80 i (imaginary)
    1               30.53 i (imaginary)
    2               13.48 i (imaginary)
    3                2.89 i (imaginary)
    4               41.35
    5               74.65
    6             1201.88
    7             1272.79
    8             1525.30
    9             1832.52
   10             2896.62
   11             2965.54

 Project out translational and rotational motions 

 Degrees of freedom for translational and rotational motions: 6

 Vibrational frequencies:
 mode    frequency (cm-1)
    0             1201.88
    1             1272.75
    2             1525.26
    3             1832.50
    4             2896.61
    5             2965.54

 --------------------------------------------------------------------------------

 End time:                               Fri Apr 23 10:38:29 2021
 Total wall-clock time:                135.731 seconds
==================================================================================
