
================================================================================
          _____________ ________ _______________ ________     _________         
         / ___________// ______ \\_____   _____// ______ \   / ________)        
        / /_________  / /      \ \     | |     / /      \ \ | (_______          
       |  __________|| |        | |    | |    | |        | | \________ \        
        \ \_________ | |        | |    | |     \ \______/ /___________) |       
         \__________||_|        |_|    |_|      \________//____________/        
                                                                                
====================================[ Qcore ]===================================

 Git hash:   15a3e7daff0cda5fa9af010ccd19a80288182ecf
 Git date:   Fri, 16 Apr 2021 15:57:16 +0100
 Compiler:   GNU 9.1.0
 Build type: Release
 Version:    1.1.0

 Start time: Sat May  8 10:51:31 2021

 Data directory: /work/zw18965/.local/qcore/share/entos/1.1.0/data
 Number of threads: 24
 Number of threads was determined by: command line argument
  - More threads can be used by running 'qcore -n 32'

 --------------------------------------------------------------------------------
                                command: optimize                                
 --------------------------------------------------------------------------------
 Using coordinate system:                tric
 Hessian update scheme:                  bfgs

 ------------------------------------------------------------------------------------------------------------
                   energy      change    grad rms    grad max    step rms    step max       trust    time (s)
 ------------------------------------------------------------------------------------------------------------
   1      -130.491720665                4.07e-03    9.69e-03                            2.00e-01        4.13
   2      -130.491855063   -1.34e-04    3.48e-04    6.44e-04    1.54e-02    1.98e-02    2.00e-01        2.82
   3      -130.491856872   -1.81e-06    1.94e-04    3.93e-04    2.01e-03    2.92e-03    2.00e-01        2.69
   4      -130.491856997   -1.25e-07    6.17e-05    1.36e-04    3.47e-04    5.05e-04    2.00e-01        2.43
 Geometry optimization stopped:          thresholds achieved

 Final energy:                        -130.491856997

 -----------
  Final XYZ 
 -----------
3
Final structure: -130.492 hartree
N           -0.069760573          0.436232002          0.000000043
O            0.951276704         -0.191466082         -0.000000141
H           -0.881516126         -0.244765920          0.000000098

 Structure in entos input format:

  structure(
    xyz = [
      ['N'  ,         -0.069760573,          0.436232002,          0.000000043],
      ['O'  ,          0.951276704,         -0.191466082,         -0.000000141],
      ['H'  ,         -0.881516126,         -0.244765920,          0.000000098]
    ]
  )

 --------------------------------
  Geometry optimization finished 
 --------------------------------
 Saving results in set 'opt'

 --------------------------------------------------------------------------------
                                 command: hessian                                
 --------------------------------------------------------------------------------

WARNING: semianalytic method is specified for dft hessian, which is not efficient. Try switching to 'method = analytic'


 -------------------------------
  Numerical Geometrical Hessian 
 -------------------------------

 Compute hessian using two-point central differentiation.
 Step size (bohr):                       0.0100

 Frequencies (including translational and rotational modes):
 mode    frequency (cm-1)
    0               13.07 i (imaginary)
    1                0.34 i (imaginary)
    2                0.03 i (imaginary)
    3                0.58
    4                9.92
    5               50.17
    6             1571.57
    7             1688.09
    8             2929.92

 Project out translational and rotational motions 

 Degrees of freedom for translational and rotational motions: 6

 Vibrational frequencies:
 mode    frequency (cm-1)
    0             1571.57
    1             1688.09
    2             2929.92

 --------------------------------------------------------------------------------

 End time:                               Sat May  8 10:52:38 2021
 Total wall-clock time:                 66.188 seconds
==================================================================================
