
================================================================================
          _____________ ________ _______________ ________     _________         
         / ___________// ______ \\_____   _____// ______ \   / ________)        
        / /_________  / /      \ \     | |     / /      \ \ | (_______          
       |  __________|| |        | |    | |    | |        | | \________ \        
        \ \_________ | |        | |    | |     \ \______/ /___________) |       
         \__________||_|        |_|    |_|      \________//____________/        
                                                                                
====================================[ Qcore ]===================================

 Git hash:   15a3e7daff0cda5fa9af010ccd19a80288182ecf
 Git date:   Fri, 16 Apr 2021 15:57:16 +0100
 Compiler:   GNU 9.1.0
 Build type: Release
 Version:    1.1.0

 Start time: Sat May  8 10:54:46 2021

 Data directory: /work/zw18965/.local/qcore/share/entos/1.1.0/data
 Number of threads: 24
 Number of threads was determined by: command line argument
  - More threads can be used by running 'qcore -n 32'

 --------------------------------------------------------------------------------
                                command: optimize                                
 --------------------------------------------------------------------------------
 Using coordinate system:                tric
 Hessian update scheme:                  bfgs

 ------------------------------------------------------------------------------------------------------------
                   energy      change    grad rms    grad max    step rms    step max       trust    time (s)
 ------------------------------------------------------------------------------------------------------------
   1      -109.543723487                1.06e-02    1.84e-02                            2.00e-01        2.21
   2      -109.543830752   -1.07e-04    1.39e-03    2.41e-03    6.67e-03    1.33e-02    2.00e-01        1.60
   3      -109.543832590   -1.84e-06    3.11e-05    5.39e-05    7.73e-04    1.55e-03    2.00e-01        1.60
   4      -109.543832591   -5.58e-10    7.91e-08    1.37e-07    1.69e-05    3.39e-05    2.00e-01        1.51
 Geometry optimization stopped:          thresholds achieved

 Final energy:                        -109.543832591

 -----------
  Final XYZ 
 -----------
2
Final structure: -109.544 hartree
N            0.546142120          0.000000007         -0.000000017
N           -0.546142120         -0.000000007          0.000000017

 Structure in entos input format:

  structure(
    xyz = [
      ['N'  ,          0.546142120,          0.000000007,         -0.000000017],
      ['N'  ,         -0.546142120,         -0.000000007,          0.000000017]
    ]
  )

 --------------------------------
  Geometry optimization finished 
 --------------------------------
 Saving results in set 'opt'

 --------------------------------------------------------------------------------
                                 command: hessian                                
 --------------------------------------------------------------------------------

WARNING: semianalytic method is specified for dft hessian, which is not efficient. Try switching to 'method = analytic'


 -------------------------------
  Numerical Geometrical Hessian 
 -------------------------------

 Compute hessian using two-point central differentiation.
 Step size (bohr):                       0.0100

 Frequencies (including translational and rotational modes):
 mode    frequency (cm-1)
    0                0.01 i (imaginary)
    1                0.00 i (imaginary)
    2                0.00
    3               20.75
    4               20.75
    5             2447.69

 Project out translational and rotational motions 

 The molecule is linear

 Degrees of freedom for translational and rotational motions: 5

 Vibrational frequencies:
 mode    frequency (cm-1)
    0             2447.69

 --------------------------------------------------------------------------------

 End time:                               Sat May  8 10:55:14 2021
 Total wall-clock time:                 28.714 seconds
==================================================================================
