
================================================================================
          _____________ ________ _______________ ________     _________         
         / ___________// ______ \\_____   _____// ______ \   / ________)        
        / /_________  / /      \ \     | |     / /      \ \ | (_______          
       |  __________|| |        | |    | |    | |        | | \________ \        
        \ \_________ | |        | |    | |     \ \______/ /___________) |       
         \__________||_|        |_|    |_|      \________//____________/        
                                                                                
====================================[ Qcore ]===================================

 Git hash:   15a3e7daff0cda5fa9af010ccd19a80288182ecf
 Git date:   Fri, 16 Apr 2021 15:57:16 +0100
 Compiler:   GNU 9.1.0
 Build type: Release
 Version:    1.1.0

 Start time: Fri Apr 23 10:37:21 2021

 Data directory: /work/zw18965/.local/qcore/share/entos/1.1.0/data
 Number of threads: 24
 Number of threads was determined by: command line argument
  - More threads can be used by running 'qcore -n 32'

 --------------------------------------------------------------------------------
                                command: optimize                                
 --------------------------------------------------------------------------------
 Using coordinate system:                tric
 Hessian update scheme:                  bfgs

 ------------------------------------------------------------------------------------------------------------
                   energy      change    grad rms    grad max    step rms    step max       trust    time (s)
 ------------------------------------------------------------------------------------------------------------
   1      -796.383530806                4.44e-03    7.69e-03                            2.00e-01        6.52
   2      -796.383618945   -8.81e-05    5.12e-06    8.87e-06    1.14e-02    2.27e-02    2.00e-01        4.78
   3      -796.383618950   -5.27e-09    6.65e-07    1.15e-06    1.31e-05    2.61e-05    2.00e-01        3.99
 Geometry optimization stopped:          thresholds achieved

 Final energy:                        -796.383618950

 -----------
  Final XYZ 
 -----------
2
Final structure: -796.384 hartree
S            0.000000164          0.000000000          0.006005174
S           -0.000000164         -0.000000000          1.890879416

 Structure in entos input format:

  structure(
    xyz = [
      ['S'  ,          0.000000164,          0.000000000,          0.006005174],
      ['S'  ,         -0.000000164,         -0.000000000,          1.890879416]
    ]
  )

 --------------------------------
  Geometry optimization finished 
 --------------------------------
 Saving results in set 'opt'

 --------------------------------------------------------------------------------
                                 command: hessian                                
 --------------------------------------------------------------------------------

WARNING: semianalytic method is specified for dft hessian, which is not efficient. Try switching to 'method = analytic'


 -------------------------------
  Numerical Geometrical Hessian 
 -------------------------------

 Compute hessian using two-point central differentiation.
 Step size (bohr):                       0.0100

 Frequencies (including translational and rotational modes):
 mode    frequency (cm-1)
    0               13.85 i (imaginary)
    1               13.71 i (imaginary)
    2                0.09 i (imaginary)
    3                0.01 i (imaginary)
    4                0.11
    5              757.53

 Project out translational and rotational motions 

 The molecule is linear

 Degrees of freedom for translational and rotational motions: 5

 Vibrational frequencies:
 mode    frequency (cm-1)
    0              757.53

 --------------------------------------------------------------------------------

 End time:                               Fri Apr 23 10:38:39 2021
 Total wall-clock time:                 78.051 seconds
==================================================================================
