
================================================================================
          _____________ ________ _______________ ________     _________         
         / ___________// ______ \\_____   _____// ______ \   / ________)        
        / /_________  / /      \ \     | |     / /      \ \ | (_______          
       |  __________|| |        | |    | |    | |        | | \________ \        
        \ \_________ | |        | |    | |     \ \______/ /___________) |       
         \__________||_|        |_|    |_|      \________//____________/        
                                                                                
====================================[ Qcore ]===================================

 Git hash:   bfa4c3a672cc1ff01df8911b87991f8932a2a687
 Git date:   Fri, 12 Feb 2021 10:05:04 +0000
 Compiler:   GNU 9.1.0
 Build type: Release
 Version:    0.8.19

 Start time: Tue Apr 20 11:12:40 2021

 Data directory: /home/zw18965/.local/qcore/share/entos/0.8.19/data
 Number of threads: 24
 Number of threads was determined by: command line argument

 --------------------------------------------------------------------------------
                                command: optimize                                
 --------------------------------------------------------------------------------
 Using coordinate system:                tric
 Hessian update scheme:                  bfgs

 ------------------------------------------------------------------------------------------------------------
                   energy      change    grad rms    grad max    step rms    step max       trust    time (s)
 ------------------------------------------------------------------------------------------------------------
 Fraction of exact exchange:             0.530000000
 Fraction of exact exchange:             0.530000000
 Fraction of exact exchange:             0.530000000
 Fraction of exact exchange:             0.530000000
 Fraction of exact exchange:             0.530000000
 Fraction of exact exchange:             0.530000000
 Fraction of exact exchange:             0.530000000
 Fraction of exact exchange:             0.530000000
 Fraction of exact exchange:             0.530000000
 Fraction of exact exchange:             0.530000000
 Fraction of exact exchange:             0.530000000
 Fraction of exact exchange:             0.530000000
 Fraction of exact exchange:             0.530000000
 Fraction of exact exchange:             0.530000000
 Fraction of exact exchange:             0.530000000
 Fraction of exact exchange:             0.530000000
 Fraction of exact exchange:             0.530000000
 Fraction of exact exchange:             0.530000000
 Fraction of exact exchange:             0.530000000
 Fraction of exact exchange:             0.530000000
 Fraction of exact exchange:             0.530000000
 Fraction of exact exchange:             0.530000000
 Fraction of exact exchange:             0.530000000
 Fraction of exact exchange:             0.530000000
 Fraction of exact exchange:             0.530000000
 Fraction of exact exchange:             0.530000000
 Fraction of exact exchange:             0.530000000
 Fraction of exact exchange:             0.530000000
 Fraction of exact exchange:             0.530000000
 Fraction of exact exchange:             0.530000000
 Fraction of exact exchange:             0.530000000
 Fraction of exact exchange:             0.530000000
 Fraction of exact exchange:             0.530000000
   1       -40.494069226                9.86e-05    1.59e-04                            2.00e-01        8.72
 Fraction of exact exchange:             0.530000000
 Fraction of exact exchange:             0.530000000
 Fraction of exact exchange:             0.530000000
 Fraction of exact exchange:             0.530000000
 Fraction of exact exchange:             0.530000000
 Fraction of exact exchange:             0.530000000
 Fraction of exact exchange:             0.530000000
 Fraction of exact exchange:             0.530000000
 Fraction of exact exchange:             0.530000000
 Fraction of exact exchange:             0.530000000
 Fraction of exact exchange:             0.530000000
 Fraction of exact exchange:             0.530000000
 Fraction of exact exchange:             0.530000000
 Fraction of exact exchange:             0.530000000
 Fraction of exact exchange:             0.530000000
 Fraction of exact exchange:             0.530000000
 Fraction of exact exchange:             0.530000000
 Fraction of exact exchange:             0.530000000
 Fraction of exact exchange:             0.530000000
 Fraction of exact exchange:             0.530000000
 Fraction of exact exchange:             0.530000000
 Fraction of exact exchange:             0.530000000
 Fraction of exact exchange:             0.530000000
 Fraction of exact exchange:             0.530000000
 Fraction of exact exchange:             0.530000000
 Fraction of exact exchange:             0.530000000
 Fraction of exact exchange:             0.530000000
 Fraction of exact exchange:             0.530000000
 Fraction of exact exchange:             0.530000000
 Fraction of exact exchange:             0.530000000
 Fraction of exact exchange:             0.530000000
   2       -40.494069420   -1.94e-07    2.67e-05    4.35e-05    3.51e-04    3.96e-04    2.00e-01        8.27
 Geometry optimization stopped:          thresholds achieved

 Final energy:                         -40.494069420

 -----------
  Final XYZ 
 -----------
5
Final structure: -40.4941 hartree
C           -0.000021378          0.000022433          0.000020369
H            0.550825987          0.794907372          0.493569748
H            0.679308505         -0.808576315         -0.252077732
H           -0.773591732         -0.371317740          0.665276933
H           -0.456619969          0.385068296         -0.906691910

 Structure in entos input format:

  structure(
    xyz = [
      ['C'  ,         -0.000021378,          0.000022433,          0.000020369],
      ['H'  ,          0.550825987,          0.794907372,          0.493569748],
      ['H'  ,          0.679308505,         -0.808576315,         -0.252077732],
      ['H'  ,         -0.773591732,         -0.371317740,          0.665276933],
      ['H'  ,         -0.456619969,          0.385068296,         -0.906691910]
    ]
  )

 --------------------------------
  Geometry optimization finished 
 --------------------------------
 Saving results in set 'opt'

 --------------------------------------------------------------------------------
                                 command: hessian                                
 --------------------------------------------------------------------------------

WARNING: numerical method is specified for dft hessian, which is not efficient. Try switching to 'method = analytic'

 Fraction of exact exchange:             0.530000000
 Fraction of exact exchange:             0.530000000
 Fraction of exact exchange:             0.530000000
 Fraction of exact exchange:             0.530000000
 Fraction of exact exchange:             0.530000000
 Fraction of exact exchange:             0.530000000
 Fraction of exact exchange:             0.530000000
 Fraction of exact exchange:             0.530000000
 Fraction of exact exchange:             0.530000000
 Fraction of exact exchange:             0.530000000
 Fraction of exact exchange:             0.530000000
 Fraction of exact exchange:             0.530000000
 Fraction of exact exchange:             0.530000000
 Fraction of exact exchange:             0.530000000
 Fraction of exact exchange:             0.530000000
 Fraction of exact exchange:             0.530000000
 Fraction of exact exchange:             0.530000000
 Fraction of exact exchange:             0.530000000
 Fraction of exact exchange:             0.530000000
 Fraction of exact exchange:             0.530000000
 Fraction of exact exchange:             0.530000000
 Fraction of exact exchange:             0.530000000
 Fraction of exact exchange:             0.530000000
 Fraction of exact exchange:             0.530000000
 Fraction of exact exchange:             0.530000000
 Fraction of exact exchange:             0.530000000
 Fraction of exact exchange:             0.530000000
 Fraction of exact exchange:             0.530000000
 Fraction of exact exchange:             0.530000000
 Fraction of exact exchange:             0.530000000
 Fraction of exact exchange:             0.530000000
 Fraction of exact exchange:             0.530000000
 Fraction of exact exchange:             0.530000000

 -------------------------------
  Numerical Geometrical Hessian 
 -------------------------------

 Compute hessian using two-point central differentiation.
 Step size (bohr):                       0.0100
 Fraction of exact exchange:             0.530000000
 Fraction of exact exchange:             0.530000000
 Fraction of exact exchange:             0.530000000
 Fraction of exact exchange:             0.530000000
 Fraction of exact exchange:             0.530000000
 Fraction of exact exchange:             0.530000000
 Fraction of exact exchange:             0.530000000
 Fraction of exact exchange:             0.530000000
 Fraction of exact exchange:             0.530000000
 Fraction of exact exchange:             0.530000000
 Fraction of exact exchange:             0.530000000
 Fraction of exact exchange:             0.530000000
 Fraction of exact exchange:             0.530000000
 Fraction of exact exchange:             0.530000000
 Fraction of exact exchange:             0.530000000
 Fraction of exact exchange:             0.530000000
 Fraction of exact exchange:             0.530000000
 Fraction of exact exchange:             0.530000000
 Fraction of exact exchange:             0.530000000
 Fraction of exact exchange:             0.530000000
 Fraction of exact exchange:             0.530000000
 Fraction of exact exchange:             0.530000000
 Fraction of exact exchange:             0.530000000
 Fraction of exact exchange:             0.530000000
 Fraction of exact exchange:             0.530000000
 Fraction of exact exchange:             0.530000000
 Fraction of exact exchange:             0.530000000
 Fraction of exact exchange:             0.530000000
 Fraction of exact exchange:             0.530000000
 Fraction of exact exchange:             0.530000000
 Fraction of exact exchange:             0.530000000
 Fraction of exact exchange:             0.530000000
 Fraction of exact exchange:             0.530000000
 Fraction of exact exchange:             0.530000000
 Fraction of exact exchange:             0.530000000
 Fraction of exact exchange:             0.530000000
 Fraction of exact exchange:             0.530000000
 Fraction of exact exchange:             0.530000000
 Fraction of exact exchange:             0.530000000
 Fraction of exact exchange:             0.530000000
 Fraction of exact exchange:             0.530000000
 Fraction of exact exchange:             0.530000000
 Fraction of exact exchange:             0.530000000
 Fraction of exact exchange:             0.530000000
 Fraction of exact exchange:             0.530000000
 Fraction of exact exchange:             0.530000000
 Fraction of exact exchange:             0.530000000
 Fraction of exact exchange:             0.530000000
 Fraction of exact exchange:             0.530000000
 Fraction of exact exchange:             0.530000000
 Fraction of exact exchange:             0.530000000
 Fraction of exact exchange:             0.530000000
 Fraction of exact exchange:             0.530000000
 Fraction of exact exchange:             0.530000000
 Fraction of exact exchange:             0.530000000
 Fraction of exact exchange:             0.530000000
 Fraction of exact exchange:             0.530000000
 Fraction of exact exchange:             0.530000000
 Fraction of exact exchange:             0.530000000
 Fraction of exact exchange:             0.530000000
 Fraction of exact exchange:             0.530000000
 Fraction of exact exchange:             0.530000000
 Fraction of exact exchange:             0.530000000
 Fraction of exact exchange:             0.530000000
 Fraction of exact exchange:             0.530000000
 Fraction of exact exchange:             0.530000000
 Fraction of exact exchange:             0.530000000
 Fraction of exact exchange:             0.530000000
 Fraction of exact exchange:             0.530000000
 Fraction of exact exchange:             0.530000000
 Fraction of exact exchange:             0.530000000
 Fraction of exact exchange:             0.530000000
 Fraction of exact exchange:             0.530000000
 Fraction of exact exchange:             0.530000000
 Fraction of exact exchange:             0.530000000
 Fraction of exact exchange:             0.530000000
 Fraction of exact exchange:             0.530000000
 Fraction of exact exchange:             0.530000000
 Fraction of exact exchange:             0.530000000
 Fraction of exact exchange:             0.530000000
 Fraction of exact exchange:             0.530000000
 Fraction of exact exchange:             0.530000000
 Fraction of exact exchange:             0.530000000
 Fraction of exact exchange:             0.530000000
 Fraction of exact exchange:             0.530000000
 Fraction of exact exchange:             0.530000000
 Fraction of exact exchange:             0.530000000
 Fraction of exact exchange:             0.530000000
 Fraction of exact exchange:             0.530000000
 Fraction of exact exchange:             0.530000000
 Fraction of exact exchange:             0.530000000
 Fraction of exact exchange:             0.530000000
 Fraction of exact exchange:             0.530000000
 Fraction of exact exchange:             0.530000000
 Fraction of exact exchange:             0.530000000
 Fraction of exact exchange:             0.530000000
 Fraction of exact exchange:             0.530000000
 Fraction of exact exchange:             0.530000000
 Fraction of exact exchange:             0.530000000
 Fraction of exact exchange:             0.530000000
 Fraction of exact exchange:             0.530000000
 Fraction of exact exchange:             0.530000000
 Fraction of exact exchange:             0.530000000
 Fraction of exact exchange:             0.530000000
 Fraction of exact exchange:             0.530000000
 Fraction of exact exchange:             0.530000000
 Fraction of exact exchange:             0.530000000
 Fraction of exact exchange:             0.530000000
 Fraction of exact exchange:             0.530000000
 Fraction of exact exchange:             0.530000000
 Fraction of exact exchange:             0.530000000
 Fraction of exact exchange:             0.530000000
 Fraction of exact exchange:             0.530000000
 Fraction of exact exchange:             0.530000000
 Fraction of exact exchange:             0.530000000
 Fraction of exact exchange:             0.530000000
 Fraction of exact exchange:             0.530000000
 Fraction of exact exchange:             0.530000000
 Fraction of exact exchange:             0.530000000
 Fraction of exact exchange:             0.530000000
 Fraction of exact exchange:             0.530000000
 Fraction of exact exchange:             0.530000000
 Fraction of exact exchange:             0.530000000
 Fraction of exact exchange:             0.530000000
 Fraction of exact exchange:             0.530000000
 Fraction of exact exchange:             0.530000000
 Fraction of exact exchange:             0.530000000
 Fraction of exact exchange:             0.530000000
 Fraction of exact exchange:             0.530000000
 Fraction of exact exchange:             0.530000000
 Fraction of exact exchange:             0.530000000
 Fraction of exact exchange:             0.530000000
 Fraction of exact exchange:             0.530000000
 Fraction of exact exchange:             0.530000000
 Fraction of exact exchange:             0.530000000
 Fraction of exact exchange:             0.530000000
 Fraction of exact exchange:             0.530000000
 Fraction of exact exchange:             0.530000000
 Fraction of exact exchange:             0.530000000
 Fraction of exact exchange:             0.530000000
 Fraction of exact exchange:             0.530000000
 Fraction of exact exchange:             0.530000000
 Fraction of exact exchange:             0.530000000
 Fraction of exact exchange:             0.530000000
 Fraction of exact exchange:             0.530000000
 Fraction of exact exchange:             0.530000000
 Fraction of exact exchange:             0.530000000
 Fraction of exact exchange:             0.530000000
 Fraction of exact exchange:             0.530000000
 Fraction of exact exchange:             0.530000000
 Fraction of exact exchange:             0.530000000
 Fraction of exact exchange:             0.530000000
 Fraction of exact exchange:             0.530000000
 Fraction of exact exchange:             0.530000000
 Fraction of exact exchange:             0.530000000
 Fraction of exact exchange:             0.530000000
 Fraction of exact exchange:             0.530000000
 Fraction of exact exchange:             0.530000000
 Fraction of exact exchange:             0.530000000
 Fraction of exact exchange:             0.530000000
 Fraction of exact exchange:             0.530000000
 Fraction of exact exchange:             0.530000000
 Fraction of exact exchange:             0.530000000
 Fraction of exact exchange:             0.530000000
 Fraction of exact exchange:             0.530000000
 Fraction of exact exchange:             0.530000000
 Fraction of exact exchange:             0.530000000
 Fraction of exact exchange:             0.530000000
 Fraction of exact exchange:             0.530000000
 Fraction of exact exchange:             0.530000000
 Fraction of exact exchange:             0.530000000
 Fraction of exact exchange:             0.530000000
 Fraction of exact exchange:             0.530000000
 Fraction of exact exchange:             0.530000000
 Fraction of exact exchange:             0.530000000
 Fraction of exact exchange:             0.530000000
 Fraction of exact exchange:             0.530000000
 Fraction of exact exchange:             0.530000000
 Fraction of exact exchange:             0.530000000
 Fraction of exact exchange:             0.530000000
 Fraction of exact exchange:             0.530000000
 Fraction of exact exchange:             0.530000000
 Fraction of exact exchange:             0.530000000
 Fraction of exact exchange:             0.530000000
 Fraction of exact exchange:             0.530000000
 Fraction of exact exchange:             0.530000000
 Fraction of exact exchange:             0.530000000
 Fraction of exact exchange:             0.530000000
 Fraction of exact exchange:             0.530000000
 Fraction of exact exchange:             0.530000000
 Fraction of exact exchange:             0.530000000
 Fraction of exact exchange:             0.530000000
 Fraction of exact exchange:             0.530000000
 Fraction of exact exchange:             0.530000000
 Fraction of exact exchange:             0.530000000
 Fraction of exact exchange:             0.530000000
 Fraction of exact exchange:             0.530000000
 Fraction of exact exchange:             0.530000000
 Fraction of exact exchange:             0.530000000
 Fraction of exact exchange:             0.530000000
 Fraction of exact exchange:             0.530000000
 Fraction of exact exchange:             0.530000000
 Fraction of exact exchange:             0.530000000
 Fraction of exact exchange:             0.530000000
 Fraction of exact exchange:             0.530000000
 Fraction of exact exchange:             0.530000000
 Fraction of exact exchange:             0.530000000
 Fraction of exact exchange:             0.530000000
 Fraction of exact exchange:             0.530000000
 Fraction of exact exchange:             0.530000000
 Fraction of exact exchange:             0.530000000
 Fraction of exact exchange:             0.530000000
 Fraction of exact exchange:             0.530000000
 Fraction of exact exchange:             0.530000000
 Fraction of exact exchange:             0.530000000
 Fraction of exact exchange:             0.530000000
 Fraction of exact exchange:             0.530000000
 Fraction of exact exchange:             0.530000000
 Fraction of exact exchange:             0.530000000
 Fraction of exact exchange:             0.530000000
 Fraction of exact exchange:             0.530000000
 Fraction of exact exchange:             0.530000000
 Fraction of exact exchange:             0.530000000
 Fraction of exact exchange:             0.530000000
 Fraction of exact exchange:             0.530000000
 Fraction of exact exchange:             0.530000000
 Fraction of exact exchange:             0.530000000
 Fraction of exact exchange:             0.530000000
 Fraction of exact exchange:             0.530000000
 Fraction of exact exchange:             0.530000000
 Fraction of exact exchange:             0.530000000
 Fraction of exact exchange:             0.530000000
 Fraction of exact exchange:             0.530000000
 Fraction of exact exchange:             0.530000000
 Fraction of exact exchange:             0.530000000
 Fraction of exact exchange:             0.530000000
 Fraction of exact exchange:             0.530000000
 Fraction of exact exchange:             0.530000000
 Fraction of exact exchange:             0.530000000
 Fraction of exact exchange:             0.530000000
 Fraction of exact exchange:             0.530000000
 Fraction of exact exchange:             0.530000000
 Fraction of exact exchange:             0.530000000
 Fraction of exact exchange:             0.530000000
 Fraction of exact exchange:             0.530000000
 Fraction of exact exchange:             0.530000000
 Fraction of exact exchange:             0.530000000
 Fraction of exact exchange:             0.530000000
 Fraction of exact exchange:             0.530000000
 Fraction of exact exchange:             0.530000000
 Fraction of exact exchange:             0.530000000
 Fraction of exact exchange:             0.530000000
 Fraction of exact exchange:             0.530000000
 Fraction of exact exchange:             0.530000000
 Fraction of exact exchange:             0.530000000
 Fraction of exact exchange:             0.530000000
 Fraction of exact exchange:             0.530000000
 Fraction of exact exchange:             0.530000000
 Fraction of exact exchange:             0.530000000
 Fraction of exact exchange:             0.530000000
 Fraction of exact exchange:             0.530000000
 Fraction of exact exchange:             0.530000000
 Fraction of exact exchange:             0.530000000
 Fraction of exact exchange:             0.530000000
 Fraction of exact exchange:             0.530000000
 Fraction of exact exchange:             0.530000000
 Fraction of exact exchange:             0.530000000
 Fraction of exact exchange:             0.530000000
 Fraction of exact exchange:             0.530000000
 Fraction of exact exchange:             0.530000000
 Fraction of exact exchange:             0.530000000
 Fraction of exact exchange:             0.530000000
 Fraction of exact exchange:             0.530000000
 Fraction of exact exchange:             0.530000000
 Fraction of exact exchange:             0.530000000
 Fraction of exact exchange:             0.530000000
 Fraction of exact exchange:             0.530000000
 Fraction of exact exchange:             0.530000000
 Fraction of exact exchange:             0.530000000
 Fraction of exact exchange:             0.530000000
 Fraction of exact exchange:             0.530000000
 Fraction of exact exchange:             0.530000000
 Fraction of exact exchange:             0.530000000
 Fraction of exact exchange:             0.530000000
 Fraction of exact exchange:             0.530000000
 Fraction of exact exchange:             0.530000000
 Fraction of exact exchange:             0.530000000
 Fraction of exact exchange:             0.530000000
 Fraction of exact exchange:             0.530000000
 Fraction of exact exchange:             0.530000000
 Fraction of exact exchange:             0.530000000
 Fraction of exact exchange:             0.530000000
 Fraction of exact exchange:             0.530000000
 Fraction of exact exchange:             0.530000000
 Fraction of exact exchange:             0.530000000
 Fraction of exact exchange:             0.530000000
 Fraction of exact exchange:             0.530000000
 Fraction of exact exchange:             0.530000000
 Fraction of exact exchange:             0.530000000
 Fraction of exact exchange:             0.530000000
 Fraction of exact exchange:             0.530000000
 Fraction of exact exchange:             0.530000000
 Fraction of exact exchange:             0.530000000
 Fraction of exact exchange:             0.530000000
 Fraction of exact exchange:             0.530000000
 Fraction of exact exchange:             0.530000000
 Fraction of exact exchange:             0.530000000
 Fraction of exact exchange:             0.530000000
 Fraction of exact exchange:             0.530000000
 Fraction of exact exchange:             0.530000000
 Fraction of exact exchange:             0.530000000
 Fraction of exact exchange:             0.530000000
 Fraction of exact exchange:             0.530000000
 Fraction of exact exchange:             0.530000000
 Fraction of exact exchange:             0.530000000
 Fraction of exact exchange:             0.530000000
 Fraction of exact exchange:             0.530000000
 Fraction of exact exchange:             0.530000000
 Fraction of exact exchange:             0.530000000
 Fraction of exact exchange:             0.530000000
 Fraction of exact exchange:             0.530000000
 Fraction of exact exchange:             0.530000000
 Fraction of exact exchange:             0.530000000
 Fraction of exact exchange:             0.530000000
 Fraction of exact exchange:             0.530000000
 Fraction of exact exchange:             0.530000000
 Fraction of exact exchange:             0.530000000
 Fraction of exact exchange:             0.530000000
 Fraction of exact exchange:             0.530000000
 Fraction of exact exchange:             0.530000000
 Fraction of exact exchange:             0.530000000
 Fraction of exact exchange:             0.530000000
 Fraction of exact exchange:             0.530000000
 Fraction of exact exchange:             0.530000000
 Fraction of exact exchange:             0.530000000
 Fraction of exact exchange:             0.530000000
 Fraction of exact exchange:             0.530000000
 Fraction of exact exchange:             0.530000000
 Fraction of exact exchange:             0.530000000
 Fraction of exact exchange:             0.530000000
 Fraction of exact exchange:             0.530000000
 Fraction of exact exchange:             0.530000000
 Fraction of exact exchange:             0.530000000
 Fraction of exact exchange:             0.530000000
 Fraction of exact exchange:             0.530000000
 Fraction of exact exchange:             0.530000000
 Fraction of exact exchange:             0.530000000
 Fraction of exact exchange:             0.530000000
 Fraction of exact exchange:             0.530000000
 Fraction of exact exchange:             0.530000000
 Fraction of exact exchange:             0.530000000
 Fraction of exact exchange:             0.530000000
 Fraction of exact exchange:             0.530000000
 Fraction of exact exchange:             0.530000000
 Fraction of exact exchange:             0.530000000
 Fraction of exact exchange:             0.530000000
 Fraction of exact exchange:             0.530000000
 Fraction of exact exchange:             0.530000000
 Fraction of exact exchange:             0.530000000
 Fraction of exact exchange:             0.530000000
 Fraction of exact exchange:             0.530000000
 Fraction of exact exchange:             0.530000000
 Fraction of exact exchange:             0.530000000
 Fraction of exact exchange:             0.530000000
 Fraction of exact exchange:             0.530000000
 Fraction of exact exchange:             0.530000000
 Fraction of exact exchange:             0.530000000
 Fraction of exact exchange:             0.530000000
 Fraction of exact exchange:             0.530000000
 Fraction of exact exchange:             0.530000000
 Fraction of exact exchange:             0.530000000
 Fraction of exact exchange:             0.530000000
 Fraction of exact exchange:             0.530000000
 Fraction of exact exchange:             0.530000000
 Fraction of exact exchange:             0.530000000
 Fraction of exact exchange:             0.530000000
 Fraction of exact exchange:             0.530000000
 Fraction of exact exchange:             0.530000000
 Fraction of exact exchange:             0.530000000
 Fraction of exact exchange:             0.530000000
 Fraction of exact exchange:             0.530000000
 Fraction of exact exchange:             0.530000000
 Fraction of exact exchange:             0.530000000
 Fraction of exact exchange:             0.530000000
 Fraction of exact exchange:             0.530000000
 Fraction of exact exchange:             0.530000000
 Fraction of exact exchange:             0.530000000
 Fraction of exact exchange:             0.530000000
 Fraction of exact exchange:             0.530000000
 Fraction of exact exchange:             0.530000000
 Fraction of exact exchange:             0.530000000
 Fraction of exact exchange:             0.530000000
 Fraction of exact exchange:             0.530000000
 Fraction of exact exchange:             0.530000000
 Fraction of exact exchange:             0.530000000
 Fraction of exact exchange:             0.530000000
 Fraction of exact exchange:             0.530000000
 Fraction of exact exchange:             0.530000000
 Fraction of exact exchange:             0.530000000
 Fraction of exact exchange:             0.530000000
 Fraction of exact exchange:             0.530000000
 Fraction of exact exchange:             0.530000000
 Fraction of exact exchange:             0.530000000
 Fraction of exact exchange:             0.530000000
 Fraction of exact exchange:             0.530000000
 Fraction of exact exchange:             0.530000000
 Fraction of exact exchange:             0.530000000
 Fraction of exact exchange:             0.530000000
 Fraction of exact exchange:             0.530000000
 Fraction of exact exchange:             0.530000000
 Fraction of exact exchange:             0.530000000
 Fraction of exact exchange:             0.530000000
 Fraction of exact exchange:             0.530000000
 Fraction of exact exchange:             0.530000000
 Fraction of exact exchange:             0.530000000
 Fraction of exact exchange:             0.530000000
 Fraction of exact exchange:             0.530000000
 Fraction of exact exchange:             0.530000000
 Fraction of exact exchange:             0.530000000
 Fraction of exact exchange:             0.530000000
 Fraction of exact exchange:             0.530000000
 Fraction of exact exchange:             0.530000000
 Fraction of exact exchange:             0.530000000
 Fraction of exact exchange:             0.530000000
 Fraction of exact exchange:             0.530000000
 Fraction of exact exchange:             0.530000000
 Fraction of exact exchange:             0.530000000
 Fraction of exact exchange:             0.530000000
 Fraction of exact exchange:             0.530000000
 Fraction of exact exchange:             0.530000000
 Fraction of exact exchange:             0.530000000
 Fraction of exact exchange:             0.530000000
 Fraction of exact exchange:             0.530000000
 Fraction of exact exchange:             0.530000000
 Fraction of exact exchange:             0.530000000
 Fraction of exact exchange:             0.530000000
 Fraction of exact exchange:             0.530000000
 Fraction of exact exchange:             0.530000000
 Fraction of exact exchange:             0.530000000
 Fraction of exact exchange:             0.530000000
 Fraction of exact exchange:             0.530000000
 Fraction of exact exchange:             0.530000000
 Fraction of exact exchange:             0.530000000
 Fraction of exact exchange:             0.530000000
 Fraction of exact exchange:             0.530000000
 Fraction of exact exchange:             0.530000000
 Fraction of exact exchange:             0.530000000
 Fraction of exact exchange:             0.530000000
 Fraction of exact exchange:             0.530000000
 Fraction of exact exchange:             0.530000000
 Fraction of exact exchange:             0.530000000
 Fraction of exact exchange:             0.530000000
 Fraction of exact exchange:             0.530000000
 Fraction of exact exchange:             0.530000000
 Fraction of exact exchange:             0.530000000
 Fraction of exact exchange:             0.530000000
 Fraction of exact exchange:             0.530000000
 Fraction of exact exchange:             0.530000000
 Fraction of exact exchange:             0.530000000
 Fraction of exact exchange:             0.530000000
 Fraction of exact exchange:             0.530000000
 Fraction of exact exchange:             0.530000000
 Fraction of exact exchange:             0.530000000
 Fraction of exact exchange:             0.530000000
 Fraction of exact exchange:             0.530000000
 Fraction of exact exchange:             0.530000000
 Fraction of exact exchange:             0.530000000
 Fraction of exact exchange:             0.530000000
 Fraction of exact exchange:             0.530000000
 Fraction of exact exchange:             0.530000000
 Fraction of exact exchange:             0.530000000
 Fraction of exact exchange:             0.530000000
 Fraction of exact exchange:             0.530000000
 Fraction of exact exchange:             0.530000000
 Fraction of exact exchange:             0.530000000
 Fraction of exact exchange:             0.530000000
 Fraction of exact exchange:             0.530000000
 Fraction of exact exchange:             0.530000000
 Fraction of exact exchange:             0.530000000
 Fraction of exact exchange:             0.530000000
 Fraction of exact exchange:             0.530000000
 Fraction of exact exchange:             0.530000000
 Fraction of exact exchange:             0.530000000
 Fraction of exact exchange:             0.530000000
 Fraction of exact exchange:             0.530000000
 Fraction of exact exchange:             0.530000000
 Fraction of exact exchange:             0.530000000
 Fraction of exact exchange:             0.530000000
 Fraction of exact exchange:             0.530000000
 Fraction of exact exchange:             0.530000000
 Fraction of exact exchange:             0.530000000
 Fraction of exact exchange:             0.530000000
 Fraction of exact exchange:             0.530000000
 Fraction of exact exchange:             0.530000000
 Fraction of exact exchange:             0.530000000
 Fraction of exact exchange:             0.530000000
 Fraction of exact exchange:             0.530000000
 Fraction of exact exchange:             0.530000000
 Fraction of exact exchange:             0.530000000
 Fraction of exact exchange:             0.530000000
 Fraction of exact exchange:             0.530000000
 Fraction of exact exchange:             0.530000000
 Fraction of exact exchange:             0.530000000
 Fraction of exact exchange:             0.530000000
 Fraction of exact exchange:             0.530000000
 Fraction of exact exchange:             0.530000000
 Fraction of exact exchange:             0.530000000
 Fraction of exact exchange:             0.530000000
 Fraction of exact exchange:             0.530000000
 Fraction of exact exchange:             0.530000000
 Fraction of exact exchange:             0.530000000
 Fraction of exact exchange:             0.530000000
 Fraction of exact exchange:             0.530000000
 Fraction of exact exchange:             0.530000000
 Fraction of exact exchange:             0.530000000
 Fraction of exact exchange:             0.530000000
 Fraction of exact exchange:             0.530000000
 Fraction of exact exchange:             0.530000000
 Fraction of exact exchange:             0.530000000
 Fraction of exact exchange:             0.530000000
 Fraction of exact exchange:             0.530000000
 Fraction of exact exchange:             0.530000000
 Fraction of exact exchange:             0.530000000
 Fraction of exact exchange:             0.530000000
 Fraction of exact exchange:             0.530000000
 Fraction of exact exchange:             0.530000000
 Fraction of exact exchange:             0.530000000
 Fraction of exact exchange:             0.530000000
 Fraction of exact exchange:             0.530000000
 Fraction of exact exchange:             0.530000000
 Fraction of exact exchange:             0.530000000
 Fraction of exact exchange:             0.530000000
 Fraction of exact exchange:             0.530000000
 Fraction of exact exchange:             0.530000000
 Fraction of exact exchange:             0.530000000
 Fraction of exact exchange:             0.530000000
 Fraction of exact exchange:             0.530000000
 Fraction of exact exchange:             0.530000000
 Fraction of exact exchange:             0.530000000
 Fraction of exact exchange:             0.530000000
 Fraction of exact exchange:             0.530000000
 Fraction of exact exchange:             0.530000000
 Fraction of exact exchange:             0.530000000
 Fraction of exact exchange:             0.530000000
 Fraction of exact exchange:             0.530000000
 Fraction of exact exchange:             0.530000000
 Fraction of exact exchange:             0.530000000
 Fraction of exact exchange:             0.530000000
 Fraction of exact exchange:             0.530000000
 Fraction of exact exchange:             0.530000000
 Fraction of exact exchange:             0.530000000
 Fraction of exact exchange:             0.530000000
 Fraction of exact exchange:             0.530000000
 Fraction of exact exchange:             0.530000000
 Fraction of exact exchange:             0.530000000
 Fraction of exact exchange:             0.530000000
 Fraction of exact exchange:             0.530000000
 Fraction of exact exchange:             0.530000000
 Fraction of exact exchange:             0.530000000
 Fraction of exact exchange:             0.530000000
 Fraction of exact exchange:             0.530000000
 Fraction of exact exchange:             0.530000000
 Fraction of exact exchange:             0.530000000
 Fraction of exact exchange:             0.530000000
 Fraction of exact exchange:             0.530000000
 Fraction of exact exchange:             0.530000000
 Fraction of exact exchange:             0.530000000
 Fraction of exact exchange:             0.530000000
 Fraction of exact exchange:             0.530000000
 Fraction of exact exchange:             0.530000000
 Fraction of exact exchange:             0.530000000
 Fraction of exact exchange:             0.530000000
 Fraction of exact exchange:             0.530000000
 Fraction of exact exchange:             0.530000000
 Fraction of exact exchange:             0.530000000
 Fraction of exact exchange:             0.530000000
 Fraction of exact exchange:             0.530000000
 Fraction of exact exchange:             0.530000000
 Fraction of exact exchange:             0.530000000
 Fraction of exact exchange:             0.530000000
 Fraction of exact exchange:             0.530000000
 Fraction of exact exchange:             0.530000000
 Fraction of exact exchange:             0.530000000
 Fraction of exact exchange:             0.530000000
 Fraction of exact exchange:             0.530000000
 Fraction of exact exchange:             0.530000000
 Fraction of exact exchange:             0.530000000
 Fraction of exact exchange:             0.530000000
 Fraction of exact exchange:             0.530000000
 Fraction of exact exchange:             0.530000000
 Fraction of exact exchange:             0.530000000
 Fraction of exact exchange:             0.530000000
 Fraction of exact exchange:             0.530000000
 Fraction of exact exchange:             0.530000000
 Fraction of exact exchange:             0.530000000
 Fraction of exact exchange:             0.530000000
 Fraction of exact exchange:             0.530000000
 Fraction of exact exchange:             0.530000000
 Fraction of exact exchange:             0.530000000
 Fraction of exact exchange:             0.530000000
 Fraction of exact exchange:             0.530000000
 Fraction of exact exchange:             0.530000000
 Fraction of exact exchange:             0.530000000
 Fraction of exact exchange:             0.530000000
 Fraction of exact exchange:             0.530000000
 Fraction of exact exchange:             0.530000000
 Fraction of exact exchange:             0.530000000
 Fraction of exact exchange:             0.530000000
 Fraction of exact exchange:             0.530000000
 Fraction of exact exchange:             0.530000000
 Fraction of exact exchange:             0.530000000
 Fraction of exact exchange:             0.530000000
 Fraction of exact exchange:             0.530000000
 Fraction of exact exchange:             0.530000000
 Fraction of exact exchange:             0.530000000
 Fraction of exact exchange:             0.530000000
 Fraction of exact exchange:             0.530000000
 Fraction of exact exchange:             0.530000000
 Fraction of exact exchange:             0.530000000
 Fraction of exact exchange:             0.530000000
 Fraction of exact exchange:             0.530000000
 Fraction of exact exchange:             0.530000000
 Fraction of exact exchange:             0.530000000
 Fraction of exact exchange:             0.530000000
 Fraction of exact exchange:             0.530000000
 Fraction of exact exchange:             0.530000000
 Fraction of exact exchange:             0.530000000
 Fraction of exact exchange:             0.530000000
 Fraction of exact exchange:             0.530000000
 Fraction of exact exchange:             0.530000000
 Fraction of exact exchange:             0.530000000
 Fraction of exact exchange:             0.530000000
 Fraction of exact exchange:             0.530000000
 Fraction of exact exchange:             0.530000000
 Fraction of exact exchange:             0.530000000
 Fraction of exact exchange:             0.530000000
 Fraction of exact exchange:             0.530000000
 Fraction of exact exchange:             0.530000000
 Fraction of exact exchange:             0.530000000
 Fraction of exact exchange:             0.530000000
 Fraction of exact exchange:             0.530000000
 Fraction of exact exchange:             0.530000000
 Fraction of exact exchange:             0.530000000
 Fraction of exact exchange:             0.530000000
 Fraction of exact exchange:             0.530000000
 Fraction of exact exchange:             0.530000000
 Fraction of exact exchange:             0.530000000
 Fraction of exact exchange:             0.530000000
 Fraction of exact exchange:             0.530000000
 Fraction of exact exchange:             0.530000000
 Fraction of exact exchange:             0.530000000
 Fraction of exact exchange:             0.530000000
 Fraction of exact exchange:             0.530000000
 Fraction of exact exchange:             0.530000000
 Fraction of exact exchange:             0.530000000
 Fraction of exact exchange:             0.530000000
 Fraction of exact exchange:             0.530000000
 Fraction of exact exchange:             0.530000000
 Fraction of exact exchange:             0.530000000
 Fraction of exact exchange:             0.530000000
 Fraction of exact exchange:             0.530000000
 Fraction of exact exchange:             0.530000000
 Fraction of exact exchange:             0.530000000
 Fraction of exact exchange:             0.530000000
 Fraction of exact exchange:             0.530000000
 Fraction of exact exchange:             0.530000000
 Fraction of exact exchange:             0.530000000
 Fraction of exact exchange:             0.530000000
 Fraction of exact exchange:             0.530000000
 Fraction of exact exchange:             0.530000000
 Fraction of exact exchange:             0.530000000
 Fraction of exact exchange:             0.530000000
 Fraction of exact exchange:             0.530000000
 Fraction of exact exchange:             0.530000000
 Fraction of exact exchange:             0.530000000
 Fraction of exact exchange:             0.530000000
 Fraction of exact exchange:             0.530000000
 Fraction of exact exchange:             0.530000000
 Fraction of exact exchange:             0.530000000
 Fraction of exact exchange:             0.530000000
 Fraction of exact exchange:             0.530000000
 Fraction of exact exchange:             0.530000000
 Fraction of exact exchange:             0.530000000
 Fraction of exact exchange:             0.530000000
 Fraction of exact exchange:             0.530000000
 Fraction of exact exchange:             0.530000000
 Fraction of exact exchange:             0.530000000
 Fraction of exact exchange:             0.530000000
 Fraction of exact exchange:             0.530000000
 Fraction of exact exchange:             0.530000000
 Fraction of exact exchange:             0.530000000
 Fraction of exact exchange:             0.530000000
 Fraction of exact exchange:             0.530000000
 Fraction of exact exchange:             0.530000000
 Fraction of exact exchange:             0.530000000
 Fraction of exact exchange:             0.530000000
 Fraction of exact exchange:             0.530000000
 Fraction of exact exchange:             0.530000000
 Fraction of exact exchange:             0.530000000
 Fraction of exact exchange:             0.530000000
 Fraction of exact exchange:             0.530000000
 Fraction of exact exchange:             0.530000000
 Fraction of exact exchange:             0.530000000
 Fraction of exact exchange:             0.530000000
 Fraction of exact exchange:             0.530000000
 Fraction of exact exchange:             0.530000000
 Fraction of exact exchange:             0.530000000
 Fraction of exact exchange:             0.530000000
 Fraction of exact exchange:             0.530000000
 Fraction of exact exchange:             0.530000000
 Fraction of exact exchange:             0.530000000
 Fraction of exact exchange:             0.530000000
 Fraction of exact exchange:             0.530000000
 Fraction of exact exchange:             0.530000000
 Fraction of exact exchange:             0.530000000
 Fraction of exact exchange:             0.530000000
 Fraction of exact exchange:             0.530000000
 Fraction of exact exchange:             0.530000000
 Fraction of exact exchange:             0.530000000
 Fraction of exact exchange:             0.530000000
 Fraction of exact exchange:             0.530000000
 Fraction of exact exchange:             0.530000000
 Fraction of exact exchange:             0.530000000
 Fraction of exact exchange:             0.530000000
 Fraction of exact exchange:             0.530000000
 Fraction of exact exchange:             0.530000000
 Fraction of exact exchange:             0.530000000
 Fraction of exact exchange:             0.530000000
 Fraction of exact exchange:             0.530000000
 Fraction of exact exchange:             0.530000000
 Fraction of exact exchange:             0.530000000
 Fraction of exact exchange:             0.530000000
 Fraction of exact exchange:             0.530000000
 Fraction of exact exchange:             0.530000000
 Fraction of exact exchange:             0.530000000
 Fraction of exact exchange:             0.530000000
 Fraction of exact exchange:             0.530000000
 Fraction of exact exchange:             0.530000000
 Fraction of exact exchange:             0.530000000
 Fraction of exact exchange:             0.530000000
 Fraction of exact exchange:             0.530000000
 Fraction of exact exchange:             0.530000000
 Fraction of exact exchange:             0.530000000
 Fraction of exact exchange:             0.530000000
 Fraction of exact exchange:             0.530000000
 Fraction of exact exchange:             0.530000000
 Fraction of exact exchange:             0.530000000
 Fraction of exact exchange:             0.530000000
 Fraction of exact exchange:             0.530000000
 Fraction of exact exchange:             0.530000000
 Fraction of exact exchange:             0.530000000
 Fraction of exact exchange:             0.530000000
 Fraction of exact exchange:             0.530000000
 Fraction of exact exchange:             0.530000000
 Fraction of exact exchange:             0.530000000
 Fraction of exact exchange:             0.530000000
 Fraction of exact exchange:             0.530000000
 Fraction of exact exchange:             0.530000000
 Fraction of exact exchange:             0.530000000
 Fraction of exact exchange:             0.530000000
 Fraction of exact exchange:             0.530000000
 Fraction of exact exchange:             0.530000000
 Fraction of exact exchange:             0.530000000
 Fraction of exact exchange:             0.530000000
 Fraction of exact exchange:             0.530000000
 Fraction of exact exchange:             0.530000000
 Fraction of exact exchange:             0.530000000
 Fraction of exact exchange:             0.530000000
 Fraction of exact exchange:             0.530000000
 Fraction of exact exchange:             0.530000000
 Fraction of exact exchange:             0.530000000
 Fraction of exact exchange:             0.530000000
 Fraction of exact exchange:             0.530000000
 Fraction of exact exchange:             0.530000000
 Fraction of exact exchange:             0.530000000
 Fraction of exact exchange:             0.530000000
 Fraction of exact exchange:             0.530000000
 Fraction of exact exchange:             0.530000000
 Fraction of exact exchange:             0.530000000
 Fraction of exact exchange:             0.530000000
 Fraction of exact exchange:             0.530000000
 Fraction of exact exchange:             0.530000000
 Fraction of exact exchange:             0.530000000
 Fraction of exact exchange:             0.530000000
 Fraction of exact exchange:             0.530000000
 Fraction of exact exchange:             0.530000000
 Fraction of exact exchange:             0.530000000
 Fraction of exact exchange:             0.530000000
 Fraction of exact exchange:             0.530000000
 Fraction of exact exchange:             0.530000000
 Fraction of exact exchange:             0.530000000
 Fraction of exact exchange:             0.530000000
 Fraction of exact exchange:             0.530000000
 Fraction of exact exchange:             0.530000000
 Fraction of exact exchange:             0.530000000
 Fraction of exact exchange:             0.530000000
 Fraction of exact exchange:             0.530000000
 Fraction of exact exchange:             0.530000000
 Fraction of exact exchange:             0.530000000
 Fraction of exact exchange:             0.530000000
 Fraction of exact exchange:             0.530000000
 Fraction of exact exchange:             0.530000000
 Fraction of exact exchange:             0.530000000
 Fraction of exact exchange:             0.530000000
 Fraction of exact exchange:             0.530000000
 Fraction of exact exchange:             0.530000000
 Fraction of exact exchange:             0.530000000
 Fraction of exact exchange:             0.530000000
 Fraction of exact exchange:             0.530000000
 Fraction of exact exchange:             0.530000000
 Fraction of exact exchange:             0.530000000
 Fraction of exact exchange:             0.530000000
 Fraction of exact exchange:             0.530000000
 Fraction of exact exchange:             0.530000000
 Fraction of exact exchange:             0.530000000
 Fraction of exact exchange:             0.530000000
 Fraction of exact exchange:             0.530000000
 Fraction of exact exchange:             0.530000000
 Fraction of exact exchange:             0.530000000
 Fraction of exact exchange:             0.530000000
 Fraction of exact exchange:             0.530000000
 Fraction of exact exchange:             0.530000000
 Fraction of exact exchange:             0.530000000
 Fraction of exact exchange:             0.530000000
 Fraction of exact exchange:             0.530000000
 Fraction of exact exchange:             0.530000000
 Fraction of exact exchange:             0.530000000
 Fraction of exact exchange:             0.530000000
 Fraction of exact exchange:             0.530000000
 Fraction of exact exchange:             0.530000000
 Fraction of exact exchange:             0.530000000
 Fraction of exact exchange:             0.530000000
 Fraction of exact exchange:             0.530000000
 Fraction of exact exchange:             0.530000000
 Fraction of exact exchange:             0.530000000
 Fraction of exact exchange:             0.530000000
 Fraction of exact exchange:             0.530000000
 Fraction of exact exchange:             0.530000000
 Fraction of exact exchange:             0.530000000
 Fraction of exact exchange:             0.530000000
 Fraction of exact exchange:             0.530000000
 Fraction of exact exchange:             0.530000000
 Fraction of exact exchange:             0.530000000
 Fraction of exact exchange:             0.530000000
 Fraction of exact exchange:             0.530000000
 Fraction of exact exchange:             0.530000000
 Fraction of exact exchange:             0.530000000
 Fraction of exact exchange:             0.530000000
 Fraction of exact exchange:             0.530000000
 Fraction of exact exchange:             0.530000000
 Fraction of exact exchange:             0.530000000
 Fraction of exact exchange:             0.530000000
 Fraction of exact exchange:             0.530000000
 Fraction of exact exchange:             0.530000000
 Fraction of exact exchange:             0.530000000
 Fraction of exact exchange:             0.530000000
 Fraction of exact exchange:             0.530000000
 Fraction of exact exchange:             0.530000000
 Fraction of exact exchange:             0.530000000
 Fraction of exact exchange:             0.530000000
 Fraction of exact exchange:             0.530000000
 Fraction of exact exchange:             0.530000000
 Fraction of exact exchange:             0.530000000
 Fraction of exact exchange:             0.530000000
 Fraction of exact exchange:             0.530000000
 Fraction of exact exchange:             0.530000000
 Fraction of exact exchange:             0.530000000
 Fraction of exact exchange:             0.530000000
 Fraction of exact exchange:             0.530000000
 Fraction of exact exchange:             0.530000000
 Fraction of exact exchange:             0.530000000
 Fraction of exact exchange:             0.530000000
 Fraction of exact exchange:             0.530000000
 Fraction of exact exchange:             0.530000000
 Fraction of exact exchange:             0.530000000
 Fraction of exact exchange:             0.530000000
 Fraction of exact exchange:             0.530000000
 Fraction of exact exchange:             0.530000000
 Fraction of exact exchange:             0.530000000
 Fraction of exact exchange:             0.530000000
 Fraction of exact exchange:             0.530000000
 Fraction of exact exchange:             0.530000000
 Fraction of exact exchange:             0.530000000
 Fraction of exact exchange:             0.530000000
 Fraction of exact exchange:             0.530000000
 Fraction of exact exchange:             0.530000000
 Fraction of exact exchange:             0.530000000
 Fraction of exact exchange:             0.530000000
 Fraction of exact exchange:             0.530000000
 Fraction of exact exchange:             0.530000000
 Fraction of exact exchange:             0.530000000
 Fraction of exact exchange:             0.530000000
 Fraction of exact exchange:             0.530000000
 Fraction of exact exchange:             0.530000000
 Fraction of exact exchange:             0.530000000
 Fraction of exact exchange:             0.530000000
 Fraction of exact exchange:             0.530000000
 Fraction of exact exchange:             0.530000000
 Fraction of exact exchange:             0.530000000
 Fraction of exact exchange:             0.530000000
 Fraction of exact exchange:             0.530000000
 Fraction of exact exchange:             0.530000000
 Fraction of exact exchange:             0.530000000
 Fraction of exact exchange:             0.530000000
 Fraction of exact exchange:             0.530000000
 Fraction of exact exchange:             0.530000000
 Fraction of exact exchange:             0.530000000
 Fraction of exact exchange:             0.530000000
 Fraction of exact exchange:             0.530000000
 Fraction of exact exchange:             0.530000000
 Fraction of exact exchange:             0.530000000
 Fraction of exact exchange:             0.530000000
 Fraction of exact exchange:             0.530000000
 Fraction of exact exchange:             0.530000000
 Fraction of exact exchange:             0.530000000
 Fraction of exact exchange:             0.530000000
 Fraction of exact exchange:             0.530000000
 Fraction of exact exchange:             0.530000000
 Fraction of exact exchange:             0.530000000
 Fraction of exact exchange:             0.530000000
 Fraction of exact exchange:             0.530000000
 Fraction of exact exchange:             0.530000000
 Fraction of exact exchange:             0.530000000
 Fraction of exact exchange:             0.530000000
 Fraction of exact exchange:             0.530000000
 Fraction of exact exchange:             0.530000000
 Fraction of exact exchange:             0.530000000
 Fraction of exact exchange:             0.530000000
 Fraction of exact exchange:             0.530000000
 Fraction of exact exchange:             0.530000000

 Frequencies (including translational and rotational modes):
 mode    frequency (cm-1)
    0               16.10 i (imaginary)
    1                8.80 i (imaginary)
    2                0.83 i (imaginary)
    3                3.92
    4                5.36
    5               29.23
    6             1352.00
    7             1352.38
    8             1352.41
    9             1575.27
   10             1575.50
   11             3050.52
   12             3163.39
   13             3163.51
   14             3163.63

 Project out translational and rotational motions 

 Degrees of freedom for translational and rotational motions: 6

 Vibrational frequencies:
 mode    frequency (cm-1)
    0             1352.00
    1             1352.38
    2             1352.41
    3             1575.27
    4             1575.50
    5             3050.52
    6             3163.39
    7             3163.51
    8             3163.63

 --------------------------------------------------------------------------------

 End time:                               Tue Apr 20 11:17:46 2021
 Total wall-clock time:                306.701 seconds
==================================================================================
