
================================================================================
          _____________ ________ _______________ ________     _________         
         / ___________// ______ \\_____   _____// ______ \   / ________)        
        / /_________  / /      \ \     | |     / /      \ \ | (_______          
       |  __________|| |        | |    | |    | |        | | \________ \        
        \ \_________ | |        | |    | |     \ \______/ /___________) |       
         \__________||_|        |_|    |_|      \________//____________/        
                                                                                
====================================[ Qcore ]===================================

 Git hash:   15a3e7daff0cda5fa9af010ccd19a80288182ecf
 Git date:   Fri, 16 Apr 2021 15:57:16 +0100
 Compiler:   GNU 9.1.0
 Build type: Release
 Version:    1.1.0

 Start time: Tue Apr 20 11:33:25 2021

 Data directory: /work/zw18965/.local/qcore/share/entos/1.1.0/data
 Number of threads: 24
 Number of threads was determined by: command line argument

 --------------------------------------------------------------------------------
                                command: optimize                                
 --------------------------------------------------------------------------------
 Using coordinate system:                tric
 Hessian update scheme:                  bfgs

 ------------------------------------------------------------------------------------------------------------
                   energy      change    grad rms    grad max    step rms    step max       trust    time (s)
 ------------------------------------------------------------------------------------------------------------
   1      -437.349569759                2.17e-03    4.24e-03                            2.00e-01       11.69
   2      -437.349712336   -1.43e-04    1.07e-03    2.38e-03    1.41e-02    2.28e-02    2.00e-01        9.71
   3      -437.349750454   -3.81e-05    3.70e-04    1.00e-03    1.16e-02    1.97e-02    2.00e-01        9.69
   4      -437.349751118   -6.63e-07    1.97e-04    5.15e-04    4.78e-04    9.78e-04    2.00e-01        9.58
   5      -437.349751380   -2.62e-07    3.45e-06    5.49e-06    4.14e-04    1.08e-03    2.00e-01        9.64
 Geometry optimization stopped:          thresholds achieved

 Final energy:                        -437.349751380

 -----------
  Final XYZ 
 -----------
4
Final structure: -437.35 hartree
C           -0.114335093          0.008981299          0.001615413
S            1.488432900         -0.118423910         -0.014967201
H           -0.661193782          0.272987679          0.901146689
H           -0.714357764         -0.163852477         -0.886094406

 Structure in entos input format:

  structure(
    xyz = [
      ['C'  ,         -0.114335093,          0.008981299,          0.001615413],
      ['S'  ,          1.488432900,         -0.118423910,         -0.014967201],
      ['H'  ,         -0.661193782,          0.272987679,          0.901146689],
      ['H'  ,         -0.714357764,         -0.163852477,         -0.886094406]
    ]
  )

 --------------------------------
  Geometry optimization finished 
 --------------------------------
 Saving results in set 'opt'

 --------------------------------------------------------------------------------
                                 command: hessian                                
 --------------------------------------------------------------------------------

WARNING: numerical method is specified for dft hessian, which is not efficient. Try switching to 'method = analytic'


 -------------------------------
  Numerical Geometrical Hessian 
 -------------------------------

 Compute hessian using two-point central differentiation.
 Step size (bohr):                       0.0100

 Frequencies (including translational and rotational modes):
 mode    frequency (cm-1)
    0               16.23 i (imaginary)
    1               12.78 i (imaginary)
    2                1.01 i (imaginary)
    3                2.54
    4                8.73
    5               13.58
    6             1009.21
    7             1029.98
    8             1084.10
    9             1502.05
   10             3086.71
   11             3173.10

 Project out translational and rotational motions 

 Degrees of freedom for translational and rotational motions: 6

 Vibrational frequencies:
 mode    frequency (cm-1)
    0             1009.21
    1             1029.98
    2             1084.10
    3             1502.05
    4             3086.71
    5             3173.10

 --------------------------------------------------------------------------------

 End time:                               Tue Apr 20 11:38:54 2021
 Total wall-clock time:                329.646 seconds
==================================================================================
