
================================================================================
          _____________ ________ _______________ ________     _________         
         / ___________// ______ \\_____   _____// ______ \   / ________)        
        / /_________  / /      \ \     | |     / /      \ \ | (_______          
       |  __________|| |        | |    | |    | |        | | \________ \        
        \ \_________ | |        | |    | |     \ \______/ /___________) |       
         \__________||_|        |_|    |_|      \________//____________/        
                                                                                
====================================[ Qcore ]===================================

 Git hash:   15a3e7daff0cda5fa9af010ccd19a80288182ecf
 Git date:   Fri, 16 Apr 2021 15:57:16 +0100
 Compiler:   GNU 9.1.0
 Build type: Release
 Version:    1.1.0

 Start time: Tue Apr 20 11:34:32 2021

 Data directory: /work/zw18965/.local/qcore/share/entos/1.1.0/data
 Number of threads: 24
 Number of threads was determined by: command line argument
  - More threads can be used by running 'qcore -n 32'

 --------------------------------------------------------------------------------
                                command: optimize                                
 --------------------------------------------------------------------------------
 Using coordinate system:                tric
 Hessian update scheme:                  bfgs

 ------------------------------------------------------------------------------------------------------------
                   energy      change    grad rms    grad max    step rms    step max       trust    time (s)
 ------------------------------------------------------------------------------------------------------------
   1      -343.036317462                5.03e-03    8.64e-03                            2.00e-01        6.81
   2      -343.036873471   -5.56e-04    2.32e-03    6.77e-03    6.97e-02    5.06e-02    2.00e-01        6.20
   3      -343.036983395   -1.10e-04    6.29e-04    1.67e-03    1.77e-02    1.76e-02    2.00e-01        6.29
   4      -343.036989122   -5.73e-06    3.64e-05    7.14e-05    2.77e-03    3.57e-03    2.00e-01        6.21
   5      -343.036989158   -3.54e-08    3.37e-06    6.48e-06    2.58e-04    2.83e-04    2.00e-01        6.17
 Geometry optimization stopped:          thresholds achieved

 Final energy:                        -343.036989158

 -----------
  Final XYZ 
 -----------
4
Final structure: -343.037 hartree
P           -0.005422928         -0.001250238          0.570759235
H           -0.657302448         -0.989743120         -0.198806245
H           -0.526077111          1.066368293         -0.193032826
H            1.188938907         -0.075408120         -0.179123972

 Structure in entos input format:

  structure(
    xyz = [
      ['P'  ,         -0.005422928,         -0.001250238,          0.570759235],
      ['H'  ,         -0.657302448,         -0.989743120,         -0.198806245],
      ['H'  ,         -0.526077111,          1.066368293,         -0.193032826],
      ['H'  ,          1.188938907,         -0.075408120,         -0.179123972]
    ]
  )

 --------------------------------
  Geometry optimization finished 
 --------------------------------
 Saving results in set 'opt'

 --------------------------------------------------------------------------------
                                 command: hessian                                
 --------------------------------------------------------------------------------

WARNING: numerical method is specified for dft hessian, which is not efficient. Try switching to 'method = analytic'


 -------------------------------
  Numerical Geometrical Hessian 
 -------------------------------

 Compute hessian using two-point central differentiation.
 Step size (bohr):                       0.0100

 Frequencies (including translational and rotational modes):
 mode    frequency (cm-1)
    0               33.44 i (imaginary)
    1                1.24
    2                2.00
    3                2.41
    4               17.40
    5               32.68
    6             1023.48
    7             1152.69
    8             1153.82
    9             2432.35
   10             2439.15
   11             2439.38

 Project out translational and rotational motions 

 Degrees of freedom for translational and rotational motions: 6

 Vibrational frequencies:
 mode    frequency (cm-1)
    0             1023.48
    1             1152.69
    2             1153.82
    3             2432.35
    4             2439.15
    5             2439.38

 --------------------------------------------------------------------------------

 End time:                               Tue Apr 20 11:37:57 2021
 Total wall-clock time:                205.088 seconds
==================================================================================
