
================================================================================
          _____________ ________ _______________ ________     _________         
         / ___________// ______ \\_____   _____// ______ \   / ________)        
        / /_________  / /      \ \     | |     / /      \ \ | (_______          
       |  __________|| |        | |    | |    | |        | | \________ \        
        \ \_________ | |        | |    | |     \ \______/ /___________) |       
         \__________||_|        |_|    |_|      \________//____________/        
                                                                                
====================================[ Qcore ]===================================

 Git hash:   15a3e7daff0cda5fa9af010ccd19a80288182ecf
 Git date:   Fri, 16 Apr 2021 15:57:16 +0100
 Compiler:   GNU 9.1.0
 Build type: Release
 Version:    1.1.0

 Start time: Fri Apr 23 09:53:21 2021

 Data directory: /work/zw18965/.local/qcore/share/entos/1.1.0/data
 Number of threads: 24
 Number of threads was determined by: command line argument
  - More threads can be used by running 'qcore -n 32'

 --------------------------------------------------------------------------------
                                command: optimize                                
 --------------------------------------------------------------------------------
 Using coordinate system:                tric
 Hessian update scheme:                  bfgs

 ------------------------------------------------------------------------------------------------------------
                   energy      change    grad rms    grad max    step rms    step max       trust    time (s)
 ------------------------------------------------------------------------------------------------------------
   1      -958.181358240                1.61e-02    3.91e-02                            2.00e-01        7.11
   2      -958.185415896   -4.06e-03    9.51e-03    1.96e-02    1.15e-01    1.29e-01    2.00e-01        5.38
   3      -958.186124588   -7.09e-04    5.23e-03    8.66e-03    3.00e-02    3.49e-02    2.00e-01        5.25
   4      -958.186441863   -3.17e-04    1.10e-03    2.15e-03    1.95e-02    3.01e-02    2.00e-01        5.33
   5      -958.186463501   -2.16e-05    7.95e-05    1.73e-04    7.64e-03    7.24e-03    2.00e-01        5.29
   6      -958.186463745   -2.45e-07    9.79e-06    2.55e-05    8.95e-04    7.27e-04    2.00e-01        5.19
 Geometry optimization stopped:          thresholds achieved

 Final energy:                        -958.186463745

 -----------
  Final XYZ 
 -----------
3
Final structure: -958.186 hartree
C           -0.000000709         -0.033187345         -0.002719955
Cl          -0.000000032          1.011581897         -1.364609695
Cl          -0.000000328          0.901860381          1.436767295

 Structure in entos input format:

  structure(
    xyz = [
      ['C'  ,         -0.000000709,         -0.033187345,         -0.002719955],
      ['Cl' ,         -0.000000032,          1.011581897,         -1.364609695],
      ['Cl' ,         -0.000000328,          0.901860381,          1.436767295]
    ]
  )

 --------------------------------
  Geometry optimization finished 
 --------------------------------
 Saving results in set 'opt'

 --------------------------------------------------------------------------------
                                 command: hessian                                
 --------------------------------------------------------------------------------

WARNING: numerical method is specified for dft hessian, which is not efficient. Try switching to 'method = analytic'


 -------------------------------
  Numerical Geometrical Hessian 
 -------------------------------

 Compute hessian using two-point central differentiation.
 Step size (bohr):                       0.0100

 Frequencies (including translational and rotational modes):
 mode    frequency (cm-1)
    0                4.76 i (imaginary)
    1                1.92
    2                5.05
    3                9.68
    4                9.94
    5               26.64
    6              337.13
    7              724.07
    8              758.70

 Project out translational and rotational motions 

 Degrees of freedom for translational and rotational motions: 6

 Vibrational frequencies:
 mode    frequency (cm-1)
    0              337.13
    1              724.07
    2              758.70

 --------------------------------------------------------------------------------

 End time:                               Fri Apr 23 09:55:45 2021
 Total wall-clock time:                143.817 seconds
==================================================================================
