
================================================================================
          _____________ ________ _______________ ________     _________         
         / ___________// ______ \\_____   _____// ______ \   / ________)        
        / /_________  / /      \ \     | |     / /      \ \ | (_______          
       |  __________|| |        | |    | |    | |        | | \________ \        
        \ \_________ | |        | |    | |     \ \______/ /___________) |       
         \__________||_|        |_|    |_|      \________//____________/        
                                                                                
====================================[ Qcore ]===================================

 Git hash:   15a3e7daff0cda5fa9af010ccd19a80288182ecf
 Git date:   Fri, 16 Apr 2021 15:57:16 +0100
 Compiler:   GNU 9.1.0
 Build type: Release
 Version:    1.1.0

 Start time: Fri Apr 23 09:52:58 2021

 Data directory: /work/zw18965/.local/qcore/share/entos/1.1.0/data
 Number of threads: 24
 Number of threads was determined by: command line argument
  - More threads can be used by running 'qcore -n 32'

 --------------------------------------------------------------------------------
                                command: optimize                                
 --------------------------------------------------------------------------------
 Using coordinate system:                tric
 Hessian update scheme:                  bfgs

 ------------------------------------------------------------------------------------------------------------
                   energy      change    grad rms    grad max    step rms    step max       trust    time (s)
 ------------------------------------------------------------------------------------------------------------
   1      -237.695142347                3.39e-03    8.31e-03                            2.00e-01        4.76
   2      -237.695225091   -8.27e-05    1.38e-03    2.75e-03    1.16e-02    1.63e-02    2.00e-01        3.10
   3      -237.695234174   -9.08e-06    4.50e-04    7.85e-04    1.92e-03    3.10e-03    2.00e-01        3.13
   4      -237.695235405   -1.23e-06    6.14e-06    1.33e-05    1.07e-03    1.54e-03    2.00e-01        3.11
Rejecting step due to low quality: Quality: -4.35463 New trust radius: 1.35743e-05
   5      -237.695235403    1.97e-09    6.14e-06    1.33e-05    2.71e-05    3.34e-05    1.36e-05        3.05
 Geometry optimization stopped:          thresholds achieved

 Final energy:                        -237.695235403

 -----------
  Final XYZ 
 -----------
3
Final structure: -237.695 hartree
C            0.000000021          0.137639279          0.000038075
F            0.000000937          0.931258320         -1.030690887
F           -0.000001055          0.931082260          1.030903275

 Structure in entos input format:

  structure(
    xyz = [
      ['C'  ,          0.000000021,          0.137639279,          0.000038075],
      ['F'  ,          0.000000937,          0.931258320,         -1.030690887],
      ['F'  ,         -0.000001055,          0.931082260,          1.030903275]
    ]
  )

 --------------------------------
  Geometry optimization finished 
 --------------------------------
 Saving results in set 'opt'

 --------------------------------------------------------------------------------
                                 command: hessian                                
 --------------------------------------------------------------------------------

WARNING: numerical method is specified for dft hessian, which is not efficient. Try switching to 'method = analytic'


 -------------------------------
  Numerical Geometrical Hessian 
 -------------------------------

 Compute hessian using two-point central differentiation.
 Step size (bohr):                       0.0100

 Frequencies (including translational and rotational modes):
 mode    frequency (cm-1)
    0                2.00
    1                2.89
    2                3.75
    3               30.05
    4               36.55
    5               74.18
    6              673.78
    7             1117.48
    8             1233.56

 Project out translational and rotational motions 

 Degrees of freedom for translational and rotational motions: 6

 Vibrational frequencies:
 mode    frequency (cm-1)
    0              673.78
    1             1117.47
    2             1233.56

 --------------------------------------------------------------------------------

 End time:                               Fri Apr 23 09:54:22 2021
 Total wall-clock time:                 83.994 seconds
==================================================================================
