
================================================================================
          _____________ ________ _______________ ________     _________         
         / ___________// ______ \\_____   _____// ______ \   / ________)        
        / /_________  / /      \ \     | |     / /      \ \ | (_______          
       |  __________|| |        | |    | |    | |        | | \________ \        
        \ \_________ | |        | |    | |     \ \______/ /___________) |       
         \__________||_|        |_|    |_|      \________//____________/        
                                                                                
====================================[ Qcore ]===================================

 Git hash:   15a3e7daff0cda5fa9af010ccd19a80288182ecf
 Git date:   Fri, 16 Apr 2021 15:57:16 +0100
 Compiler:   GNU 9.1.0
 Build type: Release
 Version:    1.1.0

 Start time: Fri Apr 23 09:54:24 2021

 Data directory: /work/zw18965/.local/qcore/share/entos/1.1.0/data
 Number of threads: 24
 Number of threads was determined by: command line argument
  - More threads can be used by running 'qcore -n 32'

 --------------------------------------------------------------------------------
                                command: optimize                                
 --------------------------------------------------------------------------------
 Using coordinate system:                tric
 Hessian update scheme:                  bfgs

 ------------------------------------------------------------------------------------------------------------
                   energy      change    grad rms    grad max    step rms    step max       trust    time (s)
 ------------------------------------------------------------------------------------------------------------
   1      -199.512911759                8.77e-03    1.52e-02                            2.00e-01        1.13
Rejecting step due to low quality: Quality: -3.93703 New trust radius: 0.1
   2      -199.496866264    1.60e-02    8.77e-03    1.52e-02    2.00e-01    2.00e-01    1.00e-01        1.00
Rejecting step due to low quality: Quality: -1.47478 New trust radius: 0.05
   3      -199.509169100    3.74e-03    8.77e-03    1.52e-02    1.00e-01    1.00e-01    5.00e-02        0.97
   4      -199.512548154    3.64e-04    1.18e-02    2.05e-02    5.00e-02    5.00e-02    2.50e-02        0.95
   5      -199.513174727   -6.27e-04    2.39e-03    4.14e-03    2.50e-02    2.50e-02    3.54e-02        0.96
   6      -199.513198207   -2.35e-05    2.67e-04    4.63e-04    6.34e-03    6.34e-03    3.54e-02        0.92
   7      -199.513198494   -2.87e-07    5.04e-06    9.16e-06    6.37e-04    6.45e-04    3.54e-02        0.94
 Geometry optimization stopped:          thresholds achieved

 Final energy:                        -199.513198494

 -----------
  Final XYZ 
 -----------
2
Final structure: -199.513 hartree
F            0.000000303         -0.000000074         -0.699979586
F           -0.000000185          0.000000124          0.699969888

 Structure in entos input format:

  structure(
    xyz = [
      ['F'  ,          0.000000303,         -0.000000074,         -0.699979586],
      ['F'  ,         -0.000000185,          0.000000124,          0.699969888]
    ]
  )

 --------------------------------
  Geometry optimization finished 
 --------------------------------
 Saving results in set 'opt'

 --------------------------------------------------------------------------------
                                 command: hessian                                
 --------------------------------------------------------------------------------

WARNING: numerical method is specified for dft hessian, which is not efficient. Try switching to 'method = analytic'


 -------------------------------
  Numerical Geometrical Hessian 
 -------------------------------

 Compute hessian using two-point central differentiation.
 Step size (bohr):                       0.0100

 Frequencies (including translational and rotational modes):
 mode    frequency (cm-1)
    0               10.98 i (imaginary)
    1               10.96 i (imaginary)
    2                2.53 i (imaginary)
    3                0.46 i (imaginary)
    4                0.23
    5             1013.29

 Project out translational and rotational motions 

 The molecule is linear

 Degrees of freedom for translational and rotational motions: 5

 Vibrational frequencies:
 mode    frequency (cm-1)
    0             1013.29

 --------------------------------------------------------------------------------

 End time:                               Fri Apr 23 09:54:45 2021
 Total wall-clock time:                 20.367 seconds
==================================================================================
