
================================================================================
          _____________ ________ _______________ ________     _________         
         / ___________// ______ \\_____   _____// ______ \   / ________)        
        / /_________  / /      \ \     | |     / /      \ \ | (_______          
       |  __________|| |        | |    | |    | |        | | \________ \        
        \ \_________ | |        | |    | |     \ \______/ /___________) |       
         \__________||_|        |_|    |_|      \________//____________/        
                                                                                
====================================[ Qcore ]===================================

 Git hash:   15a3e7daff0cda5fa9af010ccd19a80288182ecf
 Git date:   Fri, 16 Apr 2021 15:57:16 +0100
 Compiler:   GNU 9.1.0
 Build type: Release
 Version:    1.1.0

 Start time: Fri Apr 23 09:58:59 2021

 Data directory: /work/zw18965/.local/qcore/share/entos/1.1.0/data
 Number of threads: 24
 Number of threads was determined by: command line argument

 --------------------------------------------------------------------------------
                                command: optimize                                
 --------------------------------------------------------------------------------
 Using coordinate system:                tric
 Hessian update scheme:                  bfgs

 ------------------------------------------------------------------------------------------------------------
                   energy      change    grad rms    grad max    step rms    step max       trust    time (s)
 ------------------------------------------------------------------------------------------------------------
   1      -460.706109261                4.06e-03    7.03e-03                            2.00e-01        1.44
   2      -460.706166862   -5.76e-05    1.77e-03    3.07e-03    5.72e-03    1.14e-02    2.00e-01        1.09
   3      -460.706180767   -1.39e-05    5.16e-05    8.95e-05    4.42e-03    8.84e-03    2.00e-01        1.10
   4      -460.706180779   -1.17e-08    7.65e-07    1.33e-06    1.33e-04    2.65e-04    2.00e-01        1.08
 Geometry optimization stopped:          thresholds achieved

 Final energy:                        -460.706180779

 -----------
  Final XYZ 
 -----------
2
Final structure: -460.706 hartree
Cl           0.638030520          0.000000148          0.000000707
H           -0.637958749          0.000000037         -0.000000668

 Structure in entos input format:

  structure(
    xyz = [
      ['Cl' ,          0.638030520,          0.000000148,          0.000000707],
      ['H'  ,         -0.637958749,          0.000000037,         -0.000000668]
    ]
  )

 --------------------------------
  Geometry optimization finished 
 --------------------------------
 Saving results in set 'opt'

 --------------------------------------------------------------------------------
                                 command: hessian                                
 --------------------------------------------------------------------------------

WARNING: numerical method is specified for dft hessian, which is not efficient. Try switching to 'method = analytic'


 -------------------------------
  Numerical Geometrical Hessian 
 -------------------------------

 Compute hessian using two-point central differentiation.
 Step size (bohr):                       0.0100

 Frequencies (including translational and rotational modes):
 mode    frequency (cm-1)
    0                3.07 i (imaginary)
    1                0.34
    2                0.54
    3               12.91
    4               13.18
    5             2992.87

 Project out translational and rotational motions 

 The molecule is linear

 Degrees of freedom for translational and rotational motions: 5

 Vibrational frequencies:
 mode    frequency (cm-1)
    0             2992.87

 --------------------------------------------------------------------------------

 End time:                               Fri Apr 23 09:59:19 2021
 Total wall-clock time:                 19.291 seconds
==================================================================================
