
================================================================================
          _____________ ________ _______________ ________     _________         
         / ___________// ______ \\_____   _____// ______ \   / ________)        
        / /_________  / /      \ \     | |     / /      \ \ | (_______          
       |  __________|| |        | |    | |    | |        | | \________ \        
        \ \_________ | |        | |    | |     \ \______/ /___________) |       
         \__________||_|        |_|    |_|      \________//____________/        
                                                                                
====================================[ Qcore ]===================================

 Git hash:   15a3e7daff0cda5fa9af010ccd19a80288182ecf
 Git date:   Fri, 16 Apr 2021 15:57:16 +0100
 Compiler:   GNU 9.1.0
 Build type: Release
 Version:    1.1.0

 Start time: Fri Apr 23 09:56:24 2021

 Data directory: /work/zw18965/.local/qcore/share/entos/1.1.0/data
 Number of threads: 24
 Number of threads was determined by: command line argument
  - More threads can be used by running 'qcore -n 32'

 --------------------------------------------------------------------------------
                                command: optimize                                
 --------------------------------------------------------------------------------
 Using coordinate system:                tric
 Hessian update scheme:                  bfgs

 ------------------------------------------------------------------------------------------------------------
                   energy      change    grad rms    grad max    step rms    step max       trust    time (s)
 ------------------------------------------------------------------------------------------------------------
   1      -109.514185903                1.18e-03    2.04e-03                            2.00e-01        1.18
   2      -109.514187324   -1.42e-06    6.69e-05    1.16e-04    7.40e-04    1.48e-03    2.00e-01        0.97
   3      -109.514187335   -1.15e-08    8.40e-07    2.03e-06    3.98e-05    7.97e-05    2.00e-01        1.00
 Geometry optimization stopped:          thresholds achieved

 Final energy:                        -109.514187335

 -----------
  Final XYZ 
 -----------
2
Final structure: -109.514 hartree
N            0.548903515         -0.000000026          0.000000017
N           -0.548894342          0.000000059          0.000000019

 Structure in entos input format:

  structure(
    xyz = [
      ['N'  ,          0.548903515,         -0.000000026,          0.000000017],
      ['N'  ,         -0.548894342,          0.000000059,          0.000000019]
    ]
  )

 --------------------------------
  Geometry optimization finished 
 --------------------------------
 Saving results in set 'opt'

 --------------------------------------------------------------------------------
                                 command: hessian                                
 --------------------------------------------------------------------------------

WARNING: numerical method is specified for dft hessian, which is not efficient. Try switching to 'method = analytic'


 -------------------------------
  Numerical Geometrical Hessian 
 -------------------------------

 Compute hessian using two-point central differentiation.
 Step size (bohr):                       0.0100

 Frequencies (including translational and rotational modes):
 mode    frequency (cm-1)
    0                0.42 i (imaginary)
    1                0.38 i (imaginary)
    2                2.46
    3               15.31
    4               15.33
    5             2346.76

 Project out translational and rotational motions 

 The molecule is linear

 Degrees of freedom for translational and rotational motions: 5

 Vibrational frequencies:
 mode    frequency (cm-1)
    0             2346.76

 --------------------------------------------------------------------------------

 End time:                               Fri Apr 23 09:56:41 2021
 Total wall-clock time:                 17.657 seconds
==================================================================================
