
================================================================================
          _____________ ________ _______________ ________     _________         
         / ___________// ______ \\_____   _____// ______ \   / ________)        
        / /_________  / /      \ \     | |     / /      \ \ | (_______          
       |  __________|| |        | |    | |    | |        | | \________ \        
        \ \_________ | |        | |    | |     \ \______/ /___________) |       
         \__________||_|        |_|    |_|      \________//____________/        
                                                                                
====================================[ Qcore ]===================================

 Git hash:   15a3e7daff0cda5fa9af010ccd19a80288182ecf
 Git date:   Fri, 16 Apr 2021 15:57:16 +0100
 Compiler:   GNU 9.1.0
 Build type: Release
 Version:    1.1.0

 Start time: Fri Apr 23 09:56:53 2021

 Data directory: /work/zw18965/.local/qcore/share/entos/1.1.0/data
 Number of threads: 24
 Number of threads was determined by: command line argument
  - More threads can be used by running 'qcore -n 32'

 --------------------------------------------------------------------------------
                                command: optimize                                
 --------------------------------------------------------------------------------
 Using coordinate system:                tric
 Hessian update scheme:                  bfgs

 ------------------------------------------------------------------------------------------------------------
                   energy      change    grad rms    grad max    step rms    step max       trust    time (s)
 ------------------------------------------------------------------------------------------------------------
   1      -548.532419664                1.32e-03    2.47e-03                            2.00e-01        4.71
   2      -548.532427835   -8.17e-06    7.17e-04    1.40e-03    1.82e-03    1.74e-03    2.00e-01        4.20
   3      -548.532431977   -4.14e-06    1.30e-04    3.22e-04    2.60e-03    2.27e-03    2.00e-01        4.21
   4      -548.532432060   -8.27e-08    1.06e-04    2.60e-04    2.13e-04    2.86e-04    2.00e-01        4.21
 Geometry optimization stopped:          thresholds achieved

 Final energy:                        -548.532432060

 -----------
  Final XYZ 
 -----------
3
Final structure: -548.532 hartree
S           -0.001133504          0.484745780          0.000000690
O            1.243026431         -0.240929827          0.000002501
O           -1.241729406         -0.247009813         -0.000000524

 Structure in entos input format:

  structure(
    xyz = [
      ['S'  ,         -0.001133504,          0.484745780,          0.000000690],
      ['O'  ,          1.243026431,         -0.240929827,          0.000002501],
      ['O'  ,         -1.241729406,         -0.247009813,         -0.000000524]
    ]
  )

 --------------------------------
  Geometry optimization finished 
 --------------------------------
 Saving results in set 'opt'

 --------------------------------------------------------------------------------
                                 command: hessian                                
 --------------------------------------------------------------------------------

WARNING: numerical method is specified for dft hessian, which is not efficient. Try switching to 'method = analytic'


 -------------------------------
  Numerical Geometrical Hessian 
 -------------------------------

 Compute hessian using two-point central differentiation.
 Step size (bohr):                       0.0100

 Frequencies (including translational and rotational modes):
 mode    frequency (cm-1)
    0               22.70 i (imaginary)
    1               15.27 i (imaginary)
    2                1.18 i (imaginary)
    3                2.72
    4               29.62
    5               48.33
    6              514.82
    7             1142.12
    8             1351.87

 Project out translational and rotational motions 

 Degrees of freedom for translational and rotational motions: 6

 Vibrational frequencies:
 mode    frequency (cm-1)
    0              514.82
    1             1142.12
    2             1351.87

 --------------------------------------------------------------------------------

 End time:                               Fri Apr 23 09:58:40 2021
 Total wall-clock time:                107.508 seconds
==================================================================================
