
================================================================================
          _____________ ________ _______________ ________     _________         
         / ___________// ______ \\_____   _____// ______ \   / ________)        
        / /_________  / /      \ \     | |     / /      \ \ | (_______          
       |  __________|| |        | |    | |    | |        | | \________ \        
        \ \_________ | |        | |    | |     \ \______/ /___________) |       
         \__________||_|        |_|    |_|      \________//____________/        
                                                                                
====================================[ Qcore ]===================================

 Git hash:   15a3e7daff0cda5fa9af010ccd19a80288182ecf
 Git date:   Fri, 16 Apr 2021 15:57:16 +0100
 Compiler:   GNU 9.1.0
 Build type: Release
 Version:    1.1.0

 Start time: Fri Apr 23 09:57:35 2021

 Data directory: /work/zw18965/.local/qcore/share/entos/1.1.0/data
 Number of threads: 24
 Number of threads was determined by: command line argument
  - More threads can be used by running 'qcore -n 32'

 --------------------------------------------------------------------------------
                                command: optimize                                
 --------------------------------------------------------------------------------
 Using coordinate system:                tric
 Hessian update scheme:                  bfgs

 ------------------------------------------------------------------------------------------------------------
                   energy      change    grad rms    grad max    step rms    step max       trust    time (s)
 ------------------------------------------------------------------------------------------------------------
   1      -115.697633970                4.32e-03    9.66e-03                            2.00e-01       11.88
   2      -115.697906892   -2.73e-04    1.58e-03    4.31e-03    1.59e-02    1.36e-02    2.00e-01       11.27
   3      -115.697939039   -3.21e-05    5.77e-04    1.75e-03    5.32e-03    8.03e-03    2.00e-01       11.45
   4      -115.697944684   -5.64e-06    2.29e-04    4.95e-04    2.79e-03    3.59e-03    2.00e-01       11.37
   5      -115.697945743   -1.06e-06    4.38e-05    8.37e-05    1.20e-03    1.70e-03    2.00e-01       11.28
   6      -115.697945791   -4.81e-08    7.29e-06    1.69e-05    1.95e-04    3.98e-04    2.00e-01       11.25
 Geometry optimization stopped:          thresholds achieved

 Final energy:                        -115.697945791

 -----------
  Final XYZ 
 -----------
6
Final structure: -115.698 hartree
C           -0.361798469         -0.039852785         -0.015662330
O            0.999397113         -0.345748440         -0.276516647
H           -0.527953577          1.032760579          0.097129150
H           -0.618317100         -0.525747908          0.920353498
H           -1.025305255         -0.420762276         -0.793792974
H            1.252905574          0.072170132         -1.100324647

 Structure in entos input format:

  structure(
    xyz = [
      ['C'  ,         -0.361798469,         -0.039852785,         -0.015662330],
      ['O'  ,          0.999397113,         -0.345748440,         -0.276516647],
      ['H'  ,         -0.527953577,          1.032760579,          0.097129150],
      ['H'  ,         -0.618317100,         -0.525747908,          0.920353498],
      ['H'  ,         -1.025305255,         -0.420762276,         -0.793792974],
      ['H'  ,          1.252905574,          0.072170132,         -1.100324647]
    ]
  )

 --------------------------------
  Geometry optimization finished 
 --------------------------------
 Saving results in set 'opt'

 --------------------------------------------------------------------------------
                                 command: hessian                                
 --------------------------------------------------------------------------------

WARNING: numerical method is specified for dft hessian, which is not efficient. Try switching to 'method = analytic'


 -------------------------------
  Numerical Geometrical Hessian 
 -------------------------------

 Compute hessian using two-point central differentiation.
 Step size (bohr):                       0.0100

 Frequencies (including translational and rotational modes):
 mode    frequency (cm-1)
    0               31.25 i (imaginary)
    1                9.38 i (imaginary)
    2                6.68 i (imaginary)
    3                1.83
    4                3.91
    5                8.09
    6              293.60
    7             1055.02
    8             1089.14
    9             1183.78
   10             1380.78
   11             1493.77
   12             1513.64
   13             1526.96
   14             3024.09
   15             3076.99
   16             3143.48
   17             3861.50

 Project out translational and rotational motions 

 Degrees of freedom for translational and rotational motions: 6

 Vibrational frequencies:
 mode    frequency (cm-1)
    0              293.58
    1             1055.02
    2             1089.14
    3             1183.78
    4             1380.78
    5             1493.77
    6             1513.64
    7             1526.96
    8             3024.09
    9             3076.99
   10             3143.48
   11             3861.50

 --------------------------------------------------------------------------------

 End time:                               Fri Apr 23 10:06:38 2021
 Total wall-clock time:                543.662 seconds
==================================================================================
