
================================================================================
          _____________ ________ _______________ ________     _________         
         / ___________// ______ \\_____   _____// ______ \   / ________)        
        / /_________  / /      \ \     | |     / /      \ \ | (_______          
       |  __________|| |        | |    | |    | |        | | \________ \        
        \ \_________ | |        | |    | |     \ \______/ /___________) |       
         \__________||_|        |_|    |_|      \________//____________/        
                                                                                
====================================[ Qcore ]===================================

 Git hash:   15a3e7daff0cda5fa9af010ccd19a80288182ecf
 Git date:   Fri, 16 Apr 2021 15:57:16 +0100
 Compiler:   GNU 9.1.0
 Build type: Release
 Version:    1.1.0

 Start time: Fri Apr 23 14:25:11 2021

 Data directory: /work/zw18965/.local/qcore/share/entos/1.1.0/data
 Number of threads: 24
 Number of threads was determined by: command line argument
  - More threads can be used by running 'qcore -n 32'

 --------------------------------------------------------------------------------
                                command: optimize                                
 --------------------------------------------------------------------------------
 Using coordinate system:                tric
 Hessian update scheme:                  bfgs

 ------------------------------------------------------------------------------------------------------------
                   energy      change    grad rms    grad max    step rms    step max       trust    time (s)
 ------------------------------------------------------------------------------------------------------------
   1      -113.230736082                1.72e-02    2.98e-02                            2.00e-01        0.47
   2      -113.231091070   -3.55e-04    9.23e-04    1.60e-03    1.15e-02    2.29e-02    2.00e-01        0.21
   3      -113.231092154   -1.08e-06    4.17e-05    7.22e-05    6.50e-04    1.30e-03    2.00e-01        0.21
   4      -113.231092157   -2.91e-09    9.24e-08    1.60e-07    3.07e-05    6.14e-05    2.00e-01        0.19
 Geometry optimization stopped:          thresholds achieved

 Final energy:                        -113.231092157

 -----------
  Final XYZ 
 -----------
2
Final structure: -113.231 hartree
O            0.568664091          0.000000058          0.000000045
C           -0.568664091         -0.000000058         -0.000000045

 Structure in entos input format:

  structure(
    xyz = [
      ['O'  ,          0.568664091,          0.000000058,          0.000000045],
      ['C'  ,         -0.568664091,         -0.000000058,         -0.000000045]
    ]
  )

 --------------------------------
  Geometry optimization finished 
 --------------------------------
 Saving results in set 'opt'

 --------------------------------------------------------------------------------
                                 command: hessian                                
 --------------------------------------------------------------------------------

WARNING: semianalytic method is specified for dft hessian, which is not efficient. Try switching to 'method = analytic'


 -------------------------------
  Numerical Geometrical Hessian 
 -------------------------------

 Compute hessian using two-point central differentiation.
 Step size (bohr):                       0.0100

 Frequencies (including translational and rotational modes):
 mode    frequency (cm-1)
    0                7.08 i (imaginary)
    1                7.07 i (imaginary)
    2                0.00 i (imaginary)
    3                0.01
    4                0.03
    5             2124.96

 Project out translational and rotational motions 

 The molecule is linear

 Degrees of freedom for translational and rotational motions: 5

 Vibrational frequencies:
 mode    frequency (cm-1)
    0             2124.96

 --------------------------------------------------------------------------------

 End time:                               Fri Apr 23 14:25:15 2021
 Total wall-clock time:                  4.019 seconds
==================================================================================
