
================================================================================
          _____________ ________ _______________ ________     _________         
         / ___________// ______ \\_____   _____// ______ \   / ________)        
        / /_________  / /      \ \     | |     / /      \ \ | (_______          
       |  __________|| |        | |    | |    | |        | | \________ \        
        \ \_________ | |        | |    | |     \ \______/ /___________) |       
         \__________||_|        |_|    |_|      \________//____________/        
                                                                                
====================================[ Qcore ]===================================

 Git hash:   15a3e7daff0cda5fa9af010ccd19a80288182ecf
 Git date:   Fri, 16 Apr 2021 15:57:16 +0100
 Compiler:   GNU 9.1.0
 Build type: Release
 Version:    1.1.0

 Start time: Fri Apr 23 14:25:29 2021

 Data directory: /work/zw18965/.local/qcore/share/entos/1.1.0/data
 Number of threads: 24
 Number of threads was determined by: command line argument
  - More threads can be used by running 'qcore -n 32'

 --------------------------------------------------------------------------------
                                command: optimize                                
 --------------------------------------------------------------------------------
 Using coordinate system:                tric
 Hessian update scheme:                  bfgs

 ------------------------------------------------------------------------------------------------------------
                   energy      change    grad rms    grad max    step rms    step max       trust    time (s)
 ------------------------------------------------------------------------------------------------------------
   1      -436.026394028                1.81e-02    3.14e-02                            2.00e-01        0.62
   2      -436.027019465   -6.25e-04    8.98e-03    1.55e-02    1.34e-02    2.68e-02    2.00e-01        0.29
   3      -436.027236532   -2.17e-04    6.58e-04    1.14e-03    1.32e-02    2.63e-02    2.00e-01        0.28
   4      -436.027237782   -1.25e-06    2.63e-05    4.56e-05    1.04e-03    2.08e-03    2.00e-01        0.26
Rejecting step due to low quality: Quality: -7.55623 New trust radius: 2.16827e-05
   5      -436.027237767    1.49e-08    2.63e-05    4.56e-05    4.34e-05    8.67e-05    2.17e-05        0.27
 Geometry optimization stopped:          thresholds achieved

 Final energy:                        -436.027237767

 -----------
  Final XYZ 
 -----------
2
Final structure: -436.027 hartree
C           -0.000000368         -0.000000539         -0.003290167
S            0.000000368          0.000000539          1.542990164

 Structure in entos input format:

  structure(
    xyz = [
      ['C'  ,         -0.000000368,         -0.000000539,         -0.003290167],
      ['S'  ,          0.000000368,          0.000000539,          1.542990164]
    ]
  )

 --------------------------------
  Geometry optimization finished 
 --------------------------------
 Saving results in set 'opt'

 --------------------------------------------------------------------------------
                                 command: hessian                                
 --------------------------------------------------------------------------------

WARNING: semianalytic method is specified for dft hessian, which is not efficient. Try switching to 'method = analytic'


 -------------------------------
  Numerical Geometrical Hessian 
 -------------------------------

 Compute hessian using two-point central differentiation.
 Step size (bohr):                       0.0100

 Frequencies (including translational and rotational modes):
 mode    frequency (cm-1)
    0               11.03 i (imaginary)
    1               11.03 i (imaginary)
    2                0.01 i (imaginary)
    3                0.01
    4                0.01
    5             1259.19

 Project out translational and rotational motions 

 The molecule is linear

 Degrees of freedom for translational and rotational motions: 5

 Vibrational frequencies:
 mode    frequency (cm-1)
    0             1259.19

 --------------------------------------------------------------------------------

 End time:                               Fri Apr 23 14:25:34 2021
 Total wall-clock time:                  5.540 seconds
==================================================================================
