
================================================================================
          _____________ ________ _______________ ________     _________         
         / ___________// ______ \\_____   _____// ______ \   / ________)        
        / /_________  / /      \ \     | |     / /      \ \ | (_______          
       |  __________|| |        | |    | |    | |        | | \________ \        
        \ \_________ | |        | |    | |     \ \______/ /___________) |       
         \__________||_|        |_|    |_|      \________//____________/        
                                                                                
====================================[ Qcore ]===================================

 Git hash:   15a3e7daff0cda5fa9af010ccd19a80288182ecf
 Git date:   Fri, 16 Apr 2021 15:57:16 +0100
 Compiler:   GNU 9.1.0
 Build type: Release
 Version:    1.1.0

 Start time: Fri Apr 23 14:25:39 2021

 Data directory: /work/zw18965/.local/qcore/share/entos/1.1.0/data
 Number of threads: 24
 Number of threads was determined by: command line argument
  - More threads can be used by running 'qcore -n 32'

 --------------------------------------------------------------------------------
                                command: optimize                                
 --------------------------------------------------------------------------------
 Using coordinate system:                tric
 Hessian update scheme:                  bfgs

 ------------------------------------------------------------------------------------------------------------
                   energy      change    grad rms    grad max    step rms    step max       trust    time (s)
 ------------------------------------------------------------------------------------------------------------
   1      -114.417510211                1.15e-02    2.79e-02                            2.00e-01        0.76
   2      -114.418218271   -7.08e-04    2.71e-03    6.93e-03    2.11e-02    2.58e-02    2.00e-01        0.42
   3      -114.418286964   -6.87e-05    4.98e-04    1.35e-03    1.08e-02    1.68e-02    2.00e-01        0.41
   4      -114.418292119   -5.16e-06    1.96e-04    3.23e-04    3.34e-03    5.92e-03    2.00e-01        0.41
   5      -114.418292821   -7.02e-07    4.62e-05    9.08e-05    1.15e-03    1.92e-03    2.00e-01        0.39
   6      -114.418292864   -4.30e-08    1.30e-05    2.64e-05    1.88e-04    3.16e-04    2.00e-01        0.38
 Geometry optimization stopped:          thresholds achieved

 Final energy:                        -114.418292864

 -----------
  Final XYZ 
 -----------
4
Final structure: -114.418 hartree
C           -0.006260743          0.000828882          0.000367875
O            1.190439180         -0.158530732         -0.075086335
H           -0.484583980          0.992932075         -0.187288607
H           -0.699602845         -0.835297451          0.262015016

 Structure in entos input format:

  structure(
    xyz = [
      ['C'  ,         -0.006260743,          0.000828882,          0.000367875],
      ['O'  ,          1.190439180,         -0.158530732,         -0.075086335],
      ['H'  ,         -0.484583980,          0.992932075,         -0.187288607],
      ['H'  ,         -0.699602845,         -0.835297451,          0.262015016]
    ]
  )

 --------------------------------
  Geometry optimization finished 
 --------------------------------
 Saving results in set 'opt'

 --------------------------------------------------------------------------------
                                 command: hessian                                
 --------------------------------------------------------------------------------

WARNING: semianalytic method is specified for dft hessian, which is not efficient. Try switching to 'method = analytic'


 -------------------------------
  Numerical Geometrical Hessian 
 -------------------------------

 Compute hessian using two-point central differentiation.
 Step size (bohr):                       0.0100

 Frequencies (including translational and rotational modes):
 mode    frequency (cm-1)
    0               18.77 i (imaginary)
    1                0.20 i (imaginary)
    2                0.03 i (imaginary)
    3                0.09
    4                8.16
    5               21.97
    6             1146.92
    7             1217.13
    8             1478.13
    9             1757.37
   10             2791.24
   11             2834.91

 Project out translational and rotational motions 

 Degrees of freedom for translational and rotational motions: 6

 Vibrational frequencies:
 mode    frequency (cm-1)
    0             1146.92
    1             1217.13
    2             1478.13
    3             1757.37
    4             2791.24
    5             2834.91

 --------------------------------------------------------------------------------

 End time:                               Fri Apr 23 14:25:52 2021
 Total wall-clock time:                 13.501 seconds
==================================================================================
