
================================================================================
          _____________ ________ _______________ ________     _________         
         / ___________// ______ \\_____   _____// ______ \   / ________)        
        / /_________  / /      \ \     | |     / /      \ \ | (_______          
       |  __________|| |        | |    | |    | |        | | \________ \        
        \ \_________ | |        | |    | |     \ \______/ /___________) |       
         \__________||_|        |_|    |_|      \________//____________/        
                                                                                
====================================[ Qcore ]===================================

 Git hash:   15a3e7daff0cda5fa9af010ccd19a80288182ecf
 Git date:   Fri, 16 Apr 2021 15:57:16 +0100
 Compiler:   GNU 9.1.0
 Build type: Release
 Version:    1.1.0

 Start time: Fri Apr 23 14:26:34 2021

 Data directory: /work/zw18965/.local/qcore/share/entos/1.1.0/data
 Number of threads: 24
 Number of threads was determined by: command line argument
  - More threads can be used by running 'qcore -n 32'

 --------------------------------------------------------------------------------
                                command: optimize                                
 --------------------------------------------------------------------------------
 Using coordinate system:                tric
 Hessian update scheme:                  bfgs

 ------------------------------------------------------------------------------------------------------------
                   energy      change    grad rms    grad max    step rms    step max       trust    time (s)
 ------------------------------------------------------------------------------------------------------------
   1      -100.391592937                3.25e-03    5.63e-03                            2.00e-01        0.36
   2      -100.391618190   -2.53e-05    8.51e-04    1.47e-03    3.56e-03    7.13e-03    2.00e-01        0.14
   3      -100.391620086   -1.90e-06    1.56e-05    2.70e-05    1.27e-03    2.53e-03    2.00e-01        0.13
   4      -100.391620086   -6.93e-11    7.90e-08    1.37e-07    2.36e-05    4.71e-05    1.18e-05        0.14
 Geometry optimization stopped:          thresholds achieved

 Final energy:                        -100.391620086

 -----------
  Final XYZ 
 -----------
2
Final structure: -100.392 hartree
F            0.466032431         -0.000000013          0.000000040
H           -0.466032431          0.000000013         -0.000000040

 Structure in entos input format:

  structure(
    xyz = [
      ['F'  ,          0.466032431,         -0.000000013,          0.000000040],
      ['H'  ,         -0.466032431,          0.000000013,         -0.000000040]
    ]
  )

 --------------------------------
  Geometry optimization finished 
 --------------------------------
 Saving results in set 'opt'

 --------------------------------------------------------------------------------
                                 command: hessian                                
 --------------------------------------------------------------------------------

WARNING: semianalytic method is specified for dft hessian, which is not efficient. Try switching to 'method = analytic'


 -------------------------------
  Numerical Geometrical Hessian 
 -------------------------------

 Compute hessian using two-point central differentiation.
 Step size (bohr):                       0.0100

 Frequencies (including translational and rotational modes):
 mode    frequency (cm-1)
    0                0.02 i (imaginary)
    1                0.02 i (imaginary)
    2                0.01 i (imaginary)
    3               27.92
    4               27.92
    5             3964.33

 Project out translational and rotational motions 

 The molecule is linear

 Degrees of freedom for translational and rotational motions: 5

 Vibrational frequencies:
 mode    frequency (cm-1)
    0             3964.33

 --------------------------------------------------------------------------------

 End time:                               Fri Apr 23 14:26:37 2021
 Total wall-clock time:                  2.735 seconds
==================================================================================
