
================================================================================
          _____________ ________ _______________ ________     _________         
         / ___________// ______ \\_____   _____// ______ \   / ________)        
        / /_________  / /      \ \     | |     / /      \ \ | (_______          
       |  __________|| |        | |    | |    | |        | | \________ \        
        \ \_________ | |        | |    | |     \ \______/ /___________) |       
         \__________||_|        |_|    |_|      \________//____________/        
                                                                                
====================================[ Qcore ]===================================

 Git hash:   15a3e7daff0cda5fa9af010ccd19a80288182ecf
 Git date:   Fri, 16 Apr 2021 15:57:16 +0100
 Compiler:   GNU 9.1.0
 Build type: Release
 Version:    1.1.0

 Start time: Fri Apr 23 14:26:47 2021

 Data directory: /work/zw18965/.local/qcore/share/entos/1.1.0/data
 Number of threads: 24
 Number of threads was determined by: command line argument
  - More threads can be used by running 'qcore -n 32'

 --------------------------------------------------------------------------------
                                command: optimize                                
 --------------------------------------------------------------------------------
 Using coordinate system:                tric
 Hessian update scheme:                  bfgs

 ------------------------------------------------------------------------------------------------------------
                   energy      change    grad rms    grad max    step rms    step max       trust    time (s)
 ------------------------------------------------------------------------------------------------------------
   1      -535.753340953                7.85e-03    1.86e-02                            2.00e-01        0.77
   2      -535.753902539   -5.62e-04    3.86e-03    8.15e-03    2.69e-02    4.16e-02    2.00e-01        0.41
   3      -535.754102333   -2.00e-04    1.84e-03    4.04e-03    2.64e-02    4.12e-02    2.00e-01        0.42
   4      -535.754121737   -1.94e-05    1.08e-03    2.30e-03    3.50e-03    6.94e-03    2.00e-01        0.39
   5      -535.754131532   -9.79e-06    6.90e-05    1.63e-04    3.45e-03    8.28e-03    2.00e-01        0.39
   6      -535.754131746   -2.14e-07    2.97e-05    5.68e-05    6.07e-04    1.57e-03    2.00e-01        0.36
   7      -535.754131958   -2.12e-07    5.30e-05    1.08e-04    5.17e-04    3.34e-03    2.00e-01        0.36
   8      -535.754132478   -5.21e-07    1.20e-04    2.84e-04    8.58e-04    1.09e-02    2.00e-01        0.40
   9      -535.754133688   -1.21e-06    2.46e-04    5.81e-04    1.46e-03    3.21e-02    2.00e-01        0.39
  10      -535.754135045   -1.36e-06    3.03e-04    7.04e-04    6.05e-04    3.79e-02    2.00e-01        0.38
  11      -535.754136913   -1.87e-06    2.19e-04    4.96e-04    1.02e-03    3.05e-02    2.00e-01        0.39
  12      -535.754138082   -1.17e-06    2.99e-05    5.06e-05    2.24e-03    7.22e-03    2.00e-01        0.36
  13      -535.754138084   -2.24e-09    7.36e-06    1.34e-05    1.51e-04    2.10e-03    7.55e-05        0.37
  14      -535.754138092   -8.10e-09    1.29e-06    2.54e-06    1.08e-05    2.60e-05    7.55e-05        0.34
 Geometry optimization stopped:          thresholds achieved

 Final energy:                        -535.754138092

 -----------
  Final XYZ 
 -----------
3
Final structure: -535.754 hartree
O           -0.385531536          0.450629268          0.000002542
Cl           1.250612615         -0.050332967         -0.000006731
H           -0.865081055         -0.400296299          0.000004189

 Structure in entos input format:

  structure(
    xyz = [
      ['O'  ,         -0.385531536,          0.450629268,          0.000002542],
      ['Cl' ,          1.250612615,         -0.050332967,         -0.000006731],
      ['H'  ,         -0.865081055,         -0.400296299,          0.000004189]
    ]
  )

 --------------------------------
  Geometry optimization finished 
 --------------------------------
 Saving results in set 'opt'

 --------------------------------------------------------------------------------
                                 command: hessian                                
 --------------------------------------------------------------------------------

WARNING: semianalytic method is specified for dft hessian, which is not efficient. Try switching to 'method = analytic'


 -------------------------------
  Numerical Geometrical Hessian 
 -------------------------------

 Compute hessian using two-point central differentiation.
 Step size (bohr):                       0.0100

 Frequencies (including translational and rotational modes):
 mode    frequency (cm-1)
    0                0.14 i (imaginary)
    1                0.06 i (imaginary)
    2                0.02 i (imaginary)
    3               10.34
    4               29.60
    5               36.25
    6              725.21
    7             1223.19
    8             3651.13

 Project out translational and rotational motions 

 Degrees of freedom for translational and rotational motions: 6

 Vibrational frequencies:
 mode    frequency (cm-1)
    0              725.21
    1             1223.19
    2             3651.13

 --------------------------------------------------------------------------------

 End time:                               Fri Apr 23 14:27:00 2021
 Total wall-clock time:                 13.232 seconds
==================================================================================
