
================================================================================
          _____________ ________ _______________ ________     _________         
         / ___________// ______ \\_____   _____// ______ \   / ________)        
        / /_________  / /      \ \     | |     / /      \ \ | (_______          
       |  __________|| |        | |    | |    | |        | | \________ \        
        \ \_________ | |        | |    | |     \ \______/ /___________) |       
         \__________||_|        |_|    |_|      \________//____________/        
                                                                                
====================================[ Qcore ]===================================

 Git hash:   15a3e7daff0cda5fa9af010ccd19a80288182ecf
 Git date:   Fri, 16 Apr 2021 15:57:16 +0100
 Compiler:   GNU 9.1.0
 Build type: Release
 Version:    1.1.0

 Start time: Fri Apr 23 14:27:00 2021

 Data directory: /work/zw18965/.local/qcore/share/entos/1.1.0/data
 Number of threads: 24
 Number of threads was determined by: command line argument
  - More threads can be used by running 'qcore -n 32'

 --------------------------------------------------------------------------------
                                command: optimize                                
 --------------------------------------------------------------------------------
 Using coordinate system:                tric
 Hessian update scheme:                  bfgs

 ------------------------------------------------------------------------------------------------------------
                   energy      change    grad rms    grad max    step rms    step max       trust    time (s)
 ------------------------------------------------------------------------------------------------------------
   1      -109.449799001                7.36e-03    1.28e-02                            2.00e-01        0.35
   2      -109.449852973   -5.40e-05    5.87e-04    1.02e-03    4.63e-03    9.26e-03    2.00e-01        0.19
   3      -109.449853332   -3.60e-07    9.63e-06    1.67e-05    3.42e-04    6.84e-04    2.00e-01        0.20
 Geometry optimization stopped:          thresholds achieved

 Final energy:                        -109.449853332

 -----------
  Final XYZ 
 -----------
2
Final structure: -109.45 hartree
N            0.551539517         -0.000000000          0.000000007
N           -0.551539517          0.000000000         -0.000000007

 Structure in entos input format:

  structure(
    xyz = [
      ['N'  ,          0.551539517,         -0.000000000,          0.000000007],
      ['N'  ,         -0.551539517,          0.000000000,         -0.000000007]
    ]
  )

 --------------------------------
  Geometry optimization finished 
 --------------------------------
 Saving results in set 'opt'

 --------------------------------------------------------------------------------
                                 command: hessian                                
 --------------------------------------------------------------------------------

WARNING: semianalytic method is specified for dft hessian, which is not efficient. Try switching to 'method = analytic'


 -------------------------------
  Numerical Geometrical Hessian 
 -------------------------------

 Compute hessian using two-point central differentiation.
 Step size (bohr):                       0.0100

 Frequencies (including translational and rotational modes):
 mode    frequency (cm-1)
    0                0.00 i (imaginary)
    1                0.00
    2                0.00
    3               21.46
    4               21.46
    5             2350.29

 Project out translational and rotational motions 

 The molecule is linear

 Degrees of freedom for translational and rotational motions: 5

 Vibrational frequencies:
 mode    frequency (cm-1)
    0             2350.29

 --------------------------------------------------------------------------------

 End time:                               Fri Apr 23 14:27:04 2021
 Total wall-clock time:                  3.384 seconds
==================================================================================
