
================================================================================
          _____________ ________ _______________ ________     _________         
         / ___________// ______ \\_____   _____// ______ \   / ________)        
        / /_________  / /      \ \     | |     / /      \ \ | (_______          
       |  __________|| |        | |    | |    | |        | | \________ \        
        \ \_________ | |        | |    | |     \ \______/ /___________) |       
         \__________||_|        |_|    |_|      \________//____________/        
                                                                                
====================================[ Qcore ]===================================

 Git hash:   15a3e7daff0cda5fa9af010ccd19a80288182ecf
 Git date:   Fri, 16 Apr 2021 15:57:16 +0100
 Compiler:   GNU 9.1.0
 Build type: Release
 Version:    1.1.0

 Start time: Fri Apr 23 14:27:37 2021

 Data directory: /work/zw18965/.local/qcore/share/entos/1.1.0/data
 Number of threads: 24
 Number of threads was determined by: command line argument
  - More threads can be used by running 'qcore -n 32'

 --------------------------------------------------------------------------------
                                command: optimize                                
 --------------------------------------------------------------------------------
 Using coordinate system:                tric
 Hessian update scheme:                  bfgs

 ------------------------------------------------------------------------------------------------------------
                   energy      change    grad rms    grad max    step rms    step max       trust    time (s)
 ------------------------------------------------------------------------------------------------------------
   1      -342.988802239                1.01e-02    2.26e-02                            2.00e-01        0.65
   2      -342.990126103   -1.32e-03    4.09e-03    1.07e-02    5.21e-02    4.21e-02    2.00e-01        0.39
   3      -342.990372836   -2.47e-04    1.74e-04    3.49e-04    1.87e-02    2.58e-02    2.00e-01        0.41
   4      -342.990374722   -1.89e-06    6.75e-06    1.35e-05    3.65e-03    2.80e-03    2.00e-01        0.40
   5      -342.990374739   -1.69e-08    4.09e-06    9.79e-06    1.63e-04    4.10e-04    2.00e-01        0.36
 Geometry optimization stopped:          thresholds achieved

 Final energy:                        -342.990374739

 -----------
  Final XYZ 
 -----------
4
Final structure: -342.99 hartree
P           -0.005172191         -0.001118042          0.592745944
H           -0.657384936         -0.993162322         -0.205142433
H           -0.529060382          1.067933729         -0.200253383
H            1.191617503         -0.073653365         -0.187350128

 Structure in entos input format:

  structure(
    xyz = [
      ['P'  ,         -0.005172191,         -0.001118042,          0.592745944],
      ['H'  ,         -0.657384936,         -0.993162322,         -0.205142433],
      ['H'  ,         -0.529060382,          1.067933729,         -0.200253383],
      ['H'  ,          1.191617503,         -0.073653365,         -0.187350128]
    ]
  )

 --------------------------------
  Geometry optimization finished 
 --------------------------------
 Saving results in set 'opt'

 --------------------------------------------------------------------------------
                                 command: hessian                                
 --------------------------------------------------------------------------------

WARNING: semianalytic method is specified for dft hessian, which is not efficient. Try switching to 'method = analytic'


 -------------------------------
  Numerical Geometrical Hessian 
 -------------------------------

 Compute hessian using two-point central differentiation.
 Step size (bohr):                       0.0100

 Frequencies (including translational and rotational modes):
 mode    frequency (cm-1)
    0               54.47 i (imaginary)
    1               49.09 i (imaginary)
    2                0.01 i (imaginary)
    3                0.05
    4                0.08
    5               35.68
    6              973.35
    7             1091.67
    8             1092.85
    9             2325.16
   10             2338.07
   11             2338.74

 Project out translational and rotational motions 

 Degrees of freedom for translational and rotational motions: 6

 Vibrational frequencies:
 mode    frequency (cm-1)
    0              973.34
    1             1091.67
    2             1092.85
    3             2325.16
    4             2338.07
    5             2338.74

 --------------------------------------------------------------------------------

 End time:                               Fri Apr 23 14:27:49 2021
 Total wall-clock time:                 12.156 seconds
==================================================================================
