
================================================================================
          _____________ ________ _______________ ________     _________         
         / ___________// ______ \\_____   _____// ______ \   / ________)        
        / /_________  / /      \ \     | |     / /      \ \ | (_______          
       |  __________|| |        | |    | |    | |        | | \________ \        
        \ \_________ | |        | |    | |     \ \______/ /___________) |       
         \__________||_|        |_|    |_|      \________//____________/        
                                                                                
====================================[ Qcore ]===================================

 Git hash:   15a3e7daff0cda5fa9af010ccd19a80288182ecf
 Git date:   Fri, 16 Apr 2021 15:57:16 +0100
 Compiler:   GNU 9.1.0
 Build type: Release
 Version:    1.1.0

 Start time: Fri Apr 23 14:27:55 2021

 Data directory: /work/zw18965/.local/qcore/share/entos/1.1.0/data
 Number of threads: 24
 Number of threads was determined by: command line argument
  - More threads can be used by running 'qcore -n 32'

 --------------------------------------------------------------------------------
                                command: optimize                                
 --------------------------------------------------------------------------------
 Using coordinate system:                tric
 Hessian update scheme:                  bfgs

 ------------------------------------------------------------------------------------------------------------
                   energy      change    grad rms    grad max    step rms    step max       trust    time (s)
 ------------------------------------------------------------------------------------------------------------
   1      -548.406512011                1.23e-02    2.03e-02                            2.00e-01        0.84
   2      -548.407019781   -5.08e-04    6.70e-03    1.11e-02    1.19e-02    1.51e-02    2.00e-01        0.49
   3      -548.407243388   -2.24e-04    4.20e-04    7.56e-04    1.41e-02    1.79e-02    2.00e-01        0.52
   4      -548.407244257   -8.68e-07    4.26e-05    1.02e-04    8.59e-04    1.15e-03    2.00e-01        0.46
 Geometry optimization stopped:          thresholds achieved

 Final energy:                        -548.407244257

 -----------
  Final XYZ 
 -----------
3
Final structure: -548.407 hartree
S           -0.001694596          0.490853992         -0.000000178
O            1.257233941         -0.241131464         -0.000000080
O           -1.255539345         -0.249722529          0.000000258

 Structure in entos input format:

  structure(
    xyz = [
      ['S'  ,         -0.001694596,          0.490853992,         -0.000000178],
      ['O'  ,          1.257233941,         -0.241131464,         -0.000000080],
      ['O'  ,         -1.255539345,         -0.249722529,          0.000000258]
    ]
  )

 --------------------------------
  Geometry optimization finished 
 --------------------------------
 Saving results in set 'opt'

 --------------------------------------------------------------------------------
                                 command: hessian                                
 --------------------------------------------------------------------------------

WARNING: semianalytic method is specified for dft hessian, which is not efficient. Try switching to 'method = analytic'


 -------------------------------
  Numerical Geometrical Hessian 
 -------------------------------

 Compute hessian using two-point central differentiation.
 Step size (bohr):                       0.0100

 Frequencies (including translational and rotational modes):
 mode    frequency (cm-1)
    0               47.95 i (imaginary)
    1               18.87 i (imaginary)
    2               16.49 i (imaginary)
    3                0.01
    4                0.01
    5                0.10
    6              486.38
    7             1112.89
    8             1304.31

 Project out translational and rotational motions 

 Degrees of freedom for translational and rotational motions: 6

 Vibrational frequencies:
 mode    frequency (cm-1)
    0              486.38
    1             1112.89
    2             1304.30

 --------------------------------------------------------------------------------

 End time:                               Fri Apr 23 14:28:07 2021
 Total wall-clock time:                 12.058 seconds
==================================================================================
