
================================================================================
          _____________ ________ _______________ ________     _________         
         / ___________// ______ \\_____   _____// ______ \   / ________)        
        / /_________  / /      \ \     | |     / /      \ \ | (_______          
       |  __________|| |        | |    | |    | |        | | \________ \        
        \ \_________ | |        | |    | |     \ \______/ /___________) |       
         \__________||_|        |_|    |_|      \________//____________/        
                                                                                
====================================[ Qcore ]===================================

 Git hash:   bfa4c3a672cc1ff01df8911b87991f8932a2a687
 Git date:   Fri, 12 Feb 2021 10:05:04 +0000
 Compiler:   GNU 9.1.0
 Build type: Release
 Version:    0.8.19

 Start time: Fri Apr 23 11:48:47 2021

 Data directory: /home/zw18965/.local/qcore/share/entos/0.8.19/data
 Number of threads: 24
 Number of threads was determined by: command line argument
  - More threads can be used by running 'qcore -n 32'

 --------------------------------------------------------------------------------
                                command: optimize                                
 --------------------------------------------------------------------------------
 Using coordinate system:                tric
 Hessian update scheme:                  bfgs

 ------------------------------------------------------------------------------------------------------------
                   energy      change    grad rms    grad max    step rms    step max       trust    time (s)
 ------------------------------------------------------------------------------------------------------------
   1       -40.213672331                1.43e-03    2.32e-03                            2.00e-01        0.59
   2       -40.213711409   -3.91e-05    3.34e-04    5.41e-04    5.10e-03    5.70e-03    2.00e-01        0.49
   3       -40.213713634   -2.22e-06    3.52e-06    5.70e-06    1.55e-03    1.74e-03    2.00e-01        0.49
   4       -40.213713635   -2.40e-10    2.17e-08    4.94e-08    1.62e-05    1.81e-05    2.00e-01        0.48
 Geometry optimization stopped:          thresholds achieved

 Final energy:                         -40.213713635

 -----------
  Final XYZ 
 -----------
5
Final structure: -40.2137 hartree
C           -0.000019918          0.000020062          0.000000408
H            0.548965594          0.792156951          0.491879763
H            0.676956284         -0.805831592         -0.251231798
H           -0.770969924         -0.370024423          0.662959252
H           -0.455031739          0.383779298         -0.903605972

 Structure in entos input format:

  structure(
    xyz = [
      ['C'  ,         -0.000019918,          0.000020062,          0.000000408],
      ['H'  ,          0.548965594,          0.792156951,          0.491879763],
      ['H'  ,          0.676956284,         -0.805831592,         -0.251231798],
      ['H'  ,         -0.770969924,         -0.370024423,          0.662959252],
      ['H'  ,         -0.455031739,          0.383779298,         -0.903605972]
    ]
  )

 --------------------------------
  Geometry optimization finished 
 --------------------------------
 Saving results in set 'opt'

 --------------------------------------------------------------------------------
                                 command: hessian                                
 --------------------------------------------------------------------------------

WARNING: numerical method is specified for dft hessian, which is not efficient. Try switching to 'method = analytic'


 -------------------------------
  Numerical Geometrical Hessian 
 -------------------------------

 Compute hessian using two-point central differentiation.
 Step size (bohr):                       0.0100

 Frequencies (including translational and rotational modes):
 mode    frequency (cm-1)
    0               21.43 i (imaginary)
    1               19.79 i (imaginary)
    2               14.77 i (imaginary)
    3                0.16
    4                0.58
    5                0.66
    6             1452.83
    7             1452.90
    8             1452.93
    9             1666.61
   10             1666.68
   11             3147.97
   12             3246.08
   13             3246.10
   14             3246.15

 Project out translational and rotational motions 

 Degrees of freedom for translational and rotational motions: 6

 Vibrational frequencies:
 mode    frequency (cm-1)
    0             1452.83
    1             1452.90
    2             1452.93
    3             1666.61
    4             1666.68
    5             3147.97
    6             3246.08
    7             3246.10
    8             3246.15

 --------------------------------------------------------------------------------

 End time:                               Fri Apr 23 11:49:05 2021
 Total wall-clock time:                 18.166 seconds
==================================================================================
