
================================================================================
          _____________ ________ _______________ ________     _________         
         / ___________// ______ \\_____   _____// ______ \   / ________)        
        / /_________  / /      \ \     | |     / /      \ \ | (_______          
       |  __________|| |        | |    | |    | |        | | \________ \        
        \ \_________ | |        | |    | |     \ \______/ /___________) |       
         \__________||_|        |_|    |_|      \________//____________/        
                                                                                
====================================[ Qcore ]===================================

 Git hash:   bfa4c3a672cc1ff01df8911b87991f8932a2a687
 Git date:   Fri, 12 Feb 2021 10:05:04 +0000
 Compiler:   GNU 9.1.0
 Build type: Release
 Version:    0.8.19

 Start time: Fri Apr 23 11:49:05 2021

 Data directory: /home/zw18965/.local/qcore/share/entos/0.8.19/data
 Number of threads: 24
 Number of threads was determined by: command line argument
  - More threads can be used by running 'qcore -n 32'

 --------------------------------------------------------------------------------
                                command: optimize                                
 --------------------------------------------------------------------------------
 Using coordinate system:                tric
 Hessian update scheme:                  bfgs

 ------------------------------------------------------------------------------------------------------------
                   energy      change    grad rms    grad max    step rms    step max       trust    time (s)
 ------------------------------------------------------------------------------------------------------------
   1      -919.001791276                8.78e-03    1.52e-02                            2.00e-01        0.67
   2      -919.002301184   -5.10e-04    2.67e-04    4.63e-04    3.36e-02    6.72e-02    2.00e-01        0.49
   3      -919.002301607   -4.23e-07    2.14e-05    3.71e-05    9.94e-04    1.99e-03    2.00e-01        0.51
   4      -919.002301610   -2.79e-09    8.18e-08    1.43e-07    7.36e-05    1.47e-04    2.00e-01        0.51
 Geometry optimization stopped:          thresholds achieved

 Final energy:                        -919.002301610

 -----------
  Final XYZ 
 -----------
2
Final structure: -919.002 hartree
Cl          -0.987995631         -0.000000077         -0.000000939
Cl           0.987995936          0.000000094          0.000000948

 Structure in entos input format:

  structure(
    xyz = [
      ['Cl' ,         -0.987995631,         -0.000000077,         -0.000000939],
      ['Cl' ,          0.987995936,          0.000000094,          0.000000948]
    ]
  )

 --------------------------------
  Geometry optimization finished 
 --------------------------------
 Saving results in set 'opt'

 --------------------------------------------------------------------------------
                                 command: hessian                                
 --------------------------------------------------------------------------------

WARNING: numerical method is specified for dft hessian, which is not efficient. Try switching to 'method = analytic'


 -------------------------------
  Numerical Geometrical Hessian 
 -------------------------------

 Compute hessian using two-point central differentiation.
 Step size (bohr):                       0.0100

 Frequencies (including translational and rotational modes):
 mode    frequency (cm-1)
    0                0.02
    1                0.34
    2                0.38
    3                1.55
    4                1.77
    5              611.91

 Project out translational and rotational motions 

 The molecule is linear

 Degrees of freedom for translational and rotational motions: 5

 Vibrational frequencies:
 mode    frequency (cm-1)
    0              611.91

 --------------------------------------------------------------------------------

 End time:                               Fri Apr 23 11:49:14 2021
 Total wall-clock time:                  9.068 seconds
==================================================================================
