
================================================================================
          _____________ ________ _______________ ________     _________         
         / ___________// ______ \\_____   _____// ______ \   / ________)        
        / /_________  / /      \ \     | |     / /      \ \ | (_______          
       |  __________|| |        | |    | |    | |        | | \________ \        
        \ \_________ | |        | |    | |     \ \______/ /___________) |       
         \__________||_|        |_|    |_|      \________//____________/        
                                                                                
====================================[ Qcore ]===================================

 Git hash:   bfa4c3a672cc1ff01df8911b87991f8932a2a687
 Git date:   Fri, 12 Feb 2021 10:05:04 +0000
 Compiler:   GNU 9.1.0
 Build type: Release
 Version:    0.8.19

 Start time: Fri Apr 23 11:50:29 2021

 Data directory: /home/zw18965/.local/qcore/share/entos/0.8.19/data
 Number of threads: 24
 Number of threads was determined by: command line argument
  - More threads can be used by running 'qcore -n 32'

 --------------------------------------------------------------------------------
                                command: optimize                                
 --------------------------------------------------------------------------------
 Using coordinate system:                tric
 Hessian update scheme:                  bfgs

 ------------------------------------------------------------------------------------------------------------
                   energy      change    grad rms    grad max    step rms    step max       trust    time (s)
 ------------------------------------------------------------------------------------------------------------
   1      -435.356591665                4.14e-03    7.17e-03                            2.00e-01        0.55
   2      -435.356623319   -3.17e-05    1.83e-03    3.17e-03    3.06e-03    6.12e-03    2.00e-01        0.35
   3      -435.356630930   -7.61e-06    2.82e-05    4.89e-05    2.43e-03    4.86e-03    2.00e-01        0.36
   4      -435.356630932   -1.79e-09    1.91e-07    3.31e-07    3.69e-05    7.38e-05    2.00e-01        0.35
 Geometry optimization stopped:          thresholds achieved

 Final energy:                        -435.356630932

 -----------
  Final XYZ 
 -----------
2
Final structure: -435.357 hartree
C            0.000000326         -0.000000131          0.014188647
S           -0.000000322          0.000000134          1.525511529

 Structure in entos input format:

  structure(
    xyz = [
      ['C'  ,          0.000000326,         -0.000000131,          0.014188647],
      ['S'  ,         -0.000000322,          0.000000134,          1.525511529]
    ]
  )

 --------------------------------
  Geometry optimization finished 
 --------------------------------
 Saving results in set 'opt'

 --------------------------------------------------------------------------------
                                 command: hessian                                
 --------------------------------------------------------------------------------

WARNING: numerical method is specified for dft hessian, which is not efficient. Try switching to 'method = analytic'


 -------------------------------
  Numerical Geometrical Hessian 
 -------------------------------

 Compute hessian using two-point central differentiation.
 Step size (bohr):                       0.0100

 Frequencies (including translational and rotational modes):
 mode    frequency (cm-1)
    0                0.37 i (imaginary)
    1                0.40
    2                0.53
    3                5.01
    4                5.12
    5             1420.81

 Project out translational and rotational motions 

 The molecule is linear

 Degrees of freedom for translational and rotational motions: 5

 Vibrational frequencies:
 mode    frequency (cm-1)
    0             1420.81

 --------------------------------------------------------------------------------

 End time:                               Fri Apr 23 11:50:36 2021
 Total wall-clock time:                  6.639 seconds
==================================================================================
