
================================================================================
          _____________ ________ _______________ ________     _________         
         / ___________// ______ \\_____   _____// ______ \   / ________)        
        / /_________  / /      \ \     | |     / /      \ \ | (_______          
       |  __________|| |        | |    | |    | |        | | \________ \        
        \ \_________ | |        | |    | |     \ \______/ /___________) |       
         \__________||_|        |_|    |_|      \________//____________/        
                                                                                
====================================[ Qcore ]===================================

 Git hash:   bfa4c3a672cc1ff01df8911b87991f8932a2a687
 Git date:   Fri, 12 Feb 2021 10:05:04 +0000
 Compiler:   GNU 9.1.0
 Build type: Release
 Version:    0.8.19

 Start time: Fri Apr 23 11:51:44 2021

 Data directory: /home/zw18965/.local/qcore/share/entos/0.8.19/data
 Number of threads: 24
 Number of threads was determined by: command line argument
  - More threads can be used by running 'qcore -n 32'

 --------------------------------------------------------------------------------
                                command: optimize                                
 --------------------------------------------------------------------------------
 Using coordinate system:                tric
 Hessian update scheme:                  bfgs

 ------------------------------------------------------------------------------------------------------------
                   energy      change    grad rms    grad max    step rms    step max       trust    time (s)
 ------------------------------------------------------------------------------------------------------------
   1       -92.910218230                2.41e-02    5.37e-02                            2.00e-01        0.50
   2       -92.911239791   -1.02e-03    4.92e-03    1.14e-02    2.25e-02    4.27e-02    2.00e-01        0.35
   3       -92.911271499   -3.17e-05    2.43e-04    5.78e-04    2.50e-03    6.02e-03    2.00e-01        0.35
   4       -92.911271931   -4.32e-07    3.69e-05    8.74e-05    5.95e-04    1.13e-03    2.00e-01        0.34
 Geometry optimization stopped:          thresholds achieved

 Final energy:                         -92.911271931

 -----------
  Final XYZ 
 -----------
3
Final structure: -92.9113 hartree
C           -0.022543204         -0.000008002         -0.000000020
N            1.101915772         -0.000586464          0.000000068
H           -1.079372499          0.000594733          0.000000092

 Structure in entos input format:

  structure(
    xyz = [
      ['C'  ,         -0.022543204,         -0.000008002,         -0.000000020],
      ['N'  ,          1.101915772,         -0.000586464,          0.000000068],
      ['H'  ,         -1.079372499,          0.000594733,          0.000000092]
    ]
  )

 --------------------------------
  Geometry optimization finished 
 --------------------------------
 Saving results in set 'opt'

 --------------------------------------------------------------------------------
                                 command: hessian                                
 --------------------------------------------------------------------------------

WARNING: numerical method is specified for dft hessian, which is not efficient. Try switching to 'method = analytic'


 -------------------------------
  Numerical Geometrical Hessian 
 -------------------------------

 Compute hessian using two-point central differentiation.
 Step size (bohr):                       0.0100

 Frequencies (including translational and rotational modes):
 mode    frequency (cm-1)
    0                0.45 i (imaginary)
    1                0.34 i (imaginary)
    2                0.30
    3               18.31
    4               18.33
    5              878.53
    6              878.53
    7             2404.75
    8             3614.43

 Project out translational and rotational motions 

 Degrees of freedom for translational and rotational motions: 6

 Vibrational frequencies:
 mode    frequency (cm-1)
    0              878.53
    1             2404.75
    2             3614.43

 --------------------------------------------------------------------------------

 End time:                               Fri Apr 23 11:51:53 2021
 Total wall-clock time:                  8.535 seconds
==================================================================================
