
================================================================================
          _____________ ________ _______________ ________     _________         
         / ___________// ______ \\_____   _____// ______ \   / ________)        
        / /_________  / /      \ \     | |     / /      \ \ | (_______          
       |  __________|| |        | |    | |    | |        | | \________ \        
        \ \_________ | |        | |    | |     \ \______/ /___________) |       
         \__________||_|        |_|    |_|      \________//____________/        
                                                                                
====================================[ Qcore ]===================================

 Git hash:   bfa4c3a672cc1ff01df8911b87991f8932a2a687
 Git date:   Fri, 12 Feb 2021 10:05:04 +0000
 Compiler:   GNU 9.1.0
 Build type: Release
 Version:    0.8.19

 Start time: Fri Apr 23 11:51:53 2021

 Data directory: /home/zw18965/.local/qcore/share/entos/0.8.19/data
 Number of threads: 24
 Number of threads was determined by: command line argument
  - More threads can be used by running 'qcore -n 32'

 --------------------------------------------------------------------------------
                                command: optimize                                
 --------------------------------------------------------------------------------
 Using coordinate system:                tric
 Hessian update scheme:                  bfgs

 ------------------------------------------------------------------------------------------------------------
                   energy      change    grad rms    grad max    step rms    step max       trust    time (s)
 ------------------------------------------------------------------------------------------------------------
   1      -100.060535594                1.99e-02    3.44e-02                            2.00e-01        0.25
   2      -100.061441646   -9.06e-04    3.69e-03    6.39e-03    2.18e-02    4.36e-02    2.00e-01        0.12
   3      -100.061470215   -2.86e-05    3.93e-04    6.81e-04    4.97e-03    9.93e-03    2.00e-01        0.11
   4      -100.061470534   -3.19e-07    6.75e-06    1.17e-05    4.78e-04    9.57e-04    2.00e-01        0.12
 Geometry optimization stopped:          thresholds achieved

 Final energy:                        -100.061470534

 -----------
  Final XYZ 
 -----------
2
Final structure: -100.061 hartree
F            0.449556262          0.000000026         -0.000000077
H           -0.449556262         -0.000000024          0.000000076

 Structure in entos input format:

  structure(
    xyz = [
      ['F'  ,          0.449556262,          0.000000026,         -0.000000077],
      ['H'  ,         -0.449556262,         -0.000000024,          0.000000076]
    ]
  )

 --------------------------------
  Geometry optimization finished 
 --------------------------------
 Saving results in set 'opt'

 --------------------------------------------------------------------------------
                                 command: hessian                                
 --------------------------------------------------------------------------------

WARNING: numerical method is specified for dft hessian, which is not efficient. Try switching to 'method = analytic'


 -------------------------------
  Numerical Geometrical Hessian 
 -------------------------------

 Compute hessian using two-point central differentiation.
 Step size (bohr):                       0.0100

 Frequencies (including translational and rotational modes):
 mode    frequency (cm-1)
    0                0.29 i (imaginary)
    1                0.02
    2                0.21
    3               29.78
    4               29.82
    5             4466.58

 Project out translational and rotational motions 

 The molecule is linear

 Degrees of freedom for translational and rotational motions: 5

 Vibrational frequencies:
 mode    frequency (cm-1)
    0             4466.58

 --------------------------------------------------------------------------------

 End time:                               Fri Apr 23 11:51:55 2021
 Total wall-clock time:                  2.263 seconds
==================================================================================
