
================================================================================
          _____________ ________ _______________ ________     _________         
         / ___________// ______ \\_____   _____// ______ \   / ________)        
        / /_________  / /      \ \     | |     / /      \ \ | (_______          
       |  __________|| |        | |    | |    | |        | | \________ \        
        \ \_________ | |        | |    | |     \ \______/ /___________) |       
         \__________||_|        |_|    |_|      \________//____________/        
                                                                                
====================================[ Qcore ]===================================

 Git hash:   bfa4c3a672cc1ff01df8911b87991f8932a2a687
 Git date:   Fri, 12 Feb 2021 10:05:04 +0000
 Compiler:   GNU 9.1.0
 Build type: Release
 Version:    0.8.19

 Start time: Fri Apr 23 11:52:34 2021

 Data directory: /home/zw18965/.local/qcore/share/entos/0.8.19/data
 Number of threads: 24
 Number of threads was determined by: command line argument
  - More threads can be used by running 'qcore -n 32'

 --------------------------------------------------------------------------------
                                command: optimize                                
 --------------------------------------------------------------------------------
 Using coordinate system:                tric
 Hessian update scheme:                  bfgs

 ------------------------------------------------------------------------------------------------------------
                   energy      change    grad rms    grad max    step rms    step max       trust    time (s)
 ------------------------------------------------------------------------------------------------------------
   1      -183.756491642                3.23e-02    7.31e-02                            2.00e-01        0.69
   2      -183.757853594   -1.36e-03    4.45e-03    9.59e-03    1.97e-02    4.58e-02    2.00e-01        0.58
   3      -183.757921075   -6.75e-05    1.42e-03    3.03e-03    4.94e-03    7.27e-03    2.00e-01        0.57
   4      -183.757926814   -5.74e-06    1.53e-04    3.75e-04    1.64e-03    3.59e-03    2.00e-01        0.57
   5      -183.757926852   -3.84e-08    4.56e-06    1.03e-05    1.11e-04    2.73e-04    2.00e-01        0.55
 Geometry optimization stopped:          thresholds achieved

 Final energy:                        -183.757926852

 -----------
  Final XYZ 
 -----------
3
Final structure: -183.758 hartree
N            0.000000243         -0.000000385         -1.091312866
N            0.000000147         -0.000000163         -0.009412542
O            0.000000141          0.000000051          1.159729806

 Structure in entos input format:

  structure(
    xyz = [
      ['N'  ,          0.000000243,         -0.000000385,         -1.091312866],
      ['N'  ,          0.000000147,         -0.000000163,         -0.009412542],
      ['O'  ,          0.000000141,          0.000000051,          1.159729806]
    ]
  )

 --------------------------------
  Geometry optimization finished 
 --------------------------------
 Saving results in set 'opt'

 --------------------------------------------------------------------------------
                                 command: hessian                                
 --------------------------------------------------------------------------------

WARNING: numerical method is specified for dft hessian, which is not efficient. Try switching to 'method = analytic'


 -------------------------------
  Numerical Geometrical Hessian 
 -------------------------------

 Compute hessian using two-point central differentiation.
 Step size (bohr):                       0.0100

 Frequencies (including translational and rotational modes):
 mode    frequency (cm-1)
    0                1.01 i (imaginary)
    1                0.07
    2                0.87
    3                6.63
    4                6.71
    5              715.25
    6              715.25
    7             1379.81
    8             2602.17

 Project out translational and rotational motions 

 Degrees of freedom for translational and rotational motions: 6

 Vibrational frequencies:
 mode    frequency (cm-1)
    0              715.25
    1             1379.81
    2             2602.17

 --------------------------------------------------------------------------------

 End time:                               Fri Apr 23 11:52:48 2021
 Total wall-clock time:                 14.530 seconds
==================================================================================
