
================================================================================
          _____________ ________ _______________ ________     _________         
         / ___________// ______ \\_____   _____// ______ \   / ________)        
        / /_________  / /      \ \     | |     / /      \ \ | (_______          
       |  __________|| |        | |    | |    | |        | | \________ \        
        \ \_________ | |        | |    | |     \ \______/ /___________) |       
         \__________||_|        |_|    |_|      \________//____________/        
                                                                                
====================================[ Qcore ]===================================

 Git hash:   bfa4c3a672cc1ff01df8911b87991f8932a2a687
 Git date:   Fri, 12 Feb 2021 10:05:04 +0000
 Compiler:   GNU 9.1.0
 Build type: Release
 Version:    0.8.19

 Start time: Fri Apr 23 11:52:48 2021

 Data directory: /home/zw18965/.local/qcore/share/entos/0.8.19/data
 Number of threads: 24
 Number of threads was determined by: command line argument
  - More threads can be used by running 'qcore -n 32'

 --------------------------------------------------------------------------------
                                command: optimize                                
 --------------------------------------------------------------------------------
 Using coordinate system:                tric
 Hessian update scheme:                  bfgs

 ------------------------------------------------------------------------------------------------------------
                   energy      change    grad rms    grad max    step rms    step max       trust    time (s)
 ------------------------------------------------------------------------------------------------------------
   1      -510.342826904                3.69e-02    8.50e-02                            2.00e-01        1.07
   2      -510.345247274   -2.42e-03    8.09e-03    1.91e-02    2.42e-02    5.72e-02    2.00e-01        0.87
   3      -510.345416066   -1.69e-04    2.92e-03    7.10e-03    6.21e-03    1.52e-02    2.00e-01        0.85
   4      -510.345466812   -5.07e-05    4.72e-04    1.11e-03    6.07e-03    1.28e-02    2.00e-01        0.84
   5      -510.345467857   -1.04e-06    2.87e-05    6.74e-05    9.26e-04    1.55e-03    2.00e-01        0.84
   6      -510.345467858   -1.74e-09    1.16e-06    2.74e-06    3.04e-05    4.78e-05    2.00e-01        0.81
 Geometry optimization stopped:          thresholds achieved

 Final energy:                        -510.345467858

 -----------
  Final XYZ 
 -----------
3
Final structure: -510.345 hartree
O           -0.000000709          0.000001327         -1.251061763
C           -0.000000522          0.000000870         -0.126732121
S           -0.000000450          0.000000347          1.436789734

 Structure in entos input format:

  structure(
    xyz = [
      ['O'  ,         -0.000000709,          0.000001327,         -1.251061763],
      ['C'  ,         -0.000000522,          0.000000870,         -0.126732121],
      ['S'  ,         -0.000000450,          0.000000347,          1.436789734]
    ]
  )

 --------------------------------
  Geometry optimization finished 
 --------------------------------
 Saving results in set 'opt'

 --------------------------------------------------------------------------------
                                 command: hessian                                
 --------------------------------------------------------------------------------

WARNING: numerical method is specified for dft hessian, which is not efficient. Try switching to 'method = analytic'


 -------------------------------
  Numerical Geometrical Hessian 
 -------------------------------

 Compute hessian using two-point central differentiation.
 Step size (bohr):                       0.0100

 Frequencies (including translational and rotational modes):
 mode    frequency (cm-1)
    0                0.48 i (imaginary)
    1                0.50
    2                0.94
    3                3.75
    4                3.88
    5              595.18
    6              595.18
    7              895.76
    8             2279.02

 Project out translational and rotational motions 

 Degrees of freedom for translational and rotational motions: 6

 Vibrational frequencies:
 mode    frequency (cm-1)
    0              595.18
    1              895.76
    2             2279.02

 --------------------------------------------------------------------------------

 End time:                               Fri Apr 23 11:53:11 2021
 Total wall-clock time:                 22.353 seconds
==================================================================================
