
================================================================================
          _____________ ________ _______________ ________     _________         
         / ___________// ______ \\_____   _____// ______ \   / ________)        
        / /_________  / /      \ \     | |     / /      \ \ | (_______          
       |  __________|| |        | |    | |    | |        | | \________ \        
        \ \_________ | |        | |    | |     \ \______/ /___________) |       
         \__________||_|        |_|    |_|      \________//____________/        
                                                                                
====================================[ Qcore ]===================================

 Git hash:   bfa4c3a672cc1ff01df8911b87991f8932a2a687
 Git date:   Fri, 12 Feb 2021 10:05:04 +0000
 Compiler:   GNU 9.1.0
 Build type: Release
 Version:    0.8.19

 Start time: Fri Apr 23 11:53:36 2021

 Data directory: /home/zw18965/.local/qcore/share/entos/0.8.19/data
 Number of threads: 24
 Number of threads was determined by: command line argument
  - More threads can be used by running 'qcore -n 32'

 --------------------------------------------------------------------------------
                                command: optimize                                
 --------------------------------------------------------------------------------
 Using coordinate system:                tric
 Hessian update scheme:                  bfgs

 ------------------------------------------------------------------------------------------------------------
                   energy      change    grad rms    grad max    step rms    step max       trust    time (s)
 ------------------------------------------------------------------------------------------------------------
   1      -547.305673631                3.75e-02    6.24e-02                            2.00e-01        1.04
   2      -547.310173976   -4.50e-03    1.79e-02    3.07e-02    3.57e-02    4.56e-02    2.00e-01        0.88
   3      -547.311278086   -1.10e-03    2.58e-03    4.78e-03    3.10e-02    4.07e-02    2.00e-01        0.88
   4      -547.311306958   -2.89e-05    5.55e-04    1.36e-03    4.84e-03    5.50e-03    2.00e-01        0.89
   5      -547.311308435   -1.48e-06    3.55e-04    8.66e-04    7.35e-04    1.04e-03    2.00e-01        0.86
   6      -547.311309653   -1.22e-06    2.95e-06    5.59e-06    1.60e-03    2.20e-03    2.00e-01        0.86
   7      -547.311309653   -1.55e-10    6.74e-08    1.40e-07    7.78e-06    6.50e-06    2.00e-01        0.83
 Geometry optimization stopped:          thresholds achieved

 Final energy:                        -547.311309653

 -----------
  Final XYZ 
 -----------
3
Final structure: -547.311 hartree
S           -0.001118822          0.472485761          0.000005504
O            1.202265647         -0.233403248          0.000008364
O           -1.201154197         -0.239081935          0.000002683

 Structure in entos input format:

  structure(
    xyz = [
      ['S'  ,         -0.001118822,          0.472485761,          0.000005504],
      ['O'  ,          1.202265647,         -0.233403248,          0.000008364],
      ['O'  ,         -1.201154197,         -0.239081935,          0.000002683]
    ]
  )

 --------------------------------
  Geometry optimization finished 
 --------------------------------
 Saving results in set 'opt'

 --------------------------------------------------------------------------------
                                 command: hessian                                
 --------------------------------------------------------------------------------

WARNING: numerical method is specified for dft hessian, which is not efficient. Try switching to 'method = analytic'


 -------------------------------
  Numerical Geometrical Hessian 
 -------------------------------

 Compute hessian using two-point central differentiation.
 Step size (bohr):                       0.0100

 Frequencies (including translational and rotational modes):
 mode    frequency (cm-1)
    0                9.18 i (imaginary)
    1                0.28 i (imaginary)
    2                0.66
    3                1.17
    4                4.63
    5                7.15
    6              608.94
    7             1384.60
    8             1588.75

 Project out translational and rotational motions 

 Degrees of freedom for translational and rotational motions: 6

 Vibrational frequencies:
 mode    frequency (cm-1)
    0              608.94
    1             1384.60
    2             1588.75

 --------------------------------------------------------------------------------

 End time:                               Fri Apr 23 11:54:00 2021
 Total wall-clock time:                 24.140 seconds
==================================================================================
