
================================================================================
          _____________ ________ _______________ ________     _________         
         / ___________// ______ \\_____   _____// ______ \   / ________)        
        / /_________  / /      \ \     | |     / /      \ \ | (_______          
       |  __________|| |        | |    | |    | |        | | \________ \        
        \ \_________ | |        | |    | |     \ \______/ /___________) |       
         \__________||_|        |_|    |_|      \________//____________/        
                                                                                
====================================[ Qcore ]===================================

 Git hash:   15a3e7daff0cda5fa9af010ccd19a80288182ecf
 Git date:   Fri, 16 Apr 2021 15:57:16 +0100
 Compiler:   GNU 9.1.0
 Build type: Release
 Version:    1.1.0

 Start time: Mon Apr 19 14:21:45 2021

 Data directory: /work/zw18965/.local/qcore/share/entos/1.1.0/data
 Number of threads: 24
 Number of threads was determined by: command line argument

 --------------------------------------------------------------------------------
                                command: optimize                                
 --------------------------------------------------------------------------------
 Using coordinate system:                tric
 Hessian update scheme:                  bfgs

 ------------------------------------------------------------------------------------------------------------
                   energy      change    grad rms    grad max    step rms    step max       trust    time (s)
 ------------------------------------------------------------------------------------------------------------
   1       -78.586977108                4.86e-03    1.34e-02                            2.00e-01        2.13
   2       -78.587271074   -2.94e-04    1.39e-03    3.82e-03    1.25e-02    2.02e-02    2.00e-01        1.58
   3       -78.587300513   -2.94e-05    2.55e-04    6.17e-04    5.08e-03    6.60e-03    2.00e-01        1.38
   4       -78.587302635   -2.12e-06    9.12e-05    1.61e-04    1.97e-03    2.58e-03    2.00e-01        1.48
   5       -78.587303049   -4.14e-07    1.71e-05    3.39e-05    1.19e-03    1.34e-03    2.00e-01        1.30
   6       -78.587303083   -3.36e-08    3.78e-06    9.66e-06    1.16e-04    5.57e-04    2.00e-01        1.37
 Geometry optimization stopped:          thresholds achieved

 Final energy:                         -78.587303083

 -----------
  Final XYZ 
 -----------
6
Final structure: -78.5873 hartree
C           -0.664796238         -0.052698336          0.000580472
C            0.664726881          0.052693762         -0.000546846
H           -1.244579806          0.002253335         -0.918477276
H           -1.227092716         -0.198204050          0.920630398
H            1.227024519          0.198198146         -0.920596415
H            1.244509944         -0.002259453          0.918511329

 Structure in entos input format:

  structure(
    xyz = [
      ['C'  ,         -0.664796238,         -0.052698336,          0.000580472],
      ['C'  ,          0.664726881,          0.052693762,         -0.000546846],
      ['H'  ,         -1.244579806,          0.002253335,         -0.918477276],
      ['H'  ,         -1.227092716,         -0.198204050,          0.920630398],
      ['H'  ,          1.227024519,          0.198198146,         -0.920596415],
      ['H'  ,          1.244509944,         -0.002259453,          0.918511329]
    ]
  )

 --------------------------------
  Geometry optimization finished 
 --------------------------------
 Saving results in set 'opt'

 --------------------------------------------------------------------------------
                                 command: hessian                                
 --------------------------------------------------------------------------------

 -------------------------------
  Numerical Geometrical Hessian 
 -------------------------------

 Compute hessian using two-point central differentiation.
 Step size (bohr):                       0.0100

 Frequencies (including translational and rotational modes):
 mode    frequency (cm-1)
    0               24.93 i (imaginary)
    1                0.03 i (imaginary)
    2                0.01 i (imaginary)
    3                0.01 i (imaginary)
    4               23.72
    5               29.97
    6              819.12
    7              943.84
    8              945.73
    9             1035.62
   10             1218.03
   11             1347.80
   12             1446.70
   13             1634.96
   14             3051.96
   15             3062.48
   16             3115.94
   17             3144.65

 Project out translational and rotational motions 

 Degrees of freedom for translational and rotational motions: 6

 Vibrational frequencies:
 mode    frequency (cm-1)
    0              819.12
    1              943.84
    2              945.73
    3             1035.62
    4             1218.03
    5             1347.80
    6             1446.70
    7             1634.96
    8             3051.96
    9             3062.48
   10             3115.94
   11             3144.65

 --------------------------------------------------------------------------------

 End time:                               Mon Apr 19 14:22:51 2021
 Total wall-clock time:                 66.084 seconds
==================================================================================
