
================================================================================
          _____________ ________ _______________ ________     _________         
         / ___________// ______ \\_____   _____// ______ \   / ________)        
        / /_________  / /      \ \     | |     / /      \ \ | (_______          
       |  __________|| |        | |    | |    | |        | | \________ \        
        \ \_________ | |        | |    | |     \ \______/ /___________) |       
         \__________||_|        |_|    |_|      \________//____________/        
                                                                                
====================================[ Qcore ]===================================

 Git hash:   15a3e7daff0cda5fa9af010ccd19a80288182ecf
 Git date:   Fri, 16 Apr 2021 15:57:16 +0100
 Compiler:   GNU 9.1.0
 Build type: Release
 Version:    1.1.0

 Start time: Mon Apr 19 14:26:36 2021

 Data directory: /work/zw18965/.local/qcore/share/entos/1.1.0/data
 Number of threads: 24
 Number of threads was determined by: command line argument

 --------------------------------------------------------------------------------
                                command: optimize                                
 --------------------------------------------------------------------------------
 Using coordinate system:                tric
 Hessian update scheme:                  bfgs

 ------------------------------------------------------------------------------------------------------------
                   energy      change    grad rms    grad max    step rms    step max       trust    time (s)
 ------------------------------------------------------------------------------------------------------------
   1      -437.490763593                3.16e-03    5.88e-03                            2.00e-01        1.78
   2      -437.490915755   -1.52e-04    1.81e-03    4.64e-03    1.28e-02    1.71e-02    2.00e-01        1.04
   3      -437.490958887   -4.31e-05    7.04e-04    2.01e-03    9.88e-03    1.58e-02    2.00e-01        1.02
   4      -437.490961879   -2.99e-06    3.06e-04    8.19e-04    1.34e-03    2.86e-03    2.00e-01        0.95
   5      -437.490962610   -7.31e-07    1.82e-05    4.05e-05    7.24e-04    1.23e-03    2.00e-01        0.91
   6      -437.490962635   -2.50e-08    1.97e-06    3.42e-06    1.14e-04    1.35e-04    2.00e-01        0.94
 Geometry optimization stopped:          thresholds achieved

 Final energy:                        -437.490962635

 -----------
  Final XYZ 
 -----------
4
Final structure: -437.491 hartree
C           -0.113046703          0.008915695          0.001229265
S            1.501778621         -0.118849367         -0.015824147
H           -0.667522965          0.274554354          0.905851988
H           -0.721213094         -0.164682977         -0.891177703

 Structure in entos input format:

  structure(
    xyz = [
      ['C'  ,         -0.113046703,          0.008915695,          0.001229265],
      ['S'  ,          1.501778621,         -0.118849367,         -0.015824147],
      ['H'  ,         -0.667522965,          0.274554354,          0.905851988],
      ['H'  ,         -0.721213094,         -0.164682977,         -0.891177703]
    ]
  )

 --------------------------------
  Geometry optimization finished 
 --------------------------------
 Saving results in set 'opt'

 --------------------------------------------------------------------------------
                                 command: hessian                                
 --------------------------------------------------------------------------------

 -------------------------------
  Numerical Geometrical Hessian 
 -------------------------------

 Compute hessian using two-point central differentiation.
 Step size (bohr):                       0.0100

 Frequencies (including translational and rotational modes):
 mode    frequency (cm-1)
    0               22.84 i (imaginary)
    1               14.55 i (imaginary)
    2                0.10 i (imaginary)
    3                0.02
    4                0.13
    5               11.76
    6              980.55
    7              989.75
    8             1042.21
    9             1455.67
   10             2974.75
   11             3048.83

 Project out translational and rotational motions 

 Degrees of freedom for translational and rotational motions: 6

 Vibrational frequencies:
 mode    frequency (cm-1)
    0              980.55
    1              989.75
    2             1042.21
    3             1455.67
    4             2974.75
    5             3048.83

 --------------------------------------------------------------------------------

 End time:                               Mon Apr 19 14:27:08 2021
 Total wall-clock time:                 31.982 seconds
==================================================================================
