
================================================================================
          _____________ ________ _______________ ________     _________         
         / ___________// ______ \\_____   _____// ______ \   / ________)        
        / /_________  / /      \ \     | |     / /      \ \ | (_______          
       |  __________|| |        | |    | |    | |        | | \________ \        
        \ \_________ | |        | |    | |     \ \______/ /___________) |       
         \__________||_|        |_|    |_|      \________//____________/        
                                                                                
====================================[ Qcore ]===================================

 Git hash:   15a3e7daff0cda5fa9af010ccd19a80288182ecf
 Git date:   Fri, 16 Apr 2021 15:57:16 +0100
 Compiler:   GNU 9.1.0
 Build type: Release
 Version:    1.1.0

 Start time: Mon Apr 19 14:27:34 2021

 Data directory: /work/zw18965/.local/qcore/share/entos/1.1.0/data
 Number of threads: 24
 Number of threads was determined by: command line argument

 --------------------------------------------------------------------------------
                                command: optimize                                
 --------------------------------------------------------------------------------
 Using coordinate system:                tric
 Hessian update scheme:                  bfgs

 ------------------------------------------------------------------------------------------------------------
                   energy      change    grad rms    grad max    step rms    step max       trust    time (s)
 ------------------------------------------------------------------------------------------------------------
   1      -460.826689823                8.83e-03    1.53e-02                            2.00e-01        0.79
   2      -460.826966030   -2.76e-04    4.04e-03    7.00e-03    1.24e-02    2.49e-02    2.00e-01        0.36
   3      -460.827043446   -7.74e-05    2.62e-04    4.54e-04    1.05e-02    2.10e-02    2.00e-01        0.36
   4      -460.827043786   -3.40e-07    8.48e-06    1.47e-05    7.27e-04    1.45e-03    2.00e-01        0.36
   5      -460.827043789   -2.59e-09    3.75e-09    5.36e-09    2.43e-05    4.87e-05    2.00e-01        0.33
 Geometry optimization stopped:          thresholds achieved

 Final energy:                        -460.827043789

 -----------
  Final XYZ 
 -----------
2
Final structure: -460.827 hartree
Cl           0.645090066         -0.000000074         -0.000000066
H           -0.645090066          0.000000074          0.000000066

 Structure in entos input format:

  structure(
    xyz = [
      ['Cl' ,          0.645090066,         -0.000000074,         -0.000000066],
      ['H'  ,         -0.645090066,          0.000000074,          0.000000066]
    ]
  )

 --------------------------------
  Geometry optimization finished 
 --------------------------------
 Saving results in set 'opt'

 --------------------------------------------------------------------------------
                                 command: hessian                                
 --------------------------------------------------------------------------------

 -------------------------------
  Numerical Geometrical Hessian 
 -------------------------------

 Compute hessian using two-point central differentiation.
 Step size (bohr):                       0.0100

 Frequencies (including translational and rotational modes):
 mode    frequency (cm-1)
    0                0.05 i (imaginary)
    1                0.00 i (imaginary)
    2                0.00
    3               17.16
    4               17.26
    5             2850.02

 Project out translational and rotational motions 

 The molecule is linear

 Degrees of freedom for translational and rotational motions: 5

 Vibrational frequencies:
 mode    frequency (cm-1)
    0             2850.02

 --------------------------------------------------------------------------------

 End time:                               Mon Apr 19 14:27:41 2021
 Total wall-clock time:                  6.977 seconds
==================================================================================
