
================================================================================
          _____________ ________ _______________ ________     _________         
         / ___________// ______ \\_____   _____// ______ \   / ________)        
        / /_________  / /      \ \     | |     / /      \ \ | (_______          
       |  __________|| |        | |    | |    | |        | | \________ \        
        \ \_________ | |        | |    | |     \ \______/ /___________) |       
         \__________||_|        |_|    |_|      \________//____________/        
                                                                                
====================================[ Qcore ]===================================

 Git hash:   15a3e7daff0cda5fa9af010ccd19a80288182ecf
 Git date:   Fri, 16 Apr 2021 15:57:16 +0100
 Compiler:   GNU 9.1.0
 Build type: Release
 Version:    1.1.0

 Start time: Mon Apr 19 14:30:22 2021

 Data directory: /work/zw18965/.local/qcore/share/entos/1.1.0/data
 Number of threads: 24
 Number of threads was determined by: command line argument

 --------------------------------------------------------------------------------
                                command: optimize                                
 --------------------------------------------------------------------------------
 Using coordinate system:                tric
 Hessian update scheme:                  bfgs

 ------------------------------------------------------------------------------------------------------------
                   energy      change    grad rms    grad max    step rms    step max       trust    time (s)
 ------------------------------------------------------------------------------------------------------------
   1      -548.731130528                1.36e-02    2.28e-02                            2.00e-01        1.63
   2      -548.731749284   -6.19e-04    7.64e-03    1.30e-02    1.29e-02    1.66e-02    2.00e-01        0.93
   3      -548.732044780   -2.95e-04    6.20e-04    1.29e-03    1.61e-02    2.09e-02    2.00e-01        0.92
   4      -548.732046486   -1.71e-06    1.58e-04    3.83e-04    1.05e-03    1.54e-03    2.00e-01        0.88
   5      -548.732046656   -1.70e-07    9.79e-05    2.04e-04    2.85e-04    3.99e-04    2.00e-01        0.82
 Geometry optimization stopped:          thresholds achieved

 Final energy:                        -548.732046656

 -----------
  Final XYZ 
 -----------
3
Final structure: -548.732 hartree
S           -0.001252928          0.492446993          0.000000078
O            1.258739239         -0.243029084         -0.000000062
O           -1.257486311         -0.249417909         -0.000000016

 Structure in entos input format:

  structure(
    xyz = [
      ['S'  ,         -0.001252928,          0.492446993,          0.000000078],
      ['O'  ,          1.258739239,         -0.243029084,         -0.000000062],
      ['O'  ,         -1.257486311,         -0.249417909,         -0.000000016]
    ]
  )

 --------------------------------
  Geometry optimization finished 
 --------------------------------
 Saving results in set 'opt'

 --------------------------------------------------------------------------------
                                 command: hessian                                
 --------------------------------------------------------------------------------

 -------------------------------
  Numerical Geometrical Hessian 
 -------------------------------

 Compute hessian using two-point central differentiation.
 Step size (bohr):                       0.0100

 Frequencies (including translational and rotational modes):
 mode    frequency (cm-1)
    0               11.62 i (imaginary)
    1                0.03 i (imaginary)
    2                0.01 i (imaginary)
    3                0.08
    4               40.83
    5               61.25
    6              487.76
    7             1085.38
    8             1273.52

 Project out translational and rotational motions 

 Degrees of freedom for translational and rotational motions: 6

 Vibrational frequencies:
 mode    frequency (cm-1)
    0              487.76
    1             1085.38
    2             1273.52

 --------------------------------------------------------------------------------

 End time:                               Mon Apr 19 14:30:46 2021
 Total wall-clock time:                 23.202 seconds
==================================================================================
