
================================================================================
          _____________ ________ _______________ ________     _________         
         / ___________// ______ \\_____   _____// ______ \   / ________)        
        / /_________  / /      \ \     | |     / /      \ \ | (_______          
       |  __________|| |        | |    | |    | |        | | \________ \        
        \ \_________ | |        | |    | |     \ \______/ /___________) |       
         \__________||_|        |_|    |_|      \________//____________/        
                                                                                
====================================[ Qcore ]===================================

 Git hash:   15a3e7daff0cda5fa9af010ccd19a80288182ecf
 Git date:   Fri, 16 Apr 2021 15:57:16 +0100
 Compiler:   GNU 9.1.0
 Build type: Release
 Version:    1.1.0

 Start time: Fri Apr 23 14:49:15 2021

 Data directory: /work/zw18965/.local/qcore/share/entos/1.1.0/data
 Number of threads: 24
 Number of threads was determined by: command line argument
  - More threads can be used by running 'qcore -n 32'

 --------------------------------------------------------------------------------
                                command: optimize                                
 --------------------------------------------------------------------------------
 Using coordinate system:                tric
 Hessian update scheme:                  bfgs

 ------------------------------------------------------------------------------------------------------------
                   energy      change    grad rms    grad max    step rms    step max       trust    time (s)
 ------------------------------------------------------------------------------------------------------------
   1      -958.426571831                1.52e-02    3.71e-02                            2.00e-01        0.95
   2      -958.430792565   -4.22e-03    8.47e-03    1.74e-02    1.23e-01    1.37e-01    2.00e-01        0.67
   3      -958.431321100   -5.29e-04    4.77e-03    8.12e-03    2.42e-02    2.82e-02    2.00e-01        0.67
   4      -958.431577425   -2.56e-04    7.43e-04    1.48e-03    1.77e-02    2.76e-02    2.00e-01        0.66
   5      -958.431590033   -1.26e-05    7.99e-05    1.82e-04    5.29e-03    9.56e-03    2.00e-01        0.66
   6      -958.431592336   -2.30e-06    1.33e-04    2.19e-04    1.03e-03    8.42e-03    2.00e-01        0.63
   7      -958.431597437   -5.10e-06    2.39e-04    4.80e-04    1.32e-03    3.08e-02    2.00e-01        0.66
   8      -958.431599365   -1.93e-06    1.50e-04    3.20e-04    6.41e-04    1.89e-02    2.00e-01        0.66
   9      -958.431599812   -4.47e-07    3.21e-05    7.60e-05    1.00e-03    5.58e-03    2.00e-01        0.63
  10      -958.431599845   -3.33e-08    8.60e-06    1.95e-05    2.58e-04    7.19e-04    2.00e-01        0.59
 Geometry optimization stopped:          thresholds achieved

 Final energy:                        -958.431599845

 -----------
  Final XYZ 
 -----------
3
Final structure: -958.432 hartree
C           -0.000000078         -0.030378828          0.023014627
Cl          -0.000001156          0.956688864         -1.371366810
Cl           0.000001233          0.957010560          1.417081621

 Structure in entos input format:

  structure(
    xyz = [
      ['C'  ,         -0.000000078,         -0.030378828,          0.023014627],
      ['Cl' ,         -0.000001156,          0.956688864,         -1.371366810],
      ['Cl' ,          0.000001233,          0.957010560,          1.417081621]
    ]
  )

 --------------------------------
  Geometry optimization finished 
 --------------------------------
 Saving results in set 'opt'

 --------------------------------------------------------------------------------
                                 command: hessian                                
 --------------------------------------------------------------------------------

WARNING: semianalytic method is specified for dft hessian, which is not efficient. Try switching to 'method = analytic'


 -------------------------------
  Numerical Geometrical Hessian 
 -------------------------------

 Compute hessian using two-point central differentiation.
 Step size (bohr):                       0.0100

 Frequencies (including translational and rotational modes):
 mode    frequency (cm-1)
    0                0.18 i (imaginary)
    1                0.01 i (imaginary)
    2                0.01
    3               37.24
    4               39.20
    5              102.51
    6              346.08
    7              752.59
    8              797.07

 Project out translational and rotational motions 

 Degrees of freedom for translational and rotational motions: 6

 Vibrational frequencies:
 mode    frequency (cm-1)
    0              346.08
    1              752.59
    2              797.07

 --------------------------------------------------------------------------------

 End time:                               Fri Apr 23 14:49:34 2021
 Total wall-clock time:                 19.196 seconds
==================================================================================
