
================================================================================
          _____________ ________ _______________ ________     _________         
         / ___________// ______ \\_____   _____// ______ \   / ________)        
        / /_________  / /      \ \     | |     / /      \ \ | (_______          
       |  __________|| |        | |    | |    | |        | | \________ \        
        \ \_________ | |        | |    | |     \ \______/ /___________) |       
         \__________||_|        |_|    |_|      \________//____________/        
                                                                                
====================================[ Qcore ]===================================

 Git hash:   15a3e7daff0cda5fa9af010ccd19a80288182ecf
 Git date:   Fri, 16 Apr 2021 15:57:16 +0100
 Compiler:   GNU 9.1.0
 Build type: Release
 Version:    1.1.0

 Start time: Fri Apr 23 14:49:43 2021

 Data directory: /work/zw18965/.local/qcore/share/entos/1.1.0/data
 Number of threads: 24
 Number of threads was determined by: command line argument
  - More threads can be used by running 'qcore -n 32'

 --------------------------------------------------------------------------------
                                command: optimize                                
 --------------------------------------------------------------------------------
 Using coordinate system:                tric
 Hessian update scheme:                  bfgs

 ------------------------------------------------------------------------------------------------------------
                   energy      change    grad rms    grad max    step rms    step max       trust    time (s)
 ------------------------------------------------------------------------------------------------------------
   1       -40.520195164                6.63e-04    1.11e-03                            2.00e-01        0.56
   2       -40.520204191   -9.03e-06    1.76e-04    2.91e-04    2.54e-03    2.65e-03    2.00e-01        0.34
   3       -40.520205118   -9.27e-07    1.65e-05    2.91e-05    9.50e-04    2.17e-03    2.00e-01        0.33
   4       -40.520205349   -2.31e-07    3.57e-05    6.47e-05    1.27e-04    2.07e-03    2.00e-01        0.33
   5       -40.520207495   -2.15e-06    1.93e-04    2.90e-04    8.31e-04    2.76e-02    2.00e-01        0.34
   6       -40.520209298   -1.80e-06    2.37e-04    3.65e-04    4.42e-04    3.06e-02    2.00e-01        0.34
   7       -40.520211749   -2.45e-06    1.67e-04    2.57e-04    9.16e-04    4.00e-02    2.00e-01        0.34
   8       -40.520213896   -2.15e-06    4.92e-05    1.09e-04    1.33e-03    4.11e-02    2.00e-01        0.34
   9       -40.520214905   -1.01e-06    8.01e-05    1.43e-04    5.52e-04    1.48e-02    2.00e-01        0.32
  10       -40.520216864   -1.96e-06    1.55e-04    2.33e-04    7.26e-04    1.05e-02    2.00e-01        0.33
  11       -40.520221280   -4.42e-06    2.96e-04    4.40e-04    1.30e-03    5.20e-02    2.00e-01        0.34
  12       -40.520225262   -3.98e-06    2.39e-04    3.69e-04    8.04e-04    3.28e-02    2.00e-01        0.35
  13       -40.520227988   -2.73e-06    6.84e-05    1.12e-04    1.17e-03    3.80e-02    2.00e-01        0.35
  14       -40.520230044   -2.06e-06    1.80e-04    4.62e-04    1.12e-03    5.15e-02    2.00e-01        0.35
Rejecting step due to low quality: Quality: -4.69729 New trust radius: 0.00207857
  15       -40.520194639    3.54e-05    1.80e-04    4.62e-04    4.16e-03    2.36e-01    2.08e-03        0.36
  16       -40.520235959   -5.91e-06    6.40e-04    1.54e-03    2.08e-03    1.18e-01    2.94e-03        0.35
  17       -40.520238155   -2.20e-06    3.07e-04    8.04e-04    1.97e-03    5.31e-02    2.94e-03        0.35
  18       -40.520243104   -4.95e-06    1.77e-04    3.57e-04    1.67e-03    6.98e-02    2.94e-03        0.35
  19       -40.520245568   -2.46e-06    8.90e-05    1.98e-04    6.90e-04    2.12e-02    2.94e-03        0.33
  20       -40.520245849   -2.82e-07    1.29e-05    2.34e-05    4.34e-04    2.60e-03    2.94e-03        0.33
  21       -40.520245983   -1.34e-07    3.59e-05    7.10e-05    2.14e-04    2.06e-03    2.94e-03        0.32
  22       -40.520246115   -1.32e-07    5.23e-05    9.37e-05    8.44e-05    3.74e-03    2.94e-03        0.33
  23       -40.520246214   -9.88e-08    3.67e-05    7.50e-05    9.66e-05    3.62e-03    2.94e-03        0.34
  24       -40.520246241   -2.65e-08    1.13e-05    2.95e-05    1.49e-04    2.40e-03    2.94e-03        0.32
  25       -40.520246243   -2.53e-09    1.72e-06    3.95e-06    6.08e-05    1.01e-03    2.94e-03        0.32
 Geometry optimization stopped:          thresholds achieved

 Final energy:                         -40.520246243

 -----------
  Final XYZ 
 -----------
5
Final structure: -40.5202 hartree
C            0.000051094          0.000452013         -0.000418176
H            0.517837202          0.826510379          0.482199247
H            0.645326734         -0.875408760         -0.011261500
H           -0.909512098         -0.227919195          0.551014079
H           -0.253802931          0.276465562         -1.021533745

 Structure in entos input format:

  structure(
    xyz = [
      ['C'  ,          0.000051094,          0.000452013,         -0.000418176],
      ['H'  ,          0.517837202,          0.826510379,          0.482199247],
      ['H'  ,          0.645326734,         -0.875408760,         -0.011261500],
      ['H'  ,         -0.909512098,         -0.227919195,          0.551014079],
      ['H'  ,         -0.253802931,          0.276465562,         -1.021533745]
    ]
  )

 --------------------------------
  Geometry optimization finished 
 --------------------------------
 Saving results in set 'opt'

 --------------------------------------------------------------------------------
                                 command: hessian                                
 --------------------------------------------------------------------------------

WARNING: semianalytic method is specified for dft hessian, which is not efficient. Try switching to 'method = analytic'


 -------------------------------
  Numerical Geometrical Hessian 
 -------------------------------

 Compute hessian using two-point central differentiation.
 Step size (bohr):                       0.0100

 Frequencies (including translational and rotational modes):
 mode    frequency (cm-1)
    0                0.02 i (imaginary)
    1                0.02 i (imaginary)
    2                0.01 i (imaginary)
    3              131.13
    4              206.80
    5              225.73
    6             1349.59
    7             1359.16
    8             1359.64
    9             1571.62
   10             1575.24
   11             3055.92
   12             3177.08
   13             3177.90
   14             3178.58

 Project out translational and rotational motions 

 Degrees of freedom for translational and rotational motions: 6

 Vibrational frequencies:
 mode    frequency (cm-1)
    0             1349.51
    1             1359.15
    2             1359.61
    3             1571.59
    4             1575.24
    5             3055.92
    6             3177.08
    7             3177.90
    8             3178.58

 --------------------------------------------------------------------------------

 End time:                               Fri Apr 23 14:50:02 2021
 Total wall-clock time:                 19.240 seconds
==================================================================================
