
================================================================================
          _____________ ________ _______________ ________     _________         
         / ___________// ______ \\_____   _____// ______ \   / ________)        
        / /_________  / /      \ \     | |     / /      \ \ | (_______          
       |  __________|| |        | |    | |    | |        | | \________ \        
        \ \_________ | |        | |    | |     \ \______/ /___________) |       
         \__________||_|        |_|    |_|      \________//____________/        
                                                                                
====================================[ Qcore ]===================================

 Git hash:   15a3e7daff0cda5fa9af010ccd19a80288182ecf
 Git date:   Fri, 16 Apr 2021 15:57:16 +0100
 Compiler:   GNU 9.1.0
 Build type: Release
 Version:    1.1.0

 Start time: Fri Apr 23 14:50:21 2021

 Data directory: /work/zw18965/.local/qcore/share/entos/1.1.0/data
 Number of threads: 24
 Number of threads was determined by: command line argument
  - More threads can be used by running 'qcore -n 32'

 --------------------------------------------------------------------------------
                                command: optimize                                
 --------------------------------------------------------------------------------
 Using coordinate system:                tric
 Hessian update scheme:                  bfgs

 ------------------------------------------------------------------------------------------------------------
                   energy      change    grad rms    grad max    step rms    step max       trust    time (s)
 ------------------------------------------------------------------------------------------------------------
   1      -559.987693366                1.55e-02    2.69e-02                            2.00e-01        0.66
   2      -559.988504846   -8.11e-04    9.99e-03    1.73e-02    1.83e-02    3.66e-02    2.00e-01        0.32
   3      -559.989015542   -5.11e-04    1.44e-03    2.50e-03    3.32e-02    6.64e-02    2.00e-01        0.32
   4      -559.989025141   -9.60e-06    1.18e-04    2.04e-04    4.19e-03    8.39e-03    2.00e-01        0.31
   5      -559.989025184   -4.24e-08    1.23e-06    2.12e-06    3.16e-04    6.33e-04    2.00e-01        0.29
 Geometry optimization stopped:          thresholds achieved

 Final energy:                        -559.989025184

 -----------
  Final XYZ 
 -----------
2
Final structure: -559.989 hartree
Cl           0.809008543         -0.000000090          0.000000083
F           -0.809008543          0.000000090         -0.000000083

 Structure in entos input format:

  structure(
    xyz = [
      ['Cl' ,          0.809008543,         -0.000000090,          0.000000083],
      ['F'  ,         -0.809008543,          0.000000090,         -0.000000083]
    ]
  )

 --------------------------------
  Geometry optimization finished 
 --------------------------------
 Saving results in set 'opt'

 --------------------------------------------------------------------------------
                                 command: hessian                                
 --------------------------------------------------------------------------------

WARNING: semianalytic method is specified for dft hessian, which is not efficient. Try switching to 'method = analytic'


 -------------------------------
  Numerical Geometrical Hessian 
 -------------------------------

 Compute hessian using two-point central differentiation.
 Step size (bohr):                       0.0100

 Frequencies (including translational and rotational modes):
 mode    frequency (cm-1)
    0                0.01 i (imaginary)
    1                0.01 i (imaginary)
    2                0.00 i (imaginary)
    3               59.54
    4               59.54
    5              826.07

 Project out translational and rotational motions 

 The molecule is linear

 Degrees of freedom for translational and rotational motions: 5

 Vibrational frequencies:
 mode    frequency (cm-1)
    0              826.07

 --------------------------------------------------------------------------------

 End time:                               Fri Apr 23 14:50:27 2021
 Total wall-clock time:                  6.157 seconds
==================================================================================
