
================================================================================
          _____________ ________ _______________ ________     _________         
         / ___________// ______ \\_____   _____// ______ \   / ________)        
        / /_________  / /      \ \     | |     / /      \ \ | (_______          
       |  __________|| |        | |    | |    | |        | | \________ \        
        \ \_________ | |        | |    | |     \ \______/ /___________) |       
         \__________||_|        |_|    |_|      \________//____________/        
                                                                                
====================================[ Qcore ]===================================

 Git hash:   15a3e7daff0cda5fa9af010ccd19a80288182ecf
 Git date:   Fri, 16 Apr 2021 15:57:16 +0100
 Compiler:   GNU 9.1.0
 Build type: Release
 Version:    1.1.0

 Start time: Fri Apr 23 14:50:36 2021

 Data directory: /work/zw18965/.local/qcore/share/entos/1.1.0/data
 Number of threads: 24
 Number of threads was determined by: command line argument
  - More threads can be used by running 'qcore -n 32'

 --------------------------------------------------------------------------------
                                command: optimize                                
 --------------------------------------------------------------------------------
 Using coordinate system:                tric
 Hessian update scheme:                  bfgs

 ------------------------------------------------------------------------------------------------------------
                   energy      change    grad rms    grad max    step rms    step max       trust    time (s)
 ------------------------------------------------------------------------------------------------------------
   1      -113.322037757                1.80e-06    3.11e-06                            2.00e-01        0.48
Rejecting step due to low quality: Quality: -77.555 New trust radius: 1e-06
   2      -113.322037757    2.89e-10    1.80e-06    3.11e-06    1.20e-06    2.39e-06    1.00e-06        0.18
 Geometry optimization stopped:          thresholds achieved

 Final energy:                        -113.322037757

 -----------
  Final XYZ 
 -----------
2
Final structure: -113.322 hartree
O            0.562242500          0.000000000          0.000000000
C           -0.562242500          0.000000000          0.000000000

 Structure in entos input format:

  structure(
    xyz = [
      ['O'  ,          0.562242500,          0.000000000,          0.000000000],
      ['C'  ,         -0.562242500,          0.000000000,          0.000000000]
    ]
  )

 --------------------------------
  Geometry optimization finished 
 --------------------------------
 Saving results in set 'opt'

 --------------------------------------------------------------------------------
                                 command: hessian                                
 --------------------------------------------------------------------------------

WARNING: semianalytic method is specified for dft hessian, which is not efficient. Try switching to 'method = analytic'


 -------------------------------
  Numerical Geometrical Hessian 
 -------------------------------

 Compute hessian using two-point central differentiation.
 Step size (bohr):                       0.0100

 Frequencies (including translational and rotational modes):
 mode    frequency (cm-1)
    0                0.01 i (imaginary)
    1                0.01 i (imaginary)
    2                0.00 i (imaginary)
    3               14.78
    4               14.78
    5             2248.20

 Project out translational and rotational motions 

 The molecule is linear

 Degrees of freedom for translational and rotational motions: 5

 Vibrational frequencies:
 mode    frequency (cm-1)
    0             2248.20

 --------------------------------------------------------------------------------

 End time:                               Fri Apr 23 14:50:39 2021
 Total wall-clock time:                  3.520 seconds
==================================================================================
