
================================================================================
          _____________ ________ _______________ ________     _________         
         / ___________// ______ \\_____   _____// ______ \   / ________)        
        / /_________  / /      \ \     | |     / /      \ \ | (_______          
       |  __________|| |        | |    | |    | |        | | \________ \        
        \ \_________ | |        | |    | |     \ \______/ /___________) |       
         \__________||_|        |_|    |_|      \________//____________/        
                                                                                
====================================[ Qcore ]===================================

 Git hash:   15a3e7daff0cda5fa9af010ccd19a80288182ecf
 Git date:   Fri, 16 Apr 2021 15:57:16 +0100
 Compiler:   GNU 9.1.0
 Build type: Release
 Version:    1.1.0

 Start time: Fri Apr 23 14:51:04 2021

 Data directory: /work/zw18965/.local/qcore/share/entos/1.1.0/data
 Number of threads: 24
 Number of threads was determined by: command line argument
  - More threads can be used by running 'qcore -n 32'

 --------------------------------------------------------------------------------
                                command: optimize                                
 --------------------------------------------------------------------------------
 Using coordinate system:                tric
 Hessian update scheme:                  bfgs

 ------------------------------------------------------------------------------------------------------------
                   energy      change    grad rms    grad max    step rms    step max       trust    time (s)
 ------------------------------------------------------------------------------------------------------------
   1      -114.510657783                3.89e-03    1.10e-02                            2.00e-01        0.71
   2      -114.510836658   -1.79e-04    1.87e-03    5.50e-03    1.50e-02    2.59e-02    2.00e-01        0.39
   3      -114.510885368   -4.87e-05    2.15e-04    5.32e-04    1.18e-02    2.14e-02    2.00e-01        0.40
   4      -114.510887051   -1.68e-06    6.57e-05    1.42e-04    5.77e-04    3.97e-03    2.00e-01        0.39
   5      -114.510891262   -4.21e-06    3.68e-04    1.01e-03    1.19e-03    1.76e-02    2.00e-01        0.41
   6      -114.510894027   -2.77e-06    4.44e-04    1.20e-03    2.73e-04    1.61e-02    2.00e-01        0.41
   7      -114.510896891   -2.86e-06    2.74e-04    7.22e-04    4.42e-04    1.95e-02    2.00e-01        0.40
   8      -114.510897886   -9.94e-07    5.64e-05    1.27e-04    6.30e-04    9.34e-03    2.00e-01        0.38
   9      -114.510898294   -4.09e-07    7.04e-05    1.80e-04    3.44e-04    5.90e-03    2.00e-01        0.39
  10      -114.510899059   -7.64e-07    2.13e-04    5.57e-04    4.44e-04    1.25e-02    2.00e-01        0.39
  11      -114.510900207   -1.15e-06    3.55e-04    9.15e-04    4.83e-04    2.57e-02    2.00e-01        0.40
  12      -114.510901060   -8.53e-07    2.73e-04    7.07e-04    2.54e-04    7.72e-03    2.00e-01        0.39
  13      -114.510901933   -8.74e-07    1.85e-05    4.25e-05    8.63e-04    1.18e-02    2.00e-01        0.39
  14      -114.510901960   -2.68e-08    1.39e-05    3.01e-05    1.24e-04    1.42e-03    2.00e-01        0.36
  15      -114.510901990   -2.97e-08    1.01e-05    1.66e-05    1.61e-04    3.07e-03    2.00e-01        0.37
  16      -114.510902028   -3.81e-08    1.64e-05    3.23e-05    6.58e-05    2.15e-03    2.00e-01        0.37
  17      -114.510902123   -9.55e-08    3.13e-05    6.11e-05    6.84e-05    5.57e-03    2.00e-01        0.39
  18      -114.510902313   -1.90e-07    4.56e-05    8.26e-05    8.69e-05    1.10e-02    2.00e-01        0.40
  19      -114.510903448   -1.13e-06    3.64e-05    7.43e-05    3.91e-04    3.76e-02    2.00e-01        0.40
  20      -114.510902172    1.28e-06    4.93e-05    9.54e-05    4.21e-04    5.00e-02    2.00e-01        0.40
  21      -114.510900172    2.00e-06    3.15e-05    6.70e-05    1.82e-04    3.35e-02    2.00e-01        0.39
  22      -114.510902379   -2.21e-06    2.16e-05    4.04e-05    3.37e-04    4.58e-02    2.00e-01        0.39
  23      -114.510902507   -1.28e-07    1.70e-05    3.13e-05    8.88e-05    8.88e-03    2.00e-01        0.38
  24      -114.510906887   -4.38e-06    8.16e-05    1.52e-04    9.18e-04    7.33e-02    2.00e-01        0.39
  25      -114.510902405    4.48e-06    1.79e-05    3.40e-05    9.47e-04    8.11e-02    2.00e-01        0.41
  26      -114.510902235    1.70e-07    1.34e-05    2.64e-05    4.71e-05    9.30e-03    2.00e-01        0.39
  27      -114.510902729   -4.94e-07    8.79e-06    1.67e-05    2.00e-04    3.02e-02    2.00e-01        0.39
Rejecting step due to low quality: Quality: -3.00436 New trust radius: 0.00220539
  28      -114.510864876    3.79e-05    8.79e-06    1.67e-05    4.41e-03    6.71e-01    2.21e-03        0.47
  29      -114.510878164    2.46e-05    1.24e-04    2.81e-04    2.20e-03    3.35e-01    1.10e-03        0.44
  30      -114.510928269   -5.01e-05    4.68e-05    7.21e-05    1.10e-03    1.66e-01    1.56e-03        0.40
  31      -114.510927921    3.48e-07    3.75e-05    6.19e-05    1.65e-04    3.90e-02    8.23e-05        0.40
  32      -114.510929004   -1.08e-06    1.64e-05    4.29e-05    2.72e-05    2.44e-02    8.23e-05        0.38
  33      -114.510929032   -2.72e-08    7.92e-06    1.52e-05    5.67e-05    3.87e-03    8.23e-05        0.37
  34      -114.510929040   -8.10e-09    3.37e-06    7.82e-06    1.56e-05    1.12e-03    8.23e-05        0.36
 Geometry optimization stopped:          thresholds achieved

 Final energy:                        -114.510929040

 -----------
  Final XYZ 
 -----------
4
Final structure: -114.511 hartree
C           -0.005846424         -0.000018516         -0.000004889
O            1.190272427          0.000037794          0.000078330
H           -0.592238625          0.897799678         -0.270354541
H           -0.592195755         -0.897886184          0.270289048

 Structure in entos input format:

  structure(
    xyz = [
      ['C'  ,         -0.005846424,         -0.000018516,         -0.000004889],
      ['O'  ,          1.190272427,          0.000037794,          0.000078330],
      ['H'  ,         -0.592238625,          0.897799678,         -0.270354541],
      ['H'  ,         -0.592195755,         -0.897886184,          0.270289048]
    ]
  )

 --------------------------------
  Geometry optimization finished 
 --------------------------------
 Saving results in set 'opt'

 --------------------------------------------------------------------------------
                                 command: hessian                                
 --------------------------------------------------------------------------------

WARNING: semianalytic method is specified for dft hessian, which is not efficient. Try switching to 'method = analytic'


 -------------------------------
  Numerical Geometrical Hessian 
 -------------------------------

 Compute hessian using two-point central differentiation.
 Step size (bohr):                       0.0100

 Frequencies (including translational and rotational modes):
 mode    frequency (cm-1)
    0                0.19 i (imaginary)
    1                0.02 i (imaginary)
    2                0.01 i (imaginary)
    3               61.71
    4              113.26
    5              268.54
    6             1241.60
    7             1297.09
    8             1557.38
    9             1862.10
   10             2923.92
   11             2985.37

 Project out translational and rotational motions 

 Degrees of freedom for translational and rotational motions: 6

 Vibrational frequencies:
 mode    frequency (cm-1)
    0             1241.53
    1             1296.92
    2             1557.37
    3             1862.10
    4             2923.92
    5             2985.37

 --------------------------------------------------------------------------------

 End time:                               Fri Apr 23 14:51:27 2021
 Total wall-clock time:                 23.211 seconds
==================================================================================
