
================================================================================
          _____________ ________ _______________ ________     _________         
         / ___________// ______ \\_____   _____// ______ \   / ________)        
        / /_________  / /      \ \     | |     / /      \ \ | (_______          
       |  __________|| |        | |    | |    | |        | | \________ \        
        \ \_________ | |        | |    | |     \ \______/ /___________) |       
         \__________||_|        |_|    |_|      \________//____________/        
                                                                                
====================================[ Qcore ]===================================

 Git hash:   15a3e7daff0cda5fa9af010ccd19a80288182ecf
 Git date:   Fri, 16 Apr 2021 15:57:16 +0100
 Compiler:   GNU 9.1.0
 Build type: Release
 Version:    1.1.0

 Start time: Fri Apr 23 14:52:02 2021

 Data directory: /work/zw18965/.local/qcore/share/entos/1.1.0/data
 Number of threads: 24
 Number of threads was determined by: command line argument
  - More threads can be used by running 'qcore -n 32'

 --------------------------------------------------------------------------------
                                command: optimize                                
 --------------------------------------------------------------------------------
 Using coordinate system:                tric
 Hessian update scheme:                  bfgs

 ------------------------------------------------------------------------------------------------------------
                   energy      change    grad rms    grad max    step rms    step max       trust    time (s)
 ------------------------------------------------------------------------------------------------------------
   1      -399.410138985                5.74e-03    1.24e-02                            2.00e-01        0.58
   2      -399.410350404   -2.11e-04    2.20e-03    4.69e-03    1.03e-02    1.76e-02    2.00e-01        0.31
   3      -399.410388584   -3.82e-05    8.23e-05    1.76e-04    6.72e-03    1.11e-02    2.00e-01        0.33
   4      -399.410388641   -5.68e-08    1.91e-06    3.95e-06    2.56e-04    4.31e-04    2.00e-01        0.30
 Geometry optimization stopped:          thresholds achieved

 Final energy:                        -399.410388641

 -----------
  Final XYZ 
 -----------
3
Final structure: -399.41 hartree
S           -0.001673721          0.615765389         -0.000000064
H            0.966765046         -0.305263069          0.000000198
H           -0.965091324         -0.310502315         -0.000000134

 Structure in entos input format:

  structure(
    xyz = [
      ['S'  ,         -0.001673721,          0.615765389,         -0.000000064],
      ['H'  ,          0.966765046,         -0.305263069,          0.000000198],
      ['H'  ,         -0.965091324,         -0.310502315,         -0.000000134]
    ]
  )

 --------------------------------
  Geometry optimization finished 
 --------------------------------
 Saving results in set 'opt'

 --------------------------------------------------------------------------------
                                 command: hessian                                
 --------------------------------------------------------------------------------

WARNING: semianalytic method is specified for dft hessian, which is not efficient. Try switching to 'method = analytic'


 -------------------------------
  Numerical Geometrical Hessian 
 -------------------------------

 Compute hessian using two-point central differentiation.
 Step size (bohr):                       0.0100

 Frequencies (including translational and rotational modes):
 mode    frequency (cm-1)
    0              225.47 i (imaginary)
    1              218.44 i (imaginary)
    2              102.36 i (imaginary)
    3                0.01 i (imaginary)
    4                0.03
    5                0.09
    6             1217.87
    7             2756.43
    8             2768.51

 Project out translational and rotational motions 

 Degrees of freedom for translational and rotational motions: 6

 Vibrational frequencies:
 mode    frequency (cm-1)
    0             1217.87
    1             2756.43
    2             2768.51

 --------------------------------------------------------------------------------

 End time:                               Fri Apr 23 14:52:09 2021
 Total wall-clock time:                  7.500 seconds
==================================================================================
