
================================================================================
          _____________ ________ _______________ ________     _________         
         / ___________// ______ \\_____   _____// ______ \   / ________)        
        / /_________  / /      \ \     | |     / /      \ \ | (_______          
       |  __________|| |        | |    | |    | |        | | \________ \        
        \ \_________ | |        | |    | |     \ \______/ /___________) |       
         \__________||_|        |_|    |_|      \________//____________/        
                                                                                
====================================[ Qcore ]===================================

 Git hash:   15a3e7daff0cda5fa9af010ccd19a80288182ecf
 Git date:   Fri, 16 Apr 2021 15:57:16 +0100
 Compiler:   GNU 9.1.0
 Build type: Release
 Version:    1.1.0

 Start time: Fri Apr 23 14:52:09 2021

 Data directory: /work/zw18965/.local/qcore/share/entos/1.1.0/data
 Number of threads: 24
 Number of threads was determined by: command line argument
  - More threads can be used by running 'qcore -n 32'

 --------------------------------------------------------------------------------
                                command: optimize                                
 --------------------------------------------------------------------------------
 Using coordinate system:                tric
 Hessian update scheme:                  bfgs

 ------------------------------------------------------------------------------------------------------------
                   energy      change    grad rms    grad max    step rms    step max       trust    time (s)
 ------------------------------------------------------------------------------------------------------------
   1      -460.825832109                3.98e-03    6.90e-03                            2.00e-01        0.52
   2      -460.825887274   -5.52e-05    1.70e-03    2.95e-03    5.61e-03    1.12e-02    2.00e-01        0.24
   3      -460.825899927   -1.27e-05    4.75e-05    8.23e-05    4.19e-03    8.38e-03    2.00e-01        0.23
   4      -460.825899944   -1.69e-08    5.24e-07    9.08e-07    1.20e-04    2.41e-04    2.00e-01        0.23
 Geometry optimization stopped:          thresholds achieved

 Final energy:                        -460.825899944

 -----------
  Final XYZ 
 -----------
2
Final structure: -460.826 hartree
Cl           0.637810577          0.000000063         -0.000000024
H           -0.637810577         -0.000000063          0.000000024

 Structure in entos input format:

  structure(
    xyz = [
      ['Cl' ,          0.637810577,          0.000000063,         -0.000000024],
      ['H'  ,         -0.637810577,         -0.000000063,          0.000000024]
    ]
  )

 --------------------------------
  Geometry optimization finished 
 --------------------------------
 Saving results in set 'opt'

 --------------------------------------------------------------------------------
                                 command: hessian                                
 --------------------------------------------------------------------------------

WARNING: semianalytic method is specified for dft hessian, which is not efficient. Try switching to 'method = analytic'


 -------------------------------
  Numerical Geometrical Hessian 
 -------------------------------

 Compute hessian using two-point central differentiation.
 Step size (bohr):                       0.0100

 Frequencies (including translational and rotational modes):
 mode    frequency (cm-1)
    0               70.00 i (imaginary)
    1               69.98 i (imaginary)
    2                0.01 i (imaginary)
    3                0.00 i (imaginary)
    4                0.00
    5             3018.26

 Project out translational and rotational motions 

 The molecule is linear

 Degrees of freedom for translational and rotational motions: 5

 Vibrational frequencies:
 mode    frequency (cm-1)
    0             3018.26

 --------------------------------------------------------------------------------

 End time:                               Fri Apr 23 14:52:14 2021
 Total wall-clock time:                  4.568 seconds
==================================================================================
