
================================================================================
          _____________ ________ _______________ ________     _________         
         / ___________// ______ \\_____   _____// ______ \   / ________)        
        / /_________  / /      \ \     | |     / /      \ \ | (_______          
       |  __________|| |        | |    | |    | |        | | \________ \        
        \ \_________ | |        | |    | |     \ \______/ /___________) |       
         \__________||_|        |_|    |_|      \________//____________/        
                                                                                
====================================[ Qcore ]===================================

 Git hash:   15a3e7daff0cda5fa9af010ccd19a80288182ecf
 Git date:   Fri, 16 Apr 2021 15:57:16 +0100
 Compiler:   GNU 9.1.0
 Build type: Release
 Version:    1.1.0

 Start time: Fri Apr 23 14:53:08 2021

 Data directory: /work/zw18965/.local/qcore/share/entos/1.1.0/data
 Number of threads: 24
 Number of threads was determined by: command line argument
  - More threads can be used by running 'qcore -n 32'

 --------------------------------------------------------------------------------
                                command: optimize                                
 --------------------------------------------------------------------------------
 Using coordinate system:                tric
 Hessian update scheme:                  bfgs

 ------------------------------------------------------------------------------------------------------------
                   energy      change    grad rms    grad max    step rms    step max       trust    time (s)
 ------------------------------------------------------------------------------------------------------------
   1      -511.560929812                1.24e-02    3.03e-02                            2.00e-01        0.95
   2      -511.561221818   -2.92e-04    5.08e-03    1.18e-02    6.53e-03    1.55e-02    2.00e-01        0.54
   3      -511.561310402   -8.86e-05    7.13e-04    1.58e-03    6.77e-03    1.61e-02    2.00e-01        0.53
   4      -511.561313216   -2.81e-06    1.59e-04    3.85e-04    1.41e-03    2.44e-03    2.00e-01        0.49
   5      -511.561313322   -1.06e-07    8.80e-06    2.07e-05    2.34e-04    3.13e-04    2.00e-01        0.48
 Geometry optimization stopped:          thresholds achieved

 Final energy:                        -511.561313322

 -----------
  Final XYZ 
 -----------
3
Final structure: -511.561 hartree
O           -0.000000072         -0.000000032         -1.266506615
C           -0.000000020          0.000000065         -0.116253242
S            0.000000093         -0.000000033          1.441759856

 Structure in entos input format:

  structure(
    xyz = [
      ['O'  ,         -0.000000072,         -0.000000032,         -1.266506615],
      ['C'  ,         -0.000000020,          0.000000065,         -0.116253242],
      ['S'  ,          0.000000093,         -0.000000033,          1.441759856]
    ]
  )

 --------------------------------
  Geometry optimization finished 
 --------------------------------
 Saving results in set 'opt'

 --------------------------------------------------------------------------------
                                 command: hessian                                
 --------------------------------------------------------------------------------

WARNING: semianalytic method is specified for dft hessian, which is not efficient. Try switching to 'method = analytic'


 -------------------------------
  Numerical Geometrical Hessian 
 -------------------------------

 Compute hessian using two-point central differentiation.
 Step size (bohr):                       0.0100

 Frequencies (including translational and rotational modes):
 mode    frequency (cm-1)
    0                0.35 i (imaginary)
    1                0.31 i (imaginary)
    2                0.01
    3                3.26
    4                3.34
    5              542.24
    6              542.24
    7              895.57
    8             2163.52

 Project out translational and rotational motions 

 Degrees of freedom for translational and rotational motions: 6

 Vibrational frequencies:
 mode    frequency (cm-1)
    0              542.24
    1              895.57
    2             2163.52

 --------------------------------------------------------------------------------

 End time:                               Fri Apr 23 14:53:22 2021
 Total wall-clock time:                 13.356 seconds
==================================================================================
