
================================================================================
          _____________ ________ _______________ ________     _________         
         / ___________// ______ \\_____   _____// ______ \   / ________)        
        / /_________  / /      \ \     | |     / /      \ \ | (_______          
       |  __________|| |        | |    | |    | |        | | \________ \        
        \ \_________ | |        | |    | |     \ \______/ /___________) |       
         \__________||_|        |_|    |_|      \________//____________/        
                                                                                
====================================[ Qcore ]===================================

 Git hash:   15a3e7daff0cda5fa9af010ccd19a80288182ecf
 Git date:   Fri, 16 Apr 2021 15:57:16 +0100
 Compiler:   GNU 9.1.0
 Build type: Release
 Version:    1.1.0

 Start time: Fri Apr 23 14:53:44 2021

 Data directory: /work/zw18965/.local/qcore/share/entos/1.1.0/data
 Number of threads: 24
 Number of threads was determined by: command line argument
  - More threads can be used by running 'qcore -n 32'

 --------------------------------------------------------------------------------
                                command: optimize                                
 --------------------------------------------------------------------------------
 Using coordinate system:                tric
 Hessian update scheme:                  bfgs

 ------------------------------------------------------------------------------------------------------------
                   energy      change    grad rms    grad max    step rms    step max       trust    time (s)
 ------------------------------------------------------------------------------------------------------------
   1      -548.657057205                1.04e-02    1.77e-02                            2.00e-01        0.86
   2      -548.657399335   -3.42e-04    5.31e-03    9.29e-03    9.54e-03    1.25e-02    2.00e-01        0.52
   3      -548.657512372   -1.13e-04    2.40e-04    4.99e-04    9.51e-03    1.28e-02    2.00e-01        0.54
   4      -548.657512933   -5.61e-07    1.65e-04    3.85e-04    6.62e-04    5.11e-04    2.00e-01        0.48
   5      -548.657513247   -3.14e-07    1.32e-04    3.13e-04    6.51e-04    7.67e-04    2.00e-01        0.52
   6      -548.657513365   -1.18e-07    4.69e-05    9.05e-05    4.68e-04    6.39e-04    2.00e-01        0.51
 Geometry optimization stopped:          thresholds achieved

 Final energy:                        -548.657513365

 -----------
  Final XYZ 
 -----------
3
Final structure: -548.658 hartree
S           -0.001475055          0.481419527          0.000000044
O            1.229329149         -0.236953088         -0.000000553
O           -1.227854094         -0.244466440          0.000000510

 Structure in entos input format:

  structure(
    xyz = [
      ['S'  ,         -0.001475055,          0.481419527,          0.000000044],
      ['O'  ,          1.229329149,         -0.236953088,         -0.000000553],
      ['O'  ,         -1.227854094,         -0.244466440,          0.000000510]
    ]
  )

 --------------------------------
  Geometry optimization finished 
 --------------------------------
 Saving results in set 'opt'

 --------------------------------------------------------------------------------
                                 command: hessian                                
 --------------------------------------------------------------------------------

WARNING: semianalytic method is specified for dft hessian, which is not efficient. Try switching to 'method = analytic'


 -------------------------------
  Numerical Geometrical Hessian 
 -------------------------------

 Compute hessian using two-point central differentiation.
 Step size (bohr):                       0.0100

 Frequencies (including translational and rotational modes):
 mode    frequency (cm-1)
    0               31.11 i (imaginary)
    1                0.08 i (imaginary)
    2                0.00 i (imaginary)
    3                0.03
    4               32.74
    5               54.99
    6              538.83
    7             1254.32
    8             1460.86

 Project out translational and rotational motions 

 Degrees of freedom for translational and rotational motions: 6

 Vibrational frequencies:
 mode    frequency (cm-1)
    0              538.83
    1             1254.32
    2             1460.86

 --------------------------------------------------------------------------------

 End time:                               Fri Apr 23 14:53:58 2021
 Total wall-clock time:                 13.892 seconds
==================================================================================
