
================================================================================
          _____________ ________ _______________ ________     _________         
         / ___________// ______ \\_____   _____// ______ \   / ________)        
        / /_________  / /      \ \     | |     / /      \ \ | (_______          
       |  __________|| |        | |    | |    | |        | | \________ \        
        \ \_________ | |        | |    | |     \ \______/ /___________) |       
         \__________||_|        |_|    |_|      \________//____________/        
                                                                                
====================================[ Qcore ]===================================

 Git hash:   15a3e7daff0cda5fa9af010ccd19a80288182ecf
 Git date:   Fri, 16 Apr 2021 15:57:16 +0100
 Compiler:   GNU 9.1.0
 Build type: Release
 Version:    1.1.0

 Start time: Tue Apr 27 14:54:08 2021

 Data directory: /work/zw18965/.local/qcore/share/entos/1.1.0/data
 Number of threads: 24
 Number of threads was determined by: command line argument
  - More threads can be used by running 'qcore -n 32'

 --------------------------------------------------------------------------------
                                command: optimize                                
 --------------------------------------------------------------------------------
 Using coordinate system:                tric
 Hessian update scheme:                  bfgs

 ------------------------------------------------------------------------------------------------------------
                   energy      change    grad rms    grad max    step rms    step max       trust    time (s)
 ------------------------------------------------------------------------------------------------------------
   1       -26.595849178                6.64e-03    1.16e-02                            2.00e-01        0.35
   2       -26.596760333   -9.11e-04    1.68e-03    2.95e-03    3.19e-02    3.69e-02    2.00e-01        0.17
   3       -26.596826776   -6.64e-05    9.82e-05    1.82e-04    1.08e-02    1.25e-02    2.00e-01        0.15
   4       -26.596827351   -5.75e-07    2.04e-05    4.01e-05    6.94e-04    1.64e-03    2.00e-01        0.15
   5       -26.596827995   -6.43e-07    7.33e-05    1.39e-04    4.66e-04    3.58e-03    2.00e-01        0.16
   6       -26.596830243   -2.25e-06    2.18e-04    3.87e-04    1.03e-03    1.61e-02    2.00e-01        0.15
   7       -26.596833790   -3.55e-06    3.50e-04    6.13e-04    9.58e-04    3.28e-02    2.00e-01        0.15
   8       -26.596837173   -3.38e-06    3.24e-04    5.75e-04    2.50e-04    3.44e-02    2.00e-01        0.16
   9       -26.596839663   -2.49e-06    1.32e-04    2.27e-04    1.35e-03    1.79e-02    2.00e-01        0.16
  10       -26.596840189   -5.26e-07    1.17e-05    2.11e-05    9.21e-04    2.36e-03    2.00e-01        0.16
  11       -26.596840260   -7.04e-08    1.81e-05    3.59e-05    1.05e-04    1.85e-03    2.00e-01        0.14
  12       -26.596840550   -2.90e-07    5.08e-05    9.79e-05    2.83e-04    8.18e-03    2.00e-01        0.16
  13       -26.596840778   -2.28e-07    5.35e-05    9.96e-05    7.78e-05    6.51e-03    2.00e-01        0.15
  14       -26.596840908   -1.30e-07    2.81e-05    4.77e-05    2.03e-04    6.90e-03    2.00e-01        0.15
  15       -26.596840935   -2.72e-08    9.71e-06    2.47e-05    1.70e-04    2.45e-03    2.00e-01        0.16
  16       -26.596840940   -5.22e-09    4.79e-06    1.05e-05    6.86e-05    9.06e-04    2.00e-01        0.15
 Geometry optimization stopped:          thresholds achieved

 Final energy:                         -26.596840940

 -----------
  Final XYZ 
 -----------
4
Final structure: -26.5968 hartree
B           -0.000245639         -0.000173817         -0.198557509
H           -0.355553399         -1.102270031          0.139178299
H           -0.261272824          0.955357158          0.489845699
H            0.617071877          0.147086684         -1.224338754

 Structure in entos input format:

  structure(
    xyz = [
      ['B'  ,         -0.000245639,         -0.000173817,         -0.198557509],
      ['H'  ,         -0.355553399,         -1.102270031,          0.139178299],
      ['H'  ,         -0.261272824,          0.955357158,          0.489845699],
      ['H'  ,          0.617071877,          0.147086684,         -1.224338754]
    ]
  )

 --------------------------------
  Geometry optimization finished 
 --------------------------------
 Saving results in set 'opt'

 --------------------------------------------------------------------------------
                                 command: hessian                                
 --------------------------------------------------------------------------------

WARNING: semianalytic method is specified for dft hessian, which is not efficient. Try switching to 'method = analytic'


 -------------------------------
  Numerical Geometrical Hessian 
 -------------------------------

 Compute hessian using two-point central differentiation.
 Step size (bohr):                       0.0100

 Frequencies (including translational and rotational modes):
 mode    frequency (cm-1)
    0                0.14 i (imaginary)
    1                0.06 i (imaginary)
    2                0.02 i (imaginary)
    3               73.05
    4              171.23
    5              200.55
    6             1151.07
    7             1184.06
    8             1185.90
    9             2558.15
   10             2707.32
   11             2707.62

 Project out translational and rotational motions 

 Degrees of freedom for translational and rotational motions: 6

 Vibrational frequencies:
 mode    frequency (cm-1)
    0             1151.06
    1             1184.05
    2             1185.90
    3             2558.15
    4             2707.32
    5             2707.62

 --------------------------------------------------------------------------------

 End time:                               Tue Apr 27 14:54:15 2021
 Total wall-clock time:                  6.793 seconds
==================================================================================
