
================================================================================
          _____________ ________ _______________ ________     _________         
         / ___________// ______ \\_____   _____// ______ \   / ________)        
        / /_________  / /      \ \     | |     / /      \ \ | (_______          
       |  __________|| |        | |    | |    | |        | | \________ \        
        \ \_________ | |        | |    | |     \ \______/ /___________) |       
         \__________||_|        |_|    |_|      \________//____________/        
                                                                                
====================================[ Qcore ]===================================

 Git hash:   15a3e7daff0cda5fa9af010ccd19a80288182ecf
 Git date:   Fri, 16 Apr 2021 15:57:16 +0100
 Compiler:   GNU 9.1.0
 Build type: Release
 Version:    1.1.0

 Start time: Tue Apr 27 14:55:29 2021

 Data directory: /work/zw18965/.local/qcore/share/entos/1.1.0/data
 Number of threads: 24
 Number of threads was determined by: command line argument
  - More threads can be used by running 'qcore -n 32'

 --------------------------------------------------------------------------------
                                command: optimize                                
 --------------------------------------------------------------------------------
 Using coordinate system:                tric
 Hessian update scheme:                  bfgs

 ------------------------------------------------------------------------------------------------------------
                   energy      change    grad rms    grad max    step rms    step max       trust    time (s)
 ------------------------------------------------------------------------------------------------------------
   1      -113.288906576                1.12e-02    1.94e-02                            2.00e-01        0.33
   2      -113.289046647   -1.40e-04    2.99e-04    5.17e-04    7.47e-03    1.49e-02    2.00e-01        0.14
   3      -113.289046750   -1.03e-07    7.88e-06    1.36e-05    1.94e-04    3.87e-04    2.00e-01        0.12
 Geometry optimization stopped:          thresholds achieved

 Final energy:                        -113.289046750

 -----------
  Final XYZ 
 -----------
2
Final structure: -113.289 hartree
O            0.566094779          0.000000000          0.000000005
C           -0.566094779         -0.000000000         -0.000000005

 Structure in entos input format:

  structure(
    xyz = [
      ['O'  ,          0.566094779,          0.000000000,          0.000000005],
      ['C'  ,         -0.566094779,         -0.000000000,         -0.000000005]
    ]
  )

 --------------------------------
  Geometry optimization finished 
 --------------------------------
 Saving results in set 'opt'

 --------------------------------------------------------------------------------
                                 command: hessian                                
 --------------------------------------------------------------------------------

WARNING: semianalytic method is specified for dft hessian, which is not efficient. Try switching to 'method = analytic'


 -------------------------------
  Numerical Geometrical Hessian 
 -------------------------------

 Compute hessian using two-point central differentiation.
 Step size (bohr):                       0.0100

 Frequencies (including translational and rotational modes):
 mode    frequency (cm-1)
    0                0.00 i (imaginary)
    1                0.00 i (imaginary)
    2                0.00
    3               24.97
    4               24.97
    5             2238.74

 Project out translational and rotational motions 

 The molecule is linear

 Degrees of freedom for translational and rotational motions: 5

 Vibrational frequencies:
 mode    frequency (cm-1)
    0             2238.74

 --------------------------------------------------------------------------------

 End time:                               Tue Apr 27 14:55:31 2021
 Total wall-clock time:                  2.520 seconds
==================================================================================
