
================================================================================
          _____________ ________ _______________ ________     _________         
         / ___________// ______ \\_____   _____// ______ \   / ________)        
        / /_________  / /      \ \     | |     / /      \ \ | (_______          
       |  __________|| |        | |    | |    | |        | | \________ \        
        \ \_________ | |        | |    | |     \ \______/ /___________) |       
         \__________||_|        |_|    |_|      \________//____________/        
                                                                                
====================================[ Qcore ]===================================

 Git hash:   15a3e7daff0cda5fa9af010ccd19a80288182ecf
 Git date:   Fri, 16 Apr 2021 15:57:16 +0100
 Compiler:   GNU 9.1.0
 Build type: Release
 Version:    1.1.0

 Start time: Tue Apr 27 14:56:10 2021

 Data directory: /work/zw18965/.local/qcore/share/entos/1.1.0/data
 Number of threads: 24
 Number of threads was determined by: command line argument
  - More threads can be used by running 'qcore -n 32'

 --------------------------------------------------------------------------------
                                command: optimize                                
 --------------------------------------------------------------------------------
 Using coordinate system:                tric
 Hessian update scheme:                  bfgs

 ------------------------------------------------------------------------------------------------------------
                   energy      change    grad rms    grad max    step rms    step max       trust    time (s)
 ------------------------------------------------------------------------------------------------------------
   1       -76.400155872                5.76e-03    1.04e-02                            2.00e-01        0.31
   2       -76.400449866   -2.94e-04    3.23e-03    5.81e-03    1.55e-02    3.01e-02    2.00e-01        0.14
   3       -76.400601849   -1.52e-04    1.31e-04    2.45e-04    2.33e-02    4.41e-02    2.00e-01        0.13
   4       -76.400602039   -1.90e-07    9.38e-06    1.48e-05    7.39e-04    1.42e-03    2.00e-01        0.13
   5       -76.400602052   -1.30e-08    7.09e-06    1.15e-05    1.56e-05    4.85e-04    2.00e-01        0.12
 Geometry optimization stopped:          thresholds achieved

 Final energy:                         -76.400602052

 -----------
  Final XYZ 
 -----------
3
Final structure: -76.4006 hartree
O           -0.001371829         -0.001665552          0.000974707
H            0.279508987          0.886494357          0.247940356
H            0.606062837         -0.230228806         -0.711415062

 Structure in entos input format:

  structure(
    xyz = [
      ['O'  ,         -0.001371829,         -0.001665552,          0.000974707],
      ['H'  ,          0.279508987,          0.886494357,          0.247940356],
      ['H'  ,          0.606062837,         -0.230228806,         -0.711415062]
    ]
  )

 --------------------------------
  Geometry optimization finished 
 --------------------------------
 Saving results in set 'opt'

 --------------------------------------------------------------------------------
                                 command: hessian                                
 --------------------------------------------------------------------------------

WARNING: semianalytic method is specified for dft hessian, which is not efficient. Try switching to 'method = analytic'


 -------------------------------
  Numerical Geometrical Hessian 
 -------------------------------

 Compute hessian using two-point central differentiation.
 Step size (bohr):                       0.0100

 Frequencies (including translational and rotational modes):
 mode    frequency (cm-1)
    0               85.63 i (imaginary)
    1               64.59 i (imaginary)
    2                0.73 i (imaginary)
    3                0.05
    4                0.54
    5               36.32
    6             1668.29
    7             3851.71
    8             3956.54

 Project out translational and rotational motions 

 Degrees of freedom for translational and rotational motions: 6

 Vibrational frequencies:
 mode    frequency (cm-1)
    0             1668.29
    1             3851.71
    2             3956.54

 --------------------------------------------------------------------------------

 End time:                               Tue Apr 27 14:56:13 2021
 Total wall-clock time:                  3.415 seconds
==================================================================================
