
================================================================================
          _____________ ________ _______________ ________     _________         
         / ___________// ______ \\_____   _____// ______ \   / ________)        
        / /_________  / /      \ \     | |     / /      \ \ | (_______          
       |  __________|| |        | |    | |    | |        | | \________ \        
        \ \_________ | |        | |    | |     \ \______/ /___________) |       
         \__________||_|        |_|    |_|      \________//____________/        
                                                                                
====================================[ Qcore ]===================================

 Git hash:   15a3e7daff0cda5fa9af010ccd19a80288182ecf
 Git date:   Fri, 16 Apr 2021 15:57:16 +0100
 Compiler:   GNU 9.1.0
 Build type: Release
 Version:    1.1.0

 Start time: Tue Apr 27 14:57:06 2021

 Data directory: /work/zw18965/.local/qcore/share/entos/1.1.0/data
 Number of threads: 24
 Number of threads was determined by: command line argument
  - More threads can be used by running 'qcore -n 32'

 --------------------------------------------------------------------------------
                                command: optimize                                
 --------------------------------------------------------------------------------
 Using coordinate system:                tric
 Hessian update scheme:                  bfgs

 ------------------------------------------------------------------------------------------------------------
                   energy      change    grad rms    grad max    step rms    step max       trust    time (s)
 ------------------------------------------------------------------------------------------------------------
   1      -343.138284930                8.60e-03    1.71e-02                            2.00e-01        0.50
   2      -343.139425531   -1.14e-03    3.49e-03    9.75e-03    7.43e-02    4.74e-02    2.00e-01        0.26
   3      -343.139622372   -1.97e-04    2.47e-04    6.01e-04    2.01e-02    2.11e-02    2.00e-01        0.26
   4      -343.139623330   -9.58e-07    1.40e-05    2.52e-05    1.03e-03    1.58e-03    2.00e-01        0.25
   5      -343.139623436   -1.06e-07    1.87e-05    3.78e-05    1.56e-04    9.77e-04    2.00e-01        0.24
 Geometry optimization stopped:          thresholds achieved

 Final energy:                        -343.139623436

 -----------
  Final XYZ 
 -----------
4
Final structure: -343.14 hartree
P           -0.004324475         -0.000016792          0.578767072
H           -0.659619003         -0.997459105         -0.198223270
H           -0.531974241          1.071542493         -0.196581410
H            1.195917714         -0.074066597         -0.183962392

 Structure in entos input format:

  structure(
    xyz = [
      ['P'  ,         -0.004324475,         -0.000016792,          0.578767072],
      ['H'  ,         -0.659619003,         -0.997459105,         -0.198223270],
      ['H'  ,         -0.531974241,          1.071542493,         -0.196581410],
      ['H'  ,          1.195917714,         -0.074066597,         -0.183962392]
    ]
  )

 --------------------------------
  Geometry optimization finished 
 --------------------------------
 Saving results in set 'opt'

 --------------------------------------------------------------------------------
                                 command: hessian                                
 --------------------------------------------------------------------------------

WARNING: semianalytic method is specified for dft hessian, which is not efficient. Try switching to 'method = analytic'


 -------------------------------
  Numerical Geometrical Hessian 
 -------------------------------

 Compute hessian using two-point central differentiation.
 Step size (bohr):                       0.0100

 Frequencies (including translational and rotational modes):
 mode    frequency (cm-1)
    0               39.21 i (imaginary)
    1                1.37 i (imaginary)
    2                0.65 i (imaginary)
    3                0.01
    4               29.39
    5               36.04
    6             1023.83
    7             1144.00
    8             1144.59
    9             2429.15
   10             2445.83
   11             2446.43

 Project out translational and rotational motions 

 Degrees of freedom for translational and rotational motions: 6

 Vibrational frequencies:
 mode    frequency (cm-1)
    0             1023.83
    1             1144.00
    2             1144.59
    3             2429.15
    4             2445.83
    5             2446.43

 --------------------------------------------------------------------------------

 End time:                               Tue Apr 27 14:57:13 2021
 Total wall-clock time:                  7.802 seconds
==================================================================================
