
================================================================================
          _____________ ________ _______________ ________     _________         
         / ___________// ______ \\_____   _____// ______ \   / ________)        
        / /_________  / /      \ \     | |     / /      \ \ | (_______          
       |  __________|| |        | |    | |    | |        | | \________ \        
        \ \_________ | |        | |    | |     \ \______/ /___________) |       
         \__________||_|        |_|    |_|      \________//____________/        
                                                                                
====================================[ Qcore ]===================================

 Git hash:   15a3e7daff0cda5fa9af010ccd19a80288182ecf
 Git date:   Fri, 16 Apr 2021 15:57:16 +0100
 Compiler:   GNU 9.1.0
 Build type: Release
 Version:    1.1.0

 Start time: Tue Apr 27 14:57:26 2021

 Data directory: /work/zw18965/.local/qcore/share/entos/1.1.0/data
 Number of threads: 24
 Number of threads was determined by: command line argument
  - More threads can be used by running 'qcore -n 32'

 --------------------------------------------------------------------------------
                                command: optimize                                
 --------------------------------------------------------------------------------
 Using coordinate system:                tric
 Hessian update scheme:                  bfgs

 ------------------------------------------------------------------------------------------------------------
                   energy      change    grad rms    grad max    step rms    step max       trust    time (s)
 ------------------------------------------------------------------------------------------------------------
   1      -115.690243441                4.05e-03    8.55e-03                            2.00e-01        0.55
   2      -115.690612236   -3.69e-04    1.18e-03    3.25e-03    1.81e-02    2.51e-02    2.00e-01        0.32
   3      -115.690651936   -3.97e-05    1.85e-04    3.67e-04    7.85e-03    1.35e-02    2.00e-01        0.30
   4      -115.690654455   -2.52e-06    6.48e-05    1.28e-04    2.74e-03    3.98e-03    2.00e-01        0.28
   5      -115.690655340   -8.85e-07    6.06e-05    1.81e-04    1.06e-03    5.05e-03    2.00e-01        0.30
   6      -115.690657600   -2.26e-06    1.36e-04    3.05e-04    1.89e-03    1.80e-02    2.00e-01        0.32
   7      -115.690661890   -4.29e-06    2.63e-04    5.36e-04    2.73e-03    4.42e-02    2.00e-01        0.30
   8      -115.690667052   -5.16e-06    3.29e-04    5.92e-04    2.45e-03    6.78e-02    2.00e-01        0.30
   9      -115.690671663   -4.61e-06    2.35e-04    4.10e-04    1.68e-03    3.68e-02    2.00e-01        0.30
  10      -115.690675778   -4.11e-06    9.27e-05    2.45e-04    3.75e-03    2.41e-02    2.00e-01        0.30
  11      -115.690677127   -1.35e-06    9.67e-05    2.34e-04    1.60e-03    4.94e-03    2.00e-01        0.30
  12      -115.690681079   -3.95e-06    2.13e-04    3.99e-04    5.50e-03    2.11e-02    2.00e-01        0.31
  13      -115.690683771   -2.69e-06    2.44e-04    6.06e-04    4.22e-03    1.95e-02    2.00e-01        0.31
  14      -115.690685695   -1.92e-06    1.61e-04    4.69e-04    2.60e-03    1.45e-02    2.00e-01        0.32
  15      -115.690686445   -7.50e-07    6.26e-05    1.59e-04    1.37e-03    3.88e-03    2.00e-01        0.28
  16      -115.690686773   -3.29e-07    4.30e-05    8.55e-05    1.40e-03    2.90e-03    2.00e-01        0.30
  17      -115.690687045   -2.72e-07    7.16e-05    2.13e-04    1.72e-03    3.61e-03    2.00e-01        0.30
  18      -115.690687226   -1.81e-07    6.56e-05    2.05e-04    1.47e-03    3.69e-03    2.00e-01        0.28
  19      -115.690687293   -6.70e-08    3.24e-05    9.83e-05    7.02e-04    2.22e-03    2.00e-01        0.29
  20      -115.690687312   -1.92e-08    6.34e-06    1.12e-05    1.42e-04    1.38e-03    2.00e-01        0.29
  21      -115.690687316   -3.59e-09    7.60e-06    2.29e-05    5.77e-05    1.13e-03    2.00e-01        0.28
 Geometry optimization stopped:          thresholds achieved

 Final energy:                        -115.690687316

 -----------
  Final XYZ 
 -----------
6
Final structure: -115.691 hartree
C           -0.329774095         -0.042210779          0.011314915
O            0.993286016         -0.339177721         -0.369336112
H           -0.513637119          1.043834653          0.119925743
H           -0.497552574         -0.509200437          0.992365025
H           -1.082059952         -0.451207747         -0.689997405
H            1.146294884          0.064137170         -1.230077111

 Structure in entos input format:

  structure(
    xyz = [
      ['C'  ,         -0.329774095,         -0.042210779,          0.011314915],
      ['O'  ,          0.993286016,         -0.339177721,         -0.369336112],
      ['H'  ,         -0.513637119,          1.043834653,          0.119925743],
      ['H'  ,         -0.497552574,         -0.509200437,          0.992365025],
      ['H'  ,         -1.082059952,         -0.451207747,         -0.689997405],
      ['H'  ,          1.146294884,          0.064137170,         -1.230077111]
    ]
  )

 --------------------------------
  Geometry optimization finished 
 --------------------------------
 Saving results in set 'opt'

 --------------------------------------------------------------------------------
                                 command: hessian                                
 --------------------------------------------------------------------------------

WARNING: semianalytic method is specified for dft hessian, which is not efficient. Try switching to 'method = analytic'


 -------------------------------
  Numerical Geometrical Hessian 
 -------------------------------

 Compute hessian using two-point central differentiation.
 Step size (bohr):                       0.0100

 Frequencies (including translational and rotational modes):
 mode    frequency (cm-1)
    0                0.22 i (imaginary)
    1                0.10 i (imaginary)
    2                0.02 i (imaginary)
    3               42.42
    4               63.03
    5              150.60
    6              349.36
    7             1087.56
    8             1130.17
    9             1177.87
   10             1391.98
   11             1485.60
   12             1489.62
   13             1504.53
   14             3004.51
   15             3065.11
   16             3148.99
   17             3882.50

 Project out translational and rotational motions 

 Degrees of freedom for translational and rotational motions: 6

 Vibrational frequencies:
 mode    frequency (cm-1)
    0              348.70
    1             1087.52
    2             1130.17
    3             1177.86
    4             1391.97
    5             1485.59
    6             1489.61
    7             1504.49
    8             3004.51
    9             3065.11
   10             3148.99
   11             3882.50

 --------------------------------------------------------------------------------

 End time:                               Tue Apr 27 14:57:44 2021
 Total wall-clock time:                 17.886 seconds
==================================================================================
