
================================================================================
          _____________ ________ _______________ ________     _________         
         / ___________// ______ \\_____   _____// ______ \   / ________)        
        / /_________  / /      \ \     | |     / /      \ \ | (_______          
       |  __________|| |        | |    | |    | |        | | \________ \        
        \ \_________ | |        | |    | |     \ \______/ /___________) |       
         \__________||_|        |_|    |_|      \________//____________/        
                                                                                
====================================[ Qcore ]===================================

 Git hash:   15a3e7daff0cda5fa9af010ccd19a80288182ecf
 Git date:   Fri, 16 Apr 2021 15:57:16 +0100
 Compiler:   GNU 9.1.0
 Build type: Release
 Version:    1.1.0

 Start time: Tue Apr 27 14:57:49 2021

 Data directory: /work/zw18965/.local/qcore/share/entos/1.1.0/data
 Number of threads: 24
 Number of threads was determined by: command line argument
  - More threads can be used by running 'qcore -n 32'

 --------------------------------------------------------------------------------
                                command: optimize                                
 --------------------------------------------------------------------------------
 Using coordinate system:                tric
 Hessian update scheme:                  bfgs

 ------------------------------------------------------------------------------------------------------------
                   energy      change    grad rms    grad max    step rms    step max       trust    time (s)
 ------------------------------------------------------------------------------------------------------------
   1      -473.337792909                4.34e-03    7.52e-03                            2.00e-01        0.49
   2      -473.337826824   -3.39e-05    2.35e-03    4.08e-03    2.93e-03    5.86e-03    2.00e-01        0.22
   3      -473.337841188   -1.44e-05    4.61e-05    7.99e-05    3.47e-03    6.94e-03    2.00e-01        0.23
   4      -473.337841201   -1.33e-08    4.05e-07    7.02e-07    6.93e-05    1.39e-04    2.00e-01        0.22
 Geometry optimization stopped:          thresholds achieved

 Final energy:                        -473.337841201

 -----------
  Final XYZ 
 -----------
2
Final structure: -473.338 hartree
S           -0.000000015         -0.000000015         -0.003422698
O            0.000000015          0.000000015          1.489637248

 Structure in entos input format:

  structure(
    xyz = [
      ['S'  ,         -0.000000015,         -0.000000015,         -0.003422698],
      ['O'  ,          0.000000015,          0.000000015,          1.489637248]
    ]
  )

 --------------------------------
  Geometry optimization finished 
 --------------------------------
 Saving results in set 'opt'

 --------------------------------------------------------------------------------
                                 command: hessian                                
 --------------------------------------------------------------------------------

WARNING: semianalytic method is specified for dft hessian, which is not efficient. Try switching to 'method = analytic'


 -------------------------------
  Numerical Geometrical Hessian 
 -------------------------------

 Compute hessian using two-point central differentiation.
 Step size (bohr):                       0.0100

 Frequencies (including translational and rotational modes):
 mode    frequency (cm-1)
    0                0.02 i (imaginary)
    1                0.00
    2                0.01
    3               21.19
    4               21.24
    5             1187.35

 Project out translational and rotational motions 

 The molecule is linear

 Degrees of freedom for translational and rotational motions: 5

 Vibrational frequencies:
 mode    frequency (cm-1)
    0             1187.35

 --------------------------------------------------------------------------------

 End time:                               Tue Apr 27 14:57:53 2021
 Total wall-clock time:                  4.314 seconds
==================================================================================
