
================================================================================
          _____________ ________ _______________ ________     _________         
         / ___________// ______ \\_____   _____// ______ \   / ________)        
        / /_________  / /      \ \     | |     / /      \ \ | (_______          
       |  __________|| |        | |    | |    | |        | | \________ \        
        \ \_________ | |        | |    | |     \ \______/ /___________) |       
         \__________||_|        |_|    |_|      \________//____________/        
                                                                                
====================================[ Qcore ]===================================

 Git hash:   bfa4c3a672cc1ff01df8911b87991f8932a2a687
 Git date:   Fri, 12 Feb 2021 10:05:04 +0000
 Compiler:   GNU 9.1.0
 Build type: Release
 Version:    0.8.19

 Start time: Tue Apr 20 11:08:41 2021

 Data directory: /home/zw18965/.local/qcore/share/entos/0.8.19/data
 Number of threads: 24
 Number of threads was determined by: command line argument
  - More threads can be used by running 'qcore -n 32'

 --------------------------------------------------------------------------------
                                command: optimize                                
 --------------------------------------------------------------------------------
 Using coordinate system:                tric
 Hessian update scheme:                  bfgs

 ------------------------------------------------------------------------------------------------------------
                   energy      change    grad rms    grad max    step rms    step max       trust    time (s)
 ------------------------------------------------------------------------------------------------------------
   1      -958.315175929                1.47e-02    3.59e-02                            2.00e-01       12.39
   2      -958.319263159   -4.09e-03    8.03e-03    1.61e-02    1.25e-01    1.37e-01    2.00e-01       12.43
   3      -958.319711490   -4.48e-04    4.57e-03    7.96e-03    1.88e-02    2.12e-02    2.00e-01       12.41
   4      -958.319934107   -2.23e-04    3.92e-04    7.17e-04    1.77e-02    2.72e-02    2.00e-01       12.38
   5      -958.319936317   -2.21e-06    2.63e-05    5.49e-05    2.25e-03    2.45e-03    2.00e-01       12.38
   6      -958.319936438   -1.22e-07    2.13e-05    3.51e-05    2.74e-04    1.74e-03    2.00e-01       12.36
   7      -958.319936944   -5.06e-07    1.10e-04    2.23e-04    6.61e-04    9.82e-03    2.00e-01       12.35
   8      -958.319937810   -8.66e-07    1.93e-04    3.88e-04    4.54e-04    1.95e-02    2.00e-01       12.29
   9      -958.319939106   -1.30e-06    1.90e-04    3.69e-04    1.41e-04    3.66e-02    2.00e-01       12.36
  10      -958.319939575   -4.69e-07    1.12e-04    2.38e-04    5.20e-04    5.96e-03    2.00e-01       12.37
  11      -958.319939847   -2.72e-07    6.61e-05    1.27e-04    1.21e-03    4.08e-03    2.00e-01       12.44
  12      -958.319939939   -9.17e-08    4.49e-05    9.81e-05    1.32e-04    7.29e-03    2.00e-01       12.43
  13      -958.319939788    1.51e-07    7.54e-05    1.79e-04    8.73e-04    1.61e-02    4.37e-04       12.39
  14      -958.319939720    6.83e-08    4.07e-05    8.39e-05    2.70e-04    1.04e-02    1.35e-04       12.38
  15      -958.319939768   -4.80e-08    4.48e-05    9.11e-05    1.35e-04    1.81e-03    1.35e-04       12.39
  16      -958.319939879   -1.11e-07    3.24e-05    6.66e-05    1.35e-04    5.53e-03    1.35e-04       12.34
  17      -958.319939877    1.40e-09    1.57e-05    2.92e-05    1.03e-04    4.16e-04    5.13e-05       12.37
 Geometry optimization stopped:          thresholds achieved

 Final energy:                        -958.319939877

 -----------
  Final XYZ 
 -----------
3
Final structure: -958.32 hartree
C            0.000024085         -0.012584463          0.023062100
Cl           0.000041436          0.959925718         -1.377201673
Cl          -0.000117499          0.979041897          1.409921462

 Structure in entos input format:

  structure(
    xyz = [
      ['C'  ,          0.000024085,         -0.012584463,          0.023062100],
      ['Cl' ,          0.000041436,          0.959925718,         -1.377201673],
      ['Cl' ,         -0.000117499,          0.979041897,          1.409921462]
    ]
  )

 --------------------------------
  Geometry optimization finished 
 --------------------------------
 Saving results in set 'opt'

 --------------------------------------------------------------------------------
                                 command: hessian                                
 --------------------------------------------------------------------------------

 -------------------------------
  Numerical Geometrical Hessian 
 -------------------------------

 Compute hessian using two-point central differentiation.
 Step size (bohr):                       0.0100

 Frequencies (including translational and rotational modes):
 mode    frequency (cm-1)
    0                5.22 i (imaginary)
    1                2.20 i (imaginary)
    2                5.57
    3               16.02
    4               16.13
    5               39.66
    6              354.17
    7              760.51
    8              811.81

 Project out translational and rotational motions 

 Degrees of freedom for translational and rotational motions: 6

 Vibrational frequencies:
 mode    frequency (cm-1)
    0              354.17
    1              760.51
    2              811.81

 --------------------------------------------------------------------------------

 End time:                               Tue Apr 20 11:15:54 2021
 Total wall-clock time:                432.468 seconds
==================================================================================
