
================================================================================
          _____________ ________ _______________ ________     _________         
         / ___________// ______ \\_____   _____// ______ \   / ________)        
        / /_________  / /      \ \     | |     / /      \ \ | (_______          
       |  __________|| |        | |    | |    | |        | | \________ \        
        \ \_________ | |        | |    | |     \ \______/ /___________) |       
         \__________||_|        |_|    |_|      \________//____________/        
                                                                                
====================================[ Qcore ]===================================

 Git hash:   15a3e7daff0cda5fa9af010ccd19a80288182ecf
 Git date:   Fri, 16 Apr 2021 15:57:16 +0100
 Compiler:   GNU 9.1.0
 Build type: Release
 Version:    1.1.0

 Start time: Tue Apr 20 11:42:44 2021

 Data directory: /work/zw18965/.local/qcore/share/entos/1.1.0/data
 Number of threads: 24
 Number of threads was determined by: command line argument
  - More threads can be used by running 'qcore -n 32'

 --------------------------------------------------------------------------------
                                command: optimize                                
 --------------------------------------------------------------------------------
 Using coordinate system:                tric
 Hessian update scheme:                  bfgs

 ------------------------------------------------------------------------------------------------------------
                   energy      change    grad rms    grad max    step rms    step max       trust    time (s)
 ------------------------------------------------------------------------------------------------------------
   1      -834.395874493                6.78e-03    1.44e-02                            2.00e-01       12.84
   2      -834.396157282   -2.83e-04    3.15e-03    6.69e-03    1.09e-02    1.34e-02    2.00e-01       12.78
   3      -834.396232549   -7.53e-05    1.17e-04    2.53e-04    9.49e-03    1.17e-02    2.00e-01       12.66
   4      -834.396232642   -9.33e-08    1.58e-06    4.09e-06    3.39e-04    4.82e-04    2.00e-01       12.80
 Geometry optimization stopped:          thresholds achieved

 Final energy:                        -834.396232642

 -----------
  Final XYZ 
 -----------
3
Final structure: -834.396 hartree
S            1.540499339          0.000487779         -0.000002955
C           -0.000006191         -0.000005165         -0.000001355
S           -1.540512639         -0.000484715          0.000006018

 Structure in entos input format:

  structure(
    xyz = [
      ['S'  ,          1.540499339,          0.000487779,         -0.000002955],
      ['C'  ,         -0.000006191,         -0.000005165,         -0.000001355],
      ['S'  ,         -1.540512639,         -0.000484715,          0.000006018]
    ]
  )

 --------------------------------
  Geometry optimization finished 
 --------------------------------
 Saving results in set 'opt'

 --------------------------------------------------------------------------------
                                 command: hessian                                
 --------------------------------------------------------------------------------

 -------------------------------
  Numerical Geometrical Hessian 
 -------------------------------

 Compute hessian using two-point central differentiation.
 Step size (bohr):                       0.0100

 Frequencies (including translational and rotational modes):
 mode    frequency (cm-1)
    0                7.94 i (imaginary)
    1                7.89 i (imaginary)
    2                0.52 i (imaginary)
    3                0.73
    4                4.77
    5              431.93
    6              431.93
    7              707.02
    8             1580.99

 Project out translational and rotational motions 

 Degrees of freedom for translational and rotational motions: 6

 Vibrational frequencies:
 mode    frequency (cm-1)
    0              431.93
    1              707.02
    2             1580.99

 --------------------------------------------------------------------------------

 End time:                               Tue Apr 20 11:47:32 2021
 Total wall-clock time:                288.832 seconds
==================================================================================
