
================================================================================
          _____________ ________ _______________ ________     _________         
         / ___________// ______ \\_____   _____// ______ \   / ________)        
        / /_________  / /      \ \     | |     / /      \ \ | (_______          
       |  __________|| |        | |    | |    | |        | | \________ \        
        \ \_________ | |        | |    | |     \ \______/ /___________) |       
         \__________||_|        |_|    |_|      \________//____________/        
                                                                                
====================================[ Qcore ]===================================

 Git hash:   15a3e7daff0cda5fa9af010ccd19a80288182ecf
 Git date:   Fri, 16 Apr 2021 15:57:16 +0100
 Compiler:   GNU 9.1.0
 Build type: Release
 Version:    1.1.0

 Start time: Tue Apr 20 11:44:01 2021

 Data directory: /work/zw18965/.local/qcore/share/entos/1.1.0/data
 Number of threads: 24
 Number of threads was determined by: command line argument
  - More threads can be used by running 'qcore -n 32'

 --------------------------------------------------------------------------------
                                command: optimize                                
 --------------------------------------------------------------------------------
 Using coordinate system:                tric
 Hessian update scheme:                  bfgs

 ------------------------------------------------------------------------------------------------------------
                   energy      change    grad rms    grad max    step rms    step max       trust    time (s)
 ------------------------------------------------------------------------------------------------------------
   1      -114.428054644                4.01e-03    1.03e-02                            2.00e-01       10.69
   2      -114.428362333   -3.08e-04    1.87e-03    5.51e-03    1.99e-02    3.08e-02    2.00e-01       10.57
   3      -114.428406686   -4.44e-05    8.21e-04    2.21e-03    9.64e-03    1.75e-02    2.00e-01       10.60
   4      -114.428409170   -2.48e-06    1.52e-04    3.74e-04    1.45e-03    2.99e-03    2.00e-01       10.55
   5      -114.428409264   -9.40e-08    7.10e-06    1.38e-05    1.43e-04    4.77e-04    2.00e-01       10.52
 Geometry optimization stopped:          thresholds achieved

 Final energy:                        -114.428409264

 -----------
  Final XYZ 
 -----------
4
Final structure: -114.428 hartree
C           -0.006736134          0.001254633          0.000484557
O            1.168963348         -0.155306878         -0.074497202
H           -0.475211719          0.978631831         -0.185236777
H           -0.686889054         -0.823156365          0.259285352

 Structure in entos input format:

  structure(
    xyz = [
      ['C'  ,         -0.006736134,          0.001254633,          0.000484557],
      ['O'  ,          1.168963348,         -0.155306878,         -0.074497202],
      ['H'  ,         -0.475211719,          0.978631831,         -0.185236777],
      ['H'  ,         -0.686889054,         -0.823156365,          0.259285352]
    ]
  )

 --------------------------------
  Geometry optimization finished 
 --------------------------------
 Saving results in set 'opt'

 --------------------------------------------------------------------------------
                                 command: hessian                                
 --------------------------------------------------------------------------------

 -------------------------------
  Numerical Geometrical Hessian 
 -------------------------------

 Compute hessian using two-point central differentiation.
 Step size (bohr):                       0.0100

 Frequencies (including translational and rotational modes):
 mode    frequency (cm-1)
    0               42.25 i (imaginary)
    1                1.56 i (imaginary)
    2                1.49 i (imaginary)
    3                2.16
    4                9.57
    5               21.94
    6             1261.59
    7             1314.37
    8             1584.58
    9             1907.52
   10             2985.52
   11             3054.13

 Project out translational and rotational motions 

 Degrees of freedom for translational and rotational motions: 6

 Vibrational frequencies:
 mode    frequency (cm-1)
    0             1261.59
    1             1314.37
    2             1584.58
    3             1907.52
    4             2985.52
    5             3054.13

 --------------------------------------------------------------------------------

 End time:                               Tue Apr 20 11:49:13 2021
 Total wall-clock time:                311.729 seconds
==================================================================================
