
================================================================================
          _____________ ________ _______________ ________     _________         
         / ___________// ______ \\_____   _____// ______ \   / ________)        
        / /_________  / /      \ \     | |     / /      \ \ | (_______          
       |  __________|| |        | |    | |    | |        | | \________ \        
        \ \_________ | |        | |    | |     \ \______/ /___________) |       
         \__________||_|        |_|    |_|      \________//____________/        
                                                                                
====================================[ Qcore ]===================================

 Git hash:   15a3e7daff0cda5fa9af010ccd19a80288182ecf
 Git date:   Fri, 16 Apr 2021 15:57:16 +0100
 Compiler:   GNU 9.1.0
 Build type: Release
 Version:    1.1.0

 Start time: Tue Apr 20 11:44:51 2021

 Data directory: /work/zw18965/.local/qcore/share/entos/1.1.0/data
 Number of threads: 24
 Number of threads was determined by: command line argument

 --------------------------------------------------------------------------------
                                command: optimize                                
 --------------------------------------------------------------------------------
 Using coordinate system:                tric
 Hessian update scheme:                  bfgs

 ------------------------------------------------------------------------------------------------------------
                   energy      change    grad rms    grad max    step rms    step max       trust    time (s)
 ------------------------------------------------------------------------------------------------------------
   1       -76.388492069                4.71e-03    7.97e-03                            2.00e-01        3.70
   2       -76.388660409   -1.68e-04    8.37e-04    1.35e-03    1.38e-02    1.31e-02    2.00e-01        3.61
   3       -76.388672805   -1.24e-05    4.53e-04    8.31e-04    5.27e-03    7.27e-03    2.00e-01        3.61
   4       -76.388674322   -1.52e-06    2.57e-04    4.54e-04    1.46e-03    2.80e-03    2.00e-01        3.59
   5       -76.388674738   -4.16e-07    2.02e-05    3.39e-05    8.43e-04    1.73e-03    2.00e-01        3.65
   6       -76.388674746   -8.50e-09    9.27e-06    1.83e-05    4.23e-05    4.07e-04    2.00e-01        3.58
 Geometry optimization stopped:          thresholds achieved

 Final energy:                         -76.388674746

 -----------
  Final XYZ 
 -----------
3
Final structure: -76.3887 hartree
O            0.010856971          0.008227827         -0.006563099
H            0.272251345          0.884263642          0.254036663
H            0.601033059         -0.237921899         -0.709964780

 Structure in entos input format:

  structure(
    xyz = [
      ['O'  ,          0.010856971,          0.008227827,         -0.006563099],
      ['H'  ,          0.272251345,          0.884263642,          0.254036663],
      ['H'  ,          0.601033059,         -0.237921899,         -0.709964780]
    ]
  )

 --------------------------------
  Geometry optimization finished 
 --------------------------------
 Saving results in set 'opt'

 --------------------------------------------------------------------------------
                                 command: hessian                                
 --------------------------------------------------------------------------------

 -------------------------------
  Numerical Geometrical Hessian 
 -------------------------------

 Compute hessian using two-point central differentiation.
 Step size (bohr):                       0.0100

 Frequencies (including translational and rotational modes):
 mode    frequency (cm-1)
    0               54.47 i (imaginary)
    1                2.33 i (imaginary)
    2                2.12 i (imaginary)
    3                2.07
    4               57.19
    5               80.39
    6             1677.06
    7             3976.10
    8             4075.67

 Project out translational and rotational motions 

 Degrees of freedom for translational and rotational motions: 6

 Vibrational frequencies:
 mode    frequency (cm-1)
    0             1677.06
    1             3976.10
    2             4075.67

 --------------------------------------------------------------------------------

 End time:                               Tue Apr 20 11:46:11 2021
 Total wall-clock time:                 79.915 seconds
==================================================================================
