
================================================================================
          _____________ ________ _______________ ________     _________         
         / ___________// ______ \\_____   _____// ______ \   / ________)        
        / /_________  / /      \ \     | |     / /      \ \ | (_______          
       |  __________|| |        | |    | |    | |        | | \________ \        
        \ \_________ | |        | |    | |     \ \______/ /___________) |       
         \__________||_|        |_|    |_|      \________//____________/        
                                                                                
====================================[ Qcore ]===================================

 Git hash:   15a3e7daff0cda5fa9af010ccd19a80288182ecf
 Git date:   Fri, 16 Apr 2021 15:57:16 +0100
 Compiler:   GNU 9.1.0
 Build type: Release
 Version:    1.1.0

 Start time: Tue Apr 27 14:04:03 2021

 Data directory: /work/zw18965/.local/qcore/share/entos/1.1.0/data
 Number of threads: 24
 Number of threads was determined by: command line argument
  - More threads can be used by running 'qcore -n 32'

 --------------------------------------------------------------------------------
                                command: optimize                                
 --------------------------------------------------------------------------------
 Using coordinate system:                tric
 Hessian update scheme:                  bfgs

 ------------------------------------------------------------------------------------------------------------
                   energy      change    grad rms    grad max    step rms    step max       trust    time (s)
 ------------------------------------------------------------------------------------------------------------
   1      -237.535421920                3.67e-03    8.04e-03                            2.00e-01        1.78
   2      -237.535571679   -1.50e-04    1.09e-03    1.81e-03    1.91e-02    2.49e-02    2.00e-01        1.71
   3      -237.535577926   -6.25e-06    4.38e-04    8.83e-04    2.20e-03    2.12e-03    2.00e-01        1.74
   4      -237.535578881   -9.55e-07    3.25e-05    7.99e-05    8.15e-04    1.30e-03    2.00e-01        1.75
   5      -237.535578886   -5.16e-09    1.62e-06    3.29e-06    9.15e-05    1.37e-04    2.00e-01        1.76
 Geometry optimization stopped:          thresholds achieved

 Final energy:                        -237.535578886

 -----------
  Final XYZ 
 -----------
3
Final structure: -237.536 hartree
C            0.000000539          0.136435155          0.000010001
F            0.000001029          0.931731030         -1.026559994
F            0.000000066          0.931724898          1.026585043

 Structure in entos input format:

  structure(
    xyz = [
      ['C'  ,          0.000000539,          0.136435155,          0.000010001],
      ['F'  ,          0.000001029,          0.931731030,         -1.026559994],
      ['F'  ,          0.000000066,          0.931724898,          1.026585043]
    ]
  )

 --------------------------------
  Geometry optimization finished 
 --------------------------------
 Saving results in set 'opt'

 --------------------------------------------------------------------------------
                                 command: hessian                                
 --------------------------------------------------------------------------------

 -------------------------------
  Numerical Geometrical Hessian 
 -------------------------------

 Compute hessian using two-point central differentiation.
 Step size (bohr):                       0.0100

 Frequencies (including translational and rotational modes):
 mode    frequency (cm-1)
    0                0.44 i (imaginary)
    1                3.33
    2                4.11
    3               28.32
    4               36.03
    5               71.46
    6              692.21
    7             1162.84
    8             1276.14

 Project out translational and rotational motions 

 Degrees of freedom for translational and rotational motions: 6

 Vibrational frequencies:
 mode    frequency (cm-1)
    0              692.21
    1             1162.84
    2             1276.14

 --------------------------------------------------------------------------------

 End time:                               Tue Apr 27 14:04:38 2021
 Total wall-clock time:                 35.883 seconds
==================================================================================
