
================================================================================
          _____________ ________ _______________ ________     _________         
         / ___________// ______ \\_____   _____// ______ \   / ________)        
        / /_________  / /      \ \     | |     / /      \ \ | (_______          
       |  __________|| |        | |    | |    | |        | | \________ \        
        \ \_________ | |        | |    | |     \ \______/ /___________) |       
         \__________||_|        |_|    |_|      \________//____________/        
                                                                                
====================================[ Qcore ]===================================

 Git hash:   15a3e7daff0cda5fa9af010ccd19a80288182ecf
 Git date:   Fri, 16 Apr 2021 15:57:16 +0100
 Compiler:   GNU 9.1.0
 Build type: Release
 Version:    1.1.0

 Start time: Tue Apr 27 14:06:20 2021

 Data directory: /work/zw18965/.local/qcore/share/entos/1.1.0/data
 Number of threads: 24
 Number of threads was determined by: command line argument
  - More threads can be used by running 'qcore -n 32'

 --------------------------------------------------------------------------------
                                command: optimize                                
 --------------------------------------------------------------------------------
 Using coordinate system:                tric
 Hessian update scheme:                  bfgs

 ------------------------------------------------------------------------------------------------------------
                   energy      change    grad rms    grad max    step rms    step max       trust    time (s)
 ------------------------------------------------------------------------------------------------------------
   1      -552.880761627                3.89e-03    8.39e-03                            2.00e-01        2.62
   2      -552.880832545   -7.09e-05    2.27e-03    4.66e-03    5.10e-03    1.04e-02    2.00e-01        2.52
   3      -552.880863243   -3.07e-05    6.57e-05    1.36e-04    5.82e-03    1.25e-02    2.00e-01        2.48
   4      -552.880863280   -3.68e-08    8.22e-06    1.90e-05    2.09e-04    3.81e-04    2.00e-01        2.49
 Geometry optimization stopped:          thresholds achieved

 Final energy:                        -552.880863280

 -----------
  Final XYZ 
 -----------
3
Final structure: -552.881 hartree
Cl           1.412095774         -0.807134226          0.000004215
C           -0.157156698         -0.328031637         -0.000011026
N           -1.255268418          0.007309960          0.000004911

 Structure in entos input format:

  structure(
    xyz = [
      ['Cl' ,          1.412095774,         -0.807134226,          0.000004215],
      ['C'  ,         -0.157156698,         -0.328031637,         -0.000011026],
      ['N'  ,         -1.255268418,          0.007309960,          0.000004911]
    ]
  )

 --------------------------------
  Geometry optimization finished 
 --------------------------------
 Saving results in set 'opt'

 --------------------------------------------------------------------------------
                                 command: hessian                                
 --------------------------------------------------------------------------------

 -------------------------------
  Numerical Geometrical Hessian 
 -------------------------------

 Compute hessian using two-point central differentiation.
 Step size (bohr):                       0.0100

 Frequencies (including translational and rotational modes):
 mode    frequency (cm-1)
    0                5.44 i (imaginary)
    1                1.78 i (imaginary)
    2                1.34 i (imaginary)
    3                0.91
    4                9.58
    5              409.38
    6              410.53
    7              772.60
    8             2445.61

 Project out translational and rotational motions 

 Degrees of freedom for translational and rotational motions: 6

 Vibrational frequencies:
 mode    frequency (cm-1)
    0              409.50
    1              772.60
    2             2445.61

 --------------------------------------------------------------------------------

 End time:                               Tue Apr 27 14:07:08 2021
 Total wall-clock time:                 47.782 seconds
==================================================================================
