
================================================================================
          _____________ ________ _______________ ________     _________         
         / ___________// ______ \\_____   _____// ______ \   / ________)        
        / /_________  / /      \ \     | |     / /      \ \ | (_______          
       |  __________|| |        | |    | |    | |        | | \________ \        
        \ \_________ | |        | |    | |     \ \______/ /___________) |       
         \__________||_|        |_|    |_|      \________//____________/        
                                                                                
====================================[ Qcore ]===================================

 Git hash:   15a3e7daff0cda5fa9af010ccd19a80288182ecf
 Git date:   Fri, 16 Apr 2021 15:57:16 +0100
 Compiler:   GNU 9.1.0
 Build type: Release
 Version:    1.1.0

 Start time: Tue Apr 27 14:07:25 2021

 Data directory: /work/zw18965/.local/qcore/share/entos/1.1.0/data
 Number of threads: 24
 Number of threads was determined by: command line argument
  - More threads can be used by running 'qcore -n 32'

 --------------------------------------------------------------------------------
                                command: optimize                                
 --------------------------------------------------------------------------------
 Using coordinate system:                tric
 Hessian update scheme:                  bfgs

 ------------------------------------------------------------------------------------------------------------
                   energy      change    grad rms    grad max    step rms    step max       trust    time (s)
 ------------------------------------------------------------------------------------------------------------
   1      -188.423555740                1.65e-02    3.49e-02                            2.00e-01        1.78
   2      -188.424479070   -9.23e-04    2.11e-04    4.49e-04    2.23e-02    2.73e-02    2.00e-01        1.75
   3      -188.424479231   -1.60e-07    1.01e-05    2.17e-05    2.82e-04    3.55e-04    2.00e-01        1.78
 Geometry optimization stopped:          thresholds achieved

 Final energy:                        -188.424479231

 -----------
  Final XYZ 
 -----------
3
Final structure: -188.424 hartree
O           -1.154701062          0.000000200          0.000000121
O            1.154691220         -0.000000093          0.000000442
C           -0.000004817          0.000000062          0.000000292

 Structure in entos input format:

  structure(
    xyz = [
      ['O'  ,         -1.154701062,          0.000000200,          0.000000121],
      ['O'  ,          1.154691220,         -0.000000093,          0.000000442],
      ['C'  ,         -0.000004817,          0.000000062,          0.000000292]
    ]
  )

 --------------------------------
  Geometry optimization finished 
 --------------------------------
 Saving results in set 'opt'

 --------------------------------------------------------------------------------
                                 command: hessian                                
 --------------------------------------------------------------------------------

 -------------------------------
  Numerical Geometrical Hessian 
 -------------------------------

 Compute hessian using two-point central differentiation.
 Step size (bohr):                       0.0100

 Frequencies (including translational and rotational modes):
 mode    frequency (cm-1)
    0               27.89 i (imaginary)
    1               27.87 i (imaginary)
    2                7.73 i (imaginary)
    3                7.63 i (imaginary)
    4                0.63
    5              716.81
    6              716.81
    7             1428.70
    8             2465.70

 Project out translational and rotational motions 

 Degrees of freedom for translational and rotational motions: 6

 Vibrational frequencies:
 mode    frequency (cm-1)
    0              716.81
    1             1428.70
    2             2465.70

 --------------------------------------------------------------------------------

 End time:                               Tue Apr 27 14:07:57 2021
 Total wall-clock time:                 32.388 seconds
==================================================================================
