
================================================================================
          _____________ ________ _______________ ________     _________         
         / ___________// ______ \\_____   _____// ______ \   / ________)        
        / /_________  / /      \ \     | |     / /      \ \ | (_______          
       |  __________|| |        | |    | |    | |        | | \________ \        
        \ \_________ | |        | |    | |     \ \______/ /___________) |       
         \__________||_|        |_|    |_|      \________//____________/        
                                                                                
====================================[ Qcore ]===================================

 Git hash:   15a3e7daff0cda5fa9af010ccd19a80288182ecf
 Git date:   Fri, 16 Apr 2021 15:57:16 +0100
 Compiler:   GNU 9.1.0
 Build type: Release
 Version:    1.1.0

 Start time: Tue Apr 27 14:07:57 2021

 Data directory: /work/zw18965/.local/qcore/share/entos/1.1.0/data
 Number of threads: 24
 Number of threads was determined by: command line argument
  - More threads can be used by running 'qcore -n 32'

 --------------------------------------------------------------------------------
                                command: optimize                                
 --------------------------------------------------------------------------------
 Using coordinate system:                tric
 Hessian update scheme:                  bfgs

 ------------------------------------------------------------------------------------------------------------
                   energy      change    grad rms    grad max    step rms    step max       trust    time (s)
 ------------------------------------------------------------------------------------------------------------
   1      -113.221960058                2.56e-03    4.44e-03                            2.00e-01        0.92
   2      -113.221967240   -7.18e-06    1.32e-04    2.30e-04    1.71e-03    3.41e-03    2.00e-01        0.85
   3      -113.221967258   -1.86e-08    6.71e-07    1.16e-06    8.38e-05    1.68e-04    2.00e-01        0.86
 Geometry optimization stopped:          thresholds achieved

 Final energy:                        -113.221967258

 -----------
  Final XYZ 
 -----------
2
Final structure: -113.222 hartree
O            0.561384419         -0.000000075         -0.000000006
C           -0.561384537          0.000000080          0.000000011

 Structure in entos input format:

  structure(
    xyz = [
      ['O'  ,          0.561384419,         -0.000000075,         -0.000000006],
      ['C'  ,         -0.561384537,          0.000000080,          0.000000011]
    ]
  )

 --------------------------------
  Geometry optimization finished 
 --------------------------------
 Saving results in set 'opt'

 --------------------------------------------------------------------------------
                                 command: hessian                                
 --------------------------------------------------------------------------------

 -------------------------------
  Numerical Geometrical Hessian 
 -------------------------------

 Compute hessian using two-point central differentiation.
 Step size (bohr):                       0.0100

 Frequencies (including translational and rotational modes):
 mode    frequency (cm-1)
    0               18.29 i (imaginary)
    1               18.27 i (imaginary)
    2                1.25 i (imaginary)
    3                0.21 i (imaginary)
    4                0.36
    5             2302.40

 Project out translational and rotational motions 

 The molecule is linear

 Degrees of freedom for translational and rotational motions: 5

 Vibrational frequencies:
 mode    frequency (cm-1)
    0             2302.40

 --------------------------------------------------------------------------------

 End time:                               Tue Apr 27 14:08:07 2021
 Total wall-clock time:                  9.092 seconds
==================================================================================
