
================================================================================
          _____________ ________ _______________ ________     _________         
         / ___________// ______ \\_____   _____// ______ \   / ________)        
        / /_________  / /      \ \     | |     / /      \ \ | (_______          
       |  __________|| |        | |    | |    | |        | | \________ \        
        \ \_________ | |        | |    | |     \ \______/ /___________) |       
         \__________||_|        |_|    |_|      \________//____________/        
                                                                                
====================================[ Qcore ]===================================

 Git hash:   15a3e7daff0cda5fa9af010ccd19a80288182ecf
 Git date:   Fri, 16 Apr 2021 15:57:16 +0100
 Compiler:   GNU 9.1.0
 Build type: Release
 Version:    1.1.0

 Start time: Tue Apr 27 14:08:07 2021

 Data directory: /work/zw18965/.local/qcore/share/entos/1.1.0/data
 Number of threads: 24
 Number of threads was determined by: command line argument
  - More threads can be used by running 'qcore -n 32'

 --------------------------------------------------------------------------------
                                command: optimize                                
 --------------------------------------------------------------------------------
 Using coordinate system:                tric
 Hessian update scheme:                  bfgs

 ------------------------------------------------------------------------------------------------------------
                   energy      change    grad rms    grad max    step rms    step max       trust    time (s)
 ------------------------------------------------------------------------------------------------------------
   1      -834.357205164                1.89e-03    4.02e-03                            2.00e-01        3.14
   2      -834.357226811   -2.16e-05    8.36e-04    1.78e-03    3.05e-03    3.74e-03    2.00e-01        3.02
   3      -834.357232014   -5.20e-06    7.22e-06    1.73e-05    2.41e-03    2.99e-03    2.00e-01        3.04
   4      -834.357232015   -7.51e-10    1.75e-06    4.83e-06    2.04e-05    4.77e-05    2.00e-01        3.03
 Geometry optimization stopped:          thresholds achieved

 Final energy:                        -834.357232015

 -----------
  Final XYZ 
 -----------
3
Final structure: -834.357 hartree
S            1.549999619          0.000473041         -0.000001652
C            0.000008632         -0.000004323          0.000000432
S           -1.549982314         -0.000469388         -0.000000274

 Structure in entos input format:

  structure(
    xyz = [
      ['S'  ,          1.549999619,          0.000473041,         -0.000001652],
      ['C'  ,          0.000008632,         -0.000004323,          0.000000432],
      ['S'  ,         -1.549982314,         -0.000469388,         -0.000000274]
    ]
  )

 --------------------------------
  Geometry optimization finished 
 --------------------------------
 Saving results in set 'opt'

 --------------------------------------------------------------------------------
                                 command: hessian                                
 --------------------------------------------------------------------------------

 -------------------------------
  Numerical Geometrical Hessian 
 -------------------------------

 Compute hessian using two-point central differentiation.
 Step size (bohr):                       0.0100

 Frequencies (including translational and rotational modes):
 mode    frequency (cm-1)
    0                1.01
    1                3.87
    2                3.91
    3                5.72
    4                5.89
    5              421.00
    6              421.01
    7              708.67
    8             1587.59

 Project out translational and rotational motions 

 Degrees of freedom for translational and rotational motions: 6

 Vibrational frequencies:
 mode    frequency (cm-1)
    0              421.00
    1              708.67
    2             1587.59

 --------------------------------------------------------------------------------

 End time:                               Tue Apr 27 14:09:08 2021
 Total wall-clock time:                 60.990 seconds
==================================================================================
