
================================================================================
          _____________ ________ _______________ ________     _________         
         / ___________// ______ \\_____   _____// ______ \   / ________)        
        / /_________  / /      \ \     | |     / /      \ \ | (_______          
       |  __________|| |        | |    | |    | |        | | \________ \        
        \ \_________ | |        | |    | |     \ \______/ /___________) |       
         \__________||_|        |_|    |_|      \________//____________/        
                                                                                
====================================[ Qcore ]===================================

 Git hash:   15a3e7daff0cda5fa9af010ccd19a80288182ecf
 Git date:   Fri, 16 Apr 2021 15:57:16 +0100
 Compiler:   GNU 9.1.0
 Build type: Release
 Version:    1.1.0

 Start time: Tue Apr 27 14:10:37 2021

 Data directory: /work/zw18965/.local/qcore/share/entos/1.1.0/data
 Number of threads: 24
 Number of threads was determined by: command line argument
  - More threads can be used by running 'qcore -n 32'

 --------------------------------------------------------------------------------
                                command: optimize                                
 --------------------------------------------------------------------------------
 Using coordinate system:                tric
 Hessian update scheme:                  bfgs

 ------------------------------------------------------------------------------------------------------------
                   energy      change    grad rms    grad max    step rms    step max       trust    time (s)
 ------------------------------------------------------------------------------------------------------------
   1      -437.368693205                4.11e-03    1.01e-02                            2.00e-01        3.17
   2      -437.368974303   -2.81e-04    1.29e-03    3.54e-03    2.04e-02    2.79e-02    2.00e-01        3.07
   3      -437.369016865   -4.26e-05    2.82e-04    8.13e-04    1.16e-02    1.69e-02    2.00e-01        3.06
   4      -437.369017348   -4.82e-07    1.41e-04    4.06e-04    5.49e-04    1.02e-03    2.00e-01        3.08
   5      -437.369017485   -1.37e-07    1.84e-05    4.36e-05    3.37e-04    6.93e-04    2.00e-01        3.04
 Geometry optimization stopped:          thresholds achieved

 Final energy:                        -437.369017485

 -----------
  Final XYZ 
 -----------
4
Final structure: -437.369 hartree
C           -0.111330688          0.009033859          0.000866168
S            1.484913222         -0.118699107         -0.017110012
H           -0.659335429          0.274631731          0.907074272
H           -0.714796854         -0.164319213         -0.892363840

 Structure in entos input format:

  structure(
    xyz = [
      ['C'  ,         -0.111330688,          0.009033859,          0.000866168],
      ['S'  ,          1.484913222,         -0.118699107,         -0.017110012],
      ['H'  ,         -0.659335429,          0.274631731,          0.907074272],
      ['H'  ,         -0.714796854,         -0.164319213,         -0.892363840]
    ]
  )

 --------------------------------
  Geometry optimization finished 
 --------------------------------
 Saving results in set 'opt'

 --------------------------------------------------------------------------------
                                 command: hessian                                
 --------------------------------------------------------------------------------

 -------------------------------
  Numerical Geometrical Hessian 
 -------------------------------

 Compute hessian using two-point central differentiation.
 Step size (bohr):                       0.0100

 Frequencies (including translational and rotational modes):
 mode    frequency (cm-1)
    0               25.79 i (imaginary)
    1               13.12 i (imaginary)
    2                1.23 i (imaginary)
    3                1.13
    4                3.16
    5               19.87
    6             1035.10
    7             1096.73
    8             1148.40
    9             1543.52
   10             3158.31
   11             3253.52

 Project out translational and rotational motions 

 Degrees of freedom for translational and rotational motions: 6

 Vibrational frequencies:
 mode    frequency (cm-1)
    0             1035.10
    1             1096.72
    2             1148.40
    3             1543.52
    4             3158.31
    5             3253.52

 --------------------------------------------------------------------------------

 End time:                               Tue Apr 27 14:12:02 2021
 Total wall-clock time:                 84.942 seconds
==================================================================================
