
================================================================================
          _____________ ________ _______________ ________     _________         
         / ___________// ______ \\_____   _____// ______ \   / ________)        
        / /_________  / /      \ \     | |     / /      \ \ | (_______          
       |  __________|| |        | |    | |    | |        | | \________ \        
        \ \_________ | |        | |    | |     \ \______/ /___________) |       
         \__________||_|        |_|    |_|      \________//____________/        
                                                                                
====================================[ Qcore ]===================================

 Git hash:   15a3e7daff0cda5fa9af010ccd19a80288182ecf
 Git date:   Fri, 16 Apr 2021 15:57:16 +0100
 Compiler:   GNU 9.1.0
 Build type: Release
 Version:    1.1.0

 Start time: Tue Apr 27 14:12:02 2021

 Data directory: /work/zw18965/.local/qcore/share/entos/1.1.0/data
 Number of threads: 24
 Number of threads was determined by: command line argument
  - More threads can be used by running 'qcore -n 32'

 --------------------------------------------------------------------------------
                                command: optimize                                
 --------------------------------------------------------------------------------
 Using coordinate system:                tric
 Hessian update scheme:                  bfgs

 ------------------------------------------------------------------------------------------------------------
                   energy      change    grad rms    grad max    step rms    step max       trust    time (s)
 ------------------------------------------------------------------------------------------------------------
   1       -76.363209183                2.64e-03    4.34e-03                            2.00e-01        1.09
   2       -76.363302513   -9.33e-05    9.40e-04    1.43e-03    1.12e-02    1.46e-02    2.00e-01        1.06
   3       -76.363321824   -1.93e-05    6.39e-04    1.12e-03    7.27e-03    1.19e-02    2.00e-01        1.03
   4       -76.363324178   -2.35e-06    2.56e-04    4.12e-04    1.85e-03    3.69e-03    2.00e-01        1.02
   5       -76.363324486   -3.08e-07    1.88e-05    2.80e-05    4.96e-04    9.20e-04    2.00e-01        1.03
 Geometry optimization stopped:          thresholds achieved

 Final energy:                         -76.363324486

 -----------
  Final XYZ 
 -----------
3
Final structure: -76.3633 hartree
O            0.008728772          0.006534172         -0.004984161
H            0.273543441          0.886192977          0.254007037
H            0.601947200         -0.238257570         -0.711501886

 Structure in entos input format:

  structure(
    xyz = [
      ['O'  ,          0.008728772,          0.006534172,         -0.004984161],
      ['H'  ,          0.273543441,          0.886192977,          0.254007037],
      ['H'  ,          0.601947200,         -0.238257570,         -0.711501886]
    ]
  )

 --------------------------------
  Geometry optimization finished 
 --------------------------------
 Saving results in set 'opt'

 --------------------------------------------------------------------------------
                                 command: hessian                                
 --------------------------------------------------------------------------------

 -------------------------------
  Numerical Geometrical Hessian 
 -------------------------------

 Compute hessian using two-point central differentiation.
 Step size (bohr):                       0.0100

 Frequencies (including translational and rotational modes):
 mode    frequency (cm-1)
    0               46.30 i (imaginary)
    1                0.71 i (imaginary)
    2                0.51
    3                1.67
    4               24.70
    5               53.96
    6             1669.84
    7             3972.38
    8             4080.30

 Project out translational and rotational motions 

 Degrees of freedom for translational and rotational motions: 6

 Vibrational frequencies:
 mode    frequency (cm-1)
    0             1669.84
    1             3972.38
    2             4080.30

 --------------------------------------------------------------------------------

 End time:                               Tue Apr 27 14:12:22 2021
 Total wall-clock time:                 19.896 seconds
==================================================================================
