
================================================================================
          _____________ ________ _______________ ________     _________         
         / ___________// ______ \\_____   _____// ______ \   / ________)        
        / /_________  / /      \ \     | |     / /      \ \ | (_______          
       |  __________|| |        | |    | |    | |        | | \________ \        
        \ \_________ | |        | |    | |     \ \______/ /___________) |       
         \__________||_|        |_|    |_|      \________//____________/        
                                                                                
====================================[ Qcore ]===================================

 Git hash:   15a3e7daff0cda5fa9af010ccd19a80288182ecf
 Git date:   Fri, 16 Apr 2021 15:57:16 +0100
 Compiler:   GNU 9.1.0
 Build type: Release
 Version:    1.1.0

 Start time: Tue Apr 27 14:12:49 2021

 Data directory: /work/zw18965/.local/qcore/share/entos/1.1.0/data
 Number of threads: 24
 Number of threads was determined by: command line argument
  - More threads can be used by running 'qcore -n 32'

 --------------------------------------------------------------------------------
                                command: optimize                                
 --------------------------------------------------------------------------------
 Using coordinate system:                tric
 Hessian update scheme:                  bfgs

 ------------------------------------------------------------------------------------------------------------
                   energy      change    grad rms    grad max    step rms    step max       trust    time (s)
 ------------------------------------------------------------------------------------------------------------
   1      -460.766105162                6.48e-03    1.12e-02                            2.00e-01        1.11
   2      -460.766248737   -1.44e-04    2.63e-03    4.56e-03    9.13e-03    1.83e-02    2.00e-01        1.04
   3      -460.766278216   -2.95e-05    1.11e-04    1.92e-04    6.24e-03    1.25e-02    2.00e-01        1.00
   4      -460.766278270   -5.42e-08    1.98e-06    3.44e-06    2.75e-04    5.50e-04    2.00e-01        1.02
 Geometry optimization stopped:          thresholds achieved

 Final energy:                        -460.766278270

 -----------
  Final XYZ 
 -----------
2
Final structure: -460.766 hartree
Cl           0.640833162         -0.000000279          0.000000188
H           -0.640841786          0.000000268         -0.000000187

 Structure in entos input format:

  structure(
    xyz = [
      ['Cl' ,          0.640833162,         -0.000000279,          0.000000188],
      ['H'  ,         -0.640841786,          0.000000268,         -0.000000187]
    ]
  )

 --------------------------------
  Geometry optimization finished 
 --------------------------------
 Saving results in set 'opt'

 --------------------------------------------------------------------------------
                                 command: hessian                                
 --------------------------------------------------------------------------------

 -------------------------------
  Numerical Geometrical Hessian 
 -------------------------------

 Compute hessian using two-point central differentiation.
 Step size (bohr):                       0.0100

 Frequencies (including translational and rotational modes):
 mode    frequency (cm-1)
    0                0.43 i (imaginary)
    1                0.39 i (imaginary)
    2                0.96
    3               36.63
    4               36.70
    5             3042.39

 Project out translational and rotational motions 

 The molecule is linear

 Degrees of freedom for translational and rotational motions: 5

 Vibrational frequencies:
 mode    frequency (cm-1)
    0             3042.39

 --------------------------------------------------------------------------------

 End time:                               Tue Apr 27 14:13:01 2021
 Total wall-clock time:                 11.648 seconds
==================================================================================
