
================================================================================
          _____________ ________ _______________ ________     _________         
         / ___________// ______ \\_____   _____// ______ \   / ________)        
        / /_________  / /      \ \     | |     / /      \ \ | (_______          
       |  __________|| |        | |    | |    | |        | | \________ \        
        \ \_________ | |        | |    | |     \ \______/ /___________) |       
         \__________||_|        |_|    |_|      \________//____________/        
                                                                                
====================================[ Qcore ]===================================

 Git hash:   15a3e7daff0cda5fa9af010ccd19a80288182ecf
 Git date:   Fri, 16 Apr 2021 15:57:16 +0100
 Compiler:   GNU 9.1.0
 Build type: Release
 Version:    1.1.0

 Start time: Tue Apr 27 14:15:59 2021

 Data directory: /work/zw18965/.local/qcore/share/entos/1.1.0/data
 Number of threads: 24
 Number of threads was determined by: command line argument
  - More threads can be used by running 'qcore -n 32'

 --------------------------------------------------------------------------------
                                command: optimize                                
 --------------------------------------------------------------------------------
 Using coordinate system:                tric
 Hessian update scheme:                  bfgs

 ------------------------------------------------------------------------------------------------------------
                   energy      change    grad rms    grad max    step rms    step max       trust    time (s)
 ------------------------------------------------------------------------------------------------------------
   1      -184.484373668                1.85e-02    4.38e-02                            2.00e-01        1.80
   2      -184.485567128   -1.19e-03    6.08e-03    1.49e-02    2.41e-02    3.57e-02    2.00e-01        1.77
   3      -184.485625791   -5.87e-05    1.13e-03    2.77e-03    3.49e-03    8.54e-03    2.00e-01        1.73
   4      -184.485627892   -2.10e-06    1.44e-05    3.34e-05    7.68e-04    1.88e-03    2.00e-01        1.70
   5      -184.485627893   -1.10e-09    4.76e-07    1.30e-06    2.03e-05    4.21e-05    2.00e-01        1.73
 Geometry optimization stopped:          thresholds achieved

 Final energy:                        -184.485627893

 -----------
  Final XYZ 
 -----------
3
Final structure: -184.486 hartree
N            0.000000045          0.000000124         -1.116628731
N            0.000000282          0.000000002         -0.003616884
O            0.000000729         -0.000000363          1.179128794

 Structure in entos input format:

  structure(
    xyz = [
      ['N'  ,          0.000000045,          0.000000124,         -1.116628731],
      ['N'  ,          0.000000282,          0.000000002,         -0.003616884],
      ['O'  ,          0.000000729,         -0.000000363,          1.179128794]
    ]
  )

 --------------------------------
  Geometry optimization finished 
 --------------------------------
 Saving results in set 'opt'

 --------------------------------------------------------------------------------
                                 command: hessian                                
 --------------------------------------------------------------------------------

 -------------------------------
  Numerical Geometrical Hessian 
 -------------------------------

 Compute hessian using two-point central differentiation.
 Step size (bohr):                       0.0100

 Frequencies (including translational and rotational modes):
 mode    frequency (cm-1)
    0                7.09 i (imaginary)
    1                7.05 i (imaginary)
    2                1.31 i (imaginary)
    3                2.44
    4                2.51
    5              641.61
    6              641.61
    7             1379.32
    8             2469.25

 Project out translational and rotational motions 

 Degrees of freedom for translational and rotational motions: 6

 Vibrational frequencies:
 mode    frequency (cm-1)
    0              641.61
    1             1379.32
    2             2469.25

 --------------------------------------------------------------------------------

 End time:                               Tue Apr 27 14:16:36 2021
 Total wall-clock time:                 37.349 seconds
==================================================================================
