
================================================================================
          _____________ ________ _______________ ________     _________         
         / ___________// ______ \\_____   _____// ______ \   / ________)        
        / /_________  / /      \ \     | |     / /      \ \ | (_______          
       |  __________|| |        | |    | |    | |        | | \________ \        
        \ \_________ | |        | |    | |     \ \______/ /___________) |       
         \__________||_|        |_|    |_|      \________//____________/        
                                                                                
====================================[ Qcore ]===================================

 Git hash:   15a3e7daff0cda5fa9af010ccd19a80288182ecf
 Git date:   Fri, 16 Apr 2021 15:57:16 +0100
 Compiler:   GNU 9.1.0
 Build type: Release
 Version:    1.1.0

 Start time: Tue Apr 27 14:17:27 2021

 Data directory: /work/zw18965/.local/qcore/share/entos/1.1.0/data
 Number of threads: 24
 Number of threads was determined by: command line argument
  - More threads can be used by running 'qcore -n 32'

 --------------------------------------------------------------------------------
                                command: optimize                                
 --------------------------------------------------------------------------------
 Using coordinate system:                tric
 Hessian update scheme:                  bfgs

 ------------------------------------------------------------------------------------------------------------
                   energy      change    grad rms    grad max    step rms    step max       trust    time (s)
 ------------------------------------------------------------------------------------------------------------
   1      -343.086924672                6.79e-03    1.21e-02                            2.00e-01        2.33
   2      -343.087941706   -1.02e-03    3.39e-03    1.01e-02    1.06e-01    7.81e-02    2.00e-01        2.22
   3      -343.088227109   -2.85e-04    8.01e-04    2.07e-03    3.25e-02    3.08e-02    2.00e-01        2.21
   4      -343.088235754   -8.65e-06    9.07e-05    1.90e-04    2.95e-03    4.21e-03    2.00e-01        2.20
   5      -343.088235918   -1.65e-07    8.08e-06    1.49e-05    5.77e-04    6.15e-04    2.00e-01        2.21
 Geometry optimization stopped:          thresholds achieved

 Final energy:                        -343.088235918

 -----------
  Final XYZ 
 -----------
4
Final structure: -343.088 hartree
P           -0.005634081         -0.001488900          0.563488441
H           -0.664466273         -1.000362289         -0.196905965
H           -0.531645130          1.077903898         -0.190350187
H            1.201630026         -0.076225146         -0.176100159

 Structure in entos input format:

  structure(
    xyz = [
      ['P'  ,         -0.005634081,         -0.001488900,          0.563488441],
      ['H'  ,         -0.664466273,         -1.000362289,         -0.196905965],
      ['H'  ,         -0.531645130,          1.077903898,         -0.190350187],
      ['H'  ,          1.201630026,         -0.076225146,         -0.176100159]
    ]
  )

 --------------------------------
  Geometry optimization finished 
 --------------------------------
 Saving results in set 'opt'

 --------------------------------------------------------------------------------
                                 command: hessian                                
 --------------------------------------------------------------------------------

 -------------------------------
  Numerical Geometrical Hessian 
 -------------------------------

 Compute hessian using two-point central differentiation.
 Step size (bohr):                       0.0100

 Frequencies (including translational and rotational modes):
 mode    frequency (cm-1)
    0               50.90 i (imaginary)
    1                1.30 i (imaginary)
    2                0.90
    3                2.44
    4               20.14
    5               64.39
    6             1056.55
    7             1181.50
    8             1183.40
    9             2475.23
   10             2485.26
   11             2485.39

 Project out translational and rotational motions 

 Degrees of freedom for translational and rotational motions: 6

 Vibrational frequencies:
 mode    frequency (cm-1)
    0             1056.55
    1             1181.50
    2             1183.40
    3             2475.23
    4             2485.26
    5             2485.39

 --------------------------------------------------------------------------------

 End time:                               Tue Apr 27 14:18:26 2021
 Total wall-clock time:                 59.070 seconds
==================================================================================
