
================================================================================
          _____________ ________ _______________ ________     _________         
         / ___________// ______ \\_____   _____// ______ \   / ________)        
        / /_________  / /      \ \     | |     / /      \ \ | (_______          
       |  __________|| |        | |    | |    | |        | | \________ \        
        \ \_________ | |        | |    | |     \ \______/ /___________) |       
         \__________||_|        |_|    |_|      \________//____________/        
                                                                                
====================================[ Qcore ]===================================

 Git hash:   15a3e7daff0cda5fa9af010ccd19a80288182ecf
 Git date:   Fri, 16 Apr 2021 15:57:16 +0100
 Compiler:   GNU 9.1.0
 Build type: Release
 Version:    1.1.0

 Start time: Tue Apr 27 14:23:17 2021

 Data directory: /work/zw18965/.local/qcore/share/entos/1.1.0/data
 Number of threads: 24
 Number of threads was determined by: command line argument
  - More threads can be used by running 'qcore -n 32'

 --------------------------------------------------------------------------------
                                command: optimize                                
 --------------------------------------------------------------------------------
 Using coordinate system:                tric
 Hessian update scheme:                  bfgs

 ------------------------------------------------------------------------------------------------------------
                   energy      change    grad rms    grad max    step rms    step max       trust    time (s)
 ------------------------------------------------------------------------------------------------------------
   1      -796.291663596                3.85e-03    6.67e-03                            2.00e-01        1.69
   2      -796.291726748   -6.32e-05    1.87e-04    3.25e-04    9.85e-03    1.97e-02    2.00e-01        1.61
   3      -796.291726886   -1.38e-07    4.58e-06    8.57e-06    4.56e-04    9.12e-04    2.00e-01        1.58
 Geometry optimization stopped:          thresholds achieved

 Final energy:                        -796.291726886

 -----------
  Final XYZ 
 -----------
2
Final structure: -796.292 hartree
S           -0.000000484         -0.000001368          0.004936679
S            0.000000444          0.000000474          1.891876315

 Structure in entos input format:

  structure(
    xyz = [
      ['S'  ,         -0.000000484,         -0.000001368,          0.004936679],
      ['S'  ,          0.000000444,          0.000000474,          1.891876315]
    ]
  )

 --------------------------------
  Geometry optimization finished 
 --------------------------------
 Saving results in set 'opt'

 --------------------------------------------------------------------------------
                                 command: hessian                                
 --------------------------------------------------------------------------------

 -------------------------------
  Numerical Geometrical Hessian 
 -------------------------------

 Compute hessian using two-point central differentiation.
 Step size (bohr):                       0.0100

 Frequencies (including translational and rotational modes):
 mode    frequency (cm-1)
    0                9.86 i (imaginary)
    1                9.81 i (imaginary)
    2                1.71 i (imaginary)
    3                1.61
    4                1.71
    5              773.10

 Project out translational and rotational motions 

 The molecule is linear

 Degrees of freedom for translational and rotational motions: 5

 Vibrational frequencies:
 mode    frequency (cm-1)
    0              773.10

 --------------------------------------------------------------------------------

 End time:                               Tue Apr 27 14:23:36 2021
 Total wall-clock time:                 19.889 seconds
==================================================================================
