
================================================================================
          _____________ ________ _______________ ________     _________         
         / ___________// ______ \\_____   _____// ______ \   / ________)        
        / /_________  / /      \ \     | |     / /      \ \ | (_______          
       |  __________|| |        | |    | |    | |        | | \________ \        
        \ \_________ | |        | |    | |     \ \______/ /___________) |       
         \__________||_|        |_|    |_|      \________//____________/        
                                                                                
====================================[ Qcore ]===================================

 Git hash:   15a3e7daff0cda5fa9af010ccd19a80288182ecf
 Git date:   Fri, 16 Apr 2021 15:57:16 +0100
 Compiler:   GNU 9.1.0
 Build type: Release
 Version:    1.1.0

 Start time: Fri Apr 23 14:36:16 2021

 Data directory: /work/zw18965/.local/qcore/share/entos/1.1.0/data
 Number of threads: 24
 Number of threads was determined by: command line argument
  - More threads can be used by running 'qcore -n 32'

 --------------------------------------------------------------------------------
                                command: optimize                                
 --------------------------------------------------------------------------------
 Using coordinate system:                tric
 Hessian update scheme:                  bfgs

 ------------------------------------------------------------------------------------------------------------
                   energy      change    grad rms    grad max    step rms    step max       trust    time (s)
 ------------------------------------------------------------------------------------------------------------
   1       -77.203198721                4.23e-03    1.04e-02                            2.00e-01        2.36
   2       -77.203244662   -4.59e-05    2.16e-04    4.22e-04    4.80e-03    9.44e-03    2.00e-01        1.92
   3       -77.203244921   -2.59e-07    4.75e-05    9.28e-05    3.73e-04    5.68e-04    2.00e-01        1.78
 Geometry optimization stopped:          thresholds achieved

 Final energy:                         -77.203244921

 -----------
  Final XYZ 
 -----------
4
Final structure: -77.2032 hartree
C           -0.595701594         -0.000000075         -0.000010921
C            0.595700947          0.000000081          0.000010927
H           -1.653085044         -0.000000006         -0.000095356
H            1.653085691         -0.000000001          0.000095350

 Structure in entos input format:

  structure(
    xyz = [
      ['C'  ,         -0.595701594,         -0.000000075,         -0.000010921],
      ['C'  ,          0.595700947,          0.000000081,          0.000010927],
      ['H'  ,         -1.653085044,         -0.000000006,         -0.000095356],
      ['H'  ,          1.653085691,         -0.000000001,          0.000095350]
    ]
  )

 --------------------------------
  Geometry optimization finished 
 --------------------------------
 Saving results in set 'opt'

 --------------------------------------------------------------------------------
                                 command: hessian                                
 --------------------------------------------------------------------------------

WARNING: semianalytic method is specified for dft hessian, which is not efficient. Try switching to 'method = analytic'

