
================================================================================
          _____________ ________ _______________ ________     _________         
         / ___________// ______ \\_____   _____// ______ \   / ________)        
        / /_________  / /      \ \     | |     / /      \ \ | (_______          
       |  __________|| |        | |    | |    | |        | | \________ \        
        \ \_________ | |        | |    | |     \ \______/ /___________) |       
         \__________||_|        |_|    |_|      \________//____________/        
                                                                                
====================================[ Qcore ]===================================

 Git hash:   15a3e7daff0cda5fa9af010ccd19a80288182ecf
 Git date:   Fri, 16 Apr 2021 15:57:16 +0100
 Compiler:   GNU 9.1.0
 Build type: Release
 Version:    1.1.0

 Start time: Sat May  8 10:29:30 2021

 Data directory: /work/zw18965/.local/qcore/share/entos/1.1.0/data
 Number of threads: 24
 Number of threads was determined by: command line argument
  - More threads can be used by running 'qcore -n 32'

 --------------------------------------------------------------------------------
                                command: optimize                                
 --------------------------------------------------------------------------------
 Using coordinate system:                tric
 Hessian update scheme:                  bfgs

 ------------------------------------------------------------------------------------------------------------
                   energy      change    grad rms    grad max    step rms    step max       trust    time (s)
 ------------------------------------------------------------------------------------------------------------
   1       -40.437423408                1.06e-03    1.71e-03                            2.00e-01        2.01
   2       -40.437444465   -2.11e-05    2.77e-04    4.48e-04    3.77e-03    4.21e-03    2.00e-01        1.54
   3       -40.437445762   -1.30e-06    2.32e-06    3.49e-06    1.33e-03    1.49e-03    2.00e-01        1.54
   4       -40.437445766   -3.53e-09    2.63e-07    4.64e-07    1.10e-05    3.64e-05    2.00e-01        1.40
 Geometry optimization stopped:          thresholds achieved

 Final energy:                         -40.437445766

 -----------
  Final XYZ 
 -----------
5
Final structure: -40.4374 hartree
C           -0.000020779          0.000016121          0.000003760
H            0.549483314          0.792806058          0.492267077
H            0.677505700         -0.806509866         -0.251504915
H           -0.771592415         -0.370336588          0.663558373
H           -0.455475818          0.384124274         -0.904324390

 Structure in entos input format:

  structure(
    xyz = [
      ['C'  ,         -0.000020779,          0.000016121,          0.000003760],
      ['H'  ,          0.549483314,          0.792806058,          0.492267077],
      ['H'  ,          0.677505700,         -0.806509866,         -0.251504915],
      ['H'  ,         -0.771592415,         -0.370336588,          0.663558373],
      ['H'  ,         -0.455475818,          0.384124274,         -0.904324390]
    ]
  )

 --------------------------------
  Geometry optimization finished 
 --------------------------------
 Saving results in set 'opt'

 --------------------------------------------------------------------------------
                                 command: hessian                                
 --------------------------------------------------------------------------------

WARNING: semianalytic method is specified for dft hessian, which is not efficient. Try switching to 'method = analytic'


 -------------------------------
  Numerical Geometrical Hessian 
 -------------------------------

 Compute hessian using two-point central differentiation.
 Step size (bohr):                       0.0100

 Frequencies (including translational and rotational modes):
 mode    frequency (cm-1)
    0               27.52 i (imaginary)
    1               14.10 i (imaginary)
    2                2.86 i (imaginary)
    3                0.05
    4                0.46
    5                1.87
    6             1369.55
    7             1369.61
    8             1369.68
    9             1591.28
   10             1591.39
   11             3085.75
   12             3196.58
   13             3196.60
   14             3196.66

 Project out translational and rotational motions 

 Degrees of freedom for translational and rotational motions: 6

 Vibrational frequencies:
 mode    frequency (cm-1)
    0             1369.55
    1             1369.61
    2             1369.68
    3             1591.28
    4             1591.39
    5             3085.75
    6             3196.58
    7             3196.60
    8             3196.66

 --------------------------------------------------------------------------------

 End time:                               Sat May  8 10:30:23 2021
 Total wall-clock time:                 52.968 seconds
==================================================================================
