
================================================================================
          _____________ ________ _______________ ________     _________         
         / ___________// ______ \\_____   _____// ______ \   / ________)        
        / /_________  / /      \ \     | |     / /      \ \ | (_______          
       |  __________|| |        | |    | |    | |        | | \________ \        
        \ \_________ | |        | |    | |     \ \______/ /___________) |       
         \__________||_|        |_|    |_|      \________//____________/        
                                                                                
====================================[ Qcore ]===================================

 Git hash:   15a3e7daff0cda5fa9af010ccd19a80288182ecf
 Git date:   Fri, 16 Apr 2021 15:57:16 +0100
 Compiler:   GNU 9.1.0
 Build type: Release
 Version:    1.1.0

 Start time: Sat May  8 10:31:01 2021

 Data directory: /work/zw18965/.local/qcore/share/entos/1.1.0/data
 Number of threads: 24
 Number of threads was determined by: command line argument
  - More threads can be used by running 'qcore -n 32'

 --------------------------------------------------------------------------------
                                command: optimize                                
 --------------------------------------------------------------------------------
 Using coordinate system:                tric
 Hessian update scheme:                  bfgs

 ------------------------------------------------------------------------------------------------------------
                   energy      change    grad rms    grad max    step rms    step max       trust    time (s)
 ------------------------------------------------------------------------------------------------------------
   1      -552.602205477                1.00e-03    2.32e-03                            2.00e-01        5.44
   2      -552.602211601   -6.12e-06    6.66e-04    1.36e-03    1.70e-03    2.86e-03    2.00e-01        3.63
   3      -552.602214380   -2.78e-06    1.69e-04    3.82e-04    1.74e-03    3.61e-03    2.00e-01        3.63
   4      -552.602214495   -1.15e-07    2.28e-05    4.50e-05    1.29e-04    3.13e-04    2.00e-01        3.41
 Geometry optimization stopped:          thresholds achieved

 Final energy:                        -552.602214495

 -----------
  Final XYZ 
 -----------
3
Final structure: -552.602 hartree
Cl           1.401816408         -0.803810384          0.000000105
C           -0.152264031         -0.329506090         -0.000000310
N           -1.249552371          0.005379238          0.000000205

 Structure in entos input format:

  structure(
    xyz = [
      ['Cl' ,          1.401816408,         -0.803810384,          0.000000105],
      ['C'  ,         -0.152264031,         -0.329506090,         -0.000000310],
      ['N'  ,         -1.249552371,          0.005379238,          0.000000205]
    ]
  )

 --------------------------------
  Geometry optimization finished 
 --------------------------------
 Saving results in set 'opt'

 --------------------------------------------------------------------------------
                                 command: hessian                                
 --------------------------------------------------------------------------------

WARNING: semianalytic method is specified for dft hessian, which is not efficient. Try switching to 'method = analytic'


 -------------------------------
  Numerical Geometrical Hessian 
 -------------------------------

 Compute hessian using two-point central differentiation.
 Step size (bohr):                       0.0100

 Frequencies (including translational and rotational modes):
 mode    frequency (cm-1)
    0                0.13 i (imaginary)
    1                0.08 i (imaginary)
    2                0.01 i (imaginary)
    3                3.02
    4                7.98
    5              413.07
    6              413.24
    7              765.30
    8             2365.86

 Project out translational and rotational motions 

 Degrees of freedom for translational and rotational motions: 6

 Vibrational frequencies:
 mode    frequency (cm-1)
    0              413.07
    1              765.30
    2             2365.86

 --------------------------------------------------------------------------------

 End time:                               Sat May  8 10:32:29 2021
 Total wall-clock time:                 87.642 seconds
==================================================================================
