
================================================================================
          _____________ ________ _______________ ________     _________         
         / ___________// ______ \\_____   _____// ______ \   / ________)        
        / /_________  / /      \ \     | |     / /      \ \ | (_______          
       |  __________|| |        | |    | |    | |        | | \________ \        
        \ \_________ | |        | |    | |     \ \______/ /___________) |       
         \__________||_|        |_|    |_|      \________//____________/        
                                                                                
====================================[ Qcore ]===================================

 Git hash:   15a3e7daff0cda5fa9af010ccd19a80288182ecf
 Git date:   Fri, 16 Apr 2021 15:57:16 +0100
 Compiler:   GNU 9.1.0
 Build type: Release
 Version:    1.1.0

 Start time: Tue Apr 27 11:22:07 2021

 Data directory: /work/zw18965/.local/qcore/share/entos/1.1.0/data
 Number of threads: 12
 Number of threads was determined by: command line argument
  - More threads can be used by running 'qcore -n 24'

 --------------------------------------------------------------------------------
                                command: optimize                                
 --------------------------------------------------------------------------------
 Using coordinate system:                tric
 Hessian update scheme:                  bfgs

 ------------------------------------------------------------------------------------------------------------
                   energy      change    grad rms    grad max    step rms    step max       trust    time (s)
 ------------------------------------------------------------------------------------------------------------
   1      -559.610714004                1.59e-02    2.75e-02                            2.00e-01        3.01
   2      -559.611567959   -8.54e-04    1.03e-02    1.79e-02    1.88e-02    3.75e-02    2.00e-01        1.87
   3      -559.612112726   -5.45e-04    1.66e-03    2.88e-03    3.48e-02    6.96e-02    2.00e-01        2.10
   4      -559.612125332   -1.26e-05    1.43e-04    2.48e-04    4.83e-03    9.65e-03    2.00e-01        1.97
   5      -559.612125439   -1.07e-07    3.87e-06    6.69e-06    3.83e-04    7.66e-04    2.00e-01        1.87
 Geometry optimization stopped:          thresholds achieved

 Final energy:                        -559.612125439

 -----------
  Final XYZ 
 -----------
2
Final structure: -559.612 hartree
Cl           0.808234437         -0.000000048          0.000000130
F           -0.808234436          0.000000048         -0.000000130

 Structure in entos input format:

  structure(
    xyz = [
      ['Cl' ,          0.808234437,         -0.000000048,          0.000000130],
      ['F'  ,         -0.808234436,          0.000000048,         -0.000000130]
    ]
  )

 --------------------------------
  Geometry optimization finished 
 --------------------------------
 Saving results in set 'opt'

 --------------------------------------------------------------------------------
                                 command: hessian                                
 --------------------------------------------------------------------------------

WARNING: semianalytic method is specified for dft hessian, which is not efficient. Try switching to 'method = analytic'


 -------------------------------
  Numerical Geometrical Hessian 
 -------------------------------

 Compute hessian using two-point central differentiation.
 Step size (bohr):                       0.0100

 Frequencies (including translational and rotational modes):
 mode    frequency (cm-1)
    0                0.12 i (imaginary)
    1                0.04 i (imaginary)
    2                0.01
    3               53.27
    4               53.39
    5              827.80

 Project out translational and rotational motions 

 The molecule is linear

 Degrees of freedom for translational and rotational motions: 5

 Vibrational frequencies:
 mode    frequency (cm-1)
    0              827.80

 --------------------------------------------------------------------------------

 End time:                               Tue Apr 27 11:22:45 2021
 Total wall-clock time:                 37.851 seconds
==================================================================================
