
================================================================================
          _____________ ________ _______________ ________     _________         
         / ___________// ______ \\_____   _____// ______ \   / ________)        
        / /_________  / /      \ \     | |     / /      \ \ | (_______          
       |  __________|| |        | |    | |    | |        | | \________ \        
        \ \_________ | |        | |    | |     \ \______/ /___________) |       
         \__________||_|        |_|    |_|      \________//____________/        
                                                                                
====================================[ Qcore ]===================================

 Git hash:   15a3e7daff0cda5fa9af010ccd19a80288182ecf
 Git date:   Fri, 16 Apr 2021 15:57:16 +0100
 Compiler:   GNU 9.1.0
 Build type: Release
 Version:    1.1.0

 Start time: Tue Apr 27 11:22:18 2021

 Data directory: /work/zw18965/.local/qcore/share/entos/1.1.0/data
 Number of threads: 12
 Number of threads was determined by: command line argument
  - More threads can be used by running 'qcore -n 24'

 --------------------------------------------------------------------------------
                                command: optimize                                
 --------------------------------------------------------------------------------
 Using coordinate system:                tric
 Hessian update scheme:                  bfgs

 ------------------------------------------------------------------------------------------------------------
                   energy      change    grad rms    grad max    step rms    step max       trust    time (s)
 ------------------------------------------------------------------------------------------------------------
   1      -113.202391918                5.04e-03    8.72e-03                            2.00e-01        1.61
   2      -113.202420222   -2.83e-05    1.74e-05    3.01e-05    3.35e-03    6.71e-03    2.00e-01        1.03
   3      -113.202420226   -4.04e-09    1.25e-05    2.17e-05    1.15e-05    2.31e-05    2.00e-01        0.91
 Geometry optimization stopped:          thresholds achieved

 Final energy:                        -113.202420226

 -----------
  Final XYZ 
 -----------
2
Final structure: -113.202 hartree
O            0.560474409          0.000000035          0.000000035
C           -0.560474409         -0.000000035         -0.000000035

 Structure in entos input format:

  structure(
    xyz = [
      ['O'  ,          0.560474409,          0.000000035,          0.000000035],
      ['C'  ,         -0.560474409,         -0.000000035,         -0.000000035]
    ]
  )

 --------------------------------
  Geometry optimization finished 
 --------------------------------
 Saving results in set 'opt'

 --------------------------------------------------------------------------------
                                 command: hessian                                
 --------------------------------------------------------------------------------

WARNING: semianalytic method is specified for dft hessian, which is not efficient. Try switching to 'method = analytic'


 -------------------------------
  Numerical Geometrical Hessian 
 -------------------------------

 Compute hessian using two-point central differentiation.
 Step size (bohr):                       0.0100

 Frequencies (including translational and rotational modes):
 mode    frequency (cm-1)
    0                1.39 i (imaginary)
    1                0.73 i (imaginary)
    2                0.12 i (imaginary)
    3               18.76
    4               19.37
    5             2257.77

 Project out translational and rotational motions 

 The molecule is linear

 Degrees of freedom for translational and rotational motions: 5

 Vibrational frequencies:
 mode    frequency (cm-1)
    0             2257.77

 --------------------------------------------------------------------------------

 End time:                               Tue Apr 27 11:22:35 2021
 Total wall-clock time:                 17.033 seconds
==================================================================================
