
================================================================================
          _____________ ________ _______________ ________     _________         
         / ___________// ______ \\_____   _____// ______ \   / ________)        
        / /_________  / /      \ \     | |     / /      \ \ | (_______          
       |  __________|| |        | |    | |    | |        | | \________ \        
        \ \_________ | |        | |    | |     \ \______/ /___________) |       
         \__________||_|        |_|    |_|      \________//____________/        
                                                                                
====================================[ Qcore ]===================================

 Git hash:   15a3e7daff0cda5fa9af010ccd19a80288182ecf
 Git date:   Fri, 16 Apr 2021 15:57:16 +0100
 Compiler:   GNU 9.1.0
 Build type: Release
 Version:    1.1.0

 Start time: Tue Apr 27 11:29:39 2021

 Data directory: /work/zw18965/.local/qcore/share/entos/1.1.0/data
 Number of threads: 12
 Number of threads was determined by: command line argument
  - More threads can be used by running 'qcore -n 24'

 --------------------------------------------------------------------------------
                                command: optimize                                
 --------------------------------------------------------------------------------
 Using coordinate system:                tric
 Hessian update scheme:                  bfgs

 ------------------------------------------------------------------------------------------------------------
                   energy      change    grad rms    grad max    step rms    step max       trust    time (s)
 ------------------------------------------------------------------------------------------------------------
   1      -437.101049283                4.65e-03    1.38e-02                            2.00e-01        6.17
   2      -437.101376014   -3.27e-04    1.84e-03    5.49e-03    1.80e-02    2.37e-02    2.00e-01        4.59
   3      -437.101437601   -6.16e-05    1.32e-04    3.01e-04    1.25e-02    1.70e-02    2.00e-01        4.86
   4      -437.101437831   -2.29e-07    6.15e-05    1.57e-04    3.50e-04    4.02e-04    2.00e-01        4.43
 Geometry optimization stopped:          thresholds achieved

 Final energy:                        -437.101437831

 -----------
  Final XYZ 
 -----------
4
Final structure: -437.101 hartree
C           -0.111455768          0.008835559          0.001162294
S            1.480246663         -0.117669759         -0.015087007
H           -0.658039638          0.271845392          0.896842682
H           -0.710755397         -0.163073487         -0.882838566

 Structure in entos input format:

  structure(
    xyz = [
      ['C'  ,         -0.111455768,          0.008835559,          0.001162294],
      ['S'  ,          1.480246663,         -0.117669759,         -0.015087007],
      ['H'  ,         -0.658039638,          0.271845392,          0.896842682],
      ['H'  ,         -0.710755397,         -0.163073487,         -0.882838566]
    ]
  )

 --------------------------------
  Geometry optimization finished 
 --------------------------------
 Saving results in set 'opt'

 --------------------------------------------------------------------------------
                                 command: hessian                                
 --------------------------------------------------------------------------------

WARNING: semianalytic method is specified for dft hessian, which is not efficient. Try switching to 'method = analytic'


 -------------------------------
  Numerical Geometrical Hessian 
 -------------------------------

 Compute hessian using two-point central differentiation.
 Step size (bohr):                       0.0100

 Frequencies (including translational and rotational modes):
 mode    frequency (cm-1)
    0               96.87 i (imaginary)
    1               26.94 i (imaginary)
    2               12.97 i (imaginary)
    3               12.15
    4               41.00
    5              108.26
    6             1011.79
    7             1055.55
    8             1127.63
    9             1528.85
   10             3137.60
   11             3220.78

 Project out translational and rotational motions 

 Degrees of freedom for translational and rotational motions: 6

 Vibrational frequencies:
 mode    frequency (cm-1)
    0             1011.68
    1             1055.53
    2             1127.63
    3             1528.83
    4             3137.60
    5             3220.76

 --------------------------------------------------------------------------------

 End time:                               Tue Apr 27 11:31:54 2021
 Total wall-clock time:                135.397 seconds
==================================================================================
