
================================================================================
          _____________ ________ _______________ ________     _________         
         / ___________// ______ \\_____   _____// ______ \   / ________)        
        / /_________  / /      \ \     | |     / /      \ \ | (_______          
       |  __________|| |        | |    | |    | |        | | \________ \        
        \ \_________ | |        | |    | |     \ \______/ /___________) |       
         \__________||_|        |_|    |_|      \________//____________/        
                                                                                
====================================[ Qcore ]===================================

 Git hash:   15a3e7daff0cda5fa9af010ccd19a80288182ecf
 Git date:   Fri, 16 Apr 2021 15:57:16 +0100
 Compiler:   GNU 9.1.0
 Build type: Release
 Version:    1.1.0

 Start time: Sat May  8 10:39:34 2021

 Data directory: /work/zw18965/.local/qcore/share/entos/1.1.0/data
 Number of threads: 24
 Number of threads was determined by: command line argument
  - More threads can be used by running 'qcore -n 32'

 --------------------------------------------------------------------------------
                                command: optimize                                
 --------------------------------------------------------------------------------
 Using coordinate system:                tric
 Hessian update scheme:                  bfgs

 ------------------------------------------------------------------------------------------------------------
                   energy      change    grad rms    grad max    step rms    step max       trust    time (s)
 ------------------------------------------------------------------------------------------------------------
   1      -399.090483897                4.66e-03    1.00e-02                            2.00e-01        1.89
   2      -399.090624112   -1.40e-04    1.81e-03    3.85e-03    8.41e-03    1.44e-02    2.00e-01        1.18
   3      -399.090649864   -2.58e-05    5.67e-05    1.23e-04    5.59e-03    9.22e-03    2.00e-01        1.14
   4      -399.090649884   -2.04e-08    7.24e-07    1.17e-06    1.71e-04    2.92e-04    2.00e-01        1.10
 Geometry optimization stopped:          thresholds achieved

 Final energy:                        -399.090649884

 -----------
  Final XYZ 
 -----------
3
Final structure: -399.091 hartree
S           -0.001494810          0.613456604         -0.000000002
H            0.966133241         -0.304376571          0.000000073
H           -0.964638431         -0.309080028         -0.000000071

 Structure in entos input format:

  structure(
    xyz = [
      ['S'  ,         -0.001494810,          0.613456604,         -0.000000002],
      ['H'  ,          0.966133241,         -0.304376571,          0.000000073],
      ['H'  ,         -0.964638431,         -0.309080028,         -0.000000071]
    ]
  )

 --------------------------------
  Geometry optimization finished 
 --------------------------------
 Saving results in set 'opt'

 --------------------------------------------------------------------------------
                                 command: hessian                                
 --------------------------------------------------------------------------------

WARNING: semianalytic method is specified for dft hessian, which is not efficient. Try switching to 'method = analytic'


 -------------------------------
  Numerical Geometrical Hessian 
 -------------------------------

 Compute hessian using two-point central differentiation.
 Step size (bohr):                       0.0100

 Frequencies (including translational and rotational modes):
 mode    frequency (cm-1)
    0               73.12 i (imaginary)
    1               68.24 i (imaginary)
    2               50.21 i (imaginary)
    3                0.00 i (imaginary)
    4                0.24
    5                0.26
    6             1240.06
    7             2761.41
    8             2773.97

 Project out translational and rotational motions 

 Degrees of freedom for translational and rotational motions: 6

 Vibrational frequencies:
 mode    frequency (cm-1)
    0             1240.06
    1             2761.41
    2             2773.97

 --------------------------------------------------------------------------------

 End time:                               Sat May  8 10:40:02 2021
 Total wall-clock time:                 27.747 seconds
==================================================================================
