
================================================================================
          _____________ ________ _______________ ________     _________         
         / ___________// ______ \\_____   _____// ______ \   / ________)        
        / /_________  / /      \ \     | |     / /      \ \ | (_______          
       |  __________|| |        | |    | |    | |        | | \________ \        
        \ \_________ | |        | |    | |     \ \______/ /___________) |       
         \__________||_|        |_|    |_|      \________//____________/        
                                                                                
====================================[ Qcore ]===================================

 Git hash:   15a3e7daff0cda5fa9af010ccd19a80288182ecf
 Git date:   Fri, 16 Apr 2021 15:57:16 +0100
 Compiler:   GNU 9.1.0
 Build type: Release
 Version:    1.1.0

 Start time: Tue Apr 27 11:30:44 2021

 Data directory: /work/zw18965/.local/qcore/share/entos/1.1.0/data
 Number of threads: 12
 Number of threads was determined by: command line argument
  - More threads can be used by running 'qcore -n 24'

 --------------------------------------------------------------------------------
                                command: optimize                                
 --------------------------------------------------------------------------------
 Using coordinate system:                tric
 Hessian update scheme:                  bfgs

 ------------------------------------------------------------------------------------------------------------
                   energy      change    grad rms    grad max    step rms    step max       trust    time (s)
 ------------------------------------------------------------------------------------------------------------
   1      -460.503645517                3.03e-03    5.25e-03                            2.00e-01        1.67
   2      -460.503676973   -3.15e-05    1.30e-03    2.26e-03    4.27e-03    8.54e-03    2.00e-01        0.88
   3      -460.503684293   -7.32e-06    2.50e-05    4.33e-05    3.21e-03    6.43e-03    2.00e-01        0.88
   4      -460.503684295   -2.20e-09    3.31e-06    5.73e-06    6.29e-05    1.26e-04    2.00e-01        0.85
 Geometry optimization stopped:          thresholds achieved

 Final energy:                        -460.503684295

 -----------
  Final XYZ 
 -----------
2
Final structure: -460.504 hartree
Cl           0.636552997          0.000000005          0.000000023
H           -0.636552997         -0.000000005         -0.000000023

 Structure in entos input format:

  structure(
    xyz = [
      ['Cl' ,          0.636552997,          0.000000005,          0.000000023],
      ['H'  ,         -0.636552997,         -0.000000005,         -0.000000023]
    ]
  )

 --------------------------------
  Geometry optimization finished 
 --------------------------------
 Saving results in set 'opt'

 --------------------------------------------------------------------------------
                                 command: hessian                                
 --------------------------------------------------------------------------------

WARNING: semianalytic method is specified for dft hessian, which is not efficient. Try switching to 'method = analytic'


 -------------------------------
  Numerical Geometrical Hessian 
 -------------------------------

 Compute hessian using two-point central differentiation.
 Step size (bohr):                       0.0100

 Frequencies (including translational and rotational modes):
 mode    frequency (cm-1)
    0                0.75 i (imaginary)
    1                0.37 i (imaginary)
    2                0.06 i (imaginary)
    3               19.13
    4               20.40
    5             3026.43

 Project out translational and rotational motions 

 The molecule is linear

 Degrees of freedom for translational and rotational motions: 5

 Vibrational frequencies:
 mode    frequency (cm-1)
    0             3026.43

 --------------------------------------------------------------------------------

 End time:                               Tue Apr 27 11:31:01 2021
 Total wall-clock time:                 16.756 seconds
==================================================================================
