
================================================================================
          _____________ ________ _______________ ________     _________         
         / ___________// ______ \\_____   _____// ______ \   / ________)        
        / /_________  / /      \ \     | |     / /      \ \ | (_______          
       |  __________|| |        | |    | |    | |        | | \________ \        
        \ \_________ | |        | |    | |     \ \______/ /___________) |       
         \__________||_|        |_|    |_|      \________//____________/        
                                                                                
====================================[ Qcore ]===================================

 Git hash:   15a3e7daff0cda5fa9af010ccd19a80288182ecf
 Git date:   Fri, 16 Apr 2021 15:57:16 +0100
 Compiler:   GNU 9.1.0
 Build type: Release
 Version:    1.1.0

 Start time: Sat May  8 10:42:39 2021

 Data directory: /work/zw18965/.local/qcore/share/entos/1.1.0/data
 Number of threads: 24
 Number of threads was determined by: command line argument
  - More threads can be used by running 'qcore -n 32'

 --------------------------------------------------------------------------------
                                command: optimize                                
 --------------------------------------------------------------------------------
 Using coordinate system:                tric
 Hessian update scheme:                  bfgs

 ------------------------------------------------------------------------------------------------------------
                   energy      change    grad rms    grad max    step rms    step max       trust    time (s)
 ------------------------------------------------------------------------------------------------------------
   1       -56.484642982                2.32e-03    4.20e-03                            2.00e-01        1.48
   2       -56.484829421   -1.86e-04    1.17e-03    3.47e-03    1.74e-02    1.59e-02    2.00e-01        1.04
   3       -56.484882813   -5.34e-05    8.33e-04    1.99e-03    1.29e-02    1.41e-02    2.00e-01        1.07
   4       -56.484890854   -8.04e-06    3.41e-04    6.56e-04    3.50e-03    4.37e-03    2.00e-01        1.05
   5       -56.484892107   -1.25e-06    3.11e-05    5.93e-05    9.44e-04    1.20e-03    2.00e-01        1.02
   6       -56.484892130   -2.34e-08    1.92e-06    3.29e-06    1.69e-04    1.61e-04    2.00e-01        0.94
 Geometry optimization stopped:          thresholds achieved

 Final energy:                         -56.484892130

 -----------
  Final XYZ 
 -----------
4
Final structure: -56.4849 hartree
N           -0.002521958         -0.000629102          0.284039507
H           -0.515328136         -0.777086868         -0.100983894
H           -0.414222097          0.835896678         -0.096527886
H            0.932072191         -0.058180707         -0.086527727

 Structure in entos input format:

  structure(
    xyz = [
      ['N'  ,         -0.002521958,         -0.000629102,          0.284039507],
      ['H'  ,         -0.515328136,         -0.777086868,         -0.100983894],
      ['H'  ,         -0.414222097,          0.835896678,         -0.096527886],
      ['H'  ,          0.932072191,         -0.058180707,         -0.086527727]
    ]
  )

 --------------------------------
  Geometry optimization finished 
 --------------------------------
 Saving results in set 'opt'

 --------------------------------------------------------------------------------
                                 command: hessian                                
 --------------------------------------------------------------------------------

WARNING: semianalytic method is specified for dft hessian, which is not efficient. Try switching to 'method = analytic'


 -------------------------------
  Numerical Geometrical Hessian 
 -------------------------------

 Compute hessian using two-point central differentiation.
 Step size (bohr):                       0.0100

 Frequencies (including translational and rotational modes):
 mode    frequency (cm-1)
    0               41.50 i (imaginary)
    1               11.85 i (imaginary)
    2                0.03 i (imaginary)
    3                0.02
    4                0.39
    5               27.64
    6             1076.91
    7             1704.59
    8             1704.63
    9             3546.41
   10             3669.35
   11             3669.45

 Project out translational and rotational motions 

 Degrees of freedom for translational and rotational motions: 6

 Vibrational frequencies:
 mode    frequency (cm-1)
    0             1076.91
    1             1704.59
    2             1704.63
    3             3546.41
    4             3669.35
    5             3669.45

 --------------------------------------------------------------------------------

 End time:                               Sat May  8 10:43:11 2021
 Total wall-clock time:                 31.460 seconds
==================================================================================
