
================================================================================
          _____________ ________ _______________ ________     _________         
         / ___________// ______ \\_____   _____// ______ \   / ________)        
        / /_________  / /      \ \     | |     / /      \ \ | (_______          
       |  __________|| |        | |    | |    | |        | | \________ \        
        \ \_________ | |        | |    | |     \ \______/ /___________) |       
         \__________||_|        |_|    |_|      \________//____________/        
                                                                                
====================================[ Qcore ]===================================

 Git hash:   15a3e7daff0cda5fa9af010ccd19a80288182ecf
 Git date:   Fri, 16 Apr 2021 15:57:16 +0100
 Compiler:   GNU 9.1.0
 Build type: Release
 Version:    1.1.0

 Start time: Sat May  8 10:47:02 2021

 Data directory: /work/zw18965/.local/qcore/share/entos/1.1.0/data
 Number of threads: 24
 Number of threads was determined by: command line argument
  - More threads can be used by running 'qcore -n 32'

 --------------------------------------------------------------------------------
                                command: optimize                                
 --------------------------------------------------------------------------------
 Using coordinate system:                tric
 Hessian update scheme:                  bfgs

 ------------------------------------------------------------------------------------------------------------
                   energy      change    grad rms    grad max    step rms    step max       trust    time (s)
 ------------------------------------------------------------------------------------------------------------
   1      -548.229318539                1.11e-02    1.94e-02                            2.00e-01        5.15
   2      -548.229708597   -3.90e-04    5.88e-03    1.05e-02    9.93e-03    1.33e-02    2.00e-01        3.90
   3      -548.229848181   -1.40e-04    3.23e-04    6.54e-04    1.05e-02    1.44e-02    2.00e-01        3.92
   4      -548.229849185   -1.00e-06    2.30e-04    5.29e-04    8.62e-04    6.98e-04    2.00e-01        3.63
   5      -548.229849869   -6.84e-07    1.72e-04    4.04e-04    1.05e-03    1.24e-03    2.00e-01        3.67
   6      -548.229850063   -1.94e-07    5.91e-05    1.14e-04    5.77e-04    7.95e-04    2.00e-01        3.71
 Geometry optimization stopped:          thresholds achieved

 Final energy:                        -548.229850063

 -----------
  Final XYZ 
 -----------
3
Final structure: -548.23 hartree
S           -0.001628976          0.480130509          0.000000132
O            1.229148634         -0.235905088         -0.000000947
O           -1.227519659         -0.244225421          0.000000815

 Structure in entos input format:

  structure(
    xyz = [
      ['S'  ,         -0.001628976,          0.480130509,          0.000000132],
      ['O'  ,          1.229148634,         -0.235905088,         -0.000000947],
      ['O'  ,         -1.227519659,         -0.244225421,          0.000000815]
    ]
  )

 --------------------------------
  Geometry optimization finished 
 --------------------------------
 Saving results in set 'opt'

 --------------------------------------------------------------------------------
                                 command: hessian                                
 --------------------------------------------------------------------------------

WARNING: semianalytic method is specified for dft hessian, which is not efficient. Try switching to 'method = analytic'


 -------------------------------
  Numerical Geometrical Hessian 
 -------------------------------

 Compute hessian using two-point central differentiation.
 Step size (bohr):                       0.0100

 Frequencies (including translational and rotational modes):
 mode    frequency (cm-1)
    0               34.78 i (imaginary)
    1                0.05 i (imaginary)
    2                0.03 i (imaginary)
    3                0.01 i (imaginary)
    4                9.87
    5               24.70
    6              537.92
    7             1242.39
    8             1452.98

 Project out translational and rotational motions 

 Degrees of freedom for translational and rotational motions: 6

 Vibrational frequencies:
 mode    frequency (cm-1)
    0              537.92
    1             1242.39
    2             1452.98

 --------------------------------------------------------------------------------

 End time:                               Sat May  8 10:48:41 2021
 Total wall-clock time:                 99.103 seconds
==================================================================================
