
================================================================================
          _____________ ________ _______________ ________     _________         
         / ___________// ______ \\_____   _____// ______ \   / ________)        
        / /_________  / /      \ \     | |     / /      \ \ | (_______          
       |  __________|| |        | |    | |    | |        | | \________ \        
        \ \_________ | |        | |    | |     \ \______/ /___________) |       
         \__________||_|        |_|    |_|      \________//____________/        
                                                                                
====================================[ Qcore ]===================================

 Git hash:   15a3e7daff0cda5fa9af010ccd19a80288182ecf
 Git date:   Fri, 16 Apr 2021 15:57:16 +0100
 Compiler:   GNU 9.1.0
 Build type: Release
 Version:    1.1.0

 Start time: Fri Apr 23 14:20:27 2021

 Data directory: /work/zw18965/.local/qcore/share/entos/1.1.0/data
 Number of threads: 24
 Number of threads was determined by: command line argument
  - More threads can be used by running 'qcore -n 32'

 --------------------------------------------------------------------------------
                                command: optimize                                
 --------------------------------------------------------------------------------
 Using coordinate system:                tric
 Hessian update scheme:                  bfgs

 ------------------------------------------------------------------------------------------------------------
                   energy      change    grad rms    grad max    step rms    step max       trust    time (s)
 ------------------------------------------------------------------------------------------------------------
   1       -26.539166041                1.08e-03    1.91e-03                            2.00e-01        2.07
   2       -26.539192164   -2.61e-05    3.02e-04    5.38e-04    5.18e-03    6.05e-03    2.00e-01        1.47
   3       -26.539194754   -2.59e-06    9.63e-06    2.17e-05    2.01e-03    2.36e-03    2.00e-01        1.48
Rejecting step due to low quality: Quality: -2.28849 New trust radius: 4.59543e-05
   4       -26.539194747    6.92e-09    9.63e-06    2.17e-05    9.19e-05    1.32e-04    4.60e-05        1.41
 Geometry optimization stopped:          thresholds achieved

 Final energy:                         -26.539194747

 -----------
  Final XYZ 
 -----------
4
Final structure: -26.5392 hartree
B            0.000006496          0.000022598         -0.198470543
H           -0.400726820         -1.033805404          0.217125391
H           -0.172005745          0.994039419          0.421576248
H            0.572726086          0.039743382         -1.234103361

 Structure in entos input format:

  structure(
    xyz = [
      ['B'  ,          0.000006496,          0.000022598,         -0.198470543],
      ['H'  ,         -0.400726820,         -1.033805404,          0.217125391],
      ['H'  ,         -0.172005745,          0.994039419,          0.421576248],
      ['H'  ,          0.572726086,          0.039743382,         -1.234103361]
    ]
  )

 --------------------------------
  Geometry optimization finished 
 --------------------------------
 Saving results in set 'opt'

 --------------------------------------------------------------------------------
                                 command: hessian                                
 --------------------------------------------------------------------------------

WARNING: semianalytic method is specified for dft hessian, which is not efficient. Try switching to 'method = analytic'


 -------------------------------
  Numerical Geometrical Hessian 
 -------------------------------

 Compute hessian using two-point central differentiation.
 Step size (bohr):                       0.0100

 Frequencies (including translational and rotational modes):
 mode    frequency (cm-1)
    0              139.53 i (imaginary)
    1               88.92 i (imaginary)
    2                4.34 i (imaginary)
    3               31.70
    4               57.06
    5              152.51
    6             1179.25
    7             1226.28
    8             1235.77
    9             2606.53
   10             2731.03
   11             2735.92

 Project out translational and rotational motions 

 Degrees of freedom for translational and rotational motions: 6

 Vibrational frequencies:
 mode    frequency (cm-1)
    0             1179.22
    1             1226.21
    2             1235.70
    3             2606.50
    4             2731.03
    5             2735.91

 --------------------------------------------------------------------------------

 End time:                               Fri Apr 23 14:21:13 2021
 Total wall-clock time:                 46.167 seconds
==================================================================================
