
================================================================================
          _____________ ________ _______________ ________     _________         
         / ___________// ______ \\_____   _____// ______ \   / ________)        
        / /_________  / /      \ \     | |     / /      \ \ | (_______          
       |  __________|| |        | |    | |    | |        | | \________ \        
        \ \_________ | |        | |    | |     \ \______/ /___________) |       
         \__________||_|        |_|    |_|      \________//____________/        
                                                                                
====================================[ Qcore ]===================================

 Git hash:   15a3e7daff0cda5fa9af010ccd19a80288182ecf
 Git date:   Fri, 16 Apr 2021 15:57:16 +0100
 Compiler:   GNU 9.1.0
 Build type: Release
 Version:    1.1.0

 Start time: Tue Apr 27 11:56:24 2021

 Data directory: /work/zw18965/.local/qcore/share/entos/1.1.0/data
 Number of threads: 12
 Number of threads was determined by: command line argument
  - More threads can be used by running 'qcore -n 24'

 --------------------------------------------------------------------------------
                                command: optimize                                
 --------------------------------------------------------------------------------
 Using coordinate system:                tric
 Hessian update scheme:                  bfgs

 ------------------------------------------------------------------------------------------------------------
                   energy      change    grad rms    grad max    step rms    step max       trust    time (s)
 ------------------------------------------------------------------------------------------------------------
   1      -199.412139917                2.07e-03    3.59e-03                            2.00e-01        2.04
Rejecting step due to low quality: Quality: -18.1658 New trust radius: 0.0359219
   2      -199.407451738    4.69e-03    2.07e-03    3.59e-03    7.18e-02    7.18e-02    3.59e-02        1.54
Rejecting step due to low quality: Quality: -4.86944 New trust radius: 0.017961
   3      -199.411197398    9.43e-04    2.07e-03    3.59e-03    3.59e-02    3.59e-02    1.80e-02        1.53
Rejecting step due to low quality: Quality: -1.40795 New trust radius: 0.00898049
   4      -199.411980947    1.59e-04    2.07e-03    3.59e-03    1.80e-02    1.80e-02    8.98e-03        1.60
   5      -199.412134121    5.80e-06    2.53e-03    4.38e-03    8.98e-03    8.98e-03    4.49e-03        1.53
   6      -199.412154913   -2.08e-05    1.84e-04    3.18e-04    4.49e-03    4.49e-03    6.35e-03        1.53
   7      -199.412155026   -1.13e-07    1.86e-06    3.22e-06    3.52e-04    3.52e-04    6.35e-03        1.55
 Geometry optimization stopped:          thresholds achieved

 Final energy:                        -199.412155026

 -----------
  Final XYZ 
 -----------
2
Final structure: -199.412 hartree
F            0.000000003          0.000000016         -0.687572335
F           -0.000000003         -0.000000016          0.687572335

 Structure in entos input format:

  structure(
    xyz = [
      ['F'  ,          0.000000003,          0.000000016,         -0.687572335],
      ['F'  ,         -0.000000003,         -0.000000016,          0.687572335]
    ]
  )

 --------------------------------
  Geometry optimization finished 
 --------------------------------
 Saving results in set 'opt'

 --------------------------------------------------------------------------------
                                 command: hessian                                
 --------------------------------------------------------------------------------

WARNING: semianalytic method is specified for dft hessian, which is not efficient. Try switching to 'method = analytic'


 -------------------------------
  Numerical Geometrical Hessian 
 -------------------------------

 Compute hessian using two-point central differentiation.
 Step size (bohr):                       0.0100

 Frequencies (including translational and rotational modes):
 mode    frequency (cm-1)
    0                1.41 i (imaginary)
    1                0.32 i (imaginary)
    2                0.08 i (imaginary)
    3                9.08
    4                9.94
    5             1110.57

 Project out translational and rotational motions 

 The molecule is linear

 Degrees of freedom for translational and rotational motions: 5

 Vibrational frequencies:
 mode    frequency (cm-1)
    0             1110.56

 --------------------------------------------------------------------------------

 End time:                               Tue Apr 27 11:56:55 2021
 Total wall-clock time:                 30.936 seconds
==================================================================================
