
================================================================================
          _____________ ________ _______________ ________     _________         
         / ___________// ______ \\_____   _____// ______ \   / ________)        
        / /_________  / /      \ \     | |     / /      \ \ | (_______          
       |  __________|| |        | |    | |    | |        | | \________ \        
        \ \_________ | |        | |    | |     \ \______/ /___________) |       
         \__________||_|        |_|    |_|      \________//____________/        
                                                                                
====================================[ Qcore ]===================================

 Git hash:   15a3e7daff0cda5fa9af010ccd19a80288182ecf
 Git date:   Fri, 16 Apr 2021 15:57:16 +0100
 Compiler:   GNU 9.1.0
 Build type: Release
 Version:    1.1.0

 Start time: Tue Apr 27 11:56:43 2021

 Data directory: /work/zw18965/.local/qcore/share/entos/1.1.0/data
 Number of threads: 12
 Number of threads was determined by: command line argument
  - More threads can be used by running 'qcore -n 28'

 --------------------------------------------------------------------------------
                                command: optimize                                
 --------------------------------------------------------------------------------
 Using coordinate system:                tric
 Hessian update scheme:                  bfgs

 ------------------------------------------------------------------------------------------------------------
                   energy      change    grad rms    grad max    step rms    step max       trust    time (s)
 ------------------------------------------------------------------------------------------------------------
   1      -437.102040171                4.60e-03    1.36e-02                            2.00e-01       12.85
   2      -437.102372449   -3.32e-04    1.81e-03    5.36e-03    1.82e-02    2.43e-02    2.00e-01       10.26
   3      -437.102435872   -6.34e-05    1.64e-04    3.73e-04    1.29e-02    1.80e-02    2.00e-01        9.92
   4      -437.102436185   -3.13e-07    7.47e-05    1.99e-04    3.94e-04    5.29e-04    2.00e-01        9.42
 Geometry optimization stopped:          thresholds achieved

 Final energy:                        -437.102436185

 -----------
  Final XYZ 
 -----------
4
Final structure: -437.102 hartree
C           -0.111945680          0.008885908          0.001229429
S            1.480041571         -0.117681123         -0.015886642
H           -0.657174038          0.271576339          0.897432356
H           -0.710925992         -0.162843419         -0.882695740

 Structure in entos input format:

  structure(
    xyz = [
      ['C'  ,         -0.111945680,          0.008885908,          0.001229429],
      ['S'  ,          1.480041571,         -0.117681123,         -0.015886642],
      ['H'  ,         -0.657174038,          0.271576339,          0.897432356],
      ['H'  ,         -0.710925992,         -0.162843419,         -0.882695740]
    ]
  )

 --------------------------------
  Geometry optimization finished 
 --------------------------------
 Saving results in set 'opt'

 --------------------------------------------------------------------------------
                                 command: hessian                                
 --------------------------------------------------------------------------------

WARNING: semianalytic method is specified for dft hessian, which is not efficient. Try switching to 'method = analytic'


 -------------------------------
  Numerical Geometrical Hessian 
 -------------------------------

 Compute hessian using two-point central differentiation.
 Step size (bohr):                       0.0100

 Frequencies (including translational and rotational modes):
 mode    frequency (cm-1)
    0              179.68 i (imaginary)
    1               56.98 i (imaginary)
    2               17.78 i (imaginary)
    3                1.53 i (imaginary)
    4                5.00
    5               28.74
    6             1024.77
    7             1053.05
    8             1123.71
    9             1529.83
   10             3128.28
   11             3223.96

 Project out translational and rotational motions 

 Degrees of freedom for translational and rotational motions: 6

 Vibrational frequencies:
 mode    frequency (cm-1)
    0             1024.74
    1             1053.04
    2             1123.70
    3             1529.72
    4             3128.26
    5             3223.96

 --------------------------------------------------------------------------------

 End time:                               Tue Apr 27 12:01:38 2021
 Total wall-clock time:                295.623 seconds
==================================================================================
