
================================================================================
          _____________ ________ _______________ ________     _________         
         / ___________// ______ \\_____   _____// ______ \   / ________)        
        / /_________  / /      \ \     | |     / /      \ \ | (_______          
       |  __________|| |        | |    | |    | |        | | \________ \        
        \ \_________ | |        | |    | |     \ \______/ /___________) |       
         \__________||_|        |_|    |_|      \________//____________/        
                                                                                
====================================[ Qcore ]===================================

 Git hash:   15a3e7daff0cda5fa9af010ccd19a80288182ecf
 Git date:   Fri, 16 Apr 2021 15:57:16 +0100
 Compiler:   GNU 9.1.0
 Build type: Release
 Version:    1.1.0

 Start time: Sat May  8 10:02:35 2021

 Data directory: /work/zw18965/.local/qcore/share/entos/1.1.0/data
 Number of threads: 24
 Number of threads was determined by: command line argument
  - More threads can be used by running 'qcore -n 32'

 --------------------------------------------------------------------------------
                                command: optimize                                
 --------------------------------------------------------------------------------
 Using coordinate system:                tric
 Hessian update scheme:                  bfgs

 ------------------------------------------------------------------------------------------------------------
                   energy      change    grad rms    grad max    step rms    step max       trust    time (s)
 ------------------------------------------------------------------------------------------------------------
   1      -130.355016018                1.03e-02    2.20e-02                            2.00e-01        3.07
   2      -130.355461699   -4.46e-04    1.47e-03    2.92e-03    2.24e-02    2.22e-02    2.00e-01        2.07
   3      -130.355471048   -9.35e-06    3.00e-04    5.01e-04    2.55e-03    4.75e-03    2.00e-01        2.06
   4      -130.355471587   -5.38e-07    8.38e-05    1.77e-04    6.63e-04    1.25e-03    2.00e-01        2.02
   5      -130.355471635   -4.86e-08    1.90e-05    3.63e-05    1.40e-04    7.74e-04    2.00e-01        1.94
 Geometry optimization stopped:          thresholds achieved

 Final energy:                        -130.355471635

 -----------
  Final XYZ 
 -----------
3
Final structure: -130.355 hartree
N           -0.068597464          0.430961042         -0.000000081
O            0.945395025         -0.191491136          0.000000222
H           -0.876797555         -0.239469906         -0.000000141

 Structure in entos input format:

  structure(
    xyz = [
      ['N'  ,         -0.068597464,          0.430961042,         -0.000000081],
      ['O'  ,          0.945395025,         -0.191491136,          0.000000222],
      ['H'  ,         -0.876797555,         -0.239469906,         -0.000000141]
    ]
  )

 --------------------------------
  Geometry optimization finished 
 --------------------------------
 Saving results in set 'opt'

 --------------------------------------------------------------------------------
                                 command: hessian                                
 --------------------------------------------------------------------------------

WARNING: semianalytic method is specified for dft hessian, which is not efficient. Try switching to 'method = analytic'


 -------------------------------
  Numerical Geometrical Hessian 
 -------------------------------

 Compute hessian using two-point central differentiation.
 Step size (bohr):                       0.0100

 Frequencies (including translational and rotational modes):
 mode    frequency (cm-1)
    0                9.16 i (imaginary)
    1                0.89 i (imaginary)
    2                0.00 i (imaginary)
    3                1.76
    4                3.23
    5               27.55
    6             1594.47
    7             1721.58
    8             3005.01

 Project out translational and rotational motions 

 Degrees of freedom for translational and rotational motions: 6

 Vibrational frequencies:
 mode    frequency (cm-1)
    0             1594.47
    1             1721.58
    2             3005.01

 --------------------------------------------------------------------------------

 End time:                               Sat May  8 10:03:25 2021
 Total wall-clock time:                 49.957 seconds
==================================================================================
