
================================================================================
          _____________ ________ _______________ ________     _________         
         / ___________// ______ \\_____   _____// ______ \   / ________)        
        / /_________  / /      \ \     | |     / /      \ \ | (_______          
       |  __________|| |        | |    | |    | |        | | \________ \        
        \ \_________ | |        | |    | |     \ \______/ /___________) |       
         \__________||_|        |_|    |_|      \________//____________/        
                                                                                
====================================[ Qcore ]===================================

 Git hash:   15a3e7daff0cda5fa9af010ccd19a80288182ecf
 Git date:   Fri, 16 Apr 2021 15:57:16 +0100
 Compiler:   GNU 9.1.0
 Build type: Release
 Version:    1.1.0

 Start time: Tue Apr 27 11:09:14 2021

 Data directory: /work/zw18965/.local/qcore/share/entos/1.1.0/data
 Number of threads: 12
 Number of threads was determined by: command line argument
  - More threads can be used by running 'qcore -n 24'

 --------------------------------------------------------------------------------
                                command: optimize                                
 --------------------------------------------------------------------------------
 Using coordinate system:                tric
 Hessian update scheme:                  bfgs

 ------------------------------------------------------------------------------------------------------------
                   energy      change    grad rms    grad max    step rms    step max       trust    time (s)
 ------------------------------------------------------------------------------------------------------------
   1      -511.136463011                1.33e-02    3.26e-02                            2.00e-01       11.12
   2      -511.136774929   -3.12e-04    4.97e-03    1.17e-02    6.72e-03    1.45e-02    2.00e-01        8.90
   3      -511.136850210   -7.53e-05    9.47e-04    2.08e-03    5.65e-03    1.37e-02    2.00e-01        8.95
   4      -511.136855610   -5.40e-06    2.55e-04    6.25e-04    1.86e-03    3.40e-03    2.00e-01        8.42
   5      -511.136855974   -3.64e-07    2.02e-05    4.72e-05    4.20e-04    5.38e-04    2.00e-01        8.29
 Geometry optimization stopped:          thresholds achieved

 Final energy:                        -511.136855974

 -----------
  Final XYZ 
 -----------
3
Final structure: -511.137 hartree
O            0.000000014         -0.000000015         -1.264720931
C            0.000000006         -0.000000014         -0.116442154
S           -0.000000019          0.000000029          1.440163085

 Structure in entos input format:

  structure(
    xyz = [
      ['O'  ,          0.000000014,         -0.000000015,         -1.264720931],
      ['C'  ,          0.000000006,         -0.000000014,         -0.116442154],
      ['S'  ,         -0.000000019,          0.000000029,          1.440163085]
    ]
  )

 --------------------------------
  Geometry optimization finished 
 --------------------------------
 Saving results in set 'opt'

 --------------------------------------------------------------------------------
                                 command: hessian                                
 --------------------------------------------------------------------------------

WARNING: semianalytic method is specified for dft hessian, which is not efficient. Try switching to 'method = analytic'


 -------------------------------
  Numerical Geometrical Hessian 
 -------------------------------

 Compute hessian using two-point central differentiation.
 Step size (bohr):                       0.0100

 Frequencies (including translational and rotational modes):
 mode    frequency (cm-1)
    0                3.09 i (imaginary)
    1                0.99 i (imaginary)
    2                0.41 i (imaginary)
    3                3.21
    4                4.27
    5              543.21
    6              543.22
    7              898.04
    8             2159.74

 Project out translational and rotational motions 

 Degrees of freedom for translational and rotational motions: 6

 Vibrational frequencies:
 mode    frequency (cm-1)
    0              543.22
    1              898.04
    2             2159.74

 --------------------------------------------------------------------------------

 End time:                               Tue Apr 27 11:12:45 2021
 Total wall-clock time:                211.212 seconds
==================================================================================
