
================================================================================
          _____________ ________ _______________ ________     _________         
         / ___________// ______ \\_____   _____// ______ \   / ________)        
        / /_________  / /      \ \     | |     / /      \ \ | (_______          
       |  __________|| |        | |    | |    | |        | | \________ \        
        \ \_________ | |        | |    | |     \ \______/ /___________) |       
         \__________||_|        |_|    |_|      \________//____________/        
                                                                                
====================================[ Qcore ]===================================

 Git hash:   15a3e7daff0cda5fa9af010ccd19a80288182ecf
 Git date:   Fri, 16 Apr 2021 15:57:16 +0100
 Compiler:   GNU 9.1.0
 Build type: Release
 Version:    1.1.0

 Start time: Fri Apr 23 10:01:15 2021

 Data directory: /work/zw18965/.local/qcore/share/entos/1.1.0/data
 Number of threads: 24
 Number of threads was determined by: command line argument
  - More threads can be used by running 'qcore -n 32'

 --------------------------------------------------------------------------------
                                command: optimize                                
 --------------------------------------------------------------------------------
 Using coordinate system:                tric
 Hessian update scheme:                  bfgs

 ------------------------------------------------------------------------------------------------------------
                   energy      change    grad rms    grad max    step rms    step max       trust    time (s)
 ------------------------------------------------------------------------------------------------------------
   1       -78.455827435                2.50e-03    4.16e-03                            2.00e-01        9.39
   2       -78.455980830   -1.53e-04    1.23e-03    3.10e-03    1.35e-02    1.16e-02    2.00e-01        7.91
   3       -78.456006229   -2.54e-05    3.17e-04    9.23e-04    7.55e-03    8.73e-03    2.00e-01        7.83
   4       -78.456007572   -1.34e-06    6.85e-05    1.38e-04    1.11e-03    1.71e-03    2.00e-01        7.66
   5       -78.456007708   -1.35e-07    2.56e-05    5.85e-05    6.14e-04    8.62e-04    2.00e-01        7.58
 Geometry optimization stopped:          thresholds achieved

 Final energy:                         -78.456007708

 -----------
  Final XYZ 
 -----------
6
Final structure: -78.456 hartree
C           -0.657107240         -0.052040718         -0.000148795
C            0.656917014          0.052029015          0.000225052
H           -1.226705620          0.002715865         -0.911958857
H           -1.211389182         -0.195823747          0.911302018
H            1.211358718          0.195805611         -0.911202648
H            1.226718894         -0.002702621          0.911884891

 Structure in entos input format:

  structure(
    xyz = [
      ['C'  ,         -0.657107240,         -0.052040718,         -0.000148795],
      ['C'  ,          0.656917014,          0.052029015,          0.000225052],
      ['H'  ,         -1.226705620,          0.002715865,         -0.911958857],
      ['H'  ,         -1.211389182,         -0.195823747,          0.911302018],
      ['H'  ,          1.211358718,          0.195805611,         -0.911202648],
      ['H'  ,          1.226718894,         -0.002702621,          0.911884891]
    ]
  )

 --------------------------------
  Geometry optimization finished 
 --------------------------------
 Saving results in set 'opt'

 --------------------------------------------------------------------------------
                                 command: hessian                                
 --------------------------------------------------------------------------------

WARNING: semianalytic method is specified for dft hessian, which is not efficient. Try switching to 'method = analytic'


 -------------------------------
  Numerical Geometrical Hessian 
 -------------------------------

 Compute hessian using two-point central differentiation.
 Step size (bohr):                       0.0100

 Frequencies (including translational and rotational modes):
 mode    frequency (cm-1)
    0               65.94 i (imaginary)
    1               42.07 i (imaginary)
    2               16.25 i (imaginary)
    3               15.95
    4               88.62
    5               99.51
    6              858.27
    7              999.33
    8             1006.81
    9             1093.61
   10             1281.40
   11             1418.23
   12             1511.10
   13             1731.54
   14             3179.40
   15             3204.39
   16             3267.41
   17             3292.97

 Project out translational and rotational motions 

 Degrees of freedom for translational and rotational motions: 6

 Vibrational frequencies:
 mode    frequency (cm-1)
    0              857.85
    1              999.31
    2             1006.80
    3             1093.60
    4             1281.32
    5             1418.12
    6             1510.77
    7             1731.52
    8             3179.38
    9             3204.37
   10             3267.40
   11             3292.96

 --------------------------------------------------------------------------------

 End time:                               Fri Apr 23 10:06:52 2021
 Total wall-clock time:                336.608 seconds
==================================================================================
