
================================================================================
          _____________ ________ _______________ ________     _________         
         / ___________// ______ \\_____   _____// ______ \   / ________)        
        / /_________  / /      \ \     | |     / /      \ \ | (_______          
       |  __________|| |        | |    | |    | |        | | \________ \        
        \ \_________ | |        | |    | |     \ \______/ /___________) |       
         \__________||_|        |_|    |_|      \________//____________/        
                                                                                
====================================[ Qcore ]===================================

 Git hash:   15a3e7daff0cda5fa9af010ccd19a80288182ecf
 Git date:   Fri, 16 Apr 2021 15:57:16 +0100
 Compiler:   GNU 9.1.0
 Build type: Release
 Version:    1.1.0

 Start time: Sat May  8 10:13:19 2021

 Data directory: /work/zw18965/.local/qcore/share/entos/1.1.0/data
 Number of threads: 24
 Number of threads was determined by: command line argument

 --------------------------------------------------------------------------------
                                command: optimize                                
 --------------------------------------------------------------------------------
 Using coordinate system:                tric
 Hessian update scheme:                  bfgs

 ------------------------------------------------------------------------------------------------------------
                   energy      change    grad rms    grad max    step rms    step max       trust    time (s)
 ------------------------------------------------------------------------------------------------------------
   1      -919.779177177                5.97e-03    1.03e-02                            2.00e-01        5.33
   2      -919.779438061   -2.61e-04    4.99e-04    8.64e-04    2.29e-02    4.57e-02    2.00e-01        3.84
   3      -919.779439805   -1.74e-06    3.16e-05    5.47e-05    2.08e-03    4.17e-03    2.00e-01        3.88
   4      -919.779439821   -1.66e-08    2.24e-07    3.88e-07    1.24e-04    2.48e-04    2.00e-01        3.62
 Geometry optimization stopped:          thresholds achieved

 Final energy:                        -919.779439821

 -----------
  Final XYZ 
 -----------
2
Final structure: -919.779 hartree
Cl          -0.992166890          0.000000219         -0.000000011
Cl           0.992166890         -0.000000219          0.000000011

 Structure in entos input format:

  structure(
    xyz = [
      ['Cl' ,         -0.992166890,          0.000000219,         -0.000000011],
      ['Cl' ,          0.992166890,         -0.000000219,          0.000000011]
    ]
  )

 --------------------------------
  Geometry optimization finished 
 --------------------------------
 Saving results in set 'opt'

 --------------------------------------------------------------------------------
                                 command: hessian                                
 --------------------------------------------------------------------------------

WARNING: semianalytic method is specified for dft hessian, which is not efficient. Try switching to 'method = analytic'


 -------------------------------
  Numerical Geometrical Hessian 
 -------------------------------

 Compute hessian using two-point central differentiation.
 Step size (bohr):                       0.0100

 Frequencies (including translational and rotational modes):
 mode    frequency (cm-1)
    0               10.86 i (imaginary)
    1               10.82 i (imaginary)
    2                0.02 i (imaginary)
    3                0.01 i (imaginary)
    4                0.03
    5              574.46

 Project out translational and rotational motions 

 The molecule is linear

 Degrees of freedom for translational and rotational motions: 5

 Vibrational frequencies:
 mode    frequency (cm-1)
    0              574.46

 --------------------------------------------------------------------------------

 End time:                               Sat May  8 10:14:26 2021
 Total wall-clock time:                 66.819 seconds
==================================================================================
