
================================================================================
          _____________ ________ _______________ ________     _________         
         / ___________// ______ \\_____   _____// ______ \   / ________)        
        / /_________  / /      \ \     | |     / /      \ \ | (_______          
       |  __________|| |        | |    | |    | |        | | \________ \        
        \ \_________ | |        | |    | |     \ \______/ /___________) |       
         \__________||_|        |_|    |_|      \________//____________/        
                                                                                
====================================[ Qcore ]===================================

 Git hash:   15a3e7daff0cda5fa9af010ccd19a80288182ecf
 Git date:   Fri, 16 Apr 2021 15:57:16 +0100
 Compiler:   GNU 9.1.0
 Build type: Release
 Version:    1.1.0

 Start time: Fri Apr 23 10:05:02 2021

 Data directory: /work/zw18965/.local/qcore/share/entos/1.1.0/data
 Number of threads: 24
 Number of threads was determined by: command line argument
  - More threads can be used by running 'qcore -n 32'

 --------------------------------------------------------------------------------
                                command: optimize                                
 --------------------------------------------------------------------------------
 Using coordinate system:                tric
 Hessian update scheme:                  bfgs

 ------------------------------------------------------------------------------------------------------------
                   energy      change    grad rms    grad max    step rms    step max       trust    time (s)
 ------------------------------------------------------------------------------------------------------------
   1      -130.362554246                1.10e-02    2.35e-02                            2.00e-01        3.98
   2      -130.363054937   -5.01e-04    1.52e-03    3.03e-03    2.35e-02    2.37e-02    2.00e-01        2.58
   3      -130.363065301   -1.04e-05    3.10e-04    5.21e-04    2.56e-03    4.74e-03    2.00e-01        2.64
   4      -130.363065837   -5.36e-07    6.40e-05    1.26e-04    6.69e-04    1.32e-03    2.00e-01        2.61
   5      -130.363065849   -1.18e-08    4.22e-05    8.41e-05    1.13e-04    8.99e-04    2.00e-01        2.55
 Geometry optimization stopped:          thresholds achieved

 Final energy:                        -130.363065849

 -----------
  Final XYZ 
 -----------
3
Final structure: -130.363 hartree
N           -0.069297915          0.430936365          0.000000004
O            0.944967677         -0.189385855         -0.000000033
H           -0.875669757         -0.241550510          0.000000029

 Structure in entos input format:

  structure(
    xyz = [
      ['N'  ,         -0.069297915,          0.430936365,          0.000000004],
      ['O'  ,          0.944967677,         -0.189385855,         -0.000000033],
      ['H'  ,         -0.875669757,         -0.241550510,          0.000000029]
    ]
  )

 --------------------------------
  Geometry optimization finished 
 --------------------------------
 Saving results in set 'opt'

 --------------------------------------------------------------------------------
                                 command: hessian                                
 --------------------------------------------------------------------------------

WARNING: semianalytic method is specified for dft hessian, which is not efficient. Try switching to 'method = analytic'


 -------------------------------
  Numerical Geometrical Hessian 
 -------------------------------

 Compute hessian using two-point central differentiation.
 Step size (bohr):                       0.0100

 Frequencies (including translational and rotational modes):
 mode    frequency (cm-1)
    0               92.39 i (imaginary)
    1                3.60 i (imaginary)
    2                1.92 i (imaginary)
    3                3.56
    4               15.70
    5               54.26
    6             1596.49
    7             1726.20
    8             2982.90

 Project out translational and rotational motions 

 Degrees of freedom for translational and rotational motions: 6

 Vibrational frequencies:
 mode    frequency (cm-1)
    0             1596.46
    1             1726.17
    2             2982.88

 --------------------------------------------------------------------------------

 End time:                               Fri Apr 23 10:06:09 2021
 Total wall-clock time:                 66.782 seconds
==================================================================================
