
================================================================================
          _____________ ________ _______________ ________     _________         
         / ___________// ______ \\_____   _____// ______ \   / ________)        
        / /_________  / /      \ \     | |     / /      \ \ | (_______          
       |  __________|| |        | |    | |    | |        | | \________ \        
        \ \_________ | |        | |    | |     \ \______/ /___________) |       
         \__________||_|        |_|    |_|      \________//____________/        
                                                                                
====================================[ Qcore ]===================================

 Git hash:   15a3e7daff0cda5fa9af010ccd19a80288182ecf
 Git date:   Fri, 16 Apr 2021 15:57:16 +0100
 Compiler:   GNU 9.1.0
 Build type: Release
 Version:    1.1.0

 Start time: Sat May  8 10:37:32 2021

 Data directory: /work/zw18965/.local/qcore/share/entos/1.1.0/data
 Number of threads: 24
 Number of threads was determined by: command line argument

 --------------------------------------------------------------------------------
                                command: optimize                                
 --------------------------------------------------------------------------------
 Using coordinate system:                tric
 Hessian update scheme:                  bfgs

 ------------------------------------------------------------------------------------------------------------
                   energy      change    grad rms    grad max    step rms    step max       trust    time (s)
 ------------------------------------------------------------------------------------------------------------
   1      -109.420742146                2.23e-02    3.87e-02                            2.00e-01        2.21
   2      -109.421214736   -4.73e-04    3.32e-03    5.75e-03    1.41e-02    2.81e-02    2.00e-01        1.67
   3      -109.421224900   -1.02e-05    1.55e-04    2.69e-04    1.82e-03    3.64e-03    2.00e-01        1.67
   4      -109.421224913   -1.24e-08    1.03e-06    1.78e-06    8.13e-05    1.63e-04    2.00e-01        1.58
 Geometry optimization stopped:          thresholds achieved

 Final energy:                        -109.421224913

 -----------
  Final XYZ 
 -----------
2
Final structure: -109.421 hartree
N            0.542751286          0.000000007         -0.000000008
N           -0.542751286         -0.000000007          0.000000008

 Structure in entos input format:

  structure(
    xyz = [
      ['N'  ,          0.542751286,          0.000000007,         -0.000000008],
      ['N'  ,         -0.542751286,         -0.000000007,          0.000000008]
    ]
  )

 --------------------------------
  Geometry optimization finished 
 --------------------------------
 Saving results in set 'opt'

 --------------------------------------------------------------------------------
                                 command: hessian                                
 --------------------------------------------------------------------------------

WARNING: semianalytic method is specified for dft hessian, which is not efficient. Try switching to 'method = analytic'


 -------------------------------
  Numerical Geometrical Hessian 
 -------------------------------

 Compute hessian using two-point central differentiation.
 Step size (bohr):                       0.0100

 Frequencies (including translational and rotational modes):
 mode    frequency (cm-1)
    0                0.01 i (imaginary)
    1                0.01 i (imaginary)
    2                0.00
    3               12.23
    4               12.26
    5             2491.36

 Project out translational and rotational motions 

 The molecule is linear

 Degrees of freedom for translational and rotational motions: 5

 Vibrational frequencies:
 mode    frequency (cm-1)
    0             2491.36

 --------------------------------------------------------------------------------

 End time:                               Sat May  8 10:38:01 2021
 Total wall-clock time:                 28.900 seconds
==================================================================================
