
================================================================================
          _____________ ________ _______________ ________     _________         
         / ___________// ______ \\_____   _____// ______ \   / ________)        
        / /_________  / /      \ \     | |     / /      \ \ | (_______          
       |  __________|| |        | |    | |    | |        | | \________ \        
        \ \_________ | |        | |    | |     \ \______/ /___________) |       
         \__________||_|        |_|    |_|      \________//____________/        
                                                                                
====================================[ Qcore ]===================================

 Git hash:   15a3e7daff0cda5fa9af010ccd19a80288182ecf
 Git date:   Fri, 16 Apr 2021 15:57:16 +0100
 Compiler:   GNU 9.1.0
 Build type: Release
 Version:    1.1.0

 Start time: Fri Apr 23 10:06:30 2021

 Data directory: /work/zw18965/.local/qcore/share/entos/1.1.0/data
 Number of threads: 24
 Number of threads was determined by: command line argument
  - More threads can be used by running 'qcore -n 32'

 --------------------------------------------------------------------------------
                                command: optimize                                
 --------------------------------------------------------------------------------
 Using coordinate system:                tric
 Hessian update scheme:                  bfgs

 ------------------------------------------------------------------------------------------------------------
                   energy      change    grad rms    grad max    step rms    step max       trust    time (s)
 ------------------------------------------------------------------------------------------------------------
   1      -511.147062789                1.43e-02    3.49e-02                            2.00e-01        9.32
   2      -511.147416193   -3.53e-04    4.89e-03    1.16e-02    7.38e-03    1.74e-02    2.00e-01        7.02
   3      -511.147483825   -6.76e-05    1.08e-03    2.55e-03    4.89e-03    1.20e-02    2.00e-01        7.12
   4      -511.147490855   -7.03e-06    3.20e-04    7.85e-04    2.12e-03    4.10e-03    2.00e-01        6.72
   5      -511.147491318   -4.63e-07    2.38e-05    5.22e-05    5.43e-04    7.27e-04    2.00e-01        6.71
 Geometry optimization stopped:          thresholds achieved

 Final energy:                        -511.147491318

 -----------
  Final XYZ 
 -----------
3
Final structure: -511.147 hartree
O           -0.000000165         -0.000000028         -1.263263621
C           -0.000000056         -0.000000007         -0.116659431
S            0.000000221          0.000000035          1.438923051

 Structure in entos input format:

  structure(
    xyz = [
      ['O'  ,         -0.000000165,         -0.000000028,         -1.263263621],
      ['C'  ,         -0.000000056,         -0.000000007,         -0.116659431],
      ['S'  ,          0.000000221,          0.000000035,          1.438923051]
    ]
  )

 --------------------------------
  Geometry optimization finished 
 --------------------------------
 Saving results in set 'opt'

 --------------------------------------------------------------------------------
                                 command: hessian                                
 --------------------------------------------------------------------------------

WARNING: semianalytic method is specified for dft hessian, which is not efficient. Try switching to 'method = analytic'


 -------------------------------
  Numerical Geometrical Hessian 
 -------------------------------

 Compute hessian using two-point central differentiation.
 Step size (bohr):                       0.0100

 Frequencies (including translational and rotational modes):
 mode    frequency (cm-1)
    0                8.75 i (imaginary)
    1                7.52 i (imaginary)
    2                1.15 i (imaginary)
    3                0.31
    4                0.97
    5              542.09
    6              542.18
    7              898.10
    8             2163.44

 Project out translational and rotational motions 

 Degrees of freedom for translational and rotational motions: 6

 Vibrational frequencies:
 mode    frequency (cm-1)
    0              542.09
    1              898.10
    2             2163.44

 --------------------------------------------------------------------------------

 End time:                               Fri Apr 23 10:09:19 2021
 Total wall-clock time:                168.719 seconds
==================================================================================
