
================================================================================
          _____________ ________ _______________ ________     _________         
         / ___________// ______ \\_____   _____// ______ \   / ________)        
        / /_________  / /      \ \     | |     / /      \ \ | (_______          
       |  __________|| |        | |    | |    | |        | | \________ \        
        \ \_________ | |        | |    | |     \ \______/ /___________) |       
         \__________||_|        |_|    |_|      \________//____________/        
                                                                                
====================================[ Qcore ]===================================

 Git hash:   15a3e7daff0cda5fa9af010ccd19a80288182ecf
 Git date:   Fri, 16 Apr 2021 15:57:16 +0100
 Compiler:   GNU 9.1.0
 Build type: Release
 Version:    1.1.0

 Start time: Fri Apr 23 14:41:19 2021

 Data directory: /work/zw18965/.local/qcore/share/entos/1.1.0/data
 Number of threads: 24
 Number of threads was determined by: command line argument
  - More threads can be used by running 'qcore -n 32'

 --------------------------------------------------------------------------------
                                command: optimize                                
 --------------------------------------------------------------------------------
 Using coordinate system:                tric
 Hessian update scheme:                  bfgs

 ------------------------------------------------------------------------------------------------------------
                   energy      change    grad rms    grad max    step rms    step max       trust    time (s)
 ------------------------------------------------------------------------------------------------------------
   1       -78.568728164                8.99e-04    1.64e-03                            2.00e-01        0.80
   2       -78.568782041   -5.39e-05    7.08e-04    1.82e-03    9.66e-03    1.04e-02    2.00e-01        0.53
   3       -78.568796522   -1.45e-05    2.11e-04    6.27e-04    7.11e-03    8.75e-03    2.00e-01        0.54
   4       -78.568796808   -2.86e-07    4.35e-05    1.30e-04    3.43e-04    7.11e-04    2.00e-01        0.51
 Geometry optimization stopped:          thresholds achieved

 Final energy:                         -78.568796808

 -----------
  Final XYZ 
 -----------
6
Final structure: -78.5688 hartree
C           -0.657282905         -0.052010816         -0.000066767
C            0.657213866          0.052007515          0.000099730
H           -1.231184607          0.002951843         -0.915306805
H           -1.215608590         -0.196621875          0.915019674
H            1.215542320          0.196614840         -0.914985664
H            1.231112499         -0.002958101          0.915341493

 Structure in entos input format:

  structure(
    xyz = [
      ['C'  ,         -0.657282905,         -0.052010816,         -0.000066767],
      ['C'  ,          0.657213866,          0.052007515,          0.000099730],
      ['H'  ,         -1.231184607,          0.002951843,         -0.915306805],
      ['H'  ,         -1.215608590,         -0.196621875,          0.915019674],
      ['H'  ,          1.215542320,          0.196614840,         -0.914985664],
      ['H'  ,          1.231112499,         -0.002958101,          0.915341493]
    ]
  )

 --------------------------------
  Geometry optimization finished 
 --------------------------------
 Saving results in set 'opt'

 --------------------------------------------------------------------------------
                                 command: hessian                                
 --------------------------------------------------------------------------------

WARNING: semianalytic method is specified for dft hessian, which is not efficient. Try switching to 'method = analytic'


 -------------------------------
  Numerical Geometrical Hessian 
 -------------------------------

 Compute hessian using two-point central differentiation.
 Step size (bohr):                       0.0100

 Frequencies (including translational and rotational modes):
 mode    frequency (cm-1)
    0               17.40 i (imaginary)
    1                0.43 i (imaginary)
    2                0.02 i (imaginary)
    3                0.28
    4               11.56
    5               24.04
    6              842.66
    7              992.36
    8             1010.67
    9             1076.10
   10             1254.12
   11             1392.26
   12             1484.60
   13             1722.33
   14             3148.42
   15             3165.20
   16             3222.32
   17             3248.42

 Project out translational and rotational motions 

 Degrees of freedom for translational and rotational motions: 6

 Vibrational frequencies:
 mode    frequency (cm-1)
    0              842.66
    1              992.36
    2             1010.67
    3             1076.10
    4             1254.12
    5             1392.26
    6             1484.60
    7             1722.33
    8             3148.42
    9             3165.20
   10             3222.32
   11             3248.42

 --------------------------------------------------------------------------------

 End time:                               Fri Apr 23 14:41:42 2021
 Total wall-clock time:                 23.451 seconds
==================================================================================
