
================================================================================
          _____________ ________ _______________ ________     _________         
         / ___________// ______ \\_____   _____// ______ \   / ________)        
        / /_________  / /      \ \     | |     / /      \ \ | (_______          
       |  __________|| |        | |    | |    | |        | | \________ \        
        \ \_________ | |        | |    | |     \ \______/ /___________) |       
         \__________||_|        |_|    |_|      \________//____________/        
                                                                                
====================================[ Qcore ]===================================

 Git hash:   15a3e7daff0cda5fa9af010ccd19a80288182ecf
 Git date:   Fri, 16 Apr 2021 15:57:16 +0100
 Compiler:   GNU 9.1.0
 Build type: Release
 Version:    1.1.0

 Start time: Fri Apr 23 14:42:03 2021

 Data directory: /work/zw18965/.local/qcore/share/entos/1.1.0/data
 Number of threads: 24
 Number of threads was determined by: command line argument
  - More threads can be used by running 'qcore -n 32'

 --------------------------------------------------------------------------------
                                command: optimize                                
 --------------------------------------------------------------------------------
 Using coordinate system:                tric
 Hessian update scheme:                  bfgs

 ------------------------------------------------------------------------------------------------------------
                   energy      change    grad rms    grad max    step rms    step max       trust    time (s)
 ------------------------------------------------------------------------------------------------------------
   1      -237.730482423                2.86e-03    5.12e-03                            2.00e-01        0.65
   2      -237.730601203   -1.19e-04    3.83e-04    8.06e-04    1.77e-02    2.15e-02    2.00e-01        0.36
   3      -237.730602725   -1.52e-06    9.26e-05    2.06e-04    1.73e-03    1.87e-03    2.00e-01        0.34
   4      -237.730602761   -3.61e-08    3.79e-05    8.62e-05    1.09e-04    1.67e-04    2.00e-01        0.35
 Geometry optimization stopped:          thresholds achieved

 Final energy:                        -237.730602761

 -----------
  Final XYZ 
 -----------
3
Final structure: -237.731 hartree
C           -0.000000052          0.139163991         -0.000000069
F            0.000000095          0.930418132         -1.025894880
F           -0.000000043          0.930417873          1.025894949

 Structure in entos input format:

  structure(
    xyz = [
      ['C'  ,         -0.000000052,          0.139163991,         -0.000000069],
      ['F'  ,          0.000000095,          0.930418132,         -1.025894880],
      ['F'  ,         -0.000000043,          0.930417873,          1.025894949]
    ]
  )

 --------------------------------
  Geometry optimization finished 
 --------------------------------
 Saving results in set 'opt'

 --------------------------------------------------------------------------------
                                 command: hessian                                
 --------------------------------------------------------------------------------

WARNING: semianalytic method is specified for dft hessian, which is not efficient. Try switching to 'method = analytic'


 -------------------------------
  Numerical Geometrical Hessian 
 -------------------------------

 Compute hessian using two-point central differentiation.
 Step size (bohr):                       0.0100

 Frequencies (including translational and rotational modes):
 mode    frequency (cm-1)
    0               46.59 i (imaginary)
    1               33.65 i (imaginary)
    2               21.46 i (imaginary)
    3                0.01 i (imaginary)
    4                0.01
    5                0.03
    6              685.01
    7             1163.78
    8             1265.93

 Project out translational and rotational motions 

 Degrees of freedom for translational and rotational motions: 6

 Vibrational frequencies:
 mode    frequency (cm-1)
    0              685.01
    1             1163.78
    2             1265.93

 --------------------------------------------------------------------------------

 End time:                               Fri Apr 23 14:42:12 2021
 Total wall-clock time:                  8.946 seconds
==================================================================================
