
================================================================================
          _____________ ________ _______________ ________     _________         
         / ___________// ______ \\_____   _____// ______ \   / ________)        
        / /_________  / /      \ \     | |     / /      \ \ | (_______          
       |  __________|| |        | |    | |    | |        | | \________ \        
        \ \_________ | |        | |    | |     \ \______/ /___________) |       
         \__________||_|        |_|    |_|      \________//____________/        
                                                                                
====================================[ Qcore ]===================================

 Git hash:   15a3e7daff0cda5fa9af010ccd19a80288182ecf
 Git date:   Fri, 16 Apr 2021 15:57:16 +0100
 Compiler:   GNU 9.1.0
 Build type: Release
 Version:    1.1.0

 Start time: Fri Apr 23 14:43:24 2021

 Data directory: /work/zw18965/.local/qcore/share/entos/1.1.0/data
 Number of threads: 24
 Number of threads was determined by: command line argument
  - More threads can be used by running 'qcore -n 32'

 --------------------------------------------------------------------------------
                                command: optimize                                
 --------------------------------------------------------------------------------
 Using coordinate system:                tric
 Hessian update scheme:                  bfgs

 ------------------------------------------------------------------------------------------------------------
                   energy      change    grad rms    grad max    step rms    step max       trust    time (s)
 ------------------------------------------------------------------------------------------------------------
   1      -199.540134052                1.33e-03    2.31e-03                            2.00e-01        0.38
Rejecting step due to low quality: Quality: -14.1205 New trust radius: 0.023112
   2      -199.538625520    1.51e-03    1.33e-03    2.31e-03    4.62e-02    4.62e-02    2.31e-02        0.19
Rejecting step due to low quality: Quality: -4.30226 New trust radius: 0.011556
   3      -199.539789335    3.45e-04    1.33e-03    2.31e-03    2.31e-02    2.31e-02    1.16e-02        0.21
Rejecting step due to low quality: Quality: -1.33142 New trust radius: 0.005778
   4      -199.540071822    6.22e-05    1.33e-03    2.31e-03    1.16e-02    1.16e-02    5.78e-03        0.21
   5      -199.540131499    2.55e-06    1.57e-03    2.72e-03    5.78e-03    5.78e-03    2.89e-03        0.19
   6      -199.540140049   -8.55e-06    1.32e-04    2.29e-04    2.89e-03    2.89e-03    4.09e-03        0.20
   7      -199.540140106   -5.76e-08    1.37e-06    2.37e-06    2.65e-04    2.65e-04    4.09e-03        0.20
 Geometry optimization stopped:          thresholds achieved

 Final energy:                        -199.540140106

 -----------
  Final XYZ 
 -----------
2
Final structure: -199.54 hartree
F           -0.000000009         -0.000000004         -0.691150882
F            0.000000009          0.000000004          0.691150882

 Structure in entos input format:

  structure(
    xyz = [
      ['F'  ,         -0.000000009,         -0.000000004,         -0.691150882],
      ['F'  ,          0.000000009,          0.000000004,          0.691150882]
    ]
  )

 --------------------------------
  Geometry optimization finished 
 --------------------------------
 Saving results in set 'opt'

 --------------------------------------------------------------------------------
                                 command: hessian                                
 --------------------------------------------------------------------------------

WARNING: semianalytic method is specified for dft hessian, which is not efficient. Try switching to 'method = analytic'


 -------------------------------
  Numerical Geometrical Hessian 
 -------------------------------

 Compute hessian using two-point central differentiation.
 Step size (bohr):                       0.0100

 Frequencies (including translational and rotational modes):
 mode    frequency (cm-1)
    0                0.01 i (imaginary)
    1                0.00 i (imaginary)
    2                0.00 i (imaginary)
    3               19.09
    4               19.09
    5             1101.73

 Project out translational and rotational motions 

 The molecule is linear

 Degrees of freedom for translational and rotational motions: 5

 Vibrational frequencies:
 mode    frequency (cm-1)
    0             1101.73

 --------------------------------------------------------------------------------

 End time:                               Fri Apr 23 14:43:28 2021
 Total wall-clock time:                  4.283 seconds
==================================================================================
