
================================================================================
          _____________ ________ _______________ ________     _________         
         / ___________// ______ \\_____   _____// ______ \   / ________)        
        / /_________  / /      \ \     | |     / /      \ \ | (_______          
       |  __________|| |        | |    | |    | |        | | \________ \        
        \ \_________ | |        | |    | |     \ \______/ /___________) |       
         \__________||_|        |_|    |_|      \________//____________/        
                                                                                
====================================[ Qcore ]===================================

 Git hash:   15a3e7daff0cda5fa9af010ccd19a80288182ecf
 Git date:   Fri, 16 Apr 2021 15:57:16 +0100
 Compiler:   GNU 9.1.0
 Build type: Release
 Version:    1.1.0

 Start time: Fri Apr 23 14:43:28 2021

 Data directory: /work/zw18965/.local/qcore/share/entos/1.1.0/data
 Number of threads: 24
 Number of threads was determined by: command line argument
  - More threads can be used by running 'qcore -n 32'

 --------------------------------------------------------------------------------
                                command: optimize                                
 --------------------------------------------------------------------------------
 Using coordinate system:                tric
 Hessian update scheme:                  bfgs

 ------------------------------------------------------------------------------------------------------------
                   energy      change    grad rms    grad max    step rms    step max       trust    time (s)
 ------------------------------------------------------------------------------------------------------------
   1      -114.499413253                3.35e-03    9.60e-03                            2.00e-01        0.74
   2      -114.499579595   -1.66e-04    1.83e-03    5.41e-03    1.48e-02    2.57e-02    2.00e-01        0.38
   3      -114.499624203   -4.46e-05    2.29e-04    6.13e-04    1.14e-02    2.08e-02    2.00e-01        0.39
   4      -114.499624483   -2.80e-07    5.75e-05    1.38e-04    3.42e-04    5.97e-04    2.00e-01        0.36
 Geometry optimization stopped:          thresholds achieved

 Final energy:                        -114.499624483

 -----------
  Final XYZ 
 -----------
4
Final structure: -114.5 hartree
C           -0.005988477          0.000789796          0.000363292
O            1.176167771         -0.156378466         -0.074581315
H           -0.479028494          0.981831306         -0.185048638
H           -0.691159187         -0.826309862          0.259274608

 Structure in entos input format:

  structure(
    xyz = [
      ['C'  ,         -0.005988477,          0.000789796,          0.000363292],
      ['O'  ,          1.176167771,         -0.156378466,         -0.074581315],
      ['H'  ,         -0.479028494,          0.981831306,         -0.185048638],
      ['H'  ,         -0.691159187,         -0.826309862,          0.259274608]
    ]
  )

 --------------------------------
  Geometry optimization finished 
 --------------------------------
 Saving results in set 'opt'

 --------------------------------------------------------------------------------
                                 command: hessian                                
 --------------------------------------------------------------------------------

WARNING: semianalytic method is specified for dft hessian, which is not efficient. Try switching to 'method = analytic'


 -------------------------------
  Numerical Geometrical Hessian 
 -------------------------------

 Compute hessian using two-point central differentiation.
 Step size (bohr):                       0.0100

 Frequencies (including translational and rotational modes):
 mode    frequency (cm-1)
    0               17.36 i (imaginary)
    1                0.20 i (imaginary)
    2                0.06 i (imaginary)
    3                0.80
    4               10.36
    5               34.57
    6             1216.08
    7             1278.30
    8             1543.61
    9             1856.10
   10             2913.11
   11             2974.31

 Project out translational and rotational motions 

 Degrees of freedom for translational and rotational motions: 6

 Vibrational frequencies:
 mode    frequency (cm-1)
    0             1216.08
    1             1278.30
    2             1543.61
    3             1856.10
    4             2913.11
    5             2974.31

 --------------------------------------------------------------------------------

 End time:                               Fri Apr 23 14:43:40 2021
 Total wall-clock time:                 11.556 seconds
==================================================================================
