
================================================================================
          _____________ ________ _______________ ________     _________         
         / ___________// ______ \\_____   _____// ______ \   / ________)        
        / /_________  / /      \ \     | |     / /      \ \ | (_______          
       |  __________|| |        | |    | |    | |        | | \________ \        
        \ \_________ | |        | |    | |     \ \______/ /___________) |       
         \__________||_|        |_|    |_|      \________//____________/        
                                                                                
====================================[ Qcore ]===================================

 Git hash:   15a3e7daff0cda5fa9af010ccd19a80288182ecf
 Git date:   Fri, 16 Apr 2021 15:57:16 +0100
 Compiler:   GNU 9.1.0
 Build type: Release
 Version:    1.1.0

 Start time: Fri Apr 23 14:43:56 2021

 Data directory: /work/zw18965/.local/qcore/share/entos/1.1.0/data
 Number of threads: 24
 Number of threads was determined by: command line argument
  - More threads can be used by running 'qcore -n 32'

 --------------------------------------------------------------------------------
                                command: optimize                                
 --------------------------------------------------------------------------------
 Using coordinate system:                tric
 Hessian update scheme:                  bfgs

 ------------------------------------------------------------------------------------------------------------
                   energy      change    grad rms    grad max    step rms    step max       trust    time (s)
 ------------------------------------------------------------------------------------------------------------
   1       -76.431745491                2.42e-03    4.20e-03                            2.00e-01        0.45
   2       -76.431817362   -7.19e-05    1.53e-03    2.72e-03    8.50e-03    1.56e-02    2.00e-01        0.19
   3       -76.431856597   -3.92e-05    9.68e-05    1.61e-04    1.22e-02    2.28e-02    2.00e-01        0.20
   4       -76.431856666   -6.83e-08    2.41e-05    3.67e-05    3.39e-04    4.11e-04    2.00e-01        0.18
 Geometry optimization stopped:          thresholds achieved

 Final energy:                         -76.431856666

 -----------
  Final XYZ 
 -----------
3
Final structure: -76.4319 hartree
O            0.006042630          0.004357410         -0.003301907
H            0.274485799          0.888861067          0.254504568
H            0.603671567         -0.238618478         -0.713702660

 Structure in entos input format:

  structure(
    xyz = [
      ['O'  ,          0.006042630,          0.004357410,         -0.003301907],
      ['H'  ,          0.274485799,          0.888861067,          0.254504568],
      ['H'  ,          0.603671567,         -0.238618478,         -0.713702660]
    ]
  )

 --------------------------------
  Geometry optimization finished 
 --------------------------------
 Saving results in set 'opt'

 --------------------------------------------------------------------------------
                                 command: hessian                                
 --------------------------------------------------------------------------------

WARNING: semianalytic method is specified for dft hessian, which is not efficient. Try switching to 'method = analytic'


 -------------------------------
  Numerical Geometrical Hessian 
 -------------------------------

 Compute hessian using two-point central differentiation.
 Step size (bohr):                       0.0100

 Frequencies (including translational and rotational modes):
 mode    frequency (cm-1)
    0               47.14 i (imaginary)
    1               28.75 i (imaginary)
    2               17.18 i (imaginary)
    3                0.01
    4                0.20
    5                0.33
    6             1633.11
    7             3841.10
    8             3940.79

 Project out translational and rotational motions 

 Degrees of freedom for translational and rotational motions: 6

 Vibrational frequencies:
 mode    frequency (cm-1)
    0             1633.11
    1             3841.10
    2             3940.79

 --------------------------------------------------------------------------------

 End time:                               Fri Apr 23 14:44:01 2021
 Total wall-clock time:                  4.995 seconds
==================================================================================
