
================================================================================
          _____________ ________ _______________ ________     _________         
         / ___________// ______ \\_____   _____// ______ \   / ________)        
        / /_________  / /      \ \     | |     / /      \ \ | (_______          
       |  __________|| |        | |    | |    | |        | | \________ \        
        \ \_________ | |        | |    | |     \ \______/ /___________) |       
         \__________||_|        |_|    |_|      \________//____________/        
                                                                                
====================================[ Qcore ]===================================

 Git hash:   15a3e7daff0cda5fa9af010ccd19a80288182ecf
 Git date:   Fri, 16 Apr 2021 15:57:16 +0100
 Compiler:   GNU 9.1.0
 Build type: Release
 Version:    1.1.0

 Start time: Fri Apr 23 14:44:01 2021

 Data directory: /work/zw18965/.local/qcore/share/entos/1.1.0/data
 Number of threads: 24
 Number of threads was determined by: command line argument
  - More threads can be used by running 'qcore -n 32'

 --------------------------------------------------------------------------------
                                command: optimize                                
 --------------------------------------------------------------------------------
 Using coordinate system:                tric
 Hessian update scheme:                  bfgs

 ------------------------------------------------------------------------------------------------------------
                   energy      change    grad rms    grad max    step rms    step max       trust    time (s)
 ------------------------------------------------------------------------------------------------------------
   1      -399.420833422                6.01e-03    1.28e-02                            2.00e-01        0.65
   2      -399.421067812   -2.34e-04    2.36e-03    5.03e-03    1.10e-02    1.86e-02    2.00e-01        0.31
   3      -399.421112398   -4.46e-05    9.48e-05    2.00e-04    7.29e-03    1.21e-02    2.00e-01        0.30
   4      -399.421112472   -7.41e-08    1.57e-06    3.21e-06    3.14e-04    5.09e-04    2.00e-01        0.32
 Geometry optimization stopped:          thresholds achieved

 Final energy:                        -399.421112472

 -----------
  Final XYZ 
 -----------
3
Final structure: -399.421 hartree
S           -0.001516138          0.615583595          0.000000007
H            0.968467105         -0.305409063          0.000000043
H           -0.966950966         -0.310174527         -0.000000049

 Structure in entos input format:

  structure(
    xyz = [
      ['S'  ,         -0.001516138,          0.615583595,          0.000000007],
      ['H'  ,          0.968467105,         -0.305409063,          0.000000043],
      ['H'  ,         -0.966950966,         -0.310174527,         -0.000000049]
    ]
  )

 --------------------------------
  Geometry optimization finished 
 --------------------------------
 Saving results in set 'opt'

 --------------------------------------------------------------------------------
                                 command: hessian                                
 --------------------------------------------------------------------------------

WARNING: semianalytic method is specified for dft hessian, which is not efficient. Try switching to 'method = analytic'


 -------------------------------
  Numerical Geometrical Hessian 
 -------------------------------

 Compute hessian using two-point central differentiation.
 Step size (bohr):                       0.0100

 Frequencies (including translational and rotational modes):
 mode    frequency (cm-1)
    0               87.39 i (imaginary)
    1               81.65 i (imaginary)
    2               58.90 i (imaginary)
    3                0.01 i (imaginary)
    4                0.04
    5                0.26
    6             1220.79
    7             2733.49
    8             2745.01

 Project out translational and rotational motions 

 Degrees of freedom for translational and rotational motions: 6

 Vibrational frequencies:
 mode    frequency (cm-1)
    0             1220.79
    1             2733.49
    2             2745.01

 --------------------------------------------------------------------------------

 End time:                               Fri Apr 23 14:44:08 2021
 Total wall-clock time:                  7.672 seconds
==================================================================================
