
================================================================================
          _____________ ________ _______________ ________     _________         
         / ___________// ______ \\_____   _____// ______ \   / ________)        
        / /_________  / /      \ \     | |     / /      \ \ | (_______          
       |  __________|| |        | |    | |    | |        | | \________ \        
        \ \_________ | |        | |    | |     \ \______/ /___________) |       
         \__________||_|        |_|    |_|      \________//____________/        
                                                                                
====================================[ Qcore ]===================================

 Git hash:   15a3e7daff0cda5fa9af010ccd19a80288182ecf
 Git date:   Fri, 16 Apr 2021 15:57:16 +0100
 Compiler:   GNU 9.1.0
 Build type: Release
 Version:    1.1.0

 Start time: Fri Apr 23 14:44:13 2021

 Data directory: /work/zw18965/.local/qcore/share/entos/1.1.0/data
 Number of threads: 24
 Number of threads was determined by: command line argument
  - More threads can be used by running 'qcore -n 32'

 --------------------------------------------------------------------------------
                                command: optimize                                
 --------------------------------------------------------------------------------
 Using coordinate system:                tric
 Hessian update scheme:                  bfgs

 ------------------------------------------------------------------------------------------------------------
                   energy      change    grad rms    grad max    step rms    step max       trust    time (s)
 ------------------------------------------------------------------------------------------------------------
   1       -93.414016300                3.98e-03    8.82e-03                            2.00e-01        0.66
   2       -93.414040824   -2.45e-05    2.58e-04    5.74e-04    2.70e-03    6.39e-03    2.00e-01        0.27
   3       -93.414040950   -1.26e-07    1.34e-05    2.92e-05    2.24e-04    4.25e-04    2.00e-01        0.26
 Geometry optimization stopped:          thresholds achieved

 Final energy:                         -93.414040950

 -----------
  Final XYZ 
 -----------
3
Final structure: -93.414 hartree
C           -0.025219555         -0.000012813         -0.000000013
N            1.115631335         -0.000589928         -0.000000015
H           -1.090411781          0.000602746          0.000000028

 Structure in entos input format:

  structure(
    xyz = [
      ['C'  ,         -0.025219555,         -0.000012813,         -0.000000013],
      ['N'  ,          1.115631335,         -0.000589928,         -0.000000015],
      ['H'  ,         -1.090411781,          0.000602746,          0.000000028]
    ]
  )

 --------------------------------
  Geometry optimization finished 
 --------------------------------
 Saving results in set 'opt'

 --------------------------------------------------------------------------------
                                 command: hessian                                
 --------------------------------------------------------------------------------

WARNING: semianalytic method is specified for dft hessian, which is not efficient. Try switching to 'method = analytic'


 -------------------------------
  Numerical Geometrical Hessian 
 -------------------------------

 Compute hessian using two-point central differentiation.
 Step size (bohr):                       0.0100

 Frequencies (including translational and rotational modes):
 mode    frequency (cm-1)
    0                0.44 i (imaginary)
    1                0.44 i (imaginary)
    2                0.02 i (imaginary)
    3               15.13
    4               15.13
    5              778.47
    6              778.47
    7             2247.19
    8             3469.70

 Project out translational and rotational motions 

 Degrees of freedom for translational and rotational motions: 6

 Vibrational frequencies:
 mode    frequency (cm-1)
    0              778.47
    1             2247.19
    2             3469.70

 --------------------------------------------------------------------------------

 End time:                               Fri Apr 23 14:44:20 2021
 Total wall-clock time:                  6.766 seconds
==================================================================================
