
================================================================================
          _____________ ________ _______________ ________     _________         
         / ___________// ______ \\_____   _____// ______ \   / ________)        
        / /_________  / /      \ \     | |     / /      \ \ | (_______          
       |  __________|| |        | |    | |    | |        | | \________ \        
        \ \_________ | |        | |    | |     \ \______/ /___________) |       
         \__________||_|        |_|    |_|      \________//____________/        
                                                                                
====================================[ Qcore ]===================================

 Git hash:   15a3e7daff0cda5fa9af010ccd19a80288182ecf
 Git date:   Fri, 16 Apr 2021 15:57:16 +0100
 Compiler:   GNU 9.1.0
 Build type: Release
 Version:    1.1.0

 Start time: Fri Apr 23 14:46:15 2021

 Data directory: /work/zw18965/.local/qcore/share/entos/1.1.0/data
 Number of threads: 24
 Number of threads was determined by: command line argument
  - More threads can be used by running 'qcore -n 32'

 --------------------------------------------------------------------------------
                                command: optimize                                
 --------------------------------------------------------------------------------
 Using coordinate system:                tric
 Hessian update scheme:                  bfgs

 ------------------------------------------------------------------------------------------------------------
                   energy      change    grad rms    grad max    step rms    step max       trust    time (s)
 ------------------------------------------------------------------------------------------------------------
   1      -796.427338122                4.91e-03    8.51e-03                            2.00e-01        0.66
   2      -796.427448894   -1.11e-04    5.23e-05    9.06e-05    1.26e-02    2.51e-02    2.00e-01        0.43
   3      -796.427448886    7.88e-09    1.95e-06    3.38e-06    1.35e-04    2.70e-04    6.76e-05        0.36
 Geometry optimization stopped:          thresholds achieved

 Final energy:                        -796.427448886

 -----------
  Final XYZ 
 -----------
2
Final structure: -796.427 hartree
S            0.000000017          0.000000017          0.006718788
S           -0.000000017         -0.000000017          1.890165801

 Structure in entos input format:

  structure(
    xyz = [
      ['S'  ,          0.000000017,          0.000000017,          0.006718788],
      ['S'  ,         -0.000000017,         -0.000000017,          1.890165801]
    ]
  )

 --------------------------------
  Geometry optimization finished 
 --------------------------------
 Saving results in set 'opt'

 --------------------------------------------------------------------------------
                                 command: hessian                                
 --------------------------------------------------------------------------------

WARNING: semianalytic method is specified for dft hessian, which is not efficient. Try switching to 'method = analytic'


 -------------------------------
  Numerical Geometrical Hessian 
 -------------------------------

 Compute hessian using two-point central differentiation.
 Step size (bohr):                       0.0100

 Frequencies (including translational and rotational modes):
 mode    frequency (cm-1)
    0                0.01 i (imaginary)
    1                0.00 i (imaginary)
    2                0.01
    3               17.70
    4               17.70
    5              755.51

 Project out translational and rotational motions 

 The molecule is linear

 Degrees of freedom for translational and rotational motions: 5

 Vibrational frequencies:
 mode    frequency (cm-1)
    0              755.51

 --------------------------------------------------------------------------------

 End time:                               Fri Apr 23 14:46:23 2021
 Total wall-clock time:                  7.051 seconds
==================================================================================
