
================================================================================
          _____________ ________ _______________ ________     _________         
         / ___________// ______ \\_____   _____// ______ \   / ________)        
        / /_________  / /      \ \     | |     / /      \ \ | (_______          
       |  __________|| |        | |    | |    | |        | | \________ \        
        \ \_________ | |        | |    | |     \ \______/ /___________) |       
         \__________||_|        |_|    |_|      \________//____________/        
                                                                                
====================================[ Qcore ]===================================

 Git hash:   15a3e7daff0cda5fa9af010ccd19a80288182ecf
 Git date:   Fri, 16 Apr 2021 15:57:16 +0100
 Compiler:   GNU 9.1.0
 Build type: Release
 Version:    1.1.0

 Start time: Fri Apr 23 14:46:23 2021

 Data directory: /work/zw18965/.local/qcore/share/entos/1.1.0/data
 Number of threads: 24
 Number of threads was determined by: command line argument
  - More threads can be used by running 'qcore -n 32'

 --------------------------------------------------------------------------------
                                command: optimize                                
 --------------------------------------------------------------------------------
 Using coordinate system:                tric
 Hessian update scheme:                  bfgs

 ------------------------------------------------------------------------------------------------------------
                   energy      change    grad rms    grad max    step rms    step max       trust    time (s)
 ------------------------------------------------------------------------------------------------------------
   1      -473.402668066                5.75e-03    9.96e-03                            2.00e-01        0.73
   2      -473.402729744   -6.17e-05    3.22e-03    5.59e-03    3.88e-03    7.76e-03    2.00e-01        0.35
   3      -473.402758475   -2.87e-05    9.06e-05    1.57e-04    4.96e-03    9.91e-03    2.00e-01        0.35
Rejecting step due to low quality: Quality: -1.18632 New trust radius: 6.77342e-05
   4      -473.402758450    2.52e-08    9.06e-05    1.57e-04    1.35e-04    2.71e-04    6.77e-05        0.34
 Geometry optimization stopped:          thresholds achieved

 Final energy:                        -473.402758450

 -----------
  Final XYZ 
 -----------
2
Final structure: -473.403 hartree
S            0.000000107         -0.000000179          0.004676377
O           -0.000000107          0.000000179          1.481538173

 Structure in entos input format:

  structure(
    xyz = [
      ['S'  ,          0.000000107,         -0.000000179,          0.004676377],
      ['O'  ,         -0.000000107,          0.000000179,          1.481538173]
    ]
  )

 --------------------------------
  Geometry optimization finished 
 --------------------------------
 Saving results in set 'opt'

 --------------------------------------------------------------------------------
                                 command: hessian                                
 --------------------------------------------------------------------------------

WARNING: semianalytic method is specified for dft hessian, which is not efficient. Try switching to 'method = analytic'


 -------------------------------
  Numerical Geometrical Hessian 
 -------------------------------

 Compute hessian using two-point central differentiation.
 Step size (bohr):                       0.0100

 Frequencies (including translational and rotational modes):
 mode    frequency (cm-1)
    0               43.58 i (imaginary)
    1               43.58 i (imaginary)
    2                0.01 i (imaginary)
    3                0.01
    4                0.01
    5             1207.04

 Project out translational and rotational motions 

 The molecule is linear

 Degrees of freedom for translational and rotational motions: 5

 Vibrational frequencies:
 mode    frequency (cm-1)
    0             1207.04

 --------------------------------------------------------------------------------

 End time:                               Fri Apr 23 14:46:29 2021
 Total wall-clock time:                  6.638 seconds
==================================================================================
