
================================================================================
          _____________ ________ _______________ ________     _________         
         / ___________// ______ \\_____   _____// ______ \   / ________)        
        / /_________  / /      \ \     | |     / /      \ \ | (_______          
       |  __________|| |        | |    | |    | |        | | \________ \        
        \ \_________ | |        | |    | |     \ \______/ /___________) |       
         \__________||_|        |_|    |_|      \________//____________/        
                                                                                
====================================[ Qcore ]===================================

 Git hash:   15a3e7daff0cda5fa9af010ccd19a80288182ecf
 Git date:   Fri, 16 Apr 2021 15:57:16 +0100
 Compiler:   GNU 9.1.0
 Build type: Release
 Version:    1.1.0

 Start time: Tue Apr 27 14:54:09 2021

 Data directory: /work/zw18965/.local/qcore/share/entos/1.1.0/data
 Number of threads: 24
 Number of threads was determined by: command line argument

 --------------------------------------------------------------------------------
                                command: optimize                                
 --------------------------------------------------------------------------------
 Using coordinate system:                tric
 Hessian update scheme:                  bfgs

 ------------------------------------------------------------------------------------------------------------
                   energy      change    grad rms    grad max    step rms    step max       trust    time (s)
 ------------------------------------------------------------------------------------------------------------
   1       -26.561716442                5.82e-03    1.02e-02                            2.00e-01        1.00
   2       -26.562414395   -6.98e-04    1.45e-03    2.54e-03    2.79e-02    3.23e-02    2.00e-01        0.82
   3       -26.562462947   -4.86e-05    7.54e-05    1.33e-04    9.24e-03    1.07e-02    2.00e-01        0.76
   4       -26.562463085   -1.38e-07    2.75e-06    5.22e-06    5.08e-04    5.92e-04    2.00e-01        0.78
 Geometry optimization stopped:          thresholds achieved

 Final energy:                         -26.562463085

 -----------
  Final XYZ 
 -----------
4
Final structure: -26.5625 hartree
B            0.000031072          0.000024687         -0.198528691
H           -0.407380319         -1.049965436          0.223560822
H           -0.174198900          1.009684299          0.431419290
H            0.581640054          0.040340285         -1.250532789

 Structure in entos input format:

  structure(
    xyz = [
      ['B'  ,          0.000031072,          0.000024687,         -0.198528691],
      ['H'  ,         -0.407380319,         -1.049965436,          0.223560822],
      ['H'  ,         -0.174198900,          1.009684299,          0.431419290],
      ['H'  ,          0.581640054,          0.040340285,         -1.250532789]
    ]
  )

 --------------------------------
  Geometry optimization finished 
 --------------------------------
 Saving results in set 'opt'

 --------------------------------------------------------------------------------
                                 command: hessian                                
 --------------------------------------------------------------------------------

WARNING: numerical method is specified for dft hessian, which is not efficient. Try switching to 'method = analytic'


 -------------------------------
  Numerical Geometrical Hessian 
 -------------------------------

 Compute hessian using two-point central differentiation.
 Step size (bohr):                       0.0100

 Frequencies (including translational and rotational modes):
 mode    frequency (cm-1)
    0               38.85 i (imaginary)
    1                1.76 i (imaginary)
    2                0.67 i (imaginary)
    3                1.89
    4               13.80
    5               23.06
    6             1160.94
    7             1202.44
    8             1202.62
    9             2576.41
   10             2717.92
   11             2718.03

 Project out translational and rotational motions 

 Degrees of freedom for translational and rotational motions: 6

 Vibrational frequencies:
 mode    frequency (cm-1)
    0             1160.93
    1             1202.44
    2             1202.62
    3             2576.41
    4             2717.92
    5             2718.03

 --------------------------------------------------------------------------------

 End time:                               Tue Apr 27 14:54:35 2021
 Total wall-clock time:                 25.741 seconds
==================================================================================
