
================================================================================
          _____________ ________ _______________ ________     _________         
         / ___________// ______ \\_____   _____// ______ \   / ________)        
        / /_________  / /      \ \     | |     / /      \ \ | (_______          
       |  __________|| |        | |    | |    | |        | | \________ \        
        \ \_________ | |        | |    | |     \ \______/ /___________) |       
         \__________||_|        |_|    |_|      \________//____________/        
                                                                                
====================================[ Qcore ]===================================

 Git hash:   15a3e7daff0cda5fa9af010ccd19a80288182ecf
 Git date:   Fri, 16 Apr 2021 15:57:16 +0100
 Compiler:   GNU 9.1.0
 Build type: Release
 Version:    1.1.0

 Start time: Tue Apr 27 14:55:11 2021

 Data directory: /work/zw18965/.local/qcore/share/entos/1.1.0/data
 Number of threads: 24
 Number of threads was determined by: command line argument

 --------------------------------------------------------------------------------
                                command: optimize                                
 --------------------------------------------------------------------------------
 Using coordinate system:                tric
 Hessian update scheme:                  bfgs

 ------------------------------------------------------------------------------------------------------------
                   energy      change    grad rms    grad max    step rms    step max       trust    time (s)
 ------------------------------------------------------------------------------------------------------------
   1       -78.493185772                6.64e-03    1.64e-02                            2.00e-01        2.72
   2       -78.493887965   -7.02e-04    1.52e-03    3.69e-03    2.06e-02    2.77e-02    2.00e-01        2.52
   3       -78.493937294   -4.93e-05    3.46e-04    8.48e-04    7.32e-03    8.71e-03    2.00e-01        2.59
   4       -78.493940946   -3.65e-06    1.36e-04    2.52e-04    2.77e-03    3.53e-03    2.00e-01        2.53
   5       -78.493941490   -5.44e-07    2.59e-05    4.30e-05    1.32e-03    1.49e-03    2.00e-01        2.52
   6       -78.493941502   -1.21e-08    4.12e-06    6.93e-06    1.21e-04    2.22e-04    2.00e-01        2.51
 Geometry optimization stopped:          thresholds achieved

 Final energy:                         -78.493941502

 -----------
  Final XYZ 
 -----------
6
Final structure: -78.4939 hartree
C           -0.666678893         -0.052844435         -0.000059398
C            0.666693377          0.052850673          0.000071588
H           -1.244528078          0.002458402         -0.926159928
H           -1.228754515         -0.198540652          0.925939865
H            1.228781359          0.198533047         -0.925923070
H            1.244532026         -0.002440967          0.926178541

 Structure in entos input format:

  structure(
    xyz = [
      ['C'  ,         -0.666678893,         -0.052844435,         -0.000059398],
      ['C'  ,          0.666693377,          0.052850673,          0.000071588],
      ['H'  ,         -1.244528078,          0.002458402,         -0.926159928],
      ['H'  ,         -1.228754515,         -0.198540652,          0.925939865],
      ['H'  ,          1.228781359,          0.198533047,         -0.925923070],
      ['H'  ,          1.244532026,         -0.002440967,          0.926178541]
    ]
  )

 --------------------------------
  Geometry optimization finished 
 --------------------------------
 Saving results in set 'opt'

 --------------------------------------------------------------------------------
                                 command: hessian                                
 --------------------------------------------------------------------------------

WARNING: numerical method is specified for dft hessian, which is not efficient. Try switching to 'method = analytic'


 -------------------------------
  Numerical Geometrical Hessian 
 -------------------------------

 Compute hessian using two-point central differentiation.
 Step size (bohr):                       0.0100

 Frequencies (including translational and rotational modes):
 mode    frequency (cm-1)
    0               10.38 i (imaginary)
    1                6.00 i (imaginary)
    2                2.42
    3                5.90
    4                8.25
    5               14.55
    6              828.86
    7              952.09
    8              972.40
    9             1063.14
   10             1237.69
   11             1373.79
   12             1459.87
   13             1693.63
   14             3159.03
   15             3176.41
   16             3247.14
   17             3273.58

 Project out translational and rotational motions 

 Degrees of freedom for translational and rotational motions: 6

 Vibrational frequencies:
 mode    frequency (cm-1)
    0              828.86
    1              952.09
    2              972.40
    3             1063.14
    4             1237.69
    5             1373.79
    6             1459.87
    7             1693.63
    8             3159.03
    9             3176.41
   10             3247.14
   11             3273.58

 --------------------------------------------------------------------------------

 End time:                               Tue Apr 27 14:57:14 2021
 Total wall-clock time:                122.888 seconds
==================================================================================
