
================================================================================
          _____________ ________ _______________ ________     _________         
         / ___________// ______ \\_____   _____// ______ \   / ________)        
        / /_________  / /      \ \     | |     / /      \ \ | (_______          
       |  __________|| |        | |    | |    | |        | | \________ \        
        \ \_________ | |        | |    | |     \ \______/ /___________) |       
         \__________||_|        |_|    |_|      \________//____________/        
                                                                                
====================================[ Qcore ]===================================

 Git hash:   15a3e7daff0cda5fa9af010ccd19a80288182ecf
 Git date:   Fri, 16 Apr 2021 15:57:16 +0100
 Compiler:   GNU 9.1.0
 Build type: Release
 Version:    1.1.0

 Start time: Tue Apr 27 15:03:44 2021

 Data directory: /work/zw18965/.local/qcore/share/entos/1.1.0/data
 Number of threads: 24
 Number of threads was determined by: command line argument

 --------------------------------------------------------------------------------
                                command: optimize                                
 --------------------------------------------------------------------------------
 Using coordinate system:                tric
 Hessian update scheme:                  bfgs

 ------------------------------------------------------------------------------------------------------------
                   energy      change    grad rms    grad max    step rms    step max       trust    time (s)
 ------------------------------------------------------------------------------------------------------------
   1       -40.456867305                4.52e-03    7.31e-03                            2.00e-01        1.47
   2       -40.457254099   -3.87e-04    1.07e-03    1.72e-03    1.61e-02    1.80e-02    2.00e-01        1.29
   3       -40.457277709   -2.36e-05    3.72e-05    6.06e-05    4.96e-03    5.55e-03    2.00e-01        1.26
   4       -40.457277737   -2.85e-08    4.98e-07    1.01e-06    1.79e-04    2.01e-04    2.00e-01        1.25
 Geometry optimization stopped:          thresholds achieved

 Final energy:                         -40.457277737

 -----------
  Final XYZ 
 -----------
5
Final structure: -40.4573 hartree
C           -0.000009433          0.000016901          0.000004763
H            0.557257118          0.804275178          0.499371100
H            0.687345490         -0.818069522         -0.255019781
H           -0.782675163         -0.375711725          0.673068386
H           -0.461957893          0.389560962         -0.917389959

 Structure in entos input format:

  structure(
    xyz = [
      ['C'  ,         -0.000009433,          0.000016901,          0.000004763],
      ['H'  ,          0.557257118,          0.804275178,          0.499371100],
      ['H'  ,          0.687345490,         -0.818069522,         -0.255019781],
      ['H'  ,         -0.782675163,         -0.375711725,          0.673068386],
      ['H'  ,         -0.461957893,          0.389560962,         -0.917389959]
    ]
  )

 --------------------------------
  Geometry optimization finished 
 --------------------------------
 Saving results in set 'opt'

 --------------------------------------------------------------------------------
                                 command: hessian                                
 --------------------------------------------------------------------------------

WARNING: numerical method is specified for dft hessian, which is not efficient. Try switching to 'method = analytic'


 -------------------------------
  Numerical Geometrical Hessian 
 -------------------------------

 Compute hessian using two-point central differentiation.
 Step size (bohr):                       0.0100

 Frequencies (including translational and rotational modes):
 mode    frequency (cm-1)
    0               28.71 i (imaginary)
    1               22.90 i (imaginary)
    2                9.62 i (imaginary)
    3                9.44 i (imaginary)
    4                8.59 i (imaginary)
    5                7.33
    6             1328.13
    7             1328.48
    8             1328.51
    9             1551.44
   10             1551.67
   11             3054.96
   12             3186.02
   13             3186.11
   14             3186.14

 Project out translational and rotational motions 

 Degrees of freedom for translational and rotational motions: 6

 Vibrational frequencies:
 mode    frequency (cm-1)
    0             1328.13
    1             1328.48
    2             1328.51
    3             1551.44
    4             1551.67
    5             3054.96
    6             3186.02
    7             3186.11
    8             3186.14

 --------------------------------------------------------------------------------

 End time:                               Tue Apr 27 15:04:34 2021
 Total wall-clock time:                 49.863 seconds
==================================================================================
