
================================================================================
          _____________ ________ _______________ ________     _________         
         / ___________// ______ \\_____   _____// ______ \   / ________)        
        / /_________  / /      \ \     | |     / /      \ \ | (_______          
       |  __________|| |        | |    | |    | |        | | \________ \        
        \ \_________ | |        | |    | |     \ \______/ /___________) |       
         \__________||_|        |_|    |_|      \________//____________/        
                                                                                
====================================[ Qcore ]===================================

 Git hash:   15a3e7daff0cda5fa9af010ccd19a80288182ecf
 Git date:   Fri, 16 Apr 2021 15:57:16 +0100
 Compiler:   GNU 9.1.0
 Build type: Release
 Version:    1.1.0

 Start time: Tue Apr 27 15:04:48 2021

 Data directory: /work/zw18965/.local/qcore/share/entos/1.1.0/data
 Number of threads: 24
 Number of threads was determined by: command line argument

 --------------------------------------------------------------------------------
                                command: optimize                                
 --------------------------------------------------------------------------------
 Using coordinate system:                tric
 Hessian update scheme:                  bfgs

 ------------------------------------------------------------------------------------------------------------
                   energy      change    grad rms    grad max    step rms    step max       trust    time (s)
 ------------------------------------------------------------------------------------------------------------
   1      -552.801292737                2.64e-02    5.70e-02                            2.00e-01        1.57
   2      -552.802742586   -1.45e-03    1.77e-03    3.93e-03    2.47e-02    4.78e-02    2.00e-01        1.27
   3      -552.802758917   -1.63e-05    1.15e-03    2.46e-03    2.62e-03    5.04e-03    2.00e-01        1.23
   4      -552.802766372   -7.45e-06    1.43e-04    3.20e-04    2.95e-03    6.30e-03    2.00e-01        1.23
   5      -552.802766420   -4.87e-08    1.65e-05    3.52e-05    1.04e-04    2.41e-04    2.00e-01        1.24
 Geometry optimization stopped:          thresholds achieved

 Final energy:                        -552.802766420

 -----------
  Final XYZ 
 -----------
3
Final structure: -552.803 hartree
Cl           1.419155736         -0.808963162         -0.000000919
C           -0.148398157         -0.330741691         -0.000000513
N           -1.270828194          0.011640213          0.000000606

 Structure in entos input format:

  structure(
    xyz = [
      ['Cl' ,          1.419155736,         -0.808963162,         -0.000000919],
      ['C'  ,         -0.148398157,         -0.330741691,         -0.000000513],
      ['N'  ,         -1.270828194,          0.011640213,          0.000000606]
    ]
  )

 --------------------------------
  Geometry optimization finished 
 --------------------------------
 Saving results in set 'opt'

 --------------------------------------------------------------------------------
                                 command: hessian                                
 --------------------------------------------------------------------------------

WARNING: numerical method is specified for dft hessian, which is not efficient. Try switching to 'method = analytic'


 -------------------------------
  Numerical Geometrical Hessian 
 -------------------------------

 Compute hessian using two-point central differentiation.
 Step size (bohr):                       0.0100

 Frequencies (including translational and rotational modes):
 mode    frequency (cm-1)
    0                7.55 i (imaginary)
    1                5.69 i (imaginary)
    2                2.19 i (imaginary)
    3                1.04 i (imaginary)
    4                2.79
    5              388.34
    6              388.49
    7              748.89
    8             2235.54

 Project out translational and rotational motions 

 Degrees of freedom for translational and rotational motions: 6

 Vibrational frequencies:
 mode    frequency (cm-1)
    0              388.34
    1              748.89
    2             2235.54

 --------------------------------------------------------------------------------

 End time:                               Tue Apr 27 15:05:21 2021
 Total wall-clock time:                 33.083 seconds
==================================================================================
