
================================================================================
          _____________ ________ _______________ ________     _________         
         / ___________// ______ \\_____   _____// ______ \   / ________)        
        / /_________  / /      \ \     | |     / /      \ \ | (_______          
       |  __________|| |        | |    | |    | |        | | \________ \        
        \ \_________ | |        | |    | |     \ \______/ /___________) |       
         \__________||_|        |_|    |_|      \________//____________/        
                                                                                
====================================[ Qcore ]===================================

 Git hash:   15a3e7daff0cda5fa9af010ccd19a80288182ecf
 Git date:   Fri, 16 Apr 2021 15:57:16 +0100
 Compiler:   GNU 9.1.0
 Build type: Release
 Version:    1.1.0

 Start time: Tue Apr 27 15:05:21 2021

 Data directory: /work/zw18965/.local/qcore/share/entos/1.1.0/data
 Number of threads: 24
 Number of threads was determined by: command line argument

 --------------------------------------------------------------------------------
                                command: optimize                                
 --------------------------------------------------------------------------------
 Using coordinate system:                tric
 Hessian update scheme:                  bfgs

 ------------------------------------------------------------------------------------------------------------
                   energy      change    grad rms    grad max    step rms    step max       trust    time (s)
 ------------------------------------------------------------------------------------------------------------
   1      -559.743768427                5.03e-04    8.72e-04                            2.00e-01        0.87
   2      -559.743769275   -8.48e-07    3.20e-04    5.54e-04    5.95e-04    1.19e-03    2.00e-01        0.60
   3      -559.743769848   -5.73e-07    1.15e-06    2.16e-06    1.03e-03    2.07e-03    2.00e-01        0.62
   4      -559.743769853   -5.22e-09    1.09e-07    1.95e-07    3.69e-06    7.39e-06    2.00e-01        0.60
 Geometry optimization stopped:          thresholds achieved

 Final energy:                        -559.743769853

 -----------
  Final XYZ 
 -----------
2
Final structure: -559.744 hartree
Cl           0.833356183          0.000000740         -0.000000458
F           -0.833345461         -0.000000733          0.000000463

 Structure in entos input format:

  structure(
    xyz = [
      ['Cl' ,          0.833356183,          0.000000740,         -0.000000458],
      ['F'  ,         -0.833345461,         -0.000000733,          0.000000463]
    ]
  )

 --------------------------------
  Geometry optimization finished 
 --------------------------------
 Saving results in set 'opt'

 --------------------------------------------------------------------------------
                                 command: hessian                                
 --------------------------------------------------------------------------------

WARNING: numerical method is specified for dft hessian, which is not efficient. Try switching to 'method = analytic'


 -------------------------------
  Numerical Geometrical Hessian 
 -------------------------------

 Compute hessian using two-point central differentiation.
 Step size (bohr):                       0.0100

 Frequencies (including translational and rotational modes):
 mode    frequency (cm-1)
    0               74.48 i (imaginary)
    1               74.48 i (imaginary)
    2                0.12
    3                0.67
    4                3.43
    5              758.67

 Project out translational and rotational motions 

 The molecule is linear

 Degrees of freedom for translational and rotational motions: 5

 Vibrational frequencies:
 mode    frequency (cm-1)
    0              758.67

 --------------------------------------------------------------------------------

 End time:                               Tue Apr 27 15:05:33 2021
 Total wall-clock time:                 11.371 seconds
==================================================================================
