
================================================================================
          _____________ ________ _______________ ________     _________         
         / ___________// ______ \\_____   _____// ______ \   / ________)        
        / /_________  / /      \ \     | |     / /      \ \ | (_______          
       |  __________|| |        | |    | |    | |        | | \________ \        
        \ \_________ | |        | |    | |     \ \______/ /___________) |       
         \__________||_|        |_|    |_|      \________//____________/        
                                                                                
====================================[ Qcore ]===================================

 Git hash:   15a3e7daff0cda5fa9af010ccd19a80288182ecf
 Git date:   Fri, 16 Apr 2021 15:57:16 +0100
 Compiler:   GNU 9.1.0
 Build type: Release
 Version:    1.1.0

 Start time: Tue Apr 27 15:05:33 2021

 Data directory: /work/zw18965/.local/qcore/share/entos/1.1.0/data
 Number of threads: 24
 Number of threads was determined by: command line argument

 --------------------------------------------------------------------------------
                                command: optimize                                
 --------------------------------------------------------------------------------
 Using coordinate system:                tric
 Hessian update scheme:                  bfgs

 ------------------------------------------------------------------------------------------------------------
                   energy      change    grad rms    grad max    step rms    step max       trust    time (s)
 ------------------------------------------------------------------------------------------------------------
   1      -188.444208657                3.33e-02    7.06e-02                            2.00e-01        1.07
   2      -188.448164213   -3.96e-03    1.66e-03    3.52e-03    4.50e-02    5.51e-02    2.00e-01        0.90
   3      -188.448175421   -1.12e-05    1.74e-04    3.69e-04    2.36e-03    2.92e-03    2.00e-01        0.88
   4      -188.448175547   -1.25e-07    3.97e-07    1.00e-06    2.77e-04    3.52e-04    2.00e-01        0.94
 Geometry optimization stopped:          thresholds achieved

 Final energy:                        -188.448175547

 -----------
  Final XYZ 
 -----------
3
Final structure: -188.448 hartree
O           -1.171305381         -0.000000487         -0.000000196
O            1.171346184          0.000000251         -0.000000130
C            0.000020223         -0.000000050         -0.000000188

 Structure in entos input format:

  structure(
    xyz = [
      ['O'  ,         -1.171305381,         -0.000000487,         -0.000000196],
      ['O'  ,          1.171346184,          0.000000251,         -0.000000130],
      ['C'  ,          0.000020223,         -0.000000050,         -0.000000188]
    ]
  )

 --------------------------------
  Geometry optimization finished 
 --------------------------------
 Saving results in set 'opt'

 --------------------------------------------------------------------------------
                                 command: hessian                                
 --------------------------------------------------------------------------------

WARNING: numerical method is specified for dft hessian, which is not efficient. Try switching to 'method = analytic'


 -------------------------------
  Numerical Geometrical Hessian 
 -------------------------------

 Compute hessian using two-point central differentiation.
 Step size (bohr):                       0.0100

 Frequencies (including translational and rotational modes):
 mode    frequency (cm-1)
    0               15.29 i (imaginary)
    1               15.14 i (imaginary)
    2                1.70
    3               22.82
    4               22.88
    5              649.75
    6              649.75
    7             1336.98
    8             2410.20

 Project out translational and rotational motions 

 Degrees of freedom for translational and rotational motions: 6

 Vibrational frequencies:
 mode    frequency (cm-1)
    0              649.75
    1             1336.98
    2             2410.20

 --------------------------------------------------------------------------------

 End time:                               Tue Apr 27 15:05:55 2021
 Total wall-clock time:                 22.457 seconds
==================================================================================
