
================================================================================
          _____________ ________ _______________ ________     _________         
         / ___________// ______ \\_____   _____// ______ \   / ________)        
        / /_________  / /      \ \     | |     / /      \ \ | (_______          
       |  __________|| |        | |    | |    | |        | | \________ \        
        \ \_________ | |        | |    | |     \ \______/ /___________) |       
         \__________||_|        |_|    |_|      \________//____________/        
                                                                                
====================================[ Qcore ]===================================

 Git hash:   15a3e7daff0cda5fa9af010ccd19a80288182ecf
 Git date:   Fri, 16 Apr 2021 15:57:16 +0100
 Compiler:   GNU 9.1.0
 Build type: Release
 Version:    1.1.0

 Start time: Tue Apr 27 15:05:55 2021

 Data directory: /work/zw18965/.local/qcore/share/entos/1.1.0/data
 Number of threads: 24
 Number of threads was determined by: command line argument

 --------------------------------------------------------------------------------
                                command: optimize                                
 --------------------------------------------------------------------------------
 Using coordinate system:                tric
 Hessian update scheme:                  bfgs

 ------------------------------------------------------------------------------------------------------------
                   energy      change    grad rms    grad max    step rms    step max       trust    time (s)
 ------------------------------------------------------------------------------------------------------------
   1      -113.229830853                2.10e-02    3.63e-02                            2.00e-01        0.60
   2      -113.230339941   -5.09e-04    4.77e-04    8.26e-04    1.40e-02    2.79e-02    2.00e-01        0.41
   3      -113.230340223   -2.82e-07    2.52e-05    4.36e-05    3.25e-04    6.50e-04    2.00e-01        0.41
 Geometry optimization stopped:          thresholds achieved

 Final energy:                        -113.230340223

 -----------
  Final XYZ 
 -----------
2
Final structure: -113.23 hartree
O            0.569792454          0.000000020          0.000000011
C           -0.569800851          0.000000000          0.000000011

 Structure in entos input format:

  structure(
    xyz = [
      ['O'  ,          0.569792454,          0.000000020,          0.000000011],
      ['C'  ,         -0.569800851,          0.000000000,          0.000000011]
    ]
  )

 --------------------------------
  Geometry optimization finished 
 --------------------------------
 Saving results in set 'opt'

 --------------------------------------------------------------------------------
                                 command: hessian                                
 --------------------------------------------------------------------------------

WARNING: numerical method is specified for dft hessian, which is not efficient. Try switching to 'method = analytic'


 -------------------------------
  Numerical Geometrical Hessian 
 -------------------------------

 Compute hessian using two-point central differentiation.
 Step size (bohr):                       0.0100

 Frequencies (including translational and rotational modes):
 mode    frequency (cm-1)
    0                1.53 i (imaginary)
    1                0.45 i (imaginary)
    2                0.32
    3                9.88
    4                9.94
    5             2152.21

 Project out translational and rotational motions 

 The molecule is linear

 Degrees of freedom for translational and rotational motions: 5

 Vibrational frequencies:
 mode    frequency (cm-1)
    0             2152.21

 --------------------------------------------------------------------------------

 End time:                               Tue Apr 27 15:06:03 2021
 Total wall-clock time:                  7.186 seconds
==================================================================================
