
================================================================================
          _____________ ________ _______________ ________     _________         
         / ___________// ______ \\_____   _____// ______ \   / ________)        
        / /_________  / /      \ \     | |     / /      \ \ | (_______          
       |  __________|| |        | |    | |    | |        | | \________ \        
        \ \_________ | |        | |    | |     \ \______/ /___________) |       
         \__________||_|        |_|    |_|      \________//____________/        
                                                                                
====================================[ Qcore ]===================================

 Git hash:   15a3e7daff0cda5fa9af010ccd19a80288182ecf
 Git date:   Fri, 16 Apr 2021 15:57:16 +0100
 Compiler:   GNU 9.1.0
 Build type: Release
 Version:    1.1.0

 Start time: Tue Apr 27 15:10:33 2021

 Data directory: /work/zw18965/.local/qcore/share/entos/1.1.0/data
 Number of threads: 24
 Number of threads was determined by: command line argument

 --------------------------------------------------------------------------------
                                command: optimize                                
 --------------------------------------------------------------------------------
 Using coordinate system:                tric
 Hessian update scheme:                  bfgs

 ------------------------------------------------------------------------------------------------------------
                   energy      change    grad rms    grad max    step rms    step max       trust    time (s)
 ------------------------------------------------------------------------------------------------------------
   1      -109.446004113                2.43e-02    4.22e-02                            2.00e-01        0.53
   2      -109.446562767   -5.59e-04    2.73e-03    4.73e-03    1.53e-02    3.06e-02    2.00e-01        0.41
   3      -109.446570487   -7.72e-06    1.50e-04    2.60e-04    1.54e-03    3.09e-03    2.00e-01        0.41
   4      -109.446570513   -2.67e-08    5.97e-06    1.03e-05    8.98e-05    1.80e-04    2.00e-01        0.43
 Geometry optimization stopped:          thresholds achieved

 Final energy:                        -109.446570513

 -----------
  Final XYZ 
 -----------
2
Final structure: -109.447 hartree
N            0.556508742          0.000000058          0.000000057
N           -0.556510361         -0.000000058         -0.000000052

 Structure in entos input format:

  structure(
    xyz = [
      ['N'  ,          0.556508742,          0.000000058,          0.000000057],
      ['N'  ,         -0.556510361,         -0.000000058,         -0.000000052]
    ]
  )

 --------------------------------
  Geometry optimization finished 
 --------------------------------
 Saving results in set 'opt'

 --------------------------------------------------------------------------------
                                 command: hessian                                
 --------------------------------------------------------------------------------

WARNING: numerical method is specified for dft hessian, which is not efficient. Try switching to 'method = analytic'


 -------------------------------
  Numerical Geometrical Hessian 
 -------------------------------

 Compute hessian using two-point central differentiation.
 Step size (bohr):                       0.0100

 Frequencies (including translational and rotational modes):
 mode    frequency (cm-1)
    0                0.11 i (imaginary)
    1                0.25
    2                0.27
    3               16.03
    4               16.65
    5             2345.58

 Project out translational and rotational motions 

 The molecule is linear

 Degrees of freedom for translational and rotational motions: 5

 Vibrational frequencies:
 mode    frequency (cm-1)
    0             2345.58

 --------------------------------------------------------------------------------

 End time:                               Tue Apr 27 15:10:40 2021
 Total wall-clock time:                  7.468 seconds
==================================================================================
