
================================================================================
          _____________ ________ _______________ ________     _________         
         / ___________// ______ \\_____   _____// ______ \   / ________)        
        / /_________  / /      \ \     | |     / /      \ \ | (_______          
       |  __________|| |        | |    | |    | |        | | \________ \        
        \ \_________ | |        | |    | |     \ \______/ /___________) |       
         \__________||_|        |_|    |_|      \________//____________/        
                                                                                
====================================[ Qcore ]===================================

 Git hash:   15a3e7daff0cda5fa9af010ccd19a80288182ecf
 Git date:   Fri, 16 Apr 2021 15:57:16 +0100
 Compiler:   GNU 9.1.0
 Build type: Release
 Version:    1.1.0

 Start time: Tue Apr 27 15:10:40 2021

 Data directory: /work/zw18965/.local/qcore/share/entos/1.1.0/data
 Number of threads: 24
 Number of threads was determined by: command line argument

 --------------------------------------------------------------------------------
                                command: optimize                                
 --------------------------------------------------------------------------------
 Using coordinate system:                tric
 Hessian update scheme:                  bfgs

 ------------------------------------------------------------------------------------------------------------
                   energy      change    grad rms    grad max    step rms    step max       trust    time (s)
 ------------------------------------------------------------------------------------------------------------
   1       -56.490481809                7.18e-03    1.98e-02                            2.00e-01        1.00
   2       -56.491246290   -7.64e-04    4.18e-03    1.21e-02    2.35e-02    2.84e-02    2.00e-01        0.84
   3       -56.491716915   -4.71e-04    1.97e-04    3.49e-04    4.04e-02    4.99e-02    2.00e-01        0.86
   4       -56.491717282   -3.67e-07    4.15e-05    7.40e-05    4.47e-04    6.15e-04    2.00e-01        0.85
 Geometry optimization stopped:          thresholds achieved

 Final energy:                         -56.491717282

 -----------
  Final XYZ 
 -----------
4
Final structure: -56.4917 hartree
N           -0.002863095         -0.000732084          0.315516789
H           -0.515436450         -0.776262502         -0.111557705
H           -0.413192035          0.835702511         -0.107073496
H            0.931619519         -0.058870428         -0.096723384

 Structure in entos input format:

  structure(
    xyz = [
      ['N'  ,         -0.002863095,         -0.000732084,          0.315516789],
      ['H'  ,         -0.515436450,         -0.776262502,         -0.111557705],
      ['H'  ,         -0.413192035,          0.835702511,         -0.107073496],
      ['H'  ,          0.931619519,         -0.058870428,         -0.096723384]
    ]
  )

 --------------------------------
  Geometry optimization finished 
 --------------------------------
 Saving results in set 'opt'

 --------------------------------------------------------------------------------
                                 command: hessian                                
 --------------------------------------------------------------------------------

WARNING: numerical method is specified for dft hessian, which is not efficient. Try switching to 'method = analytic'


 -------------------------------
  Numerical Geometrical Hessian 
 -------------------------------

 Compute hessian using two-point central differentiation.
 Step size (bohr):                       0.0100

 Frequencies (including translational and rotational modes):
 mode    frequency (cm-1)
    0                0.94
    1                1.88
    2                3.22
    3               10.10
    4               23.10
    5               32.10
    6             1143.47
    7             1687.01
    8             1687.20
    9             3453.21
   10             3576.82
   11             3576.96

 Project out translational and rotational motions 

 Degrees of freedom for translational and rotational motions: 6

 Vibrational frequencies:
 mode    frequency (cm-1)
    0             1143.47
    1             1687.01
    2             1687.20
    3             3453.21
    4             3576.82
    5             3576.96

 --------------------------------------------------------------------------------

 End time:                               Tue Apr 27 15:11:08 2021
 Total wall-clock time:                 27.126 seconds
==================================================================================
