
================================================================================
          _____________ ________ _______________ ________     _________         
         / ___________// ______ \\_____   _____// ______ \   / ________)        
        / /_________  / /      \ \     | |     / /      \ \ | (_______          
       |  __________|| |        | |    | |    | |        | | \________ \        
        \ \_________ | |        | |    | |     \ \______/ /___________) |       
         \__________||_|        |_|    |_|      \________//____________/        
                                                                                
====================================[ Qcore ]===================================

 Git hash:   15a3e7daff0cda5fa9af010ccd19a80288182ecf
 Git date:   Fri, 16 Apr 2021 15:57:16 +0100
 Compiler:   GNU 9.1.0
 Build type: Release
 Version:    1.1.0

 Start time: Tue Apr 27 15:12:05 2021

 Data directory: /work/zw18965/.local/qcore/share/entos/1.1.0/data
 Number of threads: 24
 Number of threads was determined by: command line argument

 --------------------------------------------------------------------------------
                                command: optimize                                
 --------------------------------------------------------------------------------
 Using coordinate system:                tric
 Hessian update scheme:                  bfgs

 ------------------------------------------------------------------------------------------------------------
                   energy      change    grad rms    grad max    step rms    step max       trust    time (s)
 ------------------------------------------------------------------------------------------------------------
   1      -343.000759625                8.54e-03    1.68e-02                            2.00e-01        1.32
   2      -343.001877933   -1.12e-03    3.54e-03    1.00e-02    7.52e-02    4.79e-02    2.00e-01        1.10
   3      -343.002088757   -2.11e-04    2.65e-04    6.56e-04    2.15e-02    2.25e-02    2.00e-01        1.09
   4      -343.002089778   -1.02e-06    1.02e-05    1.93e-05    1.09e-03    1.68e-03    2.00e-01        1.07
   5      -343.002089790   -1.25e-08    4.73e-06    1.06e-05    1.58e-04    3.20e-04    2.00e-01        1.07
 Geometry optimization stopped:          thresholds achieved

 Final energy:                        -343.002089790

 -----------
  Final XYZ 
 -----------
4
Final structure: -343.002 hartree
P           -0.005691091         -0.001305118          0.579437223
H           -0.661291700         -0.995306939         -0.201397831
H           -0.529033557          1.072626601         -0.195376478
H            1.195718520         -0.076014612         -0.181237048

 Structure in entos input format:

  structure(
    xyz = [
      ['P'  ,         -0.005691091,         -0.001305118,          0.579437223],
      ['H'  ,         -0.661291700,         -0.995306939,         -0.201397831],
      ['H'  ,         -0.529033557,          1.072626601,         -0.195376478],
      ['H'  ,          1.195718520,         -0.076014612,         -0.181237048]
    ]
  )

 --------------------------------
  Geometry optimization finished 
 --------------------------------
 Saving results in set 'opt'

 --------------------------------------------------------------------------------
                                 command: hessian                                
 --------------------------------------------------------------------------------

WARNING: numerical method is specified for dft hessian, which is not efficient. Try switching to 'method = analytic'


 -------------------------------
  Numerical Geometrical Hessian 
 -------------------------------

 Compute hessian using two-point central differentiation.
 Step size (bohr):                       0.0100

 Frequencies (including translational and rotational modes):
 mode    frequency (cm-1)
    0               39.16 i (imaginary)
    1                0.37
    2                3.15
    3                3.77
    4               31.88
    5               47.76
    6             1036.61
    7             1148.88
    8             1150.21
    9             2423.19
   10             2435.88
   11             2436.01

 Project out translational and rotational motions 

 Degrees of freedom for translational and rotational motions: 6

 Vibrational frequencies:
 mode    frequency (cm-1)
    0             1036.61
    1             1148.88
    2             1150.21
    3             2423.19
    4             2435.88
    5             2436.01

 --------------------------------------------------------------------------------

 End time:                               Tue Apr 27 15:12:43 2021
 Total wall-clock time:                 37.528 seconds
==================================================================================
