
================================================================================
          _____________ ________ _______________ ________     _________         
         / ___________// ______ \\_____   _____// ______ \   / ________)        
        / /_________  / /      \ \     | |     / /      \ \ | (_______          
       |  __________|| |        | |    | |    | |        | | \________ \        
        \ \_________ | |        | |    | |     \ \______/ /___________) |       
         \__________||_|        |_|    |_|      \________//____________/        
                                                                                
====================================[ Qcore ]===================================

 Git hash:   15a3e7daff0cda5fa9af010ccd19a80288182ecf
 Git date:   Fri, 16 Apr 2021 15:57:16 +0100
 Compiler:   GNU 9.1.0
 Build type: Release
 Version:    1.1.0

 Start time: Tue Apr 27 15:12:43 2021

 Data directory: /work/zw18965/.local/qcore/share/entos/1.1.0/data
 Number of threads: 24
 Number of threads was determined by: command line argument

 --------------------------------------------------------------------------------
                                command: optimize                                
 --------------------------------------------------------------------------------
 Using coordinate system:                tric
 Hessian update scheme:                  bfgs

 ------------------------------------------------------------------------------------------------------------
                   energy      change    grad rms    grad max    step rms    step max       trust    time (s)
 ------------------------------------------------------------------------------------------------------------
   1      -364.548275183                1.02e-02    1.77e-02                            2.00e-01        0.85
   2      -364.548475354   -2.00e-04    5.24e-03    9.08e-03    7.49e-03    1.50e-02    2.00e-01        0.63
   3      -364.548549284   -7.39e-05    2.41e-04    4.20e-04    7.86e-03    1.57e-02    2.00e-01        0.64
   4      -364.548549441   -1.58e-07    8.58e-06    1.59e-05    3.79e-04    7.59e-04    2.00e-01        0.60
 Geometry optimization stopped:          thresholds achieved

 Final energy:                        -364.548549441

 -----------
  Final XYZ 
 -----------
2
Final structure: -364.549 hartree
Si           0.000000178         -0.000000726         -0.765157204
O           -0.000000172          0.000000704          0.765346676

 Structure in entos input format:

  structure(
    xyz = [
      ['Si' ,          0.000000178,         -0.000000726,         -0.765157204],
      ['O'  ,         -0.000000172,          0.000000704,          0.765346676]
    ]
  )

 --------------------------------
  Geometry optimization finished 
 --------------------------------
 Saving results in set 'opt'

 --------------------------------------------------------------------------------
                                 command: hessian                                
 --------------------------------------------------------------------------------

WARNING: numerical method is specified for dft hessian, which is not efficient. Try switching to 'method = analytic'


 -------------------------------
  Numerical Geometrical Hessian 
 -------------------------------

 Compute hessian using two-point central differentiation.
 Step size (bohr):                       0.0100

 Frequencies (including translational and rotational modes):
 mode    frequency (cm-1)
    0                4.34 i (imaginary)
    1                0.07 i (imaginary)
    2                0.33
    3               25.65
    4               25.66
    5             1178.33

 Project out translational and rotational motions 

 The molecule is linear

 Degrees of freedom for translational and rotational motions: 5

 Vibrational frequencies:
 mode    frequency (cm-1)
    0             1178.33

 --------------------------------------------------------------------------------

 End time:                               Tue Apr 27 15:12:55 2021
 Total wall-clock time:                 11.518 seconds
==================================================================================
