
================================================================================
          _____________ ________ _______________ ________     _________         
         / ___________// ______ \\_____   _____// ______ \   / ________)        
        / /_________  / /      \ \     | |     / /      \ \ | (_______          
       |  __________|| |        | |    | |    | |        | | \________ \        
        \ \_________ | |        | |    | |     \ \______/ /___________) |       
         \__________||_|        |_|    |_|      \________//____________/        
                                                                                
====================================[ Qcore ]===================================

 Git hash:   15a3e7daff0cda5fa9af010ccd19a80288182ecf
 Git date:   Fri, 16 Apr 2021 15:57:16 +0100
 Compiler:   GNU 9.1.0
 Build type: Release
 Version:    1.1.0

 Start time: Tue Apr 27 15:15:32 2021

 Data directory: /work/zw18965/.local/qcore/share/entos/1.1.0/data
 Number of threads: 24
 Number of threads was determined by: command line argument

 --------------------------------------------------------------------------------
                                command: optimize                                
 --------------------------------------------------------------------------------
 Using coordinate system:                tric
 Hessian update scheme:                  bfgs

 ------------------------------------------------------------------------------------------------------------
                   energy      change    grad rms    grad max    step rms    step max       trust    time (s)
 ------------------------------------------------------------------------------------------------------------
   1      -796.105929226                5.78e-03    1.00e-02                            2.00e-01        1.01
   2      -796.106085937   -1.57e-04    3.68e-04    6.38e-04    1.48e-02    2.96e-02    2.00e-01        0.87
   3      -796.106086685   -7.48e-07    1.55e-05    2.74e-05    1.01e-03    2.01e-03    2.00e-01        0.84
Rejecting step due to low quality: Quality: -3.09912 New trust radius: 2.21623e-05
   4      -796.106086681    3.71e-09    1.55e-05    2.74e-05    4.43e-05    8.86e-05    2.22e-05        0.80
 Geometry optimization stopped:          thresholds achieved

 Final energy:                        -796.106086681

 -----------
  Final XYZ 
 -----------
2
Final structure: -796.106 hartree
S            0.000000447          0.000000365         -0.008369005
S           -0.000000304         -0.000000318          1.905231581

 Structure in entos input format:

  structure(
    xyz = [
      ['S'  ,          0.000000447,          0.000000365,         -0.008369005],
      ['S'  ,         -0.000000304,         -0.000000318,          1.905231581]
    ]
  )

 --------------------------------
  Geometry optimization finished 
 --------------------------------
 Saving results in set 'opt'

 --------------------------------------------------------------------------------
                                 command: hessian                                
 --------------------------------------------------------------------------------

WARNING: numerical method is specified for dft hessian, which is not efficient. Try switching to 'method = analytic'


 -------------------------------
  Numerical Geometrical Hessian 
 -------------------------------

 Compute hessian using two-point central differentiation.
 Step size (bohr):                       0.0100

 Frequencies (including translational and rotational modes):
 mode    frequency (cm-1)
    0                0.51 i (imaginary)
    1                0.82
    2                1.57
    3                2.68
    4                3.06
    5              706.55

 Project out translational and rotational motions 

 The molecule is linear

 Degrees of freedom for translational and rotational motions: 5

 Vibrational frequencies:
 mode    frequency (cm-1)
    0              706.55

 --------------------------------------------------------------------------------

 End time:                               Tue Apr 27 15:15:48 2021
 Total wall-clock time:                 15.077 seconds
==================================================================================
