
================================================================================
          _____________ ________ _______________ ________     _________         
         / ___________// ______ \\_____   _____// ______ \   / ________)        
        / /_________  / /      \ \     | |     / /      \ \ | (_______          
       |  __________|| |        | |    | |    | |        | | \________ \        
        \ \_________ | |        | |    | |     \ \______/ /___________) |       
         \__________||_|        |_|    |_|      \________//____________/        
                                                                                
====================================[ Qcore ]===================================

 Git hash:   15a3e7daff0cda5fa9af010ccd19a80288182ecf
 Git date:   Fri, 16 Apr 2021 15:57:16 +0100
 Compiler:   GNU 9.1.0
 Build type: Release
 Version:    1.1.0

 Start time: Sat May  8 10:05:21 2021

 Data directory: /work/zw18965/.local/qcore/share/entos/1.1.0/data
 Number of threads: 24
 Number of threads was determined by: command line argument

 --------------------------------------------------------------------------------
                                command: optimize                                
 --------------------------------------------------------------------------------
 Using coordinate system:                tric
 Hessian update scheme:                  bfgs

 ------------------------------------------------------------------------------------------------------------
                   energy      change    grad rms    grad max    step rms    step max       trust    time (s)
 ------------------------------------------------------------------------------------------------------------
   1      -237.859504042                6.33e-03    1.33e-02                            2.00e-01        4.39
   2      -237.859922464   -4.18e-04    1.61e-03    3.91e-03    3.12e-02    3.34e-02    2.00e-01        3.15
   3      -237.859936598   -1.41e-05    6.49e-04    1.46e-03    3.40e-03    5.05e-03    2.00e-01        3.03
   4      -237.859938650   -2.05e-06    2.40e-05    4.42e-05    1.25e-03    1.74e-03    2.00e-01        3.01
   5      -237.859938655   -5.24e-09    8.23e-07    1.69e-06    6.90e-05    7.00e-05    2.00e-01        2.69
 Geometry optimization stopped:          thresholds achieved

 Final energy:                        -237.859938655

 -----------
  Final XYZ 
 -----------
3
Final structure: -237.86 hartree
C           -0.000000008          0.139919902         -0.000000237
F            0.000000021          0.930040508         -1.017065689
F           -0.000000013          0.930039585          1.017065927

 Structure in entos input format:

  structure(
    xyz = [
      ['C'  ,         -0.000000008,          0.139919902,         -0.000000237],
      ['F'  ,          0.000000021,          0.930040508,         -1.017065689],
      ['F'  ,         -0.000000013,          0.930039585,          1.017065927]
    ]
  )

 --------------------------------
  Geometry optimization finished 
 --------------------------------
 Saving results in set 'opt'

 --------------------------------------------------------------------------------
                                 command: hessian                                
 --------------------------------------------------------------------------------

WARNING: semianalytic method is specified for dft hessian, which is not efficient. Try switching to 'method = analytic'


 -------------------------------
  Numerical Geometrical Hessian 
 -------------------------------

 Compute hessian using two-point central differentiation.
 Step size (bohr):                       0.0100

 Frequencies (including translational and rotational modes):
 mode    frequency (cm-1)
    0                0.12 i (imaginary)
    1                0.04 i (imaginary)
    2                0.00 i (imaginary)
    3               31.78
    4               33.23
    5               66.20
    6              698.48
    7             1226.78
    8             1312.64

 Project out translational and rotational motions 

 Degrees of freedom for translational and rotational motions: 6

 Vibrational frequencies:
 mode    frequency (cm-1)
    0              698.48
    1             1226.78
    2             1312.64

 --------------------------------------------------------------------------------

 End time:                               Sat May  8 10:06:41 2021
 Total wall-clock time:                 79.982 seconds
==================================================================================
