
================================================================================
          _____________ ________ _______________ ________     _________         
         / ___________// ______ \\_____   _____// ______ \   / ________)        
        / /_________  / /      \ \     | |     / /      \ \ | (_______          
       |  __________|| |        | |    | |    | |        | | \________ \        
        \ \_________ | |        | |    | |     \ \______/ /___________) |       
         \__________||_|        |_|    |_|      \________//____________/        
                                                                                
====================================[ Qcore ]===================================

 Git hash:   15a3e7daff0cda5fa9af010ccd19a80288182ecf
 Git date:   Fri, 16 Apr 2021 15:57:16 +0100
 Compiler:   GNU 9.1.0
 Build type: Release
 Version:    1.1.0

 Start time: Sat May  8 10:12:05 2021

 Data directory: /work/zw18965/.local/qcore/share/entos/1.1.0/data
 Number of threads: 24
 Number of threads was determined by: command line argument

 --------------------------------------------------------------------------------
                                command: optimize                                
 --------------------------------------------------------------------------------
 Using coordinate system:                tric
 Hessian update scheme:                  bfgs

 ------------------------------------------------------------------------------------------------------------
                   energy      change    grad rms    grad max    step rms    step max       trust    time (s)
 ------------------------------------------------------------------------------------------------------------
   1      -188.723156990                1.53e-02    3.24e-02                            2.00e-01        4.06
   2      -188.723968077   -8.11e-04    5.38e-05    1.14e-04    2.07e-02    2.53e-02    2.00e-01        2.94
   3      -188.723968088   -1.07e-08    2.49e-06    5.30e-06    7.30e-05    8.94e-05    2.00e-01        2.68
 Geometry optimization stopped:          thresholds achieved

 Final energy:                        -188.723968088

 -----------
  Final XYZ 
 -----------
3
Final structure: -188.724 hartree
O           -1.153901007          0.000000015          0.000000005
O            1.153901010         -0.000000015         -0.000000005
C           -0.000000003         -0.000000000         -0.000000000

 Structure in entos input format:

  structure(
    xyz = [
      ['O'  ,         -1.153901007,          0.000000015,          0.000000005],
      ['O'  ,          1.153901010,         -0.000000015,         -0.000000005],
      ['C'  ,         -0.000000003,         -0.000000000,         -0.000000000]
    ]
  )

 --------------------------------
  Geometry optimization finished 
 --------------------------------
 Saving results in set 'opt'

 --------------------------------------------------------------------------------
                                 command: hessian                                
 --------------------------------------------------------------------------------

WARNING: semianalytic method is specified for dft hessian, which is not efficient. Try switching to 'method = analytic'


 -------------------------------
  Numerical Geometrical Hessian 
 -------------------------------

 Compute hessian using two-point central differentiation.
 Step size (bohr):                       0.0100

 Frequencies (including translational and rotational modes):
 mode    frequency (cm-1)
    0                0.09 i (imaginary)
    1                0.03 i (imaginary)
    2                0.01 i (imaginary)
    3                1.33
    4                1.33
    5              679.64
    6              679.64
    7             1417.78
    8             2527.58

 Project out translational and rotational motions 

 Degrees of freedom for translational and rotational motions: 6

 Vibrational frequencies:
 mode    frequency (cm-1)
    0              679.64
    1             1417.78
    2             2527.58

 --------------------------------------------------------------------------------

 End time:                               Sat May  8 10:13:12 2021
 Total wall-clock time:                 67.086 seconds
==================================================================================
