
================================================================================
          _____________ ________ _______________ ________     _________         
         / ___________// ______ \\_____   _____// ______ \   / ________)        
        / /_________  / /      \ \     | |     / /      \ \ | (_______          
       |  __________|| |        | |    | |    | |        | | \________ \        
        \ \_________ | |        | |    | |     \ \______/ /___________) |       
         \__________||_|        |_|    |_|      \________//____________/        
                                                                                
====================================[ Qcore ]===================================

 Git hash:   15a3e7daff0cda5fa9af010ccd19a80288182ecf
 Git date:   Fri, 16 Apr 2021 15:57:16 +0100
 Compiler:   GNU 9.1.0
 Build type: Release
 Version:    1.1.0

 Start time: Sat May  8 10:22:31 2021

 Data directory: /work/zw18965/.local/qcore/share/entos/1.1.0/data
 Number of threads: 24
 Number of threads was determined by: command line argument

 --------------------------------------------------------------------------------
                                command: optimize                                
 --------------------------------------------------------------------------------
 Using coordinate system:                tric
 Hessian update scheme:                  bfgs

 ------------------------------------------------------------------------------------------------------------
                   energy      change    grad rms    grad max    step rms    step max       trust    time (s)
 ------------------------------------------------------------------------------------------------------------
   1      -399.611123777                5.66e-03    1.27e-02                            2.00e-01        2.17
   2      -399.611331869   -2.08e-04    2.03e-03    4.31e-03    1.32e-02    1.77e-02    2.00e-01        1.25
   3      -399.611363455   -3.16e-05    7.84e-05    1.56e-04    6.05e-03    9.98e-03    2.00e-01        1.25
   4      -399.611363502   -4.70e-08    1.12e-06    1.96e-06    3.39e-04    4.18e-04    2.00e-01        1.08
 Geometry optimization stopped:          thresholds achieved

 Final energy:                        -399.611363502

 -----------
  Final XYZ 
 -----------
3
Final structure: -399.611 hartree
S           -0.001424071          0.618130248          0.000000002
H            0.961576373         -0.306850849         -0.000000020
H           -0.960152302         -0.311279393          0.000000019

 Structure in entos input format:

  structure(
    xyz = [
      ['S'  ,         -0.001424071,          0.618130248,          0.000000002],
      ['H'  ,          0.961576373,         -0.306850849,         -0.000000020],
      ['H'  ,         -0.960152302,         -0.311279393,          0.000000019]
    ]
  )

 --------------------------------
  Geometry optimization finished 
 --------------------------------
 Saving results in set 'opt'

 --------------------------------------------------------------------------------
                                 command: hessian                                
 --------------------------------------------------------------------------------

WARNING: semianalytic method is specified for dft hessian, which is not efficient. Try switching to 'method = analytic'


 -------------------------------
  Numerical Geometrical Hessian 
 -------------------------------

 Compute hessian using two-point central differentiation.
 Step size (bohr):                       0.0100

 Frequencies (including translational and rotational modes):
 mode    frequency (cm-1)
    0                0.37 i (imaginary)
    1                0.22 i (imaginary)
    2                0.01
    3               45.98
    4               67.39
    5               68.92
    6             1223.28
    7             2797.70
    8             2817.07

 Project out translational and rotational motions 

 Degrees of freedom for translational and rotational motions: 6

 Vibrational frequencies:
 mode    frequency (cm-1)
    0             1223.28
    1             2797.70
    2             2817.07

 --------------------------------------------------------------------------------

 End time:                               Sat May  8 10:23:00 2021
 Total wall-clock time:                 29.631 seconds
==================================================================================
