
================================================================================
          _____________ ________ _______________ ________     _________         
         / ___________// ______ \\_____   _____// ______ \   / ________)        
        / /_________  / /      \ \     | |     / /      \ \ | (_______          
       |  __________|| |        | |    | |    | |        | | \________ \        
        \ \_________ | |        | |    | |     \ \______/ /___________) |       
         \__________||_|        |_|    |_|      \________//____________/        
                                                                                
====================================[ Qcore ]===================================

 Git hash:   15a3e7daff0cda5fa9af010ccd19a80288182ecf
 Git date:   Fri, 16 Apr 2021 15:57:16 +0100
 Compiler:   GNU 9.1.0
 Build type: Release
 Version:    1.1.0

 Start time: Tue Apr 27 15:28:03 2021

 Data directory: /work/zw18965/.local/qcore/share/entos/1.1.0/data
 Number of threads: 24
 Number of threads was determined by: command line argument
  - More threads can be used by running 'qcore -n 32'

 --------------------------------------------------------------------------------
                                command: optimize                                
 --------------------------------------------------------------------------------
 Using coordinate system:                tric
 Hessian update scheme:                  bfgs

 ------------------------------------------------------------------------------------------------------------
                   energy      change    grad rms    grad max    step rms    step max       trust    time (s)
 ------------------------------------------------------------------------------------------------------------
   1      -536.252071098                7.16e-03    1.68e-02                            2.00e-01        4.63
   2      -536.252976821   -9.06e-04    3.06e-03    7.33e-03    4.25e-02    5.16e-02    2.00e-01        3.27
   3      -536.253146462   -1.70e-04    2.52e-04    5.40e-04    2.89e-02    3.39e-02    2.00e-01        3.28
   4      -536.253148197   -1.74e-06    1.77e-04    3.13e-04    2.03e-03    3.17e-03    2.00e-01        2.93
   5      -536.253149636   -1.44e-06    1.05e-04    2.16e-04    1.24e-03    7.10e-03    2.00e-01        2.91
   6      -536.253152466   -2.83e-06    2.87e-04    5.38e-04    2.27e-03    2.49e-02    2.00e-01        3.06
   7      -536.253155219   -2.75e-06    4.47e-04    7.91e-04    7.38e-04    2.38e-02    2.00e-01        3.14
   8      -536.253160871   -5.65e-06    1.10e-03    2.28e-03    2.23e-03    1.34e-01    2.00e-01        3.37
   9      -536.253166798   -5.93e-06    6.99e-04    1.46e-03    2.12e-03    3.35e-02    2.00e-01        3.13
  10      -536.253171846   -5.05e-06    2.69e-04    5.31e-04    2.41e-03    1.15e-02    2.00e-01        3.12
  11      -536.253173677   -1.83e-06    5.31e-05    9.92e-05    1.41e-03    4.24e-02    2.00e-01        3.14
  12      -536.253173759   -8.19e-08    1.69e-05    2.85e-05    4.99e-04    1.21e-03    2.00e-01        2.79
Rejecting step due to low quality: Quality: -1.49301 New trust radius: 0.000338226
  13      -536.253173664    9.48e-08    1.69e-05    2.85e-05    6.76e-04    8.92e-03    3.38e-04        2.90
  14      -536.253173758    8.25e-10    1.81e-05    3.58e-05    3.38e-04    4.46e-03    1.69e-04        2.90
  15      -536.253173765   -6.29e-09    7.72e-06    1.76e-05    1.50e-04    2.18e-03    1.69e-04        2.74
  16      -536.253173756    8.43e-09    6.80e-06    1.24e-05    2.01e-05    1.26e-03    1.01e-05        2.73
  17      -536.253173752    3.98e-09    9.28e-06    2.15e-05    9.10e-06    3.31e-04    4.55e-06        2.67
 Geometry optimization stopped:          thresholds achieved

 Final energy:                        -536.253173752

 -----------
  Final XYZ 
 -----------
3
Final structure: -536.253 hartree
O           -0.394535487          0.422303657         -0.000000613
Cl           1.224672848          0.013703953          0.000001635
H           -0.830137383         -0.436007606         -0.000001023

 Structure in entos input format:

  structure(
    xyz = [
      ['O'  ,         -0.394535487,          0.422303657,         -0.000000613],
      ['Cl' ,          1.224672848,          0.013703953,          0.000001635],
      ['H'  ,         -0.830137383,         -0.436007606,         -0.000001023]
    ]
  )

 --------------------------------
  Geometry optimization finished 
 --------------------------------
 Saving results in set 'opt'

 --------------------------------------------------------------------------------
                                 command: hessian                                
 --------------------------------------------------------------------------------

WARNING: semianalytic method is specified for dft hessian, which is not efficient. Try switching to 'method = analytic'


 -------------------------------
  Numerical Geometrical Hessian 
 -------------------------------

 Compute hessian using two-point central differentiation.
 Step size (bohr):                       0.0100

 Frequencies (including translational and rotational modes):
 mode    frequency (cm-1)
    0               41.80 i (imaginary)
    1                8.96 i (imaginary)
    2                1.85 i (imaginary)
    3                0.95
    4               46.91
    5               51.11
    6              797.70
    7             1272.43
    8             3870.54

 Project out translational and rotational motions 

 Degrees of freedom for translational and rotational motions: 6

 Vibrational frequencies:
 mode    frequency (cm-1)
    0              797.70
    1             1272.42
    2             3870.54

 --------------------------------------------------------------------------------

 End time:                               Tue Apr 27 15:29:54 2021
 Total wall-clock time:                111.055 seconds
==================================================================================
