
================================================================================
          _____________ ________ _______________ ________     _________         
         / ___________// ______ \\_____   _____// ______ \   / ________)        
        / /_________  / /      \ \     | |     / /      \ \ | (_______          
       |  __________|| |        | |    | |    | |        | | \________ \        
        \ \_________ | |        | |    | |     \ \______/ /___________) |       
         \__________||_|        |_|    |_|      \________//____________/        
                                                                                
====================================[ Qcore ]===================================

 Git hash:   15a3e7daff0cda5fa9af010ccd19a80288182ecf
 Git date:   Fri, 16 Apr 2021 15:57:16 +0100
 Compiler:   GNU 9.1.0
 Build type: Release
 Version:    1.1.0

 Start time: Tue Apr 27 15:31:40 2021

 Data directory: /work/zw18965/.local/qcore/share/entos/1.1.0/data
 Number of threads: 24
 Number of threads was determined by: command line argument
  - More threads can be used by running 'qcore -n 32'

 --------------------------------------------------------------------------------
                                command: optimize                                
 --------------------------------------------------------------------------------
 Using coordinate system:                tric
 Hessian update scheme:                  bfgs

 ------------------------------------------------------------------------------------------------------------
                   energy      change    grad rms    grad max    step rms    step max       trust    time (s)
 ------------------------------------------------------------------------------------------------------------
   1      -511.851341261                9.95e-03    2.42e-02                            2.00e-01        9.15
   2      -511.851507427   -1.66e-04    3.02e-03    7.11e-03    5.16e-03    1.23e-02    2.00e-01        6.80
   3      -511.851532693   -2.53e-05    6.51e-04    1.51e-03    2.94e-03    7.16e-03    2.00e-01        6.45
   4      -511.851535180   -2.49e-06    1.45e-04    3.54e-04    1.25e-03    2.34e-03    2.00e-01        6.16
   5      -511.851535306   -1.25e-07    4.14e-05    9.05e-05    2.53e-04    3.58e-04    2.00e-01        5.65
 Geometry optimization stopped:          thresholds achieved

 Final energy:                        -511.851535306

 -----------
  Final XYZ 
 -----------
3
Final structure: -511.852 hartree
O           -0.000000050         -0.000000002         -1.263812821
C           -0.000000033         -0.000000011         -0.113441664
S            0.000000083          0.000000013          1.436254484

 Structure in entos input format:

  structure(
    xyz = [
      ['O'  ,         -0.000000050,         -0.000000002,         -1.263812821],
      ['C'  ,         -0.000000033,         -0.000000011,         -0.113441664],
      ['S'  ,          0.000000083,          0.000000013,          1.436254484]
    ]
  )

 --------------------------------
  Geometry optimization finished 
 --------------------------------
 Saving results in set 'opt'

 --------------------------------------------------------------------------------
                                 command: hessian                                
 --------------------------------------------------------------------------------

WARNING: semianalytic method is specified for dft hessian, which is not efficient. Try switching to 'method = analytic'


 -------------------------------
  Numerical Geometrical Hessian 
 -------------------------------

 Compute hessian using two-point central differentiation.
 Step size (bohr):                       0.0100

 Frequencies (including translational and rotational modes):
 mode    frequency (cm-1)
    0               11.35 i (imaginary)
    1                9.11 i (imaginary)
    2                3.03 i (imaginary)
    3                0.43 i (imaginary)
    4                3.17
    5              541.27
    6              541.41
    7              924.95
    8             2208.75

 Project out translational and rotational motions 

 Degrees of freedom for translational and rotational motions: 6

 Vibrational frequencies:
 mode    frequency (cm-1)
    0              541.28
    1              924.93
    2             2208.72

 --------------------------------------------------------------------------------

 End time:                               Tue Apr 27 15:34:21 2021
 Total wall-clock time:                160.808 seconds
==================================================================================
