
================================================================================
          _____________ ________ _______________ ________     _________         
         / ___________// ______ \\_____   _____// ______ \   / ________)        
        / /_________  / /      \ \     | |     / /      \ \ | (_______          
       |  __________|| |        | |    | |    | |        | | \________ \        
        \ \_________ | |        | |    | |     \ \______/ /___________) |       
         \__________||_|        |_|    |_|      \________//____________/        
                                                                                
====================================[ Qcore ]===================================

 Git hash:   15a3e7daff0cda5fa9af010ccd19a80288182ecf
 Git date:   Fri, 16 Apr 2021 15:57:16 +0100
 Compiler:   GNU 9.1.0
 Build type: Release
 Version:    1.1.0

 Start time: Thu Apr 22 10:38:07 2021

 Data directory: /work/zw18965/.local/qcore/share/entos/1.1.0/data
 Number of threads: 12
 Number of threads was determined by: command line argument
  - More threads can be used by running 'qcore -n 24'

 --------------------------------------------------------------------------------
                                command: optimize                                
 --------------------------------------------------------------------------------
 Using coordinate system:                tric
 Hessian update scheme:                  bfgs

 ------------------------------------------------------------------------------------------------------------
                   energy      change    grad rms    grad max    step rms    step max       trust    time (s)
 ------------------------------------------------------------------------------------------------------------
   1       -77.320800541                2.12e-03    4.24e-03                            2.00e-01        2.36
   2       -77.320821143   -2.06e-05    3.97e-04    8.21e-04    3.26e-03    5.23e-03    2.00e-01        1.26
   3       -77.320822820   -1.68e-06    1.56e-05    3.48e-05    1.48e-03    2.09e-03    2.00e-01        1.11
   4       -77.320822827   -6.84e-09    1.68e-06    3.11e-06    4.48e-05    5.95e-05    2.00e-01        1.06
 Geometry optimization stopped:          thresholds achieved

 Final energy:                         -77.320822827

 -----------
  Final XYZ 
 -----------
4
Final structure: -77.3208 hartree
C           -0.597905518         -0.000000114         -0.000013571
C            0.597905467          0.000000105          0.000013577
H           -1.659497867         -0.000000072         -0.000094937
H            1.659497918          0.000000082          0.000094931

 Structure in entos input format:

  structure(
    xyz = [
      ['C'  ,         -0.597905518,         -0.000000114,         -0.000013571],
      ['C'  ,          0.597905467,          0.000000105,          0.000013577],
      ['H'  ,         -1.659497867,         -0.000000072,         -0.000094937],
      ['H'  ,          1.659497918,          0.000000082,          0.000094931]
    ]
  )

 --------------------------------
  Geometry optimization finished 
 --------------------------------
 Saving results in set 'opt'

 --------------------------------------------------------------------------------
                                 command: hessian                                
 --------------------------------------------------------------------------------
 AO basis set:                           aug-cc-pvqz-merged
 Number of AO basis functions:         252

 Formula:                                C2H2
 Nuclear charge:                        14.000000000
 Total charge:                           0.000000000
 Number of electrons:                   14.000000000

 Number of alpha electrons:              7
 Number of beta electrons:               7
 Number of unpaired electrons:           0
 Spin:                                   0
 Multiplicity:                           singlet

 Theory:                                 dft
 Exchange-correlation functional:        b3lyp
 Method for Coulomb:                     incore_df
 Method for exact exchange:              pre_transformed_df
 Integral threshold:                     1.00e-12
 DF basis set:                           def2-universal-jkfit
 Number of DF basis functions:         186
 Schwarz screening threshold:            1.00e-10
 Coulomb fitting method:                 Cholesky
 Total number of grid points:        25380
 Method for AO orthogonalization:        symmetric
 Threshold for linear dependence:        1.00e-08
 D3BJ dispersion energy:                -0.002270095

 -------------------------------------
  Running restricted closed-shell SCF 
 -------------------------------------
 Max number of iterations:             128
 Conv. threshold (gradient):             1.00e-05
 Conv. threshold (energy):               1.00e-06
 Interpolation scheme:                   adiis+cdiis
 Initial guess:                          SAD

 ---------------------------------------------------------------
                  energy        change          grad        time
 ---------------------------------------------------------------
   0       -77.483630088                    1.20e+01        0.07
   1       -77.243923010      2.40e-01      1.04e+00        0.06
   2       -77.227484489      1.64e-02      1.12e+00        0.06
   3       -77.320739551     -9.33e-02      4.29e-02        0.07
   4       -77.320746113     -6.56e-06      3.40e-02        0.07
   5       -77.320822815     -7.67e-05      3.97e-04        0.07
   6       -77.320822827     -1.20e-08      4.66e-05        0.07
   7       -77.320822827     -1.82e-10      3.98e-06        0.07

 SCF converged in 7 iterations.

 Dipole moment (in Debye):               0.000000      -0.000000      -0.000000

 Quadrupole moment (in Debye-Angstrom):
                  1            2            3
 1        -7.212679     0.000000     0.000389
 2         0.000000   -13.744434    -0.000000
 3         0.000389    -0.000000   -13.744434

 Spin-squared expectation <S^2>:         0.000
 Total spin quantum number S:            0.000

 ------------------------------
  Analytic Geometrical Hessian 
 ------------------------------

 Frequencies (including translational and rotational modes):
 mode    frequency (cm-1)
    0               14.33 i (imaginary)
    1               14.32 i (imaginary)
    2                0.12 i (imaginary)
    3                0.11 i (imaginary)
    4                0.11 i (imaginary)
    5              668.81
    6              668.81
    7              763.88
    8              763.88
    9             2065.28
   10             3410.59
   11             3508.79

 Project out translational and rotational motions 

 Degrees of freedom for translational and rotational motions: 6

 Vibrational frequencies:
 mode    frequency (cm-1)
    0              668.81
    1              763.88
    2              763.88
    3             2065.28
    4             3410.59
    5             3508.79

 --------------------------------------------------------------------------------

 End time:                               Thu Apr 22 10:38:26 2021
 Total wall-clock time:                 19.559 seconds
==================================================================================
