
================================================================================
          _____________ ________ _______________ ________     _________         
         / ___________// ______ \\_____   _____// ______ \   / ________)        
        / /_________  / /      \ \     | |     / /      \ \ | (_______          
       |  __________|| |        | |    | |    | |        | | \________ \        
        \ \_________ | |        | |    | |     \ \______/ /___________) |       
         \__________||_|        |_|    |_|      \________//____________/        
                                                                                
====================================[ Qcore ]===================================

 Git hash:   15a3e7daff0cda5fa9af010ccd19a80288182ecf
 Git date:   Fri, 16 Apr 2021 15:57:16 +0100
 Compiler:   GNU 9.1.0
 Build type: Release
 Version:    1.1.0

 Start time: Thu Apr 22 10:38:07 2021

 Data directory: /work/zw18965/.local/qcore/share/entos/1.1.0/data
 Number of threads: 12
 Number of threads was determined by: command line argument
  - More threads can be used by running 'qcore -n 24'

 --------------------------------------------------------------------------------
                                command: optimize                                
 --------------------------------------------------------------------------------
 Using coordinate system:                tric
 Hessian update scheme:                  bfgs

 ------------------------------------------------------------------------------------------------------------
                   energy      change    grad rms    grad max    step rms    step max       trust    time (s)
 ------------------------------------------------------------------------------------------------------------
   1       -40.507627611                6.53e-04    1.06e-03                            2.00e-01        2.65
   2       -40.507635999   -8.39e-06    1.81e-04    2.94e-04    2.32e-03    2.60e-03    2.00e-01        1.24
   3       -40.507636706   -7.07e-07    1.44e-06    2.88e-06    8.94e-04    1.00e-03    2.00e-01        1.15
 Geometry optimization stopped:          thresholds achieved

 Final energy:                         -40.507636706

 -----------
  Final XYZ 
 -----------
5
Final structure: -40.5076 hartree
C           -0.000026240          0.000026009          0.000001860
H            0.551797461          0.796569784          0.494425766
H            0.680720645         -0.810100060         -0.252484620
H           -0.775058860         -0.372051245          0.666591559
H           -0.457533003          0.385655510         -0.908534660

 Structure in entos input format:

  structure(
    xyz = [
      ['C'  ,         -0.000026240,          0.000026009,          0.000001860],
      ['H'  ,          0.551797461,          0.796569784,          0.494425766],
      ['H'  ,          0.680720645,         -0.810100060,         -0.252484620],
      ['H'  ,         -0.775058860,         -0.372051245,          0.666591559],
      ['H'  ,         -0.457533003,          0.385655510,         -0.908534660]
    ]
  )

 --------------------------------
  Geometry optimization finished 
 --------------------------------
 Saving results in set 'opt'

 --------------------------------------------------------------------------------
                                 command: hessian                                
 --------------------------------------------------------------------------------
 AO basis set:                           aug-cc-pvqz-merged
 Number of AO basis functions:         264

 Formula:                                CH4
 Nuclear charge:                        10.000000000
 Total charge:                           0.000000000
 Number of electrons:                   10.000000000

 Number of alpha electrons:              5
 Number of beta electrons:               5
 Number of unpaired electrons:           0
 Spin:                                   0
 Multiplicity:                           singlet

 Theory:                                 dft
 Exchange-correlation functional:        b3lyp
 Method for Coulomb:                     incore_df
 Method for exact exchange:              pre_transformed_df
 Integral threshold:                     1.00e-12
 DF basis set:                           def2-universal-jkfit
 Number of DF basis functions:         147
 Schwarz screening threshold:            1.00e-10
 Coulomb fitting method:                 Cholesky
 Total number of grid points:        30360
 Method for AO orthogonalization:        symmetric
 Threshold for linear dependence:        1.00e-08
 D3BJ dispersion energy:                -0.001913625

 -------------------------------------
  Running restricted closed-shell SCF 
 -------------------------------------
 Max number of iterations:             128
 Conv. threshold (gradient):             1.00e-05
 Conv. threshold (energy):               1.00e-06
 Interpolation scheme:                   adiis+cdiis
 Initial guess:                          SAD

 ---------------------------------------------------------------
                  energy        change          grad        time
 ---------------------------------------------------------------
   0       -40.410980504                    1.43e+01        0.08
   1       -40.432039537     -2.11e-02      1.49e+00        0.07
   2       -40.400727789      3.13e-02      1.68e+00        0.07
   3       -40.506980101     -1.06e-01      1.55e-01        0.07
   4       -40.506688341      2.92e-04      1.81e-01        0.08
   5       -40.507630428     -9.42e-04      1.50e-02        0.08
   6       -40.507627595      2.83e-06      1.75e-02        0.08
   7       -40.507636706     -9.11e-06      2.04e-05        0.09
   8       -40.507636706     -1.60e-11      9.09e-07        0.09

 SCF converged in 8 iterations.

 Dipole moment (in Debye):               0.000005      -0.000002       0.000008

 Quadrupole moment (in Debye-Angstrom):
                  1            2            3
 1        -8.493208     0.000019    -0.000023
 2         0.000019    -8.493143    -0.000003
 3        -0.000023    -0.000003    -8.493056

 Spin-squared expectation <S^2>:         0.000
 Total spin quantum number S:            0.000

 ------------------------------
  Analytic Geometrical Hessian 
 ------------------------------

 Frequencies (including translational and rotational modes):
 mode    frequency (cm-1)
    0               33.87 i (imaginary)
    1               19.32 i (imaginary)
    2                7.14 i (imaginary)
    3                1.01
    4                5.58
    5               12.18
    6             1340.52
    7             1340.57
    8             1340.83
    9             1558.12
   10             1558.36
   11             3025.06
   12             3126.86
   13             3126.90
   14             3126.91

 Project out translational and rotational motions 

 Degrees of freedom for translational and rotational motions: 6

 Vibrational frequencies:
 mode    frequency (cm-1)
    0             1340.52
    1             1340.57
    2             1340.83
    3             1558.12
    4             1558.36
    5             3025.06
    6             3126.86
    7             3126.90
    8             3126.91

 --------------------------------------------------------------------------------

 End time:                               Thu Apr 22 10:38:28 2021
 Total wall-clock time:                 21.872 seconds
==================================================================================
