
================================================================================
          _____________ ________ _______________ ________     _________         
         / ___________// ______ \\_____   _____// ______ \   / ________)        
        / /_________  / /      \ \     | |     / /      \ \ | (_______          
       |  __________|| |        | |    | |    | |        | | \________ \        
        \ \_________ | |        | |    | |     \ \______/ /___________) |       
         \__________||_|        |_|    |_|      \________//____________/        
                                                                                
====================================[ Qcore ]===================================

 Git hash:   15a3e7daff0cda5fa9af010ccd19a80288182ecf
 Git date:   Fri, 16 Apr 2021 15:57:16 +0100
 Compiler:   GNU 9.1.0
 Build type: Release
 Version:    1.1.0

 Start time: Thu Apr 22 10:38:07 2021

 Data directory: /work/zw18965/.local/qcore/share/entos/1.1.0/data
 Number of threads: 12
 Number of threads was determined by: command line argument
  - More threads can be used by running 'qcore -n 24'

 --------------------------------------------------------------------------------
                                command: optimize                                
 --------------------------------------------------------------------------------
 Using coordinate system:                tric
 Hessian update scheme:                  bfgs

 ------------------------------------------------------------------------------------------------------------
                   energy      change    grad rms    grad max    step rms    step max       trust    time (s)
 ------------------------------------------------------------------------------------------------------------
   1      -199.538252407                7.50e-03    1.30e-02                            2.00e-01        1.51
Rejecting step due to low quality: Quality: -5.69937 New trust radius: 0.1
   2      -199.520035870    1.82e-02    7.50e-03    1.30e-02    2.00e-01    2.00e-01    1.00e-01        0.48
Rejecting step due to low quality: Quality: -2.14263 New trust radius: 0.05
   3      -199.533756918    4.50e-03    7.50e-03    1.30e-02    1.00e-01    1.00e-01    5.00e-02        0.49
   4      -199.537592536    6.60e-04    1.40e-02    2.42e-02    5.00e-02    5.00e-02    2.50e-02        0.50
   5      -199.538386555   -7.94e-04    4.10e-03    7.09e-03    2.50e-02    2.50e-02    3.54e-02        0.51
   6      -199.538452206   -6.57e-05    4.88e-04    8.46e-04    1.04e-02    1.04e-02    3.54e-02        0.47
   7      -199.538453102   -8.97e-07    1.44e-05    2.50e-05    1.10e-03    1.10e-03    3.54e-02        0.46
 Geometry optimization stopped:          thresholds achieved

 Final energy:                        -199.538453102

 -----------
  Final XYZ 
 -----------
2
Final structure: -199.538 hartree
F           -0.000000097         -0.000000019         -0.698092642
F            0.000000097          0.000000019          0.698092642

 Structure in entos input format:

  structure(
    xyz = [
      ['F'  ,         -0.000000097,         -0.000000019,         -0.698092642],
      ['F'  ,          0.000000097,          0.000000019,          0.698092642]
    ]
  )

 --------------------------------
  Geometry optimization finished 
 --------------------------------
 Saving results in set 'opt'

 --------------------------------------------------------------------------------
                                 command: hessian                                
 --------------------------------------------------------------------------------
 AO basis set:                           aug-cc-pvqz-merged
 Number of AO basis functions:         160

 Formula:                                F2
 Nuclear charge:                        18.000000000
 Total charge:                           0.000000000
 Number of electrons:                   18.000000000

 Number of alpha electrons:              9
 Number of beta electrons:               9
 Number of unpaired electrons:           0
 Spin:                                   0
 Multiplicity:                           singlet

 Theory:                                 dft
 Exchange-correlation functional:        b3lyp
 Method for Coulomb:                     incore_df
 Method for exact exchange:              pre_transformed_df
 Integral threshold:                     1.00e-12
 DF basis set:                           def2-universal-jkfit
 Number of DF basis functions:         154
 Schwarz screening threshold:            1.00e-10
 Coulomb fitting method:                 Cholesky
 Total number of grid points:        13624
 Method for AO orthogonalization:        symmetric
 Threshold for linear dependence:        1.00e-08
 D3BJ dispersion energy:                -0.000275874

 -------------------------------------
  Running restricted closed-shell SCF 
 -------------------------------------
 Max number of iterations:             128
 Conv. threshold (gradient):             1.00e-05
 Conv. threshold (energy):               1.00e-06
 Interpolation scheme:                   adiis+cdiis
 Initial guess:                          SAD

 ---------------------------------------------------------------
                  energy        change          grad        time
 ---------------------------------------------------------------
   0      -199.615311330                    3.97e+00        0.02
   1      -199.529970111      8.53e-02      4.40e-01        0.03
   2      -199.535726531     -5.76e-03      2.00e-01        0.03
   3      -199.537475916     -1.75e-03      1.10e-01        0.02
   4      -199.538229076     -7.53e-04      4.46e-02        0.02
   5      -199.538345096     -1.16e-04      3.27e-02        0.03
   6      -199.538453102     -1.08e-04      4.88e-05        0.02
   7      -199.538453102     -3.31e-10      5.57e-06        0.02

 SCF converged in 7 iterations.

 Dipole moment (in Debye):              -0.000000      -0.000000      -0.000001

 Quadrupole moment (in Debye-Angstrom):
                  1            2            3
 1        -9.732755    -0.000000     0.000000
 2        -0.000000    -9.732755     0.000000
 3         0.000000     0.000000    -8.965255

 Spin-squared expectation <S^2>:         0.000
 Total spin quantum number S:            0.000

 ------------------------------
  Analytic Geometrical Hessian 
 ------------------------------

 Frequencies (including translational and rotational modes):
 mode    frequency (cm-1)
    0               12.76 i (imaginary)
    1               12.76 i (imaginary)
    2                0.00
    3                0.00
    4                0.06
    5             1046.48

 Project out translational and rotational motions 

 The molecule is linear

 Degrees of freedom for translational and rotational motions: 5

 Vibrational frequencies:
 mode    frequency (cm-1)
    0             1046.48

 --------------------------------------------------------------------------------

 End time:                               Thu Apr 22 10:38:16 2021
 Total wall-clock time:                  8.745 seconds
==================================================================================
