
================================================================================
          _____________ ________ _______________ ________     _________         
         / ___________// ______ \\_____   _____// ______ \   / ________)        
        / /_________  / /      \ \     | |     / /      \ \ | (_______          
       |  __________|| |        | |    | |    | |        | | \________ \        
        \ \_________ | |        | |    | |     \ \______/ /___________) |       
         \__________||_|        |_|    |_|      \________//____________/        
                                                                                
====================================[ Qcore ]===================================

 Git hash:   15a3e7daff0cda5fa9af010ccd19a80288182ecf
 Git date:   Fri, 16 Apr 2021 15:57:16 +0100
 Compiler:   GNU 9.1.0
 Build type: Release
 Version:    1.1.0

 Start time: Thu Apr 22 10:38:34 2021

 Data directory: /work/zw18965/.local/qcore/share/entos/1.1.0/data
 Number of threads: 12
 Number of threads was determined by: command line argument
  - More threads can be used by running 'qcore -n 24'

 --------------------------------------------------------------------------------
                                command: optimize                                
 --------------------------------------------------------------------------------
 Using coordinate system:                tric
 Hessian update scheme:                  bfgs

 ------------------------------------------------------------------------------------------------------------
                   energy      change    grad rms    grad max    step rms    step max       trust    time (s)
 ------------------------------------------------------------------------------------------------------------
   1      -115.722197403                3.87e-03    1.01e-02                            2.00e-01        3.57
   2      -115.722381945   -1.85e-04    1.59e-03    4.66e-03    1.40e-02    1.22e-02    2.00e-01        2.71
   3      -115.722410714   -2.88e-05    5.84e-04    1.85e-03    3.52e-03    7.32e-03    2.00e-01        2.64
   4      -115.722417084   -6.37e-06    1.84e-04    3.83e-04    2.81e-03    4.14e-03    2.00e-01        2.51
   5      -115.722417826   -7.42e-07    4.77e-05    1.03e-04    1.09e-03    1.12e-03    2.00e-01        2.48
 Geometry optimization stopped:          thresholds achieved

 Final energy:                        -115.722417826

 -----------
  Final XYZ 
 -----------
6
Final structure: -115.722 hartree
C           -0.364374099         -0.040910969         -0.014118744
O            0.999461980         -0.345693154         -0.277440067
H           -0.530066742          1.034209775          0.098606203
H           -0.619719042         -0.528478629          0.923889498
H           -1.028260063         -0.423228980         -0.794580495
H            1.259515125          0.070277096         -1.102161339

 Structure in entos input format:

  structure(
    xyz = [
      ['C'  ,         -0.364374099,         -0.040910969,         -0.014118744],
      ['O'  ,          0.999461980,         -0.345693154,         -0.277440067],
      ['H'  ,         -0.530066742,          1.034209775,          0.098606203],
      ['H'  ,         -0.619719042,         -0.528478629,          0.923889498],
      ['H'  ,         -1.028260063,         -0.423228980,         -0.794580495],
      ['H'  ,          1.259515125,          0.070277096,         -1.102161339]
    ]
  )

 --------------------------------
  Geometry optimization finished 
 --------------------------------
 Saving results in set 'opt'

 --------------------------------------------------------------------------------
                                 command: hessian                                
 --------------------------------------------------------------------------------
 AO basis set:                           aug-cc-pvqz-merged
 Number of AO basis functions:         344

 Formula:                                CH4O
 Nuclear charge:                        18.000000000
 Total charge:                           0.000000000
 Number of electrons:                   18.000000000

 Number of alpha electrons:              9
 Number of beta electrons:               9
 Number of unpaired electrons:           0
 Spin:                                   0
 Multiplicity:                           singlet

 Theory:                                 dft
 Exchange-correlation functional:        b3lyp
 Method for Coulomb:                     incore_df
 Method for exact exchange:              pre_transformed_df
 Integral threshold:                     1.00e-12
 DF basis set:                           def2-universal-jkfit
 Number of DF basis functions:         224
 Schwarz screening threshold:            1.00e-10
 Coulomb fitting method:                 Cholesky
 Total number of grid points:        37304
 Method for AO orthogonalization:        symmetric
 Threshold for linear dependence:        1.00e-08
 D3BJ dispersion energy:                -0.003103637

 -------------------------------------
  Running restricted closed-shell SCF 
 -------------------------------------
 Max number of iterations:             128
 Conv. threshold (gradient):             1.00e-05
 Conv. threshold (energy):               1.00e-06
 Interpolation scheme:                   adiis+cdiis
 Initial guess:                          SAD

 ---------------------------------------------------------------
                  energy        change          grad        time
 ---------------------------------------------------------------
   0      -115.836175701                    2.01e+01        0.15
   1      -115.639265353      1.97e-01      1.90e+00        0.13
   2      -115.517901214      1.21e-01      3.39e+00        0.12
   3      -115.717268918     -1.99e-01      4.02e-01        0.13
   4      -115.713888301      3.38e-03      5.83e-01        0.13
   5      -115.722280652     -8.39e-03      7.65e-02        0.13
   6      -115.722229327      5.13e-05      8.62e-02        0.14
   7      -115.722417814     -1.88e-04      7.65e-04        0.14
   8      -115.722417825     -1.14e-08      1.18e-04        0.13
   9      -115.722417826     -4.48e-10      2.99e-05        0.13
  10      -115.722417826     -1.68e-11      3.09e-06        0.13

 SCF converged in 10 iterations.

 Dipole moment (in Debye):              -0.975661       0.923165      -0.963687

 Quadrupole moment (in Debye-Angstrom):
                  1            2            3
 1       -13.809971     0.975947    -1.680223
 2         0.975947   -13.859110    -0.716402
 3        -1.680223    -0.716402   -11.856080

 Spin-squared expectation <S^2>:         0.000
 Total spin quantum number S:            0.000

 ------------------------------
  Analytic Geometrical Hessian 
 ------------------------------

 Frequencies (including translational and rotational modes):
 mode    frequency (cm-1)
    0               30.09 i (imaginary)
    1               19.46 i (imaginary)
    2               13.92 i (imaginary)
    3                0.62
    4               22.83
    5               34.23
    6              287.84
    7             1040.29
    8             1077.56
    9             1172.41
   10             1366.61
   11             1479.58
   12             1498.96
   13             1509.71
   14             2991.32
   15             3037.01
   16             3106.69
   17             3834.95

 Project out translational and rotational motions 

 Degrees of freedom for translational and rotational motions: 6

 Vibrational frequencies:
 mode    frequency (cm-1)
    0              287.84
    1             1040.29
    2             1077.56
    3             1172.41
    4             1366.61
    5             1479.58
    6             1498.96
    7             1509.71
    8             2991.32
    9             3037.01
   10             3106.69
   11             3834.95

 --------------------------------------------------------------------------------

 End time:                               Thu Apr 22 10:39:24 2021
 Total wall-clock time:                 49.542 seconds
==================================================================================
