
================================================================================
          _____________ ________ _______________ ________     _________         
         / ___________// ______ \\_____   _____// ______ \   / ________)        
        / /_________  / /      \ \     | |     / /      \ \ | (_______          
       |  __________|| |        | |    | |    | |        | | \________ \        
        \ \_________ | |        | |    | |     \ \______/ /___________) |       
         \__________||_|        |_|    |_|      \________//____________/        
                                                                                
====================================[ Qcore ]===================================

 Git hash:   15a3e7daff0cda5fa9af010ccd19a80288182ecf
 Git date:   Fri, 16 Apr 2021 15:57:16 +0100
 Compiler:   GNU 9.1.0
 Build type: Release
 Version:    1.1.0

 Start time: Fri Apr 23 10:24:20 2021

 Data directory: /work/zw18965/.local/qcore/share/entos/1.1.0/data
 Number of threads: 24
 Number of threads was determined by: command line argument
  - More threads can be used by running 'qcore -n 32'

 --------------------------------------------------------------------------------
                                command: optimize                                
 --------------------------------------------------------------------------------
 Using coordinate system:                tric
 Hessian update scheme:                  bfgs

 ------------------------------------------------------------------------------------------------------------
                   energy      change    grad rms    grad max    step rms    step max       trust    time (s)
 ------------------------------------------------------------------------------------------------------------
   1       -78.506930190                1.67e-03    2.77e-03                            2.00e-01       14.02
   2       -78.507022050   -9.19e-05    9.54e-04    2.46e-03    1.16e-02    1.12e-02    2.00e-01       13.90
   3       -78.507039246   -1.72e-05    2.21e-04    6.20e-04    6.66e-03    8.00e-03    2.00e-01       14.00
   4       -78.507039869   -6.23e-07    4.65e-05    9.99e-05    7.22e-04    1.08e-03    2.00e-01       13.95
 Geometry optimization stopped:          thresholds achieved

 Final energy:                         -78.507039869

 -----------
  Final XYZ 
 -----------
6
Final structure: -78.5070 hartree
C           -0.657126452         -0.051486376         -0.000715779
C            0.657020912          0.051489689          0.000712074
H           -1.228359219          0.004290643         -0.914224886
H           -1.214759988         -0.195626098          0.911535220
H            1.214657005          0.195613670         -0.911540421
H            1.228251459         -0.004280296          0.914223851

 Structure in entos input format:

  structure(
    xyz = [
      ['C'  ,         -0.657126452,         -0.051486376,         -0.000715779],
      ['C'  ,          0.657020912,          0.051489689,          0.000712074],
      ['H'  ,         -1.228359219,          0.004290643,         -0.914224886],
      ['H'  ,         -1.214759988,         -0.195626098,          0.911535220],
      ['H'  ,          1.214657005,          0.195613670,         -0.911540421],
      ['H'  ,          1.228251459,         -0.004280296,          0.914223851]
    ]
  )

 --------------------------------
  Geometry optimization finished 
 --------------------------------
 Saving results in set 'opt'

 --------------------------------------------------------------------------------
                                 command: hessian                                
 --------------------------------------------------------------------------------

 -------------------------------
  Numerical Geometrical Hessian 
 -------------------------------

 Compute hessian using two-point central differentiation.
 Step size (bohr):                       0.0100

 Frequencies (including translational and rotational modes):
 mode    frequency (cm-1)
    0               37.77 i (imaginary)
    1               14.68 i (imaginary)
    2                8.95 i (imaginary)
    3                4.36 i (imaginary)
    4                1.90
    5               33.32
    6              862.18
    7             1030.12
    8             1050.72
    9             1100.60
   10             1290.53
   11             1425.96
   12             1528.44
   13             1758.31
   14             3193.32
   15             3212.20
   16             3268.33
   17             3294.66

 Project out translational and rotational motions 

 Degrees of freedom for translational and rotational motions: 6

 Vibrational frequencies:
 mode    frequency (cm-1)
    0              862.18
    1             1030.12
    2             1050.71
    3             1100.60
    4             1290.53
    5             1425.96
    6             1528.44
    7             1758.31
    8             3193.32
    9             3212.20
   10             3268.33
   11             3294.66

 --------------------------------------------------------------------------------

 End time:                               Fri Apr 23 10:34:13 2021
 Total wall-clock time:                592.345 seconds
==================================================================================
