
================================================================================
          _____________ ________ _______________ ________     _________         
         / ___________// ______ \\_____   _____// ______ \   / ________)        
        / /_________  / /      \ \     | |     / /      \ \ | (_______          
       |  __________|| |        | |    | |    | |        | | \________ \        
        \ \_________ | |        | |    | |     \ \______/ /___________) |       
         \__________||_|        |_|    |_|      \________//____________/        
                                                                                
====================================[ Qcore ]===================================

 Git hash:   15a3e7daff0cda5fa9af010ccd19a80288182ecf
 Git date:   Fri, 16 Apr 2021 15:57:16 +0100
 Compiler:   GNU 9.1.0
 Build type: Release
 Version:    1.1.0

 Start time: Fri Apr 23 10:24:21 2021

 Data directory: /work/zw18965/.local/qcore/share/entos/1.1.0/data
 Number of threads: 24
 Number of threads was determined by: command line argument
  - More threads can be used by running 'qcore -n 32'

 --------------------------------------------------------------------------------
                                command: optimize                                
 --------------------------------------------------------------------------------
 Using coordinate system:                tric
 Hessian update scheme:                  bfgs

 ------------------------------------------------------------------------------------------------------------
                   energy      change    grad rms    grad max    step rms    step max       trust    time (s)
 ------------------------------------------------------------------------------------------------------------
   1      -237.616359294                7.13e-03    1.34e-02                            2.00e-01        4.49
   2      -237.616704164   -3.45e-04    2.43e-03    5.78e-03    2.45e-02    2.26e-02    2.00e-01        4.44
   3      -237.616733519   -2.94e-05    7.51e-04    1.79e-03    3.90e-03    5.75e-03    2.00e-01        4.39
   4      -237.616736582   -3.06e-06    7.49e-06    1.33e-05    1.76e-03    2.60e-03    2.00e-01        4.44
   5      -237.616736586   -4.41e-09    9.58e-07    1.70e-06    1.39e-05    8.35e-05    2.00e-01        4.49
 Geometry optimization stopped:          thresholds achieved

 Final energy:                        -237.616736586

 -----------
  Final XYZ 
 -----------
3
Final structure: -237.617 hartree
C           -0.000001404          0.145268869          0.000022185
F           -0.000001405          0.927498580         -1.020031085
F           -0.000001304          0.927551995          1.020033790

 Structure in entos input format:

  structure(
    xyz = [
      ['C'  ,         -0.000001404,          0.145268869,          0.000022185],
      ['F'  ,         -0.000001405,          0.927498580,         -1.020031085],
      ['F'  ,         -0.000001304,          0.927551995,          1.020033790]
    ]
  )

 --------------------------------
  Geometry optimization finished 
 --------------------------------
 Saving results in set 'opt'

 --------------------------------------------------------------------------------
                                 command: hessian                                
 --------------------------------------------------------------------------------

 -------------------------------
  Numerical Geometrical Hessian 
 -------------------------------

 Compute hessian using two-point central differentiation.
 Step size (bohr):                       0.0100

 Frequencies (including translational and rotational modes):
 mode    frequency (cm-1)
    0                2.35 i (imaginary)
    1                1.44
    2                4.40
    3               30.29
    4               39.83
    5               79.01
    6              710.10
    7             1211.06
    8             1318.46

 Project out translational and rotational motions 

 Degrees of freedom for translational and rotational motions: 6

 Vibrational frequencies:
 mode    frequency (cm-1)
    0              710.10
    1             1211.06
    2             1318.46

 --------------------------------------------------------------------------------

 End time:                               Fri Apr 23 10:25:59 2021
 Total wall-clock time:                 97.716 seconds
==================================================================================
