
================================================================================
          _____________ ________ _______________ ________     _________         
         / ___________// ______ \\_____   _____// ______ \   / ________)        
        / /_________  / /      \ \     | |     / /      \ \ | (_______          
       |  __________|| |        | |    | |    | |        | | \________ \        
        \ \_________ | |        | |    | |     \ \______/ /___________) |       
         \__________||_|        |_|    |_|      \________//____________/        
                                                                                
====================================[ Qcore ]===================================

 Git hash:   15a3e7daff0cda5fa9af010ccd19a80288182ecf
 Git date:   Fri, 16 Apr 2021 15:57:16 +0100
 Compiler:   GNU 9.1.0
 Build type: Release
 Version:    1.1.0

 Start time: Fri Apr 23 10:24:05 2021

 Data directory: /work/zw18965/.local/qcore/share/entos/1.1.0/data
 Number of threads: 24
 Number of threads was determined by: command line argument
  - More threads can be used by running 'qcore -n 32'

 --------------------------------------------------------------------------------
                                command: optimize                                
 --------------------------------------------------------------------------------
 Using coordinate system:                tric
 Hessian update scheme:                  bfgs

 ------------------------------------------------------------------------------------------------------------
                   energy      change    grad rms    grad max    step rms    step max       trust    time (s)
 ------------------------------------------------------------------------------------------------------------
   1      -920.324479288                6.00e-03    1.04e-02                            2.00e-01        3.48
   2      -920.324723070   -2.44e-04    2.74e-05    4.75e-05    2.30e-02    4.59e-02    2.00e-01        3.45
   3      -920.324723077   -7.50e-09    1.04e-06    2.41e-06    1.05e-04    2.11e-04    2.00e-01        3.46
 Geometry optimization stopped:          thresholds achieved

 Final energy:                        -920.324723077

 -----------
  Final XYZ 
 -----------
2
Final structure: -920.325 hartree
Cl          -0.993088488          0.000000471         -0.000000359
Cl           0.993088290         -0.000000252          0.000000427

 Structure in entos input format:

  structure(
    xyz = [
      ['Cl' ,         -0.993088488,          0.000000471,         -0.000000359],
      ['Cl' ,          0.993088290,         -0.000000252,          0.000000427]
    ]
  )

 --------------------------------
  Geometry optimization finished 
 --------------------------------
 Saving results in set 'opt'

 --------------------------------------------------------------------------------
                                 command: hessian                                
 --------------------------------------------------------------------------------

 -------------------------------
  Numerical Geometrical Hessian 
 -------------------------------

 Compute hessian using two-point central differentiation.
 Step size (bohr):                       0.0100

 Frequencies (including translational and rotational modes):
 mode    frequency (cm-1)
    0               12.38 i (imaginary)
    1               12.34 i (imaginary)
    2                0.07 i (imaginary)
    3                0.45
    4                4.10
    5              594.56

 Project out translational and rotational motions 

 The molecule is linear

 Degrees of freedom for translational and rotational motions: 5

 Vibrational frequencies:
 mode    frequency (cm-1)
    0              594.56

 --------------------------------------------------------------------------------

 End time:                               Fri Apr 23 10:24:51 2021
 Total wall-clock time:                 46.230 seconds
==================================================================================
