
================================================================================
          _____________ ________ _______________ ________     _________         
         / ___________// ______ \\_____   _____// ______ \   / ________)        
        / /_________  / /      \ \     | |     / /      \ \ | (_______          
       |  __________|| |        | |    | |    | |        | | \________ \        
        \ \_________ | |        | |    | |     \ \______/ /___________) |       
         \__________||_|        |_|    |_|      \________//____________/        
                                                                                
====================================[ Qcore ]===================================

 Git hash:   15a3e7daff0cda5fa9af010ccd19a80288182ecf
 Git date:   Fri, 16 Apr 2021 15:57:16 +0100
 Compiler:   GNU 9.1.0
 Build type: Release
 Version:    1.1.0

 Start time: Fri Apr 23 10:26:44 2021

 Data directory: /work/zw18965/.local/qcore/share/entos/1.1.0/data
 Number of threads: 24
 Number of threads was determined by: command line argument
  - More threads can be used by running 'qcore -n 32'

 --------------------------------------------------------------------------------
                                command: optimize                                
 --------------------------------------------------------------------------------
 Using coordinate system:                tric
 Hessian update scheme:                  bfgs

 ------------------------------------------------------------------------------------------------------------
                   energy      change    grad rms    grad max    step rms    step max       trust    time (s)
 ------------------------------------------------------------------------------------------------------------
   1      -114.427331214                4.07e-03    1.08e-02                            2.00e-01        5.91
   2      -114.427630542   -2.99e-04    1.78e-03    5.23e-03    1.95e-02    2.99e-02    2.00e-01        5.78
   3      -114.427670844   -4.03e-05    8.19e-04    2.21e-03    9.08e-03    1.64e-02    2.00e-01        5.80
   4      -114.427673368   -2.52e-06    1.54e-04    3.76e-04    1.51e-03    3.10e-03    2.00e-01        5.82
   5      -114.427673456   -8.83e-08    7.45e-06    1.32e-05    1.42e-04    5.28e-04    2.00e-01        5.79
 Geometry optimization stopped:          thresholds achieved

 Final energy:                        -114.427673456

 -----------
  Final XYZ 
 -----------
4
Final structure: -114.428 hartree
C           -0.006503292          0.000637605          0.000495351
O            1.168956762         -0.155083568         -0.073855151
H           -0.476523012          0.977398557         -0.185376067
H           -0.687106987         -0.823663305          0.259026853

 Structure in entos input format:

  structure(
    xyz = [
      ['C'  ,         -0.006503292,          0.000637605,          0.000495351],
      ['O'  ,          1.168956762,         -0.155083568,         -0.073855151],
      ['H'  ,         -0.476523012,          0.977398557,         -0.185376067],
      ['H'  ,         -0.687106987,         -0.823663305,          0.259026853]
    ]
  )

 --------------------------------
  Geometry optimization finished 
 --------------------------------
 Saving results in set 'opt'

 --------------------------------------------------------------------------------
                                 command: hessian                                
 --------------------------------------------------------------------------------

 -------------------------------
  Numerical Geometrical Hessian 
 -------------------------------

 Compute hessian using two-point central differentiation.
 Step size (bohr):                       0.0100

 Frequencies (including translational and rotational modes):
 mode    frequency (cm-1)
    0               41.85 i (imaginary)
    1                2.28 i (imaginary)
    2                1.19 i (imaginary)
    3                1.25
    4               10.22
    5               22.81
    6             1263.29
    7             1316.29
    8             1586.56
    9             1910.81
   10             2983.87
   11             3051.86

 Project out translational and rotational motions 

 Degrees of freedom for translational and rotational motions: 6

 Vibrational frequencies:
 mode    frequency (cm-1)
    0             1263.29
    1             1316.29
    2             1586.56
    3             1910.81
    4             2983.87
    5             3051.86

 --------------------------------------------------------------------------------

 End time:                               Fri Apr 23 10:29:33 2021
 Total wall-clock time:                168.676 seconds
==================================================================================
