
================================================================================
          _____________ ________ _______________ ________     _________         
         / ___________// ______ \\_____   _____// ______ \   / ________)        
        / /_________  / /      \ \     | |     / /      \ \ | (_______          
       |  __________|| |        | |    | |    | |        | | \________ \        
        \ \_________ | |        | |    | |     \ \______/ /___________) |       
         \__________||_|        |_|    |_|      \________//____________/        
                                                                                
====================================[ Qcore ]===================================

 Git hash:   15a3e7daff0cda5fa9af010ccd19a80288182ecf
 Git date:   Fri, 16 Apr 2021 15:57:16 +0100
 Compiler:   GNU 9.1.0
 Build type: Release
 Version:    1.1.0

 Start time: Fri Apr 23 10:26:26 2021

 Data directory: /work/zw18965/.local/qcore/share/entos/1.1.0/data
 Number of threads: 24
 Number of threads was determined by: command line argument
  - More threads can be used by running 'qcore -n 32'

 --------------------------------------------------------------------------------
                                command: optimize                                
 --------------------------------------------------------------------------------
 Using coordinate system:                tric
 Hessian update scheme:                  bfgs

 ------------------------------------------------------------------------------------------------------------
                   energy      change    grad rms    grad max    step rms    step max       trust    time (s)
 ------------------------------------------------------------------------------------------------------------
   1       -76.386506491                4.90e-03    8.32e-03                            2.00e-01        2.26
   2       -76.386696718   -1.90e-04    8.98e-04    1.48e-03    1.49e-02    1.46e-02    2.00e-01        2.23
   3       -76.386711888   -1.52e-05    5.20e-04    9.49e-04    5.88e-03    8.30e-03    2.00e-01        2.18
   4       -76.386713839   -1.95e-06    2.87e-04    5.03e-04    1.67e-03    3.22e-03    2.00e-01        2.20
   5       -76.386714335   -4.95e-07    2.30e-05    3.79e-05    8.87e-04    1.82e-03    2.00e-01        2.18
   6       -76.386714345   -1.02e-08    8.79e-06    1.67e-05    4.97e-05    3.89e-04    2.00e-01        2.19
 Geometry optimization stopped:          thresholds achieved

 Final energy:                         -76.386714345

 -----------
  Final XYZ 
 -----------
3
Final structure: -76.3867 hartree
O            0.010372609          0.007908946         -0.006290747
H            0.272818998          0.883664576          0.253197663
H            0.600999503         -0.236984346         -0.709384968

 Structure in entos input format:

  structure(
    xyz = [
      ['O'  ,          0.010372609,          0.007908946,         -0.006290747],
      ['H'  ,          0.272818998,          0.883664576,          0.253197663],
      ['H'  ,          0.600999503,         -0.236984346,         -0.709384968]
    ]
  )

 --------------------------------
  Geometry optimization finished 
 --------------------------------
 Saving results in set 'opt'

 --------------------------------------------------------------------------------
                                 command: hessian                                
 --------------------------------------------------------------------------------

 -------------------------------
  Numerical Geometrical Hessian 
 -------------------------------

 Compute hessian using two-point central differentiation.
 Step size (bohr):                       0.0100

 Frequencies (including translational and rotational modes):
 mode    frequency (cm-1)
    0               53.77 i (imaginary)
    1                1.41 i (imaginary)
    2                1.20
    3                1.75
    4               55.49
    5               81.13
    6             1681.45
    7             3977.41
    8             4075.82

 Project out translational and rotational motions 

 Degrees of freedom for translational and rotational motions: 6

 Vibrational frequencies:
 mode    frequency (cm-1)
    0             1681.45
    1             3977.41
    2             4075.82

 --------------------------------------------------------------------------------

 End time:                               Fri Apr 23 10:27:13 2021
 Total wall-clock time:                 46.542 seconds
==================================================================================
