
================================================================================
          _____________ ________ _______________ ________     _________         
         / ___________// ______ \\_____   _____// ______ \   / ________)        
        / /_________  / /      \ \     | |     / /      \ \ | (_______          
       |  __________|| |        | |    | |    | |        | | \________ \        
        \ \_________ | |        | |    | |     \ \______/ /___________) |       
         \__________||_|        |_|    |_|      \________//____________/        
                                                                                
====================================[ Qcore ]===================================

 Git hash:   15a3e7daff0cda5fa9af010ccd19a80288182ecf
 Git date:   Fri, 16 Apr 2021 15:57:16 +0100
 Compiler:   GNU 9.1.0
 Build type: Release
 Version:    1.1.0

 Start time: Fri Apr 23 10:28:06 2021

 Data directory: /work/zw18965/.local/qcore/share/entos/1.1.0/data
 Number of threads: 24
 Number of threads was determined by: command line argument

 --------------------------------------------------------------------------------
                                command: optimize                                
 --------------------------------------------------------------------------------
 Using coordinate system:                tric
 Hessian update scheme:                  bfgs

 ------------------------------------------------------------------------------------------------------------
                   energy      change    grad rms    grad max    step rms    step max       trust    time (s)
 ------------------------------------------------------------------------------------------------------------
   1      -399.361357684                4.13e-03    8.31e-03                            2.00e-01        3.25
   2      -399.361479059   -1.21e-04    1.63e-03    3.50e-03    1.23e-02    1.35e-02    2.00e-01        3.16
   3      -399.361499577   -2.05e-05    3.32e-05    5.68e-05    4.81e-03    8.19e-03    2.00e-01        3.16
   4      -399.361499596   -1.89e-08    8.83e-07    1.89e-06    3.16e-04    2.78e-04    2.00e-01        3.18
 Geometry optimization stopped:          thresholds achieved

 Final energy:                        -399.361499596

 -----------
  Final XYZ 
 -----------
3
Final structure: -399.361 hartree
S           -0.001387293          0.609480782         -0.000000373
H            0.970219441         -0.302581836          0.000000099
H           -0.968825573         -0.307003230         -0.000001902

 Structure in entos input format:

  structure(
    xyz = [
      ['S'  ,         -0.001387293,          0.609480782,         -0.000000373],
      ['H'  ,          0.970219441,         -0.302581836,          0.000000099],
      ['H'  ,         -0.968825573,         -0.307003230,         -0.000001902]
    ]
  )

 --------------------------------
  Geometry optimization finished 
 --------------------------------
 Saving results in set 'opt'

 --------------------------------------------------------------------------------
                                 command: hessian                                
 --------------------------------------------------------------------------------

 -------------------------------
  Numerical Geometrical Hessian 
 -------------------------------

 Compute hessian using two-point central differentiation.
 Step size (bohr):                       0.0100

 Frequencies (including translational and rotational modes):
 mode    frequency (cm-1)
    0                1.50 i (imaginary)
    1                0.59 i (imaginary)
    2                1.11
    3               52.37
    4              104.26
    5              107.07
    6             1266.68
    7             2780.33
    8             2791.05

 Project out translational and rotational motions 

 Degrees of freedom for translational and rotational motions: 6

 Vibrational frequencies:
 mode    frequency (cm-1)
    0             1266.68
    1             2780.33
    2             2791.05

 --------------------------------------------------------------------------------

 End time:                               Fri Apr 23 10:29:10 2021
 Total wall-clock time:                 63.907 seconds
==================================================================================
