
================================================================================
          _____________ ________ _______________ ________     _________         
         / ___________// ______ \\_____   _____// ______ \   / ________)        
        / /_________  / /      \ \     | |     / /      \ \ | (_______          
       |  __________|| |        | |    | |    | |        | | \________ \        
        \ \_________ | |        | |    | |     \ \______/ /___________) |       
         \__________||_|        |_|    |_|      \________//____________/        
                                                                                
====================================[ Qcore ]===================================

 Git hash:   15a3e7daff0cda5fa9af010ccd19a80288182ecf
 Git date:   Fri, 16 Apr 2021 15:57:16 +0100
 Compiler:   GNU 9.1.0
 Build type: Release
 Version:    1.1.0

 Start time: Fri Apr 23 10:27:20 2021

 Data directory: /work/zw18965/.local/qcore/share/entos/1.1.0/data
 Number of threads: 24
 Number of threads was determined by: command line argument
  - More threads can be used by running 'qcore -n 32'

 --------------------------------------------------------------------------------
                                command: optimize                                
 --------------------------------------------------------------------------------
 Using coordinate system:                tric
 Hessian update scheme:                  bfgs

 ------------------------------------------------------------------------------------------------------------
                   energy      change    grad rms    grad max    step rms    step max       trust    time (s)
 ------------------------------------------------------------------------------------------------------------
   1      -100.414823166                1.19e-02    2.06e-02                            2.00e-01        1.24
   2      -100.415153376   -3.30e-04    2.60e-03    4.51e-03    1.30e-02    2.61e-02    2.00e-01        1.15
   3      -100.415168849   -1.55e-05    1.72e-04    2.99e-04    3.66e-03    7.32e-03    2.00e-01        1.13
   4      -100.415168919   -7.01e-08    1.67e-06    3.18e-06    2.27e-04    4.54e-04    2.00e-01        1.11
 Geometry optimization stopped:          thresholds achieved

 Final energy:                        -100.415168919

 -----------
  Final XYZ 
 -----------
2
Final structure: -100.415 hartree
F            0.454765981          0.000000048         -0.000000011
H           -0.454741835         -0.000000053          0.000000008

 Structure in entos input format:

  structure(
    xyz = [
      ['F'  ,          0.454765981,          0.000000048,         -0.000000011],
      ['H'  ,         -0.454741835,         -0.000000053,          0.000000008]
    ]
  )

 --------------------------------
  Geometry optimization finished 
 --------------------------------
 Saving results in set 'opt'

 --------------------------------------------------------------------------------
                                 command: hessian                                
 --------------------------------------------------------------------------------

 -------------------------------
  Numerical Geometrical Hessian 
 -------------------------------

 Compute hessian using two-point central differentiation.
 Step size (bohr):                       0.0100

 Frequencies (including translational and rotational modes):
 mode    frequency (cm-1)
    0                0.40 i (imaginary)
    1                0.38
    2                0.50
    3               30.82
    4               31.03
    5             4285.73

 Project out translational and rotational motions 

 The molecule is linear

 Degrees of freedom for translational and rotational motions: 5

 Vibrational frequencies:
 mode    frequency (cm-1)
    0             4285.73

 --------------------------------------------------------------------------------

 End time:                               Fri Apr 23 10:27:34 2021
 Total wall-clock time:                 13.804 seconds
==================================================================================
