
================================================================================
          _____________ ________ _______________ ________     _________         
         / ___________// ______ \\_____   _____// ______ \   / ________)        
        / /_________  / /      \ \     | |     / /      \ \ | (_______          
       |  __________|| |        | |    | |    | |        | | \________ \        
        \ \_________ | |        | |    | |     \ \______/ /___________) |       
         \__________||_|        |_|    |_|      \________//____________/        
                                                                                
====================================[ Qcore ]===================================

 Git hash:   15a3e7daff0cda5fa9af010ccd19a80288182ecf
 Git date:   Fri, 16 Apr 2021 15:57:16 +0100
 Compiler:   GNU 9.1.0
 Build type: Release
 Version:    1.1.0

 Start time: Fri Apr 23 10:27:55 2021

 Data directory: /work/zw18965/.local/qcore/share/entos/1.1.0/data
 Number of threads: 24
 Number of threads was determined by: command line argument
  - More threads can be used by running 'qcore -n 32'

 --------------------------------------------------------------------------------
                                command: optimize                                
 --------------------------------------------------------------------------------
 Using coordinate system:                tric
 Hessian update scheme:                  bfgs

 ------------------------------------------------------------------------------------------------------------
                   energy      change    grad rms    grad max    step rms    step max       trust    time (s)
 ------------------------------------------------------------------------------------------------------------
   1      -109.460575855                3.54e-02    6.13e-02                            2.00e-01        1.68
   2      -109.461686826   -1.11e-03    7.75e-03    1.34e-02    2.23e-02    4.45e-02    2.00e-01        1.62
   3      -109.461736589   -4.98e-05    5.30e-04    9.19e-04    4.00e-03    8.00e-03    2.00e-01        1.60
   4      -109.461736829   -2.40e-07    7.85e-06    1.42e-05    2.56e-04    5.12e-04    2.00e-01        1.60
 Geometry optimization stopped:          thresholds achieved

 Final energy:                        -109.461736829

 -----------
  Final XYZ 
 -----------
2
Final structure: -109.462 hartree
N            0.539493885         -0.000000031         -0.000000110
N           -0.539444439          0.000000017          0.000000118

 Structure in entos input format:

  structure(
    xyz = [
      ['N'  ,          0.539493885,         -0.000000031,         -0.000000110],
      ['N'  ,         -0.539444439,          0.000000017,          0.000000118]
    ]
  )

 --------------------------------
  Geometry optimization finished 
 --------------------------------
 Saving results in set 'opt'

 --------------------------------------------------------------------------------
                                 command: hessian                                
 --------------------------------------------------------------------------------

 -------------------------------
  Numerical Geometrical Hessian 
 -------------------------------

 Compute hessian using two-point central differentiation.
 Step size (bohr):                       0.0100

 Frequencies (including translational and rotational modes):
 mode    frequency (cm-1)
    0                0.27 i (imaginary)
    1                0.23 i (imaginary)
    2                3.05
    3               30.52
    4               30.53
    5             2584.71

 Project out translational and rotational motions 

 The molecule is linear

 Degrees of freedom for translational and rotational motions: 5

 Vibrational frequencies:
 mode    frequency (cm-1)
    0             2584.71

 --------------------------------------------------------------------------------

 End time:                               Fri Apr 23 10:28:16 2021
 Total wall-clock time:                 21.725 seconds
==================================================================================
