
================================================================================
          _____________ ________ _______________ ________     _________         
         / ___________// ______ \\_____   _____// ______ \   / ________)        
        / /_________  / /      \ \     | |     / /      \ \ | (_______          
       |  __________|| |        | |    | |    | |        | | \________ \        
        \ \_________ | |        | |    | |     \ \______/ /___________) |       
         \__________||_|        |_|    |_|      \________//____________/        
                                                                                
====================================[ Qcore ]===================================

 Git hash:   15a3e7daff0cda5fa9af010ccd19a80288182ecf
 Git date:   Fri, 16 Apr 2021 15:57:16 +0100
 Compiler:   GNU 9.1.0
 Build type: Release
 Version:    1.1.0

 Start time: Fri Apr 23 10:28:20 2021

 Data directory: /work/zw18965/.local/qcore/share/entos/1.1.0/data
 Number of threads: 24
 Number of threads was determined by: command line argument
  - More threads can be used by running 'qcore -n 32'

 --------------------------------------------------------------------------------
                                command: optimize                                
 --------------------------------------------------------------------------------
 Using coordinate system:                tric
 Hessian update scheme:                  bfgs

 ------------------------------------------------------------------------------------------------------------
                   energy      change    grad rms    grad max    step rms    step max       trust    time (s)
 ------------------------------------------------------------------------------------------------------------
   1      -343.103554280                4.25e-03    8.37e-03                            2.00e-01        5.49
   2      -343.104160854   -6.07e-04    2.56e-03    7.65e-03    9.80e-02    7.72e-02    2.00e-01        5.31
   3      -343.104382791   -2.22e-04    6.74e-04    1.68e-03    3.26e-02    2.95e-02    2.00e-01        5.26
   4      -343.104388574   -5.78e-06    1.72e-04    3.89e-04    2.00e-03    3.04e-03    2.00e-01        5.30
   5      -343.104389059   -4.85e-07    9.27e-06    1.80e-05    8.99e-04    1.15e-03    2.00e-01        5.32
 Geometry optimization stopped:          thresholds achieved

 Final energy:                        -343.104389059

 -----------
  Final XYZ 
 -----------
4
Final structure: -343.104 hartree
P           -0.005573264         -0.001566117          0.559037226
H           -0.660293879         -0.994290971         -0.195149936
H           -0.528390932          1.071295688         -0.188370207
H            1.194422167         -0.075613937         -0.174130221

 Structure in entos input format:

  structure(
    xyz = [
      ['P'  ,         -0.005573264,         -0.001566117,          0.559037226],
      ['H'  ,         -0.660293879,         -0.994290971,         -0.195149936],
      ['H'  ,         -0.528390932,          1.071295688,         -0.188370207],
      ['H'  ,          1.194422167,         -0.075613937,         -0.174130221]
    ]
  )

 --------------------------------
  Geometry optimization finished 
 --------------------------------
 Saving results in set 'opt'

 --------------------------------------------------------------------------------
                                 command: hessian                                
 --------------------------------------------------------------------------------

 -------------------------------
  Numerical Geometrical Hessian 
 -------------------------------

 Compute hessian using two-point central differentiation.
 Step size (bohr):                       0.0100

 Frequencies (including translational and rotational modes):
 mode    frequency (cm-1)
    0               57.37 i (imaginary)
    1                2.79 i (imaginary)
    2                2.03 i (imaginary)
    3                1.35
    4               21.22
    5               71.54
    6             1061.39
    7             1191.13
    8             1193.64
    9             2482.70
   10             2486.21
   11             2486.39

 Project out translational and rotational motions 

 Degrees of freedom for translational and rotational motions: 6

 Vibrational frequencies:
 mode    frequency (cm-1)
    0             1061.39
    1             1191.13
    2             1193.64
    3             2482.70
    4             2486.21
    5             2486.39

 --------------------------------------------------------------------------------

 End time:                               Fri Apr 23 10:30:51 2021
 Total wall-clock time:                150.733 seconds
==================================================================================
