
================================================================================
          _____________ ________ _______________ ________     _________         
         / ___________// ______ \\_____   _____// ______ \   / ________)        
        / /_________  / /      \ \     | |     / /      \ \ | (_______          
       |  __________|| |        | |    | |    | |        | | \________ \        
        \ \_________ | |        | |    | |     \ \______/ /___________) |       
         \__________||_|        |_|    |_|      \________//____________/        
                                                                                
====================================[ Qcore ]===================================

 Git hash:   15a3e7daff0cda5fa9af010ccd19a80288182ecf
 Git date:   Fri, 16 Apr 2021 15:57:16 +0100
 Compiler:   GNU 9.1.0
 Build type: Release
 Version:    1.1.0

 Start time: Fri Apr 23 10:31:45 2021

 Data directory: /work/zw18965/.local/qcore/share/entos/1.1.0/data
 Number of threads: 24
 Number of threads was determined by: command line argument

 --------------------------------------------------------------------------------
                                command: optimize                                
 --------------------------------------------------------------------------------
 Using coordinate system:                tric
 Hessian update scheme:                  bfgs

 ------------------------------------------------------------------------------------------------------------
                   energy      change    grad rms    grad max    step rms    step max       trust    time (s)
 ------------------------------------------------------------------------------------------------------------
   1      -548.520779079                2.28e-02    3.82e-02                            2.00e-01        6.96
   2      -548.522444568   -1.67e-03    1.14e-02    1.96e-02    2.14e-02    2.76e-02    2.00e-01        6.88
   3      -548.522935102   -4.91e-04    9.97e-04    1.99e-03    2.04e-02    2.70e-02    2.00e-01        6.71
   4      -548.522940950   -5.85e-06    3.30e-04    7.95e-04    2.25e-03    2.37e-03    2.00e-01        6.70
   5      -548.522941653   -7.03e-07    2.53e-04    6.18e-04    6.39e-04    8.15e-04    2.00e-01        6.66
   6      -548.522942258   -6.04e-07    1.24e-05    2.03e-05    1.21e-03    1.66e-03    2.00e-01        6.65
Rejecting step due to low quality: Quality: -3.51395 New trust radius: 8.41631e-06
   7      -548.522942253    4.44e-09    1.24e-05    2.03e-05    1.68e-05    1.53e-04    8.42e-06        6.65
 Geometry optimization stopped:          thresholds achieved

 Final energy:                        -548.522942253

 -----------
  Final XYZ 
 -----------
3
Final structure: -548.523 hartree
S           -0.001540016          0.477796907         -0.000001888
O            1.215856922         -0.234431702         -0.000003901
O           -1.215267951         -0.240676599         -0.000000138

 Structure in entos input format:

  structure(
    xyz = [
      ['S'  ,         -0.001540016,          0.477796907,         -0.000001888],
      ['O'  ,          1.215856922,         -0.234431702,         -0.000003901],
      ['O'  ,         -1.215267951,         -0.240676599,         -0.000000138]
    ]
  )

 --------------------------------
  Geometry optimization finished 
 --------------------------------
 Saving results in set 'opt'

 --------------------------------------------------------------------------------
                                 command: hessian                                
 --------------------------------------------------------------------------------

 -------------------------------
  Numerical Geometrical Hessian 
 -------------------------------

 Compute hessian using two-point central differentiation.
 Step size (bohr):                       0.0100

 Frequencies (including translational and rotational modes):
 mode    frequency (cm-1)
    0               15.90 i (imaginary)
    1                8.57 i (imaginary)
    2                0.48 i (imaginary)
    3                3.69
    4               34.77
    5               55.48
    6              570.60
    7             1310.93
    8             1516.03

 Project out translational and rotational motions 

 Degrees of freedom for translational and rotational motions: 6

 Vibrational frequencies:
 mode    frequency (cm-1)
    0              570.60
    1             1310.93
    2             1516.03

 --------------------------------------------------------------------------------

 End time:                               Fri Apr 23 10:34:31 2021
 Total wall-clock time:                166.582 seconds
==================================================================================
