
================================================================================
          _____________ ________ _______________ ________     _________         
         / ___________// ______ \\_____   _____// ______ \   / ________)        
        / /_________  / /      \ \     | |     / /      \ \ | (_______          
       |  __________|| |        | |    | |    | |        | | \________ \        
        \ \_________ | |        | |    | |     \ \______/ /___________) |       
         \__________||_|        |_|    |_|      \________//____________/        
                                                                                
====================================[ Qcore ]===================================

 Git hash:   15a3e7daff0cda5fa9af010ccd19a80288182ecf
 Git date:   Fri, 16 Apr 2021 15:57:16 +0100
 Compiler:   GNU 9.1.0
 Build type: Release
 Version:    1.1.0

 Start time: Fri Apr 23 10:29:40 2021

 Data directory: /work/zw18965/.local/qcore/share/entos/1.1.0/data
 Number of threads: 24
 Number of threads was determined by: command line argument
  - More threads can be used by running 'qcore -n 32'

 --------------------------------------------------------------------------------
                                command: optimize                                
 --------------------------------------------------------------------------------
 Using coordinate system:                tric
 Hessian update scheme:                  bfgs

 ------------------------------------------------------------------------------------------------------------
                   energy      change    grad rms    grad max    step rms    step max       trust    time (s)
 ------------------------------------------------------------------------------------------------------------
   1      -473.307930446                1.80e-02    3.11e-02                            2.00e-01        3.08
   2      -473.308514835   -5.84e-04    9.84e-03    1.70e-02    1.21e-02    2.42e-02    2.00e-01        2.98
   3      -473.308744550   -2.30e-04    8.89e-04    1.54e-03    1.47e-02    2.93e-02    2.00e-01        2.93
   4      -473.308746501   -1.95e-06    3.93e-05    6.99e-05    1.22e-03    2.43e-03    2.00e-01        2.97
   5      -473.308746499    1.29e-09    5.17e-07    1.22e-06    5.14e-05    1.03e-04    2.57e-05        2.94
 Geometry optimization stopped:          thresholds achieved

 Final energy:                        -473.308746499

 -----------
  Final XYZ 
 -----------
2
Final structure: -473.309 hartree
S            0.000000890         -0.000000519          0.013543509
O           -0.000000914          0.000000441          1.472632492

 Structure in entos input format:

  structure(
    xyz = [
      ['S'  ,          0.000000890,         -0.000000519,          0.013543509],
      ['O'  ,         -0.000000914,          0.000000441,          1.472632492]
    ]
  )

 --------------------------------
  Geometry optimization finished 
 --------------------------------
 Saving results in set 'opt'

 --------------------------------------------------------------------------------
                                 command: hessian                                
 --------------------------------------------------------------------------------

 -------------------------------
  Numerical Geometrical Hessian 
 -------------------------------

 Compute hessian using two-point central differentiation.
 Step size (bohr):                       0.0100

 Frequencies (including translational and rotational modes):
 mode    frequency (cm-1)
    0                0.61
    1                0.84
    2                2.92
    3               29.35
    4               29.36
    5             1276.93

 Project out translational and rotational motions 

 The molecule is linear

 Degrees of freedom for translational and rotational motions: 5

 Vibrational frequencies:
 mode    frequency (cm-1)
    0             1276.93

 --------------------------------------------------------------------------------

 End time:                               Fri Apr 23 10:30:24 2021
 Total wall-clock time:                 44.457 seconds
==================================================================================
