
================================================================================
          _____________ ________ _______________ ________     _________         
         / ___________// ______ \\_____   _____// ______ \   / ________)        
        / /_________  / /      \ \     | |     / /      \ \ | (_______          
       |  __________|| |        | |    | |    | |        | | \________ \        
        \ \_________ | |        | |    | |     \ \______/ /___________) |       
         \__________||_|        |_|    |_|      \________//____________/        
                                                                                
====================================[ Qcore ]===================================

 Git hash:   15a3e7daff0cda5fa9af010ccd19a80288182ecf
 Git date:   Fri, 16 Apr 2021 15:57:16 +0100
 Compiler:   GNU 9.1.0
 Build type: Release
 Version:    1.1.0

 Start time: Tue Apr 27 13:54:42 2021

 Data directory: /work/zw18965/.local/qcore/share/entos/1.1.0/data
 Number of threads: 24
 Number of threads was determined by: command line argument
  - More threads can be used by running 'qcore -n 32'

 --------------------------------------------------------------------------------
                                command: optimize                                
 --------------------------------------------------------------------------------
 Using coordinate system:                tric
 Hessian update scheme:                  bfgs

 ------------------------------------------------------------------------------------------------------------
                   energy      change    grad rms    grad max    step rms    step max       trust    time (s)
 ------------------------------------------------------------------------------------------------------------
   1      -958.067141138                1.66e-02    4.03e-02                            2.00e-01        0.57
   2      -958.071445465   -4.30e-03    9.72e-03    1.98e-02    1.20e-01    1.34e-01    2.00e-01        0.38
   3      -958.072162319   -7.17e-04    5.24e-03    8.72e-03    2.84e-02    3.27e-02    2.00e-01        0.39
   4      -958.072470467   -3.08e-04    8.87e-04    1.72e-03    1.97e-02    3.01e-02    2.00e-01        0.38
   5      -958.072483632   -1.32e-05    5.58e-05    1.21e-04    5.98e-03    5.63e-03    2.00e-01        0.38
   6      -958.072483810   -1.78e-07    1.40e-05    3.15e-05    6.04e-04    1.46e-03    2.00e-01        0.35
   7      -958.072483974   -1.63e-07    3.55e-05    7.43e-05    3.35e-04    2.78e-03    2.00e-01        0.36
   8      -958.072484536   -5.63e-07    1.01e-04    2.16e-04    7.72e-04    1.33e-02    2.00e-01        0.36
   9      -958.072485393   -8.56e-07    1.57e-04    3.33e-04    6.49e-04    2.62e-02    2.00e-01        0.35
  10      -958.072486342   -9.49e-07    1.49e-04    3.17e-04    8.47e-05    3.32e-02    2.00e-01        0.37
  11      -958.072486896   -5.54e-07    6.82e-05    1.47e-04    9.02e-04    1.47e-02    2.00e-01        0.38
  12      -958.072487036   -1.40e-07    4.15e-06    9.88e-06    7.23e-04    8.99e-04    2.00e-01        0.35
 Geometry optimization stopped:          thresholds achieved

 Final energy:                        -958.072487036

 -----------
  Final XYZ 
 -----------
3
Final structure: -958.072 hartree
C            0.000002248         -0.033718816          0.023268066
Cl          -0.000004977          0.957772670         -1.377233334
Cl           0.000002729          0.959266701          1.422694708

 Structure in entos input format:

  structure(
    xyz = [
      ['C'  ,          0.000002248,         -0.033718816,          0.023268066],
      ['Cl' ,         -0.000004977,          0.957772670,         -1.377233334],
      ['Cl' ,          0.000002729,          0.959266701,          1.422694708]
    ]
  )

 --------------------------------
  Geometry optimization finished 
 --------------------------------
 Saving results in set 'opt'

 --------------------------------------------------------------------------------
                                 command: hessian                                
 --------------------------------------------------------------------------------

WARNING: semianalytic method is specified for dft hessian, which is not efficient. Try switching to 'method = analytic'


 -------------------------------
  Numerical Geometrical Hessian 
 -------------------------------

 Compute hessian using two-point central differentiation.
 Step size (bohr):                       0.0100

 Frequencies (including translational and rotational modes):
 mode    frequency (cm-1)
    0                0.08 i (imaginary)
    1                0.06 i (imaginary)
    2                0.02 i (imaginary)
    3               14.43
    4               15.90
    5               36.51
    6              341.90
    7              740.34
    8              789.46

 Project out translational and rotational motions 

 Degrees of freedom for translational and rotational motions: 6

 Vibrational frequencies:
 mode    frequency (cm-1)
    0              341.90
    1              740.34
    2              789.46

 --------------------------------------------------------------------------------

 End time:                               Tue Apr 27 13:54:53 2021
 Total wall-clock time:                 11.709 seconds
==================================================================================
