
================================================================================
          _____________ ________ _______________ ________     _________         
         / ___________// ______ \\_____   _____// ______ \   / ________)        
        / /_________  / /      \ \     | |     / /      \ \ | (_______          
       |  __________|| |        | |    | |    | |        | | \________ \        
        \ \_________ | |        | |    | |     \ \______/ /___________) |       
         \__________||_|        |_|    |_|      \________//____________/        
                                                                                
====================================[ Qcore ]===================================

 Git hash:   15a3e7daff0cda5fa9af010ccd19a80288182ecf
 Git date:   Fri, 16 Apr 2021 15:57:16 +0100
 Compiler:   GNU 9.1.0
 Build type: Release
 Version:    1.1.0

 Start time: Tue Apr 27 13:55:07 2021

 Data directory: /work/zw18965/.local/qcore/share/entos/1.1.0/data
 Number of threads: 24
 Number of threads was determined by: command line argument
  - More threads can be used by running 'qcore -n 32'

 --------------------------------------------------------------------------------
                                command: optimize                                
 --------------------------------------------------------------------------------
 Using coordinate system:                tric
 Hessian update scheme:                  bfgs

 ------------------------------------------------------------------------------------------------------------
                   energy      change    grad rms    grad max    step rms    step max       trust    time (s)
 ------------------------------------------------------------------------------------------------------------
   1      -920.075886162                3.65e-03    6.33e-03                            2.00e-01        0.38
   2      -920.075984319   -9.82e-05    3.57e-04    6.18e-04    1.40e-02    2.80e-02    2.00e-01        0.21
   3      -920.075985218   -8.99e-07    1.43e-05    2.47e-05    1.51e-03    3.03e-03    2.00e-01        0.20
   4      -920.075985219   -1.39e-09    7.69e-08    1.33e-07    5.82e-05    1.16e-04    2.00e-01        0.20
 Geometry optimization stopped:          thresholds achieved

 Final energy:                        -920.075985219

 -----------
  Final XYZ 
 -----------
2
Final structure: -920.076 hartree
Cl          -0.997126536          0.000000000         -0.000000062
Cl           0.997126536         -0.000000000          0.000000062

 Structure in entos input format:

  structure(
    xyz = [
      ['Cl' ,         -0.997126536,          0.000000000,         -0.000000062],
      ['Cl' ,          0.997126536,         -0.000000000,          0.000000062]
    ]
  )

 --------------------------------
  Geometry optimization finished 
 --------------------------------
 Saving results in set 'opt'

 --------------------------------------------------------------------------------
                                 command: hessian                                
 --------------------------------------------------------------------------------

WARNING: semianalytic method is specified for dft hessian, which is not efficient. Try switching to 'method = analytic'


 -------------------------------
  Numerical Geometrical Hessian 
 -------------------------------

 Compute hessian using two-point central differentiation.
 Step size (bohr):                       0.0100

 Frequencies (including translational and rotational modes):
 mode    frequency (cm-1)
    0                3.11 i (imaginary)
    1                3.11 i (imaginary)
    2                0.03 i (imaginary)
    3                0.01 i (imaginary)
    4                0.00
    5              563.45

 Project out translational and rotational motions 

 The molecule is linear

 Degrees of freedom for translational and rotational motions: 5

 Vibrational frequencies:
 mode    frequency (cm-1)
    0              563.45

 --------------------------------------------------------------------------------

 End time:                               Tue Apr 27 13:55:11 2021
 Total wall-clock time:                  3.854 seconds
==================================================================================
