
================================================================================
          _____________ ________ _______________ ________     _________         
         / ___________// ______ \\_____   _____// ______ \   / ________)        
        / /_________  / /      \ \     | |     / /      \ \ | (_______          
       |  __________|| |        | |    | |    | |        | | \________ \        
        \ \_________ | |        | |    | |     \ \______/ /___________) |       
         \__________||_|        |_|    |_|      \________//____________/        
                                                                                
====================================[ Qcore ]===================================

 Git hash:   15a3e7daff0cda5fa9af010ccd19a80288182ecf
 Git date:   Fri, 16 Apr 2021 15:57:16 +0100
 Compiler:   GNU 9.1.0
 Build type: Release
 Version:    1.1.0

 Start time: Tue Apr 27 13:55:22 2021

 Data directory: /work/zw18965/.local/qcore/share/entos/1.1.0/data
 Number of threads: 24
 Number of threads was determined by: command line argument
  - More threads can be used by running 'qcore -n 32'

 --------------------------------------------------------------------------------
                                command: optimize                                
 --------------------------------------------------------------------------------
 Using coordinate system:                tric
 Hessian update scheme:                  bfgs

 ------------------------------------------------------------------------------------------------------------
                   energy      change    grad rms    grad max    step rms    step max       trust    time (s)
 ------------------------------------------------------------------------------------------------------------
   1      -188.412613193                2.58e-02    5.47e-02                            2.00e-01        0.43
   2      -188.414943546   -2.33e-03    5.91e-04    1.25e-03    3.49e-02    4.27e-02    2.00e-01        0.23
   3      -188.414944901   -1.36e-06    4.58e-05    9.74e-05    8.18e-04    1.00e-03    2.00e-01        0.21
   4      -188.414944907   -5.90e-09    7.27e-07    1.78e-06    6.87e-05    8.44e-05    2.00e-01        0.21
 Geometry optimization stopped:          thresholds achieved

 Final energy:                        -188.414944907

 -----------
  Final XYZ 
 -----------
3
Final structure: -188.415 hartree
O           -1.163631499         -0.000000012         -0.000000046
O            1.163631414          0.000000016          0.000000049
C            0.000000085         -0.000000003         -0.000000004

 Structure in entos input format:

  structure(
    xyz = [
      ['O'  ,         -1.163631499,         -0.000000012,         -0.000000046],
      ['O'  ,          1.163631414,          0.000000016,          0.000000049],
      ['C'  ,          0.000000085,         -0.000000003,         -0.000000004]
    ]
  )

 --------------------------------
  Geometry optimization finished 
 --------------------------------
 Saving results in set 'opt'

 --------------------------------------------------------------------------------
                                 command: hessian                                
 --------------------------------------------------------------------------------

WARNING: semianalytic method is specified for dft hessian, which is not efficient. Try switching to 'method = analytic'


 -------------------------------
  Numerical Geometrical Hessian 
 -------------------------------

 Compute hessian using two-point central differentiation.
 Step size (bohr):                       0.0100

 Frequencies (including translational and rotational modes):
 mode    frequency (cm-1)
    0               16.07 i (imaginary)
    1               16.07 i (imaginary)
    2                0.03 i (imaginary)
    3                0.01
    4                0.01
    5              679.05
    6              679.05
    7             1379.26
    8             2436.56

 Project out translational and rotational motions 

 Degrees of freedom for translational and rotational motions: 6

 Vibrational frequencies:
 mode    frequency (cm-1)
    0              679.05
    1             1379.26
    2             2436.56

 --------------------------------------------------------------------------------

 End time:                               Tue Apr 27 13:55:28 2021
 Total wall-clock time:                  5.544 seconds
==================================================================================
