
================================================================================
          _____________ ________ _______________ ________     _________         
         / ___________// ______ \\_____   _____// ______ \   / ________)        
        / /_________  / /      \ \     | |     / /      \ \ | (_______          
       |  __________|| |        | |    | |    | |        | | \________ \        
        \ \_________ | |        | |    | |     \ \______/ /___________) |       
         \__________||_|        |_|    |_|      \________//____________/        
                                                                                
====================================[ Qcore ]===================================

 Git hash:   15a3e7daff0cda5fa9af010ccd19a80288182ecf
 Git date:   Fri, 16 Apr 2021 15:57:16 +0100
 Compiler:   GNU 9.1.0
 Build type: Release
 Version:    1.1.0

 Start time: Tue Apr 27 13:55:43 2021

 Data directory: /work/zw18965/.local/qcore/share/entos/1.1.0/data
 Number of threads: 24
 Number of threads was determined by: command line argument
  - More threads can be used by running 'qcore -n 32'

 --------------------------------------------------------------------------------
                                command: optimize                                
 --------------------------------------------------------------------------------
 Using coordinate system:                tric
 Hessian update scheme:                  bfgs

 ------------------------------------------------------------------------------------------------------------
                   energy      change    grad rms    grad max    step rms    step max       trust    time (s)
 ------------------------------------------------------------------------------------------------------------
   1      -199.345312107                1.74e-03    3.01e-03                            2.00e-01        0.25
Rejecting step due to low quality: Quality: -12.7834 New trust radius: 0.030103
   2      -199.342995263    2.32e-03    1.74e-03    3.01e-03    6.02e-02    6.02e-02    3.01e-02        0.14
Rejecting step due to low quality: Quality: -3.91201 New trust radius: 0.0150515
   3      -199.344780352    5.32e-04    1.74e-03    3.01e-03    3.01e-02    3.01e-02    1.51e-02        0.12
Rejecting step due to low quality: Quality: -1.17778 New trust radius: 0.00752576
   4      -199.345218719    9.34e-05    1.74e-03    3.01e-03    1.51e-02    1.51e-02    7.53e-03        0.12
   5      -199.345310668    1.44e-06    1.82e-03    3.15e-03    7.53e-03    7.53e-03    3.76e-03        0.12
   6      -199.345322981   -1.23e-05    6.23e-05    1.08e-04    3.76e-03    3.76e-03    5.32e-03        0.12
   7      -199.345323000   -1.83e-08    7.61e-07    1.32e-06    1.33e-04    1.33e-04    5.32e-03        0.12
 Geometry optimization stopped:          thresholds achieved

 Final energy:                        -199.345323000

 -----------
  Final XYZ 
 -----------
2
Final structure: -199.345 hartree
F           -0.000000044         -0.000000083         -0.691682922
F            0.000000044          0.000000083          0.691682922

 Structure in entos input format:

  structure(
    xyz = [
      ['F'  ,         -0.000000044,         -0.000000083,         -0.691682922],
      ['F'  ,          0.000000044,          0.000000083,          0.691682922]
    ]
  )

 --------------------------------
  Geometry optimization finished 
 --------------------------------
 Saving results in set 'opt'

 --------------------------------------------------------------------------------
                                 command: hessian                                
 --------------------------------------------------------------------------------

WARNING: semianalytic method is specified for dft hessian, which is not efficient. Try switching to 'method = analytic'


 -------------------------------
  Numerical Geometrical Hessian 
 -------------------------------

 Compute hessian using two-point central differentiation.
 Step size (bohr):                       0.0100

 Frequencies (including translational and rotational modes):
 mode    frequency (cm-1)
    0               11.67 i (imaginary)
    1               11.67 i (imaginary)
    2                0.01 i (imaginary)
    3                0.00
    4                0.06
    5             1067.60

 Project out translational and rotational motions 

 The molecule is linear

 Degrees of freedom for translational and rotational motions: 5

 Vibrational frequencies:
 mode    frequency (cm-1)
    0             1067.60

 --------------------------------------------------------------------------------

 End time:                               Tue Apr 27 13:55:46 2021
 Total wall-clock time:                  2.642 seconds
==================================================================================
