
================================================================================
          _____________ ________ _______________ ________     _________         
         / ___________// ______ \\_____   _____// ______ \   / ________)        
        / /_________  / /      \ \     | |     / /      \ \ | (_______          
       |  __________|| |        | |    | |    | |        | | \________ \        
        \ \_________ | |        | |    | |     \ \______/ /___________) |       
         \__________||_|        |_|    |_|      \________//____________/        
                                                                                
====================================[ Qcore ]===================================

 Git hash:   15a3e7daff0cda5fa9af010ccd19a80288182ecf
 Git date:   Fri, 16 Apr 2021 15:57:16 +0100
 Compiler:   GNU 9.1.0
 Build type: Release
 Version:    1.1.0

 Start time: Tue Apr 27 13:56:03 2021

 Data directory: /work/zw18965/.local/qcore/share/entos/1.1.0/data
 Number of threads: 24
 Number of threads was determined by: command line argument
  - More threads can be used by running 'qcore -n 32'

 --------------------------------------------------------------------------------
                                command: optimize                                
 --------------------------------------------------------------------------------
 Using coordinate system:                tric
 Hessian update scheme:                  bfgs

 ------------------------------------------------------------------------------------------------------------
                   energy      change    grad rms    grad max    step rms    step max       trust    time (s)
 ------------------------------------------------------------------------------------------------------------
   1       -76.360054320                3.58e-03    6.48e-03                            2.00e-01        0.30
   2       -76.360164640   -1.10e-04    2.00e-03    3.61e-03    9.31e-03    1.83e-02    2.00e-01        0.13
   3       -76.360225425   -6.08e-05    1.01e-04    1.58e-04    1.47e-02    2.80e-02    2.00e-01        0.14
   4       -76.360225472   -4.75e-08    1.72e-05    2.78e-05    1.87e-04    3.44e-04    2.00e-01        0.12
 Geometry optimization stopped:          thresholds achieved

 Final energy:                         -76.360225472

 -----------
  Final XYZ 
 -----------
3
Final structure: -76.3602 hartree
O            0.003978125          0.002818684         -0.002122031
H            0.275882191          0.889083736          0.253549168
H            0.604339678         -0.237302420         -0.713927136

 Structure in entos input format:

  structure(
    xyz = [
      ['O'  ,          0.003978125,          0.002818684,         -0.002122031],
      ['H'  ,          0.275882191,          0.889083736,          0.253549168],
      ['H'  ,          0.604339678,         -0.237302420,         -0.713927136]
    ]
  )

 --------------------------------
  Geometry optimization finished 
 --------------------------------
 Saving results in set 'opt'

 --------------------------------------------------------------------------------
                                 command: hessian                                
 --------------------------------------------------------------------------------

WARNING: semianalytic method is specified for dft hessian, which is not efficient. Try switching to 'method = analytic'


 -------------------------------
  Numerical Geometrical Hessian 
 -------------------------------

 Compute hessian using two-point central differentiation.
 Step size (bohr):                       0.0100

 Frequencies (including translational and rotational modes):
 mode    frequency (cm-1)
    0               29.51 i (imaginary)
    1               14.02 i (imaginary)
    2                0.02 i (imaginary)
    3                0.43
    4                1.43
    5               14.33
    6             1628.51
    7             3852.95
    8             3965.82

 Project out translational and rotational motions 

 Degrees of freedom for translational and rotational motions: 6

 Vibrational frequencies:
 mode    frequency (cm-1)
    0             1628.51
    1             3852.95
    2             3965.82

 --------------------------------------------------------------------------------

 End time:                               Tue Apr 27 13:56:06 2021
 Total wall-clock time:                  3.433 seconds
==================================================================================
