
================================================================================
          _____________ ________ _______________ ________     _________         
         / ___________// ______ \\_____   _____// ______ \   / ________)        
        / /_________  / /      \ \     | |     / /      \ \ | (_______          
       |  __________|| |        | |    | |    | |        | | \________ \        
        \ \_________ | |        | |    | |     \ \______/ /___________) |       
         \__________||_|        |_|    |_|      \________//____________/        
                                                                                
====================================[ Qcore ]===================================

 Git hash:   15a3e7daff0cda5fa9af010ccd19a80288182ecf
 Git date:   Fri, 16 Apr 2021 15:57:16 +0100
 Compiler:   GNU 9.1.0
 Build type: Release
 Version:    1.1.0

 Start time: Tue Apr 27 13:56:21 2021

 Data directory: /work/zw18965/.local/qcore/share/entos/1.1.0/data
 Number of threads: 24
 Number of threads was determined by: command line argument
  - More threads can be used by running 'qcore -n 32'

 --------------------------------------------------------------------------------
                                command: optimize                                
 --------------------------------------------------------------------------------
 Using coordinate system:                tric
 Hessian update scheme:                  bfgs

 ------------------------------------------------------------------------------------------------------------
                   energy      change    grad rms    grad max    step rms    step max       trust    time (s)
 ------------------------------------------------------------------------------------------------------------
   1      -130.354762454                5.26e-03    1.12e-02                            2.00e-01        0.41
   2      -130.354901069   -1.39e-04    6.80e-04    1.19e-03    1.39e-02    1.82e-02    2.00e-01        0.17
   3      -130.354903703   -2.63e-06    2.04e-04    3.50e-04    1.39e-03    2.39e-03    2.00e-01        0.17
   4      -130.354904021   -3.18e-07    3.18e-05    7.21e-05    5.36e-04    1.25e-03    2.00e-01        0.17
   5      -130.354904047   -2.63e-08    1.32e-05    2.46e-05    1.62e-04    2.07e-04    2.00e-01        0.15
 Geometry optimization stopped:          thresholds achieved

 Final energy:                        -130.354904047

 -----------
  Final XYZ 
 -----------
3
Final structure: -130.355 hartree
N           -0.066786816          0.436428224          0.000000019
O            0.952418281         -0.191511673         -0.000000045
H           -0.885631459         -0.244916551          0.000000026

 Structure in entos input format:

  structure(
    xyz = [
      ['N'  ,         -0.066786816,          0.436428224,          0.000000019],
      ['O'  ,          0.952418281,         -0.191511673,         -0.000000045],
      ['H'  ,         -0.885631459,         -0.244916551,          0.000000026]
    ]
  )

 --------------------------------
  Geometry optimization finished 
 --------------------------------
 Saving results in set 'opt'

 --------------------------------------------------------------------------------
                                 command: hessian                                
 --------------------------------------------------------------------------------

WARNING: semianalytic method is specified for dft hessian, which is not efficient. Try switching to 'method = analytic'


 -------------------------------
  Numerical Geometrical Hessian 
 -------------------------------

 Compute hessian using two-point central differentiation.
 Step size (bohr):                       0.0100

 Frequencies (including translational and rotational modes):
 mode    frequency (cm-1)
    0               14.42 i (imaginary)
    1                0.92 i (imaginary)
    2                0.01 i (imaginary)
    3                0.28
    4               12.54
    5               28.92
    6             1564.95
    7             1734.42
    8             2904.34

 Project out translational and rotational motions 

 Degrees of freedom for translational and rotational motions: 6

 Vibrational frequencies:
 mode    frequency (cm-1)
    0             1564.95
    1             1734.42
    2             2904.34

 --------------------------------------------------------------------------------

 End time:                               Tue Apr 27 13:56:26 2021
 Total wall-clock time:                  4.624 seconds
==================================================================================
