
================================================================================
          _____________ ________ _______________ ________     _________         
         / ___________// ______ \\_____   _____// ______ \   / ________)        
        / /_________  / /      \ \     | |     / /      \ \ | (_______          
       |  __________|| |        | |    | |    | |        | | \________ \        
        \ \_________ | |        | |    | |     \ \______/ /___________) |       
         \__________||_|        |_|    |_|      \________//____________/        
                                                                                
====================================[ Qcore ]===================================

 Git hash:   15a3e7daff0cda5fa9af010ccd19a80288182ecf
 Git date:   Fri, 16 Apr 2021 15:57:16 +0100
 Compiler:   GNU 9.1.0
 Build type: Release
 Version:    1.1.0

 Start time: Tue Apr 27 13:56:26 2021

 Data directory: /work/zw18965/.local/qcore/share/entos/1.1.0/data
 Number of threads: 24
 Number of threads was determined by: command line argument
  - More threads can be used by running 'qcore -n 32'

 --------------------------------------------------------------------------------
                                command: optimize                                
 --------------------------------------------------------------------------------
 Using coordinate system:                tric
 Hessian update scheme:                  bfgs

 ------------------------------------------------------------------------------------------------------------
                   energy      change    grad rms    grad max    step rms    step max       trust    time (s)
 ------------------------------------------------------------------------------------------------------------
   1      -535.748633426                4.46e-03    9.25e-03                            2.00e-01        0.51
   2      -535.749026525   -3.93e-04    1.85e-03    3.93e-03    2.84e-02    3.96e-02    2.00e-01        0.26
   3      -535.749111998   -8.55e-05    8.20e-04    1.75e-03    2.03e-02    2.90e-02    2.00e-01        0.24
   4      -535.749117418   -5.42e-06    5.10e-04    1.07e-03    1.20e-03    6.37e-03    2.00e-01        0.23
   5      -535.749126136   -8.72e-06    3.37e-04    6.68e-04    2.89e-03    2.51e-02    2.00e-01        0.24
   6      -535.749129690   -3.55e-06    5.29e-04    1.06e-03    7.19e-04    1.67e-02    2.00e-01        0.24
   7      -535.749139720   -1.00e-05    1.37e-03    2.83e-03    3.19e-03    1.29e-01    2.00e-01        0.27
   8      -535.749148799   -9.08e-06    7.34e-04    1.48e-03    2.25e-03    4.06e-02    2.00e-01        0.24
   9      -535.749154510   -5.71e-06    3.16e-04    6.23e-04    1.45e-03    1.48e-02    2.00e-01        0.23
  10      -535.749156682   -2.17e-06    1.33e-05    2.61e-05    1.13e-03    2.60e-02    2.00e-01        0.24
Rejecting step due to low quality: Quality: -2.45021 New trust radius: 1.28333e-05
  11      -535.749156677    4.85e-09    1.33e-05    2.61e-05    2.57e-05    8.01e-04    1.28e-05        0.23
 Geometry optimization stopped:          thresholds achieved

 Final energy:                        -535.749156677

 -----------
  Final XYZ 
 -----------
3
Final structure: -535.749 hartree
O           -0.394571337          0.427981095         -0.000000135
Cl           1.243643484         -0.001478265         -0.000000360
H           -0.849072155         -0.426502824          0.000000495

 Structure in entos input format:

  structure(
    xyz = [
      ['O'  ,         -0.394571337,          0.427981095,         -0.000000135],
      ['Cl' ,          1.243643484,         -0.001478265,         -0.000000360],
      ['H'  ,         -0.849072155,         -0.426502824,          0.000000495]
    ]
  )

 --------------------------------
  Geometry optimization finished 
 --------------------------------
 Saving results in set 'opt'

 --------------------------------------------------------------------------------
                                 command: hessian                                
 --------------------------------------------------------------------------------

WARNING: semianalytic method is specified for dft hessian, which is not efficient. Try switching to 'method = analytic'


 -------------------------------
  Numerical Geometrical Hessian 
 -------------------------------

 Compute hessian using two-point central differentiation.
 Step size (bohr):                       0.0100

 Frequencies (including translational and rotational modes):
 mode    frequency (cm-1)
    0               29.32 i (imaginary)
    1                0.05 i (imaginary)
    2                0.01 i (imaginary)
    3                0.02
    4               50.32
    5               70.57
    6              776.44
    7             1267.12
    8             3812.76

 Project out translational and rotational motions 

 Degrees of freedom for translational and rotational motions: 6

 Vibrational frequencies:
 mode    frequency (cm-1)
    0              776.44
    1             1267.12
    2             3812.76

 --------------------------------------------------------------------------------

 End time:                               Tue Apr 27 13:56:33 2021
 Total wall-clock time:                  7.652 seconds
==================================================================================
