
================================================================================
          _____________ ________ _______________ ________     _________         
         / ___________// ______ \\_____   _____// ______ \   / ________)        
        / /_________  / /      \ \     | |     / /      \ \ | (_______          
       |  __________|| |        | |    | |    | |        | | \________ \        
        \ \_________ | |        | |    | |     \ \______/ /___________) |       
         \__________||_|        |_|    |_|      \________//____________/        
                                                                                
====================================[ Qcore ]===================================

 Git hash:   15a3e7daff0cda5fa9af010ccd19a80288182ecf
 Git date:   Fri, 16 Apr 2021 15:57:16 +0100
 Compiler:   GNU 9.1.0
 Build type: Release
 Version:    1.1.0

 Start time: Tue Apr 27 13:56:36 2021

 Data directory: /work/zw18965/.local/qcore/share/entos/1.1.0/data
 Number of threads: 24
 Number of threads was determined by: command line argument
  - More threads can be used by running 'qcore -n 32'

 --------------------------------------------------------------------------------
                                command: optimize                                
 --------------------------------------------------------------------------------
 Using coordinate system:                tric
 Hessian update scheme:                  bfgs

 ------------------------------------------------------------------------------------------------------------
                   energy      change    grad rms    grad max    step rms    step max       trust    time (s)
 ------------------------------------------------------------------------------------------------------------
   1       -56.500054965                3.99e-03    1.04e-02                            2.00e-01        0.35
   2       -56.500253447   -1.98e-04    2.11e-03    6.05e-03    1.07e-02    1.28e-02    2.00e-01        0.18
   3       -56.500382282   -1.29e-04    3.45e-04    6.87e-04    2.04e-02    2.47e-02    2.00e-01        0.18
   4       -56.500384976   -2.69e-06    1.32e-04    2.44e-04    2.66e-03    2.69e-03    2.00e-01        0.17
   5       -56.500385220   -2.43e-07    6.16e-06    1.37e-05    7.06e-04    5.10e-04    2.00e-01        0.17
 Geometry optimization stopped:          thresholds achieved

 Final energy:                         -56.500385220

 -----------
  Final XYZ 
 -----------
4
Final structure: -56.5004 hartree
N           -0.002692164         -0.000593228          0.290404610
H           -0.519989562         -0.782760777         -0.103226635
H           -0.416694794          0.842814842         -0.098940786
H            0.939376519         -0.059460837         -0.088237189

 Structure in entos input format:

  structure(
    xyz = [
      ['N'  ,         -0.002692164,         -0.000593228,          0.290404610],
      ['H'  ,         -0.519989562,         -0.782760777,         -0.103226635],
      ['H'  ,         -0.416694794,          0.842814842,         -0.098940786],
      ['H'  ,          0.939376519,         -0.059460837,         -0.088237189]
    ]
  )

 --------------------------------
  Geometry optimization finished 
 --------------------------------
 Saving results in set 'opt'

 --------------------------------------------------------------------------------
                                 command: hessian                                
 --------------------------------------------------------------------------------

WARNING: semianalytic method is specified for dft hessian, which is not efficient. Try switching to 'method = analytic'


 -------------------------------
  Numerical Geometrical Hessian 
 -------------------------------

 Compute hessian using two-point central differentiation.
 Step size (bohr):                       0.0100

 Frequencies (including translational and rotational modes):
 mode    frequency (cm-1)
    0               34.13 i (imaginary)
    1               21.48 i (imaginary)
    2               15.31 i (imaginary)
    3                0.01 i (imaginary)
    4                0.39
    5                0.72
    6             1032.95
    7             1641.43
    8             1641.57
    9             3495.07
   10             3632.34
   11             3632.44

 Project out translational and rotational motions 

 Degrees of freedom for translational and rotational motions: 6

 Vibrational frequencies:
 mode    frequency (cm-1)
    0             1032.95
    1             1641.43
    2             1641.57
    3             3495.07
    4             3632.34
    5             3632.44

 --------------------------------------------------------------------------------

 End time:                               Tue Apr 27 13:56:41 2021
 Total wall-clock time:                  5.480 seconds
==================================================================================
