
================================================================================
          _____________ ________ _______________ ________     _________         
         / ___________// ______ \\_____   _____// ______ \   / ________)        
        / /_________  / /      \ \     | |     / /      \ \ | (_______          
       |  __________|| |        | |    | |    | |        | | \________ \        
        \ \_________ | |        | |    | |     \ \______/ /___________) |       
         \__________||_|        |_|    |_|      \________//____________/        
                                                                                
====================================[ Qcore ]===================================

 Git hash:   15a3e7daff0cda5fa9af010ccd19a80288182ecf
 Git date:   Fri, 16 Apr 2021 15:57:16 +0100
 Compiler:   GNU 9.1.0
 Build type: Release
 Version:    1.1.0

 Start time: Tue Apr 27 13:57:06 2021

 Data directory: /work/zw18965/.local/qcore/share/entos/1.1.0/data
 Number of threads: 24
 Number of threads was determined by: command line argument
  - More threads can be used by running 'qcore -n 32'

 --------------------------------------------------------------------------------
                                command: optimize                                
 --------------------------------------------------------------------------------
 Using coordinate system:                tric
 Hessian update scheme:                  bfgs

 ------------------------------------------------------------------------------------------------------------
                   energy      change    grad rms    grad max    step rms    step max       trust    time (s)
 ------------------------------------------------------------------------------------------------------------
   1      -548.351254293                7.23e-03    1.22e-02                            2.00e-01        0.58
   2      -548.351422611   -1.68e-04    3.80e-03    6.56e-03    6.73e-03    8.74e-03    2.00e-01        0.30
   3      -548.351486910   -6.43e-05    2.12e-04    5.03e-04    7.15e-03    9.49e-03    2.00e-01        0.30
   4      -548.351487103   -1.94e-07    9.78e-05    2.30e-04    2.52e-04    3.39e-04    2.00e-01        0.32
 Geometry optimization stopped:          thresholds achieved

 Final energy:                        -548.351487103

 -----------
  Final XYZ 
 -----------
3
Final structure: -548.351 hartree
S           -0.001263910          0.489434807          0.000000166
O            1.248760776         -0.241497055         -0.000000744
O           -1.247496866         -0.247937752          0.000000579

 Structure in entos input format:

  structure(
    xyz = [
      ['S'  ,         -0.001263910,          0.489434807,          0.000000166],
      ['O'  ,          1.248760776,         -0.241497055,         -0.000000744],
      ['O'  ,         -1.247496866,         -0.247937752,          0.000000579]
    ]
  )

 --------------------------------
  Geometry optimization finished 
 --------------------------------
 Saving results in set 'opt'

 --------------------------------------------------------------------------------
                                 command: hessian                                
 --------------------------------------------------------------------------------

WARNING: semianalytic method is specified for dft hessian, which is not efficient. Try switching to 'method = analytic'


 -------------------------------
  Numerical Geometrical Hessian 
 -------------------------------

 Compute hessian using two-point central differentiation.
 Step size (bohr):                       0.0100

 Frequencies (including translational and rotational modes):
 mode    frequency (cm-1)
    0               24.72 i (imaginary)
    1                0.02 i (imaginary)
    2                0.01 i (imaginary)
    3                0.13
    4               37.92
    5               56.76
    6              509.56
    7             1167.34
    8             1362.73

 Project out translational and rotational motions 

 Degrees of freedom for translational and rotational motions: 6

 Vibrational frequencies:
 mode    frequency (cm-1)
    0              509.56
    1             1167.34
    2             1362.73

 --------------------------------------------------------------------------------

 End time:                               Tue Apr 27 13:57:14 2021
 Total wall-clock time:                  7.496 seconds
==================================================================================
