
================================================================================
          _____________ ________ _______________ ________     _________         
         / ___________// ______ \\_____   _____// ______ \   / ________)        
        / /_________  / /      \ \     | |     / /      \ \ | (_______          
       |  __________|| |        | |    | |    | |        | | \________ \        
        \ \_________ | |        | |    | |     \ \______/ /___________) |       
         \__________||_|        |_|    |_|      \________//____________/        
                                                                                
====================================[ Qcore ]===================================

 Git hash:   15a3e7daff0cda5fa9af010ccd19a80288182ecf
 Git date:   Fri, 16 Apr 2021 15:57:16 +0100
 Compiler:   GNU 9.1.0
 Build type: Release
 Version:    1.1.0

 Start time: Sun May  9 16:28:30 2021

 Data directory: /work/zw18965/.local/qcore/share/entos/1.1.0/data
 Number of threads: 24
 Number of threads was determined by: command line argument
  - More threads can be used by running 'qcore -n 32'

 --------------------------------------------------------------------------------
                                command: optimize                                
 --------------------------------------------------------------------------------
 Using coordinate system:                tric
 Hessian update scheme:                  bfgs

 ------------------------------------------------------------------------------------------------------------
                   energy      change    grad rms    grad max    step rms    step max       trust    time (s)
 ------------------------------------------------------------------------------------------------------------
   1      -958.328304444                1.69e-02    4.06e-02                            2.00e-01        0.95
   2      -958.332243340   -3.94e-03    1.05e-02    2.16e-02    1.08e-01    1.22e-01    2.00e-01        0.63
   3      -958.333170405   -9.27e-04    5.62e-03    9.19e-03    3.55e-02    4.11e-02    2.00e-01        0.67
   4      -958.333555536   -3.85e-04    1.32e-03    2.61e-03    2.17e-02    3.31e-02    2.00e-01        0.66
   5      -958.333588707   -3.32e-05    1.04e-04    2.27e-04    9.79e-03    9.21e-03    2.00e-01        0.66
   6      -958.333589194   -4.87e-07    1.85e-05    4.12e-05    1.23e-03    1.88e-03    2.00e-01        0.58
   7      -958.333589356   -1.62e-07    3.03e-05    6.17e-05    3.33e-04    2.48e-03    2.00e-01        0.59
   8      -958.333590259   -9.03e-07    1.03e-04    2.09e-04    1.06e-03    1.67e-02    2.00e-01        0.63
   9      -958.333591356   -1.10e-06    1.44e-04    3.01e-04    5.84e-04    2.64e-02    2.00e-01        0.62
  10      -958.333592449   -1.09e-06    1.16e-04    2.51e-04    3.61e-04    3.17e-02    2.00e-01        0.62
  11      -958.333592886   -4.37e-07    4.37e-05    9.94e-05    9.91e-04    1.15e-02    2.00e-01        0.62
  12      -958.333592955   -6.96e-08    1.18e-05    2.65e-05    5.10e-04    1.29e-03    2.00e-01        0.59
Rejecting step due to low quality: Quality: -28.5842 New trust radius: 2.01505e-05
  13      -958.333592923    3.27e-08    1.18e-05    2.65e-05    4.03e-05    9.19e-04    2.02e-05        0.58
  14      -958.333592940    1.54e-08    1.01e-05    2.30e-05    2.02e-05    4.59e-04    1.01e-05        0.54
  15      -958.333592936    4.17e-09    8.82e-06    2.01e-05    1.01e-05    2.50e-04    5.04e-06        0.54
  16      -958.333592943   -6.80e-09    7.86e-06    1.78e-05    5.04e-06    9.25e-05    7.12e-06        0.52
  17      -958.333592939    3.29e-09    6.68e-06    1.52e-05    7.12e-06    1.41e-05    3.56e-06        0.50
  18      -958.333592940   -3.30e-10    5.99e-06    1.36e-05    3.56e-06    4.01e-05    5.04e-06        0.53
 Geometry optimization stopped:          thresholds achieved

 Final energy:                        -958.333592940

 -----------
  Final XYZ 
 -----------
3
Final structure: -958.334 hartree
C            0.000003207         -0.034415827          0.022979735
Cl           0.000005020          0.958772210         -1.386875027
Cl          -0.000008226          0.958964218          1.432624749

 Structure in entos input format:

  structure(
    xyz = [
      ['C'  ,          0.000003207,         -0.034415827,          0.022979735],
      ['Cl' ,          0.000005020,          0.958772210,         -1.386875027],
      ['Cl' ,         -0.000008226,          0.958964218,          1.432624749]
    ]
  )

 --------------------------------
  Geometry optimization finished 
 --------------------------------
 Saving results in set 'opt'

 --------------------------------------------------------------------------------
                                 command: hessian                                
 --------------------------------------------------------------------------------

WARNING: semianalytic method is specified for dft hessian, which is not efficient. Try switching to 'method = analytic'


 -------------------------------
  Numerical Geometrical Hessian 
 -------------------------------

 Compute hessian using two-point central differentiation.
 Step size (bohr):                       0.0100

 Frequencies (including translational and rotational modes):
 mode    frequency (cm-1)
    0                0.05 i (imaginary)
    1                0.05 i (imaginary)
    2                0.00
    3               16.82
    4               17.00
    5               45.91
    6              331.72
    7              705.09
    8              730.15

 Project out translational and rotational motions 

 Degrees of freedom for translational and rotational motions: 6

 Vibrational frequencies:
 mode    frequency (cm-1)
    0              331.72
    1              705.09
    2              730.15

 --------------------------------------------------------------------------------

 End time:                               Sun May  9 16:28:53 2021
 Total wall-clock time:                 23.087 seconds
==================================================================================
