
================================================================================
          _____________ ________ _______________ ________     _________         
         / ___________// ______ \\_____   _____// ______ \   / ________)        
        / /_________  / /      \ \     | |     / /      \ \ | (_______          
       |  __________|| |        | |    | |    | |        | | \________ \        
        \ \_________ | |        | |    | |     \ \______/ /___________) |       
         \__________||_|        |_|    |_|      \________//____________/        
                                                                                
====================================[ Qcore ]===================================

 Git hash:   15a3e7daff0cda5fa9af010ccd19a80288182ecf
 Git date:   Fri, 16 Apr 2021 15:57:16 +0100
 Compiler:   GNU 9.1.0
 Build type: Release
 Version:    1.1.0

 Start time: Sun May  9 16:28:53 2021

 Data directory: /work/zw18965/.local/qcore/share/entos/1.1.0/data
 Number of threads: 24
 Number of threads was determined by: command line argument
  - More threads can be used by running 'qcore -n 32'

 --------------------------------------------------------------------------------
                                command: optimize                                
 --------------------------------------------------------------------------------
 Using coordinate system:                tric
 Hessian update scheme:                  bfgs

 ------------------------------------------------------------------------------------------------------------
                   energy      change    grad rms    grad max    step rms    step max       trust    time (s)
 ------------------------------------------------------------------------------------------------------------
   1      -237.708445750                4.87e-03    1.16e-02                            2.00e-01        0.70
   2      -237.708567734   -1.22e-04    2.25e-03    4.71e-03    1.00e-02    1.50e-02    2.00e-01        0.42
   3      -237.708594808   -2.71e-05    2.76e-04    4.82e-04    4.25e-03    6.67e-03    2.00e-01        0.42
   4      -237.708595359   -5.52e-07    1.20e-05    2.54e-05    7.93e-04    9.37e-04    2.00e-01        0.40
   5      -237.708595362   -2.69e-09    4.44e-07    1.06e-06    6.17e-05    6.37e-05    2.00e-01        0.37
Rejecting step due to low quality: Quality: -963.923 New trust radius: 1e-06
   6      -237.708595360    1.91e-09    4.44e-07    1.06e-06    1.90e-06    2.74e-06    1.00e-06        0.33
 Geometry optimization stopped:          thresholds achieved

 Final energy:                        -237.708595360

 -----------
  Final XYZ 
 -----------
3
Final structure: -237.709 hartree
C           -0.000000159          0.135841432          0.000000107
F            0.000000229          0.932079077         -1.033199571
F           -0.000000070          0.932079485          1.033199464

 Structure in entos input format:

  structure(
    xyz = [
      ['C'  ,         -0.000000159,          0.135841432,          0.000000107],
      ['F'  ,          0.000000229,          0.932079077,         -1.033199571],
      ['F'  ,         -0.000000070,          0.932079485,          1.033199464]
    ]
  )

 --------------------------------
  Geometry optimization finished 
 --------------------------------
 Saving results in set 'opt'

 --------------------------------------------------------------------------------
                                 command: hessian                                
 --------------------------------------------------------------------------------

WARNING: semianalytic method is specified for dft hessian, which is not efficient. Try switching to 'method = analytic'


 -------------------------------
  Numerical Geometrical Hessian 
 -------------------------------

 Compute hessian using two-point central differentiation.
 Step size (bohr):                       0.0100

 Frequencies (including translational and rotational modes):
 mode    frequency (cm-1)
    0               58.40 i (imaginary)
    1               34.58 i (imaginary)
    2               28.36 i (imaginary)
    3                0.01
    4                0.03
    5                0.04
    6              668.66
    7             1097.60
    8             1211.45

 Project out translational and rotational motions 

 Degrees of freedom for translational and rotational motions: 6

 Vibrational frequencies:
 mode    frequency (cm-1)
    0              668.66
    1             1097.59
    2             1211.45

 --------------------------------------------------------------------------------

 End time:                               Sun May  9 16:29:04 2021
 Total wall-clock time:                 11.078 seconds
==================================================================================
