
================================================================================
          _____________ ________ _______________ ________     _________         
         / ___________// ______ \\_____   _____// ______ \   / ________)        
        / /_________  / /      \ \     | |     / /      \ \ | (_______          
       |  __________|| |        | |    | |    | |        | | \________ \        
        \ \_________ | |        | |    | |     \ \______/ /___________) |       
         \__________||_|        |_|    |_|      \________//____________/        
                                                                                
====================================[ Qcore ]===================================

 Git hash:   15a3e7daff0cda5fa9af010ccd19a80288182ecf
 Git date:   Fri, 16 Apr 2021 15:57:16 +0100
 Compiler:   GNU 9.1.0
 Build type: Release
 Version:    1.1.0

 Start time: Sun May  9 16:29:04 2021

 Data directory: /work/zw18965/.local/qcore/share/entos/1.1.0/data
 Number of threads: 24
 Number of threads was determined by: command line argument
  - More threads can be used by running 'qcore -n 32'

 --------------------------------------------------------------------------------
                                command: optimize                                
 --------------------------------------------------------------------------------
 Using coordinate system:                tric
 Hessian update scheme:                  bfgs

 ------------------------------------------------------------------------------------------------------------
                   energy      change    grad rms    grad max    step rms    step max       trust    time (s)
 ------------------------------------------------------------------------------------------------------------
   1       -40.504418866                8.72e-04    1.41e-03                            2.00e-01        0.74
   2       -40.504433772   -1.49e-05    2.40e-04    3.87e-04    3.10e-03    3.47e-03    2.00e-01        0.44
   3       -40.504435010   -1.24e-06    1.72e-06    2.49e-06    1.18e-03    1.32e-03    2.00e-01        0.42
Rejecting step due to low quality: Quality: -21.6403 New trust radius: 4.17479e-06
   4       -40.504435007    3.03e-09    1.72e-06    2.49e-06    8.35e-06    5.11e-05    4.17e-06        0.42
 Geometry optimization stopped:          thresholds achieved

 Final energy:                         -40.504435007

 -----------
  Final XYZ 
 -----------
5
Final structure: -40.5044 hartree
C           -0.000021418          0.000013582          0.000005903
H            0.552307178          0.796857795          0.494786557
H            0.680970772         -0.810638967         -0.252799415
H           -0.775548476         -0.372230543          0.666954093
H           -0.457808054          0.386098131         -0.908947232

 Structure in entos input format:

  structure(
    xyz = [
      ['C'  ,         -0.000021418,          0.000013582,          0.000005903],
      ['H'  ,          0.552307178,          0.796857795,          0.494786557],
      ['H'  ,          0.680970772,         -0.810638967,         -0.252799415],
      ['H'  ,         -0.775548476,         -0.372230543,          0.666954093],
      ['H'  ,         -0.457808054,          0.386098131,         -0.908947232]
    ]
  )

 --------------------------------
  Geometry optimization finished 
 --------------------------------
 Saving results in set 'opt'

 --------------------------------------------------------------------------------
                                 command: hessian                                
 --------------------------------------------------------------------------------

WARNING: semianalytic method is specified for dft hessian, which is not efficient. Try switching to 'method = analytic'


 -------------------------------
  Numerical Geometrical Hessian 
 -------------------------------

 Compute hessian using two-point central differentiation.
 Step size (bohr):                       0.0100

 Frequencies (including translational and rotational modes):
 mode    frequency (cm-1)
    0               33.52 i (imaginary)
    1               16.97 i (imaginary)
    2                8.74 i (imaginary)
    3                0.03
    4                0.30
    5                0.66
    6             1338.71
    7             1338.81
    8             1338.89
    9             1557.14
   10             1557.29
   11             3027.55
   12             3128.31
   13             3128.37
   14             3128.55

 Project out translational and rotational motions 

 Degrees of freedom for translational and rotational motions: 6

 Vibrational frequencies:
 mode    frequency (cm-1)
    0             1338.71
    1             1338.81
    2             1338.89
    3             1557.14
    4             1557.29
    5             3027.55
    6             3128.31
    7             3128.37
    8             3128.55

 --------------------------------------------------------------------------------

 End time:                               Sun May  9 16:29:20 2021
 Total wall-clock time:                 15.837 seconds
==================================================================================
