
================================================================================
          _____________ ________ _______________ ________     _________         
         / ___________// ______ \\_____   _____// ______ \   / ________)        
        / /_________  / /      \ \     | |     / /      \ \ | (_______          
       |  __________|| |        | |    | |    | |        | | \________ \        
        \ \_________ | |        | |    | |     \ \______/ /___________) |       
         \__________||_|        |_|    |_|      \________//____________/        
                                                                                
====================================[ Qcore ]===================================

 Git hash:   15a3e7daff0cda5fa9af010ccd19a80288182ecf
 Git date:   Fri, 16 Apr 2021 15:57:16 +0100
 Compiler:   GNU 9.1.0
 Build type: Release
 Version:    1.1.0

 Start time: Sun May  9 16:30:17 2021

 Data directory: /work/zw18965/.local/qcore/share/entos/1.1.0/data
 Number of threads: 24
 Number of threads was determined by: command line argument
  - More threads can be used by running 'qcore -n 32'

 --------------------------------------------------------------------------------
                                command: optimize                                
 --------------------------------------------------------------------------------
 Using coordinate system:                tric
 Hessian update scheme:                  bfgs

 ------------------------------------------------------------------------------------------------------------
                   energy      change    grad rms    grad max    step rms    step max       trust    time (s)
 ------------------------------------------------------------------------------------------------------------
   1      -436.181111289                9.82e-03    1.70e-02                            2.00e-01        0.63
   2      -436.181294422   -1.83e-04    4.79e-03    8.30e-03    7.25e-03    1.45e-02    2.00e-01        0.29
   3      -436.181353821   -5.94e-05    1.93e-04    3.34e-04    6.93e-03    1.39e-02    2.00e-01        0.30
   4      -436.181353940   -1.19e-07    3.93e-06    6.80e-06    2.90e-04    5.81e-04    2.00e-01        0.30
   5      -436.181353944   -3.62e-09    8.76e-09    9.14e-09    6.03e-06    1.21e-05    2.00e-01        0.26
 Geometry optimization stopped:          thresholds achieved

 Final energy:                        -436.181353944

 -----------
  Final XYZ 
 -----------
2
Final structure: -436.181 hartree
C           -0.000000040         -0.000000090          0.003643883
S            0.000000040          0.000000090          1.536056115

 Structure in entos input format:

  structure(
    xyz = [
      ['C'  ,         -0.000000040,         -0.000000090,          0.003643883],
      ['S'  ,          0.000000040,          0.000000090,          1.536056115]
    ]
  )

 --------------------------------
  Geometry optimization finished 
 --------------------------------
 Saving results in set 'opt'

 --------------------------------------------------------------------------------
                                 command: hessian                                
 --------------------------------------------------------------------------------

WARNING: semianalytic method is specified for dft hessian, which is not efficient. Try switching to 'method = analytic'


 -------------------------------
  Numerical Geometrical Hessian 
 -------------------------------

 Compute hessian using two-point central differentiation.
 Step size (bohr):                       0.0100

 Frequencies (including translational and rotational modes):
 mode    frequency (cm-1)
    0               12.66 i (imaginary)
    1               12.58 i (imaginary)
    2                0.00 i (imaginary)
    3                0.02
    4                0.05
    5             1304.87

 Project out translational and rotational motions 

 The molecule is linear

 Degrees of freedom for translational and rotational motions: 5

 Vibrational frequencies:
 mode    frequency (cm-1)
    0             1304.87

 --------------------------------------------------------------------------------

 End time:                               Sun May  9 16:30:23 2021
 Total wall-clock time:                  5.969 seconds
==================================================================================
