
================================================================================
          _____________ ________ _______________ ________     _________         
         / ___________// ______ \\_____   _____// ______ \   / ________)        
        / /_________  / /      \ \     | |     / /      \ \ | (_______          
       |  __________|| |        | |    | |    | |        | | \________ \        
        \ \_________ | |        | |    | |     \ \______/ /___________) |       
         \__________||_|        |_|    |_|      \________//____________/        
                                                                                
====================================[ Qcore ]===================================

 Git hash:   15a3e7daff0cda5fa9af010ccd19a80288182ecf
 Git date:   Fri, 16 Apr 2021 15:57:16 +0100
 Compiler:   GNU 9.1.0
 Build type: Release
 Version:    1.1.0

 Start time: Sun May  9 16:32:40 2021

 Data directory: /work/zw18965/.local/qcore/share/entos/1.1.0/data
 Number of threads: 24
 Number of threads was determined by: command line argument
  - More threads can be used by running 'qcore -n 32'

 --------------------------------------------------------------------------------
                                command: optimize                                
 --------------------------------------------------------------------------------
 Using coordinate system:                tric
 Hessian update scheme:                  bfgs

 ------------------------------------------------------------------------------------------------------------
                   energy      change    grad rms    grad max    step rms    step max       trust    time (s)
 ------------------------------------------------------------------------------------------------------------
   1      -130.468920663                3.83e-03    8.70e-03                            2.00e-01        0.66
   2      -130.469002699   -8.20e-05    4.06e-04    8.18e-04    1.11e-02    1.38e-02    2.00e-01        0.32
   3      -130.469003609   -9.11e-07    6.89e-05    1.23e-04    1.10e-03    1.51e-03    2.00e-01        0.32
   4      -130.469003718   -1.09e-07    2.78e-05    6.06e-05    1.41e-04    1.41e-03    2.00e-01        0.33
   5      -130.469004022   -3.04e-07    1.16e-04    2.08e-04    3.91e-04    6.33e-03    2.00e-01        0.33
   6      -130.469004337   -3.15e-07    1.94e-04    3.59e-04    2.77e-04    8.75e-03    2.00e-01        0.34
   7      -130.469005199   -8.62e-07    3.20e-04    6.15e-04    4.79e-04    2.84e-02    2.00e-01        0.34
   8      -130.469006014   -8.15e-07    3.19e-04    6.31e-04    1.20e-04    3.01e-02    2.00e-01        0.34
   9      -130.469006695   -6.81e-07    1.60e-04    3.26e-04    4.88e-04    1.77e-02    2.00e-01        0.33
  10      -130.469006895   -2.00e-07    1.41e-05    2.70e-05    5.08e-04    1.10e-03    2.00e-01        0.30
  11      -130.469006900   -4.38e-09    4.52e-06    1.02e-05    5.99e-05    1.33e-03    2.00e-01        0.30
  12      -130.469006900   -1.29e-10    1.35e-06    2.90e-06    1.25e-05    9.84e-05    2.00e-01        0.28
Rejecting step due to low quality: Quality: -30.8287 New trust radius: 1.41611e-06
  13      -130.469006900    2.67e-10    1.35e-06    2.90e-06    2.83e-06    3.99e-05    1.42e-06        0.29
 Geometry optimization stopped:          thresholds achieved

 Final energy:                        -130.469006900

 -----------
  Final XYZ 
 -----------
3
Final structure: -130.469 hartree
N           -0.041911369          0.437642138          0.000003150
O            0.940646901         -0.248064716         -0.000006999
H           -0.898735525         -0.189577422          0.000003849

 Structure in entos input format:

  structure(
    xyz = [
      ['N'  ,         -0.041911369,          0.437642138,          0.000003150],
      ['O'  ,          0.940646901,         -0.248064716,         -0.000006999],
      ['H'  ,         -0.898735525,         -0.189577422,          0.000003849]
    ]
  )

 --------------------------------
  Geometry optimization finished 
 --------------------------------
 Saving results in set 'opt'

 --------------------------------------------------------------------------------
                                 command: hessian                                
 --------------------------------------------------------------------------------

WARNING: semianalytic method is specified for dft hessian, which is not efficient. Try switching to 'method = analytic'


 -------------------------------
  Numerical Geometrical Hessian 
 -------------------------------

 Compute hessian using two-point central differentiation.
 Step size (bohr):                       0.0100

 Frequencies (including translational and rotational modes):
 mode    frequency (cm-1)
    0               37.42 i (imaginary)
    1                0.08 i (imaginary)
    2                0.04 i (imaginary)
    3                0.01 i (imaginary)
    4               34.39
    5               50.63
    6             1558.52
    7             1662.07
    8             2859.14

 Project out translational and rotational motions 

 Degrees of freedom for translational and rotational motions: 6

 Vibrational frequencies:
 mode    frequency (cm-1)
    0             1558.52
    1             1662.07
    2             2859.14

 --------------------------------------------------------------------------------

 End time:                               Sun May  9 16:32:51 2021
 Total wall-clock time:                 11.003 seconds
==================================================================================
