
================================================================================
          _____________ ________ _______________ ________     _________         
         / ___________// ______ \\_____   _____// ______ \   / ________)        
        / /_________  / /      \ \     | |     / /      \ \ | (_______          
       |  __________|| |        | |    | |    | |        | | \________ \        
        \ \_________ | |        | |    | |     \ \______/ /___________) |       
         \__________||_|        |_|    |_|      \________//____________/        
                                                                                
====================================[ Qcore ]===================================

 Git hash:   15a3e7daff0cda5fa9af010ccd19a80288182ecf
 Git date:   Fri, 16 Apr 2021 15:57:16 +0100
 Compiler:   GNU 9.1.0
 Build type: Release
 Version:    1.1.0

 Start time: Sun May  9 16:33:10 2021

 Data directory: /work/zw18965/.local/qcore/share/entos/1.1.0/data
 Number of threads: 24
 Number of threads was determined by: command line argument
  - More threads can be used by running 'qcore -n 32'

 --------------------------------------------------------------------------------
                                command: optimize                                
 --------------------------------------------------------------------------------
 Using coordinate system:                tric
 Hessian update scheme:                  bfgs

 ------------------------------------------------------------------------------------------------------------
                   energy      change    grad rms    grad max    step rms    step max       trust    time (s)
 ------------------------------------------------------------------------------------------------------------
   1       -56.553506318                2.29e-03    6.28e-03                            2.00e-01        0.59
   2       -56.553583688   -7.74e-05    1.33e-03    3.84e-03    7.45e-03    8.92e-03    2.00e-01        0.33
   3       -56.553636848   -5.32e-05    1.15e-04    2.21e-04    1.42e-02    1.70e-02    2.00e-01        0.34
   4       -56.553637041   -1.93e-07    3.11e-05    5.75e-05    5.74e-04    4.70e-04    2.00e-01        0.32
   5       -56.553637061   -1.97e-08    1.89e-06    4.03e-06    1.58e-04    2.96e-04    2.00e-01        0.30
Rejecting step due to low quality: Quality: -1.85415 New trust radius: 7.50066e-06
   6       -56.553637058    2.82e-09    1.89e-06    4.03e-06    1.50e-05    2.73e-04    7.50e-06        0.30
   7       -56.553637060    7.18e-10    2.94e-06    5.62e-06    7.50e-06    1.37e-04    3.75e-06        0.29
   8       -56.553637062   -2.07e-09    3.56e-06    6.73e-06    3.75e-06    1.26e-04    5.30e-06        0.27
   9       -56.553637063   -1.16e-09    4.55e-06    8.41e-06    5.30e-06    2.54e-04    5.30e-06        0.28
  10       -56.553637066   -2.79e-09    5.60e-06    1.02e-05    5.30e-06    3.72e-04    5.30e-06        0.29
  11       -56.553637073   -6.71e-09    6.63e-06    1.21e-05    5.31e-06    4.17e-04    7.50e-06        0.31
  12       -56.553637081   -7.91e-09    8.12e-06    1.50e-05    7.50e-06    6.74e-04    1.06e-05        0.30
  13       -56.553637095   -1.39e-08    1.03e-05    1.90e-05    1.06e-05    1.08e-03    1.50e-05        0.31
  14       -56.553637116   -2.10e-08    1.34e-05    2.47e-05    1.50e-05    1.65e-03    2.12e-05        0.30
  15       -56.553637138   -2.20e-08    1.77e-05    3.28e-05    2.12e-05    2.51e-03    3.00e-05        0.32
  16       -56.553637174   -3.64e-08    2.39e-05    4.42e-05    3.00e-05    3.82e-03    4.24e-05        0.31
  17       -56.553637236   -6.16e-08    3.27e-05    6.03e-05    4.24e-05    5.74e-03    6.00e-05        0.30
  18       -56.553637332   -9.63e-08    4.50e-05    8.31e-05    6.00e-05    8.67e-03    8.49e-05        0.31
  19       -56.553637453   -1.21e-07    6.25e-05    1.15e-04    8.49e-05    1.30e-02    1.20e-04        0.32
  20       -56.553637606   -1.53e-07    8.72e-05    1.61e-04    1.20e-04    2.01e-02    1.70e-04        0.33
  21       -56.553637714   -1.08e-07    1.22e-04    2.26e-04    1.70e-04    3.31e-02    2.40e-04        0.33
  22       -56.553637734   -2.04e-08    1.16e-04    2.12e-04    3.45e-05    2.81e-04    2.40e-04        0.31
  23       -56.553637872   -1.38e-07    6.59e-05    1.20e-04    2.40e-04    6.29e-03    3.39e-04        0.32
  24       -56.553637936   -6.46e-08    4.44e-06    7.43e-06    3.27e-04    9.67e-03    4.80e-04        0.33
  25       -56.553637941   -4.33e-09    4.99e-06    8.84e-06    9.88e-06    2.29e-04    4.80e-04        0.29
  26       -56.553638011   -7.05e-08    3.92e-05    8.61e-05    2.80e-04    9.83e-03    4.80e-04        0.33
  27       -56.553638094   -8.32e-08    7.01e-05    1.64e-04    2.36e-04    1.51e-02    4.80e-04        0.33
  28       -56.553638298   -2.04e-07    1.23e-04    3.00e-04    4.01e-04    4.37e-02    6.79e-04        0.32
  29       -56.553638491   -1.93e-07    1.31e-04    3.24e-04    6.98e-05    4.05e-02    6.79e-04        0.34
  30       -56.553638756   -2.64e-07    7.12e-05    1.81e-04    4.44e-04    2.21e-02    6.79e-04        0.34
  31       -56.553638858   -1.03e-07    4.88e-06    9.53e-06    5.60e-04    6.70e-03    9.60e-04        0.34
  32       -56.553638854    3.82e-09    6.68e-07    1.36e-06    2.75e-05    3.25e-03    1.37e-05        0.31
  33       -56.553638856   -2.15e-09    2.10e-07    4.29e-07    2.16e-06    3.44e-04    1.37e-05        0.30
  34       -56.553638857   -7.32e-10    7.34e-08    1.18e-07    4.69e-07    9.84e-05    1.37e-05        0.27
  35       -56.553638858   -8.67e-10    3.90e-08    1.02e-07    4.30e-07    2.13e-04    1.37e-05        0.30
  36       -56.553638858    3.85e-10    4.11e-08    6.69e-08    2.73e-07    8.38e-05    1.00e-06        0.26
  37       -56.553638855    2.18e-09    6.95e-08    1.41e-07    4.24e-07    1.09e-04    1.00e-06        0.27
  38       -56.553638853    2.49e-09    5.70e-08    1.14e-07    4.54e-07    1.18e-04    1.00e-06        0.26
  39       -56.553638857   -3.59e-09    2.96e-08    6.85e-08    1.46e-07    1.68e-04    1.00e-06        0.29
  40       -56.553638854    2.49e-09    3.27e-08    6.02e-08    1.15e-07    1.67e-04    1.00e-06        0.27
  41       -56.553638858   -3.76e-09    6.54e-08    1.16e-07    2.78e-07    1.28e-04    1.00e-06        0.27
  42       -56.553638855    2.64e-09    5.85e-08    1.27e-07    2.15e-07    1.20e-04    1.00e-06        0.27
  43       -56.553638855    1.55e-10    3.26e-08    7.08e-08    2.29e-07    1.06e-04    1.00e-06        0.28
  44       -56.553638859   -4.43e-09    3.87e-08    7.58e-08    9.42e-08    1.13e-04    1.00e-06        0.28
  45       -56.553638856    3.58e-09    5.66e-08    9.62e-08    2.55e-07    8.49e-05    1.00e-06        0.25
  46       -56.553638855    8.58e-10    8.96e-08    1.91e-07    7.77e-07    5.65e-04    1.00e-06        0.29
  47       -56.553638858   -2.77e-09    6.34e-08    1.40e-07    9.98e-07    3.56e-04    1.41e-06        0.26
  48       -56.553638856    2.02e-09    7.64e-08    1.76e-07    3.41e-07    1.08e-04    1.00e-06        0.28
  49       -56.553638857   -9.94e-10    6.04e-08    1.30e-07    5.71e-07    1.36e-04    1.00e-06        0.29
  50       -56.553638852    5.16e-09    5.30e-08    1.08e-07    5.23e-07    1.11e-04    1.00e-06        0.26
  51       -56.553638854   -2.18e-09    7.82e-08    2.09e-07    2.49e-07    1.01e-04    1.00e-06        0.27
  52       -56.553638860   -6.57e-09    3.69e-08    8.43e-08    3.28e-07    2.09e-04    1.00e-06        0.29
  53       -56.553638860    5.68e-10    3.09e-08    5.95e-08    2.23e-07    7.35e-05    1.00e-06        0.27
  54       -56.553638860    2.43e-10    3.06e-08    5.94e-08    4.21e-08    2.00e-05    1.00e-06        0.25
 Geometry optimization stopped:          thresholds achieved

 Final energy:                         -56.553638860

 -----------
  Final XYZ 
 -----------
4
Final structure: -56.5536 hartree
N            0.023662259          0.000598654          0.279270128
H           -0.475815237         -0.816713629         -0.051677343
H           -0.478577301          0.814885314         -0.054939362
H            0.930730280          0.001229661         -0.172653421

 Structure in entos input format:

  structure(
    xyz = [
      ['N'  ,          0.023662259,          0.000598654,          0.279270128],
      ['H'  ,         -0.475815237,         -0.816713629,         -0.051677343],
      ['H'  ,         -0.478577301,          0.814885314,         -0.054939362],
      ['H'  ,          0.930730280,          0.001229661,         -0.172653421]
    ]
  )

 --------------------------------
  Geometry optimization finished 
 --------------------------------
 Saving results in set 'opt'

 --------------------------------------------------------------------------------
                                 command: hessian                                
 --------------------------------------------------------------------------------

WARNING: semianalytic method is specified for dft hessian, which is not efficient. Try switching to 'method = analytic'


 -------------------------------
  Numerical Geometrical Hessian 
 -------------------------------

 Compute hessian using two-point central differentiation.
 Step size (bohr):                       0.0100

 Frequencies (including translational and rotational modes):
 mode    frequency (cm-1)
    0               14.26 i (imaginary)
    1                0.26 i (imaginary)
    2                0.01 i (imaginary)
    3                0.65
    4               41.57
    5               54.50
    6             1025.57
    7             1662.89
    8             1663.60
    9             3467.16
   10             3585.97
   11             3586.02

 Project out translational and rotational motions 

 Degrees of freedom for translational and rotational motions: 6

 Vibrational frequencies:
 mode    frequency (cm-1)
    0             1025.57
    1             1662.89
    2             1663.60
    3             3467.16
    4             3585.97
    5             3586.02

 --------------------------------------------------------------------------------

 End time:                               Sun May  9 16:33:35 2021
 Total wall-clock time:                 24.716 seconds
==================================================================================
