
================================================================================
          _____________ ________ _______________ ________     _________         
         / ___________// ______ \\_____   _____// ______ \   / ________)        
        / /_________  / /      \ \     | |     / /      \ \ | (_______          
       |  __________|| |        | |    | |    | |        | | \________ \        
        \ \_________ | |        | |    | |     \ \______/ /___________) |       
         \__________||_|        |_|    |_|      \________//____________/        
                                                                                
====================================[ Qcore ]===================================

 Git hash:   15a3e7daff0cda5fa9af010ccd19a80288182ecf
 Git date:   Fri, 16 Apr 2021 15:57:16 +0100
 Compiler:   GNU 9.1.0
 Build type: Release
 Version:    1.1.0

 Start time: Sun May  9 16:34:38 2021

 Data directory: /work/zw18965/.local/qcore/share/entos/1.1.0/data
 Number of threads: 24
 Number of threads was determined by: command line argument
  - More threads can be used by running 'qcore -n 32'

 --------------------------------------------------------------------------------
                                command: optimize                                
 --------------------------------------------------------------------------------
 Using coordinate system:                tric
 Hessian update scheme:                  bfgs

 ------------------------------------------------------------------------------------------------------------
                   energy      change    grad rms    grad max    step rms    step max       trust    time (s)
 ------------------------------------------------------------------------------------------------------------
   1      -548.607298682                1.02e-04    2.02e-04                            2.00e-01        0.90
   2      -548.607298833   -1.51e-07    7.33e-05    1.25e-04    2.43e-04    3.42e-04    2.00e-01        0.52
   3      -548.607298958   -1.25e-07    4.37e-05    8.40e-05    6.30e-04    1.33e-03    2.00e-01        0.55
   4      -548.607298979   -2.14e-08    3.14e-05    5.40e-05    8.28e-05    6.70e-04    2.00e-01        0.54
   5      -548.607299118   -1.39e-07    1.00e-04    2.42e-04    4.58e-04    6.08e-03    2.00e-01        0.54
   6      -548.607299487   -3.70e-07    3.61e-04    8.49e-04    9.45e-04    1.65e-02    2.00e-01        0.56
Rejecting step due to low quality: Quality: -103.013 New trust radius: 0.0321369
   7      -548.604893230    2.41e-03    3.61e-04    8.49e-04    6.43e-02    1.13e+00    3.21e-02        0.70
Rejecting step due to low quality: Quality: -49.8167 New trust radius: 0.0162006
   8      -548.606698267    6.01e-04    3.61e-04    8.49e-04    3.24e-02    5.67e-01    1.62e-02        0.67
Rejecting step due to low quality: Quality: -27.8009 New trust radius: 0.00820052
   9      -548.607127643    1.72e-04    3.61e-04    8.49e-04    1.64e-02    2.86e-01    8.20e-03        0.63
  10      -548.607270917    2.86e-05    2.65e-03    6.11e-03    8.32e-03    1.45e-01    4.16e-03        0.60
  11      -548.607297421   -2.65e-05    1.52e-03    3.51e-03    4.16e-03    7.19e-02    5.88e-03        0.59
  12      -548.607299014   -1.59e-06    1.24e-03    2.85e-03    1.12e-03    1.97e-02    5.88e-03        0.56
  13      -548.607299248   -2.34e-07    1.05e-03    2.43e-03    6.83e-04    1.30e-02    5.88e-03        0.55
  14      -548.607299161    8.72e-08    1.01e-03    2.34e-03    1.41e-04    3.24e-03    5.88e-03        0.56
  15      -548.607299152    8.89e-09    1.55e-03    3.57e-03    1.95e-03    4.78e-02    9.74e-04        0.58
  16      -548.607300271   -1.12e-06    1.29e-03    2.96e-03    9.74e-04    2.13e-02    1.38e-03        0.55
  17      -548.607301189   -9.18e-07    1.22e-03    2.79e-03    2.75e-04    1.76e-03    1.38e-03        0.56
  18      -548.607307419   -6.23e-06    8.25e-04    1.88e-03    1.38e-03    4.76e-03    1.95e-03        0.53
  19      -548.607316521   -9.10e-06    2.41e-04    5.28e-04    1.95e-03    3.25e-02    2.76e-03        0.56
  20      -548.607318103   -1.58e-06    8.46e-05    1.78e-04    8.71e-04    3.71e-02    2.76e-03        0.57
  21      -548.607318410   -3.07e-07    1.05e-05    2.09e-05    3.13e-04    1.10e-02    2.76e-03        0.55
  22      -548.607318408    1.34e-09    5.97e-06    1.34e-05    2.16e-05    6.93e-04    1.08e-05        0.53
  23      -548.607318413   -4.38e-09    3.16e-06    7.21e-06    1.08e-05    5.73e-05    1.52e-05        0.49
 Geometry optimization stopped:          thresholds achieved

 Final energy:                        -548.607318413

 -----------
  Final XYZ 
 -----------
3
Final structure: -548.607 hartree
S           -0.037445322          0.484203655         -0.000002444
O            1.255174306         -0.146841221          0.000432015
O           -1.217729001         -0.337362500         -0.000429571

 Structure in entos input format:

  structure(
    xyz = [
      ['S'  ,         -0.037445322,          0.484203655,         -0.000002444],
      ['O'  ,          1.255174306,         -0.146841221,          0.000432015],
      ['O'  ,         -1.217729001,         -0.337362500,         -0.000429571]
    ]
  )

 --------------------------------
  Geometry optimization finished 
 --------------------------------
 Saving results in set 'opt'

 --------------------------------------------------------------------------------
                                 command: hessian                                
 --------------------------------------------------------------------------------

WARNING: semianalytic method is specified for dft hessian, which is not efficient. Try switching to 'method = analytic'


 -------------------------------
  Numerical Geometrical Hessian 
 -------------------------------

 Compute hessian using two-point central differentiation.
 Step size (bohr):                       0.0100

 Frequencies (including translational and rotational modes):
 mode    frequency (cm-1)
    0               49.18 i (imaginary)
    1                0.02 i (imaginary)
    2                0.02 i (imaginary)
    3                0.01
    4               40.54
    5               48.26
    6              522.28
    7             1179.48
    8             1377.78

 Project out translational and rotational motions 

 Degrees of freedom for translational and rotational motions: 6

 Vibrational frequencies:
 mode    frequency (cm-1)
    0              522.28
    1             1179.48
    2             1377.78

 --------------------------------------------------------------------------------

 End time:                               Sun May  9 16:35:03 2021
 Total wall-clock time:                 24.213 seconds
==================================================================================
